 Results from RMCProfile version 6.7.9.5

 (Version 6f format configuration file)                                          

 1 experiments   3 partials

 Partial g(r)'s are printed out below

   245  3 are NR and NPAR

   r (Ang)
   0.06545     0.00000     0.00000     0.00000
   0.13090     0.00000     0.00000     0.00000
   0.19635     0.00000     0.00000     0.00000
   0.26180     0.00000     0.00000     0.00000
   0.32725     0.00000     0.00000     0.00000
   0.39271     0.00000     0.00000     0.00000
   0.45816     0.00000     0.00000     0.00000
   0.52361     0.00000     0.00000     0.00000
   0.58906     0.00000     0.00000     0.00000
   0.65451     0.00000     0.00000     0.00000
   0.71996     0.00000     0.00000     0.00000
   0.78541     0.00000     0.00000     0.00000
   0.85086     0.00000     0.00000     0.00000
   0.91631     0.00000     0.00000     0.00000
   0.98176     0.00000     0.00000     0.00000
   1.04721     0.00000     0.00000     0.00000
   1.11267     0.00000     0.00000     0.00000
   1.17812     0.00000     1.61084     0.00000
   1.24357     0.00000     0.40161     0.00000
   1.30902     0.00000     0.60410     0.00000
   1.37447     0.00000     0.89863     0.00000
   1.43992     0.00000     2.59621     0.02000
   1.50537     0.00000     3.38037     0.16469
   1.57082     0.00000     4.90020     0.18486
   1.63627     0.00000     4.22222     0.27879
   1.70172     0.00000     4.14681     0.42959
   1.76718     0.00000     4.34924     0.46476
   1.83263     0.00000     3.37835     0.60502
   1.89808     0.00000     3.63215     0.66761
   1.96353     0.00000     2.97518     0.62385
   2.02898     0.00000     1.72009     0.76558
   2.09443     0.00000     0.49089     0.89810
   2.15988     0.00000     0.07101     0.88006
   2.22533     0.00000     0.04181     0.54433
   2.29078     0.00000     0.05524     0.38723
   2.35623     0.00000     0.41025     1.53129
   2.42168     0.00000     0.00000     0.72836
   2.48714     0.00000     0.00000     0.63019
   2.55259     0.00000     0.00000     0.91016
   2.61804     0.00000     0.01208     1.57919
   2.68349     0.00000     0.09776     2.39575
   2.74894     0.00000     0.43294     2.83183
   2.81439     0.00000     0.63785     2.19902
   2.87984     0.95735     0.65912     1.42514
   2.94529     3.48950     0.51558     1.00873
   3.01074     2.11680     0.66702     0.83725
   3.07619     2.91917     0.83587     0.80639
   3.14164     3.33511     0.98182     0.97903
   3.20710     2.55709     1.03477     1.03221
   3.27255     1.23564     0.73084     0.82095
   3.33800     0.75713     0.56494     0.71463
   3.40345     0.41413     0.42544     0.75544
   3.46890     0.56360     0.42675     3.96342
   3.53435     1.11233     0.50060     0.18260
   3.59980     3.75289     0.55926     0.30403
   3.66525     0.08619     0.81383     0.38897
   3.73070     0.10696     1.02654     0.44398
   3.79615     0.35584     1.30468     0.50938
   3.86161     0.57683     1.33304     0.62019
   3.92706     0.53631     1.29435     0.64541
   3.99251     0.52924     1.23927     0.61662
   4.05796     0.44199     1.20967     0.64222
   4.12341     0.45726     1.13748     0.73176
   4.18886     0.82017     1.32171     0.86979
   4.25431     0.78599     1.49873     0.86157
   4.31976     1.15240     1.29386     0.94234
   4.38521     1.07525     1.30075     0.88854
   4.45066     0.93529     1.18333     0.99450
   4.51611     0.93271     1.15944     0.91911
   4.58157     0.97718     1.21730     0.98590
   4.64702     1.04943     1.19476     1.04859
   4.71247     1.19180     1.06483     1.03087
   4.77792     1.10865     0.96329     1.07367
   4.84337     1.04363     0.89683     1.06076
   4.90882     0.87183     0.88854     1.11700
   4.97427     1.09639     0.94565     1.14479
   5.03972     1.04856     0.88212     1.12504
   5.10517     1.09801     0.97246     1.11548
   5.17062     1.36119     0.97278     1.19135
   5.23607     1.23084     0.85496     1.12091
   5.30153     1.11824     0.94597     1.10521
   5.36698     1.32084     0.92591     1.13457
   5.43243     1.24436     0.95987     1.12988
   5.49788     1.31342     0.99469     1.07158
   5.56333     1.31476     1.02361     1.07465
   5.62878     1.17995     0.98164     0.97127
   5.69423     1.10706     0.96176     1.01558
   5.75968     1.14687     0.96125     1.03014
   5.82513     1.08712     0.99713     0.99245
   5.89058     1.04879     0.97629     1.00637
   5.95604     1.04452     0.93978     0.94346
   6.02149     0.99912     1.05652     1.01571
   6.08694     0.93311     1.01939     0.94026
   6.15239     0.87840     0.97484     0.93351
   6.21784     0.88140     1.02191     0.91717
   6.28329     0.88408     1.06787     0.96540
   6.34874     0.86595     1.01617     0.96000
   6.41419     0.97300     1.02070     0.98789
   6.47964     0.95345     1.04358     0.91370
   6.54509     0.85338     1.00542     0.95070
   6.61054     0.85928     1.01688     0.93292
   6.67600     0.96128     0.96916     0.95473
   6.74145     0.94999     1.05796     0.94815
   6.80690     0.96037     1.04665     1.00250
   6.87235     0.87562     1.01366     0.99755
   6.93780     0.79044     0.95246     1.01673
   7.00325     0.83982     1.01581     0.99020
   7.06870     0.93690     0.96227     0.98523
   7.13415     0.95879     1.02525     1.05442
   7.19960     0.88399     1.03386     1.00894
   7.26505     1.01857     0.93528     1.04113
   7.33050     0.96044     0.95180     1.02802
   7.39596     0.88908     0.98197     0.99019
   7.46141     0.98646     0.97448     1.05186
   7.52686     1.07158     0.97223     0.99998
   7.59231     1.09910     0.99003     1.04396
   7.65776     1.00422     1.00990     1.03893
   7.72321     0.89576     0.96855     0.99149
   7.78866     0.99529     0.98853     1.00566
   7.85411     1.06727     0.99025     1.04478
   7.91956     1.04179     0.99640     1.02295
   7.98501     1.01181     0.99961     1.03422
   8.05046     1.03626     0.98662     0.99955
   8.11592     0.98445     0.99907     0.99924
   8.18137     1.03549     0.99366     1.02854
   8.24682     1.00453     1.00414     0.97996
   8.31227     1.08214     0.97700     0.99400
   8.37772     1.07708     0.98717     0.98562
   8.44317     1.03028     1.03408     0.97273
   8.50862     1.13559     0.97133     1.00594
   8.57407     1.00807     1.01345     0.94833
   8.63952     0.93080     0.99926     1.03403
   8.70497     1.03255     0.99905     0.98899
   8.77043     1.01505     0.99712     0.99585
   8.83588     1.03608     1.03650     1.00293
   8.90133     1.01255     0.99675     1.03429
   8.96678     1.01840     0.98740     0.99501
   9.03223     0.96314     1.00614     0.99589
   9.09768     0.99730     1.02024     0.99865
   9.16313     0.90232     1.04074     0.98493
   9.22858     0.99057     1.02700     1.00217
   9.29403     1.05518     1.02409     1.01115
   9.35948     0.94984     1.00982     1.00606
   9.42493     1.01118     0.98419     0.96318
   9.49039     0.96973     1.03273     0.97665
   9.55584     1.02352     0.97646     1.01646
   9.62129     1.03823     1.01511     1.01074
   9.68674     1.01896     1.00277     0.99448
   9.75219     0.97576     1.01548     1.01824
   9.81764     0.97824     0.95730     0.97631
   9.88309     0.97718     1.00275     1.00843
   9.94854     0.99947     1.01972     0.99101
  10.01399     1.03263     1.00809     0.98430
  10.07944     0.95088     1.02561     0.98952
  10.14489     1.00133     1.00035     1.01911
  10.21035     1.02027     0.98280     0.98182
  10.27580     1.01828     0.96052     1.01806
  10.34125     1.01626     0.98480     0.98233
  10.40670     1.05850     1.00036     1.02209
  10.47215     1.05135     1.01622     0.98704
  10.53760     0.97427     0.97417     0.98715
  10.60305     0.99318     1.02554     0.98569
  10.66850     0.96795     0.98571     0.99732
  10.73395     1.02797     0.99313     0.98340
  10.79940     1.01271     0.98575     0.98325
  10.86486     1.01316     1.02513     1.01500
  10.93031     0.99552     0.97753     1.00705
  10.99576     0.98781     0.98545     1.00950
  11.06121     1.02077     0.98703     0.98098
  11.12666     0.97138     0.99652     1.00800
  11.19211     1.03269     0.98821     0.99128
  11.25756     1.02071     0.95682     1.04916
  11.32301     0.94573     1.04528     0.99793
  11.38846     0.96167     0.99147     1.02678
  11.45391     0.95828     0.98995     0.97145
  11.51936     0.99354     0.99996     0.99514
  11.58482     0.97988     1.01739     1.01081
  11.65027     0.93844     1.01759     1.01079
  11.71572     1.01234     1.01198     1.00376
  11.78117     0.98086     0.99152     0.99234
  11.84662     0.97359     0.99830     1.01450
  11.91207     1.01072     1.00604     0.98643
  11.97752     1.03775     0.97919     0.98146
  12.04297     1.06072     0.98657     0.98541
  12.10842     1.02108     1.03158     1.01806
  12.17387     0.97106     0.99145     0.98588
  12.23932     0.96071     1.02898     0.99613
  12.30478     0.94177     0.98579     1.01213
  12.37023     0.96534     0.99108     1.01147
  12.43568     1.02260     1.01415     0.99844
  12.50113     1.01721     0.99641     1.00712
  12.56658     1.07159     1.01569     1.00401
  12.63203     0.96306     0.98884     0.95647
  12.69748     0.96034     0.99537     0.98316
  12.76293     1.00942     1.02713     1.01842
  12.82838     1.01925     1.00460     0.99218
  12.89383     0.98803     0.98247     1.00683
  12.95928     1.02831     1.00488     1.01743
  13.02474     1.00435     0.98064     0.99182
  13.09019     1.03391     1.00059     0.99524
  13.15564     0.97682     0.99473     0.98920
  13.22109     1.02679     0.99201     1.00885
  13.28654     1.03919     0.99375     1.03136
  13.35199     0.98263     0.99263     0.98335
  13.41744     1.05576     1.00114     1.00050
  13.48289     0.96273     0.98666     1.00564
  13.54834     0.99040     0.98821     1.02735
  13.61379     0.96037     0.99705     1.00273
  13.67925     0.99806     1.03136     0.98740
  13.74470     0.99295     1.02002     0.98658
  13.81015     0.98270     0.99713     1.00573
  13.87560     0.98032     0.98323     1.01781
  13.94105     0.98220     0.98936     0.99953
  14.00650     1.03881     1.01750     1.01261
  14.07195     0.94480     0.98882     1.00112
  14.13740     1.02711     0.99875     0.99021
  14.20285     1.07179     1.01605     0.98481
  14.26830     1.03842     0.96972     0.98720
  14.33375     1.00561     1.00322     0.98911
  14.39921     0.94383     1.01070     0.99854
  14.46466     0.98670     1.00197     1.00082
  14.53011     1.01152     1.00748     0.99084
  14.59556     1.01645     1.00429     1.01936
  14.66101     0.98353     0.99091     0.99503
  14.72646     0.97023     1.00466     0.97550
  14.79191     0.99115     1.02285     0.99551
  14.85736     1.00567     0.98947     0.97999
  14.92281     1.00355     1.01113     1.01779
  14.98826     0.98965     1.01872     1.01483
  15.05371     0.98107     0.96931     0.99797
  15.11917     1.02035     0.98521     1.01094
  15.18462     1.01516     0.99434     1.00098
  15.25007     1.04345     0.98315     0.99205
  15.31552     1.02257     0.99825     1.00657
  15.38097     0.98591     1.01498     1.01398
  15.44642     0.98659     0.98054     0.99289
  15.51187     0.99065     1.00791     0.99418
  15.57732     0.94485     1.00526     1.01148
  15.64277     0.98699     1.00617     0.97947
  15.70822     1.02504     1.00603     1.01890
  15.77368     1.05777     0.99170     0.99829
  15.83913     0.97190     0.99690     1.00130
  15.90458     0.98354     0.99035     0.97537
  15.97003     1.00792     1.01634     0.99422
  16.03548     1.02930     1.00420     1.00031

PDF 1 in D(r) format
  r, PDF (RMC), PDF (Expt)
 CURVES
         245 ,           2
      0.0654509       -0.0517669       -0.0518487
      0.1309019       -0.1035338       -0.1036974
      0.1963528       -0.1553008       -0.1555461
      0.2618037       -0.2070677       -0.2073949
      0.3272547       -0.2588346       -0.2592436
      0.3927056       -0.3106015       -0.3110923
      0.4581565       -0.3623685       -0.3629410
      0.5236075       -0.4141354       -0.4147897
      0.5890584       -0.4659023       -0.4666384
      0.6545093       -0.5176692       -0.5184872
      0.7199603       -0.5694362       -0.5703359
      0.7854112       -0.6212031       -0.6221846
      0.8508621       -0.6729700       -0.6740333
      0.9163131       -0.7247369       -0.7258820
      0.9817640       -0.7765038       -0.7777307
      1.0472149       -0.8282708       -0.8295794
      1.1126659       -0.8800377       -0.8814282
      1.1781168       -0.8180689       -0.9332769
      1.2435677       -0.7734866       -0.8534496
      1.3090187       -0.5703529       -0.6131118
      1.3744696       -0.2079548       -0.2675095
      1.4399206        0.2641709        0.1694371
      1.5053715        0.7713607        0.6565243
      1.5708224        1.2386160        1.1273298
      1.6362734        1.6017403        1.5020358
      1.7017243        1.8074361        1.7065797
      1.7671752        1.8145385        1.6929626
      1.8326262        1.6043456        1.4532894
      1.8980771        1.1953449        1.0222271
      1.9635280        0.6489633        0.4671657
      2.0289790        0.0565780       -0.1297703
      2.0944299       -0.4888251       -0.6909222
      2.1598808       -0.9212473       -1.1570597
      2.2253318       -1.2147670       -1.4928737
      2.2907827       -1.3761393       -1.6848480
      2.3562336       -1.4254470       -1.7351978
      2.4216846       -1.3794236       -1.6560100
      2.4871355       -1.2471295       -1.4660184
      2.5525864       -1.0368807       -1.1899441
      2.6180374       -0.7655568       -0.8585565
      2.6834883       -0.4618037       -0.5073901
      2.7489392       -0.1611987       -0.1732126
      2.8143902        0.1022348        0.1110648
      2.8798411        0.3025198        0.3213035
      2.9452920        0.4240491        0.4451695
      3.0107430        0.4614822        0.4824624
      3.0761939        0.4196484        0.4430559
      3.1416448        0.3135206        0.3435209
      3.2070958        0.1661383        0.2036099
      3.2725467        0.0031261        0.0433831
      3.3379976       -0.1543774       -0.1187926
      3.4034486       -0.2942587       -0.2675069
      3.4688995       -0.4125030       -0.3910444
      3.5343504       -0.5079152       -0.4817000
      3.5998014       -0.5769977       -0.5356468
      3.6652523       -0.6131510       -0.5523286
      3.7307032       -0.6104723       -0.5334799
      3.7961542       -0.5684049       -0.4820485
      3.8616051       -0.4928858       -0.4013945
      3.9270560       -0.3929474       -0.2950839
      3.9925070       -0.2759256       -0.1673695
      4.0579579       -0.1457205       -0.0241362
      4.1234088       -0.0057654        0.1261923
      4.1888598        0.1360235        0.2723982
      4.2543107        0.2651083        0.4013251
      4.3197617        0.3636891        0.4999057
      4.3852126        0.4177729        0.5579204
      4.4506635        0.4231487        0.5706504
      4.5161145        0.3863841        0.5404934
      4.5815654        0.3208619        0.4768946
      4.6470163        0.2413431        0.3945010
      4.7124673        0.1607748        0.3100504
      4.7779182        0.0902396        0.2389058
      4.8433691        0.0398700        0.1921862
      4.9088201        0.0180226        0.1751535
      4.9742710        0.0282985        0.1870475
      5.0397219        0.0667648        0.2221259
      5.1051729        0.1222824        0.2714185
      5.1706238        0.1805803        0.3246760
      5.2360747        0.2296694        0.3721221
      5.3015257        0.2630966        0.4057974
      5.3669766        0.2793600        0.4204222
      5.4324275        0.2789027        0.4137823
      5.4978785        0.2617702        0.3866722
      5.5633294        0.2279045        0.3424457
      5.6287803        0.1793309        0.2862556
      5.6942313        0.1216682        0.2241078
      5.7596822        0.0630541        0.1618886
      5.8251331        0.0109832        0.1045309
      5.8905841       -0.0305450        0.0554532
      5.9560350       -0.0614763        0.0163396
      6.0214859       -0.0837792       -0.0127492
      6.0869369       -0.0991232       -0.0330101
      6.1523878       -0.1081492       -0.0463926
      6.2178387       -0.1115472       -0.0550755
      6.2832897       -0.1113381       -0.0610231
      6.3487406       -0.1106387       -0.0656874
      6.4141915       -0.1118167       -0.0698832
      6.4796425       -0.1147122       -0.0738326
      6.5450934       -0.1167641       -0.0773422
      6.6105443       -0.1152172       -0.0800461
      6.6759953       -0.1096235       -0.0816346
      6.7414462       -0.1024434       -0.0819946
      6.8068971       -0.0971399       -0.0812235
      6.8723481       -0.0953545       -0.0795316
      6.9377990       -0.0955802       -0.0770901
      7.0032500       -0.0944470       -0.0739047
      7.0687009       -0.0894667       -0.0697680
      7.1341518       -0.0808491       -0.0643088
      7.1996028       -0.0708944       -0.0571109
      7.2650537       -0.0616324       -0.0478599
      7.3305046       -0.0529004       -0.0364748
      7.3959556       -0.0425736       -0.0231996
      7.4614065       -0.0286964       -0.0086339
      7.5268574       -0.0115785        0.0063070
      7.5923084        0.0059948        0.0205123
      7.6577593        0.0205803        0.0328600
      7.7232102        0.0303135        0.0424277
      7.7886612        0.0357025        0.0486684
      7.8541121        0.0385062        0.0514967
      7.9195630        0.0399121        0.0512661
      7.9850140        0.0397103        0.0486557
      8.0504649        0.0370712        0.0445208
      8.1159158        0.0319885        0.0397538
      8.1813668        0.0258909        0.0351810
      8.2468177        0.0208167        0.0314893
      8.3122686        0.0179715        0.0291696
      8.3777196        0.0170674        0.0284731
      8.4431705        0.0170480        0.0293933
      8.5086214        0.0174367        0.0316932
      8.5740724        0.0189335        0.0349786
      8.6395233        0.0226316        0.0387958
      8.7049742        0.0285968        0.0427171
      8.7704252        0.0352332        0.0463866
      8.8358761        0.0401636        0.0495222
      8.9013270        0.0419300        0.0518944
      8.9667780        0.0410048        0.0533069
      9.0322289        0.0391956        0.0535976
      9.0976798        0.0379778        0.0526551
      9.1631308        0.0372649        0.0504400
      9.2285817        0.0356929        0.0469993
      9.2940326        0.0320743        0.0424687
      9.3594836        0.0265974        0.0370656
      9.4249345        0.0206311        0.0310740
      9.4903854        0.0153718        0.0248209
      9.5558364        0.0107158        0.0186461
      9.6212873        0.0055360        0.0128694
      9.6867382       -0.0008406        0.0077661
      9.7521892       -0.0074174        0.0035531
      9.8176401       -0.0119101        0.0003809
      9.8830911       -0.0125934       -0.0016802
      9.9485420       -0.0100070       -0.0026672
     10.0139929       -0.0068612       -0.0027579
     10.0794439       -0.0060130       -0.0022864
     10.1448948       -0.0081664       -0.0017177
     10.2103457       -0.0113361       -0.0015722
     10.2757967       -0.0126629       -0.0023167
     10.3412476       -0.0110903       -0.0042560
     10.4066985       -0.0085681       -0.0074601
     10.4721495       -0.0086395       -0.0117477
     10.5376004       -0.0135114       -0.0167238
     10.6030513       -0.0220519       -0.0218611
     10.6685023       -0.0304146       -0.0266021
     10.7339532       -0.0347924       -0.0304673
     10.7994041       -0.0340511       -0.0331461
     10.8648551       -0.0301813       -0.0345501
     10.9303060       -0.0264074       -0.0348108
     10.9957569       -0.0247050       -0.0342206
     11.0612079       -0.0247650       -0.0331368
     11.1266588       -0.0249752       -0.0318840
     11.1921097       -0.0241818       -0.0306890
     11.2575607       -0.0225015       -0.0296615
     11.3230116       -0.0206026       -0.0288136
     11.3884625       -0.0184739       -0.0280945
     11.4539135       -0.0151782       -0.0274248
     11.5193644       -0.0099947       -0.0267245
     11.5848153       -0.0037989       -0.0259412
     11.6502663        0.0009144       -0.0250773
     11.7157172        0.0017641       -0.0242068
     11.7811681       -0.0013866       -0.0234649
     11.8466191       -0.0058797       -0.0230042
     11.9120700       -0.0080429       -0.0229319
     11.9775209       -0.0059881       -0.0232586
     12.0429719       -0.0010921       -0.0238866
     12.1084228        0.0031576       -0.0246458
     12.1738737        0.0040239       -0.0253574
     12.2393247        0.0016701       -0.0258934
     12.3047756       -0.0012087       -0.0262058
     12.3702265       -0.0018728       -0.0263212
     12.4356775        0.0000930       -0.0263143
     12.5011284        0.0026057       -0.0262769
     12.5665794        0.0031714       -0.0262952
     12.6320303        0.0012642       -0.0264328
     12.6974812       -0.0011932       -0.0267167
     12.7629322       -0.0016621       -0.0271299
     12.8283831        0.0005912       -0.0276147
     12.8938340        0.0037504       -0.0280922
     12.9592850        0.0050864       -0.0284915
     13.0247359        0.0034721       -0.0287729
     13.0901868        0.0004401       -0.0289324
     13.1556378       -0.0012192       -0.0289854
     13.2210887       -0.0000490       -0.0289409
     13.2865396        0.0026839       -0.0287861
     13.3519906        0.0041114       -0.0284911
     13.4174415        0.0024034       -0.0280304
     13.4828924       -0.0014822       -0.0274073
     13.5483434       -0.0045566       -0.0266666
     13.6137943       -0.0044012       -0.0258888
     13.6792452       -0.0012675       -0.0251708
     13.7446962        0.0022070       -0.0246014
     13.8101471        0.0033657       -0.0242406
     13.8755980        0.0017897       -0.0241073
     13.9410490       -0.0006080       -0.0241769
     14.0064999       -0.0016598       -0.0243891
     14.0719508       -0.0011667       -0.0246652
     14.1374018       -0.0011182       -0.0249274
     14.2028527       -0.0036665       -0.0251127
     14.2683036       -0.0087782       -0.0251755
     14.3337546       -0.0138516       -0.0250812
     14.3992055       -0.0157857       -0.0247990
     14.4646564       -0.0136628       -0.0243048
     14.5301074       -0.0095636       -0.0235949
     14.5955583       -0.0067088       -0.0227000
     14.6610092       -0.0066025       -0.0216851
     14.7264602       -0.0078167       -0.0206269
     14.7919111       -0.0075567       -0.0195808
     14.8573620       -0.0045451       -0.0185555
     14.9228130       -0.0004843       -0.0175150
     14.9882639        0.0013492       -0.0164078
     15.0537148       -0.0008767       -0.0152058
     15.1191658       -0.0057549       -0.0139287
     15.1846167       -0.0098185       -0.0126392
     15.2500676       -0.0106479       -0.0114166
     15.3155186       -0.0089696       -0.0103254
     15.3809695       -0.0076956       -0.0094004
     15.4464205       -0.0087752       -0.0086500
     15.5118714       -0.0109515       -0.0080674
     15.5773223       -0.0108133       -0.0076377
     15.6427733       -0.0063822       -0.0073324
     15.7082242        0.0002092       -0.0071016
     15.7736751        0.0039156       -0.0068728
     15.8391261        0.0013208       -0.0065646
     15.9045770       -0.0054555       -0.0061094
     15.9700279       -0.0094891       -0.0054732
     16.0354789       -0.0045888       -0.0046632
