 Results from RMCProfile version 6.7.9.5

 (Version 6f format configuration file)                                          

 2 experiments   3 partials

 Partial g(r)'s are printed out below

   128  3 are NR and NPAR

   r (Ang)
   0.06545     0.00000     0.00000     0.00000
   0.13090     0.00000     0.00000     0.00000
   0.19635     0.00000     0.00000     0.00000
   0.26180     0.00000     0.00000     0.00000
   0.32725     0.00000     0.00000     0.00000
   0.39271     0.00000     0.00000     0.00000
   0.45816     0.00000     0.00000     0.00000
   0.52361     0.00000     0.00000     0.00000
   0.58906     0.00000     0.00000     0.00000
   0.65451     0.00000     0.00000     0.00000
   0.71996     0.00000     0.00000     0.00000
   0.78541     0.00000     0.00000     0.00000
   0.85086     0.00000     0.00000     0.00000
   0.91631     0.00000     0.00000     0.00000
   0.98176     0.00000     0.00000     0.00000
   1.04721     0.00000     0.00000     0.00000
   1.11267     0.00000     0.00000     0.00000
   1.17812     0.00000     0.92673     0.00000
   1.24357     0.00000     1.87148     0.00000
   1.30902     0.00000     1.50138     0.00000
   1.37447     0.00000     2.21296     0.18914
   1.43992     0.00000     2.17149     0.17234
   1.50537     0.00000     2.41255     0.15768
   1.57082     0.00000     3.91009     0.28964
   1.63627     0.00000     3.24322     0.93426
   1.70172     0.00000     1.88799     0.37019
   1.76718     0.00000     2.98656     1.02985
   1.83263     0.00000     2.58555     0.42560
   1.89808     0.00000     1.51761     0.79352
   1.96353     0.00000     2.33575     0.64882
   2.02898     0.00000     2.10937     1.04167
   2.09443     0.00000     1.83297     0.57026
   2.15988     0.00000     1.79252     0.99584
   2.22533     0.23381     1.36390     0.64947
   2.29078     0.00000     1.65481     0.74909
   2.35623     0.00000     1.04277     7.08057
   2.42168     0.00000     0.10969     3.16871
   2.48714     0.00000     0.31197     1.32875
   2.55259     0.17771     0.59235     1.53572
   2.61804     0.16893     0.46925     0.62567
   2.68349     0.00000     0.49131     1.29031
   2.74894     0.00000     0.63844     1.04043
   2.81439     0.00000     0.64970     0.99260
   2.87984     0.83768     0.50416     0.81872
   2.94529     2.26913     0.55616     1.02992
   3.01074     2.55476     0.74514     1.02506
   3.07619     2.32485     0.81574     1.32180
   3.14164     3.51946     0.97763     0.86900
   3.20710     1.23834     0.90686     0.93813
   3.27255     2.05425     0.69076     1.00109
   3.33800     2.80584     0.63507     1.09052
   3.40345     2.69896     1.08292     0.89472
   3.46890     2.88676     1.09590     1.30676
   3.53435     3.05891     0.95269     1.25881
   3.59980     1.96580     0.89354     4.08162
   3.66525     0.17238     1.07740     0.29263
   3.73070     0.33278     0.90127     0.35948
   3.79615     0.72315     1.24989     0.29759
   3.86161     0.31060     1.07847     0.69501
   3.92706     0.67575     1.14710     0.78791
   3.99251     0.36321     0.96855     0.73987
   4.05796     0.56254     0.85943     0.69449
   4.12341     0.34051     0.94587     0.86179
   4.18886     0.59392     1.41147     0.89617
   4.25431     0.38386     0.92410     1.04652
   4.31976     0.31026     0.79289     0.70862
   4.38521     0.60214     1.10392     0.92922
   4.45066     0.70147     1.08793     0.93818
   4.51611     0.73806     1.15125     0.89366
   4.58157     0.55163     0.88874     0.86831
   4.64702     0.85793     0.87878     1.19156
   4.71247     0.99068     1.12973     0.98167
   4.77792     0.76084     1.04263     0.93931
   4.84337     0.83914     1.05578     0.91409
   4.90882     0.86496     0.96107     1.03819
   4.97427     0.98274     1.26092     1.14104
   5.03972     0.86620     0.89913     0.90054
   5.10517     0.88856     0.91325     0.97358
   5.17062     1.38594     0.99855     1.01593
   5.23607     0.76022     0.83296     0.99069
   5.30153     0.74157     0.97273     0.94095
   5.36698     0.68339     0.92682     1.06702
   5.43243     0.66702     0.71934     1.13835
   5.49788     1.07262     0.83001     1.02864
   5.56333     1.19718     0.75863     0.90066
   5.62878     0.84058     0.92383     0.97007
   5.69423     1.17848     1.00191     1.05812
   5.75968     0.76790     0.94049     1.04499
   5.82513     1.09199     0.91947     1.14802
   5.89058     1.50168     0.98258     0.94756
   5.95604     1.07716     0.83416     0.88655
   6.02149     1.53290     1.04677     0.86738
   6.08694     1.34385     0.94625     1.01281
   6.15239     1.28482     1.05369     0.88752
   6.21784     1.40767     1.03994     0.97986
   6.28329     0.76257     1.13245     1.05913
   6.34874     0.80439     0.80598     0.99307
   6.41419     1.37909     1.05543     0.95553
   6.47964     1.02042     0.99591     1.01293
   6.54509     1.08121     1.19384     0.97609
   6.61054     0.90092     1.04518     1.12042
   6.67600     1.03922     0.91654     1.13866
   6.74145     1.07010     1.06161     1.10879
   6.80690     0.82470     0.96493     1.01815
   6.87235     0.88262     0.82405     1.02912
   6.93780     0.81793     1.10260     1.02464
   7.00325     1.03881     1.04930     0.85984
   7.06870     1.04283     1.10077     1.00135
   7.13415     0.79628     1.06171     1.02519
   7.19960     0.89356     1.06111     0.88943
   7.26505     0.96529     0.95066     0.96827
   7.33050     0.96968     0.89186     1.13728
   7.39596     0.88908     1.12312     1.05190
   7.46141     0.89435     1.06306     0.99501
   7.52686     0.81755     0.97652     1.06610
   7.59231     0.86378     1.08252     1.00440
   7.65776     0.92806     0.93793     1.08481
   7.72321     0.91240     1.00299     1.00059
   7.78866     1.10710     0.96500     0.93672
   7.85411     0.97609     0.98548     0.90379
   7.91956     1.12619     1.05644     1.04276
   7.98501     1.25308     1.10477     0.93045
   8.05046     1.03626     1.15140     0.98156
   8.11592     0.94930     0.92781     1.07973
   8.18137     1.07256     1.06680     1.11058
   8.24682     1.15776     0.92224     1.01945
   8.31227     0.98877     0.93105     0.99829
   8.37772     0.84140     0.92572     0.88091

 Partial S(Q)'s are printed out below

   494  3 are NQ and NPAR

      Q          S(Q)_1      S(Q)_2      S(Q)_3
  0.4682470    -2.2301595     0.5409687     0.5106470
  0.4982822    -2.1328667     0.5984197     0.4755682
  0.5283174    -2.0403162     0.6591980     0.4436543
  0.5583526    -1.9533224     0.7225411     0.4149543
  0.5883878    -1.8725186     0.7875345     0.3893514
  0.6184230    -1.7983524     0.8531272     0.3665676
  0.6484582    -1.7310886     0.9181537     0.3461731
  0.6784934    -1.6708166     0.9813619     0.3276017
  0.7085286    -1.6174648     1.0414466     0.3101714
  0.7385638    -1.5708201     1.0970876     0.2931095
  0.7685990    -1.5305507     1.1469905     0.2755818
  0.7986342    -1.4962339     1.1899302     0.2567240
  0.8286694    -1.4673847     1.2247936     0.2356753
  0.8587046    -1.4434860     1.2506219     0.2116128
  0.8887398    -1.4240177     1.2666485     0.1837841
  0.9187750    -1.4084841     1.2723332     0.1515392
  0.9488102    -1.3964378     1.2673886     0.1143583
  0.9788454    -1.3874987     1.2517991     0.0718758
  1.0088806    -1.3813677     1.2258310     0.0238992
  1.0389158    -1.3778327     1.1900321    -0.0295785
  1.0689510    -1.3767688     1.1452206    -0.0883729
  1.0989862    -1.3781293     1.0924646    -0.1521082
  1.1290214    -1.3819310     1.0330504    -0.2202257
  1.1590566    -1.3882318     0.9684424    -0.2919976
  1.1890918    -1.3971022     0.9002348    -0.3665472
  1.2191270    -1.4085930     0.8300972    -0.4428754
  1.2491622    -1.4226996     0.7597164    -0.5198904
  1.2791974    -1.4393248     0.6907354    -0.5964410
  1.3092326    -1.4582433     0.6246943    -0.6713528
  1.3392678    -1.4790688     0.5629729    -0.7434635
  1.3693030    -1.5012261     0.5067396    -0.8116583
  1.3993382    -1.5239316     0.4569076    -0.8749033
  1.4293734    -1.5461810     0.4141007    -0.9322748
  1.4594086    -1.5667501     0.3786303    -0.9829846
  1.4894438    -1.5842050     0.3504844    -1.0263998
  1.5194790    -1.5969260     0.3293304    -1.0620564
  1.5495142    -1.6031438     0.3145297    -1.0896668
  1.5795494    -1.6009868     0.3051654    -1.1091203
  1.6095846    -1.5885403     0.3000813    -1.1204774
  1.6396198    -1.5639132     0.2979306    -1.1239585
  1.6696551    -1.5253130     0.2972326    -1.1199264
  1.6996903    -1.4711234     0.2964345    -1.1088658
  1.7297255    -1.3999839     0.2939766    -1.0913581
  1.7597607    -1.3108657     0.2883567    -1.0680554
  1.7897959    -1.2031432     0.2781932    -1.0396527
  1.8198311    -1.0766545     0.2622812    -1.0068611
  1.8498663    -0.9317506     0.2396426    -0.9703821
  1.8799015    -0.7693283     0.2095654    -0.9308849
  1.9099367    -0.5908458     0.1716323    -0.8889872
  1.9399719    -0.3983185     0.1257362    -0.8452399
  1.9700071    -0.1942943     0.0720842    -0.8001172
  2.0000423     0.0181917     0.0111872    -0.7540105
  2.0300775     0.2356825    -0.0561617    -0.7072285
  2.0601127     0.4543834    -0.1289198    -0.6600008
  2.0901479     0.6702613    -0.2058374    -0.6124862
  2.1201831     0.8791580    -0.2855068    -0.5647842
  2.1502183     1.0769121    -0.3664175    -0.5169494
  2.1802535     1.2594854    -0.4470125    -0.4690070
  2.2102887     1.4230899    -0.5257459    -0.4209694
  2.2403239     1.5643100    -0.6011371    -0.3728525
  2.2703591     1.6802150    -0.6718209    -0.3246904
  2.3003943     1.7684578    -0.7365904    -0.2765481
  2.3304295     1.8273551    -0.7944322    -0.2285319
  2.3604647     1.8559470    -0.8445510    -0.1807960
  2.3904999     1.8540315    -0.8863860    -0.1335455
  2.4205351     1.8221736    -0.9196148    -0.0870361
  2.4505703     1.7616880    -0.9441491    -0.0415693
  2.4806055     1.6745952    -0.9601206     0.0025144
  2.5106407     1.5635540    -0.9678590     0.0448465
  2.5406759     1.4317701    -0.9678633     0.0850435
  2.5707111     1.2828877    -0.9607693     0.1227207
  2.6007463     1.1208659    -0.9473135     0.1575080
  2.6307815     0.9498444    -0.9282964     0.1890646
  2.6608167     0.7740067    -0.9045470     0.2170939
  2.6908519     0.5974424    -0.8768897     0.2413564
  2.7208871     0.4240172    -0.8461154     0.2616799
  2.7509223     0.2572533    -0.8129573     0.2779686
  2.7809575     0.1002269    -0.7780737     0.2902077
  2.8109927    -0.0445151    -0.7420359     0.2984652
  2.8410279    -0.1750148    -0.7053227     0.3028913
  2.8710631    -0.2899382    -0.6683213     0.3037131
  2.9010983    -0.3885839    -0.6313326     0.3012282
  2.9311335    -0.4708661    -0.5945811     0.2957944
  2.9611687    -0.5372732    -0.5582282     0.2878181
  2.9912039    -0.5888038    -0.5223863     0.2777413
  3.0212391    -0.6268846    -0.4871347     0.2660279
  3.0512743    -0.6532728    -0.4525339     0.2531489
  3.0813095    -0.6699492    -0.4186386     0.2395696
  3.1113447    -0.6790058    -0.3855077     0.2257360
  3.1413799    -0.6825339    -0.3532117     0.2120640
  3.1714151    -0.6825173    -0.3218358     0.1989292
  3.2014503    -0.6807359    -0.2914793     0.1866591
  3.2314855    -0.6786838    -0.2622523     0.1755277
  3.2615207    -0.6775040    -0.2342685     0.1657520
  3.2915559    -0.6779450    -0.2076363     0.1574897
  3.3215911    -0.6803381    -0.1824481     0.1508406
  3.3516263    -0.6845977    -0.1587698     0.1458475
  3.3816615    -0.6902434    -0.1366304     0.1425003
  3.4116967    -0.6964416    -0.1160131     0.1407399
  3.4417319    -0.7020661    -0.0968495     0.1404638
  3.4717671    -0.7057717    -0.0790162     0.1415311
  3.5018023    -0.7060792    -0.0623354     0.1437687
  3.5318375    -0.7014656    -0.0465798     0.1469768
  3.5618727    -0.6904567    -0.0314805     0.1509346
  3.5919079    -0.6717154    -0.0167392     0.1554054
  3.6219431    -0.6441235    -0.0020427     0.1601415
  3.6519783    -0.6068516     0.0129198     0.1648886
  3.6820135    -0.5594140     0.0284385     0.1693905
  3.7120487    -0.5017080     0.0447647     0.1733923
  3.7420839    -0.4340325     0.0620933     0.1766451
  3.7721191    -0.3570887     0.0805478     0.1789094
  3.8021543    -0.2719612     0.1001677     0.1799587
  3.8321895    -0.1800814     0.1209007     0.1795840
  3.8622247    -0.0831748     0.1425988     0.1775977
  3.8922599     0.0168038     0.1650203     0.1738376
  3.9222951     0.1177460     0.1878355     0.1681710
  3.9523303     0.2174700     0.2106391     0.1604992
  3.9823655     0.3138037     0.2329656     0.1507609
  4.0124007     0.4046659     0.2543095     0.1389355
  4.0424359     0.4881406     0.2741471     0.1250461
  4.0724711     0.5625441     0.2919611     0.1091611
  4.1025063     0.6264784     0.3072650     0.0913949
  4.1325415     0.6788727     0.3196264     0.0719075
  4.1625767     0.7190076     0.3286886     0.0509025
  4.1926119     0.7465253     0.3341887     0.0286238
  4.2226471     0.7614231     0.3359714     0.0053507
  4.2526823     0.7640326     0.3339977    -0.0186078
  4.2827175     0.7549867     0.3283484    -0.0429210
  4.3127527     0.7351749     0.3192218    -0.0672445
  4.3427879     0.7056923     0.3069258    -0.0912293
  4.3728231     0.6677819     0.2918647    -0.1145313
  4.4028583     0.6227771     0.2745224    -0.1368211
  4.4328935     0.5720441     0.2554408    -0.1577928
  4.4629287     0.5169288     0.2351971    -0.1771723
  4.4929639     0.4587106     0.2143790    -0.1947251
  4.5229991     0.3985642     0.1935604    -0.2102613
  4.5530343     0.3375315     0.1732786    -0.2236403
  4.5830695     0.2765041     0.1540134    -0.2347727
  4.6131047     0.2162165     0.1361704    -0.2436204
  4.6431399     0.1572491     0.1200678    -0.2501949
  4.6731751     0.1000411     0.1059283    -0.2545535
  4.7032103     0.0449096     0.0938765    -0.2567940
  4.7332455    -0.0079248     0.0839401    -0.2570473
  4.7632807    -0.0583095     0.0760571    -0.2554699
  4.7933159    -0.1061308     0.0700863    -0.2522349
  4.8233511    -0.1512853     0.0658209    -0.2475229
  4.8533863    -0.1936558     0.0630059    -0.2415132
  4.8834215    -0.2330913     0.0613549    -0.2343755
  4.9134567    -0.2693946     0.0605689    -0.2262623
  4.9434919    -0.3023162     0.0603535    -0.2173032
  4.9735271    -0.3315570     0.0604342    -0.2076001
  5.0035623    -0.3567776     0.0605698    -0.1972247
  5.0335975    -0.3776157     0.0605624    -0.1862178
  5.0636327    -0.3937076     0.0602630    -0.1745899
  5.0936679    -0.4047145     0.0595749    -0.1623245
  5.1237031    -0.4103512     0.0584516    -0.1493825
  5.1537383    -0.4104144     0.0568927    -0.1357078
  5.1837735    -0.4048089     0.0549366    -0.1212345
  5.2138087    -0.3935699     0.0526502    -0.1058943
  5.2438439    -0.3768799     0.0501183    -0.0896242
  5.2738791    -0.3550778     0.0474317    -0.0723749
  5.3039143    -0.3286598     0.0446765    -0.0541177
  5.3339495    -0.2982722     0.0419236    -0.0348509
  5.3639847    -0.2646942     0.0392207    -0.0146059
  5.3940199    -0.2288144     0.0365868     0.0065493
  5.4240551    -0.1915979     0.0340096     0.0285073
  5.4540903    -0.1540500     0.0314457     0.0511205
  5.4841255    -0.1171744     0.0288240     0.0742014
  5.5141607    -0.0819314     0.0260519     0.0975254
  5.5441959    -0.0491955     0.0230236     0.1208347
  5.5742311    -0.0197173     0.0196303     0.1438432
  5.6042663     0.0059107     0.0157714     0.1662428
  5.6343015     0.0272795     0.0113651     0.1877113
  5.6643367     0.0441820     0.0063593     0.2079198
  5.6943719     0.0566198     0.0007399     0.2265411
  5.7244071     0.0648014    -0.0054620     0.2432584
  5.7544423     0.0691285    -0.0121671     0.2577734
  5.7844775     0.0701729    -0.0192471     0.2698144
  5.8145127     0.0686451    -0.0265274     0.2791435
  5.8445479     0.0653550    -0.0337938     0.2855631
  5.8745831     0.0611677    -0.0408013     0.2889220
  5.9046183     0.0569566    -0.0472868     0.2891195
  5.9346535     0.0535558    -0.0529822     0.2861091
  5.9646887     0.0517145    -0.0576300     0.2799008
  5.9947239     0.0520564    -0.0609983     0.2705619
  6.0247591     0.0550450    -0.0628958     0.2582171
  6.0547943     0.0609578    -0.0631840     0.2430464
  6.0848295     0.0698707    -0.0617883     0.2252824
  6.1148647     0.0816522    -0.0587051     0.2052066
  6.1448999     0.0959696    -0.0540054     0.1831434
  6.1749351     0.1123051    -0.0478344     0.1594541
  6.2049703     0.1299824    -0.0404066     0.1345293
  6.2350055     0.1482011    -0.0319977     0.1087806
  6.2650407     0.1660785    -0.0229320     0.0826310
  6.2950759     0.1826947    -0.0135678     0.0565059
  6.3251111     0.1971414    -0.0042797     0.0308222
  6.3551463     0.2085682     0.0045595     0.0059789
  6.3851815     0.2162279     0.0125974    -0.0176535
  6.4152167     0.2195151     0.0195201    -0.0397421
  6.4452519     0.2179984     0.0250676    -0.0600004
  6.4752871     0.2114435     0.0290472    -0.0781958
  6.5053223     0.1998266     0.0313425    -0.0941559
  6.5353575     0.1833364     0.0319192    -0.1077724
  6.5653927     0.1623667     0.0308260    -0.1190038
  6.5954279     0.1374983     0.0281905    -0.1278752
  6.6254631     0.1094713     0.0242118    -0.1344767
  6.6554983     0.0791514     0.0191480    -0.1389583
  6.6855335     0.0474889     0.0133018    -0.1415238
  6.7155687     0.0154755     0.0070026    -0.1424213
  6.7456039    -0.0159008     0.0005881    -0.1419330
  6.7756391    -0.0456997    -0.0056154    -0.1403632
  6.8056743    -0.0730688    -0.0113103    -0.1380246
  6.8357095    -0.0972789    -0.0162451    -0.1352252
  6.8657447    -0.1177522    -0.0202271    -0.1322543
  6.8957799    -0.1340821    -0.0231328    -0.1293703
  6.9258151    -0.1460443    -0.0249134    -0.1267883
  6.9558503    -0.1535979    -0.0255963    -0.1246713
  6.9858855    -0.1568785    -0.0252819    -0.1231222
  7.0159207    -0.1561813    -0.0241355    -0.1221794
  7.0459559    -0.1519384    -0.0223763    -0.1218156
  7.0759911    -0.1446893    -0.0202625    -0.1219395
  7.1060263    -0.1350478    -0.0180745    -0.1224006
  7.1360615    -0.1236667    -0.0160961    -0.1229974
  7.1660967    -0.1112021    -0.0145970    -0.1234889
  7.1961319    -0.0982800    -0.0138143    -0.1236069
  7.2261671    -0.0854663    -0.0139376    -0.1230719
  7.2562023    -0.0732416    -0.0150962    -0.1216087
  7.2862375    -0.0619826    -0.0173498    -0.1189626
  7.3162727    -0.0519509    -0.0206843    -0.1149155
  7.3463079    -0.0432880    -0.0250114    -0.1093000
  7.3763431    -0.0360196    -0.0301727    -0.1020114
  7.4063783    -0.0300647    -0.0359485    -0.0930176
  7.4364135    -0.0252521    -0.0420704    -0.0823643
  7.4664487    -0.0213413    -0.0482365    -0.0701777
  7.4964839    -0.0180460    -0.0541292    -0.0566622
  7.5265191    -0.0150608    -0.0594344    -0.0420947
  7.5565543    -0.0120861    -0.0638595    -0.0268146
  7.5865896    -0.0088532    -0.0671520    -0.0112107
  7.6166248    -0.0051449    -0.0691144     0.0042955
  7.6466600    -0.0008127    -0.0696172     0.0192674
  7.6766952     0.0042113    -0.0686068     0.0332735
  7.7067304     0.0099092    -0.0661105     0.0459070
  7.7367656     0.0161773    -0.0622357     0.0568053
  7.7668008     0.0228327    -0.0571647     0.0656671
  7.7968360     0.0296250    -0.0511456     0.0722682
  7.8268712     0.0362535    -0.0444784     0.0764722
  7.8569064     0.0423865    -0.0374991     0.0782388
  7.8869416     0.0476846    -0.0305609     0.0776267
  7.9169768     0.0518236    -0.0240141     0.0747917
  7.9470120     0.0545173    -0.0181868     0.0699812
  7.9770472     0.0555377    -0.0133658     0.0635226
  8.0070824     0.0547328    -0.0097808     0.0558093
  8.0371176     0.0520390    -0.0075906     0.0472828
  8.0671528     0.0474888    -0.0068741     0.0384120
  8.0971880     0.0412125    -0.0076253     0.0296718
  8.1272232     0.0334342    -0.0097532     0.0215212
  8.1572584     0.0244622    -0.0130866     0.0143819
  8.1872936     0.0146743    -0.0173826     0.0086190
  8.2173288     0.0044984    -0.0223408     0.0045246
  8.2473640    -0.0056093    -0.0276184     0.0023049
  8.2773992    -0.0151887    -0.0328500     0.0020715
  8.3074344    -0.0238001    -0.0376667     0.0038378
  8.3374696    -0.0310481    -0.0417167     0.0075202
  8.3675048    -0.0366027    -0.0446845     0.0129438
  8.3975400    -0.0402173    -0.0463075     0.0198528
  8.4275752    -0.0417423    -0.0463908     0.0279254
  8.4576104    -0.0411328    -0.0448170     0.0367906
  8.4876456    -0.0384509    -0.0415529     0.0460486
  8.5176808    -0.0338627    -0.0366507     0.0552913
  8.5477160    -0.0276285    -0.0302450     0.0641235
  8.5777512    -0.0200892    -0.0225450     0.0721823
  8.6077864    -0.0116469    -0.0138234     0.0791558
  8.6378216    -0.0027435    -0.0044017     0.0847968
  8.6678568     0.0061631     0.0053674     0.0889344
  8.6978920     0.0146242     0.0151186     0.0914803
  8.7279272     0.0222237     0.0244924     0.0924310
  8.7579624     0.0286008     0.0331540     0.0918645
  8.7879976     0.0334680     0.0408097     0.0899335
  8.8180328     0.0366269     0.0472210     0.0868540
  8.8480680     0.0379768     0.0522153     0.0828905
  8.8781032     0.0375198     0.0556928     0.0783384
  8.9081384     0.0353592     0.0576291     0.0735060
  8.9381736     0.0316925     0.0580741     0.0686948
  8.9682088     0.0267998     0.0571460     0.0641807
  8.9982440     0.0210270     0.0550228     0.0601976
  9.0282792     0.0147662     0.0519294     0.0569226
  9.0583144     0.0084337     0.0481240     0.0544655
  9.0883496     0.0024462     0.0438818     0.0528617
  9.1183848    -0.0028017     0.0394793     0.0520697
  9.1484200    -0.0069601     0.0351784     0.0519733
  9.1784552    -0.0097424     0.0312121     0.0523880
  9.2084904    -0.0109412     0.0277731     0.0530716
  9.2385256    -0.0104400     0.0250043     0.0537376
  9.2685608    -0.0082189     0.0229930     0.0540726
  9.2985960    -0.0043567     0.0217688     0.0537537
  9.3286312     0.0009735     0.0213050     0.0524683
  9.3586664     0.0075131     0.0215234     0.0499318
  9.3887016     0.0149314     0.0223020     0.0459058
  9.4187368     0.0228422     0.0234850     0.0402120
  9.4487720     0.0308234     0.0248952     0.0327448
  9.4788072     0.0384388     0.0263469     0.0234783
  9.5088424     0.0452594     0.0276584     0.0124708
  9.5388776     0.0508849     0.0286648    -0.0001362
  9.5689128     0.0549633     0.0292287    -0.0141232
  9.5989480     0.0572076     0.0292490    -0.0292017
  9.6289832     0.0574101     0.0286668    -0.0450268
  9.6590184     0.0554508     0.0274686    -0.0612126
  9.6890536     0.0513037     0.0256863    -0.0773498
  9.7190888     0.0450364     0.0233942    -0.0930242
  9.7491240     0.0368069     0.0207029    -0.1078350
  9.7791592     0.0268549     0.0177513    -0.1214124
  9.8091944     0.0154906     0.0146964    -0.1334334
  9.8392296     0.0030796     0.0117021    -0.1436347
  9.8692648    -0.0099738     0.0089277    -0.1518224
  9.8993000    -0.0232449     0.0065168    -0.1578776
  9.9293352    -0.0363068     0.0045869    -0.1617588
  9.9593704    -0.0487486     0.0032216    -0.1634995
  9.9894056    -0.0601917     0.0024642    -0.1632024
 10.0194408    -0.0703044     0.0023147    -0.1610298
 10.0494760    -0.0788138     0.0027292    -0.1571925
 10.0795112    -0.0855137     0.0036224    -0.1519348
 10.1095464    -0.0902702     0.0048733    -0.1455202
 10.1395816    -0.0930234     0.0063324    -0.1382153
 10.1696168    -0.0937853     0.0078317    -0.1302758
 10.1996520    -0.0926352     0.0091958    -0.1219324
 10.2296872    -0.0897121     0.0102528    -0.1133806
 10.2597224    -0.0852049     0.0108467    -0.1047714
 10.2897576    -0.0793411     0.0108471    -0.0962069
 10.3197928    -0.0723746     0.0101588    -0.0877382
 10.3498280    -0.0645731     0.0087284    -0.0793673
 10.3798632    -0.0562059     0.0065489    -0.0710515
 10.4098984    -0.0475326     0.0036608    -0.0627115
 10.4399336    -0.0387931     0.0001505    -0.0542413
 10.4699688    -0.0301994    -0.0038538    -0.0455197
 10.5000040    -0.0219295    -0.0081894    -0.0364228
 10.5300392    -0.0141231    -0.0126689    -0.0268366
 10.5600744    -0.0068799    -0.0170905    -0.0166685
 10.5901096    -0.0002601    -0.0212508    -0.0058583
 10.6201448     0.0057144    -0.0249564     0.0056141
 10.6501800     0.0110552    -0.0280364     0.0177224
 10.6802152     0.0158035    -0.0303522     0.0303916
 10.7102504     0.0200232    -0.0318067     0.0434979
 10.7402856     0.0237952    -0.0323504     0.0568719
 10.7703208     0.0272105    -0.0319844     0.0703047
 10.8003560     0.0303635    -0.0307611     0.0835566
 10.8303912     0.0333465    -0.0287812     0.0963672
 10.8604264     0.0362437    -0.0261876     0.1084677
 10.8904616     0.0391274    -0.0231573     0.1195927
 10.9204968     0.0420541    -0.0198906     0.1294929
 10.9505320     0.0450620    -0.0165989     0.1379463
 10.9805672     0.0481700    -0.0134921     0.1447684
 11.0106024     0.0513769    -0.0107653     0.1498204
 11.0406376     0.0546617    -0.0085866     0.1530145
 11.0706728     0.0579851    -0.0070871     0.1543170
 11.1007080     0.0612910    -0.0063516     0.1537486
 11.1307432     0.0645087    -0.0064135     0.1513815
 11.1607784     0.0675555    -0.0072521     0.1473346
 11.1908136     0.0703394    -0.0087929     0.1417662
 11.2208488     0.0727618    -0.0109117     0.1348649
 11.2508840     0.0747205    -0.0134416     0.1268398
 11.2809192     0.0761124    -0.0161827     0.1179099
 11.3109544     0.0768363    -0.0189139     0.1082938
 11.3409896     0.0767956    -0.0214059     0.0982001
 11.3710248     0.0759009    -0.0234355     0.0878193
 11.4010600     0.0740724    -0.0247988     0.0773169
 11.4310952     0.0712428    -0.0253248     0.0668293
 11.4611304     0.0673592    -0.0248854     0.0564615
 11.4911656     0.0623858    -0.0234053     0.0462870
 11.5212008     0.0563059    -0.0208663     0.0363504
 11.5512360     0.0491243    -0.0173111     0.0266709
 11.5812712     0.0408687    -0.0128409     0.0172489
 11.6113064     0.0315910    -0.0076118     0.0080719
 11.6413416     0.0213691    -0.0018263    -0.0008778
 11.6713768     0.0103066     0.0042766    -0.0096156
 11.7014120    -0.0014671     0.0104350    -0.0181486
 11.7314472    -0.0137976     0.0163780    -0.0264692
 11.7614824    -0.0265072     0.0218408    -0.0345513
 11.7915176    -0.0393977     0.0265795    -0.0423479
 11.8215528    -0.0522535     0.0303851    -0.0497906
 11.8515880    -0.0648458     0.0330953    -0.0567915
 11.8816232    -0.0769379     0.0346042    -0.0632463
 11.9116584    -0.0882901     0.0348686    -0.0690401
 11.9416936    -0.0986666     0.0339106    -0.0740539
 11.9717288    -0.1078410     0.0318172    -0.0781722
 12.0017640    -0.1156032     0.0287358    -0.0812912
 12.0317992    -0.1217656     0.0248661    -0.0833264
 12.0618344    -0.1261688     0.0204494    -0.0842201
 12.0918696    -0.1286868     0.0157555    -0.0839471
 12.1219048    -0.1292318     0.0110673    -0.0825194
 12.1519400    -0.1277569     0.0066654    -0.0799885
 12.1819752    -0.1242591     0.0028124    -0.0764450
 12.2120104    -0.1187794    -0.0002625    -0.0720171
 12.2420456    -0.1114033    -0.0023757    -0.0668658
 12.2720808    -0.1022582    -0.0034003    -0.0611783
 12.3021160    -0.0915111    -0.0032735    -0.0551599
 12.3321512    -0.0793640    -0.0020003    -0.0490243
 12.3621864    -0.0660490     0.0003465    -0.0429837
 12.3922216    -0.0518221     0.0036296    -0.0372377
 12.4222568    -0.0369564     0.0076549    -0.0319640
 12.4522920    -0.0217353     0.0121814    -0.0273090
 12.4823272    -0.0064453     0.0169352    -0.0233810
 12.5123624     0.0086314     0.0216238    -0.0202443
 12.5423976     0.0232235     0.0259527    -0.0179169
 12.5724328     0.0370771     0.0296415    -0.0163699
 12.6024680     0.0499614     0.0324396    -0.0155300
 12.6325032     0.0616731     0.0341407    -0.0152844
 12.6625384     0.0720409     0.0345939    -0.0154879
 12.6925736     0.0809283     0.0337133    -0.0159721
 12.7226088     0.0882352     0.0314826    -0.0165556
 12.7526440     0.0938993     0.0279570    -0.0170557
 12.7826792     0.0978958     0.0232612    -0.0172991
 12.8127144     0.1002365     0.0175828    -0.0171332
 12.8427496     0.1009680     0.0111631    -0.0164356
 12.8727848     0.1001694     0.0042851    -0.0151218
 12.9028200     0.0979490    -0.0027417    -0.0131513
 12.9328552     0.0944405    -0.0095971    -0.0105304
 12.9628904     0.0897990    -0.0159664    -0.0073127
 12.9929256     0.0841967    -0.0215578    -0.0035963
 13.0229608     0.0778175    -0.0261166     0.0004807
 13.0529960     0.0708530    -0.0294391     0.0047484
 13.0830312     0.0634968    -0.0313831     0.0090144
 13.1130664     0.0559398    -0.0318751     0.0130749
 13.1431016     0.0483655    -0.0309145     0.0167266
 13.1731368     0.0409447    -0.0285734     0.0197787
 13.2031720     0.0338320    -0.0249930     0.0220645
 13.2332072     0.0271610    -0.0203766     0.0234519
 13.2632424     0.0210412    -0.0149788     0.0238519
 13.2932776     0.0155550    -0.0090930     0.0232248
 13.3233128     0.0107554    -0.0030363     0.0215840
 13.3533480     0.0066650     0.0028663     0.0189970
 13.3833832     0.0032752     0.0082983     0.0155828
 13.4134184     0.0005468     0.0129674     0.0115075
 13.4434536    -0.0015881     0.0166198     0.0069765
 13.4734888    -0.0032236     0.0190527     0.0022245
 13.5035240    -0.0044764     0.0201237    -0.0024949
 13.5335593    -0.0054809     0.0197579    -0.0069229
 13.5635945    -0.0063836     0.0179505    -0.0108071
 13.5936297    -0.0073369     0.0147668    -0.0139146
 13.6236649    -0.0084922     0.0103384    -0.0160433
 13.6537001    -0.0099930     0.0048564    -0.0170322
 13.6837353    -0.0119673    -0.0014384    -0.0167685
 13.7137705    -0.0145214    -0.0082678    -0.0151937
 13.7438057    -0.0177336    -0.0153291    -0.0123059
 13.7738409    -0.0216484    -0.0223104    -0.0081598
 13.8038761    -0.0262732    -0.0289046    -0.0028636
 13.8339113    -0.0315751    -0.0348241     0.0034262
 13.8639465    -0.0374801    -0.0398131     0.0105130
 13.8939817    -0.0438738    -0.0436593     0.0181692
 13.9240169    -0.0506041    -0.0462025     0.0261471
 13.9540521    -0.0574853    -0.0473406     0.0341905
 13.9840873    -0.0643046    -0.0470329     0.0420458
 14.0141225    -0.0708290    -0.0453004     0.0494728
 14.0441577    -0.0768147    -0.0422234     0.0562548
 14.0741929    -0.0820162    -0.0379358     0.0622065
 14.1042281    -0.0861967    -0.0326180     0.0671802
 14.1342633    -0.0891381    -0.0264875     0.0710696
 14.1642985    -0.0906507    -0.0197878     0.0738119
 14.1943337    -0.0905817    -0.0127772     0.0753864
 14.2243689    -0.0888233    -0.0057170     0.0758126
 14.2544041    -0.0853181     0.0011398     0.0751447
 14.2844393    -0.0800630     0.0075588     0.0734662
 14.3144745    -0.0731114     0.0133337     0.0708820
 14.3445097    -0.0645717     0.0182933     0.0675111
 14.3745449    -0.0546053     0.0223070     0.0634786
 14.4045801    -0.0434210     0.0252884     0.0589084
 14.4346153    -0.0312679     0.0271961     0.0539164
 14.4646505    -0.0184268     0.0280330     0.0486052
 14.4946857    -0.0052001     0.0278435     0.0430603
 14.5247209     0.0080993     0.0267088     0.0373482
 14.5547561     0.0211591     0.0247413     0.0315150
 14.5847913     0.0336790     0.0220776     0.0255886
 14.6148265     0.0453809     0.0188714     0.0195804
 14.6448617     0.0560182     0.0152854     0.0134898
 14.6748969     0.0653842     0.0114846     0.0073083
 14.7049321     0.0733173     0.0076285     0.0010250
 14.7349673     0.0797051     0.0038658    -0.0053682
 14.7650025     0.0844863     0.0003287    -0.0118720
 14.7950377     0.0876499    -0.0028705    -0.0184750
 14.8250729     0.0892321    -0.0056429    -0.0251509
 14.8551081     0.0893124    -0.0079237    -0.0318566
 14.8851433     0.0880066    -0.0096727    -0.0385314
 14.9151785     0.0854594    -0.0108737    -0.0450983
 14.9452137     0.0818366    -0.0115324    -0.0514663
 14.9752489     0.0773156    -0.0116743    -0.0575339
 15.0052841     0.0720773    -0.0113413    -0.0631943
 15.0353193     0.0662981    -0.0105885    -0.0683400
 15.0653545     0.0601425    -0.0094808    -0.0728693
 15.0953897     0.0537577    -0.0080892    -0.0766919
 15.1254249     0.0472691    -0.0064881    -0.0797339
 15.1554601     0.0407780    -0.0047521    -0.0819426
 15.1854953     0.0343604    -0.0029533    -0.0832898
 15.2155305     0.0280684    -0.0011601    -0.0837741
 15.2455657     0.0219321     0.0005652    -0.0834210
 15.2756009     0.0159633     0.0021668    -0.0822821

PDF 1 in G'(r) format
  r, PDF (RMC), PDF (Expt)
 CURVES
         128 ,           2
      0.0000000        0.0000000        0.0000000
      0.0654509        0.0000000        0.0000000
      0.1309019        0.0000000        0.0000000
      0.1963528        0.0000000        0.0000000
      0.2618037        0.0000000        0.0000000
      0.3272547        0.0000000        0.0000000
      0.3927056        0.0000000        0.0000000
      0.4581565        0.0000000        0.0000000
      0.5236075        0.0000000        0.0000000
      0.5890584        0.0000000        0.0000000
      0.6545093        0.0000000        0.0000000
      0.7199603        0.0000000        0.0000000
      0.7854112        0.0000000        0.0000000
      0.8508621        0.0000000        0.0000000
      0.9163131        0.0000000        0.0000000
      0.9817640        0.0000000        0.0000000
      1.0472149        0.0000000        0.0000000
      1.1126659        0.0000000        0.0000000
      1.1781168        0.3651125        0.0000000
      1.2435677        0.5805770        0.1336642
      1.3090187        0.8411510        0.4087493
      1.3744696        1.1096517        0.7543131
      1.4399206        1.3364659        1.1485415
      1.5053715        1.4878144        1.5505350
      1.5708224        1.5631852        1.9059448
      1.6362734        1.5868253        2.1587834
      1.7017243        1.5809125        2.2659462
      1.7671752        1.5450873        2.2093322
      1.8326262        1.4624031        2.0010507
      1.8980771        1.3281814        1.6798473
      1.9635280        1.1757880        1.3003390
      2.0289790        1.0723287        0.9192625
      2.0944299        1.0803767        0.5835708
      2.1598808        1.2109149        0.3237554
      2.2253318        1.4034500        0.1531507
      2.2907827        1.5518034        0.0715582
      2.3562336        1.5613814        0.0703735
      2.4216846        1.4011746        0.1367765
      2.4871355        1.1182886        0.2559231
      2.5525864        0.8096978        0.4115305
      2.6180374        0.5734478        0.5860281
      2.6834883        0.4696789        0.7613177
      2.7489392        0.5079907        0.9204588
      2.8143902        0.6568002        1.0498161
      2.8798411        0.8602226        1.1408396
      2.9452920        1.0535958        1.1907984
      3.0107430        1.1795191        1.2022868
      3.0761939        1.2081226        1.1818121
      3.1416448        1.1554036        1.1380301
      3.2070958        1.0835468        1.0801428
      3.2725467        1.0717367        1.0167345
      3.3379976        1.1667568        0.9550757
      3.4034486        1.3439977        0.9007813
      3.4688995        1.5106732        0.8576976
      3.5343504        1.5575022        0.8279539
      3.5998014        1.4291409        0.8121644
      3.6652523        1.1653802        0.8097733
      3.7307032        0.8817079        0.8194883
      3.7961542        0.6997018        0.8397032
      3.8616051        0.6741695        0.8687856
      3.9270560        0.7667579        0.9051459
      3.9925070        0.8819747        0.9470814
      4.0579579        0.9366113        0.9924918
      4.1234088        0.9115015        1.0386326
      4.1888598        0.8512816        1.0820893
      4.2543107        0.8188741        1.1190817
      4.3197617        0.8441550        1.1460852
      4.3852126        0.9061770        1.1606051
      4.4506635        0.9580118        1.1618539
      4.5161145        0.9689282        1.1510787
      4.5815654        0.9477161        1.1313973
      4.6470163        0.9301922        1.1071647
      4.7124673        0.9450915        1.0830542
      4.7779182        0.9891561        1.0631198
      4.8433691        1.0317546        1.0500902
      4.9088201        1.0426672        1.0450422
      4.9742710        1.0174360        1.0474679
      5.0397219        0.9786817        1.0556379
      5.1051729        0.9540707        1.0671130
      5.1706238        0.9519120        1.0792657
      5.2360747        0.9562068        1.0897134
      5.3015257        0.9446136        1.0966243
      5.3669766        0.9121108        1.0988858
      5.4324275        0.8783942        1.0961514
      5.4978785        0.8719677        1.0887822
      5.5633294        0.9048792        1.0777025
      5.6287803        0.9605531        1.0641974
      5.6942313        1.0058536        1.0496821
      5.7596822        1.0174401        1.0354810
      5.8251331        1.0000469        1.0226525
      5.8905841        0.9811977        1.0118836
      5.9560350        0.9869931        1.0034631
      6.0214859        1.0196293        0.9973273
      6.0869369        1.0556459        0.9931542
      6.1523878        1.0661937        0.9904812
      6.2178387        1.0420541        0.9888186
      6.2832897        1.0023176        0.9877401
      6.3487406        0.9794691        0.9869391
      6.4141915        0.9932353        0.9862467
      6.4796425        1.0345932        0.9856162
      6.5450934        1.0726891        0.9850831
      6.6105443        1.0786985        0.9847145
      6.6759953        1.0474184        0.9845639
      6.7414462        1.0000025        0.9846464
      6.8068971        0.9668331        0.9849370
      6.8723481        0.9649323        0.9853913
      6.9377990        0.9874056        0.9859733
      7.0032500        1.0116953        0.9866786
      7.0687009        1.0184171        0.9875407
      7.1341518        1.0053538        0.9886210
      7.1996028        0.9866041        0.9899864
      7.2650537        0.9793763        0.9916841
      7.3305046        0.9900232        0.9937189
      7.3959556        1.0100173        0.9960403
      7.4614065        1.0236704        0.9985393
      7.5268574        1.0203906        1.0010578
      7.5923084        1.0019957        1.0034105
      7.6577593        0.9806597        1.0054168
      7.7232102        0.9703715        1.0069347
      7.7886612        0.9785430        1.0078879
      7.8541121        1.0027242        1.0082768
      7.9195630        1.0329189        1.0081716
      7.9850140        1.0567475        1.0076919
      8.0504649        1.0644632        1.0069810
      8.1159158        1.0523569        1.0061833
      8.1813668        1.0241855        1.0054282
      8.2468177        0.9902156        1.0048201
      8.3122686        0.9634481        1.0044299
      8.3777196        0.9538016        1.0042903

 Total S(Q)'s: Comparison with input data

   495  2 are NQ and NPAR

       Q      S(Q)_RMC  S(Q)_Expt
      0.0000000***************      0.0000000
      0.4682470      1.1036339      0.2678200
      0.4982822      1.1360800      0.3096070
      0.5283174      1.1704173      0.3395366
      0.5583526      1.2061534      0.3580489
      0.5883878      1.2426963      0.3660412
      0.6184230      1.2793640      0.3648164
      0.6484582      1.3153980      0.3560157
      0.6784934      1.3499811      0.3415402
      0.7085286      1.3822577      0.3234633
      0.7385638      1.4113583      0.3039396
      0.7685990      1.4364249      0.2851132
      0.7986342      1.4566383      0.2690299
      0.8286694      1.4712456      0.2575560
      0.8587046      1.4795870      0.2523082
      0.8887398      1.4811211      0.2545963
      0.9187750      1.4754470      0.2653798
      0.9488102      1.4623230      0.2852423
      0.9788454      1.4416810      0.3143807
      1.0088806      1.4136350      0.3526116
      1.0389158      1.3784846      0.3993924
      1.0689510      1.3367116      0.4538563
      1.0989862      1.2889711      0.5148581
      1.1290214      1.2360764      0.5810293
      1.1590566      1.1789783      0.6508391
      1.1890918      1.1187393      0.7226587
      1.2191270      1.0565044      0.7948250
      1.2491622      0.9934679      0.8657032
      1.2791974      0.9308392      0.9337430
      1.3092326      0.8698079      0.9975291
      1.3392678      0.8115090      1.0558219
      1.3693030      0.7569909      1.1075897
      1.3993382      0.7071864      1.1520295
      1.4293734      0.6628872      1.1885783
      1.4594086      0.6247250      1.2169142
      1.4894438      0.5931570      1.2369478
      1.5194790      0.5684582      1.2488070
      1.5495142      0.5507205      1.2528141
      1.5795494      0.5398574      1.2494587
      1.6095846      0.5356146      1.2393672
      1.6396198      0.5375868      1.2232713
      1.6696551      0.5452373      1.2019756
      1.6996903      0.5579229      1.1763280
      1.7297255      0.5749197      1.1471913
      1.7597607      0.5954508      1.1154194
      1.7897959      0.6187141      1.0818365
      1.8198311      0.6439082      1.0472213
      1.8498663      0.6702574      1.0122952
      1.8799015      0.6970329      0.9777141
      1.9099367      0.7235703      0.9440641
      1.9399719      0.7492836      0.9118600
      1.9700071      0.7736743      0.8815459
      2.0000423      0.7963365      0.8534970
      2.0300775      0.8169575      0.8280228
      2.0601127      0.8353148      0.8053699
      2.0901479      0.8512704      0.7857246
      2.1201831      0.8647614      0.7692151
      2.1502183      0.8757901      0.7559127
      2.1802535      0.8844122      0.7458324
      2.2102887      0.8907255      0.7389325
      2.2403239      0.8948583      0.7351148
      2.2703591      0.8969600      0.7342240
      2.3003943      0.8971921      0.7360480
      2.3304295      0.8957216      0.7403197
      2.3604647      0.8927172      0.7467197
      2.3904999      0.8883457      0.7548808
      2.4205351      0.8827724      0.7643954
      2.4505703      0.8761610      0.7748241
      2.4806055      0.8686764      0.7857071
      2.5106407      0.8604868      0.7965767
      2.5406759      0.8517663      0.8069723
      2.5707111      0.8426978      0.8164550
      2.6007463      0.8334738      0.8246236
      2.6307815      0.8242971      0.8311292
      2.6608167      0.8153790      0.8356890
      2.6908519      0.8069368      0.8380980
      2.7208871      0.7991890      0.8382374
      2.7509223      0.7923494      0.8360802
      2.7809575      0.7866197      0.8316930
      2.8109927      0.7821819      0.8252339
      2.8410279      0.7791903      0.8169456
      2.8710631      0.7777634      0.8071456
      2.9010983      0.7779774      0.7962130
      2.9311335      0.7798613      0.7845712
      2.9611687      0.7833929      0.7726706
      2.9912039      0.7884990      0.7609680
      3.0212391      0.7950564      0.7499075
      3.0512743      0.8028974      0.7399014
      3.0813095      0.8118166      0.7313130
      3.1113447      0.8215809      0.7244422
      3.1413799      0.8319414      0.7195141
      3.1714151      0.8426466      0.7166726
      3.2014503      0.8534566      0.7159767
      3.2314855      0.8641567      0.7174029
      3.2615207      0.8745706      0.7208507
      3.2915559      0.8845723      0.7261525
      3.3215911      0.8940943      0.7330870
      3.3516263      0.9031341      0.7413947
      3.3816615      0.9117563      0.7507956
      3.4116967      0.9200914      0.7610071
      3.4417319      0.9283300      0.7717621
      3.4717671      0.9367135      0.7828252
      3.5018023      0.9455216      0.7940068
      3.5318375      0.9550565      0.8051748
      3.5618727      0.9656247      0.8162613
      3.5919079      0.9775183      0.8272667
      3.6219431      0.9909953      0.8382586
      3.6519783      1.0062609      0.8493667
      3.6820135      1.0234507      0.8607749
      3.7120487      1.0426167      0.8727083
      3.7420839      1.0637167      0.8854195
      3.7721191      1.0866081      0.8991719
      3.8021543      1.1110469      0.9142227
      3.8321895      1.1366909      0.9308063
      3.8622247      1.1631086      0.9491184
      3.8922599      1.1897927      0.9693026
      3.9222951      1.2161770      0.9914394
      3.9523303      1.2416577      1.0155391
      3.9823655      1.2656164      1.0415374
      4.0124007      1.2874449      1.0692964
      4.0424359      1.3065693      1.0986079
      4.0724711      1.3224743      1.1292014
      4.1025063      1.3347241      1.1607545
      4.1325415      1.3429807      1.1929059
      4.1625767      1.3470182      1.2252699
      4.1926119      1.3467316      1.2574517
      4.2226471      1.3421413      1.2890628
      4.2526823      1.3333912      1.3197344
      4.2827175      1.3207427      1.3491304
      4.3127527      1.3045624      1.3769569
      4.3427879      1.2853070      1.4029690
      4.3728231      1.2635036      1.4269747
      4.4028583      1.2397282      1.4488348
      4.4328935      1.2145827      1.4684603
      4.4629287      1.1886714      1.4858065
      4.4929639      1.1625789      1.5008650
      4.5229991      1.1368499      1.5136533
      4.5530343      1.1119714      1.5242045
      4.5830695      1.0883596      1.5325558
      4.6131047      1.0663498      1.5387386
      4.6431399      1.0461918      1.5427689
      4.6731751      1.0280490      1.5446411
      4.7032103      1.0120024      1.5443233
      4.7332455      0.9980582      1.5417560
      4.7632807      0.9861587      1.5368544
      4.7933159      0.9761951      1.5295129
      4.8233511      0.9680228      1.5196129
      4.8533863      0.9614766      1.5070334
      4.8834215      0.9563849      1.4916625
      4.9134567      0.9525840      1.4734105
      4.9434919      0.9499292      1.4522231
      4.9735271      0.9483034      1.4280940
      5.0035623      0.9476232      1.4010756
      5.0335975      0.9478404      1.3712882
      5.0636327      0.9489414      1.3389251
      5.0936679      0.9509428      1.3042552
      5.1237031      0.9538843      1.2676215
      5.1537383      0.9578199      1.2294357
      5.1837735      0.9628070      1.1901687
      5.2138087      0.9688957      1.1503386
      5.2438439      0.9761174      1.1104946
      5.2738791      0.9844753      1.0711999
      5.3039143      0.9939361      1.0330123
      5.3339495      1.0044242      0.9964650
      5.3639847      1.0158185      0.9620479
      5.3940199      1.0279532      0.9301898
      5.4240551      1.0406200      0.9012443
      5.4540903      1.0535753      0.8754772
      5.4841255      1.0665484      0.8530589
      5.5141607      1.0792528      0.8340606
      5.5441959      1.0913991      0.8184543
      5.5742311      1.1027077      0.8061177
      5.6042663      1.1129225      0.7968431
      5.6343015      1.1218230      0.7903492
      5.6643367      1.1292354      0.7862962
      5.6943719      1.1350408      0.7843033
      5.7244071      1.1391808      0.7839665
      5.7544423      1.1416601      0.7848775
      5.7844775      1.1425452      0.7866415
      5.8145127      1.1419606      0.7888930
      5.8445479      1.1400808      0.7913103
      5.8745831      1.1371206      0.7936262
      5.9046183      1.1333223      0.7956354
      5.9346535      1.1289427      0.7971989
      5.9646887      1.1242384      0.7982434
      5.9947239      1.1194515      0.7987588
      6.0247591      1.1147970      0.7987913
      6.0547943      1.1104516      0.7984344
      6.0848295      1.1065444      0.7978179
      6.1148647      1.1031513      0.7970959
      6.1448999      1.1002927      0.7964336
      6.1749351      1.0979338      0.7959957
      6.2049703      1.0959891      0.7959347
      6.2350055      1.0943297      0.7963815
      6.2650407      1.0927925      0.7974387
      6.2950759      1.0911929      0.7991755
      6.3251111      1.0893370      0.8016258
      6.3551463      1.0870358      0.8047897
      6.3851815      1.0841181      0.8086363
      6.4152167      1.0804423      0.8131099
      6.4452519      1.0759072      0.8181368
      6.4752871      1.0704591      0.8236346
      6.5053223      1.0640970      0.8295201
      6.5353575      1.0568736      0.8357191
      6.5653927      1.0488941      0.8421733
      6.5954279      1.0403113      0.8488473
      6.6254631      1.0313171      0.8557327
      6.6554983      1.0221335      0.8628507
      6.6855335      1.0129996      0.8702509
      6.7155687      1.0041596      0.8780095
      6.7456039      0.9958491      0.8862233
      6.7756391      0.9882828      0.8950029
      6.8056743      0.9816432      0.9044637
      6.8357095      0.9760710      0.9147161
      6.8657447      0.9716592      0.9258553
      6.8957799      0.9684484      0.9379513
      6.9258151      0.9664264      0.9510399
      6.9558503      0.9655311      0.9651155
      6.9858855      0.9656552      0.9801255
      7.0159207      0.9666548      0.9959679
      7.0459559      0.9683589      1.0124911
      7.0759911      0.9705816      1.0294972
      7.1060263      0.9731336      1.0467475
      7.1360615      0.9758346      1.0639708
      7.1660967      0.9785249      1.0808742
      7.1961319      0.9810743      1.0971552
      7.2261671      0.9833902      1.1125145
      7.2562023      0.9854225      1.1266696
      7.2862375      0.9871651      1.1393678
      7.3162727      0.9886553      1.1503976
      7.3463079      0.9899693      1.1595986
      7.3763431      0.9912154      1.1668693
      7.4063783      0.9925252      1.1721711
      7.4364135      0.9940424      1.1755304
      7.4664487      0.9959113      1.1770366
      7.4964839      0.9982644      1.1768375
      7.5265191      1.0012112      1.1751318
      7.5565543      1.0048282      1.1721588
      7.5865896      1.0091501      1.1681870
      7.6166248      1.0141649      1.1635010
      7.6466600      1.0198107      1.1583878
      7.6766952      1.0259766      1.1531238
      7.7067304      1.0325066      1.1479623
      7.7367656      1.0392060      1.1431230
      7.7668008      1.0458517      1.1387835
      7.7968360      1.0522032      1.1350734
      7.8268712      1.0580167      1.1320712
      7.8569064      1.0630586      1.1298039
      7.8869416      1.0671198      1.1282502
      7.9169768      1.0700285      1.1273451
      7.9470120      1.0716616      1.1269881
      7.9770472      1.0719536      1.1270517
      8.0070824      1.0709024      1.1273924
      8.0371176      1.0685719      1.1278606
      8.0671528      1.0650906      1.1283116
      8.0971880      1.0606470      1.1286150
      8.1272232      1.0554814      1.1286630
      8.1572584      1.0498748      1.1283760
      8.1872936      1.0441349      1.1277076
      8.2173288      1.0385813      1.1266450
      8.2473640      1.0335291      1.1252087
      8.2773992      1.0292726      1.1234492
      8.3074344      1.0260707      1.1214410
      8.3374696      1.0241327      1.1192762
      8.3675048      1.0236081      1.1170555
      8.3975400      1.0245785      1.1148801
      8.4275752      1.0270533      1.1128422
      8.4576104      1.0309696      1.1110168
      8.4876456      1.0361953      1.1094552
      8.5176808      1.0425365      1.1081787
      8.5477160      1.0497473      1.1071759
      8.5777512      1.0575432      1.1064012
      8.6077864      1.0656158      1.1057760
      8.6378216      1.0736487      1.1051924
      8.6678568      1.0813337      1.1045187
      8.6978920      1.0883864      1.1036067
      8.7279272      1.0945601      1.1023003
      8.7579624      1.0996575      1.1004453
      8.7879976      1.1035396      1.0978983
      8.8180328      1.1061308      1.0945364
      8.8480680      1.1074212      1.0902649
      8.8781032      1.1074644      1.0850242
      8.9081384      1.1063723      1.0787943
      8.9381736      1.1043065      1.0715973
      8.9682088      1.1014671      1.0634969
      8.9982440      1.0980800      1.0545967
      9.0282792      1.0943824      1.0450348
      9.0583144      1.0906084      1.0349774
      9.0883496      1.0869750      1.0246103
      9.1183848      1.0836695      1.0141294
      9.1484200      1.0808388      1.0037309
      9.1784552      1.0785816      0.9936009
      9.2084904      1.0769435      0.9839070
      9.2385256      1.0759152      0.9747893
      9.2685608      1.0754347      0.9663548
      9.2985960      1.0753918      0.9586727
      9.3286312      1.0756366      0.9517730
      9.3586664      1.0759889      0.9456465
      9.3887016      1.0762509      0.9402479
      9.4187368      1.0762199      0.9355010
      9.4487720      1.0757012      0.9313053
      9.4788072      1.0745214      0.9275445
      9.5088424      1.0725389      0.9240955
      9.5388776      1.0696539      0.9208377
      9.5689128      1.0658151      0.9176621
      9.5989480      1.0610235      0.9144794
      9.6289832      1.0553337      0.9112265
      9.6590184      1.0488513      0.9078713
      9.6890536      1.0417280      0.9044155
      9.7190888      1.0341540      0.9008945
      9.7491240      1.0263476      0.8973753
      9.7791592      1.0185446      0.8939522
      9.8091944      1.0109850      0.8907404
      9.8392296      1.0039016      0.8878682
      9.8692648      0.9975074      0.8854679
      9.8993000      0.9919856      0.8836664
      9.9293352      0.9874806      0.8825762
      9.9593704      0.9840915      0.8822866
      9.9894056      0.9818690      0.8828567
     10.0194408      0.9808138      0.8843099
     10.0494760      0.9808789      0.8866310
     10.0795112      0.9819742      0.8897653
     10.1095464      0.9839733      0.8936203
     10.1395816      0.9867222      0.8980702
     10.1696168      0.9900495      0.9029619
     10.1996520      0.9937770      0.9081238
     10.2296872      0.9977306      0.9133752
     10.2597224      1.0017502      0.9185365
     10.2897576      1.0056986      0.9234405
     10.3197928      1.0094686      0.9279416
     10.3498280      1.0129879      0.9319255
     10.3798632      1.0162216      0.9353158
     10.4098984      1.0191722      0.9380795
     10.4399336      1.0218772      0.9402292
     10.4699688      1.0244041      0.9418231
     10.5000040      1.0268439      0.9429619
     10.5300392      1.0293029      0.9437835
     10.5600744      1.0318938      0.9444549
     10.5901096      1.0347256      0.9451629
     10.6201448      1.0378952      0.9461029
     10.6501800      1.0414787      0.9474673
     10.6802152      1.0455244      0.9494343
     10.7102504      1.0500477      0.9521567
     10.7402856      1.0550283      0.9557531
     10.7703208      1.0604094      0.9603000
     10.8003560      1.0660992      0.9658270
     10.8303912      1.0719752      0.9723148
     10.8604264      1.0778901      0.9796955
     10.8904616      1.0836790      0.9878565
     10.9204968      1.0891687      0.9966464
     10.9505320      1.0941868      1.0058835
     10.9805672      1.0985715      1.0153660
     11.0106024      1.1021800      1.0248836
     11.0406376      1.1048971      1.0342288
     11.0706728      1.1066409      1.0432090
     11.1007080      1.1073676      1.0516569
     11.1307432      1.1070739      1.0594394
     11.1607784      1.1057966      1.0664640
     11.1908136      1.1036106      1.0726838
     11.2208488      1.1006239      1.0780980
     11.2508840      1.0969720      1.0827506
     11.2809192      1.0928096      1.0867255
     11.3109544      1.0883018      1.0901399
     11.3409896      1.0836150      1.0931348
     11.3710248      1.0789076      1.0958638
     11.4010600      1.0743219      1.0984822
     11.4310952      1.0699763      1.1011346
     11.4611304      1.0659597      1.1039439
     11.4911656      1.0623281      1.1070014
     11.5212008      1.0591026      1.1103591
     11.5512360      1.0562701      1.1140245
     11.5812712      1.0537862      1.1179579
     11.6113064      1.0515799      1.1220731
     11.6413416      1.0495601      1.1262415
     11.6713768      1.0476233      1.1302988
     11.7014120      1.0456623      1.1340538
     11.7314472      1.0435746      1.1373001
     11.7614824      1.0412710      1.1398287
     11.7915176      1.0386835      1.1414407
     11.8215528      1.0357710      1.1419605
     11.8515880      1.0325243      1.1412475
     11.8816232      1.0289681      1.1392062
     11.9116584      1.0251622      1.1357935
     11.9416936      1.0211984      1.1310233
     11.9717288      1.0171975      1.1249680
     12.0017640      1.0133025      1.1177558
     12.0317992      1.0096715      1.1095654
     12.0618344      1.0064686      1.1006170
     12.0918696      1.0038549      1.0911616
     12.1219048      1.0019786      1.0814670
     12.1519400      1.0009661      1.0718036
     12.1819752      1.0009139      1.0624298
     12.2120104      1.0018824      1.0535775
     12.2420456      1.0038905      1.0454394
     12.2720808      1.0069136      1.0381584
     12.3021160      1.0108831      1.0318200
     12.3321512      1.0156884      1.0264478
     12.3621864      1.0211815      1.0220032
     12.3922216      1.0271835      1.0183886
     12.4222568      1.0334924      1.0154539
     12.4522920      1.0398924      1.0130068
     12.4823272      1.0461644      1.0108258
     12.5123624      1.0520962      1.0086743
     12.5423976      1.0574923      1.0063168
     12.5724328      1.0621833      1.0035345
     12.6024680      1.0660332      1.0001399
     12.6325032      1.0689461      0.9959904
     12.6625384      1.0708694      0.9909982
     12.6925736      1.0717959      0.9851376
     12.7226088      1.0717630      0.9784482
     12.7526440      1.0708498      0.9710337
     12.7826792      1.0691719      0.9630574
     12.8127144      1.0668749      0.9547329
     12.8427496      1.0641260      0.9463121
     12.8727848      1.0611049      0.9380705
     12.9028200      1.0579943      0.9302900
     12.9328552      1.0549702      0.9232422
     12.9628904      1.0521932      0.9171703
     12.9929256      1.0498008      0.9122743
     13.0229608      1.0479004      0.9086969
     13.0529960      1.0465651      0.9065137
     13.0830312      1.0458309      0.9057267
     13.1130664      1.0456959      0.9062629
     13.1431016      1.0461221      0.9079770
     13.1731368      1.0470379      0.9106590
     13.2031720      1.0483440      0.9140456
     13.2332072      1.0499194      0.9178357
     13.2632424      1.0516284      0.9217085
     13.2932776      1.0533293      0.9253427
     13.3233128      1.0548820      0.9284371
     13.3533480      1.0561558      0.9307299
     13.3833832      1.0570368      0.9320161
     13.4134184      1.0574334      0.9321623
     13.4434536      1.0572817      0.9311165
     13.4734888      1.0565480      0.9289142
     13.5035240      1.0552303      0.9256782
     13.5335593      1.0533583      0.9216140
     13.5635945      1.0509914      0.9169989
     13.5936297      1.0482154      0.9121670
     13.6236649      1.0451377      0.9074900
     13.6537001      1.0418819      0.9033547
     13.6837353      1.0385815      0.9001390
     13.7137705      1.0353735      0.8981880
     13.7438057      1.0323919      0.8977909
     13.7738409      1.0297617      0.8991599
     13.8038761      1.0275932      0.9024142
     13.8339113      1.0259781      0.9075683
     13.8639465      1.0249851      0.9145262
     13.8939817      1.0246586      0.9230824
     13.9240169      1.0250173      0.9329295
     13.9540521      1.0260543      0.9436717
     13.9840873      1.0277384      0.9548450
     14.0141225      1.0300168      0.9659418
     14.0441577      1.0328178      0.9764389
     14.0741929      1.0360545      0.9858283
     14.1042281      1.0396293      0.9936475
     14.1342633      1.0434374      0.9995094
     14.1642985      1.0473715      1.0031277
     14.1943337      1.0513253      1.0043394
     14.2243689      1.0551973      1.0031186
     14.2544041      1.0588931      0.9995854
     14.2844393      1.0623284      0.9940046
     14.3144745      1.0654300      0.9867775
     14.3445097      1.0681372      0.9784240
     14.3745449      1.0704022      0.9695584
     14.4045801      1.0721898      0.9608569
     14.4346153      1.0734773      0.9530214
     14.4646505      1.0742532      0.9467390
     14.4946857      1.0745169      0.9426402
     14.5247209      1.0742770      0.9412581
     14.5547561      1.0735506      0.9429905
     14.5847913      1.0723620      0.9480674
     14.6148265      1.0707423      0.9565251
     14.6448617      1.0687279      0.9681893
     14.6748969      1.0663605      0.9826685
     14.7049321      1.0636863      0.9993575
     14.7349673      1.0607552      1.0174521
     14.7650025      1.0576208      1.0359744
     14.7950377      1.0543394      1.0538075
     14.8250729      1.0509695      1.0697394
     14.8551081      1.0475709      1.0825120
     14.8851433      1.0442038      1.0908756
     14.9151785      1.0409273      1.0936445
     14.9452137      1.0377982      1.0897518
     14.9752489      1.0348695      1.0783013
     15.0052841      1.0321885      1.0586128
     15.0353193      1.0297956      1.0302595
     15.0653545      1.0277224      0.9930949
     15.0953897      1.0259907      0.9472689
     15.1254249      1.0246114      0.8932307
     15.1554601      1.0235837      0.8317190
     15.1854953      1.0228951      0.7637401
     15.2155305      1.0225222      0.6905340
     15.2455657      1.0224309      0.6135304
     15.2756009      1.0225785      0.5342965
