Time       moves_acc moves_gen
h/m/s/.th    WEIGHT PARAMETERS 
121735.973     1595389     1890374
121747.979     2988074     3553095
121759.973     4312810     5142210
121811.975     5678314     6775547
121823.973     7058744     8432949
121835.973     8433694    10084166
121847.973     9711158    11619625
121859.973    11088082    13266640
121911.973    12515276    14973075
121923.973    13930159    16665696
121935.973    15355300    18371107
121947.973    16787213    20079289
121959.973    18214625    21785762
122011.973    19614189    23461847
122023.973    20951856    25066257
122035.973    22318560    26692500
122047.973    23739599    28390033
122059.973    25097497    30019434
122111.973    26481326    31667301
122123.973    27849201    33300893
122135.973    29248207    34968279
122147.973    30673572    36668278
122159.973    32003809    38254781
122211.973    33384800    39897467
122223.973    34794288    41578113
122235.973    36304121    43389101
122247.973    37726755    45090018
122259.979    39094839    46735901
122311.973    40485717    48404879
122323.973    41828494    50011757
122335.974    43183978    51634450
122347.973    44469312    53176175
122359.973    45769746    54732963
122411.973    47264898    56527002
122423.973    48747539    58302750
122435.975    50337778    60205914
122447.973    51940639    62128238
122459.973    53525451    64024127
122511.973    55076045    65880737
122523.973    56579853    67680526
122535.973    57973473    69347878
122547.973    59388832    71045437
122559.973    60752586    72675539
122611.973    62152130    74354775
122623.973    63474566    75942740
122635.973    64778425    77515040
122647.973    66088726    79089050
122659.973    67461245    80727830
122711.973    68772071    82292552
122723.973    70082034    83863179
122735.973    71383949    85416178
122747.973    72806548    87111099
122759.975    74194065    88771245
122811.973    75630936    90494300
122823.973    77123433    92284977
122835.973    78599442    94044168
122847.973    79967602    95678570
122859.973    81277015    97245075
122911.973    82686724    98928112
122923.979    84031740   100533819
122935.973    85366575   102125412
122947.973    86799100   103835313
122959.973    88257025   105572739
123011.973    89541441   107102930
123023.973    90813463   108622243
123035.975    92087813   110152347
123047.973    93509307   111850724
123059.973    95023720   113669463
123111.973    96404166   115324003
123123.973    97727608   116906190
123135.973    99107620   118551505
123147.973   100551092   120276272
123159.973   101908571   121899438
123211.973   103273695   123532747
123223.973   104829504   125396376
123235.973   106316690   127174589
123247.975   107750582   128898052
123259.973   109142881   130574284
123311.973   110507189   132204568
123323.973   112033161   134031309
123335.973   113489624   135775324
123347.973   114954297   137525500
123359.973   116344328   139194039
123411.975   117777911   140907878
123423.973   119207509   142619677
123435.973   120552459   144235036
123447.973   121855159   145803043
123459.973   123318305   147560324
123511.974   124737950   149256400
123523.973   126124254   150915482
123535.973   127655169   152744069
123547.973   129030289   154382842
123559.975   130322372   155926703
123611.973   131675076   157546576
123623.973   132983361   159113707
123635.973   134294352   160678004
123647.973   135849955   162533110
123659.973   137350299   164327019
123711.973   138837221   166101344
123723.973   140267654   167807829
123735.980   141659107   169468493
123747.973   143021929   171094197
123759.973   144376033   172709844
123811.973   145738046   174333181
123823.973   147195574   176072882
123835.973   148628177   177789742
123847.973   150052132   179494049
123859.973   151466843   181192215
123911.973   152903305   182907006
123923.973   154343808   184623272
123935.973   155773269   186328988
123947.975   157191446   188029114
123959.979   158606722   189724844
124011.979   160018637   191412313
124023.979   161432268   193104506
124035.979   162847566   194791150
124047.975   164254118   196477046
124059.979   165660748   198161321
124111.979   167076194   199852201
124123.979   168483451   201539245
124135.979   169894656   203227100
124147.975   171312874   204921461
124159.975   172726289   206618063
124211.979   174142488   208311889
124223.979   175554588   210006266
124235.979   176966924   211708364
124247.975   178386364   213409807
124259.975   179811611   215113943
124311.975   181238268   216817056
124323.975   182654610   218518441
124335.975   184077312   220217339
124347.975   185530373   221951541
124359.979   186979896   223680782
124411.979   188419452   225407057
124423.975   189868196   227139110
124435.980   191008760   228502416
124447.975   192123362   229835342
124459.975   193332236   231284952
124511.979   194725514   232949368
124523.976   196109634   234603100
124535.975   197484631   236243500
124547.979   198869425   237893578
124559.974   200245197   239534055
124611.975   201635589   241190818
124623.979   203048027   242875460
124635.975   204507323   244625092
124647.975   205970451   246377643
124659.975   207413820   248108600
124711.975   208839677   249814316
124723.975   210261525   251510412
124735.979   211683853   253207788
124747.975   213107785   254913340
124759.979   214495118   256575682
124811.980   215803139   258141308
124823.979   217106871   259703748
124835.980   218414045   261262088
124847.979   219710798   262812455
124859.980   220992310   264345316
124911.980   222345969   265964947
124923.980   223717113   267608074
124935.975   225016688   269165455
124947.980   226313326   270716947
124959.980   227596253   272250766
125011.975   228867466   273775844
125023.980   230144446   275305500
125035.980   231403366   276814852
125047.980   232655219   278319492
125059.980   233915463   279838656
125111.980   235174518   281349750
125123.980   236471020   282898100
125135.980   237768779   284454332
125147.975   239049299   285985396
125159.975   240327119   287509335
125211.980   241594202   289019798
125223.980   242847217   290515262
125235.980   244101392   292018517
125247.980   245344417   293506949
125259.975   246589646   294990073
125311.980   247836320   296482273
125323.975   249051843   297937242
125335.979   250290807   299419151
125347.980   251534641   300904316
125359.975   252772212   302384624
125411.980   254008229   303854766
125423.975   255224213   305304047
125435.975   256476406   306794639
125447.980   257716413   308272273
125459.980   258934878   309729872
125511.975   260147004   311183844
125523.975   261338956   312613297
125535.980   262562742   314078762
125547.976   263777311   315539682
125559.975   264947292   316939363
125611.980   266178144   318408669
125623.975   267362700   319824007
125635.975   268593584   321294604
125647.975   269729163   322657113
125659.975   270914180   324077108
125711.975   272135417   325538184
125723.980   273355322   327002942
125735.975   274551779   328427628
125747.975   275766079   329881184
125759.981   276965128   331316571
125811.980   278087198   332659542
125823.975   279312057   334126503
125835.979   280510565   335558547
125847.980   281705063   336990644
125859.975   282910240   338431427
125911.980   284111727   339871700
125923.980   285308466   341306603
130509.292   286630392   342892888
130521.298   287983682   344518220
130533.298   289339166   346154166
130545.298   290777901   347885082
130557.293   292265740   349666808
130609.293   293715442   351400390
130621.292   295080193   353035163
130633.297   296680342   354941125
130645.293   298191849   356747891
130657.292   299592068   358422017
130709.293   300931946   360027058
130721.293   302381100   361759337
130733.293   303762043   363412381
130745.294   305113878   365027467
130757.293   306529308   366717596
130809.297   307926463   368390736
130821.297   309302317   370032048
130833.298   310688684   371681763
130845.297   312037844   373290547
130857.297   313408793   374925402
130909.293   314750467   376527727
130921.292   316001394   378025273
130933.298   317250314   379517139
130945.298   318467040   380974611
130957.293   319702166   382458558
131009.298   320925594   383920307
131021.298   322130673   385360467
131033.293   323338588   386802803
131045.298   324526512   388226345
131057.297   325753960   389697233
131109.298   326958773   391143546
131121.298   328166634   392586811
131133.293   329359816   394018741
131145.293   330537880   395424801
131157.298   331714081   396835942
131209.298   332891795   398252369
131221.293   334069889   399662234
131233.293   335238595   401064320
131245.293   336397865   402454020
131257.298   337530083   403812592
131309.293   338690918   405200893
131321.293   339873008   406613138
131333.298   341045277   408018561
131345.298   342216291   409422100
131357.298   343388093   410827705
131409.293   344571784   412245176
131421.298   345752300   413667445
131433.298   346905127   415045024
131445.297   348054553   416415717
131457.298   349230212   417818915
131509.293   350408864   419228751
131521.298   351600026   420652540
131533.293   352792553   422073040
131545.298   353972113   423486354
131557.298   355158231   424900970
131609.305   356326855   426305419
131621.298   357495802   427710056
131633.293   358697401   429142691
131645.298   359907356   430592094
131657.298   361015003   431915497
131709.298   362176786   433303126
131721.293   363295262   434637036
131733.293   364444540   436010103
131745.298   365614972   437405521
131757.298   366809978   438828944
131809.298   367989643   440234589
131821.293   369170013   441642534
131833.293   370360153   443061909
131845.293   371562232   444495438
131857.293   372740060   445907529
131909.293   373910602   447306165
131921.298   375091676   448728298
131933.298   376286811   450162810
131945.293   377478712   451583552
131957.298   378692031   453031054
132009.294   379755106   454302358
132021.293   380826395   455581839
132033.293   381943447   456917024
132045.294   383019767   458203154
132057.294   384061149   459444491
132109.298   385097899   460686280
132121.298   386209127   462017166
132133.293   387143196   463134187
132145.298   388194645   464395751
132157.298   389344618   465773446
132210.241   390490106   467142144
132222.241   391641937   468522105
132234.241   392670355   469752513
132246.241   393742646   471035799
132258.245   394791228   472290081
