 Results from RMCProfile version 6.7.9.5

 (Version 6f format configuration file)                                          

 2 experiments   3 partials

 Partial g(r)'s are printed out below

   245  3 are NR and NPAR

   r (Ang)
   0.06545     0.00000     0.00000     0.00000
   0.13090     0.00000     0.00000     0.00000
   0.19635     0.00000     0.00000     0.00000
   0.26180     0.00000     0.00000     0.00000
   0.32725     0.00000     0.00000     0.00000
   0.39271     0.00000     0.00000     0.00000
   0.45816     0.00000     0.00000     0.00000
   0.52361     0.00000     0.00000     0.00000
   0.58906     0.00000     0.00000     0.00000
   0.65451     0.00000     0.00000     0.00000
   0.71996     0.00000     0.00000     0.00000
   0.78541     0.00000     0.00000     0.00000
   0.85086     0.00000     0.00000     0.00000
   0.91631     0.00000     0.00000     0.00000
   0.98176     0.00000     0.00000     0.00000
   1.04721     0.00000     0.00000     0.00000
   1.11267     0.00000     0.00000     0.00000
   1.17812     0.00000     0.00000     0.00000
   1.24357     0.00000     0.00000     0.00000
   1.30902     0.00000     0.60410     0.00000
   1.37447     0.00000     3.24382     0.57068
   1.43992     0.00000     0.59912     1.69995
   1.50537     0.00000     0.38372     0.65874
   1.57082     0.00000     1.98022     1.36125
   1.63627     0.00000     6.78958     3.11312
   1.70172     0.00000     5.63394     2.60620
   1.76718     0.00000     1.86964     0.83657
   1.83263     0.00000     0.88774     0.74084
   1.89808     0.00000     2.73561     0.97840
   1.96353     0.00000     6.88480     1.76400
   2.02898     0.00000     1.32779     0.57418
   2.09443     0.00000     0.03776     0.01891
   2.15988     0.00000     0.00000     0.00889
   2.22533     0.00000     0.00000     0.00000
   2.29078     0.00000     0.00000     0.00000
   2.35623     0.00000     2.85681     0.00000
   2.42168     0.00000     0.00000     0.00000
   2.48714     0.00000     0.00000     0.00000
   2.55259     0.00000     0.00000     0.00000
   2.61804     0.00000     0.00000     0.00000
   2.68349     0.00000     0.05176     0.42041
   2.74894     0.00000     1.90163     4.75265
   2.81439     0.00000     0.76333     1.91629
   2.87984     0.17950     0.20473     0.61506
   2.94529     1.60174     0.23870     0.54978
   3.01074     2.29929     0.62590     1.12548
   3.07619     3.07649     1.25161     1.75301
   3.14164     2.63122     1.27134     1.58409
   3.20710     1.10968     0.64019     1.01205
   3.27255     0.71049     0.36735     0.86742
   3.33800     0.74229     0.46831     0.74813
   3.40345     1.62795     0.72218     0.94877
   3.46890     1.96574     0.91201     0.93744
   3.53435     1.49635     0.81887     1.00264
   3.59980     1.07225     0.46339     0.81609
   3.66525     0.61566     0.56721     0.69768
   3.73070     0.72498     0.53558     0.60786
   3.79615     0.87237     0.77304     0.70220
   3.86161     1.48643     0.99423     0.89553
   3.92706     1.29786     1.08489     0.87130
   3.99251     1.10000     0.93530     0.85858
   4.05796     0.84380     0.95064     0.78326
   4.12341     0.82696     0.90121     0.83664
   4.18886     0.88616     1.16594     0.94306
   4.25431     1.31608     1.33627     1.11821
   4.31976     1.25877     1.53355     1.14681
   4.38521     0.85159     1.28999     1.11714
   4.45066     1.01880     1.14152     1.04266
   4.51611     0.95704     1.24675     0.98418
   4.58157     0.94566     1.23506     1.01159
   4.64702     0.98049     1.21777     1.12541
   4.71247     1.17690     1.32777     1.21949
   4.77792     1.01445     1.23904     1.03007
   4.84337     0.88850     1.03100     0.88397
   4.90882     0.85123     1.06384     0.98103
   4.97427     1.02954     0.99586     1.06936
   5.03972     1.06810     1.17561     1.10545
   5.10517     1.06628     1.19651     1.12661
   5.17062     1.17557     1.17106     1.16187
   5.23607     0.90503     1.11628     1.08309
   5.30153     1.06527     1.04911     1.07127
   5.36698     0.95904     1.06106     1.13745
   5.43243     1.14907     1.17317     1.22685
   5.49788     1.30795     1.11252     1.14430
   5.56333     1.19718     1.07446     1.18587
   5.62878     1.08075     1.04831     1.05766
   5.69423     1.17338     1.00263     1.05779
   5.75968     0.96736     0.98622     1.06389
   5.82513     1.04324     1.01544     1.07067
   5.89058     1.04402     1.05268     1.09482
   5.95604     1.04452     0.94795     1.14454
   6.02149     1.06300     1.04853     1.02715
   6.08694     0.91078     0.91544     1.02309
   6.15239     1.05757     0.92233     1.04307
   6.21784     1.00548     0.95121     0.96330
   6.28329     1.00559     0.97136     1.11982
   6.34874     1.00959     0.99562     1.07010
   6.41419     0.96898     1.00459     1.04232
   6.47964     1.02436     0.94889     1.00655
   6.54509     0.91130     0.95805     0.94199
   6.61054     0.94256     0.98371     0.96709
   6.67600     0.97242     1.00540     1.01056
   6.74145     0.93907     1.05523     0.99834
   6.80690     1.01392     1.04308     0.97744
   6.87235     0.95617     0.98034     0.98789
   6.93780     1.04819     0.92751     0.93832
   7.00325     0.89041     0.95754     0.97752
   7.06870     1.03621     1.01615     1.00100
   7.13415     1.05629     1.04234     1.00961
   7.19960     0.95420     0.98273     0.96573
   7.26505     0.96215     0.98393     1.00970
   7.33050     0.99430     1.01499     0.99252
   7.39596     0.98586     0.96607     0.96593
   7.46141     1.08154     0.98936     0.96694
   7.52686     1.01902     1.01755     1.00364
   7.59231     1.01587     1.00583     1.00871
   7.65776     1.12552     1.05722     1.02690
   7.72321     0.95954     0.98175     0.95812
   7.78866     0.98166     1.00355     0.97900
   7.85411     0.98682     1.01844     1.02461
   7.91956     0.98904     1.01951     1.01171
   7.98501     1.05851     1.02689     1.02121
   8.05046     0.99542     1.06586     1.03027
   8.11592     0.94930     0.97895     1.01246
   8.18137     0.95888     1.03697     0.95357
   8.24682     0.97777     0.96638     1.04765
   8.31227     1.06538     1.01116     1.00481
   8.37772     1.02995     1.05679     0.99449
   8.44317     1.04885     1.02537     0.99193
   8.50862     0.94595     1.00679     1.04203
   8.57407     1.03732     0.99486     1.00362
   8.63952     0.93523     0.96542     1.03736
   8.70497     1.03910     1.05698     0.96928
   8.77043     0.95268     1.02565     1.07564
   8.83588     0.97464     1.01688     1.02471
   8.90133     1.08562     1.02289     1.04215
   8.96678     0.98754     1.00543     1.01254
   9.03223     0.98139     0.97619     1.00047
   9.09768     1.00929     1.02324     0.99214
   9.16313     1.06585     1.04024     1.01308
   9.22858     1.00028     1.05763     1.02214
   9.29403     1.04944     1.04279     0.99963
   9.35948     1.02160     0.95356     1.00322
   9.42493     1.03539     0.98698     0.98233
   9.49039     1.03034     1.01756     1.01303
   9.55584     1.07424     1.02317     1.00874
   9.62129     1.03823     1.01332     1.00178
   9.68674     1.08948     0.98555     1.01392
   9.75219     1.03490     0.97411     1.02914
   9.81764     0.99025     0.99468     0.99395
   9.88309     0.96194     0.97731     1.02032
   9.94854     1.05629     1.03353     1.01574
  10.01399     1.04748     1.00974     1.01946
  10.07944     0.92320     0.99667     1.00667
  10.14489     1.01741     1.00598     1.02757
  10.21035     1.00282     1.01180     0.98142
  10.27580     0.99478     0.98679     0.99606
  10.34125     1.02399     1.02352     1.02615
  10.40670     0.98519     0.97704     0.97997
  10.47215     1.02721     1.02075     1.03885
  10.53760     0.95342     1.02676     0.98192
  10.60305     0.97405     0.97839     1.03365
  10.66850     1.02027     0.98607     0.98967
  10.73395     0.97485     0.98487     0.99528
  10.79940     0.99285     1.01203     0.97649
  10.86486     0.96131     1.02688     1.00973
  10.93031     1.02183     1.00734     1.01295
  10.99576     0.93445     1.01354     0.98481
  11.06121     0.95452     0.99007     0.97488
  11.12666     0.98207     0.97344     0.98689
  11.19211     1.03533     1.00672     0.99624
  11.25756     1.00897     1.02675     0.98568
  11.32301     0.98830     1.02267     1.02478
  11.38846     0.96550     0.95602     1.00440
  11.45391     0.96206     0.96186     0.99801
  11.51936     0.97360     1.02524     0.98326
  11.58482     1.01809     0.99610     1.00556
  11.65027     1.01278     1.02003     0.97382
  11.71572     1.06055     1.00353     0.99258
  11.78117     0.94153     0.96705     1.00698
  11.84662     1.02545     1.00538     0.97224
  11.91207     0.96292     1.00137     0.98263
  11.97752     0.98817     1.01326     0.99187
  12.04297     1.01966     0.99028     1.02001
  12.10842     1.00641     0.98243     1.01750
  12.17387     1.03803     0.99760     0.97776
  12.23932     0.97837     0.99083     0.99557
  12.30478     0.98547     0.98743     0.97268
  12.37023     1.00318     0.99893     1.00985
  12.43568     0.97553     0.99326     1.01185
  12.50113     1.03732     1.00515     0.99438
  12.56658     0.95113     0.99733     1.00348
  12.63203     1.03356     0.97846     0.99181
  12.69748     0.99420     0.98740     0.99782
  12.76293     1.02567     0.97985     0.98634
  12.82838     0.97201     1.00234     1.01309
  12.89383     1.01191     1.00639     0.99485
  12.95928     1.04998     0.99822     0.99816
  13.02474     0.99362     0.98089     0.99647
  13.09019     0.98854     0.98585     0.97951
  13.15564     0.99020     0.99185     0.98465
  13.22109     1.03058     0.97637     1.00885
  13.28654     1.02045     1.01909     1.02971
  13.35199     1.01511     0.99681     1.00941
  13.41744     0.95377     0.98435     0.97217
  13.48289     0.94635     0.97778     0.99629
  13.54834     1.03366     0.99543     1.00069
  13.61379     0.96751     1.00175     1.04435
  13.67925     0.97154     1.02494     0.98363
  13.74470     0.92378     0.99635     1.00392
  13.81015     0.99831     0.99518     0.99725
  13.87560     0.99063     0.98925     0.98593
  13.94105     0.98305     0.98723     0.99227
  14.00650     0.99075     1.01898     0.99084
  14.07195     1.01163     1.00157     1.00364
  14.13740     1.00560     1.00496     0.99333
  14.20285     0.95289     1.00783     0.96651
  14.26830     1.00104     0.97542     0.98843
  14.33375     0.98709     1.01692     0.97619
  14.39921     0.99728     1.00890     0.98734
  14.46466     1.02307     1.01681     0.99091
  14.53011     1.01152     0.99021     0.99733
  14.59556     1.00558     0.96502     0.99522
  14.66101     1.01355     1.01153     0.95914
  14.72646     0.98091     0.99225     0.98372
  14.79191     1.02442     0.97819     1.03342
  14.85736     1.04838     1.00261     0.98131
  14.92281     0.98498     1.01801     0.99786
  14.98826     0.98744     0.97134     0.98399
  15.05371     0.95698     0.98686     0.97546
  15.11917     1.00226     1.01366     1.00785
  15.18462     0.98072     1.00099     0.99325
  15.25007     0.99864     1.00274     1.00953
  15.31552     1.01128     0.99101     1.03416
  15.38097     0.97263     0.98190     0.97629
  15.44642     0.99075     0.96109     0.96838
  15.51187     0.98515     0.99018     1.00986
  15.57732     1.03961     1.02301     1.00345
  15.64277     1.02214     1.03122     1.02676
  15.70822     1.00426     0.98270     0.98847
  15.77368     0.91682     0.91464     0.96345
  15.83913     0.93168     0.95926     1.00295
  15.90458     1.12021     1.06156     1.03669
  15.97003     1.17266     1.08747     1.04983
  16.03548     0.79707     0.83332     0.87419

 Partial S(Q)'s are printed out below

   494  3 are NQ and NPAR

      Q          S(Q)_1      S(Q)_2      S(Q)_3
  0.4682470    -2.7710296     0.0593151    -1.3218451
  0.4982822    -3.0308329    -0.2038892    -1.6076066
  0.5283174    -3.2096877    -0.3476660    -1.7831683
  0.5583526    -3.3051694    -0.3828765    -1.8525002
  0.5883878    -3.3247405    -0.3339978    -1.8325717
  0.6184230    -3.2834343    -0.2331188    -1.7490174
  0.6484582    -3.2007601    -0.1134278    -1.6309811
  0.6784934    -3.0973792    -0.0033858    -1.5060629
  0.7085286    -2.9920771     0.0774565    -1.3961868
  0.7385638    -2.8994482     0.1204345    -1.3149706
  0.7685990    -2.8285490     0.1274403    -1.2668608
  0.7986342    -2.7825874     0.1086339    -1.2479666
  0.8286694    -2.7595408     0.0788778    -1.2482313
  0.8587046    -2.7534587     0.0537554    -1.2543875
  0.8887398    -2.7561314     0.0460244    -1.2530636
  0.9187750    -2.7587902     0.0631795    -1.2334527
  0.9488102    -2.7535550     0.1065034    -1.1891076
  0.9788454    -2.7344325     0.1716377    -1.1186387
  1.0088806    -2.6977835     0.2503773    -1.0253241
  1.0389158    -2.6422823     0.3331622    -0.9158522
  1.0689510    -2.5684867     0.4116289    -0.7985568
  1.0989862    -2.4781812     0.4806266    -0.6815657
  1.1290214    -2.3736768     0.5392656    -0.5712505
  1.1590566    -2.2572211     0.5908138    -0.4712651
  1.1890918    -2.1306242     0.6415287    -0.3823058
  1.2191270    -1.9951400     0.6987508    -0.3025661
  1.2491622    -1.8515848     0.7687346    -0.2287155
  1.2791974    -1.7006195     0.8547376    -0.1571414
  1.3092326    -1.5431037     0.9558061    -0.0851578
  1.3392678    -1.3804191     1.0665301    -0.0119183
  1.3693030    -1.2146835     1.1778114     0.0611466
  1.3993382    -1.0488044     1.2784670     0.1304361
  1.4293734    -0.8863606     1.3573051     0.1907826
  1.4594086    -0.7313345     1.4052197     0.2364036
  1.4894438    -0.5877408     1.4168542     0.2619975
  1.5194790    -0.4592133     1.3914881     0.2637621
  1.5495142    -0.3486086     1.3329768     0.2401447
  1.5795494    -0.2576770     1.2487810     0.1921990
  1.6095846    -0.1868382     1.1483151     0.1235055
  1.6396198    -0.1350779     1.0409833     0.0396972
  1.6696550    -0.0999747     0.9343264    -0.0523020
  1.6996902    -0.0778498     0.8326686    -0.1451771
  1.7297254    -0.0640307     0.7365323    -0.2321034
  1.7597606    -0.0532134     0.6429214    -0.3074747
  1.7897958    -0.0399040     0.5463820    -0.3673855
  1.8198311    -0.0189133     0.4405902    -0.4098284
  1.8498663     0.0141304     0.3201085    -0.4346203
  1.8799015     0.0622956     0.1819296    -0.4431109
  1.9099367     0.1269432     0.0264792    -0.4377517
  1.9399719     0.2074615    -0.1421262    -0.4216102
  1.9700071     0.3011939    -0.3166086    -0.3979022
  2.0000423     0.4035979    -0.4877210    -0.3695985
  2.0300775     0.5086456    -0.6458435    -0.3391357
  2.0601127     0.6094453    -0.7826497    -0.3082417
  2.0901479     0.6990224    -0.8925014    -0.2778713
  2.1201831     0.7711700    -0.9733004    -0.2482375
  2.1502183     0.8212509    -1.0266451    -0.2189237
  2.1802535     0.8468341    -1.0572865    -0.1890605
  2.2102887     0.8480586    -1.0720220    -0.1575529
  2.2403239     0.8276537    -1.0782735    -0.1233383
  2.2703591     0.7905941    -1.0826480    -0.0856533
  2.3003943     0.7434249    -1.0897690    -0.0442785
  2.3304295     0.6933460    -1.1015955     0.0002755
  2.3604647     0.6471887    -1.1173342     0.0466765
  2.3904999     0.6104381    -1.1339242     0.0928054
  2.4205351     0.5864538    -1.1469550     0.1359304
  2.4505703     0.5760116    -1.1517985     0.1730130
  2.4806055     0.5772385    -1.1447069     0.2011115
  2.5106407     0.5859515    -1.1236467     0.2178233
  2.5406759     0.5963449    -1.0887150     0.2216901
  2.5707111     0.6019136    -1.0420766     0.2124905
  2.6007463     0.5964642    -0.9874702     0.1913537
  2.6307815     0.5750530    -0.9294173     0.1606577
  2.6608167     0.5347049    -0.8723226     0.1237152
  2.6908519     0.4748072    -0.8196663     0.0842878
  2.7208871     0.3971297    -0.7734530     0.0460106
  2.7509223     0.3054832    -0.7340171     0.0118279
  2.7809575     0.2050906    -0.7001996    -0.0164540
  2.8109927     0.1017862    -0.6698280    -0.0384083
  2.8410279     0.0011839    -0.6403723    -0.0549746
  2.8710631    -0.0920490    -0.6096151    -0.0681881
  2.9010983    -0.1747005    -0.5761883    -0.0807005
  2.9311335    -0.2452374    -0.5398623    -0.0951866
  2.9611687    -0.3037283    -0.5015418    -0.1137530
  2.9912039    -0.3515044    -0.4629893    -0.1374693
  3.0212391    -0.3906402    -0.4263587    -0.1661184
  3.0512743    -0.4233620    -0.3936589    -0.1982185
  3.0813095    -0.4514983    -0.3662775    -0.2313147
  3.1113447    -0.4760733    -0.3446706    -0.2624811
  3.1413799    -0.4971111    -0.3282826    -0.2889304
  3.1714151    -0.5136774    -0.3157005    -0.3086036
  3.2014503    -0.5241410    -0.3049955    -0.3206142
  3.2314855    -0.5265953    -0.2941597    -0.3254525
  3.2615207    -0.5193563    -0.2815324    -0.3249016
  3.2915559    -0.5014379    -0.2661170    -0.3216789
  3.3215911    -0.4729130    -0.2477197    -0.3188741
  3.3516263    -0.4350920    -0.2268899    -0.3192975
  3.3816615    -0.3904799    -0.2046878    -0.3248747
  3.4116967    -0.3425167    -0.1823470    -0.3362122
  3.4417319    -0.2951385    -0.1609207    -0.3524288
  3.4717671    -0.2522321    -0.1410010    -0.3712885
  3.5018023    -0.2170706    -0.1225792    -0.3896135
  3.5318375    -0.1918235    -0.1050750    -0.4038939
  3.5618727    -0.1772226    -0.0875245    -0.4109721
  3.5919079    -0.1724397    -0.0688702    -0.4086642
  3.6219431    -0.1752011    -0.0482785    -0.3961916
  3.6519783    -0.1821230    -0.0253992    -0.3743375
  3.6820135    -0.1892198    -0.0004996    -0.3452960
  3.7120487    -0.1925080     0.0255643    -0.3122468
  3.7420839    -0.1886125     0.0515343    -0.2787415
  3.7721191    -0.1752808     0.0760514    -0.2480266
  3.8021543    -0.1517243     0.0979980    -0.2224384
  3.8321895    -0.1187314     0.1167984    -0.2029873
  3.8622247    -0.0785334     0.1326003    -0.1892133
  3.8922599    -0.0344425     0.1462899    -0.1793315
  3.9222951     0.0096818     0.1593302    -0.1706346
  3.9523303     0.0500529     0.1734557    -0.1600630
  3.9823655     0.0835624     0.1902883    -0.1448258
  4.0124007     0.1082742     0.2109617    -0.1229459
  4.0424359     0.1237207     0.2358399    -0.0936255
  4.0724711     0.1309541     0.2643950    -0.0573639
  4.1025063     0.1323391     0.2952755    -0.0158171
  4.1325415     0.1311220     0.3265520     0.0285638
  4.1625767     0.1308465     0.3560908     0.0730287
  4.1926119     0.1347164     0.3819719     0.1150556
  4.2226471     0.1450144     0.4028629     0.1527966
  4.2526823     0.1626805     0.4182673     0.1853579
  4.2827175     0.1871244     0.4285926     0.2128651
  4.3127527     0.2163086     0.4350266     0.2363119
  4.3427879     0.2470901     0.4392492     0.2572367
  4.3728231     0.2757625     0.4430445     0.2773053
  4.4028583     0.2987031     0.4479004     0.2978932
  4.4328935     0.3130098     0.4546813     0.3197573
  4.4629287     0.3170124     0.4634456     0.3428627
  4.4929639     0.3105649     0.4734457     0.3663933
  4.5229991     0.2950628     0.4833058     0.3889365
  4.5530343     0.2731823     0.4913359     0.4087920
  4.5830695     0.2483859     0.4959092     0.4243339
  4.6131047     0.2242857     0.4958176     0.4343456
  4.6431399     0.2039803     0.4905266     0.4382571
  4.6731751     0.1894888     0.4802732     0.4362400
  4.7032103     0.1813867     0.4659892     0.4291469
  4.7332455     0.1787122     0.4490670     0.4183175
  4.7632807     0.1791605     0.4310257     0.4052992
  4.7933159     0.1795298     0.4131522     0.3915478
  4.8233511     0.1763356     0.3962001     0.3781704
  4.8533863     0.1664791     0.3802129     0.3657628
  4.8834215     0.1478446     0.3645134     0.3543667
  4.9134567     0.1197144     0.3478593     0.3435453
  4.9434919     0.0829277     0.3287320     0.3325483
  4.9735271     0.0397541     0.3056948     0.3205237
  5.0035623    -0.0064894     0.2777417     0.3067214
  5.0335975    -0.0520043     0.2445615     0.2906458
  5.0636327    -0.0931500     0.2066599     0.2721280
  5.0936679    -0.1270392     0.1653150     0.2513107
  5.1237031    -0.1519792     0.1223764     0.2285615
  5.1537383    -0.1676828     0.0799520     0.2043461
  5.1837735    -0.1752194     0.0400493     0.1791020
  5.2138087    -0.1767254     0.0042473     0.1531477
  5.2438439    -0.1749383    -0.0265364     0.1266535
  5.2738791    -0.1726519    -0.0521363     0.0996774
  5.3039143    -0.1721988    -0.0730774     0.0722540
  5.3339495    -0.1750576    -0.0903800     0.0445066
  5.3639847    -0.1816514    -0.1052792     0.0167452
  5.3940199    -0.1913663    -0.1189241    -0.0104815
  5.4240551    -0.2027686    -0.1321233    -0.0364052
  5.4540903    -0.2139658    -0.1451880    -0.0601302
  5.4841255    -0.2230273    -0.1579042    -0.0807837
  5.5141607    -0.2283743    -0.1696331    -0.0976921
  5.5441959    -0.2290620    -0.1795097    -0.1105400
  5.5742311    -0.2249016    -0.1866912    -0.1194719
  5.6042663    -0.2164101    -0.1905956    -0.1251065
  5.6343015    -0.2046109    -0.1910758    -0.1284516
  5.6643367    -0.1907408    -0.1884908    -0.1307329
  5.6943719    -0.1759372    -0.1836600    -0.1331674
  5.7244071    -0.1609777    -0.1777130    -0.1367294
  5.7544423    -0.1461312    -0.1718720    -0.1419590
  5.7844775    -0.1311504    -0.1672149    -0.1488569
  5.8145127    -0.1154010    -0.1644726    -0.1568903
  5.8445479    -0.0980939    -0.1639043    -0.1651129
  5.8745831    -0.0785595    -0.1652747    -0.1723746
  5.9046183    -0.0564989    -0.1679352    -0.1775780
  5.9346535    -0.0321488    -0.1709868    -0.1799268
  5.9646887    -0.0063212    -0.1734872    -0.1791123
  5.9947239     0.0196943    -0.1746536    -0.1753966
  6.0247591     0.0443448    -0.1740189    -0.1695731
  6.0547943     0.0660976    -0.1715096    -0.1628120
  6.0848295     0.0837309    -0.1674321    -0.1564222
  6.1148647     0.0965658    -0.1623771    -0.1515810
  6.1448999     0.1045898    -0.1570683    -0.1490885
  6.1749351     0.1084434    -0.1521921    -0.1492010
  6.2049703     0.1092743    -0.1482501    -0.1515773
  6.2350055     0.1084919    -0.1454648    -0.1553508
  6.2650407     0.1074764    -0.1437577    -0.1593115
  6.2950759     0.1073067    -0.1428001    -0.1621591
  6.3251111     0.1085668    -0.1421192    -0.1627721
  6.3551463     0.1112702    -0.1412312    -0.1604375
  6.3851815     0.1149174    -0.1397663    -0.1549911
  6.4152167     0.1186691    -0.1375551    -0.1468424
  6.4452519     0.1215923    -0.1346574    -0.1368777
  6.4752871     0.1229219    -0.1313272    -0.1262673
  6.5053223     0.1222733    -0.1279252    -0.1162177
  6.5353575     0.1197582    -0.1248030    -0.1077228
  6.5653927     0.1159727    -0.1221890    -0.1013679
  6.5954279     0.1118615    -0.1201048    -0.0972247
  6.6254631     0.1084863    -0.1183354    -0.0948584
  6.6554983     0.1067523    -0.1164590    -0.0934405
  6.6855335     0.1071552    -0.1139324    -0.0919385
  6.7155687     0.1096099    -0.1102106    -0.0893401
  6.7456039     0.1134031    -0.1048735    -0.0848607
  6.7756391     0.1172859    -0.0977296    -0.0780897
  6.8056743     0.1196932    -0.0888718    -0.0690476
  6.8357095     0.1190456    -0.0786743    -0.0581442
  6.8657447     0.1140740    -0.0677286    -0.0460538
  6.8957799     0.1040967    -0.0567350    -0.0335392
  6.9258151     0.0891909    -0.0463729    -0.0212684
  6.9558503     0.0702202    -0.0371793    -0.0096677
  6.9858855     0.0487077    -0.0294599     0.0011553
  7.0159207     0.0265796    -0.0232525     0.0114019
  7.0459559     0.0058270    -0.0183457     0.0214907
  7.0759911    -0.0118466    -0.0143472     0.0319070
  7.1060263    -0.0253219    -0.0107817     0.0430324
  7.1360615    -0.0342488    -0.0071954     0.0549948
  7.1660967    -0.0390812    -0.0032423     0.0675775
  7.1961319    -0.0409601     0.0012656     0.0802103
  7.2261671    -0.0414678     0.0063529     0.0920464
  7.2562023    -0.0423059     0.0119162     0.1021107
  7.2862375    -0.0449602     0.0177862     0.1094859
  7.3162727    -0.0504199     0.0237976     0.1134970
  7.3463079    -0.0590023     0.0298446     0.1138527
  7.3763431    -0.0703151     0.0359069     0.1107131
  7.4063783    -0.0833576     0.0420373     0.1046684
  7.4364135    -0.0967349     0.0483172     0.0966339
  7.4664487    -0.1089391     0.0547909     0.0876841
  7.4964839    -0.1186378     0.0614004     0.0788616
  7.5265191    -0.1249143     0.0679422     0.0710009
  7.5565543    -0.1274125     0.0740620     0.0646036
  7.5865895    -0.1263663     0.0792942     0.0597885
  7.6166247    -0.1225105     0.0831438     0.0563224
  7.6466599    -0.1169015     0.0851917     0.0537211
  7.6766951    -0.1106856     0.0852019     0.0513929
  7.7067303    -0.1048675     0.0832029     0.0487907
  7.7367655    -0.1001225     0.0795208     0.0455367
  7.7668008    -0.0966884     0.0747520     0.0414939
  7.7968360    -0.0943537     0.0696755     0.0367706
  7.8268712    -0.0925361     0.0651196     0.0316605
  7.8569064    -0.0904312     0.0618095     0.0265401
  7.8869416    -0.0871954     0.0602279     0.0217482
  7.9169768    -0.0821243     0.0605181     0.0174830
  7.9470120    -0.0747926     0.0624543     0.0137415
  7.9770472    -0.0651294     0.0654859     0.0103182
  8.0070824    -0.0534206     0.0688499     0.0068624
  8.0371176    -0.0402434     0.0717277     0.0029806
  8.0671528    -0.0263526     0.0734142    -0.0016429
  8.0971880    -0.0125431     0.0734636    -0.0071381
  8.1272232     0.0004808     0.0717788    -0.0133829
  8.1572584     0.0122066     0.0686258    -0.0199977
  8.1872936     0.0223703     0.0645695    -0.0264047
  8.2173288     0.0309619     0.0603445    -0.0319409
  8.2473640     0.0381863     0.0566893    -0.0360006
  8.2773992     0.0443924     0.0541815    -0.0381738
  8.3074344     0.0499862     0.0531094    -0.0383489
  8.3374696     0.0553462     0.0534103    -0.0367531
  8.3675048     0.0607544     0.0546877    -0.0339200
  8.3975400     0.0663503     0.0563061    -0.0305879
  8.4275752     0.0721128     0.0575390    -0.0275509
  8.4576104     0.0778660     0.0577401    -0.0254929
  8.4876456     0.0833060     0.0564952    -0.0248425
  8.5176808     0.0880406     0.0537222    -0.0256798
  8.5477160     0.0916390     0.0496946    -0.0277165
  8.5777512     0.0936859     0.0449809    -0.0303547
  8.6077864     0.0938362     0.0403152    -0.0328109
  8.6378216     0.0918693     0.0364238    -0.0342801
  8.6678568     0.0877354     0.0338496    -0.0341037
  8.6978920     0.0815913     0.0328128    -0.0319044
  8.7279272     0.0738161     0.0331412    -0.0276614
  8.7579624     0.0650002     0.0342870    -0.0217090
  8.7879976     0.0559033     0.0354306    -0.0146614
  8.8180328     0.0473782     0.0356479    -0.0072818
  8.8480680     0.0402678     0.0341089    -0.0003250
  8.8781032     0.0352855     0.0302625     0.0056100
  8.9081384     0.0328978     0.0239685     0.0101872
  8.9381736     0.0332304     0.0155458     0.0133774
  8.9682088     0.0360176     0.0057265     0.0154322
  8.9982440     0.0406111    -0.0044785     0.0167972
  9.0282792     0.0460529    -0.0139725     0.0179886
  9.0583144     0.0512066    -0.0217863     0.0194617
  9.0883496     0.0549285    -0.0272673     0.0215052
  9.1183848     0.0562486    -0.0302035     0.0241844
  9.1484200     0.0545309    -0.0308573     0.0273455
  9.1784552     0.0495789    -0.0299026     0.0306782
  9.2084904     0.0416651    -0.0282772     0.0338176
  9.2385256     0.0314748    -0.0269833     0.0364592
  9.2685608     0.0199728    -0.0268765     0.0384557
  9.2985960     0.0082169    -0.0284897     0.0398693
  9.3286312    -0.0028461    -0.0319249     0.0409651
  9.3586664    -0.0125587    -0.0368377     0.0421447
  9.3887016    -0.0206702    -0.0425146     0.0438362
  9.4187368    -0.0273650    -0.0480262     0.0463659
  9.4487720    -0.0331947    -0.0524228     0.0498457
  9.4788072    -0.0389266    -0.0549319     0.0541052
  9.5088424    -0.0453394    -0.0551151     0.0586898
  9.5388776    -0.0530092    -0.0529553     0.0629284
  9.5689128    -0.0621332    -0.0488548     0.0660621
  9.5989480    -0.0724328    -0.0435498     0.0674041
  9.6289832    -0.0831601    -0.0379597     0.0664981
  9.6590184    -0.0932116    -0.0330048     0.0632371
  9.6890536    -0.1013296    -0.0294302     0.0579142
  9.7190888    -0.1063522    -0.0276722     0.0511885
  9.7491240    -0.1074595    -0.0277922     0.0439719
  9.7791592    -0.1043639    -0.0294893     0.0372560
  9.8091944    -0.0974016    -0.0321829     0.0319153
  9.8392296    -0.0875022    -0.0351476     0.0285285
  9.8692648    -0.0760381    -0.0376665     0.0272563
  9.8993000    -0.0645806    -0.0391723     0.0278034
  9.9293352    -0.0546111    -0.0393463     0.0294752
  9.9593704    -0.0472440    -0.0381572     0.0313172
  9.9894056    -0.0430188    -0.0358378     0.0323108
 10.0194408    -0.0418043    -0.0328062     0.0315821
 10.0494760    -0.0428358    -0.0295556     0.0285812
 10.0795112    -0.0448782    -0.0265373     0.0231935
 10.1095464    -0.0464818    -0.0240646     0.0157587
 10.1395816    -0.0462798    -0.0222566     0.0069954
 10.1696168    -0.0432654    -0.0210321    -0.0021534
 10.1996520    -0.0369926    -0.0201514    -0.0107191
 10.2296872    -0.0276594    -0.0192918    -0.0179083
 10.2597224    -0.0160598    -0.0181379    -0.0232600
 10.2897576    -0.0034134    -0.0164635    -0.0267292
 10.3197928     0.0088875    -0.0141863    -0.0286759
 10.3498280     0.0195599    -0.0113833    -0.0297669
 10.3798632     0.0276828    -0.0082666    -0.0308106
 10.4098984     0.0328663    -0.0051262    -0.0325651
 10.4399336     0.0353049    -0.0022562    -0.0355606
 10.4699688     0.0357068     0.0001173    -0.0399774
 10.5000040     0.0351166     0.0018883    -0.0456050
 10.5300392     0.0346732     0.0030914    -0.0518922
 10.5600744     0.0353566     0.0038869    -0.0580729
 10.5901096     0.0377788     0.0045150    -0.0633424
 10.6201448     0.0420628     0.0052318    -0.0670391
 10.6501800     0.0478334     0.0062427    -0.0687941
 10.6802152     0.0543182     0.0076512    -0.0686122
 10.7102504     0.0605338     0.0094339    -0.0668665
 10.7402856     0.0655124     0.0114479    -0.0642098
 10.7703208     0.0685165     0.0134683    -0.0614212
 10.8003560     0.0691960     0.0152460    -0.0592253
 10.8303912     0.0676519     0.0165706    -0.0581245
 10.8604264     0.0643962     0.0173233    -0.0582838
 10.8904616     0.0602205     0.0175064    -0.0594944
 10.9204968     0.0560063     0.0172430    -0.0612248
 10.9505320     0.0525220     0.0167471    -0.0627488
 10.9805672     0.0502547     0.0162712    -0.0633193
 11.0106024     0.0493148     0.0160450    -0.0623501
 11.0406376     0.0494342     0.0162205    -0.0595620
 11.0706728     0.0500542     0.0168358    -0.0550599
 11.1007080     0.0504810     0.0178075    -0.0493212
 11.1307432     0.0500682     0.0189518    -0.0430971
 11.1607784     0.0483815     0.0200309    -0.0372482
 11.1908136     0.0453031     0.0208110    -0.0325500
 11.2208488     0.0410521     0.0211191    -0.0295126
 11.2508840     0.0361148     0.0208847    -0.0282550
 11.2809192     0.0311024     0.0201560    -0.0284653
 11.3109544     0.0265720     0.0190873    -0.0294545
 11.3409896     0.0228579     0.0179007    -0.0302969
 11.3710248     0.0199554     0.0168320    -0.0300257
 11.4010600     0.0174918     0.0160734    -0.0278425
 11.4310952     0.0147947     0.0157280    -0.0232956
 11.4611304     0.0110479     0.0157852    -0.0163866
 11.4911656     0.0054989     0.0161251    -0.0075831
 11.5212008    -0.0023286     0.0165476     0.0022675
 11.5512360    -0.0124688     0.0168215     0.0121046
 11.5812712    -0.0244391     0.0167391     0.0208663
 11.6113064    -0.0372792     0.0161649     0.0277015
 11.6413416    -0.0497042     0.0150652     0.0321376
 11.6713768    -0.0603421     0.0135124     0.0341673
 11.7014120    -0.0680097     0.0116637     0.0342390
 11.7314472    -0.0719655     0.0097195     0.0331506
 11.7614824    -0.0720845     0.0078731     0.0318735
 11.7915176    -0.0689126     0.0062633     0.0313429
 11.8215528    -0.0635829     0.0049442     0.0322618
 11.8515880    -0.0576083     0.0038768     0.0349573
 11.8816232    -0.0525890     0.0029472     0.0393217
 11.9116584    -0.0498942     0.0020048     0.0448472
 11.9416936    -0.0503849     0.0009100     0.0507446
 11.9717288    -0.0542356    -0.0004193     0.0561193
 12.0017640    -0.0608935    -0.0019771     0.0601636
 12.0317992    -0.0691850    -0.0036628     0.0623238
 12.0618344    -0.0775471    -0.0053008     0.0624061
 12.0918696    -0.0843369    -0.0066828     0.0606000
 12.1219048    -0.0881525    -0.0076226     0.0574166
 12.1519400    -0.0881002    -0.0080100     0.0535583
 12.1819752    -0.0839517    -0.0078491     0.0497505
 12.2120104    -0.0761608    -0.0072710     0.0465756
 12.2420456    -0.0657391    -0.0065152     0.0443461
 12.2720808    -0.0540204    -0.0058840     0.0430444
 12.3021160    -0.0423678    -0.0056773     0.0423429
 12.3321512    -0.0318886    -0.0061244     0.0416968
 12.3621864    -0.0232197    -0.0073284     0.0404878
 12.3922216    -0.0164281    -0.0092360     0.0381839
 12.4222568    -0.0110464    -0.0116419     0.0344780
 12.4522920    -0.0062313    -0.0142284     0.0293736
 12.4823272    -0.0010049    -0.0166301     0.0231970
 12.5123624     0.0054778    -0.0185124     0.0165337
 12.5423976     0.0137008    -0.0196434     0.0101034
 12.5724328     0.0236486    -0.0199441     0.0046021
 12.6024680     0.0347928    -0.0195039     0.0005470
 12.6325032     0.0462052    -0.0185583    -0.0018403
 12.6625384     0.0567701    -0.0174314    -0.0026858
 12.6925736     0.0654471    -0.0164590    -0.0024389
 12.7226088     0.0715203    -0.0159065    -0.0017765
 12.7526440     0.0747748    -0.0159037    -0.0014568
 12.7826792     0.0755568    -0.0164095    -0.0021560
 12.8127144     0.0746994    -0.0172173    -0.0043216
 12.8427496     0.0733291    -0.0179980    -0.0080777
 12.8727848     0.0725951    -0.0183732    -0.0131985
 12.9028200     0.0733830    -0.0180005    -0.0191586
 12.9328552     0.0760793    -0.0166515    -0.0252460
 12.9628904     0.0804434    -0.0142643    -0.0307131
 12.9929256     0.0856220    -0.0109590    -0.0349324
 13.0229608     0.0903065    -0.0070113    -0.0375221
 13.0529960     0.0930053    -0.0027917    -0.0384168
 13.0830312     0.0923723     0.0013163    -0.0378668
 13.1130664     0.0875228     0.0049980    -0.0363708
 13.1431016     0.0782649     0.0080715    -0.0345558
 13.1731368     0.0651937     0.0105168    -0.0330350
 13.2031720     0.0496238     0.0124643    -0.0322726
 13.2332072     0.0333686     0.0141457    -0.0324885
 13.2632424     0.0184093     0.0158183    -0.0336193
 13.2932776     0.0065209     0.0176843    -0.0353452
 13.3233128    -0.0010695     0.0198235    -0.0371725
 13.3533480    -0.0039201     0.0221592    -0.0385523
 13.3833832    -0.0024595     0.0244661    -0.0390064
 13.4134184     0.0020988     0.0264213    -0.0382329
 13.4434536     0.0079941     0.0276858    -0.0361653
 13.4734888     0.0132588     0.0279985    -0.0329769
 13.5035240     0.0160927     0.0272585    -0.0290279
 13.5335592     0.0151935     0.0255736    -0.0247712
 13.5635944     0.0099799     0.0232620    -0.0206403
 13.5936296     0.0006661     0.0208006    -0.0169460
 13.6236648    -0.0118233     0.0187310    -0.0138060
 13.6537000    -0.0260710     0.0175415    -0.0111250
 13.6837353    -0.0404691     0.0175516    -0.0086277
 13.7137705    -0.0535357     0.0188259    -0.0059375
 13.7438057    -0.0641821     0.0211404    -0.0026806
 13.7738409    -0.0718750     0.0240108     0.0014089
 13.8038761    -0.0766687     0.0267806     0.0064088
 13.8339113    -0.0791066     0.0287520     0.0121730
 13.8639465    -0.0800270     0.0293333     0.0183482
 13.8939817    -0.0803206     0.0281691     0.0244413
 13.9240169    -0.0807013     0.0252254     0.0299201
 13.9540521    -0.0815429     0.0208078     0.0343272
 13.9840873    -0.0828164     0.0155079     0.0373777
 14.0141225    -0.0841361     0.0100855     0.0390211
 14.0441577    -0.0848995     0.0053132     0.0394509
 14.0741929    -0.0844782     0.0018144     0.0390606
 14.1042281    -0.0824108    -0.0000686     0.0383550
 14.1342633    -0.0785458    -0.0003471     0.0378370
 14.1642985    -0.0730987     0.0006175     0.0378946
 14.1943337    -0.0666073     0.0021946     0.0387140
 14.2243689    -0.0597966     0.0036247     0.0402368
 14.2544041    -0.0533883     0.0041894     0.0421713
 14.2844393    -0.0479021     0.0033735     0.0440559
 14.3144745    -0.0435014     0.0009829     0.0453588
 14.3445097    -0.0399252    -0.0028085     0.0455933
 14.3745449    -0.0365264    -0.0074954     0.0444230
 14.4045801    -0.0324130    -0.0123516     0.0417355
 14.4346153    -0.0266615    -0.0165936     0.0376678
 14.4646505    -0.0185537    -0.0195582     0.0325802
 14.4946857    -0.0077809    -0.0208560     0.0269863
 14.5247209     0.0054357    -0.0204651     0.0214523
 14.5547561     0.0203397    -0.0187427     0.0164921
 14.5847913     0.0357567    -0.0163509     0.0124756
 14.6148265     0.0503126    -0.0141125     0.0095735
 14.6448617     0.0627053    -0.0128268     0.0077436
 14.6748969     0.0719720    -0.0130875     0.0067629
 14.7049321     0.0776920    -0.0151422     0.0062927
 14.7349673     0.0800766    -0.0188271     0.0059621
 14.7650025     0.0799252    -0.0235900     0.0054499
 14.7950377     0.0784553    -0.0286007     0.0045462
 14.8250729     0.0770399    -0.0329228     0.0031832
 14.8551081     0.0769117    -0.0357120     0.0014290
 14.8851433     0.0788966    -0.0363968    -0.0005501
 14.9151785     0.0832354    -0.0348024    -0.0025488
 14.9452137     0.0895326    -0.0311929    -0.0043870
 14.9752489     0.0968421    -0.0262216    -0.0059649
 15.0052841     0.1038682    -0.0208030    -0.0072967
 15.0353193     0.1092377    -0.0159351    -0.0085156
 15.0653545     0.1117791    -0.0125128    -0.0098524
 15.0953897     0.1107473    -0.0111713    -0.0115943
 15.1254249     0.1059450    -0.0121951    -0.0140330
 15.1554601     0.0977156    -0.0155072    -0.0174155
 15.1854953     0.0868151    -0.0207378    -0.0219071
 15.2155305     0.0741972    -0.0273501    -0.0275698
 15.2455657     0.0607678    -0.0347894    -0.0343595
 15.2756009     0.0471710    -0.0426153    -0.0421353

PDF 1 in D(r) format
  r, PDF (RMC), PDF (Expt)
 CURVES
         245 ,           2
      0.0654509       -0.0517669       -0.0518487
      0.1309019       -0.1035338       -0.1036974
      0.1963528       -0.1553008       -0.1555461
      0.2618037       -0.2070677       -0.2073949
      0.3272547       -0.2588346       -0.2592436
      0.3927056       -0.3106015       -0.3110923
      0.4581565       -0.3623685       -0.3629410
      0.5236075       -0.4141354       -0.4147897
      0.5890584       -0.4659023       -0.4666384
      0.6545093       -0.5176692       -0.5184872
      0.7199603       -0.5694362       -0.5703359
      0.7854112       -0.6212031       -0.6221846
      0.8508621       -0.6729700       -0.6740333
      0.9163131       -0.7247369       -0.7258820
      0.9817640       -0.7765038       -0.7777307
      1.0472149       -0.8282708       -0.8295794
      1.1126659       -0.8800377       -0.8814282
      1.1781168       -0.9182362       -0.9332769
      1.2435677       -0.8727679       -0.8534496
      1.3090187       -0.6720443       -0.6131118
      1.3744696       -0.2990066       -0.2675095
      1.4399206        0.2140901        0.1694371
      1.5053715        0.7965958        0.6565243
      1.5708224        1.3587931        1.1273298
      1.6362734        1.8092286        1.5020358
      1.7017243        2.0677012        1.7065797
      1.7671752        2.0781728        1.6929626
      1.8326262        1.8241965        1.4532894
      1.8980771        1.3413120        1.0222271
      1.9635280        0.7151555        0.4671657
      2.0289790        0.0584786       -0.1297703
      2.0944299       -0.5262926       -0.6909222
      2.1598808       -0.9800273       -1.1570597
      2.2253318       -1.2962814       -1.4928737
      2.2907827       -1.5021462       -1.6848480
      2.3562336       -1.6245907       -1.7351978
      2.4216846       -1.6659897       -1.6560100
      2.4871355       -1.6051432       -1.4660184
      2.5525864       -1.4209945       -1.1899441
      2.6180374       -1.1198425       -0.8585565
      2.6834883       -0.7453036       -0.5073901
      2.7489392       -0.3640849       -0.1732126
      2.8143902       -0.0384890        0.1110648
      2.8798411        0.1952421        0.3213035
      2.9452920        0.3303774        0.4451695
      3.0107430        0.3774958        0.4824624
      3.0761939        0.3497761        0.4430559
      3.1416448        0.2574869        0.3435209
      3.2070958        0.1127880        0.2036099
      3.2725467       -0.0637030        0.0433831
      3.3379976       -0.2436825       -0.1187926
      3.4034486       -0.4003675       -0.2675069
      3.4688995       -0.5186738       -0.3910444
      3.5343504       -0.5976842       -0.4817000
      3.5998014       -0.6436031       -0.5356468
      3.6652523       -0.6597448       -0.5523286
      3.7307032       -0.6422785       -0.5334799
      3.7961542       -0.5847247       -0.4820485
      3.8616051       -0.4861059       -0.4013945
      3.9270560       -0.3546800       -0.2950839
      3.9925070       -0.2038337       -0.1673695
      4.0579579       -0.0444150       -0.0241362
      4.1234088        0.1187987        0.1261923
      4.1888598        0.2828632        0.2723982
      4.2543107        0.4387655        0.4013251
      4.3197617        0.5680855        0.4999057
      4.3852126        0.6489533        0.5579204
      4.4506635        0.6678878        0.5706504
      4.5161145        0.6285735        0.5404934
      4.5815654        0.5507055        0.4768946
      4.6470163        0.4599100        0.3945010
      4.7124673        0.3765454        0.3100504
      4.7779182        0.3111351        0.2389058
      4.8433691        0.2677215        0.1921862
      4.9088201        0.2496207        0.1751535
      4.9742710        0.2609439        0.1870475
      5.0397219        0.3024067        0.2221259
      5.1051729        0.3662011        0.2714185
      5.1706238        0.4360666        0.3246760
      5.2360747        0.4939534        0.3721221
      5.3015257        0.5283984        0.4057974
      5.3669766        0.5379210        0.4204222
      5.4324275        0.5271415        0.4137823
      5.4978785        0.4998294        0.3866722
      5.5633294        0.4555919        0.3424457
      5.6287803        0.3930892        0.2862556
      5.6942313        0.3161166        0.2241078
      5.7596822        0.2358701        0.1618886
      5.8251331        0.1661494        0.1045309
      5.8905841        0.1150318        0.0554532
      5.9560350        0.0802785        0.0163396
      6.0214859        0.0527576       -0.0127492
      6.0869369        0.0250456       -0.0330101
      6.1523878       -0.0023698       -0.0463926
      6.2178387       -0.0227456       -0.0550755
      6.2832897       -0.0308756       -0.0610231
      6.3487406       -0.0296027       -0.0656874
      6.4141915       -0.0287206       -0.0698832
      6.4796425       -0.0369424       -0.0738326
      6.5450934       -0.0541649       -0.0773422
      6.6105443       -0.0712684       -0.0800461
      6.6759953       -0.0779973       -0.0816346
      6.7414462       -0.0720658       -0.0819946
      6.8068971       -0.0613153       -0.0812235
      6.8723481       -0.0568485       -0.0795316
      6.9377990       -0.0631634       -0.0770901
      7.0032500       -0.0740777       -0.0739047
      7.0687009       -0.0781089       -0.0697680
      7.1341518       -0.0685105       -0.0643088
      7.1996028       -0.0490033       -0.0571109
      7.2650537       -0.0301373       -0.0478599
      7.3305046       -0.0196702       -0.0364748
      7.3959556       -0.0157137       -0.0231996
      7.4614065       -0.0088342       -0.0086339
      7.5268574        0.0088471        0.0063070
      7.5923084        0.0358413        0.0205123
      7.6577593        0.0618564        0.0328600
      7.7232102        0.0762353        0.0424277
      7.7886612        0.0766874        0.0486684
      7.8541121        0.0705798        0.0514967
      7.9195630        0.0678697        0.0512661
      7.9850140        0.0722868        0.0486557
      8.0504649        0.0787602        0.0445208
      8.1159158        0.0791776        0.0397538
      8.1813668        0.0708641        0.0351810
      8.2468177        0.0597675        0.0314893
      8.3122686        0.0553728        0.0291696
      8.3777196        0.0621192        0.0284731
      8.4431705        0.0753559        0.0293933
      8.5086214        0.0856442        0.0316932
      8.5740724        0.0874387        0.0349786
      8.6395233        0.0840795        0.0387958
      8.7049742        0.0844317        0.0427171
      8.7704252        0.0942698        0.0463866
      8.8358761        0.1104274        0.0495222
      8.9013270        0.1232239        0.0518944
      8.9667780        0.1250207        0.0533069
      9.0322289        0.1170351        0.0535976
      9.0976798        0.1080841        0.0526551
      9.1631308        0.1063569        0.0504400
      9.2285817        0.1117964        0.0469993
      9.2940326        0.1161636        0.0424687
      9.3594836        0.1107954        0.0370656
      9.4249345        0.0949199        0.0310740
      9.4903854        0.0768030        0.0248209
      9.5558364        0.0665614        0.0186461
      9.6212873        0.0671824        0.0128694
      9.6867382        0.0720153        0.0077661
      9.7521892        0.0710876        0.0035531
      9.8176401        0.0604663        0.0003809
      9.8830911        0.0460201       -0.0016802
      9.9485420        0.0380518       -0.0026672
     10.0139929        0.0416839       -0.0027579
     10.0794439        0.0518503       -0.0022864
     10.1448948        0.0575649       -0.0017177
     10.2103457        0.0516122       -0.0015722
     10.2757967        0.0367862       -0.0023167
     10.3412476        0.0229580       -0.0042560
     10.4066985        0.0177162       -0.0074601
     10.4721495        0.0192828       -0.0117477
     10.5376004        0.0183284       -0.0167238
     10.6030513        0.0070476       -0.0218611
     10.6685023       -0.0129542       -0.0266021
     10.7339532       -0.0314312       -0.0304673
     10.7994041       -0.0384220       -0.0331461
     10.8648551       -0.0332057       -0.0345501
     10.9303060       -0.0249840       -0.0348108
     10.9957569       -0.0245200       -0.0342206
     11.0612079       -0.0343348       -0.0331368
     11.1266588       -0.0465033       -0.0318840
     11.1921097       -0.0501643       -0.0306890
     11.2575607       -0.0418715       -0.0296615
     11.3230116       -0.0291696       -0.0288136
     11.3884625       -0.0239245       -0.0280945
     11.4539135       -0.0314052       -0.0274248
     11.5193644       -0.0451822       -0.0267245
     11.5848153       -0.0527085       -0.0259412
     11.6502663       -0.0466566       -0.0250773
     11.7157172       -0.0316843       -0.0242068
     11.7811681       -0.0203506       -0.0234649
     11.8466191       -0.0218105       -0.0230042
     11.9120700       -0.0336017       -0.0229319
     11.9775209       -0.0440935       -0.0232586
     12.0429719       -0.0434036       -0.0238866
     12.1084228       -0.0327321       -0.0246458
     12.1738737       -0.0234045       -0.0253574
     12.2393247       -0.0263406       -0.0258934
     12.3047756       -0.0415686       -0.0262058
     12.3702265       -0.0575445       -0.0263212
     12.4356775       -0.0611604       -0.0263143
     12.5011284       -0.0494821       -0.0262769
     12.5665794       -0.0325239       -0.0262952
     12.6320303       -0.0244336       -0.0264328
     12.6974812       -0.0310179       -0.0267167
     12.7629322       -0.0449057       -0.0271299
     12.8283831       -0.0526699       -0.0276147
     12.8938340       -0.0472724       -0.0280922
     12.9592850       -0.0343380       -0.0284915
     13.0247359       -0.0265196       -0.0287729
     13.0901868       -0.0313086       -0.0289324
     13.1556378       -0.0437901       -0.0289854
     13.2210887       -0.0512629       -0.0289409
     13.2865396       -0.0455084       -0.0287861
     13.3519906       -0.0311443       -0.0284911
     13.4174415       -0.0219289       -0.0280304
     13.4828924       -0.0280838       -0.0274073
     13.5483434       -0.0463268       -0.0266666
     13.6137943       -0.0621614       -0.0258888
     13.6792452       -0.0627686       -0.0251708
     13.7446962       -0.0488310       -0.0246014
     13.8101471       -0.0342278       -0.0242406
     13.8755980       -0.0335049       -0.0241073
     13.9410490       -0.0484219       -0.0241769
     14.0064999       -0.0660546       -0.0243891
     14.0719508       -0.0705130       -0.0246652
     14.1374018       -0.0576963       -0.0249274
     14.2028527       -0.0393940       -0.0251127
     14.2683036       -0.0326308       -0.0251755
     14.3337546       -0.0438514       -0.0250812
     14.3992055       -0.0626560       -0.0247990
     14.4646564       -0.0712649       -0.0243048
     14.5301074       -0.0612762       -0.0235949
     14.5955583       -0.0420928       -0.0227000
     14.6610092       -0.0326778       -0.0216851
     14.7264602       -0.0437486       -0.0206269
     14.7919111       -0.0669197       -0.0195808
     14.8573620       -0.0815206       -0.0185555
     14.9228130       -0.0735844       -0.0175150
     14.9882639       -0.0496376       -0.0164078
     15.0537148       -0.0318430       -0.0152058
     15.1191658       -0.0379271       -0.0139287
     15.1846167       -0.0639788       -0.0126392
     15.2500676       -0.0866875       -0.0114166
     15.3155186       -0.0842869       -0.0103254
     15.3809695       -0.0576593       -0.0094004
     15.4464205       -0.0314409       -0.0086500
     15.5118714       -0.0322974       -0.0080674
     15.5773223       -0.0629866       -0.0076377
     15.6427733       -0.0966711       -0.0073324
     15.7082242       -0.0993667       -0.0071016
     15.7736751       -0.0627981       -0.0068728
     15.8391261       -0.0180729       -0.0065646
     15.9045770       -0.0145954       -0.0061094
     15.9700279       -0.0782735       -0.0054732
     16.0354789       -0.1832150       -0.0046632

 Total S(Q)'s: Comparison with input data

   494  2 are NQ and NPAR

       Q      S(Q)_RMC  S(Q)_Expt
      0.4682470     -0.8743260     -0.8479151
      0.4982822     -1.1370578     -0.8118532
      0.5283174     -1.2932194     -0.7783499
      0.5583526     -1.3488537     -0.7493800
      0.5883878     -1.3224087     -0.7261986
      0.6184230     -1.2400740     -0.7091703
      0.6484582     -1.1304741     -0.6977406
      0.6784934     -1.0196809     -0.6905600
      0.7085286     -0.9273578     -0.6857362
      0.7385638     -0.8645652     -0.6811699
      0.7685990     -0.8334025     -0.6749116
      0.7986342     -0.8283138     -0.6654717
      0.8286694     -0.8385969     -0.6520260
      0.8587046     -0.8514845     -0.6344790
      0.8887398     -0.8551303     -0.6133734
      0.9187750     -0.8409331     -0.5896689
      0.9488102     -0.8048241     -0.5644352
      0.9788454     -0.7473973     -0.5385248
      1.0088806     -0.6730105     -0.5122959
      1.0389158     -0.5881843     -0.4854439
      1.0689510     -0.4997385     -0.4569828
      1.0989862     -0.4131134     -0.4253844
      1.1290214     -0.3312416     -0.3888561
      1.1590566     -0.2541774     -0.3457064
      1.1890918     -0.1795048     -0.2947316
      1.2191270     -0.1033687     -0.2355507
      1.2491622     -0.0218439     -0.1688250
      1.2791974      0.0677023     -0.0963177
      1.3092326      0.1655752     -0.0207787
      1.3392678      0.2692779      0.0543280
      1.3693030      0.3736921      0.1252122
      1.3993382      0.4718602      0.1881957
      1.4293734      0.5561853      0.2401314
      1.4594086      0.6197814      0.2787395
      1.4894438      0.6576846      0.3028113
      1.5194790      0.6676808      0.3122594
      1.5495142      0.6505937      0.3080191
      1.5795494      0.6100009      0.2918289
      1.6095846      0.5514666      0.2659386
      1.6396198      0.4814742      0.2327983
      1.6696550      0.4062943      0.1947805
      1.6996902      0.3310209      0.1539739
      1.7297254      0.2589573      0.1120691
      1.7597606      0.1914463      0.0703370
      1.7897958      0.1281356      0.0296817
      1.8198311      0.0675775     -0.0092619
      1.8498663      0.0079970     -0.0460195
      1.8799015     -0.0519643     -0.0801892
      1.9099367     -0.1126988     -0.1113920
      1.9399719     -0.1733929     -0.1392697
      1.9700071     -0.2321324     -0.1635215
      2.0000423     -0.2863064     -0.1839616
      2.0300775     -0.3331968     -0.2005760
      2.0601127     -0.3706020     -0.2135543
      2.0901479     -0.3973425     -0.2232843
      2.1201831     -0.4135324     -0.2303023
      2.1502183     -0.4205566     -0.2352086
      2.1802535     -0.4207679     -0.2385647
      2.2102887     -0.4169813     -0.2407955
      2.2403239     -0.4118863     -0.2421191
      2.2703591     -0.4075151     -0.2425228
      2.3003943     -0.4048858     -0.2417919
      2.3304295     -0.4038956     -0.2395880
      2.3604647     -0.4034805     -0.2355612
      2.3904999     -0.4019940     -0.2294723
      2.4205351     -0.3977118     -0.2212999
      2.4505703     -0.3893389     -0.2113076
      2.4806055     -0.3764030     -0.2000570
      2.5106407     -0.3594438     -0.1883610
      2.5406759     -0.3399593     -0.1771857
      2.5707111     -0.3201252     -0.1675193
      2.6007463     -0.3023557     -0.1602322
      2.6307815     -0.2888089     -0.1559550
      2.6608167     -0.2809488     -0.1549966
      2.6908519     -0.2792603     -0.1573161
      2.7208871     -0.2831795     -0.1625508
      2.7509223     -0.2912469     -0.1700938
      2.7809575     -0.3014442     -0.1792024
      2.8109927     -0.3116354     -0.1891153
      2.8410279     -0.3200087     -0.1991580
      2.8710631     -0.3254233     -0.2088156
      2.9010983     -0.3275865     -0.2177656
      2.9311335     -0.3270292     -0.2258674
      2.9611687     -0.3248931     -0.2331178
      2.9912039     -0.3225876     -0.2395872
      3.0212391     -0.3214002     -0.2453516
      3.0512743     -0.3221526     -0.2504398
      3.0813095     -0.3249826     -0.2548043
      3.1113447     -0.3292975     -0.2583217
      3.1413799     -0.3339082     -0.2608206
      3.1714151     -0.3373052     -0.2621253
      3.2014503     -0.3380121     -0.2621056
      3.2314855     -0.3349294     -0.2607165
      3.2615207     -0.3275903     -0.2580186
      3.2915559     -0.3162692     -0.2541737
      3.3215911     -0.3019193     -0.2494153
      3.3516263     -0.2859566     -0.2440011
      3.3816615     -0.2699404     -0.2381580
      3.4116967     -0.2552268     -0.2320316
      3.4417319     -0.2426717     -0.2256519
      3.4717671     -0.2324534     -0.2189213
      3.5018023     -0.2240496     -0.2116285
      3.5318375     -0.2163747     -0.2034840
      3.5618727     -0.2080408     -0.1941707
      3.5919079     -0.1976820     -0.1833978
      3.6219431     -0.1842674     -0.1709495
      3.6519783     -0.1673312     -0.1567181
      3.6820135     -0.1470700     -0.1407171
      3.7120487     -0.1242878     -0.1230743
      3.7420839     -0.1002033     -0.1040069
      3.7721191     -0.0761678     -0.0837850
      3.8021543     -0.0533575     -0.0626918
      3.8321895     -0.0325125     -0.0409861
      3.8622247     -0.0137803     -0.0188729
      3.8922599      0.0033026      0.0035140
      3.9222951      0.0196893      0.0261195
      3.9523303      0.0365899      0.0489637
      3.9823655      0.0551852      0.0721319
      4.0124007      0.0763482      0.0957581
      4.0424359      0.1004395      0.1200063
      4.0724711      0.1272182      0.1450469
      4.1025063      0.1558869      0.1710309
      4.1325415      0.1852569      0.1980606
      4.1625767      0.2139925      0.2261579
      4.1926119      0.2408782      0.2552337
      4.2226471      0.2650482      0.2850632
      4.2526823      0.2861259      0.3152722
      4.2827175      0.3042474      0.3453408
      4.3127527      0.3199657      0.3746295
      4.3427879      0.3340644      0.4024269
      4.3728231      0.3473251      0.4280185
      4.4028583      0.3603066      0.4507659
      4.4328935      0.3731867      0.4701857
      4.4629287      0.3857039      0.4860151
      4.4929639      0.3972087      0.4982484
      4.5229991      0.4068126      0.5071371
      4.5530343      0.4135957      0.5131478
      4.5830695      0.4168233      0.5168827
      4.6131047      0.4161199      0.5189722
      4.6431399      0.4115581      0.5199595
      4.6731751      0.4036426      0.5201945
      4.7032103      0.3931930      0.5197594
      4.7332455      0.3811536      0.5184390
      4.7632807      0.3683742      0.5157452
      4.7933159      0.3554159      0.5109908
      4.8233511      0.3424245      0.5034031
      4.8533863      0.3291047      0.4922555
      4.8834215      0.3147995      0.4769949
      4.9134567      0.2986580      0.4573409
      4.9434919      0.2798534      0.4333394
      4.9735271      0.2578009      0.4053606
      5.0035623      0.2323270      0.3740441
      5.0335975      0.2037508      0.3402009
      5.0636327      0.1728594      0.3046949
      5.0936679      0.1407827      0.2683245
      5.1237031      0.1087967      0.2317302
      5.1537383      0.0780983      0.1953435
      5.1837735      0.0496022      0.1593861
      5.2138087      0.0238039      0.1239162
      5.2438439      0.0007380      0.0889101
      5.2738791     -0.0199626      0.0543582
      5.3039143     -0.0389216      0.0203531
      5.3339495     -0.0568243     -0.0128513
      5.3639847     -0.0742196     -0.0448237
      5.3940199     -0.0913638     -0.0749872
      5.4240551     -0.1081430     -0.1026933
      5.4540903     -0.1240900     -0.1273226
      5.4841255     -0.1384914     -0.1483903
      5.5141607     -0.1505586     -0.1656362
      5.5441959     -0.1596214     -0.1790765
      5.5742311     -0.1652995     -0.1890095
      5.6042663     -0.1676113     -0.1959700
      5.6343015     -0.1669943     -0.2006445
      5.6643367     -0.1642328     -0.2037608
      5.6943719     -0.1603088     -0.2059769
      5.7244071     -0.1562096     -0.2077885
      5.7544423     -0.1527364     -0.2094739
      5.7844775     -0.1503563     -0.2110849
      5.8145127     -0.1491304     -0.2124833
      5.8445479     -0.1487336     -0.2134128
      5.8745831     -0.1485593     -0.2135894
      5.9046183     -0.1478853     -0.2127903
      5.9346535     -0.1460613     -0.2109225
      5.9646887     -0.1426748     -0.2080572
      5.9947239     -0.1376588     -0.2044250
      6.0247591     -0.1313165     -0.2003747
      6.0547943     -0.1242589     -0.1963068
      6.0848295     -0.1172710     -0.1925983
      6.1148647     -0.1111373     -0.1895352
      6.1448999     -0.1064684     -0.1872674
      6.1749351     -0.1035672     -0.1857945
      6.2049703     -0.1023651     -0.1849833
      6.2350055     -0.1024433     -0.1846101
      6.2650407     -0.1031309     -0.1844166
      6.2950759     -0.1036593     -0.1841643
      6.3251111     -0.1033338     -0.1836743
      6.3551463     -0.1016858     -0.1828441
      6.3851815     -0.0985691     -0.1816383
      6.4152167     -0.0941803     -0.1800583
      6.4452519     -0.0889989     -0.1781009
      6.4752871     -0.0836627     -0.1757185
      6.5053223     -0.0788088     -0.1727931
      6.5353575     -0.0749165     -0.1691335
      6.5653927     -0.0721900     -0.1644984
      6.5954279     -0.0705065     -0.1586398
      6.6254631     -0.0694428     -0.1513581
      6.6554983     -0.0683728     -0.1425549
      6.6855335     -0.0666130     -0.1322683
      6.7155687     -0.0635825     -0.1206818
      6.7456039     -0.0589396     -0.1081014
      6.7756391     -0.0526643     -0.0949042
      6.8056743     -0.0450677     -0.0814688
      6.8357095     -0.0367253     -0.0681031
      6.8657447     -0.0283524     -0.0549851
      6.8957799     -0.0206471     -0.0421332
      6.9258151     -0.0141401     -0.0294116
      6.9558503     -0.0090834     -0.0165736
      6.9858855     -0.0054039     -0.0033328
      7.0159207     -0.0027320      0.0105524
      7.0459559     -0.0004973      0.0252000
      7.0759911      0.0019305      0.0405495
      7.1060263      0.0050890      0.0563457
      7.1360615      0.0092930      0.0721644
      7.1660967      0.0145577      0.0874778
      7.1961319      0.0205915      0.1017449
      7.2261671      0.0268602      0.1145084
      7.2562023      0.0327062      0.1254764
      7.2862375      0.0374963      0.1345694
      7.3162727      0.0407626      0.1419231
      7.3463079      0.0423052      0.1478433
      7.3763431      0.0422331      0.1527245
      7.4063783      0.0409350      0.1569481
      7.4364135      0.0389867      0.1607847
      7.4664487      0.0370189      0.1643225
      7.4964839      0.0355741      0.1674401
      7.5265191      0.0349876      0.1698308
      7.5565543      0.0353191      0.1710760
      7.5865895      0.0363502      0.1707521
      7.6166247      0.0376473      0.1685477
      7.6466599      0.0386756      0.1643662
      7.6766951      0.0389356      0.1583882
      7.7067303      0.0380908      0.1510778
      7.7367655      0.0360566      0.1431295
      7.7668008      0.0330288      0.1353621
      7.7968360      0.0294457      0.1285816
      7.8268712      0.0258928      0.1234386
      7.8569064      0.0229714      0.1203109
      7.8869416      0.0211625      0.1192357
      7.9169768      0.0207169      0.1199063
      7.9470120      0.0215979      0.1217349
      7.9770472      0.0234890      0.1239703
      8.0070824      0.0258660      0.1258463
      8.0371176      0.0281154      0.1267317
      8.0671528      0.0296742      0.1262503
      8.0971880      0.0301565      0.1243482
      8.1272232      0.0294403      0.1212938
      8.1572584      0.0276928      0.1176129
      8.1872936      0.0253292      0.1139709
      8.2173288      0.0229158      0.1110301
      8.2473640      0.0210371      0.1093095
      8.2773992      0.0201604      0.1090780
      8.3074344      0.0205264      0.1103012
      8.3374696      0.0220923      0.1126520
      8.3675048      0.0245401      0.1155817
      8.3975400      0.0273464      0.1184339
      8.4275752      0.0299002      0.1205763
      8.4576104      0.0316389      0.1215224
      8.4876456      0.0321737      0.1210168
      8.5176808      0.0313738      0.1190680
      8.5477160      0.0293929      0.1159229
      8.5777512      0.0266298      0.1119922
      8.6077864      0.0236349      0.1077440
      8.6378216      0.0209828      0.1035911
      8.6678568      0.0191413      0.0997980
      8.6978920      0.0183663      0.0964276
      8.7279272      0.0186466      0.0933382
      8.7579624      0.0197105      0.0902298
      8.7879976      0.0210925      0.0867278
      8.8180328      0.0222439      0.0824829
      8.8480680      0.0226614      0.0772619
      8.8781032      0.0220035      0.0710106
      8.9081384      0.0201695      0.0638701
      8.9381736      0.0173209      0.0561466
      8.9682088      0.0138425      0.0482388
      8.9982440      0.0102521      0.0405432
      9.0282792      0.0070797      0.0333577
      9.0583144      0.0047456      0.0268083
      9.0883496      0.0034636      0.0208163
      9.1183848      0.0031944      0.0151141
      9.1484200      0.0036570      0.0093075
      9.1784552      0.0043976      0.0029711
      9.2084904      0.0048974     -0.0042457
      9.2385256      0.0046963     -0.0125264
      9.2685608      0.0035020     -0.0218291
      9.2985960      0.0012600     -0.0318779
      9.3286312     -0.0018318     -0.0422057
      9.3586664     -0.0053675     -0.0522409
      9.3887016     -0.0088263     -0.0614177
      9.4187368     -0.0116916     -0.0692875
      9.4487720     -0.0135701     -0.0756055
      9.4788072     -0.0142820     -0.0803739
      9.5088424     -0.0139023     -0.0838318
      9.5388776     -0.0127427     -0.0863950
      9.5689128     -0.0112793     -0.0885575
      9.5989480     -0.0100423     -0.0907790
      9.6289832     -0.0094932     -0.0933825
      9.6590184     -0.0099181     -0.0964841
      9.6890536     -0.0113613     -0.0999727
      9.7190888     -0.0136149     -0.1035413
      9.7491240     -0.0162670     -0.1067638
      9.7791592     -0.0187966     -0.1091994
      9.8091944     -0.0206936     -0.1104989
      9.8392296     -0.0215774     -0.1104908
      9.8692648     -0.0212843     -0.1092249
      9.8993000     -0.0199069     -0.1069652
      9.9293352     -0.0177732     -0.1041333
      9.9593704     -0.0153727     -0.1012147
      9.9894056     -0.0132451     -0.0986509
     10.0194408     -0.0118579     -0.0967412
     10.0494760     -0.0114999     -0.0955777
     10.0795112     -0.0122171     -0.0950284
     10.1095464     -0.0138026     -0.0947725
     10.1395816     -0.0158451     -0.0943797
     10.1696168     -0.0178241     -0.0934157
     10.1996520     -0.0192287     -0.0915490
     10.2296872     -0.0196746     -0.0886343
     10.2597224     -0.0189910     -0.0847528
     10.2897576     -0.0172591     -0.0801993
     10.3197928     -0.0147917     -0.0754191
     10.3498280     -0.0120612     -0.0709083
     10.3798632     -0.0095909     -0.0670999
     10.4098984     -0.0078354     -0.0642628
     10.4399336     -0.0070783     -0.0624365
     10.4699688     -0.0073686     -0.0614163
     10.5000040     -0.0085125     -0.0607950
     10.5300392     -0.0101201     -0.0600499
     10.5600744     -0.0116969     -0.0586566
     10.5901096     -0.0127591     -0.0562041
     10.6201448     -0.0129445     -0.0524840
     10.6501800     -0.0120953     -0.0475334
     10.6802152     -0.0102928     -0.0416218
     10.7102504     -0.0078361     -0.0351839
     10.7402856     -0.0051716     -0.0287146
     10.7703208     -0.0027881     -0.0226495
     10.8003560     -0.0011035     -0.0172591
     10.8303912     -0.0003679     -0.0125818
     10.8604264     -0.0006075     -0.0084125
     10.8904616     -0.0016198     -0.0043487
     10.9204968     -0.0030226      0.0001132
     10.9505320     -0.0043447      0.0054549
     10.9805672     -0.0051366      0.0120142
     11.0106024     -0.0050755      0.0198916
     11.0406376     -0.0040413      0.0289100
     11.0706728     -0.0021438      0.0386364
     11.1007080      0.0003028      0.0484634
     11.1307432      0.0028534      0.0577331
     11.1607784      0.0050361      0.0658766
     11.1908136      0.0064621      0.0725373
     11.2208488      0.0069158      0.0776495
     11.2508840      0.0064049      0.0814549
     11.2809192      0.0051580      0.0844499
     11.3109544      0.0035707      0.0872755
     11.3409896      0.0021126      0.0905729
     11.3710248      0.0012171      0.0948360
     11.4010600      0.0011796      0.1002944
     11.4310952      0.0020879      0.1068523
     11.4611304      0.0038008      0.1140990
     11.4911656      0.0059805      0.1213884
     11.5212008      0.0081703      0.1279708
     11.5512360      0.0099011      0.1331488
     11.5812712      0.0108005      0.1364231
     11.6113064      0.0106797      0.1375947
     11.6413416      0.0095786      0.1368023
     11.6713768      0.0077568      0.1344856
     11.7014120      0.0056349      0.1312828
     11.7314472      0.0036974      0.1278856
     11.7614824      0.0023805      0.1248846
     11.7915176      0.0019717      0.1226392
     11.8215528      0.0025428      0.1212023
     11.8515880      0.0039335      0.1203168
     11.8816232      0.0057880      0.1194834
     11.9116584      0.0076381      0.1180871
     11.9416936      0.0090111      0.1155491
     11.9717288      0.0095406      0.1114730
     12.0017640      0.0090512      0.1057487
     12.0317992      0.0076003      0.0985897
     12.0618344      0.0054659      0.0904952
     12.0918696      0.0030824      0.0821441
     12.1219048      0.0009415      0.0742438
     12.1519400     -0.0005217      0.0673707
     12.1819752     -0.0010287      0.0618358
     12.2120104     -0.0005222      0.0576111
     12.2420456      0.0008212      0.0543313
     12.2720808      0.0026315      0.0513752
     12.3021160      0.0044313      0.0480079
     12.3321512      0.0057464      0.0435524
     12.3621864      0.0062158      0.0375532
     12.3922216      0.0056757      0.0298923
     12.4222568      0.0041978      0.0208316
     12.4522920      0.0020733      0.0109691
     12.4823272     -0.0002540      0.0011181
     12.5123624     -0.0022903     -0.0078657
     12.5423976     -0.0036054     -0.0152708
     12.5724328     -0.0039320     -0.0206876
     12.6024680     -0.0032273     -0.0241021
     12.6325032     -0.0016824     -0.0259027
     12.6625384      0.0003222     -0.0267968
     12.6925736      0.0023052     -0.0276551
     12.7226088      0.0037964     -0.0293184
     12.7526440      0.0044455     -0.0324077
     12.7826792      0.0041035     -0.0371832
     12.8127144      0.0028565     -0.0434831
     12.8427496      0.0010057     -0.0507575
     12.8727848     -0.0010044     -0.0581909
     12.9028200     -0.0026894     -0.0648861
     12.9328552     -0.0036395     -0.0700688
     12.9628904     -0.0036159     -0.0732663
     12.9929256     -0.0026071     -0.0744183
     13.0229608     -0.0008332     -0.0738943
     13.0529960      0.0013054     -0.0724122
     13.0830312      0.0033202     -0.0708748
     13.1130664      0.0047494     -0.0701621
     13.1431016      0.0052658     -0.0709249
     13.1731368      0.0047540     -0.0734292
     13.2031720      0.0033388     -0.0774883
     13.2332072      0.0013574     -0.0824986
     13.2632424     -0.0007185     -0.0875755
     13.2932776     -0.0023917     -0.0917569
     13.3233128     -0.0032556     -0.0942307
     13.3533480     -0.0030896     -0.0945320
     13.3833832     -0.0019112     -0.0926635
     13.4134184      0.0000265     -0.0891087
     13.4434536      0.0022932     -0.0847306
     13.4734888      0.0043811     -0.0805780
     13.5035240      0.0058229     -0.0776391
     13.5335592      0.0063018     -0.0766008
     13.5635944      0.0057260     -0.0776686
     13.5936296      0.0042523     -0.0804929
     13.6236648      0.0022502     -0.0842230
     13.6537000      0.0002173     -0.0876810
     13.6837353     -0.0013366     -0.0896213
     13.7137705     -0.0020089     -0.0890190
     13.7438057     -0.0015991     -0.0853220
     13.7738409     -0.0001583     -0.0786070
     13.8038761      0.0020212     -0.0695991
     13.8339113      0.0044714     -0.0595458
     13.8639465      0.0066559     -0.0499650
     13.8939817      0.0080944     -0.0423218
     13.9240169      0.0084744     -0.0377014
     13.9540521      0.0077250     -0.0365545
     13.9840873      0.0060347     -0.0385735
     14.0141225      0.0038087     -0.0427358
     14.0441577      0.0015760     -0.0475080
     14.0741929     -0.0001335     -0.0511749
     14.1042281     -0.0009132     -0.0522222
     14.1342633     -0.0005752     -0.0496896
     14.1642985      0.0008041     -0.0434122
     14.1943337      0.0029002     -0.0340929
     14.2243689      0.0052151     -0.0231791
     14.2544041      0.0071929     -0.0125650
     14.2844393      0.0083499     -0.0041783
     14.3144745      0.0083900      0.0004606
     14.3445097      0.0072756      0.0006079
     14.3745449      0.0052404     -0.0034938
     14.4045801      0.0027371     -0.0106199
     14.4346153      0.0003343     -0.0187953
     14.4646505     -0.0014155     -0.0257108
     14.4946857     -0.0021059     -0.0292425
     14.5247209     -0.0015741     -0.0279609
     14.5547561      0.0000574     -0.0215151
     14.5847913      0.0024051     -0.0107940
     14.6148265      0.0049098      0.0021851
     14.6448617      0.0069641      0.0146572
     14.6748969      0.0080538      0.0236941
     14.7049321      0.0078789      0.0268772
     14.7349673      0.0064279      0.0229175
     14.7650025      0.0039866      0.0120777
     14.7950377      0.0010786     -0.0037117
     14.8250729     -0.0016493     -0.0210993
     14.8551081     -0.0035715     -0.0359037
     14.8851433     -0.0042257     -0.0439591
     14.9151785     -0.0034209     -0.0420640
     14.9452137     -0.0012872     -0.0288506
     14.9752489      0.0017436     -0.0053927
     15.0052841      0.0050205      0.0245908
     15.0353193      0.0078001      0.0550131
     15.0653545      0.0093888      0.0781653
     15.0953897      0.0092676      0.0858304
     15.1254249      0.0071719      0.0705903
     15.1554601      0.0031126      0.0271065
     15.1854953     -0.0026654     -0.0468523
     15.2155305     -0.0097716     -0.1498241
     15.2455657     -0.0177790     -0.2766282
     15.2756009     -0.0263260     -0.4189236
