 Results from RMCProfile version 6.7.9.5

 (Version 6f format configuration file)                                          

 2 experiments   3 partials

 Partial g(r)'s are printed out below

   258  3 are NR and NPAR

   r (Ang)
   0.06545     0.00000     0.00000     0.00000
   0.13090     0.00000     0.00000     0.00000
   0.19635     0.00000     0.00000     0.00000
   0.26180     0.00000     0.00000     0.00000
   0.32725     0.00000     0.00000     0.00000
   0.39271     0.00000     0.00000     0.00000
   0.45816     0.00000     0.00000     0.00000
   0.52361     0.00000     0.00000     0.00000
   0.58906     0.00000     0.00000     0.00000
   0.65451     0.00000     0.00000     0.00000
   0.71996     0.00000     0.00000     0.00000
   0.78541     0.00000     0.00000     0.00000
   0.85086     0.00000     0.00000     0.00000
   0.91631     0.00000     0.38292     0.00000
   0.98176     0.00000     0.66717     0.00000
   1.04721     0.00000     1.17282     0.00000
   1.11267     0.00000     0.51947     0.00000
   1.17812     0.00000     0.00000     0.00000
   1.24357     0.00000     0.00000     0.00000
   1.30902     0.00000     0.00000     0.00000
   1.37447     0.00000     0.68091     0.00000
   1.43992     0.00000     1.39596     0.00000
   1.50537     0.00000     3.83169     0.00000
   1.57082     0.00000     3.91009     0.00000
   1.63627     0.00000     4.20418     0.00000
   1.70172     0.00000     4.55339     0.00000
   1.76718     0.00000     4.53134     0.00000
   1.83263     0.00000     3.73468     0.00000
   1.89808     0.00000     1.69615     0.00000
   1.96353     0.00000     0.00000     0.00000
   2.02898     0.00000     0.00000     0.00000
   2.09443     0.00000     0.00000     0.00000
   2.15988     0.00000     0.00000     0.00000
   2.22533     0.00000     0.00000     0.00000
   2.29078     0.00000     0.00000     0.00000
   2.35623     0.00000     0.00000     0.00000
   2.42168     0.00000     0.00000     0.00000
   2.48714     0.00000     0.00000     0.05199
   2.55259     0.00000     0.04936     0.98725
   2.61804     0.00000     0.46925     1.83009
   2.68349     0.00000     1.47393     1.56325
   2.74894     0.00000     1.14920     2.12815
   2.81439     0.00000     1.21819     1.70547
   2.87984     0.00000     1.31858     1.47370
   2.94529     0.00000     1.48309     1.77971
   3.01074     1.84511     1.38383     1.88059
   3.07619     3.39890     1.32557     1.39355
   3.14164     1.95526     1.40127     1.30351
   3.20710     0.62542     0.93813     1.25085
   3.27255     0.36039     0.75082     0.60066
   3.33800     0.69280     0.49073     0.51960
   3.40345     0.55534     0.74971     0.66641
   3.46890     1.06917     0.77515     0.74842
   3.53435     0.51497     0.64371     0.87545
   3.59980     0.19857     0.44677     0.32267
   3.66525     0.09577     0.11971     0.09577
   3.73070     0.09244     0.06933     0.20799
   3.79615     0.35711     0.35711     0.51335
   3.86161     0.69022     0.62551     0.94905
   3.92706     0.75083     0.91768     0.95939
   3.99251     0.32285     0.92820     0.82730
   4.05796     0.70317     0.52738     0.66411
   4.12341     0.60536     0.58644     0.73778
   4.18886     1.53979     0.78823     0.95320
   4.25431     1.91928     1.31507     1.36838
   4.31976     2.06841     1.67196     1.56854
   4.38521     1.67260     1.63915     1.55552
   4.45066     1.36397     1.23407     1.44516
   4.51611     1.13548     1.07239     1.10393
   4.58157     1.10327     1.17988     1.16456
   4.64702     2.02566     1.20646     1.14688
   4.71247     1.44837     1.39043     1.49182
   4.77792     1.23988     1.25397     1.46532
   4.84337     1.26145     1.00093     0.83639
   4.90882     0.64071     0.84094     0.72080
   4.97427     0.72796     0.81895     0.87095
   5.03972     1.06376     1.12708     1.22839
   5.10517     1.33284     1.48094     1.48094
   5.17062     1.87679     1.44368     1.47978
   5.23607     1.03240     1.33743     1.44301
   5.30153     1.05284     1.00707     1.14439
   5.36698     0.62533     1.04965     1.20598
   5.43243     0.74114     1.38418     1.24249
   5.49788     1.31950     1.60681     1.35142
   5.56333     1.91217     1.44452     1.47569
   5.62878     1.66492     1.22838     1.10656
   5.69423     0.87295     0.91263     0.90271
   5.75968     0.62053     0.70779     0.73688
   5.82513     0.75833     0.84364     0.80572
   5.89058     1.22359     1.13089     0.91769
   5.95604     1.12431     1.21498     1.22405
   6.02149     1.10000     1.11774     0.98468
   6.08694     0.83340     0.72054     0.79867
   6.15239     0.71379     0.51835     0.58633
   6.21784     0.69884     0.56573     0.73212
   6.28329     1.10801     0.77398     0.92877
   6.34874     1.24488     1.13316     1.10124
   6.41419     1.28215     1.00070     1.08670
   6.47964     0.73544     0.77375     0.93462
   6.54509     0.42047     0.51057     0.74333
   6.61054     0.38274     0.57412     0.69924
   6.67600     0.66395     0.85159     0.78664
   6.74145     0.87760     1.20316     1.01207
   6.80690     1.11071     1.13154     1.09683
   6.87235     0.81724     0.98750     0.93302
   6.93780     0.74843     0.62815     0.64820
   7.00325     0.39349     0.53121     0.72795
   7.06870     0.74672     0.78534     0.70810
   7.13415     1.26394     0.98587     0.96691
   7.19960     1.04249     1.24106     1.11075
   7.26505     0.95066     1.13348     0.90801
   7.33050     0.83799     0.77814     0.70032
   7.39596     0.63506     0.67622     0.57626
   7.46141     0.69330     0.82618     0.62975
   7.52686     1.15820     1.02762     0.96516
   7.59231     1.31687     1.25549     1.22759
   7.65776     1.44804     1.26155     0.98181
   7.72321     0.69023     1.05152     0.91132
   7.78866     0.63626     0.71049     0.80593
   7.85411     0.64656     0.83948     0.74041
   7.91956     1.06670     1.07695     0.87182
   7.98501     1.21071     1.23089     1.28133
   8.05046     1.50873     1.19110     1.15140
   8.11592     1.01571     1.03036     0.99129
   8.18137     0.63431     0.83133     0.81692
   8.24682     0.69995     0.74725     0.68577
   8.31227     0.98691     0.90777     0.87518
   8.37772     0.93489     1.21902     1.23735
   8.44317     1.53408     1.23178     1.17763
   8.50862     1.19068     1.17291     0.92411
   8.57407     0.49003     0.90131     0.92756
   8.63952     0.58606     0.74119     0.84892
   8.70497     0.47540     0.95930     0.98052
   8.77043     1.25447     1.17502     1.07884
   8.83588     1.00524     1.38015     1.28127
   8.90133     0.87685     1.29498     1.18943
   8.96678     0.76808     1.06412     0.92410
   9.03223     0.66237     0.85950     0.72545
   9.09768     0.55961     0.94433     0.90159
   9.16313     0.85811     1.15691     1.15691
   9.22858     1.14811     1.41626     1.21232
   9.29403     0.84900     1.41872     1.12828
   9.35948     0.74904     1.16763     0.93630
   9.42493     0.60832     0.91248     0.84006
   9.49039     0.61425     0.86780     0.83566
   9.55584     0.91583     0.92992     1.04969
   9.62129     1.16749     1.28911     1.15359
   9.68674     1.09692     1.33687     1.18262
   9.75219     1.01461     1.14989     0.97402
   9.81764     0.65407     0.82760     0.90435
   9.88309     0.59275     0.81008     0.73105
   9.94854     0.64997     0.99770     0.88071
  10.01399     1.20602     1.14187     1.12904
  10.07944     1.43102     1.24740     1.21257
  10.14489     1.20010     1.11884     1.13759
  10.21035     0.87623     0.92560     0.92560
  10.27580     0.81637     0.74326     0.77372
  10.34125     0.89028     0.86622     0.87825
  10.40670     1.21176     1.11375     0.98307
  10.47215     1.31398     1.24358     1.23479
  10.53760     1.42516     1.15577     1.09783
  10.60305     1.07574     0.92125     0.82111
  10.66850     0.68955     0.73476     0.76302
  10.73395     0.79283     0.77887     0.77608
  10.79940     1.07007     0.86874     1.00940
  10.86486     1.37330     1.06539     1.24523
  10.93031     1.44305     1.16036     1.10113
  10.99576     1.14925     0.92845     0.96835
  11.06121     0.86228     0.69929     0.80708
  11.12666     0.78982     0.70927     0.80021
  11.19211     1.17091     0.80115     0.97062
  11.25756     1.38068     1.09642     1.15733
  11.32301     1.60560     1.10385     1.20169
  11.38846     1.12096     1.02176     1.09368
  11.45391     1.01992     0.76739     0.85320
  11.51936     0.84354     0.72961     0.79748
  11.58482     0.97783     0.78131     0.98023
  11.65027     1.17542     1.05219     1.14935
  11.71572     1.49039     1.19513     1.18810
  11.78117     1.16798     1.18420     1.10773
  11.84662     0.87092     0.88696     0.95572
  11.91207     0.71630     0.77977     0.80244
  11.97752     0.81611     0.85423     0.89682
  12.04297     0.98468     1.12884     1.06896
  12.10842     1.18468     1.25269     1.18029
  12.17387     1.27615     1.21321     1.07648
  12.23932     0.84169     1.03708     0.93187
  12.30478     0.84976     0.80939     0.75203
  12.37023     0.77352     0.72728     0.93748
  12.43568     0.89852     1.02539     1.03995
  12.50113     1.18551     1.16493     1.24108
  12.56658     1.11616     1.21393     1.21597
  12.63203     0.96756     1.01593     1.11269
  12.69748     0.74215     0.82394     0.93167
  12.76293     0.62398     0.81156     0.84711
  12.82838     0.89126     0.94012     1.02612
  12.89383     1.10666     1.16663     1.14922
  12.95928     1.22574     1.23723     1.22766
  13.02474     1.07694     1.03713     1.18881
  13.09019     0.87098     0.87661     0.91978
  13.15564     0.60958     0.83632     0.85862
  13.22109     0.96423     0.87038     0.94950
  13.28654     1.08594     1.16611     1.07318
  13.35199     1.27739     1.22687     1.22507
  13.41744     0.95765     1.15597     1.23637
  13.48289     0.84929     0.93953     1.00853
  13.54834     0.87615     0.76926     0.78153
  13.61379     0.74279     0.88337     0.84519
  13.67925     1.05198     0.99354     1.09839
  13.74470     1.19182     1.20714     1.16628
  13.81015     1.13333     1.18898     1.15188
  13.87560     1.07588     0.93722     1.02576
  13.94105     0.92017     0.73481     0.87879
  14.00650     0.81977     0.82797     0.81485
  14.07195     0.99409     1.01358     0.98759
  14.13740     1.17802     1.21826     1.18607
  14.20285     1.32026     1.20227     1.19270
  14.26830     1.05539     0.96692     1.15651
  14.33375     0.86417     0.89079     0.87200
  14.39921     0.78187     0.81445     0.86099
  14.46466     0.86090     0.98850     0.96390
  14.53011     1.07255     1.21881     1.04665
  14.59556     1.20186     1.28490     1.08560
  14.66101     1.08940     1.15673     1.00260
  14.72646     0.89582     0.88247     0.93735
  14.79191     0.80559     0.79677     0.82323
  14.85736     0.90925     0.89176     0.92674
  14.92281     1.14972     1.14395     0.96773
  14.98826     1.31725     1.21416     1.10248
  15.05371     1.20362     1.15111     1.08723
  15.11917     0.92869     1.00186     0.90899
  15.18462     0.93186     0.84816     0.78539
  15.25007     0.89622     0.85611     0.86164
  15.31552     1.13540     0.98045     1.06958
  15.38097     1.25628     1.12032     1.14751
  15.44642     1.30497     1.15264     1.12163
  15.51187     1.14427     0.96380     0.98519
  15.57732     1.00212     0.80461     0.81786
  15.64277     0.93591     0.81892     0.85836
  15.70822     1.15234     0.92813     1.02720
  15.77368     1.43237     1.05360     1.11953
  15.83913     1.51800     1.08465     1.20773
  15.90458     1.26648     0.96766     1.05794
  15.97003     1.02406     0.83237     0.85002
  16.03548     1.05575     0.72802     0.89689
  16.10093     0.96778     0.94668     0.95537
  16.16638     1.37347     1.05103     1.11379
  16.23183     1.24522     1.17686     1.18662
  16.29728     1.18680     1.01362     1.10203
  16.36273     0.89861     0.81211     1.01394
  16.42818     0.81042     0.84379     0.83783
  16.49364     1.02156     0.91633     0.93052
  16.55909     1.06511     1.10382     1.05573
  16.62454     1.24295     1.17196     1.20338
  16.68999     1.05309     1.11429     1.18588
  16.75544     0.88906     0.97728     0.97728
  16.82089     0.82759     0.87761     0.98333
  16.88634     1.01520     1.01069     1.01408

 Partial S(Q)'s are printed out below

   611  3 are NQ and NPAR

      Q          S(Q)_1      S(Q)_2      S(Q)_3
  0.4682470     0.4148759    -0.4463946    -0.2118204
  0.4982822     0.7421857    -0.4468976    -0.0161762
  0.5283159     0.6784271    -0.3937177     0.0773814
  0.5583480     0.3065781    -0.3027069     0.0794665
  0.5883784    -0.2480164    -0.1938698     0.0102692
  0.6184069    -0.8461087    -0.0867758    -0.1059422
  0.6484336    -1.3626827     0.0034153    -0.2458968
  0.6784584    -1.7094682     0.0685305    -0.3910245
  0.7084810    -1.8479861     0.1081232    -0.5292567
  0.7385015    -1.7913625     0.1283511    -0.6548929
  0.7685198    -1.5954604     0.1393724    -0.7669429
  0.7985357    -1.3419394     0.1519459    -0.8666607
  0.8285491    -1.1172887     0.1740713    -0.9550851
  0.8585601    -0.9924259     0.2084655    -1.0313009
  0.8885684    -1.0070602     0.2514651    -1.0918587
  0.9185740    -1.1618048     0.2936092    -1.1314320
  0.9485769    -1.4192711     0.3217761    -1.1444336
  0.9785768    -1.7134677     0.3223964    -1.1270503
  1.0085738    -1.9651507     0.2850226    -1.0790442
  1.0385677    -2.0996472     0.2054478    -1.0047396
  1.0685584    -2.0633220     0.0876563    -0.9128336
  1.0985458    -1.8352870    -0.0558723    -0.8149852
  1.1285300    -1.4320735    -0.2056391    -0.7234708
  1.1585106    -0.9045115    -0.3381447    -0.6484516
  1.1884878    -0.3276850    -0.4298912    -0.5955262
  1.2184613     0.2137922    -0.4615984    -0.5642048
  1.2484312     0.6420702    -0.4218157    -0.5477365
  1.2783972     0.9006165    -0.3092248    -0.5344182
  1.3083593     0.9641986    -0.1331854    -0.5101592
  1.3383174     0.8424963     0.0875821    -0.4617716
  1.3682715     0.5768878     0.3279249    -0.3802678
  1.3982214     0.2313373     0.5602395    -0.2634175
  1.4281670    -0.1205633     0.7587628    -0.1169584
  1.4581083    -0.4096828     0.9033905     0.0458610
  1.4880452    -0.5837698     0.9823553     0.2063701
  1.5179775    -0.6158868     0.9933403     0.3438029
  1.5479052    -0.5074668     0.9429176     0.4391937
  1.5778281    -0.2857509     0.8445275     0.4790431
  1.6077463     0.0035007     0.7154774     0.4579948
  1.6376596     0.3062452     0.5736012     0.3799679
  1.6675679     0.5710938     0.4342421     0.2575133
  1.6974711     0.7587196     0.3081089     0.1095277
  1.7273691     0.8479813     0.2003430    -0.0421989
  1.7572618     0.8378127     0.1108561    -0.1768973
  1.7871493     0.7448756     0.0357350    -0.2784070
  1.8170312     0.5978541    -0.0307055    -0.3377354
  1.8469077     0.4299079    -0.0937469    -0.3541183
  1.8767785     0.2710709    -0.1564837    -0.3344300
  1.9066436     0.1422510    -0.2188301    -0.2911395
  1.9365029     0.0520101    -0.2775060    -0.2392973
  1.9663562    -0.0034049    -0.3269606    -0.1932174
  1.9962036    -0.0370655    -0.3609700    -0.1635537
  2.0260449    -0.0663417    -0.3744963    -0.1553512
  2.0558801    -0.1072006    -0.3653403    -0.1674226
  2.0857090    -0.1692449    -0.3351723    -0.1931036
  2.1155315    -0.2526668    -0.2896719    -0.2221441
  2.1453476    -0.3477912    -0.2377126    -0.2432683
  2.1751571    -0.4372469    -0.1897459    -0.2468147
  2.2049601    -0.5001895    -0.1557219    -0.2268835
  2.2347563    -0.5175312    -0.1429963    -0.1825541
  2.2645457    -0.4769230    -0.1546792    -0.1179590
  2.2943282    -0.3763084    -0.1888008    -0.0412568
  2.3241037    -0.2252153    -0.2384921     0.0372159
  2.3538721    -0.0434709    -0.2931739     0.1071730
  2.3836334     0.1423895    -0.3405298     0.1604878
  2.4133874     0.3042393    -0.3688785     0.1927344
  2.4431340     0.4178913    -0.3694720     0.2038616
  2.4728732     0.4678536    -0.3382613     0.1979029
  2.5026049     0.4503008    -0.2767756     0.1818394
  2.5323289     0.3736495    -0.1919415     0.1639101
  2.5620453     0.2566480    -0.0948798     0.1517643
  2.5917538     0.1244190     0.0010817     0.1508647
  2.6214544     0.0033164     0.0827860     0.1634671
  2.6511471    -0.0843101     0.1395531     0.1883605
  2.6808317    -0.1243616     0.1649763     0.2213718
  2.7105081    -0.1134002     0.1578766     0.2564755
  2.7401762    -0.0587874     0.1222608     0.2872234
  2.7698360     0.0233993     0.0663242     0.3081625
  2.7994874     0.1121550     0.0007268     0.3159307
  2.8291302     0.1861914    -0.0634944     0.3098140
  2.8587645     0.2284355    -0.1169582     0.2916818
  2.8883900     0.2294514    -0.1535253     0.2653609
  2.9180067     0.1891150    -0.1711515     0.2356294
  2.9476145     0.1162646    -0.1718807     0.2070833
  2.9772134     0.0264820    -0.1610292     0.1831401
  3.0068031    -0.0614505    -0.1457694     0.1653945
  3.0363838    -0.1296226    -0.1334364     0.1534456
  3.0659551    -0.1647229    -0.1299173     0.1452015
  3.0955172    -0.1606542    -0.1384502     0.1375573
  3.1250698    -0.1195406    -0.1590579     0.1272640
  3.1546128    -0.0509858    -0.1887018     0.1117742
  3.1841463     0.0301849    -0.2220841     0.0898701
  3.2136701     0.1071583    -0.2528993     0.0619403
  3.2431841     0.1646252    -0.2752464     0.0298623
  3.2726882     0.1917912    -0.2848972    -0.0034615
  3.3021823     0.1843051    -0.2801575    -0.0347868
  3.3316664     0.1447606    -0.2621539    -0.0612615
  3.3611403     0.0817416    -0.2345100    -0.0810397
  3.3906040     0.0076912    -0.2025056    -0.0936414
  3.4200574    -0.0638850    -0.1719149    -0.0999892
  3.4495003    -0.1212566    -0.1477862    -0.1021312
  3.4789327    -0.1567487    -0.1334214    -0.1027276
  3.5083546    -0.1680159    -0.1297679    -0.1044292
  3.5377657    -0.1581004    -0.1353345    -0.1092905
  3.5671661    -0.1343336    -0.1466328    -0.1183459
  3.5965556    -0.1063840    -0.1590303    -0.1314298
  3.6259341    -0.0839217    -0.1678206    -0.1472662
  3.6553016    -0.0744236    -0.1692736    -0.1637888
  3.6846580    -0.0815884    -0.1614434    -0.1786071
  3.7140032    -0.1046721    -0.1445659    -0.1895091
  3.7433370    -0.1388416    -0.1209745    -0.1948897
  3.7726594    -0.1764188    -0.0945608    -0.1940244
  3.8019704    -0.2087029    -0.0699064    -0.1871436
  3.8312697    -0.2279467    -0.0512758    -0.1753153
  3.8605574    -0.2290516    -0.0416836    -0.1601814
  3.8898333    -0.2106258    -0.0422307    -0.1436204
  3.9190974    -0.1752030    -0.0518408    -0.1274149
  3.9483496    -0.1286091    -0.0674443    -0.1129923
  3.9775897    -0.0786460    -0.0845640    -0.1012767
  4.0068177    -0.0334021    -0.0981760    -0.0926617
  4.0360334     0.0004378    -0.1036680    -0.0870802
  4.0652369     0.0189255    -0.0977046    -0.0841316
  4.0944281     0.0215581    -0.0788315    -0.0832172
  4.1236067     0.0112415    -0.0477131    -0.0836464
  4.1527728    -0.0064523    -0.0069711    -0.0846917
  4.1819262    -0.0245478     0.0393288    -0.0855972
  4.2110669    -0.0361641     0.0864244    -0.0855610
  4.2401947    -0.0359270     0.1296891    -0.0837252
  4.2693097    -0.0210110     0.1653850    -0.0792044
  4.2984116     0.0083842     0.1912029    -0.0711721
  4.3275005     0.0491877     0.2065061    -0.0590006
  4.3565761     0.0961767     0.2122554    -0.0424317
  4.3856385     0.1430790     0.2106606    -0.0217330
  4.4146876     0.1838150     0.2046496     0.0022084
  4.4437232     0.2136160     0.1972754     0.0278970
  4.4727452     0.2298044     0.1911808     0.0533688
  4.5017536     0.2321020     0.1882167     0.0764527
  4.5307483     0.2224411     0.1892676     0.0951167
  4.5597293     0.2043584     0.1942898     0.1078365
  4.5886963     0.1821298     0.2025213     0.1139099
  4.6176493     0.1598485     0.2127909     0.1136470
  4.6465883     0.1406429     0.2238440     0.1083813
  4.6755131     0.1261853     0.2346047     0.1002861
  4.7044237     0.1165668     0.2443248     0.0920176
  4.7333199     0.1105320     0.2526003     0.0862428
  4.7622018     0.1059854     0.2592736     0.0851413
  4.7910691     0.1006316     0.2642677     0.0899769
  4.8199218     0.0925927     0.2674132     0.1008250
  4.8487599     0.0808626     0.2683264     0.1165151
  4.8775831     0.0655063     0.2663812     0.1348058
  4.9063916     0.0475768     0.2607890     0.1527614
  4.9351850     0.0287882     0.2507698     0.1672634
  4.9639635     0.0110392     0.2357736     0.1755583
  4.9927268    -0.0040913     0.2156924     0.1757385
  5.0214749    -0.0157510     0.1910058     0.1670660
  5.0502077    -0.0240301     0.1628148     0.1500793
  5.0789252    -0.0299364     0.1327421     0.1264666
  5.1076271    -0.0351408     0.1027135     0.0987381
  5.1363135    -0.0415556     0.0746562     0.0697629
  5.1649843    -0.0508453     0.0501775     0.0422660
  5.1936393    -0.0639836     0.0302907     0.0183827
  5.2222785    -0.0809587     0.0152472    -0.0006465
  5.2509018    -0.1006955     0.0045151    -0.0145880
  5.2795091    -0.1212126    -0.0030893    -0.0241247
  5.3081003    -0.1399835    -0.0091398    -0.0305920
  5.3366753    -0.1544268    -0.0152616    -0.0356053
  5.3652341    -0.1624205    -0.0227851    -0.0406621
  5.3937766    -0.1627361    -0.0324615    -0.0468030
  5.4223026    -0.1553012    -0.0443020    -0.0543991
  5.4508121    -0.1412385    -0.0575714    -0.0631039
  5.4793050    -0.1226731    -0.0709390    -0.0719710
  5.5077812    -0.1023494    -0.0827553    -0.0797037
  5.5362406    -0.0831330    -0.0913981    -0.0849752
  5.5646832    -0.0674977    -0.0956163    -0.0867476
  5.5931088    -0.0570948    -0.0948027    -0.0845194
  5.6215173    -0.0524873    -0.0891391    -0.0784496
  5.6499088    -0.0530928    -0.0795873    -0.0693364
  5.6782830    -0.0573422    -0.0677263    -0.0584594
  5.7066400    -0.0630140    -0.0554716    -0.0473227
  5.7349795    -0.0676772    -0.0447323    -0.0373578
  5.7633016    -0.0691530    -0.0370743    -0.0296504
  5.7916061    -0.0659081    -0.0334544    -0.0247478
  5.8198930    -0.0573091    -0.0340775    -0.0225851
  5.8481622    -0.0436943    -0.0383974    -0.0225410
  5.8764135    -0.0262605    -0.0452599    -0.0236068
  5.9046470    -0.0067928    -0.0531533    -0.0246279
  5.9328624     0.0127009    -0.0605138    -0.0245650
  5.9610598     0.0303784    -0.0660256    -0.0227178
  5.9892391     0.0448963    -0.0688553    -0.0188672
  6.0174000     0.0556268    -0.0687805    -0.0133076
  6.0455427     0.0627212    -0.0661921    -0.0067693
  6.0736669     0.0670122    -0.0619756    -0.0002499
  6.1017727     0.0697819    -0.0573036     0.0052037
  6.1298598     0.0724435    -0.0533843     0.0087167
  6.1579283     0.0762038    -0.0512191     0.0097626
  6.1859780     0.0817721    -0.0514168     0.0082617
  6.2140089     0.0891738    -0.0540993     0.0045820
  6.2420208     0.0977043    -0.0589101    -0.0005502
  6.2700138     0.1060336    -0.0651187    -0.0062085
  6.2979876     0.1124417    -0.0717928    -0.0114564
  6.3259422     0.1151429    -0.0779976    -0.0155272
  6.3538776     0.1126395    -0.0829804    -0.0179588
  6.3817936     0.1040401    -0.0863021    -0.0186559
  6.4096902     0.0892851    -0.0878914    -0.0178731
  6.4375673     0.0692347    -0.0880170    -0.0161276
  6.4654247     0.0456035    -0.0871869    -0.0140648
  6.4932625     0.0207464    -0.0860039    -0.0123086
  6.5210805    -0.0026707    -0.0850095    -0.0113316
  6.5488786    -0.0220628    -0.0845534    -0.0113687
  6.5766567    -0.0353183    -0.0847145    -0.0123923
  6.6044148    -0.0411277    -0.0852902    -0.0141479
  6.6321529    -0.0391965    -0.0858533    -0.0162365
  6.6598707    -0.0303041    -0.0858602    -0.0182219
  6.6875682    -0.0162013    -0.0847856    -0.0197344
  6.7152453     0.0006431    -0.0822527    -0.0205461
  6.7429020     0.0174045    -0.0781292    -0.0206022
  6.7705382     0.0313220    -0.0725684    -0.0200017
  6.7981537     0.0401073    -0.0659881    -0.0189371
  6.8257485     0.0422835    -0.0589918    -0.0176098
  6.8533225     0.0373992    -0.0522498    -0.0161459
  6.8808757     0.0260872    -0.0463679    -0.0145352
  6.9084079     0.0099586    -0.0417686    -0.0126125
  6.9359190    -0.0086510    -0.0386128    -0.0100867
  6.9634090    -0.0270426    -0.0367750    -0.0066145
  6.9908778    -0.0425672    -0.0358770    -0.0019015
  7.0183253    -0.0530269    -0.0353708     0.0041927
  7.0457515    -0.0570025    -0.0346525     0.0115729
  7.0731561    -0.0540576    -0.0331831     0.0198711
  7.1005393    -0.0447909    -0.0305890     0.0284688
  7.1279008    -0.0307278    -0.0267257     0.0365785
  7.1552405    -0.0140735    -0.0216902     0.0433723
  7.1825585     0.0026339    -0.0157834     0.0481336
  7.2098546     0.0169135    -0.0094340     0.0504011
  7.2371288     0.0267141    -0.0031003     0.0500756
  7.2643809     0.0307104     0.0028258     0.0474628
  7.2916108     0.0284798     0.0080922     0.0432419
  7.3188186     0.0205329     0.0126226     0.0383587
  7.3460040     0.0081994     0.0165072     0.0338628
  7.3731671    -0.0066105     0.0199538     0.0307154
  7.4003078    -0.0217257     0.0232110     0.0296047
  7.4274258    -0.0350622     0.0264836     0.0308039
  7.4545213    -0.0449420     0.0298593     0.0341000
  7.4815940    -0.0503330     0.0332676     0.0388098
  7.5086440    -0.0509727     0.0364780     0.0438834
  7.5356711    -0.0473623     0.0391432     0.0480776
  7.5626752    -0.0406353     0.0408753     0.0501704
  7.5896563    -0.0323287     0.0413411     0.0491786
  7.6166143    -0.0240990     0.0403542     0.0445402
  7.6435491    -0.0174329     0.0379432     0.0362279
  7.6704605    -0.0134021     0.0343782     0.0247737
  7.6973487    -0.0125010     0.0301484     0.0112001
  7.7242133    -0.0145930     0.0258917    -0.0031307
  7.7510545    -0.0189681     0.0222875    -0.0167235
  7.7778720    -0.0244986     0.0199334    -0.0281774
  7.8046659    -0.0298605     0.0192307    -0.0363936
  7.8314359    -0.0337795     0.0202988    -0.0407322
  7.8581822    -0.0352581     0.0229412    -0.0410902
  7.8849044    -0.0337441     0.0266680    -0.0378925
  7.9116027    -0.0292131     0.0307754    -0.0320001
  7.9382768    -0.0221549     0.0344677    -0.0245547
  7.9649268    -0.0134696     0.0370017    -0.0167883
  7.9915525    -0.0042953     0.0378249    -0.0098322
  8.0181539     0.0041981     0.0366846    -0.0045574
  8.0447308     0.0110120     0.0336841    -0.0014694
  8.0712833     0.0154827     0.0292769    -0.0006738
  8.0978111     0.0173771     0.0241981    -0.0019099
  8.1243143     0.0169081     0.0193435    -0.0046428
  8.1507928     0.0146687     0.0156198    -0.0081905
  8.1772464     0.0115020     0.0137892    -0.0118624
  8.2036751     0.0083318     0.0143392    -0.0150799
  8.2300788     0.0059888     0.0173979    -0.0174618
  8.2564574     0.0050621     0.0227110    -0.0188597
  8.2828109     0.0058040     0.0296835    -0.0193428
  8.3091392     0.0081027     0.0374784    -0.0191403
  8.3354421     0.0115253     0.0451537    -0.0185581
  8.3617197     0.0154203     0.0518150    -0.0178877
  8.3879717     0.0190570     0.0567545    -0.0173306
  8.4141983     0.0217765     0.0595546    -0.0169505
  8.4403992     0.0231214     0.0601388    -0.0166650
  8.4665744     0.0229239     0.0587614    -0.0162744
  8.4927238     0.0213333     0.0559427    -0.0155210
  8.5188473     0.0187812     0.0523607    -0.0141638
  8.5449449     0.0158908     0.0487218    -0.0120514
  8.5710164     0.0133500     0.0456343    -0.0091766
  8.5970619     0.0117714     0.0435074    -0.0057001
  8.6230811     0.0115685     0.0424920    -0.0019370
  8.6490741     0.0128691     0.0424743     0.0016912
  8.6750407     0.0154839     0.0431190     0.0047309
  8.7009810     0.0189364     0.0439528     0.0067812
  8.7268947     0.0225470     0.0444710     0.0075728
  8.7527818     0.0255583     0.0442461     0.0070247
  8.7786422     0.0272763     0.0430157     0.0052674
  8.8044760     0.0272037     0.0407363     0.0026258
  8.8302829     0.0251402     0.0375903    -0.0004342
  8.8560629     0.0212318     0.0339481    -0.0033864
  8.8818159     0.0159599     0.0302916    -0.0057386
  8.9075419     0.0100722     0.0271150    -0.0071202
  8.9332407     0.0044660     0.0248230    -0.0073496
  8.9589123     0.0000453     0.0236445    -0.0064665
  8.9845567    -0.0024263     0.0235801    -0.0047231
  9.0101736    -0.0024500     0.0243923    -0.0025366
  9.0357631     0.0001242     0.0256418    -0.0004096
  9.0613251     0.0050702     0.0267625     0.0011648
  9.0868595     0.0118156     0.0271633     0.0017979
  9.1123662     0.0195249     0.0263365     0.0012813
  9.1378452     0.0272208     0.0239549    -0.0003697
  9.1632963     0.0339227     0.0199391    -0.0029138
  9.1887195     0.0387814     0.0144832    -0.0059222
  9.2141147     0.0411869     0.0080332    -0.0088534
  9.2394819     0.0408363     0.0012229    -0.0111489
  9.2648209     0.0377511    -0.0052244    -0.0123338
  9.2901317     0.0322461    -0.0106087    -0.0121046
  9.3154141     0.0248572    -0.0143647    -0.0103875
  9.3406683     0.0162429    -0.0161509    -0.0073572
  9.3658939     0.0070787    -0.0159027    -0.0034123
  9.3910910    -0.0020395    -0.0138413     0.0008889
  9.4162595    -0.0106654    -0.0104370     0.0049208
  9.4413994    -0.0185376    -0.0063336     0.0080962
  9.4665104    -0.0255764    -0.0022471     0.0099661
  9.4915927    -0.0318468     0.0011438     0.0102972
  9.5166460    -0.0374974     0.0032987     0.0091133
  9.5416703    -0.0426891     0.0038898     0.0066938
  9.5666656    -0.0475289     0.0028411     0.0035287
  9.5916317    -0.0520215     0.0003246     0.0002389
  9.6165686    -0.0560490    -0.0032822    -0.0025266
  9.6414762    -0.0593815    -0.0074703    -0.0041969
  9.6663545    -0.0617155    -0.0116901    -0.0043740
  9.6912033    -0.0627346    -0.0154440    -0.0028978
  9.7160225    -0.0621774    -0.0183659     0.0001275
  9.7408122    -0.0599015    -0.0202728     0.0043511
  9.7655722    -0.0559300    -0.0211839     0.0092330
  9.7903025    -0.0504702    -0.0213025     0.0141322
  9.8150029    -0.0439021    -0.0209683     0.0184107
  9.8396735    -0.0367348    -0.0205870     0.0215358
  9.8643140    -0.0295400    -0.0205525     0.0231641
  9.8889245    -0.0228717    -0.0211735     0.0231937
  9.9135049    -0.0171867    -0.0226188     0.0217758
  9.9380551    -0.0127783    -0.0248886     0.0192849
  9.9625751    -0.0097351    -0.0278173     0.0162522
  9.9870646    -0.0079321    -0.0311051     0.0132736
 10.0115238    -0.0070549    -0.0343721     0.0109084
 10.0359524    -0.0066554    -0.0372257     0.0095836
 10.0603505    -0.0062271    -0.0393281     0.0095213
 10.0847180    -0.0052911    -0.0404522     0.0106996
 10.1090547    -0.0034761    -0.0405171     0.0128538
 10.1333606    -0.0005814    -0.0395970     0.0155180
 10.1576357     0.0033879    -0.0379030     0.0180993
 10.1818798     0.0082191    -0.0357421     0.0199734
 10.2060929     0.0135239    -0.0334600     0.0205874
 10.2302749     0.0187981    -0.0313797     0.0195510
 10.2544257     0.0235005    -0.0297465     0.0167047
 10.2785453     0.0271379    -0.0286885     0.0121526
 10.3026336     0.0293430    -0.0282001     0.0062551
 10.3266906     0.0299329    -0.0281509    -0.0004171
 10.3507160     0.0289392    -0.0283178    -0.0071604
 10.3747099     0.0266053    -0.0284346    -0.0132367
 10.3986723     0.0233518    -0.0282501    -0.0179761
 10.4226029     0.0197147    -0.0275825    -0.0208705
 10.4465018     0.0162666    -0.0263629    -0.0216439
 10.4703689     0.0135339    -0.0246562    -0.0202889
 10.4942041     0.0119202    -0.0226577    -0.0170658
 10.5180073     0.0116493    -0.0206647    -0.0124644
 10.5417785     0.0127360    -0.0190254    -0.0071346
 10.5655175     0.0149864    -0.0180771    -0.0017971
 10.5892244     0.0180302    -0.0180802     0.0028534
 10.6128990     0.0213771    -0.0191627     0.0062385
 10.6365413     0.0244902    -0.0212822     0.0079671
 10.6601512     0.0268640    -0.0242160     0.0078788
 10.6837286     0.0280968    -0.0275794     0.0060541
 10.7072735     0.0279461    -0.0308728     0.0027914
 10.7307858     0.0263604    -0.0335501    -0.0014435
 10.7542654     0.0234827    -0.0350993    -0.0060882
 10.7777122     0.0196269    -0.0351235    -0.0105627
 10.8011262     0.0152308    -0.0334077    -0.0143466
 10.8245072     0.0107936    -0.0299642    -0.0170423
 10.8478553     0.0068069    -0.0250448    -0.0184169
 10.8711704     0.0036906    -0.0191194    -0.0184194
 10.8944524     0.0017401    -0.0128217    -0.0171708
 10.9177011     0.0010944    -0.0068694    -0.0149318
 10.9409166     0.0017273    -0.0019683    -0.0120544
 10.9640988     0.0034607     0.0012847    -0.0089247
 10.9872476     0.0059994     0.0024874    -0.0059077
 11.0103629     0.0089786     0.0014937    -0.0033007
 11.0334447     0.0120179    -0.0015584    -0.0013013
 11.0564928     0.0147734    -0.0062561     0.0000044
 11.0795073     0.0169799    -0.0119590     0.0006366
 11.1024880     0.0184778    -0.0178775     0.0006991
 11.1254349     0.0192215    -0.0231722     0.0003469
 11.1483479     0.0192703    -0.0270615    -0.0002518
 11.1712270     0.0187623    -0.0289224    -0.0009497
 11.1940720     0.0178782    -0.0283716    -0.0016475
 11.2168830     0.0168007    -0.0253156    -0.0023074
 11.2396597     0.0156762    -0.0199631    -0.0029529
 11.2624023     0.0145847    -0.0127978    -0.0036544
 11.2851105     0.0135232    -0.0045167    -0.0045046
 11.3077843     0.0124045     0.0040603    -0.0055884
 11.3304237     0.0110715     0.0120946    -0.0069530
 11.3530286     0.0093241     0.0188356    -0.0085842
 11.3755989     0.0069553     0.0237136    -0.0103933
 11.3981345     0.0037899     0.0264087    -0.0122178
 11.4206355    -0.0002796     0.0268860    -0.0138368
 11.4431016    -0.0052662     0.0253923    -0.0149981
 11.4655329    -0.0110731     0.0224171    -0.0154550
 11.4879292    -0.0174942     0.0186217    -0.0150056
 11.5102906    -0.0242294     0.0147465    -0.0135286
 11.5326169    -0.0309126     0.0115108    -0.0110112
 11.5549080    -0.0371488     0.0095153    -0.0075625
 11.5771640    -0.0425559     0.0091629    -0.0034102
 11.5993847    -0.0468043     0.0106064     0.0011189
 11.6215701    -0.0496513     0.0137301     0.0056345
 11.6437200    -0.0509637     0.0181671     0.0097278
 11.6658345    -0.0507278     0.0233499     0.0130223
 11.6879135    -0.0490463     0.0285871     0.0152217
 11.7099568    -0.0461213     0.0331558     0.0161489
 11.7319645    -0.0422278     0.0363975     0.0157712
 11.7539365    -0.0376817     0.0378060     0.0142066
 11.7758726    -0.0328054     0.0370948     0.0117109
 11.7977729    -0.0278966     0.0342357     0.0086463
 11.8196372    -0.0232035     0.0294657     0.0054361
 11.8414656    -0.0189093     0.0232589     0.0025105
 11.8632578    -0.0151269     0.0162695     0.0002505
 11.8850139    -0.0119027     0.0092524    -0.0010615
 11.9067339    -0.0092291     0.0029716    -0.0012792
 11.9284175    -0.0070623    -0.0018922    -0.0004124
 11.9500648    -0.0053411    -0.0048229     0.0013737
 11.9716757    -0.0040049    -0.0055300     0.0037796
 11.9932502    -0.0030071    -0.0039820     0.0064107
 12.0147881    -0.0023217    -0.0004080     0.0088292
 12.0362894    -0.0019439     0.0047317     0.0106134
 12.0577540    -0.0018824     0.0108016     0.0114146
 12.0791820    -0.0021481     0.0170673     0.0110066
 12.1005731    -0.0027392     0.0227818     0.0093196
 12.1219273    -0.0036271     0.0272723     0.0064544
 12.1432447    -0.0047456     0.0300163     0.0026753
 12.1645250    -0.0059853     0.0306982    -0.0016187
 12.1857683    -0.0071956     0.0292411    -0.0059398
 12.2069745    -0.0081944     0.0258105    -0.0097701
 12.2281434    -0.0087844     0.0207885    -0.0126255
 12.2492752    -0.0087747     0.0147252    -0.0141166
 12.2703696    -0.0080048     0.0082708    -0.0139996
 12.2914266    -0.0063673     0.0020984    -0.0122102
 12.3124462    -0.0038265    -0.0031734    -0.0088773
 12.3334283    -0.0004298    -0.0070500    -0.0043122
 12.3543729     0.0036903    -0.0092137     0.0010222
 12.3752798     0.0083237    -0.0095543     0.0065628
 12.3961490     0.0132007    -0.0081758     0.0117087
 12.4169804     0.0180176    -0.0053775     0.0158905
 12.4377740     0.0224670    -0.0016134     0.0186362
 12.4585297     0.0262712     0.0025644     0.0196270
 12.4792475     0.0292114     0.0065726     0.0187362
 12.4999273     0.0311525     0.0098646     0.0160472
 12.5205689     0.0320580     0.0119929     0.0118462
 12.5411725     0.0319938     0.0126577     0.0065939
 12.5617378     0.0311203     0.0117380     0.0008747
 12.5822649     0.0296732     0.0093011    -0.0046662
 12.6027536     0.0279348     0.0055914    -0.0093952
 12.6232040     0.0261996     0.0009989    -0.0127609
 12.6436159     0.0247384    -0.0039870    -0.0143563
 12.6639893     0.0237631    -0.0088337    -0.0139666
 12.6843241     0.0234002    -0.0130247    -0.0115947
 12.7046203     0.0236715    -0.0161148    -0.0074643
 12.7248777     0.0244894    -0.0177768    -0.0019981
 12.7450964     0.0256635    -0.0178333     0.0042255
 12.7652763     0.0269203    -0.0162710     0.0105329
 12.7854173     0.0279339    -0.0132378     0.0162271
 12.8055194     0.0283629    -0.0090223     0.0206615
 12.8255824     0.0278916    -0.0040190     0.0233101
 12.8456064     0.0262692     0.0013156     0.0238248
 12.8655912     0.0233429     0.0065125     0.0220742
 12.8855369     0.0190824     0.0111378     0.0181610
 12.9054433     0.0135905     0.0148347     0.0124138
 12.9253104     0.0071009     0.0173559     0.0053568
 12.9451381    -0.0000384     0.0185817    -0.0023418
 12.9649264    -0.0073947     0.0185245    -0.0099355
 12.9846752    -0.0144885     0.0173189    -0.0166737
 13.0043844    -0.0208387     0.0151990    -0.0218771
 13.0240541    -0.0260072     0.0124669    -0.0250051
 13.0436840    -0.0296413     0.0094558    -0.0257108
 13.0632742    -0.0315076     0.0064919    -0.0238755
 13.0828247    -0.0315144     0.0038597    -0.0196223
 13.1023352    -0.0297210     0.0017738    -0.0133048
 13.1218059    -0.0263317     0.0003609    -0.0054743
 13.1412366    -0.0216765    -0.0003478     0.0031722
 13.1606273    -0.0161789    -0.0004126     0.0118578
 13.1799778    -0.0103157     0.0000291     0.0197988
 13.1992882    -0.0045719     0.0007851     0.0262777
 13.2185585     0.0006047     0.0016355     0.0307097
 13.2377884     0.0048445     0.0023623     0.0326959
 13.2569780     0.0078883     0.0027764     0.0320588
 13.2761273     0.0096089     0.0027406     0.0288566
 13.2952361     0.0100182     0.0021850     0.0233756
 13.3143044     0.0092611     0.0011134     0.0161015
 13.3333321     0.0075957    -0.0003988     0.0076730
 13.3523192     0.0053629    -0.0022163    -0.0011782
 13.3712657     0.0029483    -0.0041614    -0.0096943
 13.3901714     0.0007395    -0.0060377    -0.0171604
 13.4090364    -0.0009149    -0.0076546    -0.0229672
 13.4278604    -0.0017426    -0.0088512    -0.0266641
 13.4466436    -0.0015762    -0.0095167    -0.0279956
 13.4653858    -0.0003706    -0.0096044    -0.0269203
 13.4840871     0.0017922    -0.0091382    -0.0236098
 13.5027472     0.0047119    -0.0082109    -0.0184285
 13.5213662     0.0080901    -0.0069739    -0.0118967
 13.5399440     0.0115612    -0.0056206    -0.0046410
 13.5584806     0.0147301    -0.0043640     0.0026646
 13.5769758     0.0172133    -0.0034122     0.0093586
 13.5954297     0.0186787    -0.0029437     0.0148511
 13.6138422     0.0188808    -0.0030853     0.0186733
 13.6322132     0.0176879    -0.0038954     0.0205162
 13.6505427     0.0150982    -0.0053544     0.0202528
 13.6688306     0.0112433    -0.0073632     0.0179450
 13.6870769     0.0063791    -0.0097502     0.0138324
 13.7052815     0.0008644    -0.0122864     0.0083064
 13.7234443    -0.0048707    -0.0147067     0.0018715
 13.7415654    -0.0103631    -0.0167361    -0.0049026
 13.7596445    -0.0151588    -0.0181176    -0.0114323
 13.7776818    -0.0188557    -0.0186392    -0.0171725
 13.7956771    -0.0211405    -0.0181573    -0.0216627
 13.8136303    -0.0218196    -0.0166145    -0.0245654
 13.8315415    -0.0208389    -0.0140496    -0.0256923
 13.8494106    -0.0182915    -0.0105978    -0.0250161
 13.8672374    -0.0144124    -0.0064835    -0.0226690
 13.8850221    -0.0095606    -0.0020026    -0.0189266
 13.9027644    -0.0041903     0.0025014    -0.0141794
 13.9204644     0.0011866     0.0066664    -0.0088963
 13.9381219     0.0060435     0.0101436    -0.0035805
 13.9557370     0.0098837     0.0126292     0.0012744
 13.9733096     0.0122828     0.0138929     0.0052282
 13.9908397     0.0129255     0.0138004     0.0079309
 14.0083271     0.0116337     0.0123289     0.0091516
 14.0257718     0.0083833     0.0095723     0.0087954
 14.0431739     0.0033083     0.0057371     0.0069095
 14.0605331    -0.0033080     0.0011286     0.0036758
 14.0778495    -0.0110535    -0.0038722    -0.0006075
 14.0951231    -0.0194194    -0.0088380    -0.0055539
 14.1123536    -0.0278391    -0.0133296    -0.0107237
 14.1295412    -0.0357323    -0.0169324    -0.0156630
 14.1466858    -0.0425506    -0.0192905    -0.0199431
 14.1637873    -0.0478199    -0.0201387    -0.0231975
 14.1808456    -0.0511776    -0.0193259    -0.0251525
 14.1978607    -0.0524008    -0.0168313    -0.0256499
 14.2148326    -0.0514231    -0.0127697    -0.0246595
 14.2317612    -0.0483401    -0.0073865    -0.0222807
 14.2486464    -0.0434013    -0.0010421    -0.0187330
 14.2654882    -0.0369907     0.0058126    -0.0143367
 14.2822866    -0.0295970     0.0126687    -0.0094855
 14.2990415    -0.0217758     0.0189969    -0.0046126
 14.3157528    -0.0141066     0.0242867    -0.0001542
 14.3324204    -0.0071484     0.0280860     0.0034878
 14.3490445    -0.0013969     0.0300359     0.0059792
 14.3656248     0.0027528     0.0299003     0.0070827
 14.3821614     0.0050364     0.0275861     0.0066784
 14.3986541     0.0053402     0.0231533     0.0047753
 14.4151030     0.0037090     0.0168146     0.0015125
 14.4315080     0.0003422     0.0089236    -0.0028503
 14.4478690    -0.0044217    -0.0000475    -0.0079511
 14.4641860    -0.0101311    -0.0095389    -0.0133530
 14.4804590    -0.0162569    -0.0189407    -0.0185772
 14.4966878    -0.0222323    -0.0276345    -0.0231398
 14.5128725    -0.0274972    -0.0350366    -0.0265899
 14.5290130    -0.0315413    -0.0406390    -0.0285449
 14.5451092    -0.0339442    -0.0440457    -0.0287224
 14.5611611    -0.0344090    -0.0450018    -0.0269645
 14.5771686    -0.0327870    -0.0434135    -0.0232539
 14.5931318    -0.0290916    -0.0393574    -0.0177192
 14.6090505    -0.0235009    -0.0330779    -0.0106315
 14.6249247    -0.0163478    -0.0249736    -0.0023889
 14.6407543    -0.0080989    -0.0155734     0.0065067
 14.6565394     0.0006764    -0.0055031     0.0154818
 14.6722798     0.0093454     0.0045548     0.0239280
 14.6879755     0.0172563     0.0139055     0.0312430
 14.7036264     0.0237854     0.0218879     0.0368717
 14.7192326     0.0283830     0.0279195     0.0403449
 14.7347939     0.0306163     0.0315366     0.0413145
 14.7503104     0.0302051     0.0324282     0.0395803
 14.7657819     0.0270480     0.0304603     0.0351095
 14.7812084     0.0212391     0.0256906     0.0280455
 14.7965899     0.0130712     0.0183705     0.0187060
 14.8119264     0.0030267     0.0089365     0.0075711
 14.8272177    -0.0082427    -0.0020108    -0.0047394
 14.8424639    -0.0199489    -0.0137368    -0.0174966
 14.8576648    -0.0312084    -0.0254126    -0.0299012
 14.8728205    -0.0410909    -0.0361603    -0.0411258
 14.8879309    -0.0486724    -0.0451020    -0.0503608
 14.9029959    -0.0530889    -0.0514105    -0.0568598
 14.9180155    -0.0535891    -0.0543576    -0.0599823
 14.9329897    -0.0495816    -0.0533579    -0.0592318
 14.9479184    -0.0406758    -0.0480064    -0.0542866
 14.9628016    -0.0267119    -0.0381060    -0.0450219
 14.9776391    -0.0077799    -0.0236862    -0.0315228
 14.9924311     0.0157735    -0.0050088    -0.0140853
 15.0071774     0.0433514     0.0174374     0.0067913
 15.0218780     0.0741264     0.0429531     0.0304243
 15.0365328     0.1070709     0.0706565     0.0559745
 15.0511418     0.1409995     0.0995194     0.0824827
 15.0657049     0.1746176     0.1284120     0.1089107
 15.0802222     0.2065777     0.1561518     0.1341869
 15.0946935     0.2355378     0.1815558     0.1572535
 15.1091189     0.2602206     0.2034933     0.1771127
 15.1234982     0.2794699     0.2209358     0.1928705
 15.1378315     0.2923022     0.2330028     0.2037755
 15.1521186     0.2979508     0.2390014     0.2092513
 15.1663596     0.2959006     0.2384568     0.2089211
 15.1805544     0.2859115     0.2311339     0.2026235
 15.1947030     0.2680309     0.2170482     0.1904184
 15.2088052     0.2425932     0.1964661     0.1725846
 15.2228612     0.2102076     0.1698944     0.1496068
 15.2368707     0.1717348     0.1380606     0.1221557
 15.2508339     0.1282534     0.1018836     0.0910601
 15.2647506     0.0810182     0.0624373     0.0572728
 15.2786207     0.0314114     0.0209091     0.0218330

PDF 1 in G'(r) format
  r, PDF (RMC), PDF (Expt)
 CURVES
         258 ,           2
      0.0654509        0.0000000        0.0000000
      0.1309019        0.0000000        0.0000000
      0.1963528        0.0000000        0.0000000
      0.2618037        0.0000000        0.0000000
      0.3272547        0.0000000        0.0000000
      0.3927056        0.0000000        0.0000000
      0.4581565        0.0000000        0.0000000
      0.5236075        0.0000000        0.0000000
      0.5890584        0.0000000        0.0000000
      0.6545093        0.0000000        0.0000000
      0.7199603        0.0000000        0.0000000
      0.7854112        0.0000000        0.0000000
      0.8508621        0.0000000        0.0000000
      0.9163131        0.1857415        0.0000000
      0.9817640        0.3236207        0.0000000
      1.0472149        0.5688900        0.0000000
      1.1126659        0.2519745        0.0000000
      1.1781168        0.0000000        0.0000000
      1.2435677        0.0000000        0.1336642
      1.3090187        0.0000000        0.4087493
      1.3744696        0.3302851        0.7543131
      1.4399206        0.6771300        1.1485415
      1.5053715        1.8586146        1.5505350
      1.5708224        1.8966430        1.9059448
      1.6362734        2.0392937        2.1587834
      1.7017243        2.2086824        2.2659462
      1.7671752        2.1979872        2.2093322
      1.8326262        1.8115571        2.0010507
      1.8980771        0.8227431        1.6798473
      1.9635280        0.0000000        1.3003390
      2.0289790        0.0000000        0.9192625
      2.0944299        0.0000000        0.5835708
      2.1598808        0.0000000        0.3237554
      2.2253318        0.0000000        0.1531507
      2.2907827        0.0000000        0.0715582
      2.3562336        0.0000000        0.0703735
      2.4216846        0.0000000        0.1367765
      2.4871355        0.0178803        0.2559231
      2.5525864        0.3634468        0.4115305
      2.6180374        0.8569627        0.5860281
      2.6834883        1.2525305        0.7613177
      2.7489392        1.2892771        0.9204588
      2.8143902        1.1773887        1.0498161
      2.8798411        1.1463818        1.1408396
      2.9452920        1.3314127        1.1907984
      3.0107430        1.6335603        1.2022868
      3.0761939        1.7035915        1.1818121
      3.1416448        1.4624083        1.1380301
      3.2070958        0.9921823        1.0801428
      3.2725467        0.6323992        1.0167345
      3.3379976        0.5352236        0.9550757
      3.4034486        0.6878192        0.9007813
      3.4688995        0.8162478        0.8576976
      3.5343504        0.7013808        0.8279539
      3.5998014        0.3616390        0.8121644
      3.6652523        0.1073821        0.8097733
      3.7307032        0.1209636        0.8194883
      3.7961542        0.4108394        0.8397032
      3.8616051        0.7478397        0.8687856
      3.9270560        0.9034842        0.9051459
      3.9925070        0.7899563        0.9470814
      4.0579579        0.6044659        0.9924918
      4.1234088        0.6417177        1.0386326
      4.1888598        0.9735140        1.0820893
      4.2543107        1.4367507        1.1190817
      4.3197617        1.7042091        1.1460852
      4.3852126        1.6161150        1.1606051
      4.4506635        1.3288782        1.1618539
      4.5161145        1.0940299        1.1510787
      4.5815654        1.1615064        1.1313973
      4.6470163        1.3260932        1.1071647
      4.7124673        1.4352083        1.0830542
      4.7779182        1.3242420        1.0631198
      4.8433691        0.9889093        1.0500902
      4.9088201        0.7653748        1.0450422
      4.9742710        0.8212677        1.0474679
      5.0397219        1.1510850        1.0556379
      5.1051729        1.4556071        1.0671130
      5.1706238        1.5301782        1.0792657
      5.2360747        1.3215622        1.0897134
      5.3015257        1.0621212        1.0966243
      5.3669766        1.0308320        1.0988858
      5.4324275        1.2254648        1.0961514
      5.4978785        1.4698403        1.0887822
      5.5633294        1.5352302        1.0777025
      5.6287803        1.2611604        1.0641974
      5.6942313        0.9024330        1.0496821
      5.7596822        0.7028656        1.0354810
      5.8251331        0.8160070        1.0226525
      5.8905841        1.0734310        1.0118836
      5.9560350        1.2025874        1.0034631
      6.0214859        1.0689480        0.9973273
      6.0869369        0.7667136        0.9931542
      6.1523878        0.5751552        0.9904812
      6.2178387        0.6457178        0.9888186
      6.2832897        0.8843453        0.9877401
      6.3487406        1.1412947        0.9869391
      6.4141915        1.0784175        0.9862467
      6.4796425        0.8225175        0.9856162
      6.5450934        0.5752026        0.9850831
      6.6105443        0.5844112        0.9847145
      6.6759953        0.7971558        0.9845639
      6.7414462        1.0817561        0.9846464
      6.8068971        1.1160379        0.9849370
      6.8723481        0.9396413        0.9853913
      6.9377990        0.6556192        0.9859733
      7.0032500        0.5753093        0.9866786
      7.0687009        0.7521736        0.9875407
      7.1341518        1.0269129        0.9886210
      7.1996028        1.1622818        0.9899864
      7.2650537        1.0246728        0.9916841
      7.3305046        0.7616151        0.9937189
      7.3959556        0.6348050        0.9960403
      7.4614065        0.7358990        0.9985393
      7.5268574        1.0284760        1.0010578
      7.5923084        1.2563990        1.0034105
      7.6577593        1.1972517        1.0054168
      7.7232102        0.9415104        1.0069347
      7.7886612        0.7306153        1.0078879
      7.8541121        0.7724145        1.0082768
      7.9195630        1.0046564        1.0081716
      7.9850140        1.2447846        1.0076919
      8.0504649        1.2317802        1.0069810
      8.1159158        1.0144169        1.0061833
      8.1813668        0.7926745        1.0054282
      8.2468177        0.7180152        1.0048201
      8.3122686        0.9101006        1.0044299
      8.3777196        1.1767220        1.0042903
      8.4431705        1.2648663        1.0043946
      8.5086214        1.0903944        1.0047020
      8.5740724        0.8399874        1.0051498
      8.6395233        0.7517017        1.0056686
      8.7049742        0.8838277        1.0061946
      8.7704252        1.1555372        1.0066765
      8.8358761        1.2820199        1.0070750
      8.9013270        1.1871598        1.0073594
      8.9667780        0.9653316        1.0075046
      9.0322289        0.7796849        1.0074908
      9.0976798        0.8638262        1.0073061
      9.1631308        1.1058006        1.0069488
      9.2285817        1.3002586        1.0064289
      9.2940326        1.2213906        1.0057682
      9.3594836        1.0164800        1.0049992
      9.4249345        0.8355523        1.0041619
      9.4903854        0.8133765        1.0033015
      9.5558364        0.9686988        1.0024632
      9.6212873        1.2217027        1.0016885
      9.6867382        1.2427841        1.0010121
      9.7521892        1.0662709        1.0004599
      9.8176401        0.8243086        1.0000490
      9.8830911        0.7457307        0.9997854
      9.9485420        0.8979890        0.9996616
     10.0139929        1.1484304        0.9996523
     10.0794439        1.2668287        0.9997136
     10.1448948        1.1391901        0.9997863
     10.2103457        0.9171522        0.9998056
     10.2757967        0.7662389        0.9997154
     10.3412476        0.8744721        0.9994805
     10.4066985        1.0855724        0.9990951
     10.4721495        1.2525994        0.9985839
     10.5376004        1.1819245        0.9979966
     10.6030513        0.9132365        0.9973973
     10.6685023        0.7367478        0.9968523
     10.7339532        0.7802995        0.9964170
     10.7994041        0.9515510        0.9961255
     10.8648551        1.1799036        0.9959858
     10.9303060        1.1883484        0.9959797
     10.9957569        0.9799370        0.9960714
     11.0612079        0.7642367        0.9962183
     11.1266588        0.7543216        0.9963827
     11.1921097        0.9226737        0.9965386
     11.2575607        1.1659879        0.9966740
     11.3230116        1.2233208        0.9967877
     11.3884625        1.0634594        0.9968859
     11.4539135        0.8400974        0.9969775
     11.5193644        0.7724370        0.9970714
     11.5848153        0.8833273        0.9971733
     11.6502663        1.1066773        0.9972828
     11.7157172        1.2432142        0.9973918
     11.7811681        1.1551283        0.9974858
     11.8466191        0.9078595        0.9975487
     11.9120700        0.7767069        0.9975699
     11.9775209        0.8623555        0.9975487
     12.0429719        1.0835897        0.9974962
     12.1084228        1.2161575        0.9974306
     12.1738737        1.1769555        0.9973706
     12.2393247        0.9674811        0.9973294
     12.3047756        0.7965718        0.9973116
     12.3702265        0.8074751        0.9973140
     12.4356775        1.0086963        0.9973288
     12.5011284        1.1946379        0.9973466
     12.5665794        1.1979079        0.9973586
     12.6320303        1.0409329        0.9973585
     12.6974812        0.8469980        0.9973439
     12.7629322        0.7916996        0.9973167
     12.8283831        0.9613350        0.9972826
     12.8938340        1.1503878        0.9972497
     12.9592850        1.2319761        0.9972247
     13.0247359        1.0960972        0.9972114
     13.0901868        0.8904946        0.9972099
     13.1556378        0.8052025        0.9972187
     13.2210887        0.9136416        0.9972367
     13.2865396        1.1204374        0.9972651
     13.3519906        1.2348909        0.9973063
     13.4174415        1.1496961        0.9973628
     13.4828924        0.9478238        0.9974340
     13.5483434        0.7917631        0.9975154
     13.6137943        0.8461918        0.9975994
     13.6792452        1.0395949        0.9976772
     13.7446962        1.1904673        0.9977406
     13.8101471        1.1667005        0.9977842
     13.8755980        0.9913862        0.9978068
     13.9410490        0.8160270        0.9978108
     14.0064999        0.8220560        0.9978019
     14.0719508        1.0013081        0.9977874
     14.1374018        1.2003056        0.9977742
     14.2028527        1.2191630        0.9977680
     14.2683036        1.0472474        0.9977727
     14.3337546        0.8797750        0.9977911
     14.3992055        0.8248815        0.9978259
     14.4646564        0.9582156        0.9978789
     14.5301074        1.1345856        0.9979501
     14.5955583        1.2021598        0.9980367
     14.6610092        1.0922123        0.9981329
     14.7264602        0.9036290        0.9982319
     14.7919111        0.8073777        0.9983290
     14.8573620        0.9067810        0.9984234
     14.9228130        1.0843371        0.9985184
     14.9882639        1.1933859        0.9986181
     15.0537148        1.1381247        0.9987249
     15.1191658        0.9574063        0.9988371
     15.1846167        0.8408895        0.9989493
     15.2500676        0.8648720        0.9990550
     15.3155186        1.0376037        0.9991490
     15.3809695        1.1529263        0.9992285
     15.4464205        1.1680309        0.9992931
     15.5118714        1.0020275        0.9993435
     15.5773223        0.8429512        0.9993811
     15.6427733        0.8524939        0.9994083
     15.7082242        1.0005478        0.9994293
     15.7736751        1.1410576        0.9994500
     15.8391261        1.2011006        0.9994768
     15.9045770        1.0498182        0.9995151
     15.9700279        0.8712279        0.9995674
     16.0354789        0.8421469        0.9996329
     16.1009298        0.9532777        0.9997081
     16.1663807        1.1277669        0.9997877
     16.2318317        1.1919102        0.9998655
     16.2972826        1.0736473        0.9999355
     16.3627335        0.8963151        0.9999930
     16.4281845        0.8360363        1.0000353
     16.4936354        0.9392067        1.0000631
     16.5590863        1.0806614        1.0000796
     16.6245373        1.1949081        1.0000905
     16.6899882        1.1284390        1.0001019
     16.7554391        0.9621913        1.0001189
     16.8208901        0.9054105        1.0001452
     16.8863410        1.0126279        1.0001820

 Total S(Q)'s: Comparison with input data

   611  2 are NQ and NPAR

       Q      S(Q)_RMC  S(Q)_Expt
      0.4682470      0.8104581      0.2077988
      0.4982822      0.9334798      0.2271120
      0.5283159      0.9805428      0.1999373
      0.5583480      0.9618013      0.2298475
      0.5883784      0.8959350      0.2305090
      0.6184069      0.8056154      0.2565357
      0.6484336      0.7128755      0.2474724
      0.6784584      0.6352355      0.2646474
      0.7084810      0.5832109      0.2636069
      0.7385015      0.5595035      0.3029983
      0.7685198      0.5598260      0.2803935
      0.7985357      0.5749980      0.3165134
      0.8285491      0.5937486      0.3242744
      0.8585601      0.6055801      0.3528387
      0.8885684      0.6031094      0.3401115
      0.9185740      0.5834743      0.3830234
      0.9485769      0.5486264      0.3893421
      0.9785768      0.5045830      0.4382564
      1.0085738      0.4599128      0.4118919
      1.0385677      0.4238607      0.4648711
      1.0685584      0.4045430      0.4868638
      1.0985458      0.4075765      0.5442779
      1.1285300      0.4353702      0.5432138
      1.1585106      0.4871339      0.6115161
      1.1884878      0.5594973      0.6502125
      1.2184613      0.6475077      0.7342055
      1.2484312      0.7457248      0.7438206
      1.2783972      0.8491428      0.8198889
      1.3083593      0.9537512      0.8923436
      1.3383174      1.0566602      0.9986290
      1.3682715      1.1558376      1.0154129
      1.3982214      1.2496020      1.1345052
      1.4281670      1.3360714      1.1952611
      1.4581083      1.4127627      1.2765756
      1.4880452      1.4764851      1.2583090
      1.5179775      1.5235812      1.3187903
      1.5479052      1.5504718      1.3185571
      1.5778281      1.5543745      1.3357947
      1.6077463      1.5340151      1.2915394
      1.6376596      1.4901480      1.2788005
      1.6675679      1.4257416      1.2367185
      1.6974711      1.3457621      1.2087317
      1.7273691      1.2565801      1.1295654
      1.7572618      1.1651129      1.1126714
      1.7871493      1.0778698      1.0785231
      1.8170312      1.0000916      1.0634851
      1.8469077      0.9351516      0.9789252
      1.8767785      0.8843218      0.9419524
      1.9066436      0.8469323      0.9070040
      1.9365029      0.8208629      0.9084775
      1.9663562      0.8032418      0.8360757
      1.9962036      0.7911884      0.8344206
      2.0260449      0.7824403      0.8139095
      2.0558801      0.7757415      0.8122972
      2.0857090      0.7709309      0.7600058
      2.1155315      0.7687455      0.7759056
      2.1453476      0.7704138      0.7596567
      2.1751571      0.7771598      0.7815941
      2.2049601      0.7897514      0.7273933
      2.2347563      0.8082021      0.7465106
      2.2645457      0.8316946      0.7472951
      2.2943282      0.8587304      0.7775821
      2.3241037      0.8874570      0.7319369
      2.3538721      0.9160775      0.7609251
      2.3836334      0.9432325      0.7546690
      2.4133874      0.9682551      0.7935739
      2.4431340      0.9912338      0.7408128
      2.4728732      1.0128699      0.7779927
      2.5026049      1.0341680      0.7941686
      2.5323289      1.0560411      0.8294398
      2.5620453      1.0789324      0.7882798
      2.5917538      1.1025527      0.8429276
      2.6214544      1.1258038      0.8262057
      2.6511471      1.1469115      0.8698095
      2.6808317      1.1637447      0.8159758
      2.7105081      1.1742475      0.8431003
      2.7401762      1.1768869      0.8216031
      2.7698360      1.1710127      0.8492129
      2.7994874      1.1570468      0.7853049
      2.8291302      1.1364559      0.8107665
      2.8587645      1.1115130      0.7956234
      2.8883900      1.0848979      0.8172699
      2.9180067      1.0592244      0.7497847
      2.9476145      1.0365929      0.7684031
      2.9772134      1.0182656      0.7532565
      3.0068031      1.0045243      0.7831777
      3.0363838      0.9947367      0.7247468
      3.0659551      0.9876047      0.7424671
      3.0955172      0.9815330      0.7324139
      3.1250698      0.9750297      0.7548449
      3.1546128      0.9670501      0.6944434
      3.1841463      0.9572091      0.7490457
      3.2136701      0.9458234      0.7273784
      3.2431841      0.9337821      0.7584574
      3.2726882      0.9222880      0.7123848
      3.3021823      0.9125342      0.7455926
      3.3316664      0.9053988      0.7366845
      3.3611403      0.9012269      0.7711888
      3.3906040      0.8997513      0.7304165
      3.4200574      0.9001637      0.7601068
      3.4495003      0.9013177      0.7670137
      3.4789327      0.9020095      0.7887449
      3.5083546      0.9012693      0.7636740
      3.5377657      0.8985934      0.7908278
      3.5671661      0.8940643      0.8012965
      3.5965556      0.8883321      0.8354474
      3.6259341      0.8824645      0.8125319
      3.6553016      0.8777024      0.8381429
      3.6846580      0.8751792      0.8531816
      3.7140032      0.8756684      0.8943623
      3.7433370      0.8794167      0.8597129
      3.7726594      0.8860990      0.9181836
      3.8019704      0.8949020      0.9130229
      3.8312697      0.9047150      0.9651177
      3.8605574      0.9143832      0.9275593
      3.8898333      0.9229647      0.9847655
      3.9190974      0.9299350      0.9955053
      3.9483496      0.9352960      1.0552443
      3.9775897      0.9395668      1.0206638
      4.0068177      0.9436657      1.0818904
      4.0360334      0.9487094      1.1020108
      4.0652369      0.9557783      1.1614346
      4.0944281      0.9656977      1.1168939
      4.1236067      0.9788799      1.1832290
      4.1527728      0.9952564      1.2055746
      4.1819262      1.0143081      1.2414010
      4.2110669      1.0351780      1.2215499
      4.2401947      1.0568360      1.2839307
      4.2693097      1.0782568      1.3309875
      4.2984116      1.0985704      1.3949996
      4.3275005      1.1171584      1.3686860
      4.3565761      1.1336825      1.4282211
      4.3856385      1.1480495      1.4364003
      4.4146876      1.1603348      1.4812994
      4.4437232      1.1706893      1.4594988
      4.4727452      1.1792615      1.5009093
      4.5017536      1.1861549      1.5025782
      4.5307483      1.1914305      1.5516118
      4.5597293      1.1951477      1.4833252
      4.5886963      1.1974269      1.5373560
      4.6176493      1.1985067      1.5315077
      4.6465883      1.1987722      1.5751113
      4.6755131      1.1987350      1.5102587
      4.7044237      1.1989612      1.5496000
      4.7333199      1.1999572      1.5358035
      4.7622018      1.2020377      1.5745380
      4.7910691      1.2052074      1.5004836
      4.8199218      1.2090886      1.5160782
      4.8487599      1.2129207      1.5191082
      4.8775831      1.2156404      1.5461030
      4.9063916      1.2160357      1.4475589
      4.9351850      1.2129491      1.4664399
      4.9639635      1.2054914      1.4377283
      4.9927268      1.1932247      1.4581343
      5.0214749      1.1762734      1.3604107
      5.0502077      1.1553413      1.3697796
      5.0789252      1.1316238      1.3141227
      5.1076271      1.1066323      1.2908323
      5.1363135      1.0819613      1.2011923
      5.1649843      1.0590428      1.2021215
      5.1936393      1.0389360      1.1570817
      5.2222785      1.0221914      1.1496027
      5.2509018      1.0088154      1.0809341
      5.2795091      0.9983378      1.0625072
      5.3081003      0.9899682      1.0164037
      5.3366753      0.9828042      1.0118871
      5.3652341      0.9760485      0.9438641
      5.3937766      0.9691891      0.9305984
      5.4223026      0.9621052      0.9112271
      5.4508121      0.9550807      0.9127001
      5.4793050      0.9487228      0.8375091
      5.5077812      0.9438084      0.8561141
      5.5362406      0.9410902      0.8300860
      5.5646832      0.9411090      0.8474997
      5.5931088      0.9440493      0.7790392
      5.6215173      0.9496720      0.8118337
      5.6499088      0.9573355      0.7806676
      5.6782830      0.9661025      0.8133906
      5.7066400      0.9749064      0.7555811
      5.7349795      0.9827448      0.7917284
      5.7633016      0.9888575      0.7855322
      5.7916061      0.9928543      0.8093093
      5.8198930      0.9947667      0.7558034
      5.8481622      0.9950152      0.7903458
      5.8764135      0.9943020      0.7717963
      5.9046470      0.9934520      0.8082554
      5.9328624      0.9932377      0.7593839
      5.9610598      0.9942231      0.7796401
      5.9892391      0.9966579      0.7800547
      6.0174000      1.0004415      0.8167204
      6.0455427      1.0051590      0.7715835
      6.0736669      1.0101802      0.8043355
      6.1017727      1.0147956      0.7999956
      6.1298598      1.0183600      0.8243273
      6.1579283      1.0204132      0.7883084
      6.1859780      1.0207536      0.8103892
      6.2140089      1.0194530      0.7991596
      6.2420208      1.0168137      0.8318845
      6.2700138      1.0132811      0.7818216
      6.2979876      1.0093352      0.8166737
      6.3259422      1.0053876      0.8091770
      6.3538776      1.0017062      0.8465817
      6.3817936      0.9983843      0.7922560
      6.4096902      0.9953587      0.8253628
      6.4375673      0.9924685      0.8139798
      6.4654247      0.9895384      0.8466621
      6.4932625      0.9864644      0.7946021
      6.5210805      0.9832772      0.8208288
      6.5488786      0.9801687      0.8225073
      6.5766567      0.9774712      0.8457956
      6.6044148      0.9755945      0.8081858
      6.6321529      0.9749334      0.8446045
      6.6598707      0.9757684      0.8486867
      6.6875682      0.9781818      0.8868101
      6.7152453      0.9820125      0.8481523
      6.7429020      0.9868604      0.8936918
      6.7705382      0.9921448      0.8835210
      6.7981537      0.9972055      0.9299052
      6.8257485      1.0014279      0.8970225
      6.8533225      1.0043661      0.9418182
      6.8808757      1.0058382      0.9284377
      6.9084079      1.0059715      0.9699719
      6.9359190      1.0051877      0.9362651
      6.9634090      1.0041274      0.9867725
      6.9908778      1.0035282      0.9927209
      7.0183253      1.0040804      1.0234146
      7.0457515      1.0062867      1.0020005
      7.0731561      1.0103568      1.0320274
      7.1005393      1.0161568      1.0469580
      7.1279008      1.0232250      1.0806872
      7.1552405      1.0308526      1.0612949
      7.1825585      1.0382129      1.1021325
      7.2098546      1.0445150      1.0931564
      7.2371288      1.0491517      1.1317198
      7.2643809      1.0518114      1.0969701
      7.2916108      1.0525329      1.1391946
      7.3188186      1.0516918      1.1368784
      7.3460040      1.0499204      1.1676400
      7.3731671      1.0479766      1.1386115
      7.4003078      1.0465892      1.1686064
      7.4274258      1.0463078      1.1607236
      7.4545213      1.0473887      1.1938900
      7.4815940      1.0497395      1.1469316
      7.5086440      1.0529321      1.1715742
      7.5356711      1.0562848      1.1716972
      7.5626752      1.0589952      1.1932501
      7.5896563      1.0603009      1.1629149
      7.6166143      1.0596349      1.1724599
      7.6435491      1.0567471      1.1765743
      7.6704605      1.0517683      1.1856788
      7.6973487      1.0452030      1.1257355
      7.7242133      1.0378523      1.1586360
      7.7510545      1.0306812      1.1394201
      7.7778720      1.0246545      1.1658132
      7.8046659      1.0205710      1.1087555
      7.8314359      1.0189268      1.1391307
      7.8581822      1.0198325      1.1294155
      7.8849044      1.0229989      1.1506460
      7.9116027      1.0277925      1.0988124
      7.9382768      1.0333512      1.1341934
      7.9649268      1.0387368      1.1333890
      7.9915525      1.0430974      1.1510217
      8.0181539      1.0458111      1.1033276
      8.0447308      1.0465831      1.1280535
      8.0712833      1.0454836      1.1212458
      8.0978111      1.0429190      1.1424762
      8.1243143      1.0395442      1.0971167
      8.1507928      1.0361349      1.1240392
      8.1772464      1.0334426      1.1192622
      8.2036751      1.0320606      1.1429659
      8.2300788      1.0323244      1.0997263
      8.2564574      1.0342624      1.1217729
      8.2828109      1.0376053      1.1133024
      8.3091392      1.0418491      1.1373785
      8.3354421      1.0463578      1.0861938
      8.3617197      1.0504857      1.1217421
      8.3879717      1.0536953      1.1146505
      8.4141983      1.0556494      1.1414051
      8.4403992      1.0562610      1.0990696
      8.4665744      1.0556934      1.1197346
      8.4927238      1.0543132      1.1164224
      8.5188473      1.0526059      1.1450112
      8.5449449      1.0510728      1.0949807
      8.5710164      1.0501292      1.1239901
      8.5970619      1.0500230      1.1130950
      8.6230811      1.0507898      1.1433015
      8.6490741      1.0522514      1.0928001
      8.6750407      1.0540567      1.1083708
      8.7009810      1.0557567      1.0973715
      8.7268947      1.0568979      1.1119729
      8.7527818      1.0571154      1.0740829
      8.7786422      1.0562082      1.0972589
      8.8044760      1.0541817      1.0897339
      8.8302829      1.0512504      1.1069827
      8.8560629      1.0478000      1.0533714
      8.8818159      1.0443157      1.0795645
      8.9075419      1.0412926      1.0600021
      8.9332407      1.0391430      1.0827045
      8.9589123      1.0381189      1.0252971
      8.9845567      1.0382644      1.0586024
      9.0101736      1.0394063      1.0437791
      9.0357631      1.0411841      1.0629044
      9.0613251      1.0431152      1.0040425
      9.0868595      1.0446811      1.0420848
      9.1123662      1.0454211      1.0195197
      9.1378452      1.0450144      1.0314713
      9.1632963      1.0433380      0.9870687
      9.1887195      1.0404881      1.0029759
      9.2141147      1.0367629      0.9916910
      9.2394819      1.0326101      1.0053060
      9.2648209      1.0285476      0.9493458
      9.2901317      1.0250730      0.9755755
      9.3154141      1.0225777      0.9624711
      9.3406683      1.0212799      0.9832615
      9.3658939      1.0211894      0.9309610
      9.3910910      1.0221087      0.9484010
      9.4162595      1.0236711      0.9360735
      9.4413994      1.0254070      0.9522356
      9.4665104      1.0268282      0.8994818
      9.4915927      1.0275144      0.9233140
      9.5166460      1.0271859      0.9087307
      9.5416703      1.0257526      0.9367741
      9.5666656      1.0233276      0.8876348
      9.5916317      1.0202072      0.9125586
      9.6165686      1.0168177      0.8965974
      9.6414762      1.0136418      0.9230632
      9.6663545      1.0111348      0.8714014
      9.6912033      1.0096472      0.8967859
      9.7160225      1.0093656      0.8893871
      9.7408122      1.0102824      0.9214249
      9.7655722      1.0121986      0.8755735
      9.7903025      1.0147597      0.8937061
      9.8150029      1.0175167      0.8824248
      9.8396735      1.0200022      0.9142871
      9.8643140      1.0218096      0.8662962
      9.8889245      1.0226591      0.8918010
      9.9135049      1.0224429      0.8883861
      9.9380551      1.0212394      0.9065040
      9.9625751      1.0192964      0.8730466
      9.9870646      1.0169857      0.8943250
     10.0115238      1.0147377      0.8877010
     10.0359524      1.0129663      0.9196555
     10.0603505      1.0119983      0.8748684
     10.0847180      1.0120183      0.9030995
     10.1090547      1.0130381      0.8945450
     10.1333606      1.0148958      0.9251539
     10.1576357      1.0172840      0.8863267
     10.1818798      1.0198031      0.9093806
     10.2060929      1.0220286      0.9057577
     10.2302749      1.0235834      0.9287798
     10.2544257      1.0242012      0.8970525
     10.2785453      1.0237712      0.9251289
     10.3026336      1.0223571      0.9168794
     10.3266906      1.0201875      0.9318623
     10.3507160      1.0176176      0.9025320
     10.3747099      1.0150721      0.9272589
     10.3986723      1.0129753      0.9148892
     10.4226029      1.0116816      0.9531408
     10.4465018      1.0114175      0.9069573
     10.4703689      1.0122439      0.9359277
     10.4942041      1.0140456      0.9343425
     10.5180073      1.0165484      0.9610470
     10.5417785      1.0193623      0.9144871
     10.5655175      1.0220427      0.9519134
     10.5892244      1.0241611      0.9461973
     10.6128990      1.0253726      0.9672946
     10.6365413      1.0254714      0.9320568
     10.6601512      1.0244240      0.9575107
     10.6837286      1.0223759      0.9549118
     10.7072735      1.0196306      0.9858723
     10.7307858      1.0166044      0.9460034
     10.7542654      1.0137635      0.9759839
     10.7777122      1.0115535      0.9700277
     10.8011262      1.0103326      0.9926351
     10.8245072      1.0103169      0.9576810
     10.8478553      1.0115485      0.9874100
     10.8711704      1.0138888      0.9773301
     10.8944524      1.0170393      1.0209011
     10.9177011      1.0205861      0.9801715
     10.9409166      1.0240612      1.0096838
     10.9640988      1.0270119      1.0044908
     10.9872476      1.0290670      1.0361368
     11.0103629      1.0299911      0.9995527
     11.0334447      1.0297181      1.0319726
     11.0564928      1.0283598      1.0268660
     11.0795073      1.0261883      1.0550939
     11.1024880      1.0235952      1.0202904
     11.1254349      1.0210329      1.0409754
     11.1483479      1.0189489      1.0487854
     11.1712270      1.0177193      1.0844161
     11.1940720      1.0175953      1.0349230
     11.2168830      1.0186664      1.0779500
     11.2396597      1.0208484      1.0688037
     11.2624023      1.0238961      1.1009084
     11.2851105      1.0274390      1.0588998
     11.3077843      1.0310354      1.0951377
     11.3304237      1.0342352      1.0863926
     11.3530286      1.0366452      1.1132413
     11.3755989      1.0379840      1.0740400
     11.3981345      1.0381225      1.1068919
     11.4206355      1.0371011      1.1028704
     11.4431016      1.0351243      1.1344684
     11.4655329      1.0325307      1.0946695
     11.4879292      1.0297459      1.1251586
     11.5102906      1.0272221      1.1141608
     11.5326169      1.0253751      1.1437423
     11.5549080      1.0245265      1.1015271
     11.5771640      1.0248586      1.1258615
     11.5993847      1.0263895      1.1312844
     11.6215701      1.0289706      1.1561584
     11.6437200      1.0323060      1.1264497
     11.6658345      1.0359933      1.1428835
     11.6879135      1.0395776      1.1271588
     11.7099568      1.0426128      1.1604357
     11.7319645      1.0447214      1.1132708
     11.7539365      1.0456442      1.1345695
     11.7758726      1.0452750      1.1245742
     11.7977729      1.0436740      1.1455939
     11.8196372      1.0410591      1.1148587
     11.8414656      1.0377768      1.1350904
     11.8632578      1.0342562      1.1265504
     11.8850139      1.0309529      1.1529580
     11.9067339      1.0282887      1.0884830
     11.9284175      1.0265982      1.1251038
     11.9500648      1.0260852      1.1154429
     11.9716757      1.0267981      1.1410577
     11.9932502      1.0286245      1.0773373
     12.0147881      1.0313070      1.1098128
     12.0362894      1.0344783      1.0960678
     12.0577540      1.0377086      1.1232744
     12.0791820      1.0405621      1.0751669
     12.1005731      1.0426528      1.0935382
     12.1219273      1.0436938      1.0860168
     12.1432447      1.0435339      1.1054872
     12.1645250      1.0421760      1.0545239
     12.1857683      1.0397762      1.0755529
     12.2069745      1.0366241      1.0633309
     12.2281434      1.0331053      1.0967333
     12.2492752      1.0296531      1.0287851
     12.2703696      1.0266942      1.0593184
     12.2914266      1.0245956      1.0344375
     12.3124462      1.0236192      1.0668558
     12.3334283      1.0238897      1.0194668
     12.3543729      1.0253794      1.0413947
     12.3752798      1.0279120      1.0220082
     12.3961490      1.0311845      1.0461461
     12.4169804      1.0348039      1.0040548
     12.4377740      1.0383350      1.0188141
     12.4585297      1.0413529      1.0160719
     12.4792475      1.0434937      1.0268725
     12.4999273      1.0444978      0.9869754
     12.5205689      1.0442404      1.0081038
     12.5411725      1.0427457      0.9990972
     12.5617378      1.0401834      1.0153613
     12.5822649      1.0368484      0.9610317
     12.6027536      1.0331253      0.9884075
     12.6232040      1.0294435      0.9729133
     12.6436159      1.0262264      0.9953950
     12.6639893      1.0238427      0.9587060
     12.6843241      1.0225634      0.9733100
     12.7046203      1.0225313      0.9575059
     12.7248777      1.0237447      0.9832109
     12.7450964      1.0260584      0.9370641
     12.7652763      1.0292002      0.9595387
     12.7854173      1.0328030      0.9478745
     12.8055194      1.0364461      0.9668291
     12.8255824      1.0397032      0.9395642
     12.8456064      1.0421904      0.9422727
     12.8655912      1.0436087      0.9418061
     12.8855369      1.0437777      0.9704281
     12.9054433      1.0426552      0.9299124
     12.9253104      1.0403413      0.9520727
     12.9451381      1.0370672      0.9272463
     12.9649264      1.0331699      0.9424247
     12.9846752      1.0290545      0.9140179
     13.0043844      1.0251506      0.9335518
     13.0240541      1.0218656      0.9200856
     13.0436840      1.0195408      0.9444774
     13.0632742      1.0184150      0.9106600
     13.0828247      1.0185997      0.9228750
     13.1023352      1.0200672      0.9220535
     13.1218059      1.0226543      0.9239801
     13.1412366      1.0260802      0.9026569
     13.1606273      1.0299760      0.9194077
     13.1799778      1.0339240      0.9138904
     13.1992882      1.0375012      0.9291716
     13.2185585      1.0403233      0.9018833
     13.2377884      1.0420840      0.9128383
     13.2569780      1.0425864      0.9152417
     13.2761273      1.0417622      0.9397104
     13.2952361      1.0396779      0.9026169
     13.3143044      1.0365271      0.9099367
     13.3333321      1.0326102      0.9082638
     13.3523192      1.0283030      0.9320708
     13.3712657      1.0240178      0.8942827
     13.3901714      1.0201624      0.9090158
     13.4090364      1.0170983      0.9057602
     13.4278604      1.0151049      0.9319192
     13.4466436      1.0143527      0.8834182
     13.4653858      1.0148862      0.9076445
     13.4840871      1.0166207      0.9078576
     13.5027472      1.0193517      0.9315511
     13.5213662      1.0227757      0.8920059
     13.5399440      1.0265211      0.9148772
     13.5584806      1.0301849      0.9102984
     13.5769758      1.0333733      0.9301520
     13.5954297      1.0357400      0.8835772
     13.6138422      1.0370203      0.9119026
     13.6322132      1.0370570      0.9116708
     13.6505427      1.0358158      0.9437406
     13.6688306      1.0333884      0.8963849
     13.6870769      1.0299843      0.9349939
     13.7052815      1.0259105      0.9143259
     13.7234443      1.0215426      0.9431674
     13.7415654      1.0172892      0.9022791
     13.7596445      1.0135533      0.9195975
     13.7776818      1.0106940      0.9268100
     13.7956771      1.0089928      0.9524244
     13.8136303      1.0086268      0.9079933
     13.8315415      1.0096512      0.9406395
     13.8494106      1.0119938      0.9315903
     13.8672374      1.0154601      0.9599240
     13.8850221      1.0197505      0.9125359
     13.9027644      1.0244863      0.9402451
     13.9204644      1.0292431      0.9401231
     13.9381219      1.0335886      0.9727534
     13.9557370      1.0371206      0.9214117
     13.9733096      1.0395036      0.9445990
     13.9908397      1.0404982      0.9434129
     14.0083271      1.0399832      0.9751591
     14.0257718      1.0379676      0.9358401
     14.0431739      1.0345907      0.9679596
     14.0605331      1.0301115      0.9554686
     14.0778495      1.0248879      0.9785371
     14.0951231      1.0193472      0.9281773
     14.1123536      1.0139505      0.9681724
     14.1295412      1.0091543      0.9632543
     14.1466858      1.0053723      0.9904629
     14.1637873      1.0029404      0.9435705
     14.1808456      1.0020880      0.9698750
     14.1978607      1.0029178      0.9657130
     14.2148326      1.0053957      0.9996588
     14.2317612      1.0093523      0.9463237
     14.2486464      1.0144945      0.9744537
     14.2654882      1.0204278      0.9730957
     14.2822866      1.0266865      0.9911868
     14.2990415      1.0327696      0.9632118
     14.3157528      1.0381805      0.9766910
     14.3324204      1.0424660      0.9822402
     14.3490445      1.0452524      1.0084165
     14.3656248      1.0462759      0.9750472
     14.3821614      1.0454049      0.9902348
     14.3986541      1.0426522      0.9817262
     14.4151030      1.0381765      1.0158417
     14.4315080      1.0322727      0.9558486
     14.4478690      1.0253522      0.9862701
     14.4641860      1.0179140      0.9816447
     14.4804590      1.0105092      1.0142407
     14.4966878      1.0037010      0.9601065
     14.5128725      0.9980236      1.0003280
     14.5290130      0.9939420      0.9882040
     14.5451092      0.9918175      1.0138767
     14.5611611      0.9918787      0.9616819
     14.5771686      0.9942026      0.9972458
     14.5931318      0.9987055      0.9915339
     14.6090505      1.0051451      1.0310695
     14.6249247      1.0131342      0.9728348
     14.6407543      1.0221640      0.9948137
     14.6565394      1.0316362      0.9940315
     14.6722798      1.0409023      1.0275273
     14.6879755      1.0493066      0.9654386
     14.7036264      1.0562310      1.0093043
     14.7192326      1.0611375      1.0003102
     14.7347939      1.0636075      1.0246455
     14.7503104      1.0633732      0.9645569
     14.7657819      1.0603413      1.0063801
     14.7812084      1.0546048      1.0000633
     14.7965899      1.0464453      1.0233604
     14.8119264      1.0363219      0.9772080
     14.8272177      1.0248508      0.9991486
     14.8424639      1.0127735      1.0003800
     14.8576648      1.0009183      1.0330353
     14.8728205      0.9901546      0.9679322
     14.8879309      0.9813447      1.0084296
     14.9029959      0.9752943      0.9911637
     14.9180155      0.9727054      1.0330779
     14.9329897      0.9741339      0.9774007
     14.9479184      0.9799537      1.0047920
     14.9628016      0.9903305      0.9991079
     14.9776391      1.0052055      1.0347524
     14.9924311      1.0242905      0.9715506
     15.0071774      1.0470748      1.0205954
     15.0218780      1.0728426      1.0039111
     15.0365328      1.1007021      1.0217448
     15.0511418      1.1296217      0.9832891
     15.0657049      1.1584750      1.0136528
     15.0802222      1.1860895      0.9971735
     15.0946935      1.2112980      1.0218580
     15.1091189      1.2329904      0.9728030
     15.1234982      1.2501626      1.0024691
     15.1378315      1.2619609      0.9920856
     15.1521186      1.2677198      1.0084422
     15.1663596      1.2669914      0.9710480
     15.1805544      1.2595651      0.9897689
     15.1947030      1.2454770      0.9814171
     15.2088052      1.2250094      1.0085216
     15.2228612      1.1986791      0.9712502
     15.2368707      1.1672169      0.9920745
     15.2508339      1.1315379      0.9922244
     15.2647506      1.0927054      1.0044081
     15.2786207      1.0518891      0.9905568
