Time       moves_acc moves_gen     G(r)_1     S(Q)_1
h/m/s/.th    WEIGHT PARAMETERS   0.100E+01  0.100E+01
230655.504       12994       36983  0.590E-01  0.993E+00
230707.511       19765       65409  0.421E-01  0.992E+00
230719.506       28029      102560  0.305E-01  0.991E+00
230731.513       32875      128130  0.269E-01  0.990E+00
230743.506       36263      147593  0.255E-01  0.990E+00
230755.506       40084      172490  0.243E-01  0.990E+00
230807.534       42733      191333  0.237E-01  0.990E+00
230819.511       45855      215142  0.230E-01  0.990E+00
230831.509       49527      244012  0.224E-01  0.990E+00
230843.508       53319      276331  0.220E-01  0.990E+00
230855.506       56439      303904  0.216E-01  0.989E+00
230907.506       59445      330729  0.214E-01  0.989E+00
230919.504       62398      357595  0.211E-01  0.989E+00
230931.510       64858      381093  0.210E-01  0.989E+00
230943.507       67832      408629  0.208E-01  0.989E+00
230955.516       70508      434067  0.227E-01  0.109E+01
231007.509       73332      461891  0.205E-01  0.989E+00
231019.507       76054      488513  0.204E-01  0.989E+00
231031.522       78592      513407  0.212E-01  0.105E+01
231043.504       81212      539310  0.200E-01  0.989E+00
231055.509       84434      571299  0.198E-01  0.989E+00
231107.535       86663      593543  0.197E-01  0.989E+00
231119.537       89372      620799  0.176E-01  0.891E+00
231131.545       91527      642828  0.193E-01  0.989E+00
231143.520       93707      664294  0.192E-01  0.989E+00
231155.505       96268      690580  0.191E-01  0.989E+00
231207.507       98241      711256  0.138E-01  0.719E+00
231219.528      100364      733547  0.189E-01  0.989E+00
231231.508      102230      752541  0.189E-01  0.989E+00
231243.511      104686      778186  0.187E-01  0.989E+00
231255.525      106752      799915  0.187E-01  0.989E+00
231307.509      108812      821872  0.186E-01  0.989E+00
231319.532      110671      842013  0.185E-01  0.989E+00
231331.538      112712      864108  0.184E-01  0.989E+00
231343.513      114866      886910  0.183E-01  0.989E+00
231355.516      117113      910706  0.183E-01  0.989E+00
231407.517      118966      930632  0.183E-01  0.989E+00
231419.503      121247      954715  0.182E-01  0.989E+00
231431.518      123508      978433  0.181E-01  0.989E+00
231443.507      125319      997718  0.180E-01  0.989E+00
231455.524      127707     1022765  0.179E-01  0.989E+00
231507.515      129848     1045229  0.178E-01  0.989E+00
231519.511      131910     1066465  0.177E-01  0.989E+00
231531.544      133799     1086638  0.177E-01  0.989E+00
231543.505      137038     1120973  0.176E-01  0.989E+00
231555.510      139930     1152247  0.176E-01  0.989E+00
231607.521      142178     1176002  0.206E-01  0.117E+01
231619.507      145515     1211989  0.175E-01  0.989E+00
231631.534      148226     1241094  0.174E-01  0.989E+00
231643.542      150664     1267665  0.173E-01  0.989E+00
231655.509      154162     1305104  0.173E-01  0.989E+00
231707.505      156989     1336217  0.171E-01  0.989E+00
231719.615      160003     1369841  0.179E-01  0.105E+01
231731.511      162496     1398329  0.168E-01  0.990E+00
231743.509      166048     1437265  0.168E-01  0.990E+00
231755.511      169414     1473814  0.167E-01  0.990E+00
231807.504      172642     1509823  0.165E-01  0.990E+00
231819.532      175970     1545627  0.164E-01  0.990E+00
231831.509      179052     1579217  0.162E-01  0.990E+00
231843.503      181603     1607487  0.161E-01  0.990E+00
231855.516      184677     1641114  0.160E-01  0.990E+00
231907.506      188424     1682245  0.160E-01  0.990E+00
231919.508      191635     1717455  0.158E-01  0.990E+00
231931.532      194637     1749145  0.157E-01  0.990E+00
231943.502      197120     1776339  0.156E-01  0.990E+00
231955.503      200253     1810893  0.155E-01  0.990E+00
232007.504      203002     1838568  0.154E-01  0.990E+00
232019.507      205287     1863197  0.153E-01  0.990E+00
232031.528      208032     1894288  0.153E-01  0.990E+00
232043.506      210533     1921445  0.153E-01  0.990E+00
232055.509      213455     1953820  0.152E-01  0.990E+00
232107.517      216168     1983030  0.151E-01  0.990E+00
232119.502      219154     2015701  0.149E-01  0.990E+00
232131.505      222467     2052001  0.149E-01  0.990E+00
232143.510      225763     2087501  0.147E-01  0.990E+00
232155.538      229281     2126033  0.146E-01  0.991E+00
232207.506      232519     2162111  0.144E-01  0.991E+00
232219.509      235861     2198781  0.143E-01  0.991E+00
232231.519      239313     2236307  0.137E-01  0.964E+00
232243.511      242726     2274174  0.140E-01  0.991E+00
232255.510      245742     2307631  0.140E-01  0.991E+00
232307.507      248882     2342039  0.138E-01  0.991E+00
232319.510      252650     2383293  0.138E-01  0.991E+00
232331.514      256397     2424081  0.136E-01  0.991E+00
232343.509      259389     2457482  0.135E-01  0.991E+00
232355.507      262613     2492860  0.134E-01  0.991E+00
232407.507      264963     2518764  0.133E-01  0.991E+00
232419.509      267202     2543168  0.132E-01  0.991E+00
232431.511      269885     2573271  0.131E-01  0.991E+00
232443.506      272375     2601291  0.131E-01  0.991E+00
232455.540      274704     2627106  0.130E-01  0.991E+00
232507.512      276922     2651842  0.129E-01  0.991E+00
232519.546      279072     2675460  0.129E-01  0.991E+00
232531.511      282065     2708626  0.128E-01  0.991E+00
232543.509      285198     2743498  0.127E-01  0.992E+00
232555.511      287441     2768355  0.127E-01  0.992E+00
232607.534      289976     2795793  0.126E-01  0.992E+00
232619.503      292189     2820467  0.126E-01  0.992E+00
232631.510      295311     2855675  0.125E-01  0.992E+00
232643.528      297772     2883208  0.124E-01  0.992E+00
232655.503      300164     2909989  0.123E-01  0.992E+00
232707.508      302214     2933357  0.122E-01  0.992E+00
232719.510      304062     2953605  0.121E-01  0.992E+00
232731.510      306542     2982114  0.121E-01  0.992E+00
232743.514      308659     3006705  0.120E-01  0.992E+00
232755.508      310526     3027427  0.120E-01  0.992E+00
232807.512      312616     3051580  0.120E-01  0.992E+00
232819.519      314595     3072733  0.119E-01  0.992E+00
232831.586      316647     3095381  0.107E-01  0.894E+00
232843.511      318678     3118056  0.119E-01  0.992E+00
232855.511      320871     3142124  0.118E-01  0.992E+00
232907.509      322728     3162598  0.118E-01  0.992E+00
232919.509      324721     3184619  0.117E-01  0.992E+00
232931.514      326743     3206737  0.117E-01  0.992E+00
232943.510      328585     3227155  0.117E-01  0.992E+00
232955.512      330550     3248695  0.116E-01  0.992E+00
233007.510      332880     3275336  0.115E-01  0.992E+00
233019.527      334259     3291415  0.104E-01  0.894E+00
233031.514      336265     3314524  0.115E-01  0.992E+00
233043.537      338398     3337746  0.887E-02  0.766E+00
233055.514      340091     3356903  0.114E-01  0.992E+00
233107.512      341678     3374898  0.114E-01  0.992E+00
233119.529      342506     3383836  0.114E-01  0.992E+00
233131.510      343155     3390968  0.114E-01  0.992E+00
233143.522      344163     3402342  0.114E-01  0.992E+00
233155.510      346134     3424812  0.113E-01  0.992E+00
233207.510      348368     3449799  0.112E-01  0.992E+00
233219.539      350351     3471661  0.112E-01  0.992E+00
233231.525      351593     3485069  0.112E-01  0.992E+00
233243.507      354687     3519307  0.112E-01  0.992E+00
233255.549      358239     3559034  0.111E-01  0.992E+00
233307.510      360911     3589206  0.110E-01  0.993E+00
233319.554      363108     3614613  0.110E-01  0.993E+00
233331.509      366211     3648514  0.109E-01  0.993E+00
233343.509      368870     3679128  0.109E-01  0.993E+00
233355.552      372038     3715091  0.108E-01  0.993E+00
233407.505      373986     3736633  0.108E-01  0.993E+00
233419.535      375673     3755976  0.108E-01  0.993E+00
233431.504      378741     3790180  0.108E-01  0.993E+00
233443.507      381943     3825949  0.107E-01  0.993E+00
233455.518      384014     3849141  0.107E-01  0.993E+00
233507.532      386637     3878752  0.106E-01  0.993E+00
233519.511      389530     3910992  0.105E-01  0.993E+00
233531.528      392458     3943516  0.105E-01  0.993E+00
233543.547      394538     3966807  0.834E-02  0.789E+00
233555.517      396419     3988417  0.105E-01  0.993E+00
233607.512      398671     4013958  0.105E-01  0.993E+00
233619.542      401781     4048820  0.104E-01  0.993E+00
233631.508      404401     4078202  0.104E-01  0.993E+00
233643.506      407096     4108153  0.104E-01  0.993E+00
233655.503      408999     4129103  0.104E-01  0.993E+00
233707.505      411599     4158939  0.103E-01  0.993E+00
233719.506      414794     4194822  0.102E-01  0.993E+00
233731.506      417989     4230163  0.102E-01  0.993E+00
233743.511      420721     4260950  0.102E-01  0.993E+00
233755.505      424299     4300274  0.102E-01  0.993E+00
233807.528      426584     4325511  0.102E-01  0.993E+00
233819.506      429252     4355770  0.101E-01  0.993E+00
233831.508      430910     4374362  0.101E-01  0.993E+00
233843.537      432462     4392344  0.998E-02  0.993E+00
233855.508      434422     4414879  0.991E-02  0.993E+00
233907.505      436863     4442601  0.987E-02  0.993E+00
233919.502      438778     4464209  0.985E-02  0.993E+00
233931.505      440708     4485673  0.982E-02  0.993E+00
233943.506      443757     4520205  0.977E-02  0.993E+00
233955.513      446297     4548846  0.967E-02  0.993E+00
234007.502      449196     4580651  0.962E-02  0.993E+00
234019.506      451948     4611646  0.961E-02  0.993E+00
234031.506      454979     4646624  0.960E-02  0.993E+00
234043.505      458348     4684917  0.953E-02  0.994E+00
234055.508      460824     4712556  0.946E-02  0.994E+00
234107.512      463552     4743557  0.946E-02  0.994E+00
234119.506      466474     4777772  0.937E-02  0.994E+00
234131.505      469416     4811892  0.937E-02  0.994E+00
234143.593      472106     4843237  0.969E-02  0.103E+01
234155.502      474927     4874907  0.926E-02  0.994E+00
234207.560      478475     4914714  0.801E-02  0.865E+00
234219.510      481774     4952615  0.917E-02  0.994E+00
234231.504      484427     4982729  0.913E-02  0.994E+00
234243.510      487802     5021005  0.912E-02  0.994E+00
234255.503      490401     5051107  0.907E-02  0.994E+00
234307.552      492922     5081035  0.900E-02  0.994E+00
234319.510      495440     5109541  0.899E-02  0.994E+00
234331.510      498361     5143012  0.898E-02  0.994E+00
234343.503      501696     5181617  0.897E-02  0.994E+00
234355.504      504195     5209470  0.895E-02  0.994E+00
234407.511      507564     5247545  0.893E-02  0.994E+00
234419.508      510513     5281787  0.891E-02  0.994E+00
234431.503      513681     5318049  0.892E-02  0.994E+00
234443.510      516562     5350955  0.890E-02  0.994E+00
234455.505      519460     5384213  0.889E-02  0.994E+00
234507.505      522619     5419589  0.880E-02  0.994E+00
234519.510      525972     5457708  0.876E-02  0.994E+00
234531.505      528925     5493169  0.876E-02  0.994E+00
234543.516      532193     5530258  0.781E-02  0.889E+00
234555.509      534553     5556909  0.870E-02  0.994E+00
234607.514      536850     5583188  0.873E-02  0.994E+00
234619.510      539010     5607952  0.869E-02  0.994E+00
234631.529      542330     5645646  0.107E-01  0.123E+01
234643.518      544688     5672946  0.860E-02  0.994E+00
234655.509      547250     5702226  0.856E-02  0.994E+00
234707.518      550369     5737720  0.855E-02  0.994E+00
234719.554      553566     5773811  0.777E-02  0.901E+00
234731.517      555811     5799258  0.856E-02  0.994E+00
234743.505      557976     5823877  0.856E-02  0.994E+00
234755.504      560475     5852452  0.853E-02  0.994E+00
234807.536      563139     5882995  0.853E-02  0.994E+00
234819.555      565874     5914812  0.851E-02  0.994E+00
234831.505      568522     5944486  0.842E-02  0.994E+00
234843.507      571554     5980016  0.838E-02  0.994E+00
234855.510      574339     6012102  0.839E-02  0.994E+00
234907.504      577700     6050661  0.833E-02  0.994E+00
234919.509      580852     6086765  0.825E-02  0.994E+00
234931.512      584002     6123351  0.824E-02  0.994E+00
234943.504      587260     6160077  0.821E-02  0.995E+00
234955.506      590650     6198636  0.817E-02  0.995E+00
235007.505      593881     6235922  0.819E-02  0.995E+00
235019.507      596855     6270508  0.817E-02  0.995E+00
235031.513      599880     6305077  0.818E-02  0.995E+00
235043.508      602905     6339563  0.813E-02  0.995E+00
235055.507      605871     6373382  0.810E-02  0.995E+00
235107.510      608781     6406425  0.806E-02  0.995E+00
235119.511      612044     6443361  0.808E-02  0.995E+00
235131.510      615020     6476858  0.807E-02  0.995E+00
235143.502      618174     6512784  0.804E-02  0.995E+00
235155.505      621059     6545959  0.800E-02  0.995E+00
235207.510      623866     6578559  0.793E-02  0.995E+00
235219.509      627118     6616039  0.787E-02  0.995E+00
235231.506      630596     6656013  0.788E-02  0.995E+00
235243.510      633367     6691415  0.790E-02  0.995E+00
235255.508      636467     6726088  0.787E-02  0.995E+00
235307.502      639535     6761374  0.778E-02  0.995E+00
235319.508      642601     6797138  0.771E-02  0.995E+00
235331.511      644895     6824117  0.768E-02  0.995E+00
235343.502      648107     6861912  0.758E-02  0.995E+00
235355.538      648665     6868312  0.756E-02  0.995E+00
235407.540      649002     6872057  0.757E-02  0.995E+00
235419.537      649300     6875601  0.756E-02  0.995E+00
235431.516      649543     6878606  0.756E-02  0.995E+00
235443.510      649938     6883098  0.758E-02  0.995E+00
235455.523      650306     6887759  0.759E-02  0.995E+00
235507.540      650798     6893354  0.757E-02  0.995E+00
235519.513      651023     6896162  0.756E-02  0.995E+00
235531.529      651437     6900853  0.825E-02  0.108E+01
235543.533      651789     6904831  0.758E-02  0.995E+00
235555.508      651947     6906877  0.758E-02  0.995E+00
235607.537      652146     6909242  0.758E-02  0.995E+00
235619.545      652322     6911301  0.758E-02  0.995E+00
235631.539      652590     6914630  0.757E-02  0.995E+00
235643.532      652812     6917502  0.756E-02  0.995E+00
235655.516      653088     6920422  0.757E-02  0.995E+00
235707.518      653375     6923804  0.758E-02  0.995E+00
235719.557      653545     6925931  0.772E-02  0.102E+01
235731.552      653728     6927970  0.758E-02  0.995E+00
235743.532      653854     6929521  0.757E-02  0.995E+00
235755.543      654126     6932449  0.757E-02  0.995E+00
235807.505      654443     6936051  0.755E-02  0.995E+00
235819.512      654699     6939076  0.755E-02  0.995E+00
235831.543      654871     6941012  0.754E-02  0.995E+00
235843.524      655085     6943433  0.754E-02  0.995E+00
235855.515      655314     6946218  0.754E-02  0.995E+00
235907.544      655634     6949683  0.757E-02  0.995E+00
235919.509      655767     6951500  0.757E-02  0.995E+00
235931.517      656025     6954544  0.758E-02  0.995E+00
235943.530      656306     6957800  0.758E-02  0.995E+00
235955.506      656490     6959443  0.758E-02  0.995E+00
000007.558      656695     6962132  0.758E-02  0.995E+00
000019.504      656869     6964125  0.757E-02  0.995E+00
000031.515      657248     6968579  0.756E-02  0.995E+00
000043.526      657494     6971518  0.756E-02  0.995E+00
000055.541      657672     6973704  0.755E-02  0.995E+00
000107.521      657975     6976979  0.756E-02  0.995E+00
000119.520      658173     6979502  0.756E-02  0.995E+00
000131.534      658537     6983580  0.757E-02  0.995E+00
000143.509      658896     6987992  0.755E-02  0.995E+00
000155.516      659125     6990906  0.756E-02  0.995E+00
000207.515      659337     6993326  0.756E-02  0.995E+00
000219.529      659624     6996738  0.756E-02  0.995E+00
000231.515      659935     7000018  0.755E-02  0.995E+00
000243.502      660278     7004100  0.755E-02  0.995E+00
000255.529      660472     7006380  0.756E-02  0.995E+00
000307.514      660843     7010438  0.756E-02  0.995E+00
000319.553      661314     7015774  0.753E-02  0.995E+00
000331.527      661701     7020528  0.754E-02  0.995E+00
000343.527      661856     7022003  0.754E-02  0.995E+00
000355.539      662110     7024582  0.753E-02  0.995E+00
000407.533      662464     7028580  0.753E-02  0.995E+00
000419.538      662722     7032035  0.754E-02  0.995E+00
000431.519      663040     7035445  0.756E-02  0.995E+00
000443.550      663403     7039797  0.757E-02  0.995E+00
000455.529      663763     7043479  0.757E-02  0.995E+00
000507.513      664030     7046877  0.756E-02  0.995E+00
000519.514      664531     7052617  0.756E-02  0.995E+00
000531.518      664926     7057150  0.756E-02  0.995E+00
000543.523      665387     7062174  0.755E-02  0.995E+00
000555.527      665866     7067593  0.755E-02  0.995E+00
000607.514      666404     7073885  0.755E-02  0.995E+00
000619.532      666924     7079656  0.755E-02  0.995E+00
000631.543      667302     7083910  0.755E-02  0.995E+00
000643.523      667730     7088869  0.755E-02  0.995E+00
