 Results from RMCProfile version 6.7.9.5

 (Version 6f format configuration file)                                          

 2 experiments   3 partials

 Partial g(r)'s are printed out below

   348  3 are NR and NPAR

   r (Ang)
   0.06545     0.00000     0.00000     0.00000
   0.13090     0.00000     0.00000     0.00000
   0.19635     0.00000     0.00000     0.00000
   0.26180     0.00000     0.00000     0.00000
   0.32725     0.00000     0.00000     0.00000
   0.39271     0.00000     0.00000     0.00000
   0.45816     0.00000     0.00000     0.00000
   0.52361     0.00000     0.00000     0.00000
   0.58906     0.00000     0.00000     0.00000
   0.65451     0.00000     0.00000     0.00000
   0.71996     0.00000     0.00000     0.00000
   0.78541     0.00000     0.00000     0.00000
   0.85086     0.00000     0.00000     0.00000
   0.91631     0.00000     0.00000     0.00000
   0.98176     0.00000     0.00000     0.00000
   1.04721     0.00000     0.00000     0.00000
   1.11267     0.00000     0.00000     0.00000
   1.17812     0.00000     0.79594     0.00000
   1.24357     0.00000     1.02457     0.00000
   1.30902     0.00000     1.62034     0.00000
   1.37447     0.00000     2.39311     0.00000
   1.43992     0.00000     2.85362     0.55640
   1.50537     0.00000     2.98940     1.53368
   1.57082     0.00000     3.59391     1.66896
   1.63627     0.00000     3.98005     1.88175
   1.70172     0.00000     4.15171     2.03229
   1.76718     0.00000     4.10129     2.00146
   1.83263     0.00000     3.66643     1.96978
   1.89808     0.00000     2.97810     1.80386
   1.96353     0.00000     2.19087     1.50001
   2.02898     0.00000     1.46911     1.12455
   2.09443     0.00000     0.90811     0.79236
   2.15988     0.00000     0.57031     0.49150
   2.22533     0.00000     0.39340     0.25067
   2.29078     0.00000     0.27982     0.10019
   2.35623     0.00000     0.23045     0.00789
   2.42168     0.00000     0.01240     0.22413
   2.48714     0.00000     0.07521     0.42497
   2.55259     0.00000     0.20305     0.77554
   2.61804     0.00000     0.38606     1.17619
   2.68349     0.00000     0.64809     1.41562
   2.74894     0.00000     0.81192     1.64472
   2.81439     0.00000     1.02607     1.65393
   2.87984     0.57242     0.99749     1.63244
   2.94529     2.20239     0.85309     1.22061
   3.01074     2.51644     0.83566     1.20034
   3.07619     2.30650     0.90956     1.16833
   3.14164     2.20553     0.85291     1.09056
   3.20710     2.03200     0.75343     0.98403
   3.27255     1.84882     0.67065     0.87824
   3.33800     1.71468     0.63547     0.77598
   3.40345     1.78931     0.56985     0.71490
   3.46890     1.95337     0.51592     0.62628
   3.53435     2.14588     0.41086     0.55887
   3.59980     1.76475     0.44991     0.52408
   3.66525     0.43096     0.70239     0.71535
   3.73070     0.50332     0.69990     0.70201
   3.79615     0.54236     0.77989     0.73072
   3.86161     0.71049     0.83071     0.77472
   3.92706     0.70953     0.91544     0.80877
   3.99251     0.68283     0.92489     0.87868
   4.05796     0.69614     0.98801     0.84702
   4.12341     0.70827     1.04753     0.90882
   4.18886     0.77209     1.11283     1.02630
   4.25431     0.94685     1.24514     1.03128
   4.31976     0.95250     1.32691     1.09732
   4.38521     0.91525     1.33750     1.12557
   4.45066     1.01713     1.26101     1.09049
   4.51611     0.82606     1.25681     1.09349
   4.58157     0.91571     1.21631     1.06038
   4.64702     0.90350     1.19508     1.08212
   4.71247     0.94115     1.18241     1.03583
   4.77792     0.95612     1.14132     0.97950
   4.84337     0.90331     1.03383     1.01796
   4.90882     0.85295     1.04385     0.93099
   4.97427     0.91255     0.99600     1.00758
   5.03972     0.93003     1.08822     1.02011
   5.10517     1.06405     1.09620     1.10340
   5.17062     1.07627     1.13062     1.11497
   5.23607     1.02630     1.09935     1.15280
   5.30153     1.06703     1.07962     1.09697
   5.36698     1.07936     1.02316     1.17229
   5.43243     1.09863     1.09078     1.13778
   5.49788     1.09752     1.11211     1.17898
   5.56333     1.20279     1.04898     1.19293
   5.62878     1.07083     1.05226     1.12524
   5.69423     1.05885     0.99010     1.03782
   5.75968     1.03318     0.93398     1.02405
   5.82513     0.99303     0.94867     1.01365
   5.89058     0.97776     0.99810     1.00556
   5.95604     1.05105     0.95784     1.05357
   6.02149     1.10018     0.93954     0.99736
   6.08694     1.00633     0.92062     0.94962
   6.15239     0.99115     0.87771     0.93994
   6.21784     0.97788     0.91085     0.92819
   6.28329     1.06760     0.94463     0.93670
   6.34874     1.03852     0.97071     0.98560
   6.41419     1.02588     0.96902     0.98299
   6.47964     0.93079     0.96201     0.93123
   6.54509     0.93254     0.89467     0.93554
   6.61054     0.93802     0.88070     0.94518
   6.67600     0.97687     0.95095     0.91428
   6.74145     1.04080     0.98120     0.93068
   6.80690     0.95840     0.98596     0.98285
   6.87235     0.93901     0.96080     0.95865
   6.93780     0.89251     0.92252     0.93519
   7.00325     0.89479     0.90773     0.91541
   7.06870     0.90727     0.96665     0.89883
   7.13415     0.95099     0.97928     0.96448
   7.19960     0.97398     0.99662     0.98055
   7.26505     1.00149     0.96827     0.95937
   7.33050     0.93304     0.95296     0.92329
   7.39596     0.89649     0.96301     0.89447
   7.46141     0.94219     0.96682     0.92082
   7.52686     0.98515     1.00269     0.97577
   7.59231     1.06064     1.03391     0.97777
   7.65776     1.06925     1.02350     0.97732
   7.72321     1.00946     1.00330     0.95176
   7.78866     0.93912     0.98100     0.94282
   7.85411     0.90570     0.97438     0.98565
   7.91956     0.95449     1.01374     0.99667
   7.98501     1.08601     1.03778     0.98819
   8.05046     1.06217     1.02659     1.00756
   8.11592     1.02577     0.98758     0.99293
   8.18137     0.94628     0.95121     0.97624
   8.24682     0.99091     0.96546     0.92859
   8.31227     0.97453     0.98609     0.98547
   8.37772     1.05505     1.02232     0.99386
   8.44317     1.04769     1.02265     1.03239
   8.50862     1.02043     1.03248     0.96956
   8.57407     0.97263     0.96476     0.99455
   8.63952     1.02620     0.96656     0.94412
   8.70497     0.98256     0.99218     0.99493
   8.77043     1.05376     1.01410     1.02590
   8.83588     1.09234     1.03954     1.03246
   8.90133     1.05880     1.03018     1.02194
   8.96678     0.98651     0.97885     1.02833
   9.03223     0.93749     0.96864     1.00542
   9.09768     0.99330     0.97285     1.01342
   9.16313     1.02329     1.01181     1.02943
   9.22858     1.01495     1.04787     1.06804
   9.29403     1.03220     1.03367     1.05694
   9.35948     0.95834     1.01744     1.02421
   9.42493     0.96462     0.97504     0.99244
   9.49039     0.97644     0.97229     0.99161
   9.55584     0.97642     1.00886     1.01774
   9.62129     1.06263     1.03822     1.02161
   9.68674     1.01314     1.05181     1.04085
   9.75219     0.99837     1.02842     1.00051
   9.81764     0.96228     0.98337     0.98964
   9.88309     0.94246     0.97605     0.97732
   9.94854     0.97164     0.99469     1.01099
  10.01399     1.03115     1.02464     1.03568
  10.07944     1.05427     1.03571     1.05319
  10.14489     1.00696     1.02959     1.02573
  10.21035     0.96466     1.00095     0.99553
  10.27580     0.97489     0.97792     0.97362
  10.34125     1.01239     0.97904     1.00040
  10.40670     1.05583     1.01563     1.02076
  10.47215     1.03476     1.06171     1.02096
  10.53760     1.03967     1.03560     1.00661
  10.60305     1.00215     0.96724     1.01539
  10.66850     0.91309     0.97304     0.96640
  10.73395     0.95173     0.96827     0.96885
  10.79940     1.01072     0.99073     0.99408
  10.86486     1.01624     1.03266     1.00949
  10.93031     1.04287     1.02921     1.00599
  10.99576     0.96872     1.01134     0.98004
  11.06121     0.98805     0.95734     0.96561
  11.12666     0.96243     0.94623     0.98484
  11.19211     0.97339     0.98963     0.99609
  11.25756     1.01967     1.01889     1.01635
  11.32301     1.07520     1.02551     1.01785
  11.38846     1.02226     0.99526     1.02352
  11.45391     0.97618     0.96707     0.98503
  11.51936     0.94636     0.96642     0.97519
  11.58482     0.99954     0.98326     0.97106
  11.65027     1.01479     1.01263     1.02044
  11.71572     1.06929     1.03016     1.02503
  11.78117     1.04117     1.01854     1.01146
  11.84662     1.00165     0.99654     0.98231
  11.91207     0.97190     0.95918     0.99090
  11.97752     0.93871     0.99018     0.99506
  12.04297     1.03631     1.01483     0.99465
  12.10842     1.02435     1.03830     1.03533
  12.17387     1.04032     1.04071     1.00698
  12.23932     0.96661     0.99583     1.00881
  12.30478     0.96286     0.96423     0.98065
  12.37023     0.95118     0.97173     0.98805
  12.43568     1.00260     1.00685     0.99836
  12.50113     1.05436     1.02368     1.02756
  12.56658     1.05771     1.04527     1.00708
  12.63203     1.01775     1.00549     1.00876
  12.69748     0.96276     0.99272     0.96496
  12.76293     0.95148     0.97435     0.97149
  12.82838     0.98261     1.01170     0.98788
  12.89383     1.01375     1.02105     1.04068
  12.95928     1.06077     1.02859     1.04029
  13.02474     0.98495     1.02822     1.01927
  13.09019     0.95688     0.98742     1.00365
  13.15564     0.94805     0.97552     0.98398
  13.22109     0.99897     0.98443     0.99799
  13.28654     1.07901     1.01331     1.01913
  13.35199     1.06002     1.03528     1.03841
  13.41744     1.02976     1.03587     1.01994
  13.48289     0.99558     0.98945     1.00444
  13.54834     0.95791     0.96510     0.99890
  13.61379     0.96497     0.97043     1.00051
  13.67925     1.00155     1.00647     1.02077
  13.74470     1.03034     1.02746     1.03581
  13.81015     1.05126     1.02437     1.01354
  13.87560     0.99566     0.99986     0.99087
  13.94105     0.98484     0.96476     0.97746
  14.00650     0.95146     0.98526     0.96894
  14.07195     0.99380     1.00086     1.00140
  14.13740     1.03328     1.03344     1.02467
  14.20285     1.04301     1.03367     1.03327
  14.26830     1.00929     1.01535     1.01384
  14.33375     0.97924     0.98480     0.98520
  14.39921     0.95025     0.96409     0.99909
  14.46466     0.97958     0.99492     1.00710
  14.53011     1.02425     1.02888     1.02226
  14.59556     1.03520     1.04425     1.01448
  14.66101     1.04429     1.00904     1.01917
  14.72646     0.96909     0.99385     0.99269
  14.79191     0.96768     0.97172     0.97364
  14.85736     0.97884     0.99328     0.98354
  14.92281     1.00017     1.01488     1.01940
  14.98826     1.03115     1.04247     1.02352
  15.05371     1.02424     1.02887     1.01812
  15.11917     0.99994     0.98863     0.99738
  15.18462     0.97979     0.96984     0.97017
  15.25007     0.97513     0.96529     0.98786
  15.31552     0.99273     1.00664     1.00042
  15.38097     1.04182     1.02366     1.02236
  15.44642     1.03470     1.02628     1.01519
  15.51187     0.99182     0.99673     1.01004
  15.57732     0.97778     0.97435     0.96955
  15.64277     0.96346     0.96437     0.98628
  15.70822     0.98760     1.00302     0.98992
  15.77368     1.03084     1.02522     1.01377
  15.83913     1.03942     1.02725     1.02997
  15.90458     1.02424     1.01445     0.99900
  15.97003     0.96729     0.98899     0.98126
  16.03548     0.94927     0.96318     0.98968
  16.10093     0.97261     0.98071     1.00509
  16.16638     1.04827     1.01095     1.00457
  16.23183     1.06049     1.03234     1.01267
  16.29728     1.02191     1.00786     1.01956
  16.36273     0.99472     0.98233     0.98480
  16.42818     0.94348     0.96789     0.97069
  16.49364     0.97835     0.97123     0.98056
  16.55909     1.00231     1.00122     1.01405
  16.62454     1.02690     1.02928     1.02617
  16.68999     1.02801     1.02764     1.01273
  16.75544     1.01154     0.98747     0.99802
  16.82089     0.98363     0.97466     0.97262
  16.88634     0.94658     0.98002     0.97882
  16.95179     1.01463     1.00414     0.99791
  17.01724     1.01724     1.02947     1.02293
  17.08269     1.03962     1.02219     1.02466
  17.14814     1.01279     1.00689     0.99177
  17.21360     0.95157     0.97874     0.98218
  17.27905     0.95601     0.96997     0.97196
  17.34450     0.99365     0.99374     0.98081
  17.40995     1.00797     1.01862     1.01257
  17.47540     1.02584     1.02909     1.02035
  17.54085     1.00446     1.01831     1.00193
  17.60630     0.97683     0.98195     0.98375
  17.67175     0.96646     0.96221     0.98518
  17.73720     0.95989     0.99663     0.99356
  17.80265     1.01989     1.01505     1.01189
  17.86811     1.03365     1.04201     1.02714
  17.93356     1.03080     1.02465     1.00213
  17.99901     0.98918     0.99168     0.99093
  18.06446     0.97351     0.95657     0.98967
  18.12991     0.98516     0.97144     0.98218
  18.19536     0.99558     0.99836     1.00671
  18.26081     1.03533     1.02506     1.01427
  18.32626     1.02226     1.02519     1.01326
  18.39171     0.99925     0.99324     0.99393
  18.45716     0.96804     0.97114     0.97201
  18.52261     0.96543     0.96641     0.97844
  18.58807     1.00372     0.98941     0.99346
  18.65352     1.04261     1.02409     1.00429
  18.71897     1.03054     1.02201     1.02279
  18.78442     0.99122     1.00282     1.00247
  18.84987     0.97815     0.97955     0.97127
  18.91532     0.97706     0.96611     0.97509
  18.98077     0.97531     0.98727     0.99526
  19.04622     1.01379     1.01076     1.02640
  19.11167     1.04775     1.02813     1.02050
  19.17712     1.02156     1.01420     1.00914
  19.24257     0.96553     0.99078     0.98102
  19.30803     0.97173     0.95217     0.98226
  19.37348     1.00991     0.96559     0.98213
  19.43893     1.01737     1.00577     1.00355
  19.50438     1.03003     1.02838     1.01668
  19.56983     1.00683     1.02516     1.01999
  19.63528     1.00163     0.99288     0.98438
  19.70073     0.97574     0.97146     0.97024
  19.76618     0.96810     0.97825     0.97774
  19.83163     0.99956     1.00633     0.99250
  19.89708     1.01083     1.02447     1.01147
  19.96253     1.03008     1.02269     1.00448
  20.02799     0.97717     1.00018     0.99786
  20.09344     0.96120     0.97516     0.97284
  20.15889     0.96936     0.97128     0.97247
  20.22434     0.98065     0.99262     0.99407
  20.28979     1.02918     1.01776     1.01020
  20.35524     1.03333     1.02758     1.00847
  20.42069     1.00381     1.00249     1.00821
  20.48614     0.95464     0.98425     0.97968
  20.55159     0.96296     0.97947     0.97065
  20.61704     0.97879     0.98906     0.98951
  20.68250     1.01808     1.01619     1.00726
  20.74795     1.03924     1.03306     1.00655
  20.81340     1.02670     1.01181     1.00920
  20.87885     0.99862     0.98926     0.97923
  20.94430     0.96665     0.96784     0.96902
  21.00975     0.99055     0.96726     0.98473
  21.07520     1.01321     1.00133     1.00099
  21.14065     1.02301     1.02357     1.01970
  21.20610     1.02585     1.00523     1.01095
  21.27155     0.98167     0.98807     0.99037
  21.33700     0.97502     0.95886     0.97426
  21.40246     0.97273     0.96700     0.98438
  21.46791     1.00349     0.99818     1.00045
  21.53336     1.02936     1.02677     1.02011
  21.59881     1.03890     1.01882     1.01359
  21.66426     0.98329     0.99987     1.00271
  21.72971     0.97136     0.97702     0.98480
  21.79516     0.97773     0.96476     0.99160
  21.86061     1.00665     0.99547     0.98927
  21.92606     1.01631     1.01627     1.02084
  21.99151     1.01362     1.02184     1.02452
  22.05696     1.01320     1.00601     0.99828
  22.12242     0.96356     0.97612     0.98629
  22.18787     0.96177     0.97365     0.97372
  22.25332     0.98804     0.98919     0.98590
  22.31877     1.02700     1.01340     1.01209
  22.38422     1.03290     1.02510     1.02186
  22.44967     1.01127     1.00851     1.00832
  22.51512     0.97684     0.99061     0.97596
  22.58057     0.94439     0.96474     0.98824
  22.64602     0.96536     0.97752     0.98447
  22.71147     0.98023     0.99729     0.99316
  22.77693     0.98063     0.98512     0.99264

 Partial S(Q)'s are printed out below

   494  3 are NQ and NPAR

      Q          S(Q)_1      S(Q)_2      S(Q)_3
  0.4682470    -2.3334173     0.6674863    -0.7225030
  0.4982822    -2.1115234     1.0241756    -0.1976742
  0.5283174    -2.0729271     1.1827365     0.1268689
  0.5583526    -2.1690452     1.1596573     0.2258018
  0.5883878    -2.3132516     1.0245930     0.1387293
  0.6184230    -2.4209232     0.8658581    -0.0543003
  0.6484582    -2.4424596     0.7553748    -0.2652625
  0.6784934    -2.3773467     0.7258406    -0.4268002
  0.7085286    -2.2661872     0.7666378    -0.5084038
  0.7385638    -2.1667366     0.8371124    -0.5170878
  0.7685990    -2.1257462     0.8894528    -0.4852939
  0.7986342    -2.1588452     0.8907559    -0.4526571
  0.8286694    -2.2460927     0.8355651    -0.4492164
  0.8587046    -2.3435410     0.7450795    -0.4857605
  0.8887398    -2.4043709     0.6550704    -0.5533873
  0.9187750    -2.3996681     0.5989147    -0.6306135
  0.9488102    -2.3298704     0.5934485    -0.6938834
  0.9788454    -2.2226016     0.6333643    -0.7268197
  1.0088806    -2.1187561     0.6957313    -0.7248864
  1.0389158    -2.0536226     0.7518145    -0.6945020
  1.0689510    -2.0415240     0.7805311    -0.6479606
  1.0989862    -2.0704109     0.7776540    -0.5969185
  1.1290214    -2.1081738     0.7571185    -0.5472901
  1.1590566    -2.1172999     0.7443915    -0.4973642
  1.1890918    -2.0711116     0.7652006    -0.4393993
  1.2191270    -1.9645314     0.8346401    -0.3635754
  1.2491622    -1.8150794     0.9511617    -0.2624864
  1.2791974    -1.6542492     1.0976028    -0.1344827
  1.3092326    -1.5135429     1.2483206     0.0150914
  1.3392678    -1.4114945     1.3790265     0.1748004
  1.3693030    -1.3472126     1.4750514     0.3294905
  1.3993382    -1.3028221     1.5347592     0.4631990
  1.4293734    -1.2531690     1.5671327     0.5618153
  1.4594086    -1.1780675     1.5851077     0.6150751
  1.4894438    -1.0715159     1.5979386     0.6178043
  1.5194790    -0.9439439     1.6060690     0.5704736
  1.5495142    -0.8168521     1.6006683     0.4790853
  1.5795494    -0.7126287     1.5678245     0.3543157
  1.6095846    -0.6443594     1.4953402     0.2098364
  1.6396198    -0.6102419     1.3790116     0.0599299
  1.6696550    -0.5949530     1.2256022    -0.0831728
  1.6996902    -0.5770786     1.0512285    -0.2115208
  1.7297254    -0.5389894     0.8758725    -0.3224847
  1.7597606    -0.4745354     0.7163489    -0.4181463
  1.7897958    -0.3910542     0.5806328    -0.5031454
  1.8198311    -0.3048788     0.4657999    -0.5817177
  1.8498663    -0.2325491     0.3602763    -0.6550663
  1.8799015    -0.1819089     0.2493262    -0.7201676
  1.9099367    -0.1473119     0.1214622    -0.7705912
  1.9399719    -0.1112832    -0.0267835    -0.7990971
  1.9700071    -0.0520238    -0.1894933    -0.8009840
  2.0000423     0.0465492    -0.3537217    -0.7767693
  2.0300775     0.1867536    -0.5044216    -0.7329656
  2.0601127     0.3548139    -0.6298707    -0.6804571
  2.0901479     0.5255028    -0.7255042    -0.6309723
  2.1201831     0.6719319    -0.7948428    -0.5929889
  2.1502183     0.7763631    -0.8474306    -0.5687231
  2.1802535     0.8373773    -0.8948269    -0.5534825
  2.2102887     0.8702302    -0.9463063    -0.5377372
  2.2403239     0.9001020    -1.0058296    -0.5111519
  2.2703591     0.9509840    -1.0711818    -0.4669928
  2.3003943     1.0348347    -1.1352660    -0.4051263
  2.3304295     1.1455721    -1.1887824    -0.3323708
  2.3604647     1.2604789    -1.2231836    -0.2600283
  2.3904999     1.3485226    -1.2329333    -0.1995750
  2.4205351     1.3822315    -1.2165598    -0.1582530
  2.4505703     1.3483187    -1.1765305    -0.1363543
  2.4806055     1.2527881    -1.1183406    -0.1272973
  2.5106407     1.1185525    -1.0492976    -0.1204539
  2.5406759     0.9766473    -0.9773384    -0.1055561
  2.5707111     0.8546771    -0.9099878    -0.0768789
  2.6007463     0.7671361    -0.8534145    -0.0355021
  2.6307815     0.7113324    -0.8115546     0.0112323
  2.6608167     0.6702549    -0.7854121     0.0527885
  2.6908519     0.6208744    -0.7727941     0.0797167
  2.7208871     0.5442595    -0.7687515     0.0873604
  2.7509223     0.4333414    -0.7668198     0.0774840
  2.7809575     0.2953438    -0.7608315     0.0572116
  2.8109927     0.1482314    -0.7467573     0.0358046
  2.8410279     0.0130134    -0.7239024     0.0206920
  2.8710631    -0.0946751    -0.6949412     0.0144513
  2.9010983    -0.1702049    -0.6646925     0.0139906
  2.9311335    -0.2206638    -0.6380553     0.0122299
  2.9611687    -0.2606914    -0.6179157     0.0015100
  2.9912039    -0.3055150    -0.6038972    -0.0227568
  3.0212391    -0.3642993    -0.5925200    -0.0597613
  3.0512743    -0.4365909    -0.5787463    -0.1032765
  3.0813095    -0.5131499    -0.5582862    -0.1439347
  3.1113447    -0.5805201    -0.5296748    -0.1728304
  3.1413799    -0.6271400    -0.4951894    -0.1849370
  3.1714151    -0.6482799    -0.4601471    -0.1809339
  3.2014503    -0.6477635    -0.4308160    -0.1667282
  3.2314855    -0.6359372    -0.4117938    -0.1509306
  3.2615207    -0.6249929    -0.4039727    -0.1413795
  3.2915559    -0.6238150    -0.4039951    -0.1421672
  3.3215911    -0.6345875    -0.4054840    -0.1523574
  3.3516263    -0.6524888    -0.4015748    -0.1668407
  3.3816615    -0.6683835    -0.3876976    -0.1788618
  3.4116967    -0.6731255    -0.3634307    -0.1830806
  3.4417319    -0.6614852    -0.3326242    -0.1778521
  3.4717671    -0.6340188    -0.3017249    -0.1658007
  3.5018023    -0.5962216    -0.2770091    -0.1525234
  3.5318375    -0.5555539    -0.2619043    -0.1440589
  3.5618727    -0.5178372    -0.2555521    -0.1442540
  3.5919079    -0.4846949    -0.2532309    -0.1531527
  3.6219431    -0.4531351    -0.2484511    -0.1670490
  3.6519783    -0.4173341    -0.2358061    -0.1801094
  3.6820135    -0.3716771    -0.2133260    -0.1868020
  3.7120487    -0.3135987    -0.1832960    -0.1840704
  3.7420839    -0.2449419    -0.1511656    -0.1723480
  3.7721191    -0.1713033    -0.1230215    -0.1550593
  3.8021543    -0.0997806    -0.1027329    -0.1369242
  3.8321895    -0.0362390    -0.0900407    -0.1218822
  3.8622247     0.0166452    -0.0804683    -0.1115676
  3.8922599     0.0597571    -0.0671385    -0.1049646
  3.9222951     0.0963269    -0.0437483    -0.0993004
  3.9523303     0.1298781    -0.0074243    -0.0916626
  3.9823655     0.1624395     0.0397949    -0.0805187
  4.0124007     0.1939142     0.0915348    -0.0663882
  4.0424359     0.2228447     0.1395351    -0.0513547
  4.0724711     0.2480619     0.1769765    -0.0376706
  4.1025063     0.2702212     0.2012983    -0.0261627
  4.1325415     0.2922657     0.2153108    -0.0152661
  4.1625767     0.3184006     0.2261095    -0.0012410
  4.1926119     0.3519505     0.2422131     0.0204117
  4.2226471     0.3931175     0.2700921     0.0528936
  4.2526823     0.4378271     0.3115068     0.0963070
  4.2827175     0.4784351     0.3627399     0.1469533
  4.3127527     0.5062308     0.4160200     0.1981464
  4.3427879     0.5148013     0.4625281     0.2423218
  4.3728231     0.5028161     0.4957426     0.2736598
  4.4028583     0.4749307     0.5137625     0.2901882
  4.4328935     0.4402475     0.5197044     0.2945088
  4.4629287     0.4088268     0.5200851     0.2928253
  4.4929639     0.3876307     0.5219369     0.2926315
  4.5229991     0.3776136     0.5298997     0.2999528
  4.5530343     0.3732609     0.5444970     0.3172100
  4.5830695     0.3648786     0.5622563     0.3425206
  4.6131047     0.3427657     0.5775333     0.3706673
  4.6431399     0.3015615     0.5851750     0.3952998
  4.6731751     0.2429277     0.5828330     0.4114594
  4.7032103     0.1753799     0.5719294     0.4174134
  4.7332455     0.1112544     0.5568918     0.4150950
  4.7632807     0.0620020     0.5430401     0.4090296
  4.7933159     0.0337202     0.5340866     0.4042346
  4.8233511     0.0247655     0.5303609     0.4039808
  4.8533863     0.0264379     0.5285381     0.4083222
  4.8834215     0.0264684     0.5229841     0.4139665
  4.9134567     0.0138842     0.5081300     0.4155016
  4.9434919    -0.0167289     0.4808517     0.4074587
  4.9735271    -0.0632814     0.4418426     0.3863852
  5.0035623    -0.1172905     0.3954090     0.3521335
  5.0335975    -0.1675149     0.3477993     0.3079154
  5.0636327    -0.2045611     0.3047895     0.2591670
  5.0936679    -0.2245482     0.2695461     0.2117141
  5.1237031    -0.2303635     0.2416400     0.1699541
  5.1537383    -0.2300828     0.2175741     0.1357028
  5.1837735    -0.2333183     0.1925416     0.1080455
  5.2138087    -0.2470867     0.1626230     0.0841291
  5.2438439    -0.2729305     0.1264825     0.0604942
  5.2738791    -0.3064287     0.0858704     0.0344049
  5.3039143    -0.3391882     0.0447809     0.0047145
  5.3339495    -0.3623662     0.0076911    -0.0279477
  5.3639847    -0.3701762    -0.0223196    -0.0616013
  5.3940199    -0.3619168    -0.0447525    -0.0936722
  5.4240551    -0.3417679    -0.0616970    -0.1217496
  5.4540903    -0.3165865    -0.0767114    -0.1440969
  5.4841255    -0.2927808    -0.0931148    -0.1598392
  5.5141607    -0.2736752    -0.1124626    -0.1689076
  5.5441959    -0.2584801    -0.1338678    -0.1718913
  5.5742311    -0.2432160    -0.1544403    -0.1699197
  5.6042663    -0.2230520    -0.1706167    -0.1646005
  5.6343015    -0.1949114    -0.1797729    -0.1579448
  5.6643367    -0.1591329    -0.1814079    -0.1521745
  5.6943719    -0.1194478    -0.1773930    -0.1493594
  5.7244071    -0.0813339    -0.1712019    -0.1509399
  5.7544423    -0.0495459    -0.1664768    -0.1572948
  5.7844775    -0.0259814    -0.1655634    -0.1675515
  5.8145127    -0.0088682    -0.1686360    -0.1797734
  5.8445479     0.0063647    -0.1737670    -0.1915155
  5.8745831     0.0249391    -0.1778781    -0.2005782
  5.9046183     0.0502856    -0.1781454    -0.2056831
  5.9346535     0.0824133    -0.1732550    -0.2068065
  5.9646887     0.1178141    -0.1639984    -0.2050326
  5.9947239     0.1509297    -0.1529896    -0.2019837
  6.0247591     0.1765030    -0.1436615    -0.1990666
  6.0547943     0.1917547    -0.1389769    -0.1968553
  6.0848295     0.1974176    -0.1403748    -0.1948759
  6.1148647     0.1971925    -0.1473367    -0.1918876
  6.1448999     0.1959035    -0.1576786    -0.1865380
  6.1749351     0.1972123    -0.1683810    -0.1781038
  6.2049703     0.2019336    -0.1765889    -0.1669871
  6.2350055     0.2077092    -0.1804024    -0.1547364
  6.2650407     0.2101738    -0.1792255    -0.1435673
  6.2950759     0.2050719    -0.1736559    -0.1355692
  6.3251111     0.1903613    -0.1650775    -0.1319248
  6.3551463     0.1673551    -0.1551874    -0.1324603
  6.3851815     0.1403912    -0.1456348    -0.1357082
  6.4152167     0.1151822    -0.1378200    -0.1394480
  6.4452519     0.0965779    -0.1327875    -0.1414947
  6.4752871     0.0867230    -0.1311049    -0.1404110
  6.5053223     0.0843940    -0.1326759    -0.1358669
  6.5353575     0.0857610    -0.1365499    -0.1285340
  6.5653927     0.0861831    -0.1408789    -0.1196033
  6.5954279     0.0822029    -0.1431814    -0.1101725
  6.6254631     0.0728476    -0.1409594    -0.1007846
  6.6554983     0.0596944    -0.1325352    -0.0913124
  6.6855335     0.0457437    -0.1178131    -0.0812074
  6.7155687     0.0336956    -0.0986146    -0.0699602
  6.7456039     0.0244877    -0.0783508    -0.0575217
  6.7756391     0.0168133    -0.0610353    -0.0444626
  6.8056743     0.0078559    -0.0499345    -0.0317803
  6.8357095    -0.0051099    -0.0463485    -0.0204393
  6.8657447    -0.0230300    -0.0490239    -0.0108694
  6.8957799    -0.0441394    -0.0544934    -0.0026747
  6.9258151    -0.0642953    -0.0582794     0.0052819
  6.9558503    -0.0785069    -0.0565408     0.0144244
  6.9858855    -0.0830261    -0.0475296     0.0258223
  7.0159207    -0.0770811    -0.0322715     0.0396401
  7.0459559    -0.0634542    -0.0141708     0.0549317
  7.0759911    -0.0475959     0.0023260     0.0698910
  7.1060263    -0.0356015     0.0134859     0.0824762
  7.1360615    -0.0318798     0.0177564     0.0911609
  7.1660967    -0.0374878     0.0163400     0.0955054
  7.1961319    -0.0498248     0.0126380     0.0963135
  7.2261671    -0.0638015     0.0107876     0.0953109
  7.2562023    -0.0739680     0.0139037     0.0944783
  7.2862375    -0.0766883     0.0227597     0.0953139
  7.3162727    -0.0714548     0.0354645     0.0983185
  7.3463079    -0.0608270     0.0482709     0.1028950
  7.3763431    -0.0490967     0.0571722     0.1076768
  7.4063783    -0.0403243     0.0596073     0.1111189
  7.4364135    -0.0366424     0.0555446     0.1120925
  7.4664487    -0.0375625     0.0474800     0.1102386
  7.4964839    -0.0405346     0.0393476     0.1059636
  7.5265191    -0.0424311     0.0348091     0.1001229
  7.5565543    -0.0412068     0.0356567     0.0935761
  7.5865895    -0.0369325     0.0410210     0.0868374
  7.6166247    -0.0317133     0.0477323     0.0799806
  7.6466599    -0.0285460     0.0516903     0.0728212
  7.6766951    -0.0296857     0.0496627     0.0652551
  7.7067303    -0.0353286     0.0407480     0.0575556
  7.7367655    -0.0432794     0.0268714     0.0504484
  7.7668008    -0.0498059     0.0120968     0.0448989
  7.7968360    -0.0513124     0.0010352     0.0416915
  7.8268712    -0.0460565    -0.0029870     0.0409950
  7.8569064    -0.0350829     0.0007648     0.0421316
  7.8869416    -0.0218874     0.0101907     0.0436874
  7.9169768    -0.0109075     0.0212641     0.0439544
  7.9470120    -0.0054959     0.0296978     0.0415400
  7.9770472    -0.0063087     0.0326601     0.0358997
  8.0070824    -0.0108888     0.0298263     0.0275687
  8.0371176    -0.0147089     0.0233465     0.0179919
  8.0671528    -0.0132715     0.0167780     0.0090182
  8.0971880    -0.0043523     0.0134668     0.0022651
  8.1272232     0.0106455     0.0150875    -0.0013933
  8.1572584     0.0269099     0.0209640    -0.0020200
  8.1872936     0.0380285     0.0284425    -0.0004409
  8.2173288     0.0386859     0.0341288     0.0021890
  8.2473640     0.0271222     0.0354315     0.0048649
  8.2773992     0.0062650     0.0317320     0.0070419
  8.3074344    -0.0170281     0.0246746     0.0086542
  8.3374696    -0.0343923     0.0174619     0.0098711
  8.3675048    -0.0391052     0.0134737     0.0107500
  8.3975400    -0.0286881     0.0148119     0.0109910
  8.4275752    -0.0058823     0.0214001     0.0099466
  8.4576104     0.0224140     0.0310138     0.0069050
  8.4876456     0.0478230     0.0402099     0.0015184
  8.5176808     0.0636812     0.0457435    -0.0058404
  8.5477160     0.0674400     0.0458585    -0.0139958
  8.5777512     0.0613063     0.0409135    -0.0212488
  8.6077864     0.0509044     0.0331051    -0.0259372
  8.6378216     0.0425782     0.0254462    -0.0270537
  8.6678568     0.0405204     0.0204713    -0.0246563
  8.6978920     0.0449740     0.0192374    -0.0198755
  8.7279272     0.0522688     0.0210362    -0.0144943
  8.7579624     0.0566575     0.0239012    -0.0102622
  8.7879976     0.0531244     0.0256377    -0.0082306
  8.8180328     0.0399212     0.0248795    -0.0083935
  8.8480680     0.0196970     0.0216879    -0.0097929
  8.8781032    -0.0013033     0.0174298    -0.0110435
  8.9081384    -0.0156612     0.0140195    -0.0110430
  8.9381736    -0.0178159     0.0128975    -0.0095435
  8.9682088    -0.0064222     0.0142437    -0.0073163
  8.9982440     0.0149687     0.0168061    -0.0058171
  9.0282792     0.0392039     0.0184372    -0.0064857
  9.0583144     0.0582671     0.0170988    -0.0099891
  9.0883496     0.0663311     0.0118702    -0.0157569
  9.1183848     0.0618743     0.0034838    -0.0220452
  9.1484200     0.0480230    -0.0058804    -0.0265412
  9.1784552     0.0310334    -0.0134747    -0.0272799
  9.2084904     0.0176000    -0.0171629    -0.0234934
  9.2385256     0.0121439    -0.0163758    -0.0160249
  9.2685608     0.0152029    -0.0124084    -0.0071064
  9.2985960     0.0235379    -0.0079072     0.0004385
  9.3286312     0.0318217    -0.0057527     0.0042603
  9.3586664     0.0351115    -0.0078143     0.0033914
  9.3887016     0.0310002    -0.0141174    -0.0013734
  9.4187368     0.0205300    -0.0227938    -0.0077837
  9.4487720     0.0075231    -0.0308470    -0.0130053
  9.4788072    -0.0033102    -0.0354109    -0.0147039
  9.5088424    -0.0085983    -0.0349664    -0.0119053
  9.5388776    -0.0078639    -0.0299909    -0.0052936
  9.5689128    -0.0037254    -0.0227605     0.0031543
  9.5989480    -0.0006793    -0.0163881     0.0110215
  9.6289832    -0.0030319    -0.0135057     0.0164208
  9.6590184    -0.0129159    -0.0151535     0.0186734
  9.6890536    -0.0292723    -0.0203455     0.0184294
  9.7190888    -0.0482388    -0.0264921     0.0172080
  9.7491240    -0.0647560    -0.0304946     0.0165919
  9.7791592    -0.0746707    -0.0300434     0.0174482
  9.8091944    -0.0764097    -0.0245738     0.0195284
  9.8392296    -0.0715055    -0.0154880     0.0216206
  9.8692648    -0.0637748    -0.0055667     0.0221728
  9.8993000    -0.0575482     0.0021625     0.0200982
  9.9293352    -0.0557577     0.0056129     0.0153857
  9.9593704    -0.0587312     0.0043916     0.0092331
  9.9894056    -0.0642080    -0.0001721     0.0036282
 10.0194408    -0.0685343    -0.0056961     0.0005537
 10.0494760    -0.0684669    -0.0097893     0.0011596
 10.0795112    -0.0627553    -0.0110080     0.0052624
 10.1095464    -0.0527807    -0.0093254     0.0113906
 10.1395816    -0.0419680    -0.0059490     0.0173565
 10.1696168    -0.0342426    -0.0026190     0.0211057
 10.1996520    -0.0322298    -0.0007368     0.0214815
 10.2296872    -0.0360095    -0.0007343     0.0185819
 10.2597224    -0.0429851    -0.0019567     0.0135733
 10.2897576    -0.0489297    -0.0030842     0.0080685
 10.3197928    -0.0497499    -0.0028647     0.0033661
 10.3498280    -0.0432015    -0.0007906    -0.0000967
 10.3798632    -0.0298168     0.0026080    -0.0028293
 10.4098984    -0.0126627     0.0059931    -0.0058833
 10.4399336     0.0039387     0.0078563    -0.0101602
 10.4699688     0.0161501     0.0072552    -0.0157716
 10.5000040     0.0220647     0.0042897    -0.0217779
 10.5300392     0.0222618     0.0000841    -0.0264584
 10.5600744     0.0192908    -0.0037262    -0.0280255
 10.5901096     0.0163842    -0.0057650    -0.0254787
 10.6201448     0.0160230    -0.0055782    -0.0192121
 10.6501800     0.0190096    -0.0038648    -0.0110802
 10.6802152     0.0244289    -0.0021506    -0.0038467
 10.7102504     0.0304446    -0.0020387    -0.0002107
 10.7402856     0.0354758    -0.0043773    -0.0017927
 10.7703208     0.0391340    -0.0087385    -0.0084974
 10.8003560     0.0424336    -0.0134740    -0.0185201
 10.8303912     0.0471608    -0.0163571    -0.0290065
 10.8604264     0.0547181    -0.0155505    -0.0371042
 10.8904616     0.0650442    -0.0104786    -0.0409843
 10.9204968     0.0761992    -0.0022066    -0.0404286
 10.9505320     0.0849081     0.0068692    -0.0367609
 10.9805672     0.0878918     0.0139171    -0.0321786
 11.0106024     0.0834142     0.0167911    -0.0287826
 11.0406376     0.0723184     0.0149039    -0.0277236
 11.0706728     0.0580089     0.0094776    -0.0288142
 11.1007080     0.0452856     0.0030542    -0.0307475
 11.1307432     0.0384563    -0.0015363    -0.0317951
 11.1607784     0.0395125    -0.0023206    -0.0306559
 11.1908136     0.0471757     0.0010403    -0.0270715
 11.2208488     0.0572786     0.0071627    -0.0219407
 11.2508840     0.0643889     0.0135716    -0.0168939
 11.2809192     0.0640324     0.0177748    -0.0135334
 11.3109544     0.0545880     0.0183180    -0.0126913
 11.3409896     0.0380386     0.0153746    -0.0140419
 11.3710248     0.0192248     0.0106293    -0.0162458
 11.4010600     0.0038859     0.0065204    -0.0175568
 11.4310952    -0.0037064     0.0051814    -0.0166161
 11.4611304    -0.0025242     0.0075399    -0.0130738
 11.4911656     0.0047886     0.0129578    -0.0077540
 11.5212008     0.0130279     0.0195499    -0.0022867
 11.5512360     0.0166188     0.0250213     0.0016315
 11.5812712     0.0119543     0.0276461     0.0030162
 11.6113064    -0.0011109     0.0269570     0.0020633
 11.6413416    -0.0192456     0.0238582     0.0000906
 11.6713768    -0.0371076     0.0201373    -0.0010289
 11.7014120    -0.0496525     0.0176171     0.0003014
 11.7314472    -0.0542881     0.0173414     0.0046693
 11.7614824    -0.0519412     0.0191603     0.0113448
 11.7915176    -0.0465781     0.0218861     0.0185345
 11.8215528    -0.0433928     0.0239282     0.0240953
 11.8515880    -0.0464529     0.0240934     0.0264061
 11.8816232    -0.0568355     0.0221724     0.0250258
 11.9116584    -0.0720721     0.0190362     0.0208620
 11.9416936    -0.0871530     0.0162007     0.0157860
 11.9717288    -0.0966657     0.0150688     0.0118668
 12.0017640    -0.0971413     0.0162126     0.0105551
 12.0317992    -0.0885901     0.0190415     0.0121594
 12.0618344    -0.0745500     0.0220239     0.0158196
 12.0918696    -0.0606129     0.0233709     0.0199610
 12.1219048    -0.0520519     0.0218719     0.0230059
 12.1519400    -0.0515616     0.0174906     0.0240174
 12.1819752    -0.0580817     0.0114347     0.0229976
 12.2120104    -0.0672129     0.0056491     0.0207352
 12.2420456    -0.0730538     0.0019478     0.0183067
 12.2720808    -0.0706847     0.0011758     0.0164940
 12.3021160    -0.0582502     0.0027866     0.0154109
 12.3321512    -0.0377675     0.0050438     0.0145180
 12.3621864    -0.0143332     0.0057750     0.0130110
 12.3922216     0.0059224     0.0033520     0.0103775
 12.4222568     0.0182624    -0.0025396     0.0068274
 12.4522920     0.0211391    -0.0106949     0.0033536
 12.4823272     0.0166319    -0.0188561     0.0013557
 12.5123624     0.0093948    -0.0246588     0.0019769
 12.5423976     0.0046092    -0.0266468     0.0054578
 12.5724328     0.0058433    -0.0249053     0.0108331
 12.6024680     0.0137237    -0.0210257     0.0161570
 12.6325032     0.0259419    -0.0174086     0.0192127
 12.6625384     0.0385185    -0.0162087     0.0184283
 12.6925736     0.0477076    -0.0183880     0.0136072
 12.7226088     0.0516624    -0.0233020     0.0061308
 12.7526440     0.0511278    -0.0290068    -0.0014945
 12.7826792     0.0488851    -0.0331526    -0.0065963
 12.8127144     0.0482482    -0.0340630    -0.0074197
 12.8427496     0.0513375    -0.0315092    -0.0038811
 12.8727848     0.0579509    -0.0268216     0.0023419
 12.9028200     0.0655640    -0.0222778     0.0084491
 12.9328552     0.0704745    -0.0200388     0.0116403
 12.9628904     0.0695713    -0.0211170     0.0102639
 12.9929256     0.0619207    -0.0248595     0.0045139
 13.0229608     0.0494277    -0.0292039    -0.0036288
 13.0529960     0.0362431    -0.0316161    -0.0111932
 13.0830312     0.0271401    -0.0303002    -0.0154311
 13.1130664     0.0255507    -0.0251269    -0.0149402
 13.1431016     0.0321094    -0.0178339    -0.0102268
 13.1731368     0.0443363    -0.0113647    -0.0034733
 13.2031720     0.0576000    -0.0085977     0.0023900
 13.2332072     0.0669463    -0.0110115     0.0049157
 13.2632424     0.0690089    -0.0178853     0.0031480
 13.2932776     0.0631966    -0.0264263    -0.0020126
 13.3233128     0.0516794    -0.0328217    -0.0082380
 13.3533480     0.0382317    -0.0338029    -0.0127984
 13.3833832     0.0264853    -0.0280662    -0.0137387
 13.4134184     0.0183895    -0.0169278    -0.0106936
 13.4434536     0.0135544    -0.0038981    -0.0049954
 13.4734888     0.0097330     0.0066821     0.0009628
 13.5035240     0.0041678     0.0113961     0.0048171
 13.5335592    -0.0048650     0.0091608     0.0052902
 13.5635944    -0.0170652     0.0016892     0.0027451
 13.5936296    -0.0301514    -0.0072086    -0.0010064
 13.6236648    -0.0409238    -0.0132058    -0.0035521
 13.6537000    -0.0468418    -0.0132626    -0.0030005
 13.6837353    -0.0473542    -0.0068900     0.0011322
 13.7137705    -0.0443152     0.0036666     0.0076704
 13.7438057    -0.0412404     0.0144032     0.0142837
 13.7738409    -0.0416981     0.0212775     0.0185229
 13.8038761    -0.0475635     0.0219342     0.0189240
 13.8339113    -0.0579592     0.0166901     0.0156769
 13.8639465    -0.0694276     0.0083547     0.0105480
 13.8939817    -0.0773320     0.0009658     0.0060793
 13.9240169    -0.0779117    -0.0020054     0.0044182
 13.9540521    -0.0700811     0.0008109     0.0063076
 13.9840873    -0.0561345     0.0080869     0.0107050
 14.0141225    -0.0409694     0.0164084     0.0152258
 14.0441577    -0.0300969     0.0218275     0.0172298
 14.0741929    -0.0272685     0.0216670     0.0150729
 14.1042281    -0.0327613     0.0157686     0.0089503
 14.1342633    -0.0431208     0.0066108     0.0009229
 14.1642985    -0.0525430    -0.0017747    -0.0059221
 14.1943337    -0.0553576    -0.0056212    -0.0088339
 14.2243689    -0.0485583    -0.0031664    -0.0066828
 14.2544041    -0.0332587     0.0044814    -0.0005773
 14.2844393    -0.0143839     0.0137739     0.0065071
 14.3144745     0.0013436     0.0202934     0.0109707
 14.3445097     0.0083048     0.0207818     0.0101894
 14.3745449     0.0045282     0.0147110     0.0037662
 14.4045801    -0.0072643     0.0046481    -0.0061522
 14.4346153    -0.0206341    -0.0048104    -0.0156916
 14.4646505    -0.0280851    -0.0091183    -0.0208990
 14.4946857    -0.0243068    -0.0059651    -0.0195322
 14.5247209    -0.0086021     0.0034406    -0.0121923
 14.5547561     0.0146017     0.0146480    -0.0022475
 14.5847913     0.0374625     0.0217893     0.0055008
 14.6148265     0.0519963     0.0202343     0.0068986
 14.6448617     0.0535373     0.0089214     0.0003900
 14.6748969     0.0428690    -0.0087289    -0.0120450
 14.7049321     0.0260231    -0.0258652    -0.0254624
 14.7349673     0.0117265    -0.0349319    -0.0339051
 14.7650025     0.0075164    -0.0310111    -0.0329864
 14.7950377     0.0161907    -0.0143489    -0.0220210
 14.8250729     0.0342128     0.0091348    -0.0047296
 14.8551081     0.0529304     0.0297882     0.0119248
 14.8851433     0.0622823     0.0380393     0.0204438
 14.9151785     0.0555472     0.0286347     0.0160337
 14.9452137     0.0331135     0.0035504    -0.0009435
 14.9752489     0.0034998    -0.0277974    -0.0244177
 15.0052841    -0.0191179    -0.0514183    -0.0443764
 15.0353193    -0.0202044    -0.0538491    -0.0504566
 15.0653545     0.0089238    -0.0276703    -0.0360953
 15.0953897     0.0664291     0.0246983    -0.0016467
 15.1254249     0.1388708     0.0905562     0.0448375
 15.1554601     0.2044911     0.1502910     0.0896531
 15.1854953     0.2400036     0.1835911     0.1177540
 15.2155305     0.2286088     0.1764101     0.1178806
 15.2455657     0.1663640     0.1262000     0.0866840
 15.2756009     0.0644983     0.0434595     0.0303189

PDF 1 in G'(r) format
  r, PDF (RMC), PDF (Expt)
 CURVES
         348 ,           2
      0.0654509        0.0000000        0.0000000
      0.1309019        0.0000000        0.0000000
      0.1963528        0.0000000        0.0000000
      0.2618037        0.0000000        0.0000000
      0.3272547        0.0000000        0.0000000
      0.3927056        0.0000000        0.0000000
      0.4581565        0.0000000        0.0000000
      0.5236075        0.0000000        0.0000000
      0.5890584        0.0000000        0.0000000
      0.6545093        0.0000000        0.0000000
      0.7199603        0.0000000        0.0000000
      0.7854112        0.0000000        0.0000000
      0.8508621        0.0000000        0.0000000
      0.9163131        0.0000000        0.0000000
      0.9817640        0.0000000        0.0000000
      1.0472149        0.0000000        0.0000000
      1.1126659        0.0000000        0.0000000
      1.1781168        0.3860805        0.0000000
      1.2435677        0.4969812        0.1336642
      1.3090187        0.7859661        0.4087493
      1.3744696        1.1608088        0.7543131
      1.4399206        1.5755274        1.1485415
      1.5053715        1.9774605        1.5505350
      1.5708224        2.3172050        1.9059448
      1.6362734        2.5776857        2.1587834
      1.7017243        2.7127236        2.2659462
      1.7671752        2.6776655        2.2093322
      1.8326262        2.4558320        2.0010507
      1.8980771        2.0648913        1.6798473
      1.9635280        1.5785417        1.3003390
      2.0289790        1.0993304        0.9192625
      2.0944299        0.7129723        0.5835708
      2.1598808        0.4456562        0.3237554
      2.2253318        0.2770293        0.1531507
      2.2907827        0.1701838        0.0715582
      2.3562336        0.1144955        0.0703735
      2.4216846        0.0830868        0.1367765
      2.4871355        0.1826246        0.2559231
      2.5525864        0.3651918        0.4115305
      2.6180374        0.5917382        0.5860281
      2.6834883        0.8011804        0.7613177
      2.7489392        0.9594317        0.9204588
      2.8143902        1.0664743        1.0498161
      2.8798411        1.1431339        1.1408396
      2.9452920        1.2102740        1.1907984
      3.0107430        1.2485635        1.2022868
      3.0761939        1.2374926        1.1818121
      3.1416448        1.1659999        1.1380301
      3.2070958        1.0514272        1.0801428
      3.2725467        0.9435617        1.0167345
      3.3379976        0.8683880        0.9550757
      3.4034486        0.8283171        0.9007813
      3.4688995        0.7997473        0.8576976
      3.5343504        0.7585329        0.8279539
      3.5998014        0.7003203        0.8121644
      3.6652523        0.6604198        0.8097733
      3.7307032        0.6670032        0.8194883
      3.7961542        0.7223528        0.8397032
      3.8616051        0.7908898        0.8687856
      3.9270560        0.8435371        0.9051459
      3.9925070        0.8675949        0.9470814
      4.0579579        0.8895975        0.9924918
      4.1234088        0.9417994        1.0386326
      4.1888598        1.0247923        1.0820893
      4.2543107        1.1205741        1.1190817
      4.3197617        1.1839130        1.1460852
      4.3852126        1.1923912        1.1606051
      4.4506635        1.1606583        1.1618539
      4.5161145        1.1269647        1.1510787
      4.5815654        1.1112697        1.1313973
      4.6470163        1.1063614        1.1071647
      4.7124673        1.0907363        1.0830542
      4.7779182        1.0539935        1.0631198
      4.8433691        1.0060436        1.0500902
      4.9088201        0.9723855        1.0450422
      4.9742710        0.9857076        1.0474679
      5.0397219        1.0377393        1.0556379
      5.1051729        1.0931760        1.0671130
      5.1706238        1.1159418        1.0792657
      5.2360747        1.1052341        1.0897134
      5.3015257        1.0834302        1.0966243
      5.3669766        1.0840559        1.0988858
      5.4324275        1.1082865        1.0961514
      5.4978785        1.1326098        1.0887822
      5.5633294        1.1247937        1.0777025
      5.6287803        1.0805359        1.0641974
      5.6942313        1.0182674        1.0496821
      5.7596822        0.9819192        1.0354810
      5.8251331        0.9786028        1.0226525
      5.8905841        0.9971862        1.0118836
      5.9560350        1.0067047        1.0034631
      6.0214859        0.9868995        0.9973273
      6.0869369        0.9452510        0.9931542
      6.1523878        0.9185100        0.9904812
      6.2178387        0.9282752        0.9888186
      6.2832897        0.9629367        0.9877401
      6.3487406        0.9874296        0.9869391
      6.4141915        0.9835496        0.9862467
      6.4796425        0.9460851        0.9856162
      6.5450934        0.9152033        0.9850831
      6.6105443        0.9126792        0.9847145
      6.6759953        0.9427743        0.9845639
      6.7414462        0.9740231        0.9846464
      6.8068971        0.9801759        0.9849370
      6.8723481        0.9563352        0.9853913
      6.9377990        0.9217432        0.9859733
      7.0032500        0.9081568        0.9866786
      7.0687009        0.9331706        0.9875407
      7.1341518        0.9693509        0.9886210
      7.1996028        0.9872228        0.9899864
      7.2650537        0.9708933        0.9916841
      7.3305046        0.9393478        0.9937189
      7.3959556        0.9280626        0.9960403
      7.4614065        0.9467897        0.9985393
      7.5268574        0.9904336        1.0010578
      7.5923084        1.0191754        1.0034105
      7.6577593        1.0154428        1.0054168
      7.7232102        0.9866314        1.0069347
      7.7886612        0.9607043        1.0078879
      7.8541121        0.9665074        1.0082768
      7.9195630        0.9977372        1.0081716
      7.9850140        1.0289766        1.0076919
      8.0504649        1.0261313        1.0069810
      8.1159158        0.9959523        1.0061833
      8.1813668        0.9589705        1.0054282
      8.2468177        0.9571315        1.0048201
      8.3122686        0.9838970        1.0044299
      8.3777196        1.0181297        1.0042903
      8.4431705        1.0302796        1.0043946
      8.5086214        1.0087824        1.0047020
      8.5740724        0.9763502        1.0051498
      8.6395233        0.9690462        1.0056686
      8.7049742        0.9914821        1.0061946
      8.7704252        1.0249398        1.0066765
      8.8358761        1.0461366        1.0070750
      8.9013270        1.0322422        1.0073594
      8.9667780        0.9971755        1.0075046
      9.0322289        0.9759594        1.0074908
      9.0976798        0.9902961        1.0073061
      9.1631308        1.0198355        1.0069488
      9.2285817        1.0491783        1.0064289
      9.2940326        1.0414240        1.0057682
      9.3594836        1.0096572        1.0049992
      9.4249345        0.9792422        1.0041619
      9.4903854        0.9796437        1.0033015
      9.5558364        1.0063627        1.0024632
      9.6212873        1.0366797        1.0016885
      9.6867382        1.0414285        1.0010121
      9.7521892        1.0136813        1.0004599
      9.8176401        0.9819206        1.0000490
      9.8830911        0.9707424        0.9997854
      9.9485420        0.9963501        0.9996616
     10.0139929        1.0295526        0.9996523
     10.0794439        1.0448940        0.9997136
     10.1448948        1.0243940        0.9997863
     10.2103457        0.9928813        0.9998056
     10.2757967        0.9759225        0.9997154
     10.3412476        0.9920888        0.9994805
     10.4066985        1.0242707        0.9990951
     10.4721495        1.0430847        0.9985839
     10.5376004        1.0263239        0.9979966
     10.6030513        0.9897714        0.9973973
     10.6685023        0.9605002        0.9968523
     10.7339532        0.9656420        0.9964170
     10.7994041        0.9953039        0.9961255
     10.8648551        1.0218804        0.9959858
     10.9303060        1.0235625        0.9959797
     10.9957569        0.9932871        0.9960714
     11.0612079        0.9654374        0.9962183
     11.1266588        0.9622774        0.9963827
     11.1921097        0.9890750        0.9965386
     11.2575607        1.0181475        0.9966740
     11.3230116        1.0313756        0.9967877
     11.3884625        1.0095978        0.9968859
     11.4539135        0.9748069        0.9969775
     11.5193644        0.9660021        0.9970714
     11.5848153        0.9818491        0.9971733
     11.6502663        1.0156838        0.9972828
     11.7157172        1.0350874        0.9973918
     11.7811681        1.0199742        0.9974858
     11.8466191        0.9925189        0.9975487
     11.9120700        0.9722629        0.9975699
     11.9775209        0.9830536        0.9975487
     12.0429719        1.0115661        0.9974962
     12.1084228        1.0348933        0.9974306
     12.1738737        1.0290425        0.9973706
     12.2393247        0.9952977        0.9973294
     12.3047756        0.9696442        0.9973116
     12.3702265        0.9738292        0.9973140
     12.4356775        1.0032019        0.9973288
     12.5011284        1.0302654        0.9973466
     12.5665794        1.0342668        0.9973586
     12.6320303        1.0087116        0.9973585
     12.6974812        0.9780464        0.9973439
     12.7629322        0.9694570        0.9973167
     12.8283831        0.9985320        0.9972826
     12.8938340        1.0265526        0.9972497
     12.9592850        1.0381182        0.9972247
     13.0247359        1.0177421        0.9972114
     13.0901868        0.9877762        0.9972099
     13.1556378        0.9737304        0.9972187
     13.2210887        0.9915826        0.9972367
     13.2865396        1.0265463        0.9972651
     13.3519906        1.0405884        0.9973063
     13.4174415        1.0293481        0.9973628
     13.4828924        0.9956523        0.9974340
     13.5483434        0.9754920        0.9975154
     13.6137943        0.9798396        0.9975994
     13.6792452        1.0105450        0.9976772
     13.7446962        1.0308247        0.9977406
     13.8101471        1.0252461        0.9977842
     13.8755980        0.9960491        0.9978068
     13.9410490        0.9725594        0.9978108
     14.0064999        0.9738646        0.9978019
     14.0719508        0.9998356        0.9977874
     14.1374018        1.0303963        0.9977742
     14.2028527        1.0351304        0.9977680
     14.2683036        1.0137959        0.9977727
     14.3337546        0.9839857        0.9977911
     14.3992055        0.9737558        0.9978259
     14.4646564        0.9964854        0.9978789
     14.5301074        1.0258130        0.9979501
     14.5955583        1.0324634        0.9980367
     14.6610092        1.0185519        0.9981329
     14.7264602        0.9892164        0.9982319
     14.7919111        0.9716897        0.9983290
     14.8573620        0.9874614        0.9984234
     14.9228130        1.0139193        0.9985184
     14.9882639        1.0340187        0.9986181
     15.0537148        1.0243836        0.9987249
     15.1191658        0.9935717        0.9988371
     15.1846167        0.9716592        0.9989493
     15.2500676        0.9747359        0.9990550
     15.3155186        1.0021252        0.9991490
     15.3809695        1.0263202        0.9992285
     15.4464205        1.0239053        0.9992931
     15.5118714        1.0004661        0.9993435
     15.5773223        0.9732842        0.9993811
     15.6427733        0.9717496        0.9994083
     15.7082242        0.9958752        0.9994293
     15.7736751        1.0222425        0.9994500
     15.8391261        1.0302695        0.9994768
     15.9045770        1.0108094        0.9995151
     15.9700279        0.9826192        0.9995674
     16.0354789        0.9699138        0.9996329
     16.1009298        0.9877107        0.9997081
     16.1663807        1.0151401        0.9997877
     16.2318317        1.0303905        0.9998655
     16.2972826        1.0142881        0.9999355
     16.3627335        0.9852986        0.9999930
     16.4281845        0.9646780        1.0000353
     16.4936354        0.9756592        1.0000631
     16.5590863        1.0058181        1.0000796
     16.6245373        1.0278028        1.0000905
     16.6899882        1.0225787        1.0001019
     16.7554391        0.9952152        1.0001189
     16.8208901        0.9754918        1.0001452
     16.8863410        0.9738867        1.0001820
     16.9517919        1.0037921        1.0002287
     17.0172429        1.0251277        1.0002820
     17.0826938        1.0260231        1.0003367
     17.1481447        1.0027017        1.0003859
     17.2135957        0.9752724        1.0004233
     17.2790466        0.9682678        1.0004447
     17.3444975        0.9892782        1.0004502
     17.4099485        1.0147164        1.0004434
     17.4753994        1.0255302        1.0004308
     17.5408503        1.0103069        1.0004192
     17.6063013        0.9816951        1.0004144
     17.6717522        0.9708367        1.0004212
     17.7372031        0.9892903        1.0004431
     17.8026541        1.0147920        1.0004828
     17.8681050        1.0354654        1.0005415
     17.9335559        1.0179569        1.0006177
     17.9990069        0.9909925        1.0007069
     18.0644578        0.9708485        1.0008023
     18.1299088        0.9774795        1.0008963
     18.1953597        1.0007590        1.0009823
     18.2608106        1.0231050        1.0010555
     18.3262616        1.0205875        1.0011133
     18.3917125        0.9945025        1.0011547
     18.4571634        0.9709099        1.0011794
     18.5226144        0.9703775        1.0011887
     18.5880653        0.9932475        1.0011851
     18.6535162        1.0204530        1.0011723
     18.7189672        1.0237378        1.0011550
     18.7844181        1.0007182        1.0011369
     18.8498690        0.9764621        1.0011213
     18.9153200        0.9710740        1.0011100
     18.9807709        0.9879716        1.0011048
     19.0462218        1.0166537        1.0011074
     19.1116728        1.0288608        1.0011186
     19.1771237        1.0137196        1.0011381
     19.2425746        0.9831072        1.0011632
     19.3080256        0.9658647        1.0011898
     19.3734765        0.9788568        1.0012133
     19.4389274        1.0069897        1.0012306
     19.5043784        1.0246387        1.0012404
     19.5698293        1.0202469        1.0012437
     19.6352802        0.9914521        1.0012419
     19.7007312        0.9717739        1.0012363
     19.7661821        0.9763365        1.0012277
     19.8316330        1.0004148        1.0012165
     19.8970840        1.0176692        1.0012036
     19.9625349        1.0176936        1.0011905
     20.0279858        0.9954439        1.0011788
     20.0934368        0.9719783        1.0011696
     20.1588877        0.9713577        1.0011631
     20.2243386        0.9910708        1.0011586
     20.2897896        1.0171146        1.0011542
     20.3552405        1.0219932        1.0011478
     20.4206914        1.0046852        1.0011372
     20.4861424        0.9776140        1.0011206
     20.5515933        0.9736138        1.0010978
     20.6170442        0.9874606        1.0010696
     20.6824952        1.0134442        1.0010387
     20.7479461        1.0250013        1.0010081
     20.8133970        1.0134568        1.0009806
     20.8788480        0.9874128        1.0009571
     20.9442989        0.9680448        1.0009368
     21.0097499        0.9772500        1.0009174
     21.0752008        1.0032418        1.0008970
     21.1406517        1.0221424        1.0008743
     21.2061027        1.0107233        1.0008495
     21.2715536        0.9877643        1.0008238
     21.3370045        0.9669208        1.0007988
     21.4024555        0.9739591        1.0007757
     21.4679064        0.9998698        1.0007557
     21.5333573        1.0249250        1.0007395
     21.5988083        1.0204537        1.0007271
     21.6642592        0.9980137        1.0007182
     21.7297101        0.9787281        1.0007114
     21.7951611        0.9762072        1.0007048
     21.8606120        0.9952530        1.0006960
     21.9260629        1.0178479        1.0006828
     21.9915139        1.0213550        1.0006633
     22.0569648        1.0045814        1.0006368
     22.1224157        0.9774704        1.0006032
     22.1878667        0.9716400        1.0005635
     22.2533176        0.9878598        1.0005196
     22.3187685        1.0152737        1.0004742
     22.3842195        1.0253178        1.0004298
     22.4496704        1.0089149        1.0003886
     22.5151213        0.9832153        1.0003512
     22.5805723        0.9693411        1.0003174
     22.6460232        0.9778283        1.0002861
     22.7114741        0.9929509        1.0002565
     22.7769251        0.9869379        1.0002279

 Total S(Q)'s: Comparison with input data

   494  2 are NQ and NPAR

       Q      S(Q)_RMC  S(Q)_Expt
      0.4682470      0.7058178      0.2077988
      0.4982822      1.0972713      0.2135246
      0.5283174      1.2923914      0.2298475
      0.5583526      1.2987773      0.2305090
      0.5883878      1.1786530      0.2565357
      0.6184230      1.0168589      0.2474724
      0.6484582      0.8870366      0.2646474
      0.6784934      0.8282975      0.2636069
      0.7085286      0.8390381      0.3029983
      0.7385638      0.8872474      0.2803935
      0.7685990      0.9305808      0.3165134
      0.7986342      0.9367746      0.3242744
      0.8286694      0.8962632      0.3528387
      0.8587046      0.8231364      0.3401115
      0.8887398      0.7458153      0.3830234
      0.9187750      0.6928236      0.3893421
      0.9488102      0.6803533      0.4382564
      0.9788454      0.7067369      0.4118919
      1.0088806      0.7554165      0.4648711
      1.0389158      0.8042102      0.4868638
      1.0689510      0.8362141      0.5442779
      1.0989862      0.8474301      0.5432138
      1.1290214      0.8480763      0.6115161
      1.1590566      0.8575107      0.6502125
      1.1890918      0.8954383      0.7342055
      1.2191270      0.9734262      0.7438206
      1.2491622      1.0902735      0.8198889
      1.2791974      1.2328355      0.8923436
      1.3092326      1.3814475      0.9986290
      1.3392678      1.5172253      1.0154129
      1.3693030      1.6279948      1.1345052
      1.3993382      1.7105304      1.1952611
      1.4293734      1.7686396      1.2765756
      1.4594086      1.8085201      1.2583090
      1.4894438      1.8339080      1.3187903
      1.5194790      1.8433965      1.3185571
      1.5495142      1.8310886      1.3357947
      1.5795494      1.7900780      1.2915394
      1.6095846      1.7169114      1.2788005
      1.6396198      1.6147696      1.2367185
      1.6696550      1.4937603      1.2087317
      1.6996902      1.3680981      1.1295654
      1.7297254      1.2513955      1.1126714
      1.7597606      1.1521444      1.0785231
      1.7897958      1.0713628      1.0634851
      1.8198311      1.0033818      0.9789252
      1.8498663      0.9393445      0.9419524
      1.8799015      0.8718012      0.9070040
      1.9099367      0.7983568      0.9084775
      1.9399719      0.7228081      0.8360757
      1.9700071      0.6533709      0.8344206
      2.0000423      0.5988976      0.8139095
      2.0300775      0.5648440      0.8122972
      2.0601127      0.5507968      0.7600058
      2.0901479      0.5506219      0.7759056
      2.1201831      0.5550969      0.7596567
      2.1502183      0.5557961      0.7815941
      2.1802535      0.5484833      0.7273933
      2.2102887      0.5345466      0.7465106
      2.2403239      0.5199259      0.7472951
      2.2703591      0.5121150      0.7775821
      2.3003943      0.5166478      0.7319369
      2.3304295      0.5346502      0.7609251
      2.3604647      0.5624958      0.7546690
      2.3904999      0.5936155      0.7935739
      2.4205351      0.6215337      0.7408128
      2.4505703      0.6426804      0.7779927
      2.4806055      0.6576802      0.7941686
      2.5106407      0.6705629      0.8294398
      2.5406759      0.6863181      0.7882798
      2.5707111      0.7079861      0.8429276
      2.6007463      0.7346829      0.8262057
      2.6307815      0.7615138      0.8698095
      2.6608167      0.7814589      0.8159758
      2.6908519      0.7883931      0.8431003
      2.7208871      0.7798777      0.8216031
      2.7509223      0.7584458      0.8492129
      2.7809575      0.7307747      0.7853049
      2.8109927      0.7050765      0.8107665
      2.8410279      0.6878365      0.7956234
      2.8710631      0.6813184      0.8172699
      2.9010983      0.6829132      0.7497847
      2.9311335      0.6865975      0.7684031
      2.9611687      0.6858334      0.7532565
      2.9912039      0.6766211      0.7831777
      3.0212391      0.6593594      0.7247468
      3.0512743      0.6387108      0.7424671
      3.0813095      0.6215580      0.7324139
      3.1113447      0.6139759      0.7548449
      3.1413799      0.6185659      0.6944434
      3.1714151      0.6333242      0.7490457
      3.2014503      0.6525252      0.7273784
      3.2314855      0.6692077      0.7584574
      3.2615207      0.6781579      0.7123848
      3.2915559      0.6780776      0.7455926
      3.3215911      0.6720085      0.7366845
      3.3516263      0.6658621      0.7711888
      3.3816615      0.6657407      0.7304165
      3.4116967      0.6752498      0.7601068
      3.4417319      0.6939820      0.7670137
      3.4717671      0.7178126      0.7887449
      3.5018023      0.7408324      0.7636740
      3.5318375      0.7580262      0.7908278
      3.5618727      0.7674917      0.8012965
      3.5919079      0.7712265      0.8354474
      3.6219431      0.7741645      0.8125319
      3.6519783      0.7819307      0.8381429
      3.6820135      0.7983430      0.8531816
      3.7120487      0.8237832      0.8943623
      3.7420839      0.8551433      0.8597129
      3.7721191      0.8873362      0.9156033
      3.8021543      0.9156478      0.9651177
      3.8321895      0.9378458      0.9275593
      3.8622247      0.9550819      0.9847655
      3.8922599      0.9711927      0.9955053
      3.9222951      0.9907415      1.0552443
      3.9523303      1.0167264      1.0206638
      3.9823655      1.0490326      1.0818904
      4.0124007      1.0843728      1.1020108
      4.0424359      1.1177743      1.1614346
      4.0724711      1.1449550      1.1168939
      4.1025063      1.1645003      1.1832290
      4.1325415      1.1788152      1.2055746
      4.1625767      1.1933467      1.2414010
      4.1926119      1.2143427      1.2215499
      4.2226471      1.2460775      1.2839307
      4.2526823      1.2887431      1.3309875
      4.2827175      1.3379570      1.3949996
      4.3127527      1.3861603      1.3686860
      4.3427879      1.4253770      1.4282211
      4.3728231      1.4502148      1.4364003
      4.4028583      1.4598698      1.4812994
      4.4328935      1.4583052      1.4594988
      4.4629287      1.4525364      1.5009093
      4.4929639      1.4497424      1.5025782
      4.5229991      1.4544092      1.5516118
      4.5530343      1.4666798      1.4833252
      4.5830695      1.4825644      1.5373560
      4.6131047      1.4958716      1.5315077
      4.6431399      1.5010011      1.5751113
      4.6731751      1.4953929      1.5102587
      4.7032103      1.4805974      1.5496000
      4.7332455      1.4615374      1.5551707
      4.7632807      1.4443080      1.5004836
      4.7933159      1.4334784      1.5160782
      4.8233511      1.4300522      1.5191082
      4.8533863      1.4309471      1.5461030
      4.8834215      1.4301992      1.4475589
      4.9134567      1.4213694      1.4664399
      4.9434919      1.4001356      1.4377283
      4.9735271      1.3660039      1.4581343
      5.0035623      1.3224638      1.3604107
      5.0335975      1.2755731      1.3697796
      5.0636327      1.2316100      1.3141227
      5.0936679      1.1947775      1.2908323
      5.1237031      1.1658858      1.2011923
      5.1537383      1.1424818      1.2021215
      5.1837735      1.1202750      1.1570817
      5.2138087      1.0951830      1.1496027
      5.2438439      1.0651043      1.0809341
      5.2738791      1.0307031      1.0625072
      5.3039143      0.9949585      1.0164037
      5.3339495      0.9617709      1.0118871
      5.3639847      0.9343049      0.9372312
      5.3940199      0.9138075      0.9112271
      5.4240551      0.8993793      0.9127001
      5.4540903      0.8887188      0.8375091
      5.4841255      0.8794204      0.8561141
      5.5141607      0.8701850      0.8300860
      5.5441959      0.8613752      0.8474997
      5.5742311      0.8546852      0.7790392
      5.6042663      0.8521168      0.8118337
      5.6343015      0.8547777      0.7806676
      5.6643367      0.8620889      0.8133906
      5.6943719      0.8717925      0.7555811
      5.7244071      0.8807715      0.7917284
      5.7544423      0.8863154      0.7855322
      5.7844775      0.8872620      0.8093093
      5.8145127      0.8844959      0.7558034
      5.8445479      0.8805746      0.7903458
      5.8745831      0.8786411      0.7717963
      5.9046183      0.8810915      0.7838196
      5.9346535      0.8885727      0.7796401
      5.9646887      0.8997280      0.7800547
      5.9947239      0.9117809      0.8167204
      6.0247591      0.9216831      0.7715835
      6.0547943      0.9273246      0.8043355
      6.0848295      0.9282959      0.7999956
      6.1148647      0.9259080      0.8243273
      6.1448999      0.9225108      0.7883084
      6.1749351      0.9204437      0.8103892
      6.2049703      0.9210928      0.7991596
      6.2350055      0.9244438      0.8318845
      6.2650407      0.9292771      0.7818216
      6.2950759      0.9338565      0.8166737
      6.3251111      0.9367546      0.8278793
      6.3551463      0.9374325      0.7922560
      6.3851815      0.9363371      0.8253628
      6.4152167      0.9345297      0.8139798
      6.4452519      0.9330847      0.8466621
      6.4752871      0.9325879      0.7946021
      6.5053223      0.9329901      0.8208288
      6.5353575      0.9338665      0.8225073
      6.5653927      0.9349100      0.8457956
      6.5954279      0.9363555      0.8081858
      6.6254631      0.9390614      0.8446045
      6.6554983      0.9441552      0.8486867
      6.6855335      0.9523851      0.8674812
      6.7155687      0.9635045      0.8936918
      6.7456039      0.9760362      0.8835210
      6.7756391      0.9876135      0.9299052
      6.8056743      0.9958272      0.8970225
      6.8357095      0.9992489      0.9418182
      6.8657447      0.9981768      0.9284377
      6.8957799      0.9947311      0.9699719
      6.9258151      0.9921831      0.9362651
      6.9558503      0.9937396      0.9867725
      6.9858855      1.0012572      0.9927209
      7.0159207      1.0144270      1.0127076
      7.0459559      1.0307964      1.0320274
      7.0759911      1.0466552      1.0469580
      7.1060263      1.0584481      1.0806872
      7.1360615      1.0641426      1.0612949
      7.1660967      1.0639904      1.1021325
      7.1961319      1.0603623      1.0931564
      7.2261671      1.0567293      1.1317198
      7.2562023      1.0562155      1.0969701
      7.2862375      1.0603332      1.1391946
      7.3162727      1.0684243      1.1522592
      7.3463079      1.0780279      1.1386115
      7.3763431      1.0859965      1.1686064
      7.4063783      1.0898619      1.1607236
      7.4364135      1.0888558      1.1938900
      7.4664487      1.0841490      1.1469316
      7.4964839      1.0782258      1.1715742
      7.5265191      1.0736914      1.1716972
      7.5565543      1.0720606      1.1932501
      7.5865895      1.0730764      1.1676874
      7.6166247      1.0748666      1.1765743
      7.6466599      1.0748662      1.1856788
      7.6766951      1.0710859      1.1257355
      7.7067303      1.0631487      1.1586360
      7.7367655      1.0526136      1.1394201
      7.7668008      1.0424222      1.1658132
      7.7968360      1.0356960      1.1087555
      7.8268712      1.0344045      1.1391307
      7.8569064      1.0384922      1.1400308
      7.8869416      1.0458565      1.0988124
      7.9169768      1.0531977      1.1341934
      7.9470120      1.0573840      1.1333890
      7.9770472      1.0567422      1.1510217
      8.0070824      1.0517193      1.1033276
      8.0371176      1.0446294      1.1280535
      8.0671528      1.0386032      1.1212458
      8.0971880      1.0362004      1.1197964
      8.1272232      1.0382938      1.1240392
      8.1572584      1.0437108      1.1192622
      8.1872936      1.0497832      1.1429659
      8.2173288      1.0535583      1.0997263
      8.2473640      1.0531324      1.1217729
      8.2773992      1.0485190      1.1133024
      8.3074344      1.0416658      1.1117862
      8.3374696      1.0356156      1.1217421
      8.3675048      1.0331771      1.1146505
      8.3975400      1.0356909      1.1414051
      8.4275752      1.0424284      1.0990696
      8.4576104      1.0508858      1.1197346
      8.4876456      1.0578403      1.1164224
      8.5176808      1.0607064      1.1199960
      8.5477160      1.0586006      1.1239901
      8.5777512      1.0526585      1.1130950
      8.6077864      1.0454795      1.1433015
      8.6378216      1.0399563      1.0928001
      8.6678568      1.0380156      1.1083708
      8.6978920      1.0398229      1.1046722
      8.7279272      1.0437937      1.0740829
      8.7579624      1.0473895      1.0972589
      8.7879976      1.0483260      1.0897339
      8.8180328      1.0456439      1.1069827
      8.8480680      1.0401552      1.0533714
      8.8781032      1.0340676      1.0697833
      8.9081384      1.0299576      1.0827045
      8.9381736      1.0295605      1.0252971
      8.9682088      1.0329283      1.0586024
      8.9982440      1.0383456      1.0437791
      9.0282792      1.0430523      1.0629044
      9.0583144      1.0444591      1.0230636
      9.0883496      1.0413188      1.0195197
      9.1183848      1.0343260      1.0314713
      9.1484200      1.0258684      0.9870687
      9.1784552      1.0190246      1.0029759
      9.2084904      1.0162400      0.9916910
      9.2385256      1.0182568      0.9773259
      9.2685608      1.0237714      0.9755755
      9.2985960      1.0299751      0.9624711
      9.3286312      1.0337514      0.9832615
      9.3586664      1.0330153      0.9309610
      9.3887016      1.0276161      0.9422372
      9.4187368      1.0194121      0.9522356
      9.4487720      1.0114854      0.8994818
      9.4788072      1.0068344      0.9233140
      9.5088424      1.0071079      0.9087307
      9.5388776      1.0119206      0.9122045
      9.5689128      1.0190409      0.9125586
      9.5989480      1.0253584      0.8965974
      9.6289832      1.0282108      0.9230632
      9.6590184      1.0264955      0.8714014
      9.6890536      1.0210954      0.8930865
      9.7190888      1.0144497      0.9214249
      9.7491240      1.0094711      0.8755735
      9.7791592      1.0082885      0.8937061
      9.8091944      1.0113595      0.8824248
      9.8392296      1.0173250      0.8902916
      9.8692648      1.0236498      0.8918010
      9.8993000      1.0277505      0.8883861
      9.9293352      1.0281099      0.9065040
      9.9593704      1.0248931      0.8836858
      9.9894056      1.0198151      0.8877010
     10.0194408      1.0153384      0.9196555
     10.0494760      1.0135728      0.8748684
     10.0795112      1.0153694      0.8988223
     10.1095464      1.0199992      0.9251539
     10.1395816      1.0255381      0.8863267
     10.1696168      1.0297641      0.9093806
     10.1996520      1.0311506      0.9057577
     10.2296872      1.0295081      0.9129162
     10.2597224      1.0259996      0.9251289
     10.2897576      1.0225429      0.9168794
     10.3197928      1.0208919      0.9318623
     10.3498280      1.0218273      0.9148955
     10.3798632      1.0248256      0.9148892
     10.4098984      1.0283515      0.9531408
     10.4399336      1.0306242      0.9069573
     10.4699688      1.0304917      0.9351351
     10.5000040      1.0279995      0.9610470
     10.5300392      1.0243836      0.9144871
     10.5600744      1.0214883      0.9490553
     10.5901096      1.0208780      0.9672946
     10.6201448      1.0230618      0.9320568
     10.6501800      1.0272002      0.9575107
     10.6802152      1.0314462      0.9703920
     10.7102504      1.0337798      0.9460034
     10.7402856      1.0329620      0.9759839
     10.7703208      1.0291666      0.9700277
     10.8003560      1.0239873      0.9751580
     10.8303912      1.0197913      0.9874100
     10.8604264      1.0186905      0.9773301
     10.8904616      1.0215827      1.0005363
     10.9204968      1.0276943      1.0096838
     10.9505320      1.0348475      1.0044908
     10.9805672      1.0403524      1.0178447
     11.0106024      1.0421484      1.0319726
     11.0406376      1.0396993      1.0268660
     11.0706728      1.0342445      1.0550939
     11.1007080      1.0282876      1.0306329
     11.1307432      1.0245325      1.0487854
     11.1607784      1.0247245      1.0844161
     11.1908136      1.0288981      1.0564365
     11.2208488      1.0353604      1.0688037
     11.2508840      1.0414209      1.1009084
     11.2809192      1.0445543      1.0770187
     11.3109544      1.0434920      1.0863926
     11.3409896      1.0387690      1.1132413
     11.3710248      1.0324912      1.0904659
     11.4010600      1.0274236      1.1028704
     11.4310952      1.0257989      1.1344684
     11.4611304      1.0283633      1.1099141
     11.4911656      1.0340716      1.1141608
     11.5212008      1.0405587      1.1437423
     11.5512360      1.0451743      1.1136943
     11.5812712      1.0461258      1.1312844
     11.6113064      1.0432290      1.1561584
     11.6413416      1.0379456      1.1346666
     11.6713768      1.0327005      1.1271588
     11.7014120      1.0297897      1.1604357
     11.7314472      1.0303651      1.1239202
     11.7614824      1.0339444      1.1245742
     11.7915176      1.0386564      1.1302263
     11.8215528      1.0421041      1.1350904
     11.8515880      1.0424555      1.1265504
     11.8816232      1.0392730      1.1207205
     11.9116584      1.0337137      1.1251038
     11.9416936      1.0280131      1.1282503
     11.9717288      1.0244892      1.0773373
     12.0017640      1.0245116      1.1098128
     12.0317992      1.0278982      1.1096711
     12.0618344      1.0330050      1.0751669
     12.0918696      1.0374666      1.0935382
     12.1219048      1.0392509      1.0957520
     12.1519400      1.0375574      1.0545239
     12.1819752      1.0331539      1.0694419
     12.2120104      1.0280077      1.0967333
     12.2420456      1.0243781      1.0440517
     12.2720808      1.0237855      1.0344375
     12.3021160      1.0263213      1.0668558
     12.3321512      1.0306127      1.0304308
     12.3621864      1.0344575      1.0220082
     12.3922216      1.0358413      1.0251004
     12.4222568      1.0338734      1.0188141
     12.4522920      1.0292150      1.0214722
     12.4823272      1.0237983      0.9869754
     12.5123624      1.0199594      1.0036005
     12.5423976      1.0193735      1.0153613
     12.5724328      1.0222778      0.9610317
     12.6024680      1.0273385      0.9806604
     12.6325032      1.0322337      0.9953950
     12.6625384      1.0346973      0.9660080
     12.6925736      1.0335540      0.9575059
     12.7226088      1.0292758      0.9601375
     12.7526440      1.0237950      0.9595387
     12.7826792      1.0196460      0.9573518
     12.8127144      1.0188123      0.9395642
     12.8427496      1.0217963      0.9420394
     12.8727848      1.0273413      0.9704281
     12.9028200      1.0329478      0.9409926
     12.9328552      1.0359711      0.9272463
     12.9628904      1.0348203      0.9282213
     12.9929256      1.0297190      0.9335518
     13.0229608      1.0226746      0.9322815
     13.0529960      1.0166480      0.9167675
     13.0830312      1.0142718      0.9220535
     13.1130664      1.0166782      0.9133185
     13.1431016      1.0229585      0.9194077
     13.1731368      1.0305103      0.9215310
     13.2031720      1.0361376      0.9018833
     13.2332072      1.0374340      0.9140400
     13.2632424      1.0338447      0.9397104
     13.2932776      1.0269328      0.9062768
     13.3233128      1.0197198      0.9201673
     13.3533480      1.0153754      0.8942827
     13.3833832      1.0158255      0.9073880
     13.4134184      1.0208907      0.9319192
     13.4434536      1.0283434      0.8955314
     13.4734888      1.0348708      0.9197044
     13.5035240      1.0375309      0.8920059
     13.5335592      1.0350643      0.9125878
     13.5635944      1.0284780      0.9301520
     13.5936296      1.0206336      0.8977399
     13.6236648      1.0150065      0.9277057
     13.6537000      1.0141564      0.8963849
     13.6837353      1.0185810      0.9246599
     13.7137705      1.0264699      0.9227232
     13.7438057      1.0344779      0.9195975
     13.7738409      1.0391919      0.9396172
     13.8038761      1.0386451      0.9243164
     13.8339113      1.0332066      0.9315903
     13.8639465      1.0254380      0.9362300
     13.8939817      1.0189651      0.9401841
     13.9240169      1.0168535      0.9727534
     13.9540521      1.0202087      0.9330053
     13.9840873      1.0276359      0.9592860
     14.0141225      1.0358210      0.9518998
     14.0441577      1.0409984      0.9554686
     14.0741929      1.0406626      0.9533572
     14.1042281      1.0347565      0.9657133
     14.1342633      1.0257819      0.9670167
     14.1642985      1.0177488      0.9698750
     14.1943337      1.0144003      0.9826859
     14.2243689      1.0174938      0.9603887
     14.2544041      1.0259200      0.9821413
     14.2844393      1.0360922      0.9632118
     14.3144745      1.0434797      0.9794656
     14.3445097      1.0446387      0.9917319
     14.3745449      1.0388391      0.9859805
     14.4045801      1.0285301      0.9858452
     14.4346153      1.0183747      0.9839574
     14.4646505      1.0132199      1.0142407
     14.4946857      1.0158657      0.9802173
     14.5247209      1.0256384      1.0010403
     14.5547561      1.0384636      0.9794638
     14.5847913      1.0485025      1.0113017
     14.6148265      1.0507149      0.9838243
     14.6448617      1.0432527      1.0107794
     14.6748969      1.0285902      0.9873714
     14.7049321      1.0127825      1.0124778
     14.7349673      1.0030358      0.9645569
     14.7650025      1.0045334      1.0032217
     14.7950377      1.0178702      1.0002842
     14.8250729      1.0382902      0.9997643
     14.8551081      1.0572373      1.0004837
     14.8851433      1.0657688      0.9997967
     14.9151785      1.0585384      1.0052393
     14.9452137      1.0366954      1.0019499
     14.9752489      1.0083519      1.0031515
     15.0052841      0.9861619      1.0122533
     15.0353193      0.9827061      1.0025170
     15.0653545      1.0053255      1.0108948
     15.0953897      1.0524103      0.9876360
     15.1254249      1.1127320      1.0002639
     15.1554601      1.1683430      0.9804084
     15.1854953      1.2002336      0.9949693
     15.2155305      1.1948448      0.9816624
     15.2455657      1.1491147      0.9983162
     15.2756009      1.0721730      0.9905568
