 Results from RMCProfile version 6.7.9.5

 (Version 6f format configuration file)                                          

 2 experiments   3 partials

 Partial g(r)'s are printed out below

   348  3 are NR and NPAR

   r (Ang)
   0.06545     0.00000     0.00000     0.00000
   0.13090     0.00000     0.00000     0.00000
   0.19635     0.00000     0.00000     0.00000
   0.26180     0.00000     0.00000     0.00000
   0.32725     0.00000     0.00000     0.00000
   0.39271     0.00000     0.00000     0.00000
   0.45816     0.00000     0.00000     0.00000
   0.52361     0.00000     0.00000     0.00000
   0.58906     0.00000     0.00000     0.00000
   0.65451     0.00000     0.00000     0.00000
   0.71996     0.00000     0.00000     0.00000
   0.78541     0.00000     0.00000     0.00000
   0.85086     0.00000     0.00000     0.00000
   0.91631     0.00000     0.00000     0.00000
   0.98176     0.00000     0.00000     0.00000
   1.04721     0.00000     0.00000     0.00000
   1.11267     0.00000     0.00000     0.00000
   1.17812     0.00000     0.00000     0.00000
   1.24357     0.00000     0.00000     0.00000
   1.30902     0.00000     0.00000     0.00000
   1.37447     0.00000     0.00000     0.00000
   1.43992     0.00000     3.37947     0.97194
   1.50537     0.00000     8.34594     2.29407
   1.57082     0.00000     8.64305     2.27854
   1.63627     0.00000     8.45964     2.04538
   1.70172     0.00000     7.31947     1.66920
   1.76718     0.00000     7.89534     1.90326
   1.83263     0.00000     0.00866     1.51321
   1.89808     0.00000     0.00000     1.39850
   1.96353     0.00000     0.00000     1.21213
   2.02898     0.00000     0.00000     1.15293
   2.09443     0.00000     0.00000     1.22849
   2.15988     0.00000     0.00000     1.37744
   2.22533     0.00000     0.00000     1.15310
   2.29078     0.00000     0.00000     1.19113
   2.35623     0.00000     0.02357     1.20480
   2.42168     0.00000     0.08181     1.06336
   2.48714     0.00000     0.13397     1.09549
   2.55259     0.00000     0.29677     0.92348
   2.61804     0.00000     0.34575     1.05260
   2.68349     0.00000     0.38966     1.04853
   2.74894     0.00000     0.43097     1.06105
   2.81439     0.00000     0.58554     1.08787
   2.87984     0.41186     0.57851     1.05131
   2.94529     2.20239     0.67879     1.07919
   3.01074     2.08213     0.70253     1.11656
   3.07619     2.08625     0.72212     1.04795
   3.14164     2.35804     0.76452     1.07428
   3.20710     1.91942     0.81421     0.88179
   3.27255     2.17858     0.79419     0.78550
   3.33800     2.00046     0.83120     0.64883
   3.40345     1.85429     0.78699     0.60016
   3.46890     1.78017     0.98110     0.59472
   3.53435     1.95122     0.91600     0.55419
   3.59980     1.42520     0.94471     0.55338
   3.66525     0.86192     0.96430     0.56532
   3.73070     0.96505     0.91614     0.60128
   3.79615     0.83162     0.90702     0.68410
   3.86161     0.78038     0.98281     0.72673
   3.92706     0.85219     0.94655     0.70744
   3.99251     0.73731     0.95134     0.77789
   4.05796     0.81568     0.97741     0.84968
   4.12341     0.83085     1.01504     0.91741
   4.18886     0.69291     1.06726     0.86399
   4.25431     0.92446     1.11982     0.92476
   4.31976     0.88424     1.09394     0.93061
   4.38521     0.87310     1.11597     0.94861
   4.45066     0.83300     1.11201     0.98874
   4.51611     0.86296     1.16627     0.97318
   4.58157     0.84951     1.18029     0.97967
   4.64702     0.89546     1.10419     1.03478
   4.71247     0.93072     1.08027     1.03057
   4.77792     0.86228     1.08910     0.99869
   4.84337     0.84901     1.06730     1.06154
   4.90882     0.87217     1.06678     1.02675
   4.97427     0.88447     0.97073     1.01644
   5.03972     0.93231     0.99491     1.02989
   5.10517     0.83969     0.96175     1.03055
   5.17062     0.89869     0.95931     1.02483
   5.23607     0.91227     0.93654     1.01056
   5.30153     0.93932     0.93167     1.03617
   5.36698     0.97685     0.95905     1.03894
   5.43243     0.94364     0.88189     1.06008
   5.49788     1.07262     0.93365     0.99634
   5.56333     0.98581     0.93483     1.05467
   5.62878     1.04707     0.97104     1.03674
   5.69423     0.97493     0.97665     1.01484
   5.75968     1.00002     0.96729     1.03329
   5.82513     1.05275     0.96324     1.05196
   5.89058     1.02615     0.98302     1.06743
   5.95604     1.07553     0.99104     1.00046
   6.02149     1.07623     1.00290     1.03160
   6.08694     1.13759     1.01912     1.02412
   6.15239     1.10128     1.00216     1.01286
   6.21784     1.05725     1.02893     1.02943
   6.28329     1.18932     1.00208     1.04176
   6.34874     1.11896     1.00750     1.01133
   6.41419     1.06246     1.01850     0.98725
   6.47964     1.01491     0.99630     1.00497
   6.54509     1.04877     0.98122     0.97338
   6.61054     0.95524     1.00447     1.01069
   6.67600     0.97817     1.02533     0.98933
   6.74145     0.96054     1.02791     0.99335
   6.80690     1.05837     1.03836     0.99640
   6.87235     1.02727     1.01775     1.02947
   6.93780     0.96829     0.99018     1.02318
   7.00325     0.97506     1.04410     0.98956
   7.06870     1.00344     1.05599     1.02773
   7.13415     1.00559     1.02185     1.01240
   7.19960     0.95835     1.00868     1.00817
   7.26505     0.97955     1.03191     1.04764
   7.33050     1.00092     1.00545     0.99994
   7.39596     0.93036     1.01697     0.99807
   7.46141     1.01083     1.02558     1.04753
   7.52686     1.02194     0.99628     1.00516
   7.59231     0.99736     0.98951     0.99373
   7.65776     0.99717     1.00689     1.01144
   7.72321     0.99587     1.03645     1.02375
   7.78866     0.96012     0.99993     1.00710
   7.85411     0.97046     0.99795     1.00506
   7.91956     1.02280     1.04319     1.00156
   7.98501     0.99157     0.99719     0.99895
   8.05046     0.91745     0.99899     0.97647
   8.11592     0.99237     1.00612     1.02242
   8.18137     0.97309     0.96837     0.97864
   8.24682     0.94664     0.98940     1.00783
   8.31227     1.02396     1.00587     1.01570
   8.37772     1.03277     0.99063     1.02507
   8.44317     0.97947     0.97166     0.99961
   8.50862     1.02443     1.00235     0.97622
   8.57407     1.06083     1.00155     1.01621
   8.63952     0.94398     0.96948     1.00498
   8.70497     1.06355     0.98566     1.00496
   8.77043     1.01612     0.99501     0.98944
   8.83588     0.99890     1.00267     1.00458
   8.90133     1.01568     0.98431     0.97346
   8.96678     0.97931     1.00290     0.98746
   9.03223     1.05601     0.97826     0.96890
   9.09768     1.01359     1.02150     0.98342
   9.16313     1.00743     1.01926     1.00056
   9.22858     0.97144     1.01134     0.99962
   9.29403     1.02684     0.99277     0.98661
   9.35948     1.03302     0.99752     0.99420
   9.42493     0.99265     0.99779     0.98866
   9.49039     0.97644     0.98392     1.01496
   9.55584     0.96564     0.99755     1.00094
   9.62129     0.99883     1.00570     0.98421
   9.68674     1.01993     0.98085     0.99306
   9.75219     1.00446     1.00075     0.99022
   9.81764     0.97910     0.97583     0.97615
   9.88309     0.97032     0.99481     0.98869
   9.94854     1.00264     1.00938     0.99018
  10.01399     0.99535     0.99130     0.99301
  10.07944     0.99386     0.99964     1.00819
  10.14489     1.00190     0.99145     1.00033
  10.21035     1.02241     0.98994     1.01767
  10.27580     0.98311     0.99596     0.97570
  10.34125     1.00698     1.00623     0.99097
  10.40670     0.99382     0.98972     1.00377
  10.47215     1.00783     0.99780     0.99512
  10.53760     0.98492     1.01831     1.00266
  10.60305     1.00576     0.99505     0.98863
  10.66850     0.99804     1.00536     1.01901
  10.73395     0.99444     0.99086     0.99534
  10.79940     0.99037     0.99298     1.00323
  10.86486     0.97259     1.02403     0.98870
  10.93031     0.97745     1.00098     1.00660
  10.99576     0.99123     1.00232     0.97943
  11.06121     1.00319     1.00297     1.00572
  11.12666     0.99143     1.00401     0.99840
  11.19211     0.98218     0.99892     1.02291
  11.25756     1.00962     1.01086     1.01485
  11.32301     0.99030     0.98435     1.00258
  11.38846     1.00529     1.00367     0.99548
  11.45391     0.99251     0.98580     0.99572
  11.51936     1.01879     1.00323     1.01239
  11.58482     1.00127     1.00666     1.01611
  11.65027     1.00711     0.99742     1.00085
  11.71572     0.97227     1.00654     1.00098
  11.78117     1.06495     0.99958     0.99178
  11.84662     1.01526     0.99395     1.01759
  11.91207     1.02821     1.00314     1.00047
  11.97752     1.00731     1.00072     1.00107
  12.04297     0.98801     0.99950     1.00865
  12.10842     0.98447     1.00776     1.00684
  12.17387     1.04853     1.01903     0.99476
  12.23932     1.02150     0.98904     0.99819
  12.30478     1.01372     0.99765     0.99117
  12.37023     1.00037     1.01791     1.01812
  12.43568     1.00821     1.00036     0.98240
  12.50113     0.99546     1.00861     0.99541
  12.56658     0.98072     1.01056     0.99950
  12.63203     1.00432     0.99155     1.01114
  12.69748     1.00118     0.99768     1.01224
  12.76293     1.00089     1.00461     1.00171
  12.82838     1.01322     0.99368     0.98788
  12.89383     1.00679     1.00312     0.99131
  12.95928     0.97527     1.00842     0.99193
  13.02474     0.94502     1.00405     0.99525
  13.09019     0.98526     1.00193     1.01055
  13.15564     0.99053     0.98426     1.00322
  13.22109     0.99466     1.01180     1.00342
  13.28654     1.01375     0.99041     1.01185
  13.35199     1.00708     1.00804     1.00474
  13.41744     0.96222     1.00469     0.99755
  13.48289     1.00960     0.99712     1.00966
  13.54834     1.01942     0.98775     1.00550
  13.61379     0.98121     0.98455     0.99696
  13.67925     1.01176     1.00072     1.00102
  13.74470     1.00215     1.00106     0.97868
  13.81015     0.98539     1.00844     1.00511
  13.87560     0.99295     1.00091     0.98913
  13.94105     1.01731     0.99625     1.01255
  14.00650     1.00694     1.00223     1.00021
  14.07195     1.01309     0.99381     0.99727
  14.13740     1.00692     0.98768     1.00545
  14.20285     1.01574     1.00131     1.00576
  14.26830     0.98313     1.00678     1.00294
  14.33375     0.98178     0.99230     0.99430
  14.39921     0.99521     0.98092     1.00057
  14.46466     0.99812     0.99117     1.00403
  14.53011     1.00067     0.99576     0.98469
  14.59556     1.00857     1.00964     0.99762
  14.66101     1.00416     1.00281     0.99661
  14.72646     1.00860     1.00176     1.00097
  14.79191     0.98699     1.00840     0.99741
  14.85736     0.99825     1.00876     1.00869
  14.92281     1.01655     0.99719     1.00084
  14.98826     0.99043     1.02099     0.99277
  15.05371     1.00687     1.00154     0.99460
  15.11917     0.99564     1.00262     0.99207
  15.18462     0.99837     1.01298     1.00489
  15.25007     1.00849     1.00086     0.99389
  15.31552     0.99619     1.00268     1.00092
  15.38097     0.99874     1.00461     1.01236
  15.44642     1.00437     0.99831     1.01580
  15.51187     0.96969     1.00519     1.01125
  15.57732     0.98064     0.98460     0.99946
  15.64277     1.00984     0.99485     0.98449
  15.70822     1.02138     1.00550     0.98625
  15.77368     1.01595     1.00658     1.00725
  15.83913     1.02003     0.99364     1.01100
  15.90458     1.00387     0.99628     1.00604
  15.97003     1.00270     1.00740     0.98762
  16.03548     1.00196     0.99122     0.99758
  16.10093     1.00589     0.99866     1.00948
  16.16638     0.99710     0.99999     0.99887
  16.23183     1.00182     0.99211     0.98651
  16.29728     0.97788     0.99242     1.00554
  16.36273     1.00705     0.99748     0.99539
  16.42818     1.02049     0.99569     0.99364
  16.49364     0.98836     1.00309     1.00102
  16.55909     1.03081     1.00843     0.99941
  16.62454     0.98647     0.98015     1.00899
  16.68999     0.98685     0.99226     1.00156
  16.75544     1.00473     1.00560     0.99844
  16.82089     1.00900     0.99696     0.99079
  16.88634     0.97460     1.00756     1.00089
  16.95179     0.98179     0.99878     1.00873
  17.01724     1.01884     1.00507     0.99857
  17.08269     1.00708     1.01158     0.99013
  17.14814     0.99291     1.00837     0.99356
  17.21360     0.97287     0.99542     0.98582
  17.27905     1.00546     1.00109     0.99476
  17.34450     0.95612     0.98417     1.00324
  17.40995     1.01064     1.00058     1.00857
  17.47540     0.98564     1.00753     1.00715
  17.54085     1.00408     0.99350     0.99543
  17.60630     1.00261     0.98838     1.01245
  17.67175     1.00595     0.99657     1.00753
  17.73720     0.99817     0.99704     0.99784
  17.80265     0.99176     1.00679     0.99028
  17.86811     1.00608     0.99884     0.99923
  17.93356     1.01280     1.00151     0.98455
  17.99901     0.99097     1.00133     1.00500
  18.06446     1.00917     1.00170     1.00547
  18.12991     0.98411     1.00342     0.99884
  18.19536     0.98841     1.00838     0.99366
  18.26081     1.01016     0.99746     1.00446
  18.32626     1.01450     0.99272     0.99773
  18.39171     1.00216     1.00944     0.99466
  18.45716     1.01427     1.00106     1.00172
  18.52261     0.99918     0.99226     1.00964
  18.58807     1.00908     0.98806     0.98500
  18.65352     0.99386     1.00533     0.99833
  18.71897     0.98659     0.99798     1.00879
  18.78442     1.01222     1.00855     1.00251
  18.84987     0.97717     1.00156     1.00350
  18.91532     1.01153     1.00090     1.00387
  18.98077     1.00247     0.99183     1.00049
  19.04622     1.00214     0.99737     1.00127
  19.11167     1.00163     0.99437     0.99095
  19.17712     1.02534     1.01049     1.00902
  19.24257     0.99477     0.99891     0.99301
  19.30803     0.99099     0.99519     1.00165
  19.37348     1.02071     0.99878     1.00875
  19.43893     1.00863     0.99988     1.01035
  19.50438     1.01451     0.99930     1.00159
  19.56983     0.99292     0.99710     1.00870
  19.63528     0.98616     0.99771     0.99510
  19.70073     1.01005     1.00383     0.99918
  19.76618     1.01538     1.00839     1.00488
  19.83163     0.98395     0.99587     1.00594
  19.89708     1.00030     1.00622     0.98461
  19.96253     0.99274     0.99814     0.99620
  20.02799     1.01888     1.01080     0.99625
  20.09344     0.97683     0.99814     1.00641
  20.15889     0.99173     1.00755     0.99554
  20.22434     0.98546     1.00506     1.00718
  20.28979     0.99557     1.00417     0.99356
  20.35524     1.02215     0.99323     0.99596
  20.42069     0.99215     1.01264     1.00184
  20.48614     0.98651     0.99471     1.00116
  20.55159     1.00231     0.99231     0.98981
  20.61704     0.98860     1.00538     1.00072
  20.68250     0.97978     1.00069     1.00040
  20.74795     0.98907     0.99820     1.00533
  20.81340     0.99623     1.00446     0.99699
  20.87885     0.98986     0.99823     1.00144
  20.94430     1.00335     1.00185     1.01687
  21.00975     0.99422     1.00856     1.00922
  21.07520     1.01008     0.99874     0.99500
  21.14065     1.00332     1.01017     0.98695
  21.20610     1.01065     0.99392     0.99743
  21.27155     1.01391     0.99594     0.99818
  21.33700     1.02691     0.99051     0.99341
  21.40246     1.01002     0.99351     0.99462
  21.46791     1.00751     0.98112     0.99338
  21.53336     1.01351     0.99002     1.00540
  21.59881     1.02189     0.99435     0.99167
  21.66426     0.99624     1.00338     0.99282
  21.72971     1.00153     0.99811     1.00466
  21.79516     0.96956     0.99408     1.00719
  21.86061     0.99732     0.99575     1.00355
  21.92606     1.00258     1.00239     0.99574
  21.99151     0.99422     0.99896     0.99916
  22.05696     1.00356     0.99884     0.99702
  22.12242     0.99740     0.99629     0.99498
  22.18787     0.98905     0.99627     1.00745
  22.25332     1.00242     1.00563     0.99675
  22.31877     0.99027     1.00797     0.99781
  22.38422     1.00355     0.99828     1.00690
  22.44967     0.99633     1.00355     0.99768
  22.51512     1.00300     1.00363     0.99192
  22.58057     0.97777     1.00638     1.00167
  22.64602     0.98556     1.00649     1.00435
  22.71147     0.99505     1.00775     0.98713
  22.77693     1.00853     0.99386     0.99841

 Partial S(Q)'s are printed out below

   494  3 are NQ and NPAR

      Q          S(Q)_1      S(Q)_2      S(Q)_3
  0.4682470    -2.6232497     0.3426834    -1.0249061
  0.4982822    -2.6017697     0.3936714    -0.9608237
  0.5283174    -2.6021594     0.4448567    -0.9199864
  0.5583526    -2.6089684     0.4923076    -0.8919588
  0.5883878    -2.6047642     0.5350046    -0.8605796
  0.6184230    -2.5780522     0.5747298    -0.8114074
  0.6484582    -2.5279416     0.6148564    -0.7376610
  0.6784934    -2.4638225     0.6586271    -0.6423991
  0.7085286    -2.4005326     0.7077102    -0.5363616
  0.7385638    -2.3513670     0.7616787    -0.4326853
  0.7685990    -2.3220676     0.8186187    -0.3408892
  0.7986342    -2.3083542     0.8765349    -0.2626905
  0.8286694    -2.2979319     0.9348242    -0.1913350
  0.8587046    -2.2759678     0.9950203    -0.1146293
  0.8887398    -2.2315926     1.0603186    -0.0203535
  0.9187750    -2.1626354     1.1339555     0.0981772
  0.9488102    -2.0766405     1.2170900     0.2386290
  0.9788454    -1.9878414     1.3071570     0.3895863
  1.0088806    -1.9114653     1.3975635     0.5338812
  1.0389158    -1.8578012     1.4790897     0.6539863
  1.0689510    -1.8284712     1.5426368     0.7374096
  1.0989862    -1.8163283     1.5823284     0.7801235
  1.1290214    -1.8088535     1.5977182     0.7868947
  1.1590566    -1.7934874     1.5941155     0.7686003
  1.1890918    -1.7626239     1.5807427     0.7377277
  1.2191270    -1.7162536     1.5673201     0.7038447
  1.2491622    -1.6613337     1.5603581     0.6707035
  1.2791974    -1.6083607     1.5606426     0.6359028
  1.3092326    -1.5667416     1.5629897     0.5930004
  1.3392678    -1.5409334     1.5584776     0.5350571
  1.3693030    -1.5288482     1.5383541     0.4581387
  1.3993382    -1.5229479     1.4980969     0.3634375
  1.4293734    -1.5132954     1.4399650     0.2573042
  1.4594086    -1.4910790     1.3729174     0.1493185
  1.4894438    -1.4511018     1.3097920     0.0492451
  1.5194790    -1.3923653     1.2627345    -0.0359418
  1.5495142    -1.3168600     1.2386090    -0.1039158
  1.5795494    -1.2275084     1.2361842    -0.1571903
  1.6095846    -1.1265068     1.2462415    -0.2017481
  1.6396198    -1.0149675     1.2546282    -0.2447481
  1.6696550    -0.8939486     1.2471254    -0.2921857
  1.6996902    -0.7661119     1.2142837    -0.3472802
  1.7297254    -0.6367956     1.1543824    -0.4099902
  1.7597606    -0.5134875     1.0734144    -0.4776094
  1.7897958    -0.4034655     0.9821716    -0.5460339
  1.8198311    -0.3103902     0.8916551    -0.6111463
  1.8498663    -0.2313811     0.8086809    -0.6698430
  1.8799015    -0.1561948     0.7334434    -0.7204681
  1.9099367    -0.0694233     0.6599730    -0.7626816
  1.9399719     0.0446051     0.5792248    -0.7969838
  1.9700071     0.1958076     0.4834481    -0.8241699
  2.0000423     0.3835107     0.3699651    -0.8449207
  2.0300775     0.5949040     0.2427397    -0.8596071
  2.0601127     0.8077703     0.1110481    -0.8682675
  2.0901479     0.9968497    -0.0142147    -0.8706671
  2.1201831     1.1416919    -0.1250515    -0.8663661
  2.1502183     1.2331155    -0.2197842    -0.8547871
  2.1802535     1.2757749    -0.3038837    -0.8353197
  2.2102887     1.2857390    -0.3877625    -0.8075063
  2.2403239     1.2838886    -0.4823411    -0.7713066
  2.2703591     1.2875972    -0.5941426    -0.7273676
  2.3003943     1.3038913    -0.7219173    -0.6771793
  2.3304295     1.3267755    -0.8562272    -0.6230034
  2.3604647     1.3398179    -0.9822658    -0.5675381
  2.3904999     1.3230416    -1.0849023    -0.5133894
  2.4205351     1.2614551    -1.1540425    -0.4625148
  2.4505703     1.1518761    -1.1882490    -0.4158387
  2.4806055     1.0053297    -1.1952296    -0.3731877
  2.5106407     0.8440120    -1.1890092    -0.3335751
  2.5406759     0.6939207    -1.1848777    -0.2957283
  2.5707111     0.5759448    -1.1940439    -0.2586536
  2.6007463     0.4988045    -1.2199993    -0.2220230
  2.6307815     0.4565044    -1.2578939    -0.1862427
  2.6608167     0.4312059    -1.2970271    -0.1522007
  2.6908519     0.4003307    -1.3253658    -0.1208232
  2.7208871     0.3451122    -1.3342572    -0.0926499
  2.7509223     0.2573225    -1.3215202    -0.0676175
  2.7809575     0.1417043    -1.2918147    -0.0451487
  2.8109927     0.0133807    -1.2543193    -0.0245006
  2.8410279    -0.1085074    -1.2188106    -0.0052124
  2.8710631    -0.2082615    -1.1918212     0.0125541
  2.9010983    -0.2791909    -1.1744315     0.0279441
  2.9311335    -0.3251768    -1.1625060     0.0396592
  2.9611687    -0.3578269    -1.1491360     0.0464419
  2.9912039    -0.3906187    -1.1281464     0.0476121
  3.0212391    -0.4326165    -1.0971189     0.0434520
  3.0512743    -0.4844343    -1.0586412     0.0352897
  3.0813095    -0.5381105    -1.0192752     0.0252482
  3.1113447    -0.5808830    -0.9867153     0.0157411
  3.1413799    -0.6012095    -0.9663660     0.0088800
  3.1714151    -0.5944404    -0.9588006     0.0059722
  3.2014503    -0.5656975    -0.9591823     0.0072409
  3.2314855    -0.5286651    -0.9589068     0.0118209
  3.2615207    -0.5006873    -0.9488096     0.0180011
  3.2915559    -0.4960870    -0.9226456     0.0236291
  3.3215911    -0.5203732    -0.8794520     0.0265816
  3.3516263    -0.5676705    -0.8238730     0.0252106
  3.3816615    -0.6224449    -0.7643505     0.0186985
  3.4116967    -0.6649113    -0.7099343     0.0072701
  3.4417319    -0.6780725    -0.6669809    -0.0077832
  3.4717671    -0.6537174    -0.6370140    -0.0242987
  3.5018023    -0.5951339    -0.6165084    -0.0396599
  3.5318375    -0.5155799    -0.5985769    -0.0513807
  3.5618727    -0.4331939    -0.5757938    -0.0577358
  3.5919079    -0.3643528    -0.5429918    -0.0582588
  3.6219431    -0.3180177    -0.4989534    -0.0539303
  3.6519783    -0.2931382    -0.4464273    -0.0469408
  3.6820135    -0.2799493    -0.3906087    -0.0400448
  3.7120487    -0.2644776    -0.3368245    -0.0356729
  3.7420839    -0.2343832    -0.2884266    -0.0350880
  3.7721191    -0.1838379    -0.2457294    -0.0378934
  3.8021543    -0.1156175    -0.2063239    -0.0421066
  3.8321895    -0.0397390    -0.1664989    -0.0448219
  3.8622247     0.0306679    -0.1230504    -0.0432590
  3.8922599     0.0845377    -0.0746525    -0.0358269
  3.9222951     0.1170570    -0.0222165    -0.0227962
  3.9523303     0.1313057     0.0318414    -0.0062933
  3.9823655     0.1368407     0.0850031     0.0104244
  4.0124007     0.1459051     0.1360121     0.0241710
  4.0424359     0.1688069     0.1855276     0.0330689
  4.0724711     0.2102395     0.2357457     0.0373365
  4.1025063     0.2678528     0.2891513     0.0392926
  4.1325415     0.3334554     0.3469765     0.0425394
  4.1625767     0.3962131     0.4080941     0.0506059
  4.1926119     0.4465080     0.4688978     0.0655611
  4.2226471     0.4789770     0.5242988     0.0871367
  4.2526823     0.4936800     0.5694794     0.1127191
  4.2827175     0.4951488     0.6016979     0.1382360
  4.3127527     0.4898944     0.6213976     0.1596150
  4.3427879     0.4834944     0.6321371     0.1742555
  4.3728231     0.4784394     0.6393397     0.1819402
  4.4028583     0.4735153     0.6483369     0.1848235
  4.4328935     0.4648217     0.6624696     0.1864962
  4.4629287     0.4478631     0.6819867     0.1904872
  4.4929639     0.4197659     0.7041541     0.1987951
  4.5229991     0.3806925     0.7245023     0.2110313
  4.5530343     0.3339153     0.7386884     0.2245201
  4.5830695     0.2845935     0.7442194     0.2353208
  4.6131047     0.2378213     0.7413614     0.2397719
  4.6431399     0.1967810     0.7329071     0.2359465
  4.6731751     0.1617493     0.7229391     0.2244442
  4.7032103     0.1303222     0.7151283     0.2082058
  4.7332455     0.0987177     0.7112694     0.1914263
  4.7632807     0.0635860     0.7106370     0.1779945
  4.7933159     0.0235761     0.7103921     0.1700732
  4.8233511    -0.0199649     0.7068364     0.1673698
  4.8533863    -0.0634178     0.6969805     0.1673694
  4.8834215    -0.1022453     0.6797841     0.1664165
  4.9134567    -0.1327167     0.6565836     0.1612020
  4.9434919    -0.1533162     0.6305655     0.1500617
  4.9735271    -0.1652909     0.6055316     0.1335831
  5.0035623    -0.1721430     0.5844704     0.1143059
  5.0335975    -0.1782834     0.5685027     0.0956688
  5.0636327    -0.1873809     0.5565930     0.0806514
  5.0936679    -0.2010456     0.5460972     0.0706664
  5.1237031    -0.2183390     0.5338837     0.0651368
  5.1537383    -0.2362773     0.5175579     0.0619006
  5.1837735    -0.2511081     0.4963116     0.0582405
  5.2138087    -0.2598501     0.4710966     0.0520879
  5.2438439    -0.2614920     0.4441124     0.0428886
  5.2738791    -0.2573833     0.4178673     0.0317751
  5.3039143    -0.2506683     0.3942174     0.0209854
  5.3339495    -0.2449836     0.3737654     0.0127892
  5.3639847    -0.2429261     0.3558184     0.0083862
  5.3940199    -0.2448950     0.3388637     0.0072522
  5.4240551    -0.2487776     0.3213097     0.0072231
  5.4540903    -0.2506329     0.3021546     0.0052991
  5.4841255    -0.2461480     0.2813031    -0.0011461
  5.5141607    -0.2323387     0.2594227    -0.0132378
  5.5441959    -0.2088511     0.2374426    -0.0300153
  5.5742311    -0.1783487     0.2159432    -0.0486384
  5.6042663    -0.1457908     0.1947288    -0.0653258
  5.6343015    -0.1168194     0.1727828    -0.0766781
  5.6643367    -0.0958078     0.1486390    -0.0808903
  5.6943719    -0.0842779     0.1210187    -0.0783987
  5.7244071    -0.0802785     0.0894694    -0.0717245
  5.7544423    -0.0789872     0.0547337    -0.0645777
  5.7844775    -0.0743562     0.0186806    -0.0605550
  5.8145127    -0.0612353    -0.0162028    -0.0619058
  5.8445479    -0.0372151    -0.0475898    -0.0688013
  5.8745831    -0.0035224    -0.0740899    -0.0793428
  5.9046183     0.0353683    -0.0957461    -0.0902728
  5.9346535     0.0732702    -0.1140693    -0.0981080
  5.9646887     0.1044096    -0.1315845    -0.1002801
  5.9947239     0.1253600    -0.1510276    -0.0959009
  6.0247591     0.1360735    -0.1744450    -0.0859241
  6.0547943     0.1396376    -0.2024817    -0.0727073
  6.0848295     0.1408718    -0.2340841    -0.0591792
  6.1148647     0.1443196    -0.2667164    -0.0479325
  6.1448999     0.1524240    -0.2970346    -0.0405467
  6.1749351     0.1646033    -0.3218261    -0.0373305
  6.2049703     0.1775831    -0.3389414    -0.0375000
  6.2350055     0.1868461    -0.3479475    -0.0396595
  6.2650407     0.1886068    -0.3503056    -0.0423663
  6.2950759     0.1815039    -0.3490109    -0.0445707
  6.3251111     0.1673068    -0.3477869    -0.0458064
  6.3551463     0.1503214    -0.3500577    -0.0461207
  6.3851815     0.1357100    -0.3579925    -0.0458344
  6.4152167     0.1273894    -0.3719049    -0.0452696
  6.4452519     0.1263639    -0.3901911    -0.0445658
  6.4752871     0.1301960    -0.4098326    -0.0436465
  6.5053223     0.1338793    -0.4273165    -0.0423171
  6.5353575     0.1318106    -0.4396910    -0.0404238
  6.5653927     0.1201043    -0.4454268    -0.0379813
  6.5954279     0.0983254    -0.4448092    -0.0352064
  6.6254631     0.0699210    -0.4397389    -0.0324465
  6.6554983     0.0411237    -0.4330144    -0.0300425
  6.6855335     0.0187056    -0.4273452    -0.0281973
  6.7155687     0.0074243    -0.4244384    -0.0269160
  6.7456039     0.0081488    -0.4244755    -0.0260485
  6.7756391     0.0174101    -0.4261538    -0.0254155
  6.8056743     0.0285827    -0.4272635    -0.0249605
  6.8357095     0.0342770    -0.4255730    -0.0248508
  6.8657447     0.0290499    -0.4196854    -0.0254725
  6.8957799     0.0114148    -0.4095416    -0.0273021
  6.9258151    -0.0156054    -0.3963866    -0.0306939
  6.9558503    -0.0455801    -0.3822254    -0.0356611
  6.9858855    -0.0709993    -0.3689939    -0.0417423
  7.0159207    -0.0859414    -0.3577810    -0.0480223
  7.0459559    -0.0880853    -0.3484154    -0.0533275
  7.0759911    -0.0793430    -0.3395806    -0.0565516
  7.1060263    -0.0649344    -0.3294065    -0.0570127
  7.1360615    -0.0513200    -0.3162899    -0.0547206
  7.1660967    -0.0438206    -0.2996060    -0.0504491
  7.1961319    -0.0448332    -0.2800127    -0.0455640
  7.2261671    -0.0532711    -0.2592214    -0.0416364
  7.2562023    -0.0653506    -0.2393274    -0.0399512
  7.2862375    -0.0763170    -0.2219767    -0.0410638
  7.3162727    -0.0823644    -0.2077153    -0.0445621
  7.3463079    -0.0819803    -0.1957923    -0.0491317
  7.3763431    -0.0762350    -0.1844989    -0.0529293
  7.4063783    -0.0679996    -0.1719018    -0.0541617
  7.4364135    -0.0605145    -0.1566622    -0.0516907
  7.4664487    -0.0559727    -0.1385945    -0.0454580
  7.4964839    -0.0547232    -0.1187297    -0.0365754
  7.5265191    -0.0553936    -0.0988553    -0.0270283
  7.5565543    -0.0558069    -0.0807294    -0.0190748
  7.5865895    -0.0542225    -0.0653076    -0.0145302
  7.6166247    -0.0503030    -0.0523198    -0.0141802
  7.6466599    -0.0453518    -0.0403877    -0.0175248
  7.6766951    -0.0417099    -0.0276429    -0.0229492
  7.7067303    -0.0415875    -0.0125885    -0.0282652
  7.7367655    -0.0458672     0.0051692    -0.0314355
  7.7668008    -0.0534379     0.0246440    -0.0312228
  7.7968360    -0.0613919     0.0437917    -0.0275345
  7.8268712    -0.0660403     0.0603205    -0.0213441
  7.8569064    -0.0643423     0.0726684    -0.0142308
  7.8869416    -0.0551516     0.0807403    -0.0077221
  7.9169768    -0.0397505     0.0860834    -0.0026998
  7.9470120    -0.0214303     0.0914010     0.0008997
  7.9770472    -0.0042756     0.0995707     0.0039762
  8.0070824     0.0083599     0.1125436     0.0077990
  8.0371176     0.0150691     0.1305593     0.0133808
  8.0671528     0.0168112     0.1519919     0.0209551
  8.0971880     0.0163778     0.1739024     0.0297832
  8.1272232     0.0171417     0.1930875     0.0383788
  8.1572584     0.0216158     0.2072242     0.0450705
  8.1872936     0.0304166     0.2156681     0.0486740
  8.2173288     0.0420503     0.2196037     0.0489960
  8.2473640     0.0535892     0.2215005     0.0469536
  8.2773992     0.0619359     0.2241040     0.0442452
  8.3074344     0.0651332     0.2293653     0.0426948
  8.3374696     0.0631714     0.2377314     0.0435310
  8.3675048     0.0579618     0.2480603     0.0468959
  8.3975400     0.0524988     0.2581739     0.0517932
  8.4275752     0.0495717     0.2658018     0.0565070
  8.4576104     0.0505675     0.2695248     0.0593291
  8.4876456     0.0548621     0.2693368     0.0592971
  8.5176808     0.0600482     0.2666095     0.0566330
  8.5477160     0.0629024     0.2634950     0.0526871
  8.5777512     0.0606952     0.2620263     0.0493919
  8.6077864     0.0523168     0.2632910     0.0484362
  8.6378216     0.0387763     0.2670147     0.0504970
  8.6678568     0.0228920     0.2717092     0.0548574
  8.6978920     0.0083111     0.2753113     0.0595942
  8.7279272    -0.0017451     0.2760353     0.0622937
  8.7579624    -0.0055297     0.2730867     0.0610332
  8.7879976    -0.0032378     0.2669518     0.0552446
  8.8180328     0.0032391     0.2591586     0.0461040
  8.8480680     0.0111200     0.2516251     0.0362588
  8.8781032     0.0177563     0.2458750     0.0289582
  8.9081384     0.0214717     0.2424431     0.0268855
  8.9381736     0.0219385     0.2407070     0.0311205
  8.9682088     0.0200168     0.2391944     0.0406256
  8.9982440     0.0171996     0.2362224     0.0524655
  9.0282792     0.0149374     0.2305912     0.0627085
  9.0583144     0.0141184     0.2220460     0.0677016
  9.0883496     0.0148727     0.2113241     0.0652796
  9.1183848     0.0167021     0.1997882     0.0554871
  9.1484200     0.0188048     0.1888125     0.0405669
  9.1784552     0.0204060     0.1791912     0.0242319
  9.2084904     0.0209499     0.1708162     0.0104818
  9.2385256     0.0201134     0.1627546     0.0023759
  9.2685608     0.0177115     0.1536827     0.0011702
  9.2985960     0.0136150     0.1424881     0.0060783
  9.3286312     0.0077810     0.1287847     0.0146907
  9.3586664     0.0004026     0.1131265     0.0238582
  9.3887016    -0.0079118     0.0968356     0.0307082
  9.4187368    -0.0160755     0.0815189     0.0334475
  9.4487720    -0.0226920     0.0684706     0.0317171
  9.4788072    -0.0264675     0.0582018     0.0264426
  9.5088424    -0.0267435     0.0502769     0.0193044
  9.5388776    -0.0239292     0.0435117     0.0120657
  9.5689128    -0.0196050     0.0364411     0.0060085
  9.5989480    -0.0161752     0.0278640     0.0016529
  9.6289832    -0.0161219     0.0172536    -0.0012004
  9.6590184    -0.0210937     0.0048832    -0.0031826
  9.6890536    -0.0311689    -0.0083585    -0.0049838
  9.7190888    -0.0446011    -0.0213663    -0.0070518
  9.7491240    -0.0582039    -0.0332604    -0.0094623
  9.7791592    -0.0682905    -0.0436911    -0.0119731
  9.8091944    -0.0718712    -0.0529004    -0.0141981
  9.8392296    -0.0676890    -0.0615374    -0.0158019
  9.8692648    -0.0567157    -0.0703265    -0.0166294
  9.8993000    -0.0419142    -0.0797369    -0.0167308
  9.9293352    -0.0273312    -0.0897935    -0.0163002
  9.9593704    -0.0168286    -0.1000950    -0.0155772
  9.9894056    -0.0128906    -0.1100152    -0.0147710
 10.0194408    -0.0159056    -0.1189875    -0.0140349
 10.0494760    -0.0241516    -0.1267407    -0.0134887
 10.0795112    -0.0344517    -0.1333858    -0.0132539
 10.1095464    -0.0432417    -0.1393206    -0.0134656
 10.1395816    -0.0476600    -0.1450015    -0.0142406
 10.1696168    -0.0463004    -0.1506898    -0.0156162
 10.1996520    -0.0394149    -0.1562872    -0.0174944
 10.2296872    -0.0285743    -0.1613396    -0.0196333
 10.2597224    -0.0159830    -0.1652130    -0.0217064
 10.2897576    -0.0037401    -0.1673735    -0.0234145
 10.3197928     0.0066836    -0.1676587    -0.0246049
 10.3498280     0.0146164    -0.1664246    -0.0253391
 10.3798632     0.0200250    -0.1645034    -0.0258699
 10.4098984     0.0231805    -0.1629735    -0.0265240
 10.4399336     0.0243527    -0.1628195    -0.0275341
 10.4699688     0.0236860    -0.1645993    -0.0288928
 10.5000040     0.0212962    -0.1682361    -0.0302975
 10.5300392     0.0175032    -0.1730104    -0.0312243
 10.5600744     0.0130414    -0.1777586    -0.0311126
 10.5901096     0.0090943    -0.1812151    -0.0295959
 10.6201448     0.0070817    -0.1823878    -0.0266872
 10.6501800     0.0082471    -0.1808482    -0.0228400
 10.6802152     0.0131954    -0.1768457    -0.0188525
 10.7102504     0.0215704    -0.1712166    -0.0156411
 10.7402856     0.0320211    -0.1651189    -0.0139629
 10.7703208     0.0425017    -0.1596796    -0.0141832
 10.8003560     0.0508239    -0.1556649    -0.0161707
 10.8303912     0.0552819    -0.1532694    -0.0193508
 10.8604264     0.0551423    -0.1520849    -0.0228911
 10.8904616     0.0508369    -0.1512505    -0.0259464
 10.9204968     0.0438020    -0.1497308    -0.0278793
 10.9505320     0.0360276    -0.1466355    -0.0283876
 10.9805672     0.0294720    -0.1414811    -0.0275165
 11.0106024     0.0255323    -0.1343193    -0.0255768
 11.0406376     0.0247243    -0.1256992    -0.0230195
 11.0706728     0.0266494    -0.1164817    -0.0203210
 11.1007080     0.0302227    -0.1075710    -0.0179095
 11.1307432     0.0340630    -0.0996487    -0.0161338
 11.1607784     0.0369068    -0.0929941    -0.0152489
 11.1908136     0.0379221    -0.0874407    -0.0153898
 11.2208488     0.0368455    -0.0824743    -0.0165232
 11.2508840     0.0339319    -0.0774314    -0.0183928
 11.2809192     0.0297629    -0.0717258    -0.0205002
 11.3109544     0.0249933    -0.0650281    -0.0221612
 11.3409896     0.0201239    -0.0573427    -0.0226561
 11.3710248     0.0153653    -0.0489694    -0.0214475
 11.4010600     0.0106254    -0.0403750    -0.0183980
 11.4310952     0.0056130    -0.0320322    -0.0139014
 11.4611304     0.0000142    -0.0242860    -0.0088562
 11.4911656    -0.0063197    -0.0172920    -0.0044592
 11.5212008    -0.0132395    -0.0110328    -0.0018664
 11.5512360    -0.0202711    -0.0053900    -0.0018249
 11.5812712    -0.0267103    -0.0002253    -0.0044016
 11.6113064    -0.0318174     0.0045711    -0.0089123
 11.6413416    -0.0350505     0.0090852    -0.0140889
 11.6713768    -0.0362560     0.0134245    -0.0184376
 11.7014120    -0.0357430     0.0177692    -0.0206734
 11.7314472    -0.0342015     0.0223858    -0.0200859
 11.7614824    -0.0324832     0.0275792    -0.0167161
 11.7915176    -0.0313165     0.0335881    -0.0112933
 11.8215528    -0.0310631     0.0404656    -0.0049658
 11.8515880    -0.0316147     0.0480007     0.0010699
 11.8816232    -0.0324805     0.0557288     0.0059063
 11.9116584    -0.0330423     0.0630466     0.0091191
 11.9416936    -0.0328760     0.0693985     0.0107705
 11.9717288    -0.0320032     0.0744699     0.0112506
 12.0017640    -0.0309490     0.0783066     0.0110464
 12.0317992    -0.0305580     0.0813060     0.0105429
 12.0618344    -0.0316184     0.0840721     0.0099345
 12.0918696    -0.0344387     0.0871841     0.0092665
 12.1219048    -0.0385605     0.0909676     0.0085607
 12.1519400    -0.0427555     0.0953611     0.0079441
 12.1819752    -0.0453525     0.0999372     0.0076987
 12.2120104    -0.0448043     0.1040741     0.0081939
 12.2420456    -0.0402937     0.1072120     0.0097234
 12.2720808    -0.0321378     0.1090872     0.0123215
 12.3021160    -0.0218077     0.1098461     0.0156524
 12.3321512    -0.0115169     0.1099849     0.0190426
 12.3621864    -0.0035025     0.1101365     0.0216676
 12.3922216     0.0007478     0.1107900     0.0228335
 12.4222568     0.0010294     0.1120644     0.0222469
 12.4522920    -0.0015008     0.1136364     0.0201602
 12.4823272    -0.0047494     0.1148620     0.0173189
 12.5123624    -0.0064674     0.1150493     0.0147172
 12.5423976    -0.0050950     0.1137707     0.0132414
 12.5724328    -0.0003423     0.1110805     0.0133342
 12.6024680     0.0067264     0.1075375     0.0148106
 12.6325032     0.0141442     0.1040088     0.0169044
 12.6625384     0.0198585     0.1013249     0.0185373
 12.6925736     0.0225908     0.0999238     0.0187191
 12.7226088     0.0223933     0.0996320     0.0169327
 12.7526440     0.0206705     0.0996858     0.0133598
 12.7826792     0.0196424     0.0989971     0.0088609
 12.8127144     0.0214505     0.0965718     0.0047114
 12.8427496     0.0272516     0.0919191     0.0021857
 12.8727848     0.0366588     0.0852864     0.0021356
 12.9028200     0.0477572     0.0776190     0.0047117
 12.9328552     0.0577023     0.0702481     0.0093218
 12.9628904     0.0636834     0.0644201     0.0148328
 12.9929256     0.0638971     0.0608449     0.0199382
 13.0229608     0.0581703     0.0594365     0.0235572
 13.0529960     0.0480137     0.0593486     0.0251250
 13.0830312     0.0360973     0.0592934     0.0246868
 13.1130664     0.0253584     0.0580210     0.0227779
 13.1431016     0.0180734     0.0547761     0.0201564
 13.1731368     0.0152200     0.0495580     0.0175007
 13.2031720     0.0163285     0.0430863     0.0151879
 13.2332072     0.0198249     0.0364905     0.0132288
 13.2632424     0.0236888     0.0308503     0.0113673
 13.2932776     0.0261551     0.0267664     0.0092861
 13.3233128     0.0262034     0.0241294     0.0068224
 13.3533480     0.0236966     0.0221737     0.0040989
 13.3833832     0.0191859     0.0197909     0.0015142
 13.4134184     0.0135274     0.0159787    -0.0004008
 13.4434536     0.0075060     0.0102497    -0.0011985
 13.4734888     0.0016211     0.0028453    -0.0007128
 13.5035240    -0.0039136    -0.0053240     0.0008448
 13.5335592    -0.0090164    -0.0129848     0.0029320
 13.5635944    -0.0135589    -0.0189372     0.0048495
 13.5936296    -0.0172857    -0.0224602     0.0059762
 13.6236648    -0.0198861    -0.0235455     0.0059766
 13.6537000    -0.0211753    -0.0228857     0.0049037
 13.6837353    -0.0212746    -0.0216358     0.0031611
 13.7137705    -0.0206690    -0.0210435     0.0013445
 13.7438057    -0.0200797    -0.0220800     0.0000262
 13.7738409    -0.0201884    -0.0251894    -0.0004350
 13.8038761    -0.0213342    -0.0302205     0.0000101
 13.8339113    -0.0233356    -0.0365377     0.0011271
 13.8639465    -0.0255455    -0.0432471     0.0025230
 13.8939817    -0.0271401    -0.0494508     0.0038122
 13.9240169    -0.0275296    -0.0544511     0.0047494
 13.9540521    -0.0267027    -0.0578596     0.0052798
 13.9840873    -0.0253305    -0.0596101     0.0054910
 14.0141225    -0.0245474    -0.0599036     0.0055020
 14.0441577    -0.0254716    -0.0591234     0.0053480
 14.0741929    -0.0286530    -0.0577502     0.0049262
 14.1042281    -0.0336883    -0.0562884     0.0040340
 14.1342633    -0.0391953    -0.0551985     0.0024909
 14.1642985    -0.0431959    -0.0548298     0.0002893
 14.1943337    -0.0437896    -0.0553541    -0.0023008
 14.2243689    -0.0398675    -0.0567175    -0.0047363
 14.2544041    -0.0315846    -0.0586340    -0.0063366
 14.2844393    -0.0203948    -0.0606387    -0.0065145
 14.3144745    -0.0086190    -0.0622004    -0.0050204
 14.3445097     0.0012945    -0.0628666    -0.0021013
 14.3745449     0.0075399    -0.0623956     0.0015042
 14.4045801     0.0094643    -0.0608266     0.0047546
 14.4346153     0.0076407    -0.0584600     0.0066262
 14.4646505     0.0035061    -0.0557484     0.0064596
 14.4946857    -0.0012576    -0.0531404     0.0042040
 14.5247209    -0.0053269    -0.0509326     0.0004619
 14.5547561    -0.0080763    -0.0491911    -0.0036962
 14.5847913    -0.0095381    -0.0477696    -0.0070888
 14.6148265    -0.0100495    -0.0464167    -0.0088312
 14.6448617    -0.0097932    -0.0449247    -0.0086443
 14.6748969    -0.0084900    -0.0432551    -0.0069481
 14.7049321    -0.0054200    -0.0415846    -0.0047013
 14.7349673     0.0002126    -0.0402472    -0.0030415
 14.7650025     0.0087337    -0.0395916    -0.0028591
 14.7950377     0.0195442    -0.0398100    -0.0044633
 14.8250729     0.0310115    -0.0408081    -0.0074684
 14.8551081     0.0408244    -0.0421699    -0.0109448
 14.8851433     0.0467259    -0.0432405    -0.0137765
 14.9151785     0.0473522    -0.0432995    -0.0150896
 14.9452137     0.0428340    -0.0417691    -0.0145843
 14.9752489     0.0348808    -0.0383873    -0.0126412
 15.0052841     0.0262699    -0.0332898    -0.0101604
 15.0353193     0.0198967    -0.0269802    -0.0081954
 15.0653545     0.0177389    -0.0202036    -0.0075266
 15.0953897     0.0201337    -0.0137686    -0.0083457
 15.1254249     0.0256621    -0.0083721    -0.0101769
 15.1554601     0.0316971    -0.0044721    -0.0120705
 15.1854953     0.0354108    -0.0022301    -0.0129945
 15.2155305     0.0348504    -0.0015215    -0.0122688
 15.2455657     0.0296613    -0.0019943    -0.0098681
 15.2756009     0.0211778    -0.0031525    -0.0064687

PDF 1 in G'(r) format
  r, PDF (RMC), PDF (Expt)
 CURVES
         348 ,           2
      0.0654509        0.0000000        0.0000000
      0.1309019        0.0000000        0.0000000
      0.1963528        0.0000000        0.0000000
      0.2618037        0.0000000        0.0000000
      0.3272547        0.0000000        0.0000000
      0.3927056        0.0000000        0.0000000
      0.4581565        0.0000000        0.0000000
      0.5236075        0.0000000        0.0000000
      0.5890584        0.0000000        0.0000000
      0.6545093        0.0000000        0.0000000
      0.7199603        0.0000000        0.0000000
      0.7854112        0.0000000        0.0000000
      0.8508621        0.0000000        0.0000000
      0.9163131        0.0000000        0.0000000
      0.9817640        0.0000000        0.0000000
      1.0472149        0.0000000        0.0000000
      1.1126659        0.0000000        0.0000000
      1.1781168       -0.0886557        0.0000000
      1.2435677       -0.3668942        0.1336642
      1.3090187       -0.2113907        0.4087493
      1.3744696        0.6777394        0.7543131
      1.4399206        2.2187068        1.1485415
      1.5053715        3.9191631        1.5505350
      1.5708224        5.1116339        1.9059448
      1.6362734        5.3131788        2.1587834
      1.7017243        4.4846303        2.2659462
      1.7671752        3.0323766        2.2093322
      1.8326262        1.5645530        2.0010507
      1.8980771        0.5652001        1.6798473
      1.9635280        0.1847955        1.3003390
      2.0289790        0.2506125        0.9192625
      2.0944299        0.4512974        0.5835708
      2.1598808        0.5510108        0.3237554
      2.2253318        0.4976443        0.1531507
      2.2907827        0.3846468        0.0715582
      2.3562336        0.3296247        0.0703735
      2.4216846        0.3737907        0.1367765
      2.4871355        0.4678837        0.2559231
      2.5525864        0.5337811        0.4115305
      2.6180374        0.5377816        0.5860281
      2.6834883        0.5154520        0.7613177
      2.7489392        0.5358207        0.9204588
      2.8143902        0.6414470        1.0498161
      2.8798411        0.8140338        1.1408396
      2.9452920        0.9887836        1.1907984
      3.0107430        1.1008676        1.2022868
      3.0761939        1.1261187        1.1818121
      3.1416448        1.0882021        1.1380301
      3.2070958        1.0332756        1.0801428
      3.2725467        0.9960302        1.0167345
      3.3379976        0.9822045        0.9550757
      3.4034486        0.9754811        0.9007813
      3.4688995        0.9574988        0.8576976
      3.5343504        0.9231780        0.8279539
      3.5998014        0.8817079        0.8121644
      3.6652523        0.8468048        0.8097733
      3.7307032        0.8268375        0.8194883
      3.7961542        0.8222711        0.8397032
      3.8616051        0.8296998        0.8687856
      3.9270560        0.8465248        0.9051459
      3.9925070        0.8717393        0.9470814
      4.0579579        0.9034418        0.9924918
      4.1234088        0.9370309        1.0386326
      4.1888598        0.9667257        1.0820893
      4.2543107        0.9891174        1.1190817
      4.3197617        1.0051491        1.1460852
      4.3852126        1.0184292        1.1606051
      4.4506635        1.0313864        1.1618539
      4.5161145        1.0428404        1.1510787
      4.5815654        1.0491504        1.1313973
      4.6470163        1.0477074        1.1071647
      4.7124673        1.0394268        1.0830542
      4.7779182        1.0280120        1.0631198
      4.8433691        1.0168773        1.0500902
      4.9088201        1.0067485        1.0450422
      4.9742710        0.9961461        1.0474679
      5.0397219        0.9840868        1.0556379
      5.1051729        0.9722107        1.0671130
      5.1706238        0.9641355        1.0792657
      5.2360747        0.9625451        1.0897134
      5.3015257        0.9667445        1.0966243
      5.3669766        0.9730447        1.0988858
      5.4324275        0.9777441        1.0961514
      5.4978785        0.9800526        1.0887822
      5.5633294        0.9823344        1.0777025
      5.6287803        0.9874903        1.0641974
      5.6942313        0.9959245        1.0496821
      5.7596822        1.0049272        1.0354810
      5.8251331        1.0110858        1.0226525
      5.8905841        1.0135261        1.0118836
      5.9560350        1.0149353        1.0034631
      6.0214859        1.0192420        0.9973273
      6.0869369        1.0278336        0.9931542
      6.1523878        1.0376164        0.9904812
      6.2178387        1.0427782        0.9888186
      6.2832897        1.0390216        0.9877401
      6.3487406        1.0269391        0.9869391
      6.4141915        1.0118759        0.9862467
      6.4796425        1.0004439        0.9856162
      6.5450934        0.9964370        0.9850831
      6.6105443        0.9991368        0.9847145
      6.6759953        1.0048758        0.9845639
      6.7414462        1.0101424        0.9846464
      6.8068971        1.0136283        0.9849370
      6.8723481        1.0159420        0.9853913
      6.9377990        1.0178785        0.9859733
      7.0032500        1.0191792        0.9866786
      7.0687009        1.0188862        0.9875407
      7.1341518        1.0166630        0.9886210
      7.1996028        1.0135270        0.9899864
      7.2650537        1.0111312        0.9916841
      7.3305046        1.0102767        0.9937189
      7.3959556        1.0101795        0.9960403
      7.4614065        1.0093157        0.9985393
      7.5268574        1.0070975        1.0010578
      7.5923084        1.0047168        1.0034105
      7.6577593        1.0041762        1.0054168
      7.7232102        1.0062421        1.0069347
      7.7886612        1.0092096        1.0078879
      7.8541121        1.0098267        1.0082768
      7.9195630        1.0058534        1.0081716
      7.9850140        0.9981761        1.0076919
      8.0504649        0.9905820        1.0069810
      8.1159158        0.9871709        1.0061833
      8.1813668        0.9893821        1.0054282
      8.2468177        0.9950082        1.0048201
      8.3122686        0.9999793        1.0044299
      8.3777196        1.0014463        1.0042903
      8.4431705        0.9996682        1.0043946
      8.5086214        0.9972749        1.0047020
      8.5740724        0.9966981        1.0051498
      8.6395233        0.9980510        1.0056686
      8.7049742        0.9992492        1.0061946
      8.7704252        0.9981630        1.0066765
      8.8358761        0.9948255        1.0070750
      8.9013270        0.9916983        1.0073594
      8.9667780        0.9917051        1.0075046
      9.0322289        0.9956948        1.0074908
      9.0976798        1.0015086        1.0073061
      9.1631308        1.0054865        1.0069488
      9.2285817        1.0052064        1.0064289
      9.2940326        1.0012353        1.0057682
      9.3594836        0.9965144        1.0049992
      9.4249345        0.9939561        1.0041619
      9.4903854        0.9942454        1.0033015
      9.5558364        0.9955860        1.0024632
      9.6212873        0.9954708        1.0016885
      9.6867382        0.9929205        1.0010121
      9.7521892        0.9893437        1.0004599
      9.8176401        0.9873872        1.0000490
      9.8830911        0.9887957        0.9997854
      9.9485420        0.9930281        0.9996616
     10.0139929        0.9976704        0.9996523
     10.0794439        1.0002181        0.9997136
     10.1448948        0.9997893        0.9997863
     10.2103457        0.9975259        0.9998056
     10.2757967        0.9955521        0.9997154
     10.3412476        0.9954268        0.9994805
     10.4066985        0.9972393        0.9990951
     10.4721495        0.9998331        0.9985839
     10.5376004        1.0017606        0.9979966
     10.6030513        1.0021721        0.9973973
     10.6685023        1.0011165        0.9968523
     10.7339532        0.9992885        0.9964170
     10.7994041        0.9975893        0.9961255
     10.8648551        0.9967864        0.9959858
     10.9303060        0.9973009        0.9959797
     10.9957569        0.9990441        0.9960714
     11.0612079        1.0013471        0.9962183
     11.1266588        1.0031540        0.9963827
     11.1921097        1.0035432        0.9965386
     11.2575607        1.0023314        0.9966740
     11.3230116        1.0003116        0.9967877
     11.3884625        0.9988419        0.9968859
     11.4539135        0.9989824        0.9969775
     11.5193644        1.0007799        0.9970714
     11.5848153        1.0032433        0.9971733
     11.6502663        1.0050499        0.9972828
     11.7157172        1.0054521        0.9973918
     11.7811681        1.0047084        0.9974858
     11.8466191        1.0037534        0.9975487
     11.9120700        1.0034289        0.9975699
     11.9775209        1.0039044        0.9975487
     12.0429719        1.0046981        0.9974962
     12.1084228        1.0051778        0.9974306
     12.1738737        1.0050559        0.9973706
     12.2393247        1.0044847        0.9973294
     12.3047756        1.0037736        0.9973116
     12.3702265        1.0030817        0.9973140
     12.4356775        1.0023902        0.9973288
     12.5011284        1.0017133        0.9973466
     12.5665794        1.0012350        0.9973586
     12.6320303        1.0011455        0.9973585
     12.6974812        1.0013088        0.9973439
     12.7629322        1.0011544        0.9973167
     12.8283831        1.0000423        0.9972826
     12.8938340        0.9978985        0.9972497
     12.9592850        0.9955645        0.9972247
     13.0247359        0.9944319        0.9972114
     13.0901868        0.9955001        0.9972099
     13.1556378        0.9985347        0.9972187
     13.2210887        1.0020287        0.9972367
     13.2865396        1.0040925        0.9972651
     13.3519906        1.0036714        0.9973063
     13.4174415        1.0012001        0.9973628
     13.4828924        0.9982240        0.9974340
     13.5483434        0.9963057        0.9975154
     13.6137943        0.9960606        0.9975994
     13.6792452        0.9970029        0.9976772
     13.7446962        0.9981976        0.9977406
     13.8101471        0.9990808        0.9977842
     13.8755980        0.9997559        0.9978068
     13.9410490        1.0005965        0.9978108
     14.0064999        1.0016140        0.9978019
     14.0719508        1.0022250        0.9977874
     14.1374018        1.0016629        0.9977742
     14.2028527        0.9996777        0.9977680
     14.2683036        0.9969003        0.9977727
     14.3337546        0.9945390        0.9977911
     14.3992055        0.9936401        0.9978259
     14.4646564        0.9944950        0.9978789
     14.5301074        0.9966097        0.9979501
     14.5955583        0.9991622        0.9980367
     14.6610092        1.0015002        0.9981329
     14.7264602        1.0032975        0.9982319
     14.7919111        1.0043815        0.9983290
     14.8573620        1.0045689        0.9984234
     14.9228130        1.0037798        0.9985184
     14.9882639        1.0023334        0.9986181
     15.0537148        1.0010349        0.9987249
     15.1191658        1.0007840        0.9988371
     15.1846167        1.0018916        0.9989493
     15.2500676        1.0036630        0.9990550
     15.3155186        1.0047114        0.9991490
     15.3809695        1.0039010        0.9992285
     15.4464205        1.0012579        0.9992931
     15.5118714        0.9981125        0.9993435
     15.5773223        0.9962844        0.9993811
     15.6427733        0.9968602        0.9994083
     15.7082242        0.9994519        0.9994293
     15.7736751        1.0024720        0.9994500
     15.8391261        1.0041938        0.9994768
     15.9045770        1.0038029        0.9995151
     15.9700279        1.0017225        0.9995674
     16.0354789        0.9991072        0.9996329
     16.1009298        0.9970213        0.9997081
     16.1663807        0.9959444        0.9997877
     16.2318317        0.9958413        0.9998655
     16.2972826        0.9965107        0.9999355
     16.3627335        0.9977637        0.9999930
     16.4281845        0.9992893        1.0000353
     16.4936354        1.0004886        1.0000631
     16.5590863        1.0006561        1.0000796
     16.6245373        0.9995235        1.0000905
     16.6899882        0.9977138        1.0001019
     16.7554391        0.9965627        1.0001189
     16.8208901        0.9972365        1.0001452
     16.8863410        0.9997329        1.0001820
     16.9517919        1.0026101        1.0002287
     17.0172429        1.0038241        1.0002820
     17.0826938        1.0021811        1.0003367
     17.1481447        0.9983321        1.0003859
     17.2135957        0.9944841        1.0004233
     17.2790466        0.9929432        1.0004447
     17.3444975        0.9945252        1.0004502
     17.4099485        0.9980140        1.0004434
     17.4753994        1.0010757        1.0004308
     17.5408503        1.0019327        1.0004192
     17.6063013        1.0005396        1.0004144
     17.6717522        0.9984171        1.0004212
     17.7372031        0.9973576        1.0004431
     17.8026541        0.9980666        1.0004828
     17.8681050        0.9997832        1.0005415
     17.9335559        1.0010837        1.0006177
     17.9990069        1.0011226        1.0007069
     18.0644578        1.0002680        1.0008023
     18.1299088        0.9996524        1.0008963
     18.1953597        1.0000899        1.0009823
     18.2608106        1.0013153        1.0010555
     18.3262616        1.0021973        1.0011133
     18.3917125        1.0017296        1.0011547
     18.4571634        0.9999525        1.0011794
     18.5226144        0.9980172        1.0011887
     18.5880653        0.9973244        1.0011851
     18.6535162        0.9984292        1.0011723
     18.7189672        1.0005916        1.0011550
     18.7844181        1.0023235        1.0011369
     18.8498690        1.0024927        1.0011213
     18.9153200        1.0011271        1.0011100
     18.9807709        0.9993281        1.0011048
     19.0462218        0.9984154        1.0011074
     19.1116728        0.9989881        1.0011186
     19.1771237        1.0005943        1.0011381
     19.2425746        1.0021796        1.0011632
     19.3080256        1.0028920        1.0011898
     19.3734765        1.0026131        1.0012133
     19.4389274        1.0018747        1.0012306
     19.5043784        1.0013301        1.0012404
     19.5698293        1.0012512        1.0012437
     19.6352802        1.0014225        1.0012419
     19.7007312        1.0014343        1.0012363
     19.7661821        1.0010685        1.0012277
     19.8316330        1.0004598        1.0012165
     19.8970840        0.9999495        1.0012036
     19.9625349        0.9998060        1.0011905
     20.0279858        1.0000541        1.0011788
     20.0934368        1.0005095        1.0011696
     20.1588877        1.0009310        1.0011631
     20.2243386        1.0011353        1.0011586
     20.2897896        1.0010093        1.0011542
     20.3552405        1.0004806        1.0011478
     20.4206914        0.9995447        1.0011372
     20.4861424        0.9983534        1.0011206
     20.5515933        0.9972684        1.0010978
     20.6170442        0.9967689        1.0010696
     20.6824952        0.9972167        1.0010387
     20.7479461        0.9986199        1.0010081
     20.8133970        1.0005670        1.0009806
     20.8788480        1.0023961        1.0009571
     20.9442989        1.0035000        1.0009368
     21.0097499        1.0035776        1.0009174
     21.0752008        1.0026956        1.0008970
     21.1406517        1.0011712        1.0008743
     21.2061027        0.9993953        1.0008495
     21.2715536        0.9977179        1.0008238
     21.3370045        0.9964212        1.0007988
     21.4024555        0.9957200        1.0007757
     21.4679064        0.9957242        1.0007557
     21.5333573        0.9963661        1.0007395
     21.5988083        0.9973701        1.0007271
     21.6642592        0.9983303        1.0007182
     21.7297101        0.9988867        1.0007114
     21.7951611        0.9988979        1.0007048
     21.8606120        0.9985026        1.0006960
     21.9260629        0.9980282        1.0006828
     21.9915139        0.9978100        1.0006633
     22.0569648        0.9980333        1.0006368
     22.1224157        0.9986768        1.0006032
     22.1878667        0.9995605        1.0005635
     22.2533176        1.0004409        1.0005196
     22.3187685        1.0010950        1.0004742
     22.3842195        1.0013736        1.0004298
     22.4496704        1.0012317        1.0003886
     22.5151213        1.0007455        1.0003512
     22.5805723        1.0001004        1.0003174
     22.6460232        0.9995316        1.0002861
     22.7114741        0.9992276        1.0002565
     22.7769251        0.9992450        1.0002279

 Total S(Q)'s: Comparison with input data

   494  2 are NQ and NPAR

       Q      S(Q)_RMC  S(Q)_Expt
      0.4682470      0.3946996      0.1629682
      0.4982822      0.4451432      0.2088308
      0.5283174      0.4839481      0.2344523
      0.5583526      0.5154384      0.2432883
      0.5883878      0.5476592      0.2433291
      0.6184230      0.5884072      0.2433721
      0.6484582      0.6418030      0.2496603
      0.6784934      0.7067614      0.2640797
      0.7085286      0.7778604      0.2843652
      0.7385638      0.8481013      0.3059322
      0.7685990      0.9122999      0.3243712
      0.7986342      0.9696301      0.3375008
      0.8286694      1.0242251      0.3461915
      0.8587046      1.0835590      0.3537681
      0.8887398      1.1552434      0.3644058
      0.9187750      1.2435183      0.3813146
      0.9488102      1.3468527      0.4055142
      0.9788454      1.4576422      0.4356769
      1.0088806      1.5641803      0.4690215
      1.0389158      1.6542075      0.5027950
      1.0689510      1.7187369      0.5356620
      1.0989862      1.7547557      0.5684112
      1.1290214      1.7658278      0.6037109
      1.1590566      1.7604174      0.6450636
      1.1890918      1.7485933      0.6954213
      1.2191270      1.7383622      0.7560257
      1.2491622      1.7329824      0.8258958
      1.2791974      1.7302138      0.9020828
      1.3092326      1.7237177      0.9804948
      1.3392678      1.7060176      1.0568943
      1.3693030      1.6718723      1.1276668
      1.3993382      1.6207878      1.1901260
      1.4293734      1.5577433      1.2423728
      1.4594086      1.4918862      1.2829365
      1.4894438      1.4336905      1.3104977
      1.5194790      1.3916169      1.3239136
      1.5495142      1.3694543      1.3225655
      1.5795494      1.3652413      1.3068533
      1.6095846      1.3720731      1.2785479
      1.6396198      1.3804328      1.2407527
      1.6696550      1.3811805      1.1973924
      1.6996902      1.3681704      1.1523652
      1.7297254      1.3396688      1.1086652
      1.7597606      1.2982326      1.0678133
      1.7897958      1.2492630      1.0298225
      1.8198311      1.1988859      0.9937048
      1.8498663      1.1519676      0.9583006
      1.8799015      1.1109239      0.9230797
      1.9099367      1.0756116      0.8885813
      1.9399719      1.0441520      0.8563197
      1.9700071      1.0142084      0.8282151
      2.0000423      0.9841326      0.8058130
      2.0300775      0.9535284      0.7896362
      2.0601127      0.9230820      0.7789549
      2.0901479      0.8938384      0.7720650
      2.1201831      0.8663297      0.7669508
      2.1502183      0.8399982      0.7620400
      2.1802535      0.8131960      0.7567335
      2.2102887      0.7837785      0.7514976
      2.2403239      0.7500340      0.7475071
      2.2703591      0.7115475      0.7460202
      2.3003943      0.6696148      0.7477753
      2.3304295      0.6270107      0.7526745
      2.3604647      0.5871786      0.7598748
      2.3904999      0.5531448      0.7682138
      2.4205351      0.5265682      0.7767460
      2.4505703      0.5072837      0.7851191
      2.4806055      0.4934981      0.7936025
      2.5106407      0.4825443      0.8027545
      2.5406759      0.4718903      0.8128908
      2.5707111      0.4600139      0.8236218
      2.6007463      0.4468258      0.8337060
      2.6307815      0.4335135      0.8413239
      2.6608167      0.4219107      0.8446880
      2.6908519      0.4136738      0.8427387
      2.7208871      0.4096042      0.8356219
      2.7509223      0.4093744      0.8247275
      2.7809575      0.4117337      0.8122462
      2.8109927      0.4150723      0.8004120
      2.8410279      0.4180803      0.7907342
      2.8710631      0.4202187      0.7835350
      2.9010983      0.4218137      0.7779807
      2.9311335      0.4237612      0.7725877
      2.9611687      0.4269942      0.7659830
      2.9912039      0.4319689      0.7575915
      3.0212391      0.4384049      0.7479562
      3.0512743      0.4453987      0.7385574
      3.0813095      0.4518593      0.7312135
      3.1113447      0.4570673      0.7273243
      3.1413799      0.4611018      0.7272872
      3.1714151      0.4649293      0.7303350
      3.2014503      0.4700969      0.7348640
      3.2314855      0.4781400      0.7391077
      3.2615207      0.4899486      0.7418650
      3.2915559      0.5053621      0.7429721
      3.3215911      0.5231749      0.7433234
      3.3516263      0.5415726      0.7444430
      3.3816615      0.5588362      0.7478022
      3.4116967      0.5740376      0.7541871
      3.4417319      0.5874449      0.7633863
      3.4717671      0.6004673      0.7743290
      3.5018023      0.6151520      0.7856003
      3.5318375      0.6334269      0.7960968
      3.5618727      0.6563848      0.8055317
      3.5919079      0.6838912      0.8145662
      3.6219431      0.7146668      0.8245193
      3.6519783      0.7468045      0.8367910
      3.6820135      0.7785075      0.8522625
      3.7120487      0.8087461      0.8709391
      3.7420839      0.8375709      0.8919884
      3.7721191      0.8659628      0.9141444
      3.8021543      0.8952972      0.9362829
      3.8321895      0.9266601      0.9578986
      3.8622247      0.9603159      0.9792637
      3.8922599      0.9955622      1.0011993
      3.9222951      1.0310405      1.0245746
      3.9523303      1.0653744      1.0497796
      3.9823655      1.0978569      1.0764353
      4.0124007      1.1288773      1.1035002
      4.0424359      1.1598727      1.1297435
      4.0724711      1.1927863      1.1543804
      4.1025063      1.2292187      1.1775698
      4.1325415      1.2696054      1.2005165
      4.1625767      1.3127600      1.2250859
      4.1926119      1.3559995      1.2530503
      4.2226471      1.3958459      1.2852631
      4.2526823      1.4290738      1.3211110
      4.2827175      1.4537279      1.3584987
      4.3127527      1.4697367      1.3944121
      4.3427879      1.4788861      1.4258679
      4.3728231      1.4841578      1.4508899
      4.4028583      1.4886713      1.4691316
      4.4328935      1.4946147      1.4818970
      4.4629287      1.5025534      1.4915509
      4.4929639      1.5113570      1.5005536
      4.5229991      1.5187516      1.5105060
      4.5530343      1.5222701      1.5215805
      4.5830695      1.5202307      1.5325562
      4.6131047      1.5123747      1.5414217
      4.6431399      1.4999385      1.5462823
      4.6731751      1.4851557      1.5461837
      4.7032103      1.4704072      1.5415073
      4.7332455      1.4573592      1.5337769
      4.7632807      1.4464242      1.5249620
      4.7933159      1.4367376      1.5165775
      4.8233511      1.4266356      1.5089585
      4.8533863      1.4144221      1.5010181
      4.8834215      1.3991116      1.4905934
      4.9134567      1.3808526      1.4752434
      4.9434919      1.3608776      1.4531811
      4.9735271      1.3410196      1.4239700
      5.0035623      1.3230023      1.3887176
      5.0335975      1.3077976      1.3497026
      5.0636327      1.2953002      1.3095983
      5.0936679      1.2844381      1.2706051
      5.1237031      1.2736541      1.2338269
      5.1537383      1.2615538      1.1991112
      5.1837735      1.2474526      1.1653768
      5.2138087      1.2316106      1.1312622
      5.2438439      1.2150772      1.0958117
      5.2738791      1.1992276      1.0589270
      5.3039143      1.1851941      1.0214286
      5.3339495      1.1734274      0.9847450
      5.3639847      1.1635598      0.9503960
      5.3940199      1.1546089      0.9195054
      5.4240551      1.1454199      0.8925391
      5.4540903      1.1351495      0.8693458
      5.4841255      1.1235859      0.8494387
      5.5141607      1.1111765      0.8323527
      5.5441959      1.0987627      0.8178953
      5.5742311      1.0871473      0.8061772
      5.6042663      1.0766874      0.7974249
      5.6343015      1.0670938      0.7916862
      5.6643367      1.0575281      0.7885937
      5.6943719      1.0469595      0.7873212
      5.7244071      1.0346353      0.7867752
      5.7544423      1.0204648      0.7859494
      5.7844775      1.0051523      0.7842877
      5.8145127      0.9900114      0.7818921
      5.8445479      0.9765241      0.7794716
      5.8745831      0.9658079      0.7780436
      5.9046183      0.9581968      0.7785042
      5.9346535      0.9530976      0.7812405
      5.9646887      0.9491810      0.7859449
      5.9947239      0.9448394      0.7917027
      6.0247591      0.9387438      0.7973143
      6.0547943      0.9302990      0.8017176
      6.0848295      0.9198331      0.8043429
      6.1148647      0.9084617      0.8052645
      6.1448999      0.8976815      0.8051060
      6.1749351      0.8888454      0.8047526
      6.2049703      0.8827053      0.8049986
      6.2350055      0.8791785      0.8062713
      6.2650407      0.8774050      0.8085260
      6.2950759      0.8760601      0.8113318
      6.3251111      0.8738004      0.8140883
      6.3551463      0.8696855      0.8162721
      6.3851815      0.8634358      0.8176198
      6.4152167      0.8554584      0.8181941
      6.4452519      0.8466550      0.8183422
      6.4752871      0.8380993      0.8185928
      6.5053223      0.8307057      0.8195490
      6.5353575      0.8250005      0.8218098
      6.5653927      0.8210558      0.8259175
      6.5954279      0.8185844      0.8323039
      6.6254631      0.8171344      0.8412085
      6.6554983      0.8162971      0.8525733
      6.6855335      0.8158470      0.8659567
      6.7155687      0.8157679      0.8805304
      6.7456039      0.8161722      0.8952116
      6.7756391      0.8171599      0.9089322
      6.8056743      0.8186892      0.9209760
      6.8357095      0.8205209      0.9312654
      6.8657447      0.8222688      0.9404664
      6.8957799      0.8235436      0.9498355
      6.9258151      0.8241364      0.9608249
      6.9558503      0.8241701      0.9745667
      6.9858855      0.8241491      0.9914239
      7.0159207      0.8248727      1.0107856
      7.0459559      0.8272245      1.0312072
      7.0759911      0.8318965      1.0508622
      7.1060263      0.8391376      1.0681474
      7.1360615      0.8486170      1.0822134
      7.1660967      0.8594614      1.0932155
      7.1961319      0.8704721      1.1021835
      7.2261671      0.8804646      1.1105619
      7.2562023      0.8886278      1.1196056
      7.2862375      0.8947856      1.1298737
      7.3162727      0.8994658      1.1410229
      7.3463079      0.9037435      1.1519801
      7.3763431      0.9088983      1.1614090
      7.4063783      0.9159935      1.1682687
      7.4364135      0.9255158      1.1722231
      7.4664487      0.9372000      1.1737275
      7.4964839      0.9501040      1.1737643
      7.5265191      0.9629128      1.1733527
      7.5565543      0.9743695      1.1730575
      7.5865895      0.9836839      1.1727257
      7.6166247      0.9907745      1.1715743
      7.6466599      0.9962591      1.1686002
      7.6766951      1.0011987      1.1631311
      7.7067303      1.0066939      1.1552693
      7.7367655      1.0134852      1.1460195
      7.7668008      1.0217099      1.1370230
      7.7968360      1.0309056      1.1299935
      7.8268712      1.0402568      1.1260837
      7.8569064      1.0489830      1.1254461
      7.8869416      1.0567086      1.1271801
      7.9169768      1.0636618      1.1296919
      7.9470120      1.0706127      1.1313245
      7.9770472      1.0785678      1.1309961
      8.0070824      1.0883364      1.1285849
      8.0371176      1.1001422      1.1249049
      8.0671528      1.1134412      1.1212924
      8.0971880      1.1270309      1.1189891
      8.1272232      1.1394234      1.1185921
      8.1572584      1.1493471      1.1198070
      8.1872936      1.1561875      1.1216089
      8.2173288      1.1601972      1.1227307
      8.2473640      1.1623887      1.1222597
      8.2773992      1.1641478      1.1200740
      8.3074344      1.1667136      1.1169208
      8.3374696      1.1707237      1.1140991
      8.3675048      1.1759999      1.1128840
      8.3975400      1.1816553      1.1139437
      8.4275752      1.1864757      1.1170058
      8.4576104      1.1894224      1.1209225
      8.4876456      1.1900548      1.1241087
      8.5176808      1.1887028      1.1251654
      8.5477160      1.1863233      1.1234231
      8.5777512      1.1841002      1.1191709
      8.6077864      1.1829519      1.1134818
      8.6378216      1.1831507      1.1077166
      8.6678568      1.1842103      1.1029289
      8.6978920      1.1850924      1.0994350
      8.7279272      1.1846518      1.0967314
      8.7579624      1.1821408      1.0937889
      8.7879976      1.1775664      1.0895791
      8.8180328      1.1717507      1.0835889
      8.8480680      1.1660589      1.0760845
      8.8781032      1.1618942      1.0680020
      8.9081384      1.1601523      1.0605134
      8.9381736      1.1608464      1.0544679
      8.9682088      1.1630526      1.0499653
      8.9982440      1.1652007      1.0462667
      9.0282792      1.1656047      1.0420916
      9.0583144      1.1630367      1.0361800
      9.0883496      1.1571320      1.0278693
      9.1183848      1.1484818      1.0174252
      9.1484200      1.1383867      1.0059692
      9.1784552      1.1283763      0.9950219
      9.2084904      1.1196784      0.9858557
      9.2385256      1.1128375      0.9789394
      9.2685608      1.1076115      0.9737252
      9.2985960      1.1031686      0.9688817
      9.3286312      1.0984853      0.9628838
      9.3586664      1.0927806      0.9547076
      9.3887016      1.0858119      0.9443309
      9.4187368      1.0779280      0.9328124
      9.4487720      1.0698719      0.9219066
      9.4788072      1.0624312      0.9133669
      9.5088424      1.0560852      0.9082310
      9.5388776      1.0507958      0.9063917
      9.5689128      1.0460227      0.9066375
      9.5989480      1.0409511      0.9071509
      9.6289832      1.0348323      0.9062550
      9.6590184      1.0272998      0.9030944
      9.6890536      1.0185340      0.8979650
      9.7190888      1.0092156      0.8921581
      9.7491240      1.0002905      0.8873894
      9.7791592      0.9926422      0.8850628
      9.8091944      0.9867975      0.8856806
      9.8392296      0.9827718      0.8886503
      9.8692648      0.9801010      0.8925594
      9.8993000      0.9780333      0.8957922
      9.9293352      0.9757977      0.8972159
      9.9593704      0.9728459      0.8966407
      9.9894056      0.9689848      0.8948629
     10.0194408      0.9643701      0.8932816
     10.0494760      0.9593867      0.8932684
     10.0795112      0.9544823      0.8955674
     10.1095464      0.9500272      0.8999871
     10.1395816      0.9462493      0.9055075
     10.1696168      0.9432496      0.9107430
     10.1996520      0.9410664      0.9145486
     10.2296872      0.9397344      0.9164965
     10.2597224      0.9392964      0.9170194
     10.2897576      0.9397551      0.9171677
     10.3197928      0.9409905      0.9181034
     10.3498280      0.9426935      0.9205668
     10.3798632      0.9443680      0.9245581
     10.4098984      0.9454249      0.9293728
     10.4399336      0.9453528      0.9339642
     10.4699688      0.9439082      0.9374572
     10.5000040      0.9412522      0.9395717
     10.5300392      0.9379689      0.9407572
     10.5600744      0.9349409      0.9419794
     10.5901096      0.9331108      0.9442597
     10.6201448      0.9331979      0.9481877
     10.6501800      0.9354671      0.9536370
     10.6802152      0.9396262      0.9598224
     10.7102504      0.9448935      0.9656774
     10.7402856      0.9502160      0.9703785
     10.7703208      0.9545714      0.9737710
     10.8003560      0.9572588      0.9764914
     10.8303912      0.9580897      0.9797166
     10.8604264      0.9574229      0.9846446
     10.8904616      0.9560406      0.9919361
     10.9204968      0.9549097      1.0013747
     10.9505320      0.9549065      1.0119079
     10.9805672      0.9565849      1.0220643
     11.0106024      0.9600520      1.0305703
     11.0406376      0.9649745      1.0368946
     11.0706728      0.9707029      1.0414739
     11.1007080      0.9764657      1.0455121
     11.1307432      0.9815760      1.0504332
     11.1607784      0.9855946      1.0572279
     11.1908136      0.9884136      1.0659827
     11.2208488      0.9902487      1.0758096
     11.2508840      0.9915535      1.0852140
     11.2809192      0.9928833      1.0927472
     11.3109544      0.9947451      1.0976559
     11.3409896      0.9974698      1.1002385
     11.3710248      1.0011331      1.1017421
     11.4010600      1.0055398      1.1038339
     11.4310952      1.0102756      1.1078713
     11.4611304      1.0148103      1.1142887
     11.4911656      1.0186315      1.1223707
     11.5212008      1.0213756      1.1305192
     11.5512360      1.0229242      1.1369028
     11.5812712      1.0234419      1.1402127
     11.6113064      1.0233438      1.1401969
     11.6413416      1.0232002      1.1377420
     11.6713768      1.0236034      1.1344673
     11.7014120      1.0250297      1.1320095
     11.7314472      1.0277348      1.1313104
     11.7614824      1.0317067      1.1322203
     11.7915176      1.0366858      1.1335881
     11.8215528      1.0422411      1.1337956
     11.8515880      1.0478773      1.1314978
     11.8816232      1.0531410      1.1262414
     11.9116584      1.0576994      1.1186867
     11.9416936      1.0613768      1.1103380
     11.9717288      1.0641511      1.1029007
     12.0017640      1.0661222      1.0975534
     12.0317992      1.0674709      1.0944537
     12.0618344      1.0684220      1.0926968
     12.0918696      1.0692194      1.0907383
     12.1219048      1.0701069      1.0870892
     12.1519400      1.0713084      1.0809718
     12.1819752      1.0729995      1.0726452
     12.2120104      1.0752703      1.0632602
     12.2420456      1.0780899      1.0543189
     12.2720808      1.0812880      1.0469885
     12.3021160      1.0845685      1.0415865
     12.3321512      1.0875619      1.0374684
     12.3621864      1.0899090      1.0333679
     12.3922216      1.0913539      1.0280248
     12.4222568      1.0918185      1.0208078
     12.4522920      1.0914307      1.0120366
     12.4823272      1.0904924      1.0028518
     12.5123624      1.0893947      0.9946869
     12.5423976      1.0885017      0.9885893
     12.5724328      1.0880417      0.9847106
     12.6024680      1.0880399      0.9822127
     12.6325032      1.0883171      0.9796479
     12.6625384      1.0885542      0.9756465
     12.6925736      1.0884045      0.9695952
     12.7226088      1.0876149      0.9619836
     12.7526440      1.0861176      0.9542355
     12.7826792      1.0840605      0.9480826
     12.8127144      1.0817664      0.9447486
     12.8427496      1.0796333      0.9443187
     12.8727848      1.0780079      0.9455979
     12.9028200      1.0770730      0.9465545
     12.9328552      1.0767841      0.9451782
     12.9628904      1.0768753      0.9403866
     12.9929256      1.0769334      0.9325739
     13.0229608      1.0765151      0.9235359
     13.0529960      1.0752744      0.9157755
     13.0830312      1.0730586      0.9114665
     13.1130664      1.0699481      0.9115184
     13.1431016      1.0662265      0.9151533
     13.1731368      1.0622941      0.9201955
     13.2031720      1.0585492      0.9239668
     13.2332072      1.0552741      0.9244109
     13.2632424      1.0525590      0.9209633
     13.2932776      1.0502842      0.9147843
     13.3233128      1.0481662      0.9082449
     13.3533480      1.0458522      0.9038849
     13.3833832      1.0430359      0.9032960
     13.4134184      1.0395604      0.9064228
     13.4434536      1.0354772      0.9115971
     13.4734888      1.0310460      0.9162961
     13.5035240      1.0266723      0.9182934
     13.5335592      1.0228012      0.9166915
     13.5635944      1.0197964      0.9123666
     13.5936296      1.0178374      0.9076159
     13.6236648      1.0168663      0.9051508
     13.6537000      1.0165969      0.9068780
     13.6837353      1.0165870      0.9130162
     13.7137705      1.0163532      0.9219536
     13.7438057      1.0154978      0.9309298
     13.7738409      1.0138124      0.9372485
     13.8038761      1.0113291      0.9394854
     13.8339113      1.0083066      0.9381401
     13.8639465      1.0051541      0.9354216
     13.8939817      1.0023155      0.9342435
     13.9240169      1.0001458      0.9368666
     13.9540521      0.9988162      0.9438037
     13.9840873      0.9982745      0.9534987
     14.0141225      0.9982698      0.9629579
     14.0441577      0.9984373      0.9690789
     14.0741929      0.9984141      0.9700940
     14.1042281      0.9979551      0.9664660
     14.1342633      0.9970111      0.9607989
     14.1642985      0.9957485      0.9567568
     14.1943337      0.9945020      0.9574383
     14.2243689      0.9936740      0.9639265
     14.2544041      0.9936108      0.9746867
     14.2844393      0.9944913      0.9861337
     14.3144745      0.9962618      0.9941705
     14.3445097      0.9986381      0.9960447
     14.3745449      1.0011748      0.9916897
     14.4045801      1.0033828      0.9839041
     14.4346153      1.0048625      0.9772143
     14.4646505      1.0054132      0.9758624
     14.4946857      1.0050878      0.9817845
     14.5247209      1.0041758      0.9935118
     14.5547561      1.0031203      1.0065686
     14.5847913      1.0023931      1.0153009
     14.6148265      1.0023627      1.0154124
     14.6448617      1.0031945      1.0061092
     14.6748969      1.0048106      0.9908371
     14.7049321      1.0069187      0.9761498
     14.7349673      1.0091016      0.9690464
     14.7650025      1.0109399      0.9738326
     14.7950377      1.0121314      0.9898709
     14.8250729      1.0125754      1.0113217
     14.8551081      1.0123978      1.0291993
     14.8851433      1.0119141      1.0350827
     14.9151785      1.0115411      1.0250261
     14.9452137      1.0116844      1.0019668
     14.9752489      1.0126326      0.9753864
     15.0052841      1.0144854      0.9580031
     15.0353193      1.0171316      0.9604889
     15.0653545      1.0202796      0.9861310
     15.0953897      1.0235289      1.0275867
     15.1254249      1.0264625      1.0672852
     15.1554601      1.0287353      1.0817649
     15.1854953      1.0301403      1.0487731
     15.2155305      1.0306377      0.9548303
     15.2455657      1.0303464      0.8006318
     15.2756009      1.0295025      0.6022792
