Time       moves_acc moves_gen
h/m/s/.th    WEIGHT PARAMETERS 
013426.060       56828       66000
013438.077      125624      146366
013450.063      186873      218351
013502.054      248126      290723
013514.083      314660      368936
013526.069      396603      464807
013538.056      468004      548995
013550.055      557711      655010
013602.074      611996      718794
013614.070      689758      810660
013626.060      768788      904400
013638.054      818313      962631
013650.056      876001     1030772
013702.091      934501     1100002
013714.054     1016156     1197235
013726.054     1085882     1279830
013738.059     1161514     1369890
013750.053     1227066     1448113
013802.055     1300369     1535487
013814.075     1382461     1632927
013826.067     1439368     1700576
013838.054     1514971     1790338
013850.055     1565362     1850238
013902.075     1626779     1923002
013914.056     1682421     1988908
013926.072     1751278     2070301
013938.057     1817071     2148280
013950.068     1870312     2210825
014002.055     1942463     2296067
014014.055     1993445     2357032
014026.062     2041106     2414036
014038.060     2093326     2476118
014050.067     2149103     2542513
014102.062     2215819     2621294
014114.060     2275082     2691390
014126.054     2390611     2828566
014138.079     2488357     2944749
014150.054     2531081     2994993
014202.058     2614042     3093588
014214.055     2704371     3200943
014226.071     2747815     3252243
014238.071     2794918     3307853
014250.055     2856624     3380547
014302.087     2919697     3455537
014314.054     2995057     3545325
014326.054     3066431     3629808
014338.054     3119072     3692056
014350.056     3192686     3779047
014402.054     3266722     3866505
014414.054     3319996     3929433
014426.054     3367666     3985781
014438.062     3430969     4061029
014450.071     3482887     4122213
014502.057     3554193     4207000
014514.054     3608389     4271513
014526.059     3687178     4364464
014538.055     3771517     4464590
014550.055     3821947     4524273
014602.072     3879701     4592616
014614.076     3947915     4673402
014626.054     4012765     4750256
014638.088     4062088     4809109
014650.069     4132587     4892903
014702.055     4212620     4988083
014714.059     4304522     5096692
014726.054     4360313     5163004
014738.054     4426676     5241931
014750.064     4493606     5321548
014802.067     4546042     5383988
014814.059     4608125     5457701
014826.071     4664595     5525044
014838.058     4714573     5584801
014850.054     4766224     5646191
014902.066     4832416     5724787
014914.066     4898087     5803316
014926.056     4962610     5879901
014938.073     5019904     5947801
014950.056     5100150     6042681
015002.054     5176718     6132958
015014.063     5243520     6211805
015026.086     5316261     6298331
015038.064     5391924     6387741
015050.055     5437988     6442449
015102.054     5501035     6517597
015114.060     5560843     6589265
015126.057     5615536     6654836
015138.067     5675982     6726798
015150.079     5750080     6814505
015202.076     5801098     6875203
015214.061     5850338     6933607
015226.054     5913629     7008716
015238.063     5984950     7093901
015250.067     6053251     7174703
015302.067     6121724     7255553
015314.055     6182961     7328277
015326.054     6263140     7423074
015338.076     6318622     7488516
015350.058     6381259     7562648
015402.067     6436760     7628636
015414.069     6501451     7705558
015426.066     6575661     7793300
015438.070     6641634     7871899
015450.066     6697731     7938608
015502.058     6751779     8003000
015514.055     6808613     8070201
015526.060     6888800     8164587
015538.058     6964242     8254176
015550.061     7033114     8335533
015602.054     7094967     8408948
015614.073     7162842     8489716
015626.058     7224280     8562603
015638.052     7302350     8655890
015650.053     7379708     8748236
015702.054     7469975     8855183
015714.057     7536063     8933701
015726.054     7614237     9026470
015738.060     7685788     9111124
015750.055     7754679     9193232
015802.054     7835847     9289984
015814.054     7900040     9367001
015826.075     7950604     9427015
015838.054     8021026     9511179
015850.054     8076569     9577343
015902.071     8149657     9664127
015914.064     8220810     9748928
015926.054     8287338     9828186
015938.062     8363737     9918568
015950.085     8434070    10001890
020002.053     8511948    10094599
020014.071     8598335    10197347
020026.097     8694294    10310785
020038.054     8797425    10432381
020050.054     8884490    10535328
020102.054     8949626    10612276
020114.082     9029007    10706078
020126.057     9094498    10783716
020138.062     9169803    10873152
020150.056     9249470    10967006
020202.055     9313224    11042789
020214.054     9390229    11134146
020226.054     9466308    11224659
020238.087     9522637    11291902
020250.055     9594244    11377452
020302.061     9667520    11464104
020314.054     9744070    11555404
020326.067     9809156    11632860
020338.068     9881342    11719004
020350.054     9931767    11778633
020402.054     9993757    11852035
020414.059    10056517    11926371
020426.055    10130897    12013717
020438.057    10196038    12091000
020450.084    10269660    12177902
020502.053    10342123    12263690
020514.053    10393948    12325014
020526.057    10472700    12418432
020538.086    10539845    12497984
020550.070    10609123    12580402
020602.079    10673472    12656808
020614.086    10741790    12737406
020626.087    10805564    12812818
020638.080    10870603    12890169
020650.056    10938666    12971084
020702.057    11003319    13048140
020714.057    11055364    13109925
020726.056    11115988    13181575
020738.063    11183442    13261802
020750.061    11266343    13360334
020802.056    11331188    13437526
020814.087    11387341    13504731
020826.060    11443004    13571115
020838.052    11516783    13658915
020850.061    11579447    13733774
020902.055    11630018    13794501
020914.055    11685567    13860777
020926.056    11759002    13948313
020938.056    11838206    14043080
020950.056    11905400    14122781
021002.056    11972448    14202773
021014.059    12051144    14296402
021026.056    12125705    14385268
021038.071    12201693    14475711
021050.054    12277813    14565750
021102.080    12337211    14636812
021114.060    12410202    14723701
021126.055    12474464    14800123
021138.056    12538114    14875508
021150.065    12633965    14989604
021202.056    12686905    15052301
021214.062    12787683    15172235
021226.058    12864572    15263484
021238.067    12917974    15327001
021250.062    12996437    15420500
021302.055    13082992    15523334
021314.056    13165406    15621258
021326.055    13208434    15672307
021338.057    13279449    15756447
021350.058    13345637    15835546
021402.054    13434698    15942052
021414.056    13517010    16040130
021426.069    13599515    16138216
021438.056    13673193    16225770
021450.056    13748009    16315593
021502.058    13800891    16379021
021514.092    13859929    16449034
021526.057    13952625    16558665
021538.062    14020281    16638996
021550.056    14082611    16713048
021602.056    14177374    16826108
021614.066    14239404    16900100
021626.055    14308885    16982748
021638.059    14339434    17018978
021650.056    14419112    17113934
021702.078    14493484    17202000
021714.058    14570158    17293278
021726.073    14629064    17363098
021738.056    14703271    17450966
021750.054    14764967    17523970
021802.054    14840006    17613330
021814.077    14917726    17705078
021826.085    14969092    17766001
021838.056    15042884    17853446
021850.054    15098718    17919768
021902.096    15177560    18013930
021914.056    15260755    18112843
021926.057    15339728    18206601
021938.086    15416027    18296750
021950.060    15468224    18358447
022002.091    15543399    18447016
022014.087    15584918    18496202
022026.056    15652147    18576339
022038.065    15706650    18641185
022050.067    15785879    18734824
022102.078    15865081    18829102
022114.065    15921597    18896405
022126.056    15996003    18984970
022138.056    16064325    19065835
022150.061    16124522    19137566
022202.067    16185119    19210212
022214.086    16240913    19276546
022226.055    16331080    19384075
022238.061    16420003    19489817
022250.085    16480296    19561235
022302.084    16561358    19657761
022314.056    16650964    19764070
022326.054    16702583    19825580
022338.057    16787927    19927067
022350.057    16852776    20003602
022402.056    16926479    20090257
022414.062    17005956    20184626
022426.079    17080503    20272859
022438.056    17131813    20333683
022450.056    17201610    20416331
022502.053    17292353    20524049
022514.054    17332132    20571161
022526.057    17378748    20626470
022538.054    17444426    20704272
022550.060    17501453    20772127
022602.063    17583909    20870001
022614.054    17638163    20934723
022626.056    17730268    21044082
022638.056    17785177    21109094
022650.056    17851910    21188206
022702.056    17929758    21280836
022714.070    17990007    21352205
022726.059    18063062    21439063
022738.068    18138068    21528289
022750.057    18221627    21627104
022802.064    18287714    21705440
022814.057    18375048    21808818
022826.057    18467453    21917764
022838.054    18510449    21968650
022850.088    18574175    22044127
022902.088    18630509    22111103
022914.056    18712061    22207955
022926.079    18772423    22279439
022938.057    18852078    22373300
022950.060    18897451    22426701
023002.056    18947969    22486368
023014.065    19022471    22574231
023026.056    19099503    22665158
023038.071    19151454    22727102
023050.078    19209137    22795728
023102.055    19273906    22872123
023114.061    19338280    22948552
023126.058    19384753    23003431
023138.079    19442851    23072373
023150.078    19493443    23132025
023202.093    19544866    23193003
023214.070    19612801    23273601
023226.089    19667724    23338693
023238.061    19746900    23432243
023250.054    19825155    23524821
023302.078    19909170    23623793
023314.060    19969570    23695212
023326.054    20021832    23757013
023338.057    20098893    23848004
023350.062    20152808    23911789
023402.061    20234996    24009449
023414.055    20292475    24077538
023426.059    20375214    24175817
023438.056    20418063    24226741
023450.060    20485993    24307009
023502.063    20556367    24390487
023514.055    20648461    24500093
023526.054    20729075    24596023
023538.065    20790409    24668955
023550.060    20860332    24752043
023602.056    20956064    24865112
023614.079    21045462    24971024
023626.056    21109454    25046941
023638.059    21177670    25127523
023650.056    21258741    25224193
023702.057    21326584    25304701
023714.056    21401496    25393578
023726.057    21474366    25480000
023738.056    21526942    25542445
023750.074    21600790    25630401
023802.056    21674268    25717548
023814.067    21762438    25822270
023826.069    21825028    25896477
023838.054    21901314    25987199
023850.059    21973386    26072579
023902.056    22049374    26162655
023914.067    22125059    26252782
023926.057    22183658    26322382
023938.066    22257879    26409766
023950.057    22333510    26499600
024002.055    22401795    26580710
024014.056    22467761    26658600
024026.056    22549591    26755623
024038.059    22582722    26794901
024050.065    22640836    26863740
024102.057    22718910    26956609
024114.063    22788462    27038602
024126.056    22861596    27125247
024138.056    22923265    27198615
024150.057    22991174    27279115
024202.084    23045228    27343253
024214.061    23121252    27433101
024226.090    23178397    27500675
024238.072    23239298    27572495
024250.057    23308020    27654088
024302.056    23372142    27730427
024314.058    23453866    27828302
024326.094    23508773    27894002
024338.067    23581219    27980634
024350.056    23630123    28038762
024402.075    23693472    28114105
024414.056    23764374    28198702
024426.053    23853840    28305437
024438.054    23946261    28414880
024450.064    24015832    28497559
024502.057    24081711    28575968
024514.062    24174500    28686530
024526.053    24261565    28789703
024538.087    24317157    28856001
024550.056    24403918    28958967
024602.064    24431055    28991306
024614.056    24498924    29072064
024626.056    24558878    29143105
024638.061    24620077    29215670
024650.066    24698393    29308701
024702.056    24767873    29391134
024714.064    24836754    29472802
024726.058    24911174    29560999
024738.057    24962808    29622046
024750.062    25066943    29745680
024802.070    25137312    29829102
024814.056    25229666    29938635
024826.056    25294787    30016164
024838.056    25387507    30126038
024850.057    25452411    30202899
024902.057    25499866    30259311
024914.061    25566609    30338200
024926.060    25644697    30431142
024938.057    25719222    30519624
024950.056    25781656    30593843
025002.067    25826248    30646858
025014.056    25916460    30754126
025026.063    25966431    30813781
025038.056    26049993    30913517
025050.057    26114040    30989985
025102.083    26191397    31081996
025114.056    26279284    31186484
025126.057    26354289    31275692
025138.056    26429977    31365861
025150.061    26486731    31433764
025202.056    26549127    31507965
025214.062    26624909    31597600
025226.057    26693947    31679645
025238.063    26755603    31753169
025250.056    26850263    31865729
025302.064    26908461    31934840
025314.056    26990877    32032862
025326.059    27071534    32128433
025338.056    27149640    32220754
025350.056    27213848    32296686
025402.057    27273547    32367659
025414.057    27345635    32453378
025426.057    27428652    32551532
025438.059    27498257    32634613
025450.055    27586809    32740155
025502.063    27643737    32807779
025514.056    27728066    32907934
025526.056    27796557    32989377
025538.057    27848399    33050702
025550.056    27919796    33135105
025602.085    28000695    33231540
025614.057    28074204    33318809
025626.056    28127001    33381301
025638.078    28177600    33441125
025650.057    28248116    33524702
025702.073    28326073    33616888
025714.061    28376456    33676706
025726.085    28425215    33734706
025738.056    28509230    33834698
025750.063    28573686    33911073
025802.054    28639947    33989879
025814.056    28721588    34087008
025826.064    28779783    34156339
025838.055    28842999    34231479
025850.066    28900915    34300361
025902.056    28985502    34401870
025914.057    29050342    34479099
025926.056    29120428    34562711
025938.064    29189016    34644884
025950.056    29240982    34706757
030002.057    29286407    34761100
030014.057    29353323    34840804
030026.055    29432516    34935577
030038.061    29511697    35029885
030050.054    29589516    35122528
030102.056    29669591    35217187
030114.068    29726792    35285091
030126.052    29812950    35387341
030138.057    29882001    35469401
030150.056    29954002    35554773
030202.063    30009948    35620989
030214.061    30077788    35701420
030226.065    30152961    35790292
030238.056    30220413    35869974
030250.081    30282819    35944103
030302.075    30373786    36051602
030314.058    30432471    36121012
030326.062    30481461    36178931
030338.056    30553800    36264644
030350.056    30618259    36341240
030402.063    30683975    36419224
030414.056    30742808    36489411
030426.069    30831268    36594405
030438.068    30872539    36643563
030450.056    30949312    36734414
030502.056    31005761    36801218
030514.056    31091647    36902821
030526.057    31178567    37005694
030538.079    31233491    37070968
030550.061    31319429    37172701
030602.065    31392420    37258800
030614.056    31441243    37317142
030626.055    31521228    37411813
030638.056    31595306    37499891
030650.060    31669591    37587982
030702.067    31737025    37668206
030714.056    31815412    37761112
030726.088    31893876    37854554
030738.056    31957381    37929520
030750.064    32041226    38027902
030802.056    32112744    38112788
030814.056    32186417    38200116
030826.061    32238671    38262201
030838.081    32327572    38367702
030850.056    32394342    38446700
030902.056    32464095    38529301
030914.062    32535922    38615001
030926.056    32602568    38694024
030938.076    32685554    38792104
030950.072    32741000    38857103
031002.067    32826594    38958276
031014.057    32886239    39028761
031026.056    32958496    39114646
031038.081    33013361    39179957
031050.061    33064957    39241268
031102.065    33134978    39323972
031114.055    33193695    39393200
031126.065    33269444    39483001
031138.057    33351648    39580001
031150.055    33448931    39695348
031202.061    33524480    39785121
031214.057    33597594    39871701
031226.054    33642474    39924740
031238.069    33707782    40001859
031250.055    33760443    40064479
031302.061    33844355    40163900
031314.060    33911804    40243900
031326.058    34002737    40351243
031338.063    34066805    40426230
031350.057    34119892    40489000
031402.056    34210944    40596557
031414.057    34273280    40670506
031426.057    34330507    40738028
031438.056    34401431    40822189
031450.056    34480638    40916645
031502.056    34535136    40981513
031514.074    34587177    41043602
031526.068    34638949    41104933
031538.056    34717744    41197979
031550.064    34780174    41272291
031602.062    34857970    41364983
031614.058    34928982    41449300
031626.055    34992438    41524517
031638.075    35060688    41605208
031650.056    35135669    41694018
031702.064    35188231    41756083
031714.066    35251390    41830349
031726.057    35348120    41945086
031738.057    35412755    42021640
031750.055    35464865    42083384
031802.064    35542723    42175468
031814.057    35626283    42274401
031826.056    35695438    42356501
031838.064    35762745    42436196
031850.061    35832885    42518986
031902.056    35902009    42600488
031914.080    35971985    42684006
031926.065    36033424    42756796
031938.058    36105991    42843380
031950.065    36169109    42918190
032002.067    36247733    43011081
032014.060    36330757    43109643
032026.057    36421044    43216501
032038.057    36486955    43294166
032050.063    36550667    43369327
032102.077    36614032    43445201
032114.055    36663371    43503953
032126.056    36720315    43571887
032138.056    36769873    43630455
032150.056    36860334    43737675
032202.074    36944339    43837784
032214.056    37017395    43924373
032226.064    37079932    43998304
032238.055    37144127    44074259
032250.063    37232009    44178663
032302.062    37301403    44261458
032314.061    37372790    44346300
032326.062    37459719    44449614
032338.056    37510252    44509774
032350.056    37555998    44564216
032402.056    37623690    44644395
032414.055    37708937    44745661
032426.054    37780380    44830675
032438.064    37843343    44905701
032450.057    37911178    44986389
032502.074    37949788    45032531
032514.057    38018268    45113818
032526.057    38080036    45187311
032538.078    38136061    45253609
032550.062    38223871    45357256
032602.063    38284381    45429198
032614.056    38339266    45494101
032626.057    38393974    45558401
032638.057    38465436    45642709
032650.061    38541719    45733345
032702.057    38607919    45811800
032714.066    38698215    45918356
032726.096    38765304    45997862
032738.067    38828548    46073000
032750.061    38902221    46160206
032802.063    38981965    46254501
032814.057    39061096    46347338
032826.069    39110484    46405555
032838.056    39176910    46484400
032850.060    39265039    46588796
032902.056    39326988    46661842
032914.060    39412861    46763149
032926.056    39502195    46868920
032938.056    39589940    46973469
032950.056    39666857    47064416
033002.056    39721862    47129524
033014.061    39791234    47211667
033026.056    39865269    47300190
033038.089    39927091    47374004
033050.062    40007859    47470029
033102.057    40087662    47564335
033114.056    40166171    47657082
033126.056    40231086    47733667
033138.061    40312234    47829606
033150.063    40395999    47928916
033202.090    40461257    48006502
033214.058    40527581    48085422
033226.061    40599958    48170876
033238.070    40657416    48238829
033250.056    40708714    48300164
033302.064    40799892    48408101
033314.067    40863806    48484278
033326.080    40924023    48556044
033338.066    41010103    48658097
033350.055    41086195    48748493
033402.059    41162828    48839836
033414.084    41232968    48923308
033426.077    41289695    48990749
033438.056    41372528    49089311
033450.056    41424258    49150594
033502.063    41484805    49222671
033514.056    41533410    49280584
033526.056    41597873    49357736
033538.080    41668825    49442502
033550.054    41741140    49528681
033602.057    41777285    49571856
033614.085    41836660    49642528
033626.056    41929102    49752381
033638.064    42010063    49848283
033650.073    42076172    49926347
033702.057    42144695    50007901
033714.063    42218928    50096089
033726.057    42291732    50182487
033738.056    42363485    50267781
033750.061    42430407    50347267
033802.056    42492591    50421379
033814.092    42569269    50512625
033826.060    42628374    50583056
033838.057    42689569    50656051
033850.079    42751898    50730061
033902.056    42788598    50773620
033914.057    42874208    50875566
033926.062    42930369    50942129
033938.059    43009198    51035643
033950.056    43079403    51118795
034002.058    43145030    51196816
034014.058    43227207    51294407
034026.057    43289638    51368350
034038.057    43379496    51474880
034050.090    43458535    51568507
034102.056    43533972    51658289
034114.057    43605754    51743201
034126.078    43674341    51824476
034138.092    43745473    51908903
034150.062    43788259    51959800
034202.056    43859296    52043974
034214.062    43938240    52137148
034226.056    43992964    52202083
034238.068    44066586    52290011
034250.067    44135881    52372397
034302.085    44198079    52446311
034314.056    44274868    52538006
034326.061    44355507    52634006
034338.062    44431248    52723900
034350.056    44517351    52825718
034402.084    44589348    52911342
034414.054    44675939    53014495
034426.071    44765968    53121343
034438.056    44856134    53228249
034450.074    44913483    53295889
034502.055    44996347    53394234
034514.057    45086482    53501062
034526.057    45152884    53579889
034538.087    45216377    53654703
034550.057    45300207    53753194
034602.054    45368551    53833801
034614.061    45433593    53911006
034626.056    45490346    53978371
034638.057    45568080    54070130
034650.056    45633132    54147210
034702.057    45728371    54260501
034714.058    45783666    54326633
034726.055    45844702    54399089
034738.079    45936950    54508619
034750.056    45996312    54579622
034802.078    46047031    54639407
034814.056    46129343    54736645
034826.057    46188168    54806501
034838.057    46254730    54885028
034850.059    46331414    54976001
034902.059    46392721    55048201
034914.077    46430332    55092742
034926.056    46501021    55176618
034938.065    46569663    55258332
034950.056    46648121    55351226
035002.078    46729970    55448539
035014.062    46796439    55527543
035026.056    46866203    55610186
035038.056    46957599    55718586
035050.055    47018440    55790609
035102.080    47089078    55874620
035114.057    47181092    55984243
035126.061    47232791    56045703
035138.069    47275550    56096488
035150.064    47341432    56174908
035202.064    47390550    56233270
035214.065    47450523    56304335
035226.070    47535137    56404699
035238.069    47640086    56529785
035250.077    47703940    56605611
035302.072    47760097    56672702
035314.056    47809027    56731052
035326.075    47867627    56800788
035338.063    47928424    56872977
035350.056    47992576    56948943
035402.055    48058610    57027454
035414.065    48128075    57109935
035426.064    48200416    57195621
035438.056    48248761    57253011
035450.075    48290630    57302606
035502.056    48355975    57380190
035514.083    48436433    57475302
035526.074    48476982    57523408
035538.065    48525500    57581094
035550.056    48614279    57686398
035602.096    48690797    57776702
035614.056    48778254    57880505
035626.056    48843268    57957374
035638.071    48939912    58071845
035650.065    49014178    58159299
035702.058    49077991    58235301
035714.060    49156636    58328396
035726.057    49255350    58445309
035738.069    49344081    58550511
035750.061    49411040    58630730
035802.056    49476685    58708575
035814.066    49539897    58783795
035826.056    49614031    58872444
035838.057    49691580    58964562
035850.058    49772597    59060752
035902.057    49850422    59153594
035914.056    49956657    59279930
035926.057    50014275    59348643
035938.057    50077205    59423682
035950.056    50140200    59498930
040002.062    50238321    59616044
040014.056    50324633    59719082
040026.063    50381412    59786269
040038.055    50426965    59840297
040050.064    50489576    59914790
040102.056    50553952    59991081
040114.090    50615876    60065006
040126.061    50680349    60141481
040138.057    50752243    60226795
040150.056    50833962    60323559
040202.055    50909056    60412620
040214.080    50991672    60511307
040226.070    51064109    60597626
040238.083    51141264    60688402
040250.057    51225707    60788185
040302.056    51297039    60872947
040314.056    51369089    60958460
040326.082    51421405    61020709
040338.057    51492354    61104815
040350.058    51563874    61189818
040402.056    51616502    61252292
040414.056    51674738    61321104
040426.057    51769741    61433729
040438.054    51836711    61513251
040450.056    51923724    61617083
040502.071    51973919    61676222
040514.055    52040184    61754551
040526.067    52110108    61837057
040538.056    52188492    61930233
040550.071    52268140    62024503
040602.056    52356572    62129581
040614.057    52430152    62216828
040626.056    52498342    62297984
040638.086    52548971    62358110
040650.086    52601281    62419951
040702.056    52659328    62488958
040714.061    52731529    62574471
040726.056    52808868    62665987
040738.058    52876774    62746050
040750.060    52922707    62800602
040802.056    52997805    62889879
040814.065    53058728    62962076
040826.068    53165170    63088644
040838.087    53221332    63155302
040850.057    53281849    63226792
040902.064    53343697    63300168
040914.067    53419526    63390502
040926.056    53501239    63487731
040938.056    53552338    63548460
040950.056    53629850    63640570
041002.061    53670862    63689273
041014.056    53760527    63795670
041026.061    53820860    63867500
041038.061    53880968    63938700
041050.056    53932860    64000580
041102.056    54014714    64097926
041114.060    54102219    64201366
041126.070    54149831    64257831
041138.057    54234718    64358105
041150.063    54312746    64450229
041202.056    54413295    64569314
041214.056    54502075    64674517
041226.058    54577321    64763904
041238.062    54660545    64862424
041250.084    54732715    64947893
041302.062    54786861    65012200
041314.056    54843123    65078496
041326.058    54913812    65162200
041338.056    55004197    65269174
041350.056    55077269    65355631
041402.057    55141019    65431121
041414.060    55196184    65496710
041426.056    55254946    65566416
041438.060    55324790    65649291
041450.056    55406422    65746000
041502.058    55477565    65830701
041514.061    55550066    65916591
041526.059    55593419    65968016
041538.059    55667454    66055141
041550.066    55730080    66129602
041602.084    55775523    66183826
041614.061    55823144    66240702
041626.060    55891541    66322270
041638.063    55972567    66419013
041650.061    56043814    66503601
041702.057    56137334    66614329
041714.056    56205320    66694745
041726.058    56280929    66784582
041738.058    56349457    66865643
041750.057    56441023    66973432
041802.056    56503901    67047700
041814.056    56564542    67119641
041826.063    56626168    67193002
041838.072    56707648    67289945
041850.056    56760621    67353005
041902.057    56829248    67434394
041914.056    56909532    67529792
041926.056    56979245    67611995
041938.066    57042121    67686401
041950.056    57118337    67776625
042002.056    57179252    67848886
042014.076    57249141    67932002
042026.056    57340496    68040338
042038.056    57408511    68121128
042050.058    57463625    68186075
042102.063    57550743    68289222
042114.085    57626954    68379801
042126.079    57683773    68447101
042138.056    57741943    68516079
042150.056    57821858    68611138
042202.057    57891565    68693800
042214.057    57966766    68783587
042226.057    58029070    68857434
042238.056    58117230    68961999
042250.061    58199496    69059865
042302.058    58245013    69113680
042314.058    58277725    69152560
042326.056    58312642    69193629
042338.069    58364489    69255543
042350.064    58415602    69316586
042402.057    58470852    69382500
042414.056    58564001    69493206
042426.071    58623478    69563934
042438.057    58696012    69650188
042450.058    58769107    69737276
042502.064    58856195    69840038
042514.056    58923658    69920225
042526.056    58983320    69990869
042538.056    59086388    70112865
042550.056    59155151    70194403
042602.057    59201106    70248816
042614.056    59273378    70335134
042626.065    59342656    70417377
042638.054    59404271    70490315
042650.060    59452817    70547785
042702.061    59546197    70657902
042714.070    59605858    70728707
042726.065    59658108    70790506
042738.065    59725693    70870449
042750.057    59807372    70967057
042802.056    59864091    71033915
042814.062    59934574    71118202
042826.070    59991807    71186324
042838.079    60073574    71283111
042850.073    60147478    71370265
042902.063    60217766    71453474
042914.056    60287987    71536943
042926.057    60358736    71620716
042938.067    60414278    71687000
042950.056    60507824    71798211
043002.062    60572978    71875474
043014.082    60647939    71964599
043026.058    60704369    72031274
043038.082    60779862    72121401
043050.069    60871478    72230502
043102.059    60909521    72275762
043114.061    60971982    72350266
043126.056    61030465    72420276
043138.057    61085853    72486365
043150.057    61169298    72585127
043202.057    61241093    72670351
043214.069    61316993    72760902
043226.060    61392937    72851833
043238.059    61461316    72933463
043250.082    61542638    73030391
043302.056    61616601    73118610
043314.075    61707978    73227003
043326.075    61788249    73322109
043338.056    61861597    73409647
043350.056    61914876    73472680
043402.056    61995377    73568318
043414.085    62067543    73653631
043426.057    62140008    73739453
043438.066    62214053    73827129
043450.059    62284835    73911311
043502.082    62357006    73997095
043514.056    62443942    74100236
043526.057    62494938    74160632
043538.068    62576646    74256986
043550.058    62659127    74354438
043602.057    62697957    74400190
043614.061    62795708    74515901
043626.082    62869453    74603818
043638.057    62932891    74679001
043650.086    63003143    74762106
043702.057    63091332    74866497
043714.088    63156166    74943205
043726.072    63220993    75020048
043738.056    63290850    75103044
043750.071    63354686    75178913
043802.059    63414032    75249208
043814.057    63488816    75338071
043826.057    63554677    75415816
043838.064    63611337    75482912
043850.057    63692551    75579765
043902.057    63780395    75684104
043914.062    63853140    75770872
043926.070    63919900    75850202
043938.056    63978567    75919851
043950.061    64048100    76002300
044002.060    64121207    76088672
044014.058    64184565    76164300
044026.064    64219984    76206310
044038.055    64297006    76297502
044050.061    64357620    76369401
044102.056    64431150    76456732
044114.086    64490748    76527011
044126.056    64555330    76603720
044138.056    64630775    76693395
044150.089    64700703    76776754
044202.061    64778102    76869001
044214.060    64863141    76970208
044226.056    64927823    77046707
044238.056    64996722    77128775
044250.056    65060834    77205431
044302.076    65121369    77277701
044314.056    65185477    77353748
044326.056    65236384    77413828
044338.055    65299737    77488361
044350.064    65366960    77567995
044402.056    65420294    77631100
044414.056    65494732    77719382
044426.056    65558243    77794803
044438.063    65601404    77846001
044450.056    65697114    77959548
044502.056    65777306    78054667
044514.055    65861797    78155377
044526.063    65909095    78211560
044538.088    65949142    78259173
044550.073    66040658    78368201
044602.061    66069926    78402800
044614.072    66135168    78480368
044626.056    66202753    78560518
044638.057    66274822    78645933
044650.063    66331900    78713533
044702.059    66395884    78789855
044714.064    66445098    78848353
044726.079    66509903    78925801
044738.059    66590414    79021300
044750.055    66661665    79105800
044802.056    66745808    79205422
044814.069    66816117    79289016
044826.073    66875661    79359701
044838.058    66932457    79426993
044850.078    67005099    79513032
044902.057    67054479    79571690
044914.062    67121707    79651305
044926.057    67194556    79738171
044938.057    67280677    79840502
044950.076    67350669    79923777
045002.062    67412314    79997202
045014.095    67478408    80075900
045026.057    67577868    80194002
045038.089    67657682    80288826
045050.058    67739379    80385701
045102.057    67823965    80486100
045114.060    67894409    80570025
045126.090    67972836    80663487
045138.056    68034124    80736550
045150.057    68106053    80821952
045202.064    68195024    80927600
045214.077    68244953    80986661
045226.055    68309440    81063736
045238.077    68369160    81134784
045250.074    68438828    81217407
045302.057    68475768    81261605
045314.092    68548654    81349103
045326.067    68611139    81423582
045338.056    68684967    81511408
045350.056    68757305    81596934
045402.056    68820774    81672574
045414.073    68910051    81778384
045426.094    68985669    81868244
045438.056    69056030    81951433
045450.060    69111450    82017413
045502.062    69165145    82081502
045514.094    69242611    82173905
045526.090    69295052    82236101
045538.083    69379272    82336309
045550.056    69449107    82419844
045602.057    69497332    82477479
045614.060    69572519    82566817
045626.081    69628884    82634302
045638.057    69698624    82716966
045650.061    69752212    82780440
045702.068    69792665    82828406
045714.056    69860936    82909701
045726.057    69935075    82997931
045738.059    70015013    83092906
045750.092    70093231    83185661
045802.072    70146605    83248638
045814.062    70214758    83329577
045826.056    70274095    83400411
045838.075    70357594    83499202
045850.094    70429494    83583782
045902.084    70511519    83681007
045914.056    70577303    83759115
045926.056    70632598    83824869
045938.062    70697712    83902200
045950.056    70782706    84003466
050002.056    70862338    84098679
050014.056    70911916    84157581
050026.056    71001256    84263918
050038.057    71078929    84356398
050050.056    71148823    84439469
050102.061    71237856    84545101
050114.056    71299360    84617752
050126.060    71368494    84699593
050138.077    71440800    84785247
050150.059    71508989    84865835
050202.064    71583493    84954008
050214.056    71665485    85051273
050226.061    71745362    85146246
050238.066    71816641    85231404
050250.056    71878594    85305114
050302.057    71941059    85379408
050314.058    72002654    85452780
050326.063    72076227    85540161
050338.077    72160097    85639810
050350.058    72246971    85743169
050402.056    72323200    85834263
050414.059    72409059    85936352
050426.082    72477562    86017953
050438.057    72572685    86131162
050450.057    72677635    86255011
050502.058    72745538    86335691
050514.056    72806149    86407703
050526.065    72852486    86462924
050538.078    72921698    86545588
050550.077    72983167    86618727
050602.058    73035500    86680687
050614.057    73118592    86779921
050626.060    73189510    86864107
050638.056    73241575    86926021
050650.053    73321938    87022515
050702.077    73366498    87075757
050714.094    73415480    87134103
050726.056    73467710    87196090
050738.067    73549950    87293892
050750.056    73617688    87374970
050802.056    73662335    87428484
050814.056    73722583    87500247
050826.070    73796760    87588571
050838.076    73885296    87693796
050850.056    73962126    87785678
050902.056    74031483    87868149
050914.056    74101145    87951455
050926.065    74181180    88047491
050938.065    74244998    88123893
050950.057    74331263    88226074
051002.084    74401142    88308904
051014.055    74466538    88386606
051026.055    74551227    88487349
051038.054    74618059    88566300
051050.055    74682471    88642499
051102.071    74770067    88746291
051114.084    74828716    88816283
051126.057    74909457    88912493
051138.056    74946424    88956772
051150.062    75013987    89037097
051202.056    75093169    89131229
051214.060    75148906    89197398
051226.056    75216851    89278229
051238.055    75318837    89398792
051250.060    75381449    89473306
051302.056    75444395    89548277
051314.057    75526807    89646103
051326.065    75599257    89732382
051338.057    75674134    89821485
051350.059    75751649    89914623
051402.057    75804601    89977557
051414.076    75875157    90061355
051426.062    75935938    90133550
051438.057    75999535    90209300
051450.056    76072209    90295491
051502.070    76122883    90355664
051514.067    76162476    90402529
051526.087    76231887    90484845
051538.056    76293232    90557600
051550.072    76334710    90607200
051602.055    76390166    90673577
051614.063    76471657    90770395
051626.061    76540913    90852734
051638.058    76605562    90929100
051650.058    76700624    91041878
051702.057    76768970    91122801
051714.057    76837440    91204350
051726.063    76896573    91274660
051738.076    76971020    91363402
051750.061    77038760    91444000
051802.056    77076582    91488838
051814.063    77138476    91562146
051826.069    77233706    91675904
051838.059    77294111    91747400
051850.057    77355357    91820704
051902.062    77427032    91905901
051914.063    77522959    92019230
051926.064    77599528    92110396
051938.057    77650014    92170560
051950.064    77720099    92253799
052002.056    77795980    92344013
052014.069    77866138    92427409
052026.056    77925790    92498299
052038.070    77979373    92562422
052050.071    78061975    92660502
052102.090    78138836    92751504
052114.056    78216356    92843504
052126.082    78272153    92909701
052138.056    78327345    92975445
052150.087    78394873    93056066
052202.056    78460811    93134190
052214.073    78534607    93222301
052226.074    78589431    93287401
052238.078    78649246    93358702
052250.056    78731690    93456405
052302.067    78800071    93537232
052314.056    78870717    93621167
052326.063    78944335    93708708
052338.061    79015790    93793900
052350.057    79079643    93870158
052402.056    79155558    93960399
052414.063    79226164    94044470
052426.059    79306698    94140188
052438.056    79359911    94203336
052450.059    79431010    94287173
052502.097    79521514    94394802
052514.059    79583028    94467587
052526.061    79659109    94558296
052538.085    79719144    94629801
052550.058    79806826    94733691
052602.056    79896540    94839829
052614.056    79968101    94924412
052626.056    80030264    94998601
052638.056    80116200    95101213
052650.083    80199935    95200604
052702.056    80280485    95296063
052714.054    80347740    95376343
052726.056    80419459    95461642
052738.061    80473872    95526190
052750.056    80527585    95589658
052802.061    80586150    95659130
052814.056    80639228    95722161
052826.056    80687028    95779224
052838.056    80790111    95901733
052850.056    80870452    95997335
052902.056    80940244    96079961
052914.059    81004461    96156300
052926.056    81085889    96253165
052938.073    81142977    96321211
052950.056    81219295    96411789
053002.054    81268067    96469692
053014.076    81325291    96537611
053026.059    81386099    96609773
053038.056    81467996    96706765
053050.055    81535788    96787445
053102.061    81584200    96845087
053114.056    81640559    96911927
053126.084    81704480    96987876
053138.061    81782648    97080780
053150.056    81861426    97174809
053202.057    81948869    97279033
053214.082    82022161    97366424
053226.057    82095334    97454001
053238.057    82160847    97531786
053250.056    82227476    97611090
053302.071    82286835    97681446
053314.058    82345000    97750756
053326.057    82403429    97820603
053338.080    82447855    97873143
053350.057    82500513    97935522
053402.056    82568776    98016708
053414.057    82634335    98095256
053426.056    82700544    98174298
053438.056    82773627    98261535
053450.065    82839013    98339607
053502.076    82911762    98426110
053514.061    82980370    98507965
053526.056    83038194    98576751
053538.062    83088047    98636600
053550.059    83149511    98710025
053602.057    83218739    98792377
053614.057    83280514    98865372
053626.056    83342187    98938931
053638.074    83437587    99052371
053650.081    83511400    99139597
053702.060    83579850    99220801
053714.080    83652770    99307039
053726.056    83707106    99371452
053738.058    83791421    99472206
053750.061    83842045    99532310
053802.062    83938705    99647043
053814.067    83991598    99709791
053826.061    84063544    99794900
053838.058    84156664    99905022
053850.057    84227774    99989342
053902.056    84271268   100041299
053914.056    84351902   100137227
053926.056    84397050   100191022
053938.056    84472001   100280004
053950.077    84528497   100347303
054002.074    84586637   100416606
054014.063    84675127   100521200
054026.057    84745655   100605143
054038.059    84826171   100701401
054050.075    84887807   100774803
054102.056    84956117   100855894
054114.073    84998843   100906702
054126.057    85085100   101009693
054138.056    85142186   101077239
054150.064    85209567   101157200
054202.056    85244010   101197841
054214.061    85276245   101236201
054226.057    85351947   101326380
054238.061    85421020   101408600
054250.059    85484051   101483741
054302.062    85553871   101567168
054314.056    85635714   101664426
054326.058    85711648   101754491
054338.092    85769749   101823310
054350.056    85863706   101935399
054402.068    85931056   102015559
054414.057    86014185   102114757
054426.069    86063595   102173501
054438.060    86108325   102226531
054450.068    86170589   102300457
054502.060    86246715   102390806
054514.056    86309989   102466129
054526.056    86405118   102578783
054538.069    86489326   102679301
054550.057    86548135   102749048
054602.056    86612989   102825802
054614.061    86660007   102881500
054626.076    86714112   102945401
054638.056    86804557   103052332
054650.057    86879285   103140683
054702.056    86935272   103207003
054714.066    87009756   103295348
054726.074    87097961   103400030
054738.066    87177037   103493908
054750.083    87251817   103582159
054802.057    87339732   103686003
054814.057    87418461   103780502
054826.056    87496783   103873410
054838.056    87561984   103951020
054850.058    87606994   104004455
054902.062    87681247   104093274
054914.057    87710702   104128601
054926.055    87788530   104221573
054938.056    87857176   104303101
054950.079    87922058   104380016
055002.062    88000985   104474101
055014.056    88085014   104573768
055026.069    88163557   104666997
055038.067    88244794   104763429
055050.078    88316967   104849137
055102.058    88399193   104946602
055114.077    88476717   105038491
055126.073    88513482   105082006
055138.065    88583092   105164656
055150.086    88651667   105246115
055202.060    88697533   105301435
055214.081    88787394   105408466
055226.055    88831110   105460234
055238.066    88900040   105542043
055250.057    88964806   105618801
055302.061    89040354   105708675
055314.060    89093207   105771374
055326.056    89150173   105839008
055338.070    89230036   105933601
055350.072    89282793   105996153
055402.074    89374403   106105397
055414.074    89463345   106210918
055426.086    89508165   106264202
055438.059    89581497   106351089
055450.056    89671147   106457621
055502.064    89732717   106530819
055514.056    89819516   106633693
055526.056    89893567   106721997
055538.056    89958666   106799400
055550.079    90027746   106881507
055602.065    90084542   106949603
055614.058    90174194   107056337
055626.057    90256752   107154234
055638.056    90293960   107198180
055650.063    90374391   107293690
055702.082    90445127   107377808
055714.074    90528417   107476796
055726.056    90586403   107545694
055738.055    90645169   107615602
055750.060    90697808   107678223
055802.056    90761005   107753590
055814.056    90833684   107840281
055826.065    90919047   107941701
055838.061    90994046   108031200
055850.056    91077356   108130014
055902.057    91139740   108203957
055914.063    91216222   108294713
055926.057    91286985   108378372
055938.083    91363567   108469697
055950.055    91424129   108541248
060002.056    91507037   108639062
060014.057    91574193   108718300
060026.060    91618157   108770000
060038.069    91674293   108836296
060050.055    91768960   108948387
060102.060    91827920   109018367
060114.060    91873352   109072092
060126.090    91943560   109154473
060138.056    92041496   109270289
060150.061    92128765   109373895
060202.057    92208537   109469069
060214.065    92297880   109575200
060226.064    92357937   109646501
060238.056    92413997   109712862
060250.056    92506581   109822312
060302.061    92580072   109909372
060314.058    92646549   109988303
060326.060    92717969   110073100
060338.056    92803142   110174649
060350.090    92867306   110251108
060402.055    92951627   110351273
060414.063    93031000   110445548
060426.061    93089455   110514901
060438.057    93156605   110594479
060450.057    93210204   110658111
060502.059    93273182   110733001
060514.063    93330172   110800872
060526.070    93397583   110880595
060538.066    93467405   110962903
060550.056    93550727   111062191
060602.057    93621340   111146102
060614.086    93687083   111223994
060626.056    93742360   111289723
060638.056    93800048   111358078
060650.057    93858592   111427585
060702.057    93931718   111514501
060714.055    93996956   111592254
060726.057    94083742   111695796
060738.061    94173811   111802408
060750.061    94227541   111866300
060802.061    94290864   111941192
060814.071    94340007   111999120
060826.054    94426499   112101748
060838.061    94501547   112190700
060850.056    94566023   112267521
060902.060    94650624   112368328
060914.061    94709065   112437700
060926.075    94772407   112512628
060938.056    94857914   112614080
060950.056    94930817   112700366
061002.069    94999821   112781786
061014.064    95083327   112880434
061026.056    95162798   112975197
061038.090    95228392   113052825
061050.057    95285818   113120999
061102.061    95349993   113197473
061114.057    95417467   113277468
061126.069    95489690   113363415
061138.079    95563648   113450891
061150.057    95633756   113534452
061202.069    95733006   113651346
061214.075    95809676   113741770
061226.060    95865870   113807890
061238.073    95929022   113883121
061250.056    96004524   113972341
061302.056    96077787   114059512
061314.062    96133292   114124988
061326.055    96205228   114210273
061338.056    96271049   114288212
061350.062    96310815   114335400
061402.056    96351108   114382865
061414.058    96419902   114464403
061426.083    96503710   114563274
061438.064    96582479   114656592
061450.056    96643503   114728818
061502.056    96739071   114842298
061514.057    96818835   114936901
061526.061    96863681   114990030
061538.075    96933827   115072801
061550.056    97013741   115167683
061602.061    97080782   115246867
061614.068    97152952   115332216
061626.093    97222467   115414772
061638.057    97272178   115473483
061650.056    97351595   115567565
061702.055    97418212   115646931
061714.062    97486456   115727847
061726.058    97558025   115813066
061738.055    97633137   115902141
061750.066    97700913   115982617
061802.058    97766811   116061077
061814.061    97838497   116146903
061826.057    97901285   116221313
061838.062    97950567   116279566
061850.062    98025681   116368689
061902.055    98108228   116466785
061914.058    98168789   116539051
061926.056    98249542   116635250
061938.057    98328909   116730002
061950.056    98416487   116834148
062002.056    98504985   116939100
062014.057    98551809   116994880
062026.056    98643543   117104179
062038.063    98732118   117209340
062050.061    98806547   117297659
062102.066    98874309   117377655
062114.084    98953852   117471807
062126.057    99026034   117557137
062138.058    99099480   117644095
062150.078    99165117   117722602
062202.055    99221156   117789191
062214.061    99310709   117895514
062226.057    99369901   117966104
062238.057    99446692   118057301
062250.059    99522579   118146970
062302.057    99586060   118221801
062314.061    99644262   118290396
062326.060    99723678   118384468
062338.057    99779731   118451631
062350.065    99855520   118541302
062402.078    99925157   118623913
062414.056    99980248   118689483
062426.057   100036113   118755869
062438.081   100112810   118846885
062450.061   100171418   118916537
062502.056   100242773   119000905
062514.056   100328645   119102462
062526.062   100394996   119181388
062538.060   100463012   119262346
062550.057   100531163   119343590
062602.061   100634204   119465506
062614.063   100692601   119534479
062626.061   100755260   119608801
062638.056   100839370   119708998
062650.091   100913095   119796339
062702.064   101011382   119913089
062714.056   101089925   120006704
062726.056   101162247   120092809
062738.057   101209980   120149213
062750.055   101275469   120226937
062802.056   101388775   120361205
062814.060   101445636   120428971
062826.056   101516898   120514086
062838.065   101592039   120603201
062850.056   101681820   120710366
062902.058   101733323   120771334
062914.055   101799989   120850363
062926.062   101862414   120924447
062938.056   101925637   120999317
062950.057   102023689   121115292
063002.056   102115674   121224630
063014.057   102188857   121310939
063026.056   102223237   121351685
063038.057   102302160   121445291
063050.058   102348448   121500300
063102.055   102421890   121587418
063114.056   102507238   121688633
063126.057   102570753   121763426
063138.056   102632195   121835526
063150.056   102717823   121937071
063202.066   102780734   122011184
063214.057   102849223   122092201
063226.061   102923572   122180312
063238.056   102983636   122251385
063250.056   103049759   122329470
063302.056   103135043   122430404
063314.055   103218236   122528780
063326.056   103290380   122614437
063338.082   103349450   122684490
063350.056   103405990   122751684
063402.056   103480026   122839610
063414.084   103539195   122909802
063426.065   103602334   122984600
063438.060   103700032   123100847
063450.056   103762979   123175310
063502.069   103840006   123267006
063514.079   103906334   123345879
063526.065   103961239   123411168
063538.060   104033061   123496016
063550.066   104107695   123584248
063602.056   104172464   123660776
063614.056   104227804   123726377
063626.056   104279901   123788694
063638.063   104362761   123886922
063650.056   104446290   123985401
063702.055   104516834   124069206
063714.056   104578735   124143118
063726.061   104640477   124216599
063738.056   104697496   124284273
063750.059   104745720   124341661
063802.056   104796234   124401434
063814.057   104876725   124496986
063826.057   104949938   124583913
063838.056   104984282   124624546
063850.056   105051797   124704705
063902.058   105132749   124800412
063914.056   105216215   124899324
063926.054   105282772   124978536
063938.056   105338948   125045340
063950.065   105404998   125123432
064002.078   105479632   125211709
064014.057   105562592   125309653
064026.062   105621311   125379000
064038.056   105700423   125472641
064050.058   105767126   125552094
064102.056   105842867   125642164
064114.066   105893112   125701900
064126.062   105961422   125782712
064138.058   106026392   125859228
064150.056   106104069   125950878
064202.056   106178223   126038633
064214.088   106264042   126140097
064226.071   106325900   126213453
064238.055   106388825   126288288
064250.056   106454984   126366838
064302.056   106535147   126462363
064314.056   106641738   126588754
064326.056   106697871   126655200
064338.056   106762653   126731842
064350.057   106797762   126773520
064402.063   106878709   126869110
064414.057   106937573   126939061
064426.091   107010952   127026190
064438.057   107088128   127116839
064450.089   107167965   127211579
064502.057   107261443   127322305
064514.061   107347142   127423729
064526.086   107415044   127503918
064538.056   107482825   127584363
064550.059   107547770   127661917
064602.056   107597015   127720290
064614.056   107669530   127806051
064626.056   107753899   127905931
064638.056   107822311   127987139
064650.062   107895208   128073684
064702.062   107949015   128137799
064714.056   108030365   128234278
064726.093   108079661   128292552
064738.065   108159434   128386897
064750.057   108235179   128476544
064802.056   108322203   128579576
064814.056   108417413   128691945
064826.056   108506694   128798040
064838.073   108576836   128880502
064850.056   108642415   128958382
064902.058   108694494   129020031
064914.073   108772000   129111482
064926.056   108843629   129196309
064938.064   108890688   129252059
064950.063   108932471   129301448
065002.062   109020939   129406038
065014.060   109106533   129507101
065026.057   109179247   129593201
065038.060   109247295   129673479
065050.055   109286098   129719229
065102.057   109369960   129817601
065114.059   109437749   129897401
065126.061   109484752   129952531
065138.058   109561825   130043303
065150.057   109646303   130143085
065202.060   109747944   130263516
065214.057   109798052   130322662
065226.056   109861101   130397179
065238.071   109927565   130475848
065250.056   109969950   130526213
065302.056   110048098   130618843
065314.057   110136104   130723396
065326.056   110198541   130797709
065338.056   110288749   130905038
065350.064   110348550   130975593
065402.056   110380362   131013059
065414.075   110457595   131105222
065426.055   110528834   131189472
065438.056   110611852   131287348
065450.057   110694048   131385101
065502.056   110732421   131430577
065514.056   110804071   131515594
065526.056   110884581   131611519
065538.059   110967761   131710401
065550.058   111020223   131772710
065602.055   111101153   131869428
065614.056   111176354   131958401
065626.082   111252707   132049320
065638.067   111313029   132120889
065650.057   111398574   132221500
065702.069   111440119   132270899
065714.056   111517165   132362203
065726.057   111607803   132469340
065738.056   111669837   132543091
065750.085   111746798   132634201
065802.056   111805640   132704113
065814.079   111876737   132787957
065826.065   111934246   132856100
065838.056   111998352   132932438
065850.093   112070678   133018554
065902.065   112126112   133084100
065914.056   112206343   133178523
065926.056   112250844   133231335
065938.063   112315442   133307960
065950.061   112354497   133354211
070002.061   112420847   133432595
070014.057   112502264   133529185
070026.079   112568089   133607802
070038.057   112659282   133716725
070050.074   112707369   133773806
070102.062   112789443   133871574
070114.056   112886893   133987196
070126.057   112975665   134093007
070138.064   113024715   134151440
070150.062   113099418   134240443
070202.056   113161772   134314273
070214.061   113220565   134384003
070226.080   113287926   134463831
070238.055   113358683   134547564
070250.063   113407684   134605680
070302.057   113485078   134697140
070314.056   113552968   134777712
070326.077   113606835   134841604
070338.056   113669229   134914884
070350.079   113732636   134989609
070402.056   113782822   135048990
070414.057   113835287   135110986
070426.098   113885462   135170246
070438.055   113965943   135264806
070450.057   114049590   135364377
070502.058   114107421   135432993
070514.066   114158081   135493304
070526.056   114248381   135600839
070538.060   114293320   135654570
070550.056   114345186   135716357
070602.057   114402863   135784611
070614.083   114484965   135881981
070626.056   114517760   135920616
070638.056   114577552   135991437
070650.067   114637934   136063182
070702.067   114691857   136126802
070714.056   114777988   136228531
070726.077   114834802   136295618
070738.064   114900635   136373415
070750.057   114958453   136441294
070802.080   115025729   136520901
070814.056   115091009   136598860
070826.062   115144849   136662518
070838.074   115207118   136736523
070850.061   115284708   136828118
070902.065   115351998   136907385
070914.058   115415011   136982086
070926.065   115496506   137078502
070938.064   115577724   137174651
070950.056   115629521   137235645
071002.063   115684342   137300445
071014.063   115771909   137404159
071026.057   115837605   137481968
071038.058   115897281   137552701
071050.056   115954197   137619991
071102.060   116026536   137706032
071114.063   116103346   137797404
071126.085   116171389   137877860
071138.056   116235555   137954122
071150.056   116293847   138023185
071202.056   116375639   138120206
071214.067   116456550   138216163
071226.069   116512340   138282011
071238.056   116591223   138374796
071250.057   116635977   138427908
071302.057   116698631   138502150
071314.057   116787097   138607549
071326.056   116825701   138653130
071338.057   116868850   138704444
071350.070   116961732   138814401
071402.056   117040742   138907993
071414.061   117094060   138971100
071426.056   117182145   139075939
071438.055   117261298   139169797
071450.056   117362079   139289097
071502.056   117457832   139402882
071514.056   117500544   139453802
071526.080   117568901   139534610
071538.056   117629480   139606412
071550.065   117689646   139677300
071602.086   117746100   139743789
071614.056   117834720   139849344
071626.070   117882523   139906401
071638.059   117947049   139983312
071650.066   118002965   140049778
071702.062   118054881   140111236
071714.056   118138637   140210946
071726.085   118216533   140303112
071738.061   118292927   140393749
071750.057   118366360   140480869
071802.084   118442799   140572041
071814.062   118519775   140663186
071826.064   118570875   140723574
071838.061   118631681   140796227
071850.067   118700841   140878401
071902.062   118756927   140945301
071914.059   118826563   141027820
071926.066   118902897   141118635
071938.063   118978114   141208241
071950.060   119016981   141254636
072002.058   119053567   141298107
072014.057   119110241   141365507
072026.073   119184764   141454178
072038.057   119252179   141534657
072050.063   119338547   141636955
072102.057   119390316   141698301
072114.066   119464947   141787194
072126.077   119535657   141871212
072138.056   119612874   141962684
072150.056   119683610   142046297
072202.066   119781742   142162674
072214.056   119843197   142236097
072226.058   119940651   142351200
072238.088   119994855   142415402
072250.056   120051443   142482464
072302.056   120123130   142567259
072314.064   120219122   142681296
072326.056   120257651   142726953
072338.057   120309615   142788467
072350.057   120398572   142894400
072402.064   120464675   142972755
072414.079   120550116   143074320
072426.073   120605692   143140201
072438.056   120684000   143233068
072450.073   120756178   143318705
072502.088   120825170   143401031
072514.071   120910866   143503202
072526.074   120982869   143589202
072538.061   121046035   143664401
072550.056   121129552   143763838
072602.064   121181409   143825501
072614.063   121248329   143905441
072626.066   121302058   143969188
072638.057   121361239   144039190
072650.062   121445498   144138806
072702.056   121521632   144228806
072714.070   121590753   144310581
072726.078   121649220   144379809
072738.063   121726159   144471101
072750.079   121804434   144563396
072802.055   121873623   144645250
072814.067   121937284   144720566
072826.060   122004827   144800516
072838.056   122094486   144906484
072850.056   122198610   145029818
072902.056   122273306   145118701
072914.058   122340165   145197902
072926.064   122423462   145296938
072938.056   122483249   145367837
072950.068   122549395   145446807
073002.060   122631729   145544985
073014.061   122708796   145636549
073026.074   122776383   145716953
073038.084   122841985   145794764
073050.056   122930873   145900496
073102.054   123002432   145985936
073114.062   123080611   146078344
073126.074   123144206   146153374
073138.057   123228481   146252725
073150.062   123284595   146318853
073202.056   123352182   146398700
073214.056   123430054   146490904
073226.077   123506066   146580541
073238.058   123546982   146629100
073250.061   123616069   146711455
073302.069   123694186   146804436
073314.066   123747727   146867801
073326.065   123839768   146976715
073338.057   123928875   147082100
073350.095   123981713   147144777
073402.081   124064187   147243126
073414.057   124140407   147333581
073426.057   124211502   147417904
073438.063   124271920   147489521
073450.057   124338881   147569207
073502.056   124395086   147635501
073514.060   124466269   147720905
073526.056   124544320   147814084
073538.056   124628581   147914652
073550.057   124694478   147993476
073602.061   124752416   148062759
073614.085   124838497   148165065
073626.064   124907492   148247601
073638.056   124959727   148309741
073650.059   125007906   148367025
073702.063   125089315   148464252
073714.059   125174542   148565301
073726.056   125256392   148662788
073738.056   125310681   148727183
073750.073   125384907   148815209
073802.066   125451345   148894395
073814.065   125515382   148970200
073826.056   125592255   149061500
073838.056   125652357   149132521
073850.071   125731724   149226846
073902.056   125795185   149302187
073914.056   125853716   149372156
073926.057   125931588   149464690
073938.056   126000727   149546813
073950.062   126081915   149643518
074002.070   126151523   149726000
074014.056   126201831   149786403
074026.056   126252442   149846623
074038.068   126326099   149934202
074050.056   126386333   150006291
074102.067   126472669   150109138
074114.061   126518295   150163310
074126.073   126577994   150234508
074138.056   126656591   150327902
074150.068   126763212   150454865
074202.065   126824148   150527508
074214.056   126887414   150602725
074226.085   126961344   150690366
074238.061   127040197   150783903
074250.057   127117143   150874975
074302.057   127193263   150964901
074314.059   127272273   151059157
074326.073   127331942   151130301
074338.055   127407151   151220075
074350.060   127468215   151292751
074402.057   127562063   151404315
074414.060   127654163   151514400
074426.064   127735036   151610200
074438.088   127818209   151708940
074450.056   127906571   151813517
074502.057   127975508   151895501
074514.059   128039392   151971771
074526.059   128121803   152069700
074538.055   128177572   152135920
074550.057   128243534   152214350
074602.073   128326359   152312411
074614.056   128389676   152387667
074626.098   128452047   152461909
074638.084   128530707   152554843
074650.057   128615003   152654691
074702.056   128704017   152760133
074714.059   128756581   152822696
074726.059   128820442   152898733
074738.075   128892007   152983903
074750.088   128966986   153072741
074802.063   129064985   153189400
074814.058   129140836   153279192
074826.060   129206269   153356559
074838.082   129270021   153432207
074850.059   129344094   153520423
074902.056   129391860   153576711
074914.055   129463537   153661833
074926.056   129530060   153741071
074938.058   129584324   153805455
074950.057   129674258   153912165
075002.071   129739954   153989751
075014.061   129806422   154068822
075026.056   129871221   154145185
075038.064   129927718   154212167
075050.057   129983111   154277475
075102.056   130044303   154350234
075114.064   130099159   154415425
075126.059   130164994   154492734
075138.064   130208056   154543603
075150.057   130292799   154644026
075202.059   130372804   154739363
075214.056   130463505   154846781
075226.056   130504612   154895521
075238.056   130611098   155022322
075250.055   130659161   155079092
075302.083   130732220   155165995
075314.081   130810542   155259104
075326.054   130860001   155317572
075338.056   130941941   155414982
075350.056   130993174   155476097
075402.080   131065878   155562208
075414.066   131126909   155634235
075426.055   131193260   155712832
075438.057   131256776   155788174
075450.061   131314831   155856702
075502.056   131387552   155942783
075514.065   131454502   156021764
075526.056   131537259   156119491
075538.060   131592343   156184585
075550.057   131636642   156236684
075602.081   131703913   156316704
075614.057   131763071   156387068
075626.056   131822543   156457251
075638.057   131882588   156527910
075650.081   131938946   156594522
075702.056   131993050   156658337
075714.059   132053408   156729287
075726.061   132129135   156818758
075738.056   132208340   156912661
075750.058   132265922   156981101
075802.056   132315244   157039432
075814.057   132379443   157115161
075826.055   132437612   157183865
075838.081   132496656   157254015
075850.057   132570240   157341014
075902.058   132653264   157439400
075914.056   132738342   157540531
075926.058   132816441   157633402
075938.065   132892902   157724104
075950.057   132955091   157797787
080002.053   133026483   157882330
080014.067   133099557   157968701
080026.057   133170413   158052167
080038.055   133240804   158135400
080050.057   133320474   158229425
080102.056   133395245   158317540
080114.061   133474150   158410797
080126.056   133539658   158487856
080138.085   133591610   158549093
080150.067   133677068   158649998
080202.067   133761789   158750411
080214.061   133830799   158832201
080226.072   133903443   158918223
080238.056   133969341   158996121
080250.071   134027808   159064778
080302.057   134097910   159147519
080314.056   134161460   159222456
080326.056   134220928   159293369
080338.056   134300431   159387500
080350.067   134354679   159451652
080402.056   134425022   159534731
080414.056   134475035   159593675
080426.054   134525439   159653703
080438.072   134604432   159746906
080450.092   134685806   159843699
080502.063   134750541   159920048
080514.060   134836478   160021697
080526.058   134928672   160130330
080538.065   135002575   160218064
080550.059   135065052   160292023
080602.085   135137907   160378331
080614.056   135194561   160445690
080626.059   135249303   160510502
080638.062   135319695   160593870
080650.057   135404334   160694205
080702.068   135490198   160796068
080714.056   135562337   160881522
080726.074   135604163   160931186
080738.086   135672284   161011833
080750.056   135781606   161141397
080802.059   135856515   161230001
080814.059   135936978   161324975
080826.057   136023301   161427401
080838.056   136095511   161513509
080850.062   136164244   161594855
080902.054   136252376   161699389
080914.074   136331551   161792911
080926.056   136409645   161885864
080938.057   136490408   161982036
080950.056   136570059   162077301
081002.081   136642536   162163609
081014.057   136711058   162245472
081026.066   136776238   162322792
081038.063   136845461   162405300
081050.056   136937742   162515049
081102.056   137016673   162608685
081114.056   137098440   162706055
081126.098   137161915   162782353
081138.066   137257310   162895584
081150.057   137325715   162977257
081202.056   137383424   163045600
081214.056   137446868   163120946
081226.063   137539755   163231200
081238.082   137604198   163307769
081250.060   137674552   163390997
081302.057   137745316   163474959
081314.082   137811570   163553512
081326.061   137889077   163645500
081338.072   137956378   163725702
081350.055   138017744   163798346
081402.063   138076530   163868608
081414.055   138151842   163958234
081426.056   138217737   164036593
081438.056   138280736   164111470
081450.057   138353388   164198520
081502.058   138413299   164270062
081514.063   138468643   164335468
081526.062   138527273   164404953
081538.065   138610974   164504700
081550.067   138693410   164602361
081602.088   138768634   164691902
081614.067   138820027   164752933
081626.056   138898818   164846348
081638.077   138958900   164918004
081650.069   139022213   164993401
081702.075   139084984   165067921
081714.069   139144825   165139107
081726.057   139233562   165245144
081738.056   139295648   165319048
081750.065   139358264   165393300
081802.075   139428458   165476401
081814.070   139476030   165533100
081826.065   139536780   165605653
081838.057   139600019   165680673
081850.057   139657347   165748871
081902.057   139711544   165813101
081914.064   139792267   165909080
081926.059   139859614   165989301
081938.078   139925917   166067692
081950.057   140011023   166168488
082002.088   140099585   166273157
082014.056   140174273   166361641
082026.076   140248973   166450398
082038.055   140321858   166536620
082050.056   140379731   166605014
082102.056   140442491   166679596
082114.057   140512909   166763014
082126.054   140588676   166853153
082138.060   140678855   166960263
082150.065   140727015   167017414
082202.056   140805005   167109875
082214.060   140888422   167209200
082226.063   140956191   167289065
082238.058   141041917   167391401
082250.074   141113969   167477211
082302.059   141174324   167548401
082314.057   141248858   167636322
082326.057   141319449   167719813
082338.061   141369435   167779200
082350.057   141424026   167844062
082402.056   141501369   167935845
082414.085   141567509   168014065
082426.056   141651736   168114235
082438.079   141731548   168209333
082450.062   141803654   168295319
082502.086   141881520   168388160
082514.062   141953618   168473903
082526.056   142022700   168556490
082538.057   142095717   168643707
082550.056   142153057   168711758
082602.056   142229488   168802347
082614.056   142287401   168871622
082626.071   142338329   168931990
082638.063   142389067   168992429
082650.056   142456158   169071554
082702.059   142527819   169157501
082714.057   142601194   169245000
082726.057   142692021   169352901
082738.055   142765679   169440258
082750.059   142951817   169660386
082802.055   143135401   169878946
082814.054   143321106   170098710
082826.055   143503797   170314167
082838.054   143688888   170533076
082850.059   143874967   170753280
082902.055   144060323   170972287
082914.055   144242537   171188125
082926.058   144419100   171398482
082938.058   144630170   171648747
082950.054   144837936   171895084
083002.054   145048709   172144852
083014.055   145236196   172365829
083026.055   145420245   172584796
083038.055   145603079   172801438
083050.055   145789077   173020694
083102.059   145974502   173239762
083114.059   146159521   173459383
083126.059   146344217   173677535
083138.054   146530936   173898430
083150.055   146715340   174115879
083202.059   146898583   174332982
083214.055   147084974   174553611
083226.055   147267247   174769636
083238.055   147453285   174989249
083250.055   147636420   175207447
083302.059   147820231   175425617
083314.059   148002423   175642281
083326.054   148210235   175887866
083338.055   148395025   176105930
083350.059   148579634   176324662
083402.055   148761895   176541044
083414.055   148946976   176760847
