 Results from RMCProfile version 6.7.9.5

 (Version 6f format configuration file)                                          

 2 experiments   3 partials

 Partial g(r)'s are printed out below

   186  3 are NR and NPAR

   r (Ang)
   0.06545     0.00000     0.00000     0.00000
   0.13090     0.00000     0.00000     0.00000
   0.19635     0.00000     0.00000     0.00000
   0.26180     0.00000     0.00000     0.00000
   0.32725     0.00000     0.00000     0.00000
   0.39271     0.00000     0.00000     0.00000
   0.45816     0.00000     0.00000     0.00000
   0.52361     0.00000     0.00000     0.00000
   0.58906     0.00000     0.00000     0.00000
   0.65451     0.00000     0.00000     0.00000
   0.71996     0.00000     0.00000     0.00000
   0.78541     0.00000     0.00000     0.00000
   0.85086     0.00000     0.00000     0.00000
   0.91631     0.00000     0.00000     0.00000
   0.98176     0.00000     0.00000     0.00000
   1.04721     0.00000     0.00000     0.00000
   1.11267     0.00000     0.00000     0.00000
   1.17812     0.00000     0.09647     0.00000
   1.24357     0.00000     0.25977     0.00000
   1.30902     0.00000     0.46889     0.00000
   1.37447     0.00000     0.75609     0.00000
   1.43992     0.00000     1.09799     0.00000
   1.50537     0.00000     1.22128     0.00000
   1.57082     0.00000     1.93573     0.00000
   1.63627     0.00000     2.26750     0.00000
   1.70172     0.00000     2.72847     0.00000
   1.76718     0.00000     2.75884     0.00000
   1.83263     0.00000     2.81787     0.00000
   1.89808     0.00000     2.93668     0.00000
   1.96353     0.00000     2.40839     0.00000
   2.02898     0.00000     2.74351     0.00000
   2.09443     0.00000     2.49332     0.00000
   2.15988     0.00000     2.15312     0.00000
   2.22533     0.00000     1.75789     0.00000
   2.29078     0.00000     1.53978     0.00000
   2.35623     0.00000     0.61112     0.36185
   2.42168     0.00000     0.07612     0.82974
   2.48714     0.00000     0.12991     0.79387
   2.55259     0.00000     0.15074     0.95923
   2.61804     0.00000     0.23448     0.84022
   2.68349     0.00000     0.25418     1.07252
   2.74894     0.00000     0.23041     1.16384
   2.81439     0.00000     0.24799     1.22870
   2.87984     0.15072     0.26377     1.61489
   2.94529     0.90577     0.39113     1.69831
   3.01074     1.00472     0.38416     1.80258
   3.07619     1.50968     0.41516     1.99089
   3.14164     1.79120     0.52469     2.23447
   3.20710     1.31951     0.50350     2.42200
   3.27255     1.73415     0.44604     2.56787
   3.33800     2.09954     0.55293     2.66449
   3.40345     2.09665     0.63208     2.69404
   3.46890     2.37444     0.64555     2.41525
   3.53435     2.53035     0.69692     0.38241
   3.59980     1.51587     0.76827     0.36519
   3.66525     0.29244     0.82084     0.37885
   3.73070     0.41058     0.89172     0.38171
   3.79615     0.45850     0.93559     0.40893
   3.86161     0.63470     1.08378     0.41016
   3.92706     0.69478     1.07980     0.44871
   3.99251     0.80662     1.28835     0.44812
   4.05796     0.69405     1.34202     0.58561
   4.12341     0.99779     1.28663     0.48314
   4.18886     0.87526     1.44519     0.57248
   4.25431     0.87814     1.38134     0.63887
   4.31976     0.91872     1.41157     0.71296
   4.38521     1.09580     1.42547     0.78006
   4.45066     1.14495     1.44245     0.73249
   4.51611     1.16453     1.47099     0.84276
   4.58157     1.31016     1.46755     0.88904
   4.64702     1.14120     1.40169     0.88071
   4.71247     1.23838     1.38916     0.78203
   4.77792     1.18904     1.28683     0.77249
   4.84337     1.14951     1.33412     0.80694
   4.90882     1.07460     1.09312     0.80595
   4.97427     1.43624     1.09703     0.80292
   5.03972     1.13200     0.99841     0.83669
   5.10517     1.08260     0.92672     0.79653
   5.17062     1.00861     0.98356     0.96352
   5.23607     1.05520     0.89073     1.04055
   5.30153     0.98483     0.81646     1.10873
   5.36698     1.12215     0.76877     1.19345
   5.43243     1.10738     0.85020     1.32674
   5.49788     0.99846     0.75327     1.42384
   5.56333     1.21744     0.79335     1.41794
   5.62878     1.12165     0.77501     1.66275
   5.69423     1.13457     0.80687     1.64127
   5.75968     1.08201     0.76306     1.55169
   5.82513     1.13678     0.81838     1.54728
   5.89058     1.24032     0.81830     1.56970
   5.95604     1.18804     0.83188     1.45736
   6.02149     1.28056     0.80281     1.24239
   6.08694     1.19533     0.84107     1.07604
   6.15239     1.02378     0.85158     1.01788
   6.21784     0.99772     0.85568     0.98386
   6.28329     0.94990     0.87640     0.86735
   6.34874     0.92156     0.92820     0.73104
   6.41419     0.76395     0.94734     0.66845
   6.47964     0.62950     0.98253     0.64226
   6.54509     0.67533     1.05469     0.63677
   6.61054     0.55986     1.07886     0.56701
   6.67600     0.50486     1.10589     0.59301
   6.74145     0.62478     1.09238     0.61987
   6.80690     0.50490     1.15723     0.65907
   6.87235     0.62767     1.11828     0.67588
   6.93780     0.59733     1.15849     0.71049
   7.00325     0.68453     1.20339     0.77010
   7.06870     0.71838     1.18389     0.82381
   7.13415     0.69824     1.17104     0.91403
   7.19960     0.72694     1.19291     0.95002
   7.26505     0.85263     1.17743     1.04548
   7.33050     0.96708     1.14986     1.16398
   7.39596     0.90106     1.11899     1.10511
   7.46141     1.07137     1.08420     1.15557
   7.52686     1.04652     1.10089     1.14266
   7.59231     1.05953     1.01926     1.17958
   7.65776     1.02932     0.95394     1.14199
   7.72321     1.20655     0.93036     1.10251
   7.78866     1.14514     0.96778     1.05904
   7.85411     1.19851     0.89309     0.99731
   7.91956     1.21580     0.83782     1.05208
   7.98501     1.29118     0.89206     0.97258
   8.05046     1.26200     0.85833     1.03399
   8.11592     1.35560     0.84318     1.06482
   8.18137     1.44605     0.84242     1.07787
   8.24682     1.41269     0.85470     1.11728
   8.31227     1.36985     0.91819     1.16566
   8.37772     1.47320     0.86446     1.24739
   8.44317     1.48552     0.86739     1.16738
   8.50862     1.32216     0.92070     1.19635
   8.57407     1.31419     0.91398     1.18484
   8.63952     1.33024     0.94983     1.10953
   8.70497     1.18777     1.00984     1.05344
   8.77043     1.10046     1.01282     1.04764
   8.83588     1.12310     1.04361     1.00930
   8.90133     0.93986     1.06889     0.99508
   8.96678     1.02392     1.07778     0.96173
   9.03223     0.92157     1.11749     0.92212
   9.09768     0.92130     1.13707     0.87761
   9.16313     0.84438     1.10706     0.83853
   9.22858     0.82196     1.13387     0.78737
   9.29403     0.71326     1.13398     0.81663
   9.35948     0.69313     1.11104     0.73899
   9.42493     0.65941     1.11526     0.77098
   9.49039     0.61862     1.08952     0.77724
   9.55584     0.65320     1.03211     0.81259
   9.62129     0.59611     1.05863     0.82954
   9.68674     0.60331     1.03105     0.86690
   9.75219     0.66659     1.05247     0.87361
   9.81764     0.65403     1.01903     1.03246
   9.88309     0.62163     0.99049     1.01746
   9.94854     0.74339     0.97615     1.07854
  10.01399     0.75863     0.95363     1.12014
  10.07944     0.83494     0.94700     1.17507
  10.14489     0.85370     0.95695     1.13090
  10.21035     0.97298     0.94643     1.16955
  10.27580     0.95217     0.94033     1.13651
  10.34125     1.04035     0.96228     1.12426
  10.40670     1.04050     0.93331     1.10769
  10.47215     1.14640     0.91802     1.11750
  10.53760     1.14668     0.94243     1.07391
  10.60305     1.34701     0.90860     1.08611
  10.66850     1.20501     0.94612     1.05870
  10.73395     1.30816     0.91253     1.03847
  10.79940     1.21426     0.90763     1.00218
  10.86486     1.33129     0.88576     0.97275
  10.93031     1.31240     0.90321     1.00560
  10.99576     1.17571     0.93902     1.01028
  11.06121     1.20270     0.91407     0.95020
  11.12666     1.15254     0.95456     0.97295
  11.19211     1.21608     0.95626     0.98120
  11.25756     1.11321     1.00999     0.97053
  11.32301     1.11848     1.00252     0.94437
  11.38846     1.04921     1.05575     0.92563
  11.45391     1.14343     1.06039     0.96375
  11.51936     1.09010     1.06587     0.91918
  11.58482     0.98866     1.09944     0.93178
  11.65027     0.99864     1.08153     0.92101
  11.71572     0.98361     1.11144     0.90912
  11.78117     0.91352     1.06663     0.94923
  11.84662     0.93018     1.06760     0.93686
  11.91207     0.91998     1.06283     0.92816
  11.97752     0.90249     1.07147     0.94232
  12.04297     0.88285     1.09618     0.98136
  12.10842     0.88186     1.08649     0.99392
  12.17387     0.83987     1.00917     1.02303

 Partial S(Q)'s are printed out below

   494  3 are NQ and NPAR

      Q          S(Q)_1      S(Q)_2      S(Q)_3
  0.4682470    -3.4337510    -0.0753454    -1.1318427
  0.4982822    -3.2706106     0.0776338    -1.3332451
  0.5283174    -3.0865326     0.2073608    -1.5308279
  0.5583526    -2.9024982     0.2984478    -1.7020608
  0.5883878    -2.7382179     0.3415179    -1.8294836
  0.6184230    -2.6102902     0.3339433    -1.9021061
  0.6484582    -2.5306424     0.2797739    -1.9160530
  0.6784934    -2.5054133     0.1888909    -1.8744222
  0.7085286    -2.5343995     0.0755097    -1.7864104
  0.7385638    -2.6111376    -0.0437736    -1.6658352
  0.7685990    -2.7236327    -0.1521465    -1.5292443
  0.7986342    -2.8556756    -0.2346945    -1.3938372
  0.8286694    -2.9886267    -0.2802123    -1.2754389
  0.8587046    -3.1034926    -0.2825055    -1.1867459
  0.8887398    -3.1830772    -0.2410363    -1.1360293
  0.9187750    -3.2139760    -0.1608513    -1.1264175
  0.9488102    -3.1881860    -0.0518161    -1.1558141
  0.9788454    -3.1041384     0.0727383    -1.2174295
  1.0088806    -2.9670138     0.1977791    -1.3008379
  1.0389158    -2.7882772     0.3085239    -1.3934134
  1.0689510    -2.5844509     0.3923389    -1.4819607
  1.0989862    -2.3752335     0.4403494    -1.5543411
  1.1290214    -2.1811523     0.4485677    -1.6009010
  1.1590566    -2.0209970     0.4184033    -1.6155406
  1.1890918    -1.9093239     0.3564960    -1.5963093
  1.2191270    -1.8543225     0.2738950    -1.5454729
  1.2491622    -1.8563162     0.1846876    -1.4690622
  1.2791974    -1.9071061     0.1042449    -1.3759764
  1.3092326    -1.9902877     0.0472993    -1.2767644
  1.3392678    -2.0825623     0.0260881    -1.1822423
  1.3693030    -2.1559600     0.0487871    -1.1021247
  1.3993382    -2.1807777     0.1184260    -1.0438363
  1.4293734    -2.1289492     0.2324155    -1.0116494
  1.4594086    -1.9774985     0.3827466    -1.0062475
  1.4894438    -1.7116975     0.5568371    -1.0247607
  1.5194790    -1.3275638     0.7389287    -1.0612601
  1.5495142    -0.8333823     0.9118670    -1.1076417
  1.5795494    -0.2500257     1.0590543    -1.1547806
  1.6095846     0.3900339     1.1663429    -1.1938040
  1.6396198     1.0449974     1.2236444    -1.2173188
  1.6696550     1.6671313     1.2260622    -1.2204315
  1.6996902     2.2069896     1.1744129    -1.2014279
  1.7297254     2.6180784     1.0750711    -1.1620178
  1.7597606     2.8615061     0.9391570    -1.1071084
  1.7897958     2.9101511     0.7811571    -1.0441234
  1.8198311     2.7519055     0.6171425    -0.9819468
  1.8498663     2.3916309     0.4627917    -0.9296155
  1.8799015     1.8515816     0.3314525    -0.8949196
  1.9099367     1.1701956     0.2324720    -0.8830867
  1.9399719     0.3993147     0.1699955    -0.8957180
  1.9700071    -0.3999472     0.1423799    -0.9301228
  2.0000423    -1.1623265     0.1422986    -0.9791522
  2.0300775    -1.8240584     0.1575348    -1.0315788
  2.0601127    -2.3285225     0.1723794    -1.0730076
  2.0901479    -2.6313500     0.1694830    -1.0872402
  2.1201831    -2.7044976     0.1319553    -1.0579611
  2.1502183    -2.5388928     0.0454763    -0.9705735
  2.1802535    -2.1453837    -0.0998186    -0.8139901
  2.2102887    -1.5538941    -0.3078942    -0.5821822
  2.2403239    -0.8108544    -0.5759809    -0.2753101
  2.2703591     0.0248529    -0.8944497     0.0997016
  2.3003943     0.8870529    -1.2474211     0.5292274
  2.3304295     1.7080558    -1.6140525     0.9936596
  2.3604647     2.4245104    -1.9703740     1.4687354
  2.3904999     2.9827871    -2.2914846     1.9273579
  2.4205351     3.3433960    -2.5538811     2.3417492
  2.4505703     3.4840451    -2.7376816     2.6857340
  2.4806055     3.4010808    -2.8285131     2.9369414
  2.5106407     3.1092107    -2.8188750     3.0787132
  2.5406759     2.6395803    -2.7088429     3.1015412
  2.5707111     2.0364276    -2.5060493     3.0038950
  2.6007463     1.3526737    -2.2249527     2.7923650
  2.6307815     0.6448990    -1.8854802     2.4811106
  2.6608167    -0.0318011    -1.5111908     2.0906681
  2.6908519    -0.6285881    -1.1271519     1.6462345
  2.7208871    -1.1068459    -0.7577462     1.1755926
  2.7509223    -1.4409967    -0.4246259     0.7068699
  2.7809575    -1.6199523    -0.1450091     0.2663389
  2.8109927    -1.6471286     0.0695286    -0.1235439
  2.8410279    -1.5390948     0.2136716    -0.4456929
  2.8710631    -1.3230620     0.2883592    -0.6894150
  2.9010983    -1.0335202     0.3001918    -0.8508283
  2.9311335    -0.7084014     0.2603415    -0.9326661
  2.9611687    -0.3851758     0.1831066    -0.9435141
  2.9912039    -0.0972717     0.0842769    -0.8965786
  3.0212391     0.1288451    -0.0205087    -0.8081266
  3.0512743     0.2756815    -0.1172468    -0.6957602
  3.0813095     0.3356754    -0.1947530    -0.5766963
  3.1113447     0.3110769    -0.2454456    -0.4662144
  3.1413799     0.2128392    -0.2656785    -0.3764086
  3.1714151     0.0587036    -0.2556268    -0.3153428
  3.2014503    -0.1292628    -0.2187748    -0.2866648
  3.2314855    -0.3273806    -0.1610996    -0.2896836
  3.2615207    -0.5130184    -0.0900667    -0.3198731
  3.2915559    -0.6669203    -0.0135704    -0.3697206
  3.3215911    -0.7749792     0.0610550    -0.4298135
  3.3516263    -0.8293068     0.1278441    -0.4900391
  3.3816615    -0.8285379     0.1827503    -0.5407683
  3.4116967    -0.7773968     0.2238933    -0.5739071
  3.4417319    -0.6856289     0.2515027    -0.5837165
  3.4717671    -0.5664652     0.2675919    -0.5673353
  3.5018023    -0.4348275     0.2754271    -0.5249702
  3.5318375    -0.3054925     0.2788792    -0.4597572
  3.5618727    -0.1914256     0.2817515    -0.3773285
  3.5919079    -0.1024576     0.2871776    -0.2851453
  3.6219431    -0.0444269     0.2971644    -0.1916786
  3.6519783    -0.0188488     0.3123354    -0.1055277
  3.6820135    -0.0231070     0.3318971    -0.0345656
  3.7120487    -0.0511044     0.3538226     0.0148080
  3.7420839    -0.0942627     0.3752179     0.0382404
  3.7721191    -0.1427262     0.3928114     0.0337853
  3.8021543    -0.1866159     0.4034955     0.0020263
  3.8321895    -0.2171839     0.4048428    -0.0540290
  3.8622247    -0.2277414     0.3955256    -0.1292614
  3.8922599    -0.2142720     0.3755821    -0.2169155
  3.9222951    -0.1756842     0.3464935    -0.3091864
  3.9523303    -0.1137038     0.3110627    -0.3978590
  3.9823655    -0.0324520     0.2731101    -0.4749447
  4.0124007     0.0622164     0.2370272    -0.5332639
  4.0424359     0.1635102     0.2072447    -0.5669336
  4.0724711     0.2645299     0.1876826    -0.5717330
  4.1025063     0.3590215     0.1812542    -0.5453310
  4.1325415     0.4419725     0.1894822    -0.4873733
  4.1625767     0.5099914     0.2122792    -0.3994376
  4.1926119     0.5614455     0.2479155    -0.2848729
  4.2226471     0.5963644     0.2931812    -0.1485454
  4.2526823     0.6161449     0.3437203     0.0034857
  4.2827175     0.6231169     0.3944988     0.1643361
  4.3127527     0.6200426     0.4403487     0.3266866
  4.3427879     0.6096232     0.4765254     0.4831741
  4.3728231     0.5940810     0.4992127     0.6267663
  4.4028583     0.5748693     0.5059182     0.7511065
  4.4328935     0.5525391     0.4957155     0.8508151
  4.4629287     0.5267705     0.4693083     0.9217395
  4.4929639     0.4965508     0.4289121     0.9611428
  4.5229991     0.4604627     0.3779731     0.9678239
  4.5530343     0.4170335     0.3207579     0.9421629
  4.5830695     0.3650894     0.2618661     0.8860880
  4.6131047     0.3040615     0.2057233     0.8029615
  4.6431399     0.2341999     0.1561118     0.6973871
  4.6731751     0.1566679     0.1157922     0.5749454
  4.7032103     0.0735047     0.0862555     0.4418694
  4.7332455    -0.0125344     0.0676292     0.3046763
  4.7632807    -0.0982348     0.0587431     0.1697782
  4.7933159    -0.1802390     0.0573402     0.0430975
  4.8233511    -0.2553791     0.0604035    -0.0702872
  4.8533863    -0.3209789     0.0645564    -0.1664361
  4.8834215    -0.3750883     0.0664874    -0.2427611
  4.9134567    -0.4166208     0.0633487    -0.2981385
  4.9434919    -0.4453827     0.0530844    -0.3329103
  4.9735271    -0.4619932     0.0346525    -0.3487735
  5.0035623    -0.4677161     0.0081191    -0.3485648
  5.0335975    -0.4642290    -0.0253800    -0.3359605
  5.0636327    -0.4533668    -0.0638013    -0.3151164
  5.0936679    -0.4368780    -0.1044556    -0.2902803
  5.1237031    -0.4162272    -0.1443341    -0.2654123
  5.1537383    -0.3924700    -0.1804599    -0.2438481
  5.1837735    -0.3662140    -0.2102230    -0.2280336
  5.2138087    -0.3376660    -0.2316602    -0.2193562
  5.2438439    -0.3067544    -0.2436510    -0.2180858
  5.2738791    -0.2733001    -0.2460110    -0.2234271
  5.3039143    -0.2372073    -0.2394760    -0.2336766
  5.3339495    -0.1986397    -0.2255850    -0.2464637
  5.3639847    -0.1581504    -0.2064790    -0.2590492
  5.3940199    -0.1167418    -0.1846436    -0.2686497
  5.4240551    -0.0758422    -0.1626271    -0.2727514
  5.4540903    -0.0371982    -0.1427667    -0.2693832
  5.4841255    -0.0026945    -0.1269547    -0.2573202
  5.5141607     0.0258740    -0.1164668    -0.2361994
  5.5441959     0.0470479    -0.1118699    -0.2065376
  5.5742311     0.0599297    -0.1130132    -0.1696551
  5.6042663     0.0643578    -0.1191004    -0.1275144
  5.6343015     0.0609998    -0.1288270    -0.0824976
  5.6643367     0.0513467    -0.1405650    -0.0371473
  5.6943719     0.0376028    -0.1525688     0.0060981
  5.7244071     0.0224805    -0.1631796     0.0451444
  5.7544423     0.0089205    -0.1710024     0.0784331
  5.7844775    -0.0002295    -0.1750401     0.1050632
  5.8145127    -0.0025405    -0.1747711     0.1248327
  5.8445479     0.0037092    -0.1701665     0.1381999
  5.8745831     0.0193175    -0.1616492     0.1461709
  5.9046183     0.0440419    -0.1500065     0.1501311
  5.9346535     0.0766012    -0.1362669     0.1516412
  5.9646887     0.1147933    -0.1215622     0.1522244
  5.9947239     0.1557211    -0.1069895     0.1531705
  6.0247591     0.1960969    -0.0934913     0.1553787
  6.0547943     0.2325927    -0.0817645     0.1592575
  6.0848295     0.2621931    -0.0722080     0.1646912
  6.1148647     0.2825117    -0.0649101     0.1710752
  6.1448999     0.2920325    -0.0596741     0.1774133
  6.1749351     0.2902498    -0.0560748     0.1824644
  6.2049703     0.2776915    -0.0535368     0.1849181
  6.2350055     0.2558251    -0.0514207     0.1835779
  6.2650407     0.2268601    -0.0491094     0.1775300
  6.2950759     0.1934726    -0.0460802     0.1662766
  6.3251111     0.1584867    -0.0419578     0.1498186
  6.3551463     0.1245528    -0.0365431     0.1286793
  6.3851815     0.0938613    -0.0298169     0.1038656
  6.4152167     0.0679248    -0.0219209     0.0767732
  6.4452519     0.0474549    -0.0131218     0.0490469
  6.4752871     0.0323431    -0.0037642     0.0224135
  6.5053223     0.0217465     0.0057792    -0.0014949
  6.5353575     0.0142633     0.0151538    -0.0213059
  6.5653927     0.0081714     0.0240600    -0.0360423
  6.5954279     0.0016990     0.0322771    -0.0452140
  6.6254631    -0.0067100     0.0396728    -0.0488582
  6.6554983    -0.0181698     0.0461992    -0.0475233
  6.6855335    -0.0331950     0.0518777    -0.0422019
  6.7155687    -0.0516294     0.0567769    -0.0342201
  6.7456039    -0.0726697     0.0609876    -0.0250987
  6.7756391    -0.0949783     0.0645998    -0.0163996
  6.8056743    -0.1168691     0.0676838    -0.0095764
  6.8357095    -0.1365392     0.0702791    -0.0058424
  6.8657447    -0.1523161     0.0723912    -0.0060708
  6.8957799    -0.1628858     0.0739949    -0.0107326
  6.9258151    -0.1674732     0.0750442    -0.0198780
  6.9558503    -0.1659484     0.0754840    -0.0331582
  6.9858855    -0.1588482     0.0752632    -0.0498834
  7.0159207    -0.1473078     0.0743451    -0.0691059
  7.0459559    -0.1329138     0.0727140    -0.0897183
  7.0759911    -0.1174962     0.0703777    -0.1105550
  7.1060263    -0.1028890     0.0673652    -0.1304856
  7.1360615    -0.0906893     0.0637216    -0.1484922
  7.1660967    -0.0820468     0.0595011    -0.1637242
  7.1961319    -0.0775118     0.0547611    -0.1755289
  7.2261671    -0.0769611     0.0495587    -0.1834588
  7.2562023    -0.0796116     0.0439503    -0.1872594
  7.2862375    -0.0841210     0.0379961    -0.1868444
  7.3162727    -0.0887626     0.0317675    -0.1822630
  7.3463079    -0.0916515     0.0253562    -0.1736688
  7.3763431    -0.0909956     0.0188840    -0.1612936
  7.4063783    -0.0853383     0.0125086    -0.1454312
  7.4364135    -0.0737618     0.0064251    -0.1264311
  7.4664487    -0.0560280     0.0008601    -0.1047022
  7.4964839    -0.0326360    -0.0039421    -0.0807220
  7.5265191    -0.0047905    -0.0077400    -0.0550475
  7.5565543     0.0257152    -0.0103221    -0.0283220
  7.5865895     0.0566896    -0.0115349    -0.0012726
  7.6166247     0.0857813    -0.0113116     0.0253045
  7.6466599     0.1107388    -0.0096933     0.0505736
  7.6766951     0.1296600    -0.0068424     0.0737026
  7.7067303     0.1412018    -0.0030425     0.0939168
  7.7367655     0.1447258     0.0013155     0.1105587
  7.7668008     0.1403635     0.0057616     0.1231461
  7.7968360     0.1289940     0.0097869     0.1314213
  7.8268712     0.1121385     0.0128928     0.1353860
  7.8569064     0.0917845     0.0146426     0.1353132
  7.8869416     0.0701620     0.0147111     0.1317357
  7.9169768     0.0494979     0.0129254     0.1254078
  7.9470120     0.0317771     0.0092910     0.1172449
  7.9770472     0.0185388     0.0040004     0.1082440
  8.0070824     0.0107280    -0.0025791     0.0993938
  8.0371176     0.0086203    -0.0099369     0.0915838
  8.0671528     0.0118232    -0.0174676     0.0855208
  8.0971880     0.0193534    -0.0245321     0.0816626
  8.1272232     0.0297761    -0.0305237     0.0801763
  8.1572584     0.0413894    -0.0349319     0.0809253
  8.1872936     0.0524292    -0.0373979     0.0834880
  8.2173288     0.0612710    -0.0377523     0.0872043
  8.2473640     0.0666045    -0.0360343     0.0912472
  8.2773992     0.0675625    -0.0324860     0.0947107
  8.3074344     0.0637920    -0.0275248     0.0967048
  8.3374696     0.0554611    -0.0216963     0.0964475
  8.3675048     0.0432065    -0.0156124     0.0933446
  8.3975400     0.0280293    -0.0098827     0.0870484
  8.4275752     0.0111572    -0.0050467     0.0774907
  8.4576104    -0.0061103    -0.0015155     0.0648853
  8.4876456    -0.0225525     0.0004713     0.0497033
  8.5176808    -0.0371566     0.0008678     0.0326224
  8.5477160    -0.0492101    -0.0001797     0.0144574
  8.5777512    -0.0583483    -0.0023568    -0.0039197
  8.6077864    -0.0645549    -0.0052245    -0.0216614
  8.6378216    -0.0681170    -0.0082766    -0.0380196
  8.6678568    -0.0695461    -0.0110050    -0.0524056
  8.6978920    -0.0694771    -0.0129623    -0.0644301
  8.7279272    -0.0685597    -0.0138160    -0.0739195
  8.7579624    -0.0673581    -0.0133879    -0.0809088
  8.7879976    -0.0662727    -0.0116717    -0.0856131
  8.8180328    -0.0654911    -0.0088298    -0.0883827
  8.8480680    -0.0649763    -0.0051681    -0.0896481
  8.8781032    -0.0644885    -0.0010930    -0.0898612
  8.9081384    -0.0636383     0.0029431    -0.0894411
  8.9381736    -0.0619601     0.0065027    -0.0887290
  8.9682088    -0.0589956     0.0092197    -0.0879583
  8.9982440    -0.0543750     0.0108469    -0.0872407
  9.0282792    -0.0478830     0.0112872    -0.0865692
  9.0583144    -0.0395027     0.0106050    -0.0858371
  9.0883496    -0.0294303     0.0090171    -0.0848670
  9.1183848    -0.0180602     0.0068629    -0.0834475
  9.1484200    -0.0059426     0.0045604    -0.0813703
  9.1784552     0.0062789     0.0025512    -0.0784639
  9.2084904     0.0179423     0.0012441    -0.0746192
  9.2385256     0.0284421     0.0009621    -0.0698045
  9.2685608     0.0372961     0.0019019    -0.0640676
  9.2985960     0.0441944     0.0041091    -0.0575273
  9.3286312     0.0490243     0.0074732    -0.0503551
  9.3586664     0.0518698     0.0117417    -0.0427503
  9.3887016     0.0529854     0.0165529    -0.0349137
  9.4187368     0.0527499     0.0214809    -0.0270227
  9.4487720     0.0516064     0.0260883    -0.0192112
  9.4788072     0.0499978     0.0299792    -0.0115587
  9.5088424     0.0483064     0.0328457    -0.0040879
  9.5388776     0.0468054     0.0345017     0.0032277
  9.5689128     0.0456297     0.0349008     0.0104491
  9.5989480     0.0447675     0.0341353     0.0176501
  9.6289832     0.0440742     0.0324173     0.0248952
  9.6590184     0.0433048     0.0300451     0.0322166
  9.6890536     0.0421603     0.0273585     0.0395978
  9.7190888     0.0403400     0.0246909     0.0469624
  9.7491240     0.0375927     0.0223231     0.0541726
  9.7791592     0.0337588     0.0204459     0.0610364
  9.8091944     0.0287987     0.0191360     0.0673223
  9.8392296     0.0228018     0.0183485     0.0727806
  9.8692648     0.0159780     0.0179272     0.0771681
  9.8993000     0.0086311     0.0176295     0.0802723
  9.9293352     0.0011202     0.0171652     0.0819331
  9.9593704    -0.0061862     0.0162407     0.0820588
  9.9894056    -0.0129557     0.0146049     0.0806345
 10.0194408    -0.0189304     0.0120886     0.0777221
 10.0494760    -0.0239545     0.0086342     0.0734527
 10.0795112    -0.0279847     0.0043090     0.0680122
 10.1095464    -0.0310848    -0.0006979     0.0616218
 10.1395816    -0.0334047    -0.0060951     0.0545175
 10.1696168    -0.0351474    -0.0115236     0.0469303
 10.1996520    -0.0365297    -0.0165999     0.0390691
 10.2296872    -0.0377429    -0.0209640     0.0311094
 10.2597224    -0.0389191    -0.0243246     0.0231883
 10.2897576    -0.0401085    -0.0264961     0.0154057
 10.3197928    -0.0412719    -0.0274216     0.0078301
 10.3498280    -0.0422882    -0.0271805     0.0005094
 10.3798632    -0.0429765    -0.0259776    -0.0065178
 10.4098984    -0.0431297    -0.0241164    -0.0132107
 10.4399336    -0.0425530    -0.0219593    -0.0195186
 10.4699688    -0.0411031    -0.0198808    -0.0253764
 10.5000040    -0.0387196    -0.0182187    -0.0307064
 10.5300392    -0.0354449    -0.0172303    -0.0354238
 10.5600744    -0.0314291    -0.0170592    -0.0394472
 10.5901096    -0.0269166    -0.0177178    -0.0427106
 10.6201448    -0.0222176    -0.0190863    -0.0451761
 10.6501800    -0.0176677    -0.0209299    -0.0468433
 10.6802152    -0.0135798    -0.0229313    -0.0477551
 10.7102504    -0.0101966    -0.0247341    -0.0479977
 10.7402856    -0.0076506    -0.0259921    -0.0476929
 10.7703208    -0.0059365    -0.0264174    -0.0469858
 10.8003560    -0.0049027    -0.0258215    -0.0460263
 10.8303912    -0.0042625    -0.0241432    -0.0449485
 10.8604264    -0.0036259    -0.0214607    -0.0438504
 10.8904616    -0.0025474    -0.0179850    -0.0427767
 10.9204968    -0.0005855    -0.0140359    -0.0417073
 10.9505320     0.0026347    -0.0100036    -0.0405541
 10.9805672     0.0073629    -0.0063004    -0.0391674
 11.0106024     0.0136782    -0.0033091    -0.0373516
 11.0406376     0.0214624    -0.0013336    -0.0348888
 11.0706728     0.0303969    -0.0005602    -0.0315683
 11.1007080     0.0399841    -0.0010316    -0.0272188
 11.1307432     0.0495924    -0.0026395    -0.0217383
 11.1607784     0.0585192    -0.0051361    -0.0151189
 11.1908136     0.0660654    -0.0081624    -0.0074630
 11.2208488     0.0716117    -0.0112907     0.0010133
 11.2508840     0.0746886    -0.0140755     0.0099886
 11.2809192     0.0750308    -0.0161075     0.0190583
 11.3109544     0.0726090    -0.0170623     0.0277672
 11.3409896     0.0676356    -0.0167392     0.0356500
 11.3710248     0.0605424    -0.0150850     0.0422761
 11.4010600     0.0519342    -0.0121998     0.0472921
 11.4310952     0.0425218    -0.0083237     0.0504591
 11.4611304     0.0330439    -0.0038078     0.0516789
 11.4911656     0.0241864     0.0009292     0.0510071
 11.5212008     0.0165089     0.0054503     0.0486497
 11.5512360     0.0103871     0.0093528     0.0449447
 11.5812712     0.0059776     0.0123141     0.0403295
 11.6113064     0.0032091     0.0141283     0.0352974
 11.6413416     0.0018009     0.0147268     0.0303483
 11.6713768     0.0013052     0.0141828     0.0259382
 11.7014120     0.0011686     0.0126976     0.0224334
 11.7314472     0.0008048     0.0105724     0.0200745
 11.7614824    -0.0003316     0.0081684     0.0189537
 11.7915176    -0.0026777     0.0058611     0.0190080
 11.8215528    -0.0065100     0.0039944     0.0200289
 11.8515880    -0.0119129     0.0028403     0.0216876
 11.8816232    -0.0187720     0.0025689     0.0235727
 11.9116584    -0.0267902     0.0032327     0.0252360
 11.9416936    -0.0355264     0.0047665     0.0262414
 11.9717288    -0.0444486     0.0070013     0.0262118
 12.0017640    -0.0529965     0.0096923     0.0248682
 12.0317992    -0.0606434     0.0125540     0.0220578
 12.0618344    -0.0669510     0.0152998     0.0177681
 12.0918696    -0.0716106     0.0176795     0.0121252
 12.1219048    -0.0744646     0.0195096     0.0053781
 12.1519400    -0.0755091     0.0206942    -0.0021299
 12.1819752    -0.0748760     0.0212313    -0.0099978
 12.2120104    -0.0727995     0.0212067    -0.0178086
 12.2420456    -0.0695722     0.0207753    -0.0251699
 12.2720808    -0.0654975     0.0201331    -0.0317501
 12.3021160    -0.0608453     0.0194837    -0.0373049
 12.3321512    -0.0558163     0.0190059    -0.0416939
 12.3621864    -0.0505218     0.0188242    -0.0448831
 12.3922216    -0.0449787     0.0189893    -0.0469368
 12.4222568    -0.0391219     0.0194695    -0.0479981
 12.4522920    -0.0328309     0.0201548    -0.0482619
 12.4823272    -0.0259657     0.0208733    -0.0479456
 12.5123624    -0.0184071     0.0214171    -0.0472577
 12.5423976    -0.0100946     0.0215747    -0.0463719
 12.5724328    -0.0010555     0.0211640    -0.0454076
 12.6024680     0.0085783     0.0200627    -0.0444189
 12.6325032     0.0185701     0.0182307    -0.0433934
 12.6625384     0.0285941     0.0157207    -0.0422605
 12.6925736     0.0382656     0.0126764    -0.0409071
 12.7226088     0.0471815     0.0093176    -0.0391983
 12.7526440     0.0549659     0.0059133    -0.0370004
 12.7826792     0.0613137     0.0027475    -0.0342031
 12.8127144     0.0660262     0.0000815    -0.0307372
 12.8427496     0.0690343    -0.0018828    -0.0265870
 12.8727848     0.0704042    -0.0030319    -0.0217946
 12.9028200     0.0703258    -0.0033599    -0.0164574
 12.9328552     0.0690848    -0.0029724    -0.0107178
 12.9628904     0.0670212    -0.0020774    -0.0047486
 12.9929256     0.0644814    -0.0009606     0.0012660
 13.0229608     0.0617689     0.0000495     0.0071484
 13.0529960     0.0591017     0.0006240     0.0127443
 13.0830312     0.0565819     0.0004773     0.0179356
 13.1130664     0.0541819    -0.0005931     0.0226469
 13.1431016     0.0517507    -0.0026759     0.0268467
 13.1731368     0.0490382    -0.0057297     0.0305415
 13.2031720     0.0457364    -0.0095813     0.0337664
 13.2332072     0.0415307    -0.0139418     0.0365715
 13.2632424     0.0361556    -0.0184370     0.0390080
 13.2932776     0.0294465    -0.0226504     0.0411148
 13.3233128     0.0213805    -0.0261709     0.0429087
 13.3533480     0.0121001    -0.0286435     0.0443792
 13.3833832     0.0019157    -0.0298124     0.0454884
 13.4134184    -0.0087143    -0.0295545     0.0461763
 13.4434536    -0.0192241    -0.0278971     0.0463705
 13.4734888    -0.0289979    -0.0250182     0.0459991
 13.5035240    -0.0374362    -0.0212289     0.0450043
 13.5335592    -0.0440246    -0.0169394     0.0433557
 13.5635944    -0.0483955    -0.0126137     0.0410595
 13.5936296    -0.0503739    -0.0087167     0.0381646
 13.6236648    -0.0500036    -0.0056617     0.0347622
 13.6537000    -0.0475474    -0.0037629     0.0309796
 13.6837353    -0.0434622    -0.0032001     0.0269705
 13.7137705    -0.0383512    -0.0039984     0.0228992
 13.7438057    -0.0328981    -0.0060265     0.0189249
 13.7738409    -0.0277911    -0.0090128     0.0151849
 13.8038761    -0.0236465    -0.0125779     0.0117807
 13.8339113    -0.0209392    -0.0162792     0.0087678
 13.8639465    -0.0199506    -0.0196623     0.0061509
 13.8939817    -0.0207384    -0.0223129     0.0038858
 13.9240169    -0.0231332    -0.0239035     0.0018862
 13.9540521    -0.0267611    -0.0242286     0.0000361
 13.9840873    -0.0310909    -0.0232253    -0.0017944
 14.0141225    -0.0354981    -0.0209764    -0.0037323
 14.0441577    -0.0393408    -0.0176967    -0.0058850
 14.0741929    -0.0420349    -0.0137034    -0.0083265
 14.1042281    -0.0431224    -0.0093759    -0.0110882
 14.1342633    -0.0423226    -0.0051090    -0.0141545
 14.1642985    -0.0395621    -0.0012660    -0.0174652
 14.1943337    -0.0349782     0.0018631    -0.0209218
 14.2243689    -0.0288977     0.0040929    -0.0243992
 14.2544041    -0.0217932     0.0053600    -0.0277602
 14.2844393    -0.0142224     0.0057245    -0.0308693
 14.3144745    -0.0067592     0.0053571    -0.0336074
 14.3445097     0.0000751     0.0045115    -0.0358819
 14.3745449     0.0058726     0.0034884    -0.0376333
 14.4045801     0.0103825     0.0025939    -0.0388374
 14.4346153     0.0135344     0.0020997    -0.0395017
 14.4646505     0.0154378     0.0022074    -0.0396587
 14.4946857     0.0163578     0.0030246    -0.0393557
 14.5247209     0.0166719     0.0045521    -0.0386441
 14.5547561     0.0168131     0.0066866    -0.0375684
 14.5847913     0.0172067     0.0092361    -0.0361586
 14.6148265     0.0182101     0.0119464    -0.0344251
 14.6448617     0.0200619     0.0145354    -0.0323590
 14.6748969     0.0228483     0.0167301    -0.0299358
 14.7049321     0.0264900     0.0183013    -0.0271235
 14.7349673     0.0307514     0.0190929    -0.0238935
 14.7650025     0.0352703     0.0190398    -0.0202322
 14.7950377     0.0396052     0.0181753    -0.0161516
 14.8250729     0.0432918     0.0166250    -0.0116975
 14.8551081     0.0459035     0.0145888    -0.0069542
 14.8851433     0.0471065     0.0123150    -0.0020426
 14.9151785     0.0467029     0.0100678     0.0028852
 14.9452137     0.0446570     0.0080943     0.0076577
 14.9752489     0.0411000     0.0065947     0.0120986
 15.0052841     0.0363148     0.0056991     0.0160440
 15.0353193     0.0307007     0.0054537     0.0193588
 15.0653545     0.0247248     0.0058191     0.0219516
 15.0953897     0.0188651     0.0066785     0.0237848
 15.1254249     0.0135531     0.0078566     0.0248794
 15.1554601     0.0091236     0.0091441     0.0253133
 15.1854953     0.0057766     0.0103268     0.0252124
 15.2155305     0.0035580     0.0112136     0.0247368
 15.2455657     0.0023594     0.0116598     0.0240627
 15.2756009     0.0019378     0.0115840     0.0233615

PDF 1 in D(r) format
  r, PDF (RMC), PDF (Expt)
 CURVES
         186 ,           2
      0.0654509       -0.0518487       -0.0518487
      0.1309019       -0.1036974       -0.1036974
      0.1963528       -0.1555461       -0.1555461
      0.2618037       -0.2073949       -0.2073949
      0.3272547       -0.2592436       -0.2592436
      0.3927056       -0.3110923       -0.3110923
      0.4581565       -0.3629410       -0.3629410
      0.5236075       -0.4147897       -0.4147897
      0.5890584       -0.4666384       -0.4666384
      0.6545093       -0.5184872       -0.5184872
      0.7199603       -0.5703359       -0.5703359
      0.7854112       -0.6221846       -0.6221846
      0.8508621       -0.6740333       -0.6740333
      0.9163131       -0.7258820       -0.7258820
      0.9817640       -0.7777307       -0.7777307
      1.0472149       -0.8295794       -0.8295794
      1.1126659       -0.8814282       -0.8814282
      1.1781168       -0.8759112       -0.9332769
      1.2435677       -0.8308099       -0.8534496
      1.3090187       -0.7789895       -0.6131118
      1.3744696       -0.7154945       -0.2675095
      1.4399206       -0.6036089        0.1694371
      1.5053715       -0.4055501        0.6565243
      1.5708224       -0.1253191        1.1273298
      1.6362734        0.1755687        1.5020358
      1.7017243        0.4095118        1.7065797
      1.7671752        0.5208768        1.6929626
      1.8326262        0.5234436        1.4532894
      1.8980771        0.4831336        1.0222271
      1.9635280        0.4569009        0.4671657
      2.0289790        0.4380125       -0.1297703
      2.0944299        0.3561991       -0.6909222
      2.1598808        0.1368245       -1.1570597
      2.2253318       -0.2276439       -1.4928737
      2.2907827       -0.6540277       -1.6848480
      2.3562336       -1.0153776       -1.7351978
      2.4216846       -1.2228898       -1.6560100
      2.4871355       -1.2775164       -1.4660184
      2.5525864       -1.2509401       -1.1899441
      2.6180374       -1.2147067       -0.8585565
      2.6834883       -1.1791548       -0.5073901
      2.7489392       -1.0933060       -0.1732126
      2.8143902       -0.9021044        0.1110648
      2.8798411       -0.6063498        0.3213035
      2.9452920       -0.2688317        0.4451695
      3.0107430        0.0399523        0.4824624
      3.0761939        0.3053664        0.4430559
      3.1416448        0.5774452        0.3435209
      3.2070958        0.9074934        0.2036099
      3.2725467        1.2629536        0.0433831
      3.3379976        1.5003160       -0.1187926
      3.4034486        1.4365016       -0.2675069
      3.4688995        0.9791214       -0.3910444
      3.5343504        0.2203142       -0.4817000
      3.5998014       -0.5838735       -0.5356468
      3.6652523       -1.1456872       -0.5523286
      3.7307032       -1.3035524       -0.5334799
      3.7961542       -1.0994584       -0.4820485
      3.8616051       -0.7279293       -0.4013945
      3.9270560       -0.4001197       -0.2950839
      3.9925070       -0.2214116       -0.1673695
      4.0579579       -0.1605582       -0.0241362
      4.1234088       -0.1141295        0.1261923
      4.1888598       -0.0024812        0.2723982
      4.2543107        0.1774259        0.4013251
      4.3197617        0.3704403        0.4999057
      4.3852126        0.5209673        0.5579204
      4.4506635        0.6139733        0.5706504
      4.5161145        0.6688175        0.5404934
      4.5815654        0.7022635        0.4768946
      4.6470163        0.7021878        0.3945010
      4.7124673        0.6379213        0.3100504
      4.7779182        0.4952955        0.2389058
      4.8433691        0.3007675        0.1921862
      4.9088201        0.1101706        0.1751535
      4.9742710       -0.0286299        0.1870475
      5.0397219       -0.1057210        0.2221259
      5.1051729       -0.1455988        0.2714185
      5.1706238       -0.1749771        0.3246760
      5.2360747       -0.1926184        0.3721221
      5.3015257       -0.1690531        0.4057974
      5.3669766       -0.0759534        0.4204222
      5.4324275        0.0823324        0.4137823
      5.4978785        0.2642963        0.3866722
      5.5633294        0.4182034        0.3424457
      5.6287803        0.5164068        0.2862556
      5.6942313        0.5668142        0.2241078
      5.7596822        0.5925231        0.1618886
      5.8251331        0.5997114        0.1045309
      5.8905841        0.5644008        0.0554532
      5.9560350        0.4513343        0.0163396
      6.0214859        0.2487659       -0.0127492
      6.0869369       -0.0120743       -0.0330101
      6.1523878       -0.2712890       -0.0463926
      6.2178387       -0.4776679       -0.0550755
      6.2832897       -0.6185388       -0.0610231
      6.3487406       -0.7182921       -0.0656874
      6.4141915       -0.8086829       -0.0698832
      6.4796425       -0.8974299       -0.0738326
      6.5450934       -0.9615308       -0.0773422
      6.6105443       -0.9691156       -0.0800461
      6.6759953       -0.9089516       -0.0816346
      6.7414462       -0.8012643       -0.0819946
      6.8068971       -0.6811152       -0.0812235
      6.8723481       -0.5698559       -0.0795316
      6.9377990       -0.4598588       -0.0770901
      7.0032500       -0.3251764       -0.0739047
      7.0687009       -0.1480363       -0.0697680
      7.1341518        0.0617456       -0.0643088
      7.1996028        0.2698898       -0.0571109
      7.2650537        0.4388576       -0.0478599
      7.3305046        0.5483290       -0.0364748
      7.3959556        0.5992003       -0.0231996
      7.4614065        0.6015115       -0.0086339
      7.5268574        0.5605666        0.0063070
      7.5923084        0.4749613        0.0205123
      7.6577593        0.3471060        0.0328600
      7.7232102        0.1942506        0.0424277
      7.7886612        0.0476965        0.0486684
      7.8541121       -0.0605471        0.0514967
      7.9195630       -0.1124410        0.0512661
      7.9850140       -0.1077438        0.0486557
      8.0504649       -0.0554410        0.0445208
      8.1159158        0.0370460        0.0397538
      8.1813668        0.1652705        0.0351810
      8.2468177        0.3184982        0.0314893
      8.3122686        0.4705645        0.0291696
      8.3777196        0.5835028        0.0284731
      8.4431705        0.6256521        0.0293933
      8.5086214        0.5917497        0.0316932
      8.5740724        0.5082746        0.0349786
      8.6395233        0.4177538        0.0387958
      8.7049742        0.3524935        0.0427171
      8.7704252        0.3169209        0.0463866
      8.8358761        0.2907678        0.0495222
      8.9013270        0.2485562        0.0518944
      8.9667780        0.1785051        0.0533069
      9.0322289        0.0862719        0.0535976
      9.0976798       -0.0167505        0.0526551
      9.1631308       -0.1274133        0.0504400
      9.2285817       -0.2529659        0.0469993
      9.2940326       -0.3991535        0.0424687
      9.3594836       -0.5557047        0.0370656
      9.4249345       -0.6937962        0.0310740
      9.4903854       -0.7799006        0.0248209
      9.5558364       -0.7959613        0.0186461
      9.6212873       -0.7498452        0.0128694
      9.6867382       -0.6677332        0.0077661
      9.7521892       -0.5748775        0.0035531
      9.8176401       -0.4803587        0.0003809
      9.8830911       -0.3774980       -0.0016802
      9.9485420       -0.2581126       -0.0026672
     10.0139929       -0.1273711       -0.0027579
     10.0794439       -0.0060271       -0.0022864
     10.1448948        0.0821794       -0.0017177
     10.2103457        0.1276466       -0.0015722
     10.2757967        0.1424972       -0.0023167
     10.3412476        0.1522192       -0.0042560
     10.4066985        0.1774310       -0.0074601
     10.4721495        0.2191853       -0.0117477
     10.5376004        0.2582063       -0.0167238
     10.6030513        0.2680928       -0.0218611
     10.6685023        0.2329753       -0.0266021
     10.7339532        0.1579676       -0.0304673
     10.7994041        0.0665465       -0.0331461
     10.8648551       -0.0122379       -0.0345501
     10.9303060       -0.0580929       -0.0348108
     10.9957569       -0.0670356       -0.0342206
     11.0612079       -0.0489439       -0.0331368
     11.1266588       -0.0180754       -0.0318840
     11.1921097        0.0167040       -0.0306890
     11.2575607        0.0556347       -0.0296615
     11.3230116        0.1035134       -0.0288136
     11.3884625        0.1603181       -0.0280945
     11.4539135        0.2142971       -0.0274248
     11.5193644        0.2440313       -0.0267245
     11.5848153        0.2301873       -0.0259412
     11.6502663        0.1701253       -0.0250773
     11.7157172        0.0846568       -0.0242068
     11.7811681        0.0099678       -0.0234649
     11.8466191       -0.0223379       -0.0230042
     11.9120700       -0.0046809       -0.0229319
     11.9775209        0.0413340       -0.0232586
     12.0429719        0.0788364       -0.0238866
     12.1084228        0.0799391       -0.0246458
     12.1738737        0.0435573       -0.0253574

 Total S(Q)'s: Comparison with input data

   494  2 are NQ and NPAR

       Q      S(Q)_RMC  S(Q)_Expt
      0.4682470     -0.9846907     -0.8809821
      0.4982822     -0.9527623     -0.8353799
      0.5283174     -0.9270386     -0.7908817
      0.5583526     -0.9107320     -0.7502589
      0.5883878     -0.9057044     -0.7156275
      0.6184230     -0.9122807     -0.6882954
      0.6484582     -0.9292392     -0.6687016
      0.6784934     -0.9539774     -0.6564458
      0.7085286     -0.9828336     -0.6503999
      0.7385638     -1.0115271     -0.6488810
      0.7685990     -1.0356684     -0.6498639
      0.7986342     -1.0512800     -0.6512066
      0.8286694     -1.0552694     -0.6508616
      0.8587046     -1.0458025     -0.6470522
      0.8887398     -1.0225311     -0.6383975
      0.9187750     -0.9866519     -0.6239781
      0.9488102     -0.9407846     -0.6033411
      0.9788454     -0.8886841     -0.5764539
      1.0088806     -0.8348143     -0.5436172
      1.0389158     -0.7838304     -0.5053587
      1.0689510     -0.7400251     -0.4623219
      1.0989862     -0.7068002     -0.4151711
      1.1290214     -0.6862216     -0.3645248
      1.1590566     -0.6787100     -0.3109251
      1.1890918     -0.6829029     -0.2548479
      1.2191270     -0.6957100     -0.1967458
      1.2491622     -0.7125593     -0.1371166
      1.2791974     -0.7278154     -0.0765815
      1.3092326     -0.7353311     -0.0159572
      1.3392678     -0.7290790      0.0436936
      1.3693030     -0.7038015      0.1010462
      1.3993382     -0.6556136      0.1545403
      1.4293734     -0.5824981      0.2024520
      1.4594086     -0.4846395      0.2430055
      1.4894438     -0.3645620      0.2745150
      1.5194790     -0.2270511      0.2955414
      1.5495142     -0.0788631      0.3050448
      1.5795494      0.0717568      0.3025147
      1.6095846      0.2157057      0.2880600
      1.6396198      0.3437493      0.2624453
      1.6696550      0.4472789      0.2270677
      1.6996902      0.5190321      0.1838712
      1.7297254      0.5537131      0.1352084
      1.7597606      0.5484586      0.0836592
      1.7897958      0.5031081      0.0318282
      1.8198311      0.4202560     -0.0178609
      1.8498663      0.3050819     -0.0633507
      1.8799015      0.1649746     -0.1030968
      1.9099367      0.0089840     -0.1361606
      1.9399719     -0.1528522     -0.1622380
      1.9700071     -0.3102489     -0.1816250
      2.0000423     -0.4534207     -0.1951234
      2.0300775     -0.5737738     -0.2038991
      2.0601127     -0.6644899     -0.2093126
      2.0901479     -0.7209577     -0.2127389
      2.1201831     -0.7410249     -0.2154001
      2.1502183     -0.7250557     -0.2182287
      2.1802535     -0.6757983     -0.2217767
      2.2102887     -0.5980818     -0.2261791
      2.2403239     -0.4983733     -0.2311747
      2.2703591     -0.3842366     -0.2361790
      2.3003943     -0.2637412     -0.2403979
      2.3304295     -0.1448679     -0.2429669
      2.3604647     -0.0349576     -0.2430976
      2.3904999      0.0597566     -0.2402113
      2.4205351      0.1345055     -0.2340443
      2.4505703      0.1862080     -0.2247104
      2.4806055      0.2135554     -0.2127141
      2.5106407      0.2169614     -0.1989119
      2.5406759      0.1983902     -0.1844288
      2.5707111      0.1610866     -0.1705386
      2.6007463      0.1092349     -0.1585243
      2.6307815      0.0475796     -0.1495357
      2.6608167     -0.0189627     -0.1444610
      2.6908519     -0.0856689     -0.1438285
      2.7208871     -0.1483282     -0.1477497
      2.7509223     -0.2034952     -0.1559098
      2.7809575     -0.2486625     -0.1676070
      2.8109927     -0.2823497     -0.1818339
      2.8410279     -0.3041068     -0.1973920
      2.8710631     -0.3144407     -0.2130239
      2.9010983     -0.3146763     -0.2275478
      2.9311335     -0.3067660     -0.2399788
      2.9611687     -0.2930682     -0.2496223
      2.9912039     -0.2761100     -0.2561292
      3.0212391     -0.2583555     -0.2595090
      3.0512743     -0.2419943     -0.2600993
      3.0813095     -0.2287652     -0.2584976
      3.1113447     -0.2198267     -0.2554649
      3.1413799     -0.2156811     -0.2518150
      3.1714151     -0.2161567     -0.2483016
      3.2014503     -0.2204469     -0.2455192
      3.2314855     -0.2272019     -0.2438291
      3.2615207     -0.2346659     -0.2433180
      3.2915559     -0.2408487     -0.2437941
      3.3215911     -0.2437164     -0.2448194
      3.3516263     -0.2413901     -0.2457734
      3.3816615     -0.2323321     -0.2459376
      3.4116967     -0.2155091     -0.2445913
      3.4417319     -0.1905147     -0.2411041
      3.4717671     -0.1576432     -0.2350145
      3.5018023     -0.1179043     -0.2260850
      3.5318375     -0.0729781     -0.2143259
      3.5618727     -0.0251094     -0.1999873
      3.5919079      0.0230510     -0.1835203
      3.6219431      0.0686472     -0.1655127
      3.6519783      0.1088469     -0.1466095
      3.6820135      0.1410798     -0.1274279
      3.7120487      0.1632646     -0.1084774
      3.7420839      0.1740085     -0.0900969
      3.7721191      0.1727568     -0.0724151
      3.8021543      0.1598821     -0.0553386
      3.8321895      0.1366995     -0.0385708
      3.8622247      0.1054061     -0.0216560
      3.8922599      0.0689455     -0.0040442
      3.9222951      0.0308063      0.0148323
      3.9523303     -0.0052313      0.0354803
      3.9823655     -0.0353810      0.0582756
      4.0124007     -0.0561463      0.0834091
      4.0424359     -0.0646010      0.1108557
      4.0724711     -0.0586332      0.1403699
      4.1025063     -0.0371301      0.1715067
      4.1325415     -0.0000886      0.2036657
      4.1625767      0.0513589      0.2361513
      4.1926119      0.1150060      0.2682420
      4.2226471      0.1877179      0.2992587
      4.2526823      0.2656481      0.3286253
      4.2827175      0.3445094      0.3559124
      4.3127527      0.4198783      0.3808621
      4.3427879      0.4875059      0.4033889
      4.3728231      0.5436121      0.4235605
      4.4028583      0.5851388      0.4415595
      4.4328935      0.6099427      0.4576347
      4.4629287      0.6169145      0.4720460
      4.4929639      0.6060157      0.4850130
      4.5229991      0.5782336      0.4966720
      4.5530343      0.5354622      0.5070482
      4.5830695      0.4803193      0.5160447
      4.6131047      0.4159205      0.5234505
      4.6431399      0.3456293      0.5289637
      4.6731751      0.2728060      0.5322280
      4.7032103      0.2005756      0.5328759
      4.7332455      0.1316349      0.5305719
      4.7632807      0.0681096      0.5250522
      4.7933159      0.0114733      0.5161525
      4.8233511     -0.0374721      0.5038246
      4.8533863     -0.0785569      0.4881365
      4.8834215     -0.1121530      0.4692600
      4.9134567     -0.1390469      0.4474473
      4.9434919     -0.1602898      0.4230007
      4.9735271     -0.1770432      0.3962407
      5.0035623     -0.1904342      0.3674775
      5.0335975     -0.2014349      0.3369910
      5.0636327     -0.2107761      0.3050203
      5.0936679     -0.2189002      0.2717658
      5.1237031     -0.2259561      0.2374032
      5.1537383     -0.2318305      0.2021041
      5.1837735     -0.2362116      0.1660632
      5.2138087     -0.2386718      0.1295241
      5.2438439     -0.2387612      0.0927995
      5.2738791     -0.2360973      0.0562828
      5.3039143     -0.2304417      0.0204460
      5.3339495     -0.2217548     -0.0141756
      5.3639847     -0.2102224     -0.0470122
      5.3940199     -0.1962526     -0.0774988
      5.4240551     -0.1804442     -0.1051201
      5.4540903     -0.1635305     -0.1294559
      5.4841255     -0.1463077     -0.1502217
      5.5141607     -0.1295542     -0.1672978
      5.5441959     -0.1139527     -0.1807435
      5.5742311     -0.1000226     -0.1907939
      5.6042663     -0.0880712     -0.1978390
      5.6343015     -0.0781688     -0.2023863
      5.6643367     -0.0701497     -0.2050119
      5.6943719     -0.0636396     -0.2063054
      5.7244071     -0.0581054     -0.2068142
      5.7544423     -0.0529214     -0.2069954
      5.7844775     -0.0474454     -0.2071788
      5.8145127     -0.0410951     -0.2075472
      5.8445479     -0.0334174     -0.2081351
      5.8745831     -0.0241428     -0.2088459
      5.9046183     -0.0132196     -0.2094847
      5.9346535     -0.0008243     -0.2098025
      5.9646887      0.0126527     -0.2095463
      5.9947239      0.0266435     -0.2085065
      6.0247591      0.0404579     -0.2065585
      6.0547943      0.0533504     -0.2036891
      6.0848295      0.0645931     -0.2000080
      6.1148647      0.0735455     -0.1957393
      6.1448999      0.0797154     -0.1911972
      6.1749351      0.0828041     -0.1867468
      6.2049703      0.0827330     -0.1827563
      6.2350055      0.0796474     -0.1795465
      6.2650407      0.0739002     -0.1773447
      6.2950759      0.0660163     -0.1762482
      6.3251111      0.0566425     -0.1762040
      6.3551463      0.0464882     -0.1770060
      6.3851815      0.0362631     -0.1783110
      6.4152167      0.0266184     -0.1796724
      6.4452519      0.0180965     -0.1805864
      6.4752871      0.0110939     -0.1805461
      6.5053223      0.0058404     -0.1790957
      6.5353575      0.0023944     -0.1758805
      6.5653927      0.0006550     -0.1706829
      6.5954279      0.0003874     -0.1634438
      6.6254631      0.0012581     -0.1542645
      6.6554983      0.0028759     -0.1433897
      6.6855335      0.0048338     -0.1311748
      6.7155687      0.0067466     -0.1180399
      6.7456039      0.0082826     -0.1044188
      6.7756391      0.0091843     -0.0907076
      6.8056743      0.0092795     -0.0772203
      6.8357095      0.0084809     -0.0641568
      6.8657447      0.0067774     -0.0515868
      6.8957799      0.0042181     -0.0394526
      6.9258151      0.0008935     -0.0275879
      6.9558503     -0.0030845     -0.0157526
      6.9858855     -0.0075984     -0.0036765
      7.0159207     -0.0125376      0.0088924
      7.0459559     -0.0178030      0.0221420
      7.0759911     -0.0233057      0.0361586
      7.1060263     -0.0289590      0.0509023
      7.1360615     -0.0346671      0.0661994
      7.1660967     -0.0403112      0.0817513
      7.1961319     -0.0457376      0.0971603
      7.2261671     -0.0507492      0.1119681
      7.2562023     -0.0551043      0.1257019
      7.2862375     -0.0585224      0.1379239
      7.3162727     -0.0606993      0.1482756
      7.3463079     -0.0613296      0.1565139
      7.3763431     -0.0601357      0.1625337
      7.4063783     -0.0568990      0.1663737
      7.4364135     -0.0514920      0.1682075
      7.4664487     -0.0439047      0.1683185
      7.4964839     -0.0342647      0.1670645
      7.5265191     -0.0228445      0.1648363
      7.5565543     -0.0100575      0.1620143
      7.5865895      0.0035611      0.1589306
      7.6166247      0.0173860      0.1558397
      7.6466599      0.0307441      0.1529013
      7.6766951      0.0429644      0.1501777
      7.7067303      0.0534311      0.1476442
      7.7367655      0.0616340      0.1452109
      7.7668008      0.0672120      0.1427525
      7.7968360      0.0699855      0.1401410
      7.8268712      0.0699727      0.1372768
      7.8569064      0.0673895      0.1341139
      7.8869416      0.0626313      0.1306748
      7.9169768      0.0562390      0.1270546
      7.9470120      0.0488511      0.1234117
      7.9770472      0.0411474      0.1199493
      8.0070824      0.0337888      0.1168879
      8.0371176      0.0273592      0.1144344
      8.0671528      0.0223148      0.1127515
      8.0971880      0.0189466      0.1119330
      8.1272232      0.0173578      0.1119867
      8.1572584      0.0174606      0.1128290
      8.1872936      0.0189899      0.1142917
      8.2173288      0.0215349      0.1161401
      8.2473640      0.0245828      0.1180994
      8.2773992      0.0275726      0.1198871
      8.3074344      0.0299513      0.1212461
      8.3374696      0.0312281      0.1219745
      8.3675048      0.0310219      0.1219473
      8.3975400      0.0290956      0.1211285
      8.4275752      0.0253760      0.1195703
      8.4576104      0.0199568      0.1174010
      8.4876456      0.0130856      0.1148026
      8.5176808      0.0051355      0.1119809
      8.5477160     -0.0034337      0.1091333
      8.5777512     -0.0121217      0.1064180
      8.6077864     -0.0204355      0.1039288
      8.6378216     -0.0279342      0.1016797
      8.6678568     -0.0342664      0.0996009
      8.6978920     -0.0391968      0.0975469
      8.7279272     -0.0426185      0.0953156
      8.7579624     -0.0445530      0.0926765
      8.7879976     -0.0451357      0.0894023
      8.8180328     -0.0445917      0.0853025
      8.8480680     -0.0432027      0.0802504
      8.8781032     -0.0412717      0.0742040
      8.9081384     -0.0390870      0.0672138
      8.9381736     -0.0368918      0.0594198
      8.9682088     -0.0348605      0.0510347
      8.9982440     -0.0330853      0.0423189
      9.0282792     -0.0315740      0.0335471
      9.0583144     -0.0302576      0.0249744
      9.0883496     -0.0290075      0.0168039
      9.1183848     -0.0276583      0.0091618
      9.1484200     -0.0260350      0.0020834
      9.1784552     -0.0239790     -0.0044889
      9.2084904     -0.0213712     -0.0106938
      9.2385256     -0.0181493     -0.0167279
      9.2685608     -0.0143167     -0.0228135
      9.2985960     -0.0099432     -0.0291626
      9.3286312     -0.0051570     -0.0359411
      9.3586664     -0.0001297     -0.0432380
      9.3887016      0.0049433     -0.0510457
      9.4187368      0.0098649     -0.0592521
      9.4487720      0.0144579     -0.0676471
      9.4788072      0.0185826     -0.0759436
      9.5088424      0.0221499     -0.0838088
      9.5388776      0.0251262     -0.0909034
      9.5689128      0.0275326     -0.0969230
      9.5989480      0.0294352     -0.1016368
      9.6289832      0.0309316     -0.1049170
      9.6590184      0.0321324     -0.1067572
      9.6890536      0.0331426     -0.1072751
      9.7190888      0.0340438     -0.1066994
      9.7491240      0.0348807     -0.1053436
      9.7791592      0.0356525     -0.1035675
      9.8091944      0.0363113     -0.1017343
      9.8392296      0.0367674     -0.1001650
      9.8692648      0.0369008     -0.0991002
      9.8993000      0.0365765     -0.0986708
      9.9293352      0.0356641     -0.0988830
      9.9593704      0.0340555     -0.0996203
      9.9894056      0.0316828     -0.1006607
     10.0194408      0.0285298     -0.1017085
     10.0494760      0.0246390     -0.1024352
     10.0795112      0.0201113     -0.1025258
     10.1095464      0.0150995     -0.1017229
     10.1395816      0.0097947     -0.0998640
     10.1696168      0.0044098     -0.0969060
     10.1996520     -0.0008408     -0.0929346
     10.2296872     -0.0057604     -0.0881560
     10.2597224     -0.0101878     -0.0828730
     10.2897576     -0.0140106     -0.0774479
     10.3197928     -0.0171724     -0.0722562
     10.3498280     -0.0196746     -0.0676389
     10.3798632     -0.0215706     -0.0638575
     10.4098984     -0.0229556     -0.0610593
     10.4399336     -0.0239511     -0.0592561
     10.4699688     -0.0246881     -0.0583206
     10.5000040     -0.0252897     -0.0580002
     10.5300392     -0.0258560     -0.0579467
     10.5600744     -0.0264525     -0.0577586
     10.5901096     -0.0271036     -0.0570299
     10.6201448     -0.0277916     -0.0554000
     10.6501800     -0.0284616     -0.0525981
     10.6802152     -0.0290303     -0.0484752
     10.7102504     -0.0293989     -0.0430222
     10.7402856     -0.0294668     -0.0363690
     10.7703208     -0.0291460     -0.0287665
     10.8003560     -0.0283725     -0.0205535
     10.8303912     -0.0271146     -0.0121127
     10.8604264     -0.0253771     -0.0038211
     10.8904616     -0.0232003      0.0039968
     10.9204968     -0.0206548      0.0111098
     10.9505320     -0.0178330      0.0174070
     10.9805672     -0.0148375      0.0229085
     11.0106024     -0.0117704      0.0277584
     11.0406376     -0.0087218      0.0322013
     11.0706728     -0.0057620      0.0365451
     11.1007080     -0.0029365      0.0411148
     11.1307432     -0.0002654      0.0462050
     11.1607784      0.0022541      0.0520350
     11.1908136      0.0046408      0.0587151
     11.2208488      0.0069211      0.0662270
     11.2508840      0.0091196      0.0744211
     11.2809192      0.0112500      0.0830322
     11.3109544      0.0133081      0.0917103
     11.3409896      0.0152683      0.1000627
     11.3710248      0.0170836      0.1077025
     11.4010600      0.0186893      0.1142962
     11.4310952      0.0200104      0.1196045
     11.4611304      0.0209715      0.1235106
     11.4911656      0.0215076      0.1260319
     11.5212008      0.0215748      0.1273149
     11.5512360      0.0211585      0.1276111
     11.5812712      0.0202790      0.1272407
     11.6113064      0.0189921      0.1265464
     11.6413416      0.0173860      0.1258436
     11.6713768      0.0155731      0.1253764
     11.7014120      0.0136787      0.1252817
     11.7314472      0.0118279      0.1255697
     11.7614824      0.0101310      0.1261213
     11.7915176      0.0086713      0.1267043
     11.8215528      0.0074953      0.1270062
     11.8515880      0.0066074      0.1266781
     11.8816232      0.0059692      0.1253858
     11.9116584      0.0055050      0.1228592
     11.9416936      0.0051118      0.1189349
     11.9717288      0.0046722      0.1135844
     12.0017640      0.0040707      0.1069252
     12.0317992      0.0032092      0.0992118
     12.0618344      0.0020213      0.0908080
     12.0918696      0.0004825      0.0821444
     12.1219048     -0.0013843      0.0736650
     12.1519400     -0.0035089      0.0657713
     12.1819752     -0.0057802      0.0587713
     12.2120104     -0.0080573      0.0528393
     12.2420456     -0.0101845      0.0479932
     12.2720808     -0.0120093      0.0440929
     12.3021160     -0.0133986      0.0408585
     12.3321512     -0.0142548      0.0379094
     12.3621864     -0.0145262      0.0348161
     12.3922216     -0.0142132      0.0311606
     12.4222568     -0.0133679      0.0265959
     12.4522920     -0.0120871      0.0208978
     12.4823272     -0.0105013      0.0139999
     12.5123624     -0.0087583      0.0060094
     12.5423976     -0.0070060     -0.0028009
     12.5724328     -0.0053746     -0.0120234
     12.6024680     -0.0039617     -0.0211648
     12.6325032     -0.0028215     -0.0297089
     12.6625384     -0.0019597     -0.0371832
     12.6925736     -0.0013347     -0.0432223
     12.7226088     -0.0008648     -0.0476179
     12.7526440     -0.0004410     -0.0503499
     12.7826792      0.0000568     -0.0515929
     12.8127144      0.0007418     -0.0516974
     12.8427496      0.0017030     -0.0511467
     12.8727848      0.0029907     -0.0504961
     12.9028200      0.0046070     -0.0503003
     12.9328552      0.0065017     -0.0510403
     12.9628904      0.0085758     -0.0530574
     12.9929256      0.0106903     -0.0565047
     13.0229608      0.0126817     -0.0613231
     13.0529960      0.0143795     -0.0672441
     13.0830312      0.0156266     -0.0738209
     13.1130664      0.0162977     -0.0804842
     13.1431016      0.0163152     -0.0866151
     13.1731368      0.0156595     -0.0916273
     13.2031720      0.0143726     -0.0950459
     13.2332072      0.0125552     -0.0965738
     13.2632424      0.0103567     -0.0961365
     13.2932776      0.0079590     -0.0938970
     13.3233128      0.0055579     -0.0902408
     13.3533480      0.0033408     -0.0857296
     13.3833832      0.0014673     -0.0810300
     13.4134184      0.0000516     -0.0768270
     13.4434536     -0.0008494     -0.0737312
     13.4734888     -0.0012412     -0.0721940
     13.5035240     -0.0011901     -0.0724406
     13.5335592     -0.0008141     -0.0744319
     13.5635944     -0.0002689     -0.0778596
     13.5936296      0.0002719     -0.0821784
     13.6236648      0.0006365     -0.0866700
     13.6537000      0.0006758     -0.0905334
     13.6837353      0.0002803     -0.0929892
     13.7137705     -0.0006072     -0.0933859
     13.7438057     -0.0019851     -0.0912929
     13.7738409     -0.0037940     -0.0865688
     13.8038761     -0.0059236     -0.0793936
     13.8339113     -0.0082255     -0.0702608
     13.8639465     -0.0105308     -0.0599279
     13.8939817     -0.0126685     -0.0493296
     13.9240169     -0.0144849     -0.0394657
     13.9540521     -0.0158597     -0.0312743
     13.9840873     -0.0167183     -0.0255091
     14.0141225     -0.0170385     -0.0226349
     14.0441577     -0.0168506     -0.0227562
     14.0741929     -0.0162319     -0.0255906
     14.1042281     -0.0152955     -0.0304900
     14.1342633     -0.0141758     -0.0365115
     14.1642985     -0.0130116     -0.0425291
     14.1943337     -0.0119296     -0.0473748
     14.2243689     -0.0110298     -0.0499907
     14.2544041     -0.0103747     -0.0495757
     14.2844393     -0.0099833     -0.0457041
     14.3144745     -0.0098310     -0.0384023
     14.3445097     -0.0098536     -0.0281712
     14.3745449     -0.0099576     -0.0159469
     14.4045801     -0.0100320     -0.0030037
     14.4346153     -0.0099630      0.0091924
     14.4646505     -0.0096482      0.0191638
     14.4946857     -0.0090087      0.0256147
     14.5247209     -0.0079985      0.0276121
     14.5547561     -0.0066092      0.0247339
     14.5847913     -0.0048706      0.0171612
     14.6148265     -0.0028466      0.0057010
     14.6448617     -0.0006276     -0.0082686
     14.6748969      0.0016803     -0.0229281
     14.7049321      0.0039665     -0.0362125
     14.7349673      0.0061277     -0.0460528
     14.7650025      0.0080777     -0.0506385
     14.7950377      0.0097547     -0.0486716
     14.8250729      0.0111254     -0.0395841
     14.8551081      0.0121851     -0.0236893
     14.8851433      0.0129547     -0.0022481
     14.9151785      0.0134752      0.0225623
     14.9452137      0.0137998      0.0477812
     14.9752489      0.0139859      0.0698883
     15.0052841      0.0140868      0.0851008
     15.0353193      0.0141457      0.0897155
     15.0653545      0.0141910      0.0804647
     15.0953897      0.0142347      0.0548477
     15.1254249      0.0142729      0.0114055
     15.1554601      0.0142885     -0.0500910
     15.1854953      0.0142560     -0.1285603
     15.2155305      0.0141462     -0.2216477
     15.2455657      0.0139320     -0.3258789
     15.2756009      0.0135918     -0.4369178
