 Results from RMCProfile version 6.7.9.5

 (Version 6f format configuration file)                                          

 2 experiments   3 partials

 Partial g(r)'s are printed out below

   165  3 are NR and NPAR

   r (Ang)
   0.06545     0.00000     0.00000     0.00000
   0.13090     0.00000     0.00000     0.00000
   0.19635     0.00000     0.00000     0.00000
   0.26180     0.00000     0.00000     0.00000
   0.32725     0.00000     0.00000     0.00000
   0.39271     0.00000     0.00000     0.00000
   0.45816     0.00000     0.00000     0.00000
   0.52361     0.00000     0.00000     0.00000
   0.58906     0.00000     0.00000     0.00000
   0.65451     0.00000     0.00000     0.00000
   0.71996     0.00000     0.00000     0.00000
   0.78541     0.00000     0.00000     0.00000
   0.85086     0.00000     0.00000     0.00000
   0.91631     0.00000     0.00000     0.00000
   0.98176     0.00000     0.00000     0.00000
   1.04721     0.00000     0.00000     0.00000
   1.11267     0.00000     0.00000     0.00000
   1.17812     0.00000     0.00000     0.00000
   1.24357     0.00000     0.00000     0.00000
   1.30902     0.00000     0.00000     0.00000
   1.37447     0.00000     0.00000     0.00000
   1.43992     0.00000     0.00000     0.00000
   1.50537     0.00000     2.46927     0.00000
   1.57082     0.00000     3.14826     0.00000
   1.63627     0.00000     3.54077     0.00000
   1.70172     0.00000     3.84202     0.00000
   1.76718     0.00000     3.60489     0.00000
   1.83263     0.00000     3.19521     0.00000
   1.89808     0.00000     2.43045     0.00000
   1.96353     0.00000     1.89546     0.00000
   2.02898     0.00000     0.46378     2.12698
   2.09443     0.00000     0.37521     1.59090
   2.15988     0.00000     0.33871     1.19959
   2.22533     0.00000     0.29249     1.11677
   2.29078     0.00000     0.28856     0.99114
   2.35623     0.00000     0.30833     0.92499
   2.42168     0.00000     0.43783     0.96548
   2.48714     0.00000     0.37252     0.98984
   2.55259     0.00000     0.48502     1.20245
   2.61804     0.00000     0.49950     1.39283
   2.68349     0.00000     0.79543     1.20686
   2.74894     0.00000     0.85385     1.35047
   2.81439     0.00000     1.10553     1.45464
   2.87984     0.00000     1.15905     1.41309
   2.94529     0.00000     1.13088     1.49519
   3.01074     2.64388     0.89340     1.24931
   3.07619     3.11702     0.77925     1.11322
   3.14164     2.50821     0.92057     1.07399
   3.20710     2.66293     0.82576     1.01780
   3.27255     2.09025     0.84840     1.03898
   3.33800     2.05636     0.82136     0.89818
   3.40345     1.75067     0.85828     0.92081
   3.46890     1.40071     0.79884     0.86450
   3.53435     1.34932     0.93293     0.80116
   3.59980     1.17876     0.88915     0.94504
   3.66525     1.11743     1.00961     0.86258
   3.73070     1.26779     1.06438     0.86569
   3.79615     0.96860     1.06911     0.87265
   3.86161     1.11265     1.01552     0.77268
   3.92706     0.97341     1.08014     0.86668
   3.99251     0.85915     1.06980     0.92937
   4.05796     1.08755     1.03157     0.93961
   4.12341     0.99134     1.19271     0.91777
   4.18886     1.06567     1.13321     1.05817
   4.25431     0.98948     1.05132     1.04405
   4.31976     0.97384     1.06910     0.99148
   4.38521     0.84912     1.13330     1.02031
   4.45066     0.91740     1.20658     0.94399
   4.51611     0.92974     1.15249     0.99430
   4.58157     0.90336     1.07588     1.03824
   4.64702     0.69516     1.10372     1.11896
   4.71247     0.88945     1.06438     1.03473
   4.77792     1.04984     1.03253     1.07291
   4.84337     0.68485     1.03850     1.00201
   4.90882     0.90716     0.99733     1.10662
   4.97427     0.78765     0.95529     0.93134
   5.03972     0.79843     0.99026     0.93841
   5.10517     0.94987     1.02819     1.06103
   5.17062     0.78807     0.98755     1.11561
   5.23607     0.97982     0.99904     1.01104
   5.30153     1.02137     0.89487     1.05183
   5.36698     0.97833     0.95318     0.99890
   5.43243     0.97274     0.99505     1.02406
   5.49788     1.04557     1.01289     1.06735
   5.56333     0.90198     0.97431     1.07429
   5.62878     1.06400     0.99542     0.98919
   5.69423     1.19401     0.98689     1.00922
   5.75968     0.81771     0.95069     0.97054
   5.82513     1.04781     0.89840     0.97602
   5.89058     0.96394     1.01707     0.96773
   5.95604     1.23241     0.96699     0.99112
   6.02149     1.11134     0.90069     0.96606
   6.08694     0.97383     0.99693     0.98449
   6.15239     1.09238     1.01932     1.03672
   6.21784     1.09675     0.98946     0.98095
   6.28329     0.98063     0.94561     0.92893
   6.34874     0.98665     1.00135     0.95561
   6.41419     1.06264     0.94741     1.00343
   6.47964     1.02246     0.97385     1.01933
   6.54509     1.00826     1.04208     0.99750
   6.61054     0.86183     1.06222     1.00045
   6.67600     1.09911     1.00309     0.97650
   6.74145     0.95039     0.96922     0.98660
   6.80690     1.02883     1.00325     1.01035
   6.87235     0.97029     0.97029     1.04557
   6.93780     1.02320     1.08202     0.95344
   7.00325     0.98805     1.04310     0.96523
   7.06870     1.05945     1.01596     1.02519
   7.13415     1.01422     1.05045     1.03104
   7.19960     0.97046     1.01111     0.98062
   7.26505     0.89318     1.02790     0.96802
   7.33050     0.97532     1.00473     1.01943
   7.39596     0.94851     1.00388     0.92804
   7.46141     1.08805     0.98989     0.99107
   7.52686     1.08316     0.95996     1.00994
   7.59231     1.04629     1.01430     1.05428
   7.65776     0.97458     0.96897     1.01388
   7.72321     1.07293     0.96586     1.02878
   7.78866     1.01590     1.00397     0.96489
   7.85411     0.92646     1.03854     1.01826
   7.91956     0.98680     0.93011     1.02354
   7.98501     0.90460     1.02748     1.00063
   8.05046     0.98341     1.02710     0.99154
   8.11592     0.99561     0.98761     1.00760
   8.18137     0.99548     0.93941     1.01515
   8.24682     1.00297     1.02331     1.04654
   8.31227     1.01011     0.97962     0.94627
   8.37772     0.94561     1.00752     1.03661
   8.44317     0.90145     0.98458     1.00397
   8.50862     1.03315     1.02315     1.00041
   8.57407     0.96012     1.02818     1.04072
   8.63952     1.04089     1.01972     0.97121
   8.70497     1.04268     1.00358     0.97490
   8.77043     1.08538     0.98009     0.99721
   8.83588     0.92768     0.98334     0.94960
   8.90133     1.05037     1.06616     1.01796
   8.96678     0.94992     0.95402     1.02854
   9.03223     1.05243     0.99835     0.97817
   9.09768     1.02143     1.03177     0.96892
   9.16313     1.01630     1.01473     1.00061
   9.22858     1.00812     0.99420     0.96714
   9.29403     1.00007     1.01684     0.97644
   9.35948     0.91999     0.99440     1.04776
   9.42493     0.96655     0.99249     1.04290
   9.49039     0.94449     0.97739     0.98031
   9.55584     1.02389     0.99433     0.99794
   9.62129     0.98725     0.98938     0.98725
   9.68674     1.04132     1.04763     0.97255
   9.75219     1.00246     1.01562     1.00800
   9.81764     1.00554     0.96455     0.99051
   9.88309     1.00305     0.96799     0.95721
   9.94854     1.02182     0.98390     1.00519
  10.01399     1.03215     0.97831     1.02361
  10.07944     1.07323     1.00129     0.99027
  10.14489     0.98265     0.96922     1.00248
  10.21035     0.97767     1.01936     1.00230
  10.27580     1.03260     0.97337     1.01701
  10.34125     1.03681     1.03066     1.02080
  10.40670     0.97517     1.01712     0.98733
  10.47215     1.00385     1.04047     0.99544
  10.53760     0.95821     0.97126     0.99023
  10.60305     1.08229     1.02900     1.01611
  10.66850     0.98344     1.00889     1.01641
  10.73395     0.98977     0.97491     0.98919
  10.79940     1.02071     1.00490     1.00603

 Partial S(Q)'s are printed out below

   611  3 are NQ and NPAR

      Q          S(Q)_1      S(Q)_2      S(Q)_3
  0.4682470    -2.9406995     0.0500884    -1.2108422
  0.4982822    -2.9050985     0.0487113    -1.2081441
  0.5283159    -2.8613406     0.0469480    -1.2084461
  0.5583480    -2.8136400     0.0447231    -1.2115887
  0.5883784    -2.7661424     0.0420119    -1.2172412
  0.6184069    -2.7226032     0.0388472    -1.2249125
  0.6484336    -2.6861097     0.0353217    -1.2339747
  0.6784584    -2.6588668     0.0315846    -1.2436963
  0.7084810    -2.6420619     0.0278326    -1.2532850
  0.7385015    -2.6358169     0.0242968    -1.2619362
  0.7685198    -2.6392269     0.0212259    -1.2688842
  0.7985357    -2.6504802     0.0188684    -1.2734518
  0.8285491    -2.6670466     0.0174547    -1.2750951
  0.8585601    -2.6859156     0.0171818    -1.2734396
  0.8885684    -2.7038625     0.0182004    -1.2683037
  0.9185740    -2.7177208     0.0206085    -1.2597088
  0.9485769    -2.7246364     0.0244487    -1.2478740
  0.9785768    -2.7222836     0.0297123    -1.2331961
  1.0085738    -2.7090269     0.0363474    -1.2162153
  1.0385677    -2.6840151     0.0442720    -1.1975712
  1.0685584    -2.6472048     0.0533881    -1.1779497
  1.0985458    -2.5993112     0.0635973    -1.1580283
  1.1285300    -2.5416951     0.0748147    -1.1384222
  1.1585106    -2.4761974     0.0869794    -1.1196355
  1.1884878    -2.4049362     0.1000599    -1.1020241
  1.2184613    -2.3300869     0.1140538    -1.0857702
  1.2484312    -2.2536644     0.1289812    -1.0708734
  1.2783972    -2.1773259     0.1448712    -1.0571574
  1.3083593    -2.1022116     0.1617441    -1.0442926
  1.3383174    -2.0288359     0.1795889    -1.0318323
  1.3682715    -1.9570383     0.1983393    -1.0192597
  1.3982214    -1.8859959     0.2178511    -1.0060408
  1.4281670    -1.8142963     0.2378820    -0.9916797
  1.4581083    -1.7400631     0.2580779    -0.9757699
  1.4880452    -1.6611233     0.2779657    -0.9580378
  1.5179775    -1.5752009     0.2969566    -0.9383740
  1.5479052    -1.4801214     0.3143586    -0.9168495
  1.5778281    -1.3740092     0.3293983    -0.8937150
  1.6077463    -1.2554633     0.3412526    -0.8693823
  1.6376596    -1.1236965     0.3490858    -0.8443903
  1.6675679    -0.9786287     0.3520929    -0.8193572
  1.6974711    -0.8209278     0.3495428    -0.7949230
  1.7273691    -0.6519964     0.3408204    -0.7716876
  1.7572618    -0.4739071     0.3254644    -0.7501488
  1.7871493    -0.2892926     0.3031959    -0.7306469
  1.8170312    -0.1012016     0.2739385    -0.7133193
  1.8469077     0.0870685     0.2378258    -0.6980705
  1.8767785     0.2721483     0.1951972    -0.6845604
  1.9066436     0.4507678     0.1465817    -0.6722118
  1.9365029     0.6199125     0.0926718    -0.6602371
  1.9663562     0.7769508     0.0342882    -0.6476840
  1.9962036     0.9197281    -0.0276598    -0.6334949
  2.0260449     1.0466211    -0.0922170    -0.6165779
  2.0558801     1.1565524    -0.1584234    -0.5958825
  2.0857090     1.2489683    -0.2253515    -0.5704753
  2.1155315     1.3237844    -0.2921359    -0.5396101
  2.1453476     1.3813072    -0.3579952    -0.5027860
  2.1751571     1.4221408    -0.4222425    -0.4597911
  2.2049601     1.4470885    -0.4842875    -0.4107262
  2.2347563     1.4570582    -0.5436279    -0.3560090
  2.2645457     1.4529810    -0.5998346    -0.2963569
  2.2943282     1.4357473    -0.6525312    -0.2327504
  2.3241037     1.4061674    -0.7013723    -0.1663805
  2.3538721     1.3649556    -0.7460222    -0.0985826
  2.3836334     1.3127375    -0.7861389    -0.0307629
  2.4133874     1.2500789    -0.8213635     0.0356772
  2.4431340     1.1775280    -0.8513195     0.0994153
  2.4728732     1.0956676    -0.8756209     0.1592727
  2.5026049     1.0051684    -0.8938899     0.2142686
  2.5323289     0.9068368    -0.9057831     0.2636579
  2.5620453     0.8016517    -0.9110238     0.3069525
  2.5917538     0.6907845    -0.9094375     0.3439251
  2.6214544     0.5756009    -0.9009867     0.3745947
  2.6511471     0.4576410    -0.8858027     0.3991988
  2.6808317     0.3385814    -0.8642092     0.4181525
  2.7105081     0.2201800    -0.8367345     0.4320000
  2.7401762     0.1042098    -0.8041117     0.4413615
  2.7698360    -0.0076146    -0.7672633     0.4468816
  2.7994874    -0.1137096    -0.7272717     0.4491804
  2.8291302    -0.2126903    -0.6853350     0.4488134
  2.8587645    -0.3034254    -0.6427129     0.4462414
  2.8883900    -0.3850777    -0.6006627     0.4418112
  2.9180067    -0.4571236    -0.5603732     0.4357503
  2.9476145    -0.5193542    -0.5228986     0.4281716
  2.9772134    -0.5718547    -0.4890985     0.4190894
  3.0068031    -0.6149677    -0.4595882     0.4084432
  3.0363838    -0.6492409    -0.4347040     0.3961267
  3.0659551    -0.6753664    -0.4144850     0.3820191
  3.0955172    -0.6941154    -0.3986745     0.3660158
  3.1250698    -0.7062749    -0.3867412     0.3480556
  3.1546128    -0.7125903    -0.3779179     0.3281423
  3.1841463    -0.7137196    -0.3712563     0.3063590
  3.2136701    -0.7102022    -0.3656933     0.2828742
  3.2431841    -0.7024433    -0.3601254     0.2579394
  3.2726882    -0.6907146    -0.3534837     0.2318800
  3.3021823    -0.6751716    -0.3448064     0.2050789
  3.3316664    -0.6558819    -0.3333015     0.1779560
  3.3611403    -0.6328637    -0.3183978     0.1509454
  3.3906040    -0.6061285    -0.2997772     0.1244715
  3.4200574    -0.5757244    -0.2773899     0.0989275
  3.4495003    -0.5417736    -0.2514487     0.0746566
  3.4789327    -0.5045030    -0.2224055     0.0519381
  3.5083546    -0.4642612    -0.1909097     0.0309790
  3.5377657    -0.4215235    -0.1577552     0.0119114
  3.5671661    -0.3768811    -0.1238168    -0.0052051
  3.5965556    -0.3310179    -0.0899841    -0.0203758
  3.6259341    -0.2846751    -0.0570961    -0.0336601
  3.6553016    -0.2386071    -0.0258817    -0.0451582
  3.6846580    -0.1935333     0.0030882    -0.0549972
  3.7140032    -0.1500900     0.0294355    -0.0633175
  3.7433370    -0.1087856     0.0529934    -0.0702610
  3.7726594    -0.0699658     0.0738074    -0.0759626
  3.8019704    -0.0337890     0.0921201    -0.0805437
  3.8312697    -0.0002180     0.1083414    -0.0841098
  3.8605574     0.0309746     0.1230066    -0.0867513
  3.8898333     0.0601830     0.1367268    -0.0885459
  3.9190974     0.0879329     0.1501350    -0.0895640
  3.9483496     0.1148323     0.1638337    -0.0898733
  3.9775897     0.1415150     0.1783467    -0.0895448
  4.0068177     0.1685804     0.1940794    -0.0886560
  4.0360334     0.1965333     0.2112913    -0.0872938
  4.0652369     0.2257293     0.2300806    -0.0855536
  4.0944281     0.2563307     0.2503829    -0.0835370
  4.1236067     0.2882744     0.2719834    -0.0813471
  4.1527728     0.3212571     0.2945399    -0.0790813
  4.1819262     0.3547381     0.3176157    -0.0768237
  4.2110669     0.3879586     0.3407170    -0.0746378
  4.2401947     0.4199799     0.3633340    -0.0725586
  4.2693097     0.4497337     0.3849791    -0.0705880
  4.2984116     0.4760854     0.4052220    -0.0686921
  4.3275005     0.4979028     0.4237158    -0.0668021
  4.3565761     0.5141278     0.4402150    -0.0648178
  4.3856385     0.5238446     0.4545823    -0.0626159
  4.4146876     0.5263413     0.4667850    -0.0600602
  4.4437232     0.5211589     0.4768820    -0.0570148
  4.4727452     0.5081257     0.4850029    -0.0533581
  4.5017536     0.4873748     0.4913213    -0.0489972
  4.5307483     0.4593420     0.4960255    -0.0438811
  4.5597293     0.4247463     0.4992904    -0.0380116
  4.5886963     0.3845528     0.5012513    -0.0314503
  4.6176493     0.3399212     0.5019845    -0.0243222
  4.6465883     0.2921427     0.5014949    -0.0168134
  4.6755131     0.2425709     0.4997127    -0.0091645
  4.7044237     0.1925491     0.4964991    -0.0016592
  4.7333199     0.1433407     0.4916602     0.0053912
  4.7622018     0.0960655     0.4849679     0.0116665
  4.7910691     0.0516474     0.4761865     0.0168575
  4.8199218     0.0107751     0.4651009     0.0206865
  4.8487599    -0.0261206     0.4515448     0.0229269
  4.8775831    -0.0588729     0.4354265     0.0234191
  4.9063916    -0.0875674     0.4167483     0.0220838
  4.9351850    -0.1125152     0.3956192     0.0189290
  4.9639635    -0.1342120     0.3722582     0.0140520
  4.9927268    -0.1532862     0.3469893     0.0076360
  5.0214749    -0.1704409     0.3202260    -0.0000599
  5.0502077    -0.1863919     0.2924494    -0.0087150
  5.0789252    -0.2018079     0.2641794    -0.0179654
  5.1076271    -0.2172556     0.2359419    -0.0274249
  5.1363135    -0.2331540     0.2082352    -0.0367081
  5.1649843    -0.2497400     0.1814981    -0.0454516
  5.1936393    -0.2670492     0.1560822    -0.0533344
  5.2222785    -0.2849101     0.1322305    -0.0600952
  5.2509018    -0.3029546     0.1100645    -0.0655443
  5.2795091    -0.3206423     0.0895808    -0.0695714
  5.3081003    -0.3372972     0.0706572    -0.0721472
  5.3366753    -0.3521535     0.0530678    -0.0733201
  5.3652341    -0.3644091     0.0365061    -0.0732070
  5.3937766    -0.3732802     0.0206137    -0.0719810
  5.4223026    -0.3780558     0.0050133    -0.0698542
  5.4508121    -0.3781476    -0.0106584    -0.0670605
  5.4793050    -0.3731318    -0.0267190    -0.0638362
  5.5077812    -0.3627800    -0.0434128    -0.0604030
  5.5362406    -0.3470780    -0.0608903    -0.0569518
  5.5646832    -0.3262309    -0.0791953    -0.0536305
  5.5931088    -0.3006545    -0.0982607    -0.0505361
  5.6215173    -0.2709536    -0.1179139    -0.0477108
  5.6499088    -0.2378894    -0.1378904    -0.0451430
  5.6782830    -0.2023371    -0.1578545    -0.0427728
  5.7066400    -0.1652383    -0.1774258    -0.0405015
  5.7349795    -0.1275504    -0.1962084    -0.0382032
  5.7633016    -0.0901954    -0.2138210    -0.0357398
  5.7916061    -0.0540142    -0.2299257    -0.0329753
  5.8198930    -0.0197262    -0.2442517    -0.0297904
  5.8481622     0.0121016    -0.2566145    -0.0260951
  5.8764135     0.0410745    -0.2669264    -0.0218389
  5.9046470     0.0669786    -0.2751999    -0.0170173
  5.9328624     0.0897768    -0.2815429    -0.0116745
  5.9610598     0.1095945    -0.2861459    -0.0059019
  5.9892391     0.1266941    -0.2892636     0.0001671
  6.0174000     0.1414432    -0.2911912     0.0063662
  6.0455427     0.1542758    -0.2922386     0.0125078
  6.0736669     0.1656525    -0.2927044     0.0183967
  6.1017727     0.1760200    -0.2928511     0.0238443
  6.1298598     0.1857744    -0.2928847     0.0286829
  6.1579283     0.1952294    -0.2929392     0.0327787
  6.1859780     0.2045930    -0.2930687     0.0360415
  6.2140089     0.2139526    -0.2932450     0.0384330
  6.2420208     0.2232698    -0.2933643     0.0399695
  6.2700138     0.2323857    -0.2932584     0.0407220
  6.2979876     0.2410350    -0.2927128     0.0408120
  6.3259422     0.2488672    -0.2914878     0.0404031
  6.3538776     0.2554754    -0.2893414     0.0396903
  6.3817936     0.2604279    -0.2860527     0.0388867
  6.4096902     0.2633012    -0.2814423     0.0382082
  6.4375673     0.2637133    -0.2753903     0.0378590
  6.4654247     0.2613520    -0.2678478     0.0380169
  6.4932625     0.2559995    -0.2588431     0.0388210
  6.5210805     0.2475496    -0.2484812     0.0403611
  6.5488786     0.2360173    -0.2369370     0.0426715
  6.5766567     0.2215397    -0.2244423     0.0457278
  6.6044148     0.2043694    -0.2112693     0.0494475
  6.6321529     0.1848603    -0.1977096     0.0536953
  6.6598707     0.1634468    -0.1840531     0.0582914
  6.6875682     0.1406197    -0.1705664     0.0630223
  6.7152453     0.1168977    -0.1574741     0.0676549
  6.7429020     0.0928000    -0.1449433     0.0719509
  6.7705382     0.0688186    -0.1330733     0.0756823
  6.7981537     0.0453955    -0.1218912     0.0786452
  6.8257485     0.0229025    -0.1113534     0.0806730
  6.8533225     0.0016289    -0.1013530     0.0816467
  6.8808757    -0.0182261    -0.0917328     0.0815016
  6.9084079    -0.0365532    -0.0823017     0.0802313
  6.9359190    -0.0533275    -0.0728548     0.0778873
  6.9634090    -0.0685969    -0.0631939     0.0745752
  6.9908778    -0.0824661    -0.0531478     0.0704473
  7.0183253    -0.0950782    -0.0425902     0.0656922
  7.0457515    -0.1065945    -0.0314538     0.0605226
  7.0731561    -0.1171749    -0.0197401     0.0551614
  7.1005393    -0.1269597    -0.0075226     0.0498272
  7.1279008    -0.1360552     0.0050545     0.0447207
  7.1552405    -0.1445228     0.0177849     0.0400120
  7.1825585    -0.1523734     0.0304130     0.0358306
  7.2098546    -0.1595665     0.0426509     0.0322575
  7.2371288    -0.1660151     0.0541987     0.0293211
  7.2643809    -0.1715939     0.0647657     0.0269967
  7.2916108    -0.1761522     0.0740916     0.0252088
  7.3188186    -0.1795286     0.0819654     0.0238373
  7.3460040    -0.1815671     0.0882417     0.0227264
  7.3731671    -0.1821334     0.0928512     0.0216957
  7.4003078    -0.1811287     0.0958076     0.0205530
  7.4274258    -0.1785023     0.0972071     0.0191075
  7.4545213    -0.1742592     0.0972233     0.0171830
  7.4815940    -0.1684647     0.0960962     0.0146302
  7.5086440    -0.1612431     0.0941168     0.0113370
  7.5356711    -0.1527732     0.0916088     0.0072366
  7.5626752    -0.1432788     0.0889077     0.0023125
  7.5896563    -0.1330157     0.0863392    -0.0033994
  7.6166143    -0.1222568     0.0842000    -0.0098126
  7.6435491    -0.1112750     0.0827389    -0.0167937
  7.6704605    -0.1003268     0.0821434    -0.0241707
  7.6973487    -0.0896361     0.0825292    -0.0317418
  7.7242133    -0.0793807     0.0839360    -0.0392876
  7.7510545    -0.0696816     0.0863278    -0.0465828
  7.7778720    -0.0605972     0.0895987    -0.0534092
  7.8046659    -0.0521200     0.0935825    -0.0595676
  7.8314359    -0.0441799     0.0980670    -0.0648886
  7.8581822    -0.0366507     0.1028102    -0.0692412
  7.8849044    -0.0293603     0.1075580    -0.0725397
  7.9116027    -0.0221051     0.1120619    -0.0747469
  7.9382768    -0.0146657     0.1160955    -0.0758750
  7.9649268    -0.0068243     0.1194692    -0.0759834
  7.9915525     0.0016181     0.1220405    -0.0751741
  8.0181539     0.0108253     0.1237219    -0.0735840
  8.0447308     0.0209122     0.1244831    -0.0713765
  8.0712833     0.0319335     0.1243500    -0.0687308
  8.0978111     0.0438761     0.1233993    -0.0658313
  8.1243143     0.0566567     0.1217497    -0.0628571
  8.1507928     0.0701217     0.1195509    -0.0599716
  8.1772464     0.0840536     0.1169699    -0.0573145
  8.2036751     0.0981792     0.1141781    -0.0549945
  8.2300788     0.1121822     0.1113381    -0.0530851
  8.2564574     0.1257181     0.1085915    -0.0516222
  8.2828109     0.1384301     0.1060499    -0.0506044
  8.3091392     0.1499665     0.1037879    -0.0499955
  8.3354421     0.1599967     0.1018400    -0.0497290
  8.3617197     0.1682269     0.1002005    -0.0497143
  8.3879717     0.1744130     0.0988266    -0.0498444
  8.4141983     0.1783713     0.0976443    -0.0500037
  8.4403992     0.1799857     0.0965574    -0.0500763
  8.4665744     0.1792115     0.0954563    -0.0499541
  8.4927238     0.1760757     0.0942295    -0.0495431
  8.5188473     0.1706745     0.0927731    -0.0487695
  8.5449449     0.1631668     0.0910007    -0.0475830
  8.5710164     0.1537658     0.0888508    -0.0459595
  8.5970619     0.1427289     0.0862918    -0.0439006
  8.6230811     0.1303453     0.0833250    -0.0414322
  8.6490741     0.1169242     0.0799842    -0.0386014
  8.6750407     0.1027819     0.0763324    -0.0354714
  8.7009810     0.0882303     0.0724571    -0.0321161
  8.7268947     0.0735663     0.0684617    -0.0286142
  8.7527818     0.0590625     0.0644575    -0.0250427
  8.7786422     0.0449605     0.0605536    -0.0214714
  8.8044760     0.0314649     0.0568474    -0.0179576
  8.8302829     0.0187407     0.0534163    -0.0145427
  8.8560629     0.0069121     0.0503102    -0.0112496
  8.8818159    -0.0039374     0.0475465    -0.0080815
  8.9075419    -0.0137623     0.0451076    -0.0050232
  8.9332407    -0.0225523     0.0429412    -0.0020428
  8.9589123    -0.0303276     0.0409630     0.0009045
  8.9845567    -0.0371345     0.0390622     0.0038719
  9.0101736    -0.0430398     0.0371093     0.0069158
  9.0357631    -0.0481260     0.0349650     0.0100902
  9.0613251    -0.0524861     0.0324907     0.0134412
  9.0868595    -0.0562194     0.0295589     0.0170017
  9.1123662    -0.0594269     0.0260631     0.0207879
  9.1378452    -0.0622083     0.0219270     0.0247956
  9.1632963    -0.0646588     0.0171110     0.0289993
  9.1887195    -0.0668665     0.0116171     0.0333514
  9.2141147    -0.0689107     0.0054909     0.0377842
  9.2394819    -0.0708600    -0.0011795     0.0422127
  9.2648209    -0.0727714    -0.0082668     0.0465385
  9.2901317    -0.0746893    -0.0156114     0.0506552
  9.3154141    -0.0766443    -0.0230295     0.0544543
  9.3406683    -0.0786534    -0.0303234     0.0578311
  9.3658939    -0.0807192    -0.0372932     0.0606915
  9.3910910    -0.0828300    -0.0437478     0.0629566
  9.4162595    -0.0849600    -0.0495165     0.0645685
  9.4413994    -0.0870698    -0.0544588     0.0654932
  9.4665104    -0.0891071    -0.0584734     0.0657233
  9.4915927    -0.0910084    -0.0615034     0.0652786
  9.5166460    -0.0927002    -0.0635405     0.0642052
  9.5416703    -0.0941015    -0.0646251     0.0625732
  9.5666656    -0.0951262    -0.0648443     0.0604729
  9.5916317    -0.0956862    -0.0643270     0.0580098
  9.6165686    -0.0956948    -0.0632361     0.0552990
  9.6414762    -0.0950698    -0.0617592     0.0524585
  9.6663545    -0.0937372    -0.0600980     0.0496029
  9.6912033    -0.0916347    -0.0584568     0.0468373
  9.7160225    -0.0887148    -0.0570303     0.0442512
  9.7408122    -0.0849477    -0.0559933     0.0419143
  9.7655722    -0.0803234    -0.0554907     0.0398727
  9.7903025    -0.0748531    -0.0556293     0.0381470
  9.8150029    -0.0685702    -0.0564727     0.0367316
  9.8396735    -0.0615301    -0.0580373     0.0355958
  9.8643140    -0.0538091    -0.0602928     0.0346862
  9.8889245    -0.0455028    -0.0631635     0.0339306
  9.9135049    -0.0367230    -0.0665336     0.0332428
  9.9380551    -0.0275949    -0.0702537     0.0325283
  9.9625751    -0.0182531    -0.0741496     0.0316906
  9.9870646    -0.0088371    -0.0780321     0.0306373
 10.0115238     0.0005131    -0.0817078     0.0292862
 10.0359524     0.0096610    -0.0849893     0.0275706
 10.0603505     0.0184784    -0.0877056     0.0254441
 10.0847180     0.0268488    -0.0897107     0.0228835
 10.1090547     0.0346714    -0.0908916     0.0198911
 10.1333606     0.0418629    -0.0911735     0.0164953
 10.1576357     0.0483600    -0.0905232     0.0127495
 10.1818798     0.0541205    -0.0889501     0.0087297
 10.2060929     0.0591232    -0.0865052     0.0045314
 10.2302749     0.0633677    -0.0832772     0.0002645
 10.2544257     0.0668730    -0.0793881    -0.0039521
 10.2785453     0.0696755    -0.0749851    -0.0079963
 10.3026336     0.0718265    -0.0702335    -0.0117490
 10.3266906     0.0733892    -0.0653076    -0.0151003
 10.3507160     0.0744359    -0.0603815    -0.0179546
 10.3747099     0.0750441    -0.0556210    -0.0202357
 10.3986723     0.0752940    -0.0511749    -0.0218908
 10.4226029     0.0752643    -0.0471689    -0.0228924
 10.4465018     0.0750303    -0.0436997    -0.0232404
 10.4703689     0.0746608    -0.0408314    -0.0229616
 10.4942041     0.0742160    -0.0385935    -0.0221087
 10.5180073     0.0737458    -0.0369812    -0.0207575
 10.5417785     0.0732886    -0.0359563    -0.0190034
 10.5655175     0.0728704    -0.0354514    -0.0169567
 10.5892244     0.0725044    -0.0353737    -0.0147378
 10.6128990     0.0721914    -0.0356113    -0.0124715
 10.6365413     0.0719196    -0.0360392    -0.0102812
 10.6601512     0.0716657    -0.0365267    -0.0082838
 10.6837286     0.0713959    -0.0369435    -0.0065847
 10.7072735     0.0710671    -0.0371668    -0.0052732
 10.7307858     0.0706281    -0.0370869    -0.0044192
 10.7542654     0.0700215    -0.0366119    -0.0040709
 10.7777122     0.0691852    -0.0356719    -0.0042531
 10.8011262     0.0680540    -0.0342212    -0.0049673
 10.8245072     0.0665621    -0.0322394    -0.0061919
 10.8478553     0.0646442    -0.0297318    -0.0078847
 10.8711704     0.0622385    -0.0267274    -0.0099849
 10.8944524     0.0592878    -0.0232767    -0.0124169
 10.9177011     0.0557422    -0.0194485    -0.0150940
 10.9409166     0.0515609    -0.0153252    -0.0179227
 10.9640988     0.0467141    -0.0109988    -0.0208070
 10.9872476     0.0411851    -0.0065660    -0.0236526
 11.0103629     0.0349719    -0.0021231    -0.0263710
 11.0334447     0.0280885     0.0022382    -0.0288825
 11.0564928     0.0205663     0.0064347    -0.0311197
 11.0795073     0.0124546     0.0103951    -0.0330293
 11.1024880     0.0038211     0.0140628    -0.0345736
 11.1254349    -0.0052483     0.0173970    -0.0357311
 11.1483479    -0.0146507     0.0203743    -0.0364964
 11.1712270    -0.0242669     0.0229878    -0.0368792
 11.1940720    -0.0339638     0.0252467    -0.0369030
 11.2168830    -0.0435973     0.0271744    -0.0366029
 11.2396597    -0.0530146     0.0288063    -0.0360234
 11.2624023    -0.0620590     0.0301873    -0.0352152
 11.2851105    -0.0705731     0.0313682    -0.0342330
 11.3077843    -0.0784034     0.0324034    -0.0331322
 11.3304237    -0.0854051     0.0333468    -0.0319667
 11.3530286    -0.0914463     0.0342496    -0.0307861
 11.3755989    -0.0964127     0.0351574    -0.0296340
 11.3981345    -0.1002111     0.0361077    -0.0285462
 11.4206355    -0.1027735     0.0371289    -0.0275498
 11.4431016    -0.1040594     0.0382381    -0.0266626
 11.4655329    -0.1040583     0.0394415    -0.0258927
 11.4879292    -0.1027904     0.0407338    -0.0252392
 11.5102906    -0.1003069     0.0420989    -0.0246926
 11.5326169    -0.0966893     0.0435110    -0.0242366
 11.5549080    -0.0920471     0.0449359    -0.0238485
 11.5771640    -0.0865148     0.0463327    -0.0235017
 11.5993847    -0.0802486     0.0476564    -0.0231668
 11.6215701    -0.0734209     0.0488591    -0.0228137
 11.6437200    -0.0662154     0.0498931    -0.0224126
 11.6658345    -0.0588214     0.0507126    -0.0219364
 11.6879135    -0.0514274     0.0512756    -0.0213609
 11.7099568    -0.0442150     0.0515459    -0.0206668
 11.7319645    -0.0373532     0.0514947    -0.0198397
 11.7539365    -0.0309929     0.0511012    -0.0188709
 11.7758726    -0.0252616     0.0503543    -0.0177574
 11.7977729    -0.0202596     0.0492524    -0.0165020
 11.8196372    -0.0160570     0.0478035    -0.0151126
 11.8414656    -0.0126913     0.0460254    -0.0136016
 11.8632578    -0.0101667     0.0439448    -0.0119853
 11.8850139    -0.0084546     0.0415965    -0.0102829
 11.9067339    -0.0074948     0.0390220    -0.0085153
 11.9284175    -0.0071986     0.0362690    -0.0067043
 11.9500648    -0.0074520     0.0333891    -0.0048716
 11.9716757    -0.0081209     0.0304366    -0.0030378
 11.9932502    -0.0090557     0.0274672    -0.0012214
 12.0147881    -0.0100981     0.0245360     0.0005616
 12.0362894    -0.0110864     0.0216964     0.0022981
 12.0577540    -0.0118622     0.0189984     0.0039788
 12.0791820    -0.0122763     0.0164875     0.0055979
 12.1005731    -0.0121945     0.0142038     0.0071530
 12.1219273    -0.0115025     0.0121807     0.0086455
 12.1432447    -0.0101106     0.0104443     0.0100795
 12.1645250    -0.0079564     0.0090131     0.0114619
 12.1857683    -0.0050079     0.0078976     0.0128016
 12.2069745    -0.0012640     0.0071002     0.0141087
 12.2281434     0.0032449     0.0066153     0.0153944
 12.2492752     0.0084583     0.0064297     0.0166693
 12.2703696     0.0142876     0.0065231     0.0179437
 12.2914266     0.0206192     0.0068687     0.0192265
 12.3124462     0.0273189     0.0074342     0.0205244
 12.3334283     0.0342361     0.0081825     0.0218418
 12.3543729     0.0412094     0.0090728     0.0231801
 12.3752798     0.0480718     0.0100618     0.0245376
 12.3961490     0.0546568     0.0111047     0.0259092
 12.4169804     0.0608038     0.0121565     0.0272864
 12.4377740     0.0663630     0.0131730     0.0286573
 12.4585297     0.0712010     0.0141119     0.0300069
 12.4792475     0.0752044     0.0149339     0.0313172
 12.4999273     0.0782832     0.0156034     0.0325680
 12.5205689     0.0803738     0.0160899     0.0337370
 12.5411725     0.0814403     0.0163678     0.0348005
 12.5617378     0.0814752     0.0164176     0.0357341
 12.5822649     0.0804989     0.0162261     0.0365135
 12.6027536     0.0785588     0.0157865     0.0371149
 12.6232040     0.0757270     0.0150982     0.0375160
 12.6436159     0.0720972     0.0141673     0.0376966
 12.6639893     0.0677815     0.0130055     0.0376393
 12.6843241     0.0629060     0.0116304     0.0373303
 12.7046203     0.0576068     0.0100641     0.0367595
 12.7248777     0.0520248     0.0083332     0.0359218
 12.7450964     0.0463017     0.0064675     0.0348167
 12.7652763     0.0405752     0.0044992     0.0334490
 12.7854173     0.0349747     0.0024623     0.0318290
 12.8055194     0.0296177     0.0003911     0.0299725
 12.8255824     0.0246064    -0.0016800     0.0279007
 12.8456064     0.0200253    -0.0037181     0.0256397
 12.8655912     0.0159387    -0.0056922     0.0232208
 12.8855369     0.0123903    -0.0075737     0.0206794
 12.9054433     0.0094020    -0.0093376     0.0180545
 12.9253104     0.0069745    -0.0109625     0.0153881
 12.9451381     0.0050883    -0.0124309     0.0127245
 12.9649264     0.0037054    -0.0137296     0.0101088
 12.9846752     0.0027711    -0.0148496     0.0075865
 13.0043844     0.0022173    -0.0157863     0.0052021
 13.0240541     0.0019648    -0.0165387     0.0029982
 13.0436840     0.0019273    -0.0171094     0.0010145
 13.0632742     0.0020143    -0.0175043    -0.0007134
 13.0828247     0.0021345    -0.0177319    -0.0021547
 13.1023352     0.0021997    -0.0178025    -0.0032846
 13.1218059     0.0021272    -0.0177282    -0.0040845
 13.1412366     0.0018430    -0.0175218    -0.0045432
 13.1606273     0.0012841    -0.0171964    -0.0046566
 13.1799778     0.0004004    -0.0167648    -0.0044286
 13.1992882    -0.0008438    -0.0162393    -0.0038709
 13.2185585    -0.0024688    -0.0156310    -0.0030027
 13.2377884    -0.0044792    -0.0149498    -0.0018505
 13.2569780    -0.0068642    -0.0142037    -0.0004476
 13.2761273    -0.0095980    -0.0133994     0.0011667
 13.2952361    -0.0126414    -0.0125419     0.0029478
 13.3143044    -0.0159426    -0.0116347     0.0048471
 13.3333321    -0.0194400    -0.0106800     0.0068132
 13.3523192    -0.0230638    -0.0096789     0.0087925
 13.3712657    -0.0267385    -0.0086321     0.0107314
 13.3901714    -0.0303857    -0.0075397     0.0125769
 13.4090364    -0.0339263    -0.0064023     0.0142781
 13.4278604    -0.0372831    -0.0052207     0.0157878
 13.4466436    -0.0403832    -0.0039970     0.0170632
 13.4653858    -0.0431603    -0.0027342     0.0180670
 13.4840871    -0.0455562    -0.0014373     0.0187687
 13.5027472    -0.0475231    -0.0001129     0.0191450
 13.5213662    -0.0490240     0.0012304     0.0191803
 13.5399440    -0.0500342     0.0025820     0.0188672
 13.5584806    -0.0505419     0.0039292     0.0182068
 13.5769758    -0.0505477     0.0052577     0.0172081
 13.5954297    -0.0500648     0.0065513     0.0158883
 13.6138422    -0.0491182     0.0077928     0.0142716
 13.6322132    -0.0477440     0.0089641     0.0123891
 13.6505427    -0.0459878     0.0100465     0.0102778
 13.6688306    -0.0439031     0.0110217     0.0079791
 13.6870769    -0.0415504     0.0118718     0.0055385
 13.7052815    -0.0389944     0.0125805     0.0030034
 13.7234443    -0.0363028     0.0131329     0.0004228
 13.7415654    -0.0335439     0.0135166    -0.0021548
 13.7596445    -0.0307851     0.0137220    -0.0046820
 13.7776818    -0.0280908     0.0137425    -0.0071142
 13.7956771    -0.0255207     0.0135752    -0.0094105
 13.8136303    -0.0231288     0.0132206    -0.0115347
 13.8315415    -0.0209612     0.0126835    -0.0134563
 13.8494106    -0.0190560     0.0119722    -0.0151508
 13.8672374    -0.0174418     0.0110988    -0.0166007
 13.8850221    -0.0161375     0.0100791    -0.0177956
 13.9027644    -0.0151519     0.0089320    -0.0187322
 13.9204644    -0.0144839     0.0076794    -0.0194143
 13.9381219    -0.0141226     0.0063452    -0.0198527
 13.9557370    -0.0140479     0.0049553    -0.0200646
 13.9733096    -0.0142316     0.0035368    -0.0200727
 13.9908397    -0.0146375     0.0021170    -0.0199049
 14.0083271    -0.0152236     0.0007233    -0.0195934
 14.0257718    -0.0159424    -0.0006182    -0.0191732
 14.0431739    -0.0167430    -0.0018825    -0.0186815
 14.0605331    -0.0175722    -0.0030471    -0.0181565
 14.0778495    -0.0183756    -0.0040921    -0.0176363
 14.0951231    -0.0190998    -0.0050007    -0.0171577
 14.1123536    -0.0196929    -0.0057601    -0.0167553
 14.1295412    -0.0201065    -0.0063609    -0.0164606
 14.1466858    -0.0202964    -0.0067983    -0.0163012
 14.1637873    -0.0202240    -0.0070713    -0.0162996
 14.1808456    -0.0198566    -0.0071835    -0.0164734
 14.1978607    -0.0191687    -0.0071422    -0.0168340
 14.2148326    -0.0181425    -0.0069588    -0.0173873
 14.2317612    -0.0167676    -0.0066480    -0.0181325
 14.2486464    -0.0150417    -0.0062276    -0.0190631
 14.2654882    -0.0129707    -0.0057182    -0.0201666
 14.2822866    -0.0105677    -0.0051423    -0.0214249
 14.2990415    -0.0078534    -0.0045237    -0.0228150
 14.3157528    -0.0048552    -0.0038872    -0.0243094
 14.3324204    -0.0016064    -0.0032578    -0.0258769
 14.3490445     0.0018545    -0.0026599    -0.0274835
 14.3656248     0.0054843    -0.0021171    -0.0290931
 14.3821614     0.0092369    -0.0016512    -0.0306685
 14.3986541     0.0130634    -0.0012818    -0.0321722
 14.4151030     0.0169140    -0.0010261    -0.0335675
 14.4315080     0.0207382    -0.0008983    -0.0348193
 14.4478690     0.0244863    -0.0009093    -0.0358947
 14.4641860     0.0281106    -0.0010664    -0.0367641
 14.4804590     0.0315655    -0.0013736    -0.0374017
 14.4966878     0.0348090    -0.0018310    -0.0377859
 14.5128725     0.0378032    -0.0024352    -0.0379002
 14.5290130     0.0405149    -0.0031794    -0.0377331
 14.5451092     0.0429162    -0.0040538    -0.0372784
 14.5611611     0.0449846    -0.0050453    -0.0365355
 14.5771686     0.0467038    -0.0061386    -0.0355091
 14.5931318     0.0480631    -0.0073162    -0.0342094
 14.6090505     0.0490580    -0.0085588    -0.0326513
 14.6249247     0.0496900    -0.0098459    -0.0308544
 14.6407543     0.0499659    -0.0111565    -0.0288427
 14.6565394     0.0498983    -0.0124693    -0.0266436
 14.6722798     0.0495044    -0.0137631    -0.0242874
 14.6879755     0.0488058    -0.0150177    -0.0218070
 14.7036264     0.0478282    -0.0162139    -0.0192369
 14.7192326     0.0466004    -0.0173341    -0.0166124
 14.7347939     0.0451537    -0.0183627    -0.0139692
 14.7503104     0.0435215    -0.0192863    -0.0113426
 14.7657819     0.0417383    -0.0200937    -0.0087667
 14.7812084     0.0398392    -0.0207766    -0.0062739
 14.7965899     0.0378591    -0.0213292    -0.0038943
 14.8119264     0.0358322    -0.0217484    -0.0016553
 14.8272177     0.0337913    -0.0220340     0.0004191
 14.8424639     0.0317673    -0.0221880     0.0023083
 14.8576648     0.0297886    -0.0222152     0.0039957
 14.8728205     0.0278809    -0.0221226     0.0054685
 14.8879309     0.0260667    -0.0219189     0.0067182
 14.9029959     0.0243650    -0.0216149     0.0077405
 14.9180155     0.0227912    -0.0212226     0.0085350
 14.9329897     0.0213568    -0.0207551     0.0091054
 14.9479184     0.0200694    -0.0202262     0.0094591
 14.9628016     0.0189332    -0.0196501     0.0096067
 14.9776391     0.0179482    -0.0190411     0.0095623
 14.9924311     0.0171110    -0.0184131     0.0093426
 15.0071774     0.0164151    -0.0177796     0.0089664
 15.0218780     0.0158505    -0.0171529     0.0084548
 15.0365328     0.0154048    -0.0165445     0.0078300
 15.0511418     0.0150632    -0.0159643     0.0071153
 15.0657049     0.0148086    -0.0154208     0.0063347
 15.0802222     0.0146227    -0.0149207     0.0055119
 15.0946935     0.0144857    -0.0144690     0.0046706
 15.1091189     0.0143771    -0.0140691     0.0038335
 15.1234982     0.0142764    -0.0137222     0.0030222
 15.1378315     0.0141629    -0.0134279     0.0022570
 15.1521186     0.0140163    -0.0131842     0.0015562
 15.1663596     0.0138174    -0.0129874     0.0009364
 15.1805544     0.0135482    -0.0128323     0.0004117
 15.1947030     0.0131921    -0.0127125    -0.0000059
 15.2088052     0.0127344    -0.0126207    -0.0003069
 15.2228612     0.0121623    -0.0125484    -0.0004844
 15.2368707     0.0114653    -0.0124866    -0.0005336
 15.2508339     0.0106353    -0.0124261    -0.0004527
 15.2647506     0.0096666    -0.0123573    -0.0002417
 15.2786207     0.0085561    -0.0122708     0.0000969

PDF 1 in G'(r) format
  r, PDF (RMC), PDF (Expt)
 CURVES
         165 ,           2
      0.0654509        0.0000000        0.0000000
      0.1309019        0.0000000        0.0000000
      0.1963528        0.0000000        0.0000000
      0.2618037        0.0000000        0.0000000
      0.3272547        0.0000000        0.0000000
      0.3927056        0.0000000        0.0000000
      0.4581565        0.0000000        0.0000000
      0.5236075        0.0000000        0.0000000
      0.5890584        0.0000000        0.0000000
      0.6545093        0.0000000        0.0000000
      0.7199603        0.0000000        0.0000000
      0.7854112        0.0000000        0.0000000
      0.8508621        0.0000000        0.0000000
      0.9163131        0.0000000        0.0000000
      0.9817640        0.0000000        0.0000000
      1.0472149        0.0000000        0.0000000
      1.1126659        0.0000000        0.0000000
      1.1781168        0.0000000        0.0000000
      1.2435677        0.0000000        0.1336642
      1.3090187        0.0000000        0.4087493
      1.3744696        0.0000000        0.7543131
      1.4399206        0.0000000        1.1485415
      1.5053715        1.1977447        1.5505350
      1.5708224        1.5270952        1.9059448
      1.6362734        1.7174891        2.1587834
      1.7017243        1.8636137        2.2659462
      1.7671752        1.7485915        2.2093322
      1.8326262        1.5498683        2.0010507
      1.8980771        1.1789138        1.6798473
      1.9635280        0.9194110        1.3003390
      2.0289790        0.9564261        0.9192625
      2.0944299        0.7291102        0.5835708
      2.1598808        0.5768285        0.3237554
      2.2253318        0.5259291        0.1531507
      2.2907827        0.4808201        0.0715582
      2.3562336        0.4676590        0.0703735
      2.4216846        0.5444012        0.1367765
      2.4871355        0.5210981        0.2559231
      2.5525864        0.6487859        0.4115305
      2.6180374        0.7212795        0.5860281
      2.6834883        0.8008712        0.7613177
      2.7489392        0.8785932        0.9204588
      2.8143902        1.0364941        1.0498161
      2.8798411        1.0481682        1.1408396
      2.9452920        1.0627392        1.1907984
      3.0107430        1.3152015        1.2022868
      3.0761939        1.2939605        1.1818121
      3.1416448        1.2448815        1.1380301
      3.2070958        1.2060378        1.0801428
      3.2725467        1.1263447        1.0167345
      3.3379976        1.0590146        0.9550757
      3.4034486        1.0324202        0.9007813
      3.4688995        0.9243682        0.8576976
      3.5343504        0.9588305        0.8279539
      3.5998014        0.9579040        0.8121644
      3.6652523        0.9774878        0.8097733
      3.7307032        1.0308420        0.8194883
      3.7961542        0.9843563        0.8397032
      3.8616051        0.9486185        0.8687856
      3.9270560        0.9884771        0.9051459
      3.9925070        0.9854763        0.9470814
      4.0579579        1.0095232        0.9924918
      4.1234088        1.0637139        1.0386326
      4.1888598        1.0958525        1.0820893
      4.2543107        1.0382434        1.1190817
      4.3197617        1.0261148        1.1460852
      4.3852126        1.0458348        1.1606051
      4.4506635        1.0668106        1.1618539
      4.5161145        1.0599883        1.1510787
      4.5815654        1.0334291        1.1313973
      4.6470163        1.0390806        1.1071647
      4.7124673        1.0242630        1.0830542
      4.7779182        1.0493795        1.0631198
      4.8433691        0.9654602        1.0500902
      4.9088201        1.0194910        1.0450422
      4.9742710        0.9183792        1.0474679
      5.0397219        0.9396197        1.0556379
      5.1051729        1.0260880        1.0671130
      5.1706238        0.9974682        1.0792657
      5.2360747        0.9998798        1.0897134
      5.3015257        0.9704862        1.0966243
      5.3669766        0.9732061        1.0988858
      5.4324275        1.0012133        1.0961514
      5.4978785        1.0372075        1.0887822
      5.5633294        0.9963210        1.0777025
      5.6287803        1.0050080        1.0641974
      5.6942313        1.0299937        1.0496821
      5.7596822        0.9347713        1.0354810
      5.8251331        0.9506479        1.0226525
      5.8905841        0.9910118        1.0118836
      5.9560350        1.0206894        1.0034631
      6.0214859        0.9592008        0.9973273
      6.0869369        0.9887048        0.9931542
      6.1523878        1.0377999        0.9904812
      6.2178387        1.0048836        0.9888186
      6.2832897        0.9458612        0.9877401
      6.3487406        0.9831080        0.9869391
      6.4141915        0.9863843        0.9862467
      6.4796425        0.9978027        0.9856162
      6.5450934        1.0209648        0.9850831
      6.6105443        1.0067054        0.9847145
      6.6759953        1.0103688        0.9845639
      6.7414462        0.9719763        0.9846464
      6.8068971        1.0100665        0.9849370
      6.8723481        0.9961778        0.9853913
      6.9377990        1.0277393        0.9859733
      7.0032500        1.0069040        0.9866786
      7.0687009        1.0265717        0.9875407
      7.1341518        1.0375770        0.9886210
      7.1996028        0.9936735        0.9899864
      7.2650537        0.9842671        0.9916841
      7.3305046        1.0047548        0.9937189
      7.3959556        0.9683267        0.9960403
      7.4614065        1.0070856        0.9985393
      7.5268574        0.9982216        1.0010578
      7.5923084        1.0335223        1.0034105
      7.6577593        0.9853747        1.0054168
      7.7232102        1.0058136        1.0069347
      7.7886612        0.9925706        1.0078879
      7.8541121        1.0123927        1.0082768
      7.9195630        0.9719364        1.0081716
      7.9850140        0.9972313        1.0076919
      8.0504649        1.0073987        1.0069810
      8.1159158        0.9958517        1.0061833
      8.1813668        0.9750470        1.0054282
      8.2468177        1.0278185        1.0048201
      8.3122686        0.9733645        1.0044299
      8.3777196        1.0069358        1.0042903
      8.4431705        0.9770283        1.0043946
      8.5086214        1.0170374        1.0047020
      8.5740724        1.0208536        1.0051498
      8.6395233        1.0066579        1.0056686
      8.7049742        1.0004031        1.0061946
      8.7704252        1.0039891        1.0066765
      8.8358761        0.9622164        1.0070750
      8.9013270        1.0468800        1.0073594
      8.9667780        0.9789448        1.0075046
      9.0322289        1.0006612        1.0074908
      9.0976798        1.0083872        1.0073061
      9.1631308        1.0101429        1.0069488
      9.2285817        0.9872767        1.0064289
      9.2940326        1.0000748        1.0057682
      9.3594836        1.0000215        1.0049992
      9.4249345        1.0053893        1.0041619
      9.4903854        0.9727677        1.0033015
      9.5558364        1.0006263        1.0024632
      9.6212873        0.9882842        1.0016885
      9.6867382        1.0207306        1.0010121
      9.7521892        1.0107474        1.0004599
      9.8176401        0.9804862        1.0000490
      9.8830911        0.9702803        0.9997854
      9.9485420        0.9977115        0.9996616
     10.0139929        1.0030967        0.9996523
     10.0794439        1.0098038        0.9997136
     10.1448948        0.9829561        0.9997863
     10.2103457        1.0063635        0.9998056
     10.2757967        0.9985079        0.9997154
     10.3412476        1.0283208        0.9994805
     10.4066985        0.9997041        0.9990951
     10.4721495        1.0187234        0.9985839
     10.5376004        0.9755516        0.9979966
     10.6030513        1.0336814        0.9973973
     10.6685023        1.0071220        0.9968523
     10.7339532        0.9823624        0.9964170
     10.7994041        1.0079957        0.9961255

 Total S(Q)'s: Comparison with input data

   611  2 are NQ and NPAR

       Q      S(Q)_RMC  S(Q)_Expt
      0.4682470      0.1338796      0.2077988
      0.4982822      0.1402287      0.2271120
      0.5283159      0.1467539      0.1999373
      0.5583480      0.1527528      0.2298475
      0.5883784      0.1576179      0.2305090
      0.6184069      0.1608917      0.2565357
      0.6484336      0.1623070      0.2474724
      0.6784584      0.1618108      0.2646474
      0.7084810      0.1595676      0.2636069
      0.7385015      0.1559456      0.3029983
      0.7685198      0.1514834      0.2803935
      0.7985357      0.1468442      0.3165134
      0.8285491      0.1427598      0.3242744
      0.8585601      0.1399694      0.3528387
      0.8885684      0.1391600      0.3401115
      0.9185740      0.1409135      0.3830234
      0.9485769      0.1456634      0.3893421
      0.9785768      0.1536667      0.4382564
      1.0085738      0.1649922      0.4118919
      1.0385677      0.1795258      0.4648711
      1.0685584      0.1969916      0.4868638
      1.0985458      0.2169864      0.5442779
      1.1285300      0.2390248      0.5432138
      1.1585106      0.2625889      0.6115161
      1.1884878      0.2871789      0.6502125
      1.2184613      0.3123588      0.7342055
      1.2484312      0.3377939      0.7438206
      1.2783972      0.3632755      0.8198889
      1.3083593      0.3887317      0.8923436
      1.3383174      0.4142229      0.9986290
      1.3682715      0.4399221      1.0154129
      1.3982214      0.4660836      1.1345052
      1.4281670      0.4930022      1.1952611
      1.4581083      0.5209667      1.2765756
      1.4880452      0.5502135      1.2583090
      1.5179775      0.5808839      1.3187903
      1.5479052      0.6129897      1.3185571
      1.5778281      0.6463904      1.3357947
      1.6077463      0.6807847      1.2915394
      1.6376596      0.7157166      1.2788005
      1.6675679      0.7505967      1.2367185
      1.6974711      0.7847360      1.2087317
      1.7273691      0.8173901      1.1295654
      1.7572618      0.8478093      1.1126714
      1.7871493      0.8752912      1.0785231
      1.8170312      0.8992299      1.0634851
      1.8469077      0.9191591      0.9789252
      1.8767785      0.9347841      0.9419524
      1.9066436      0.9460007      0.9070040
      1.9365029      0.9529000      0.9084775
      1.9663562      0.9557575      0.8360757
      1.9962036      0.9550095      0.8344206
      2.0260449      0.9512171      0.8139095
      2.0558801      0.9450229      0.8122972
      2.0857090      0.9371032      0.7600058
      2.1155315      0.9281199      0.7759056
      2.1453476      0.9186767      0.7596567
      2.1751571      0.9092830      0.7815941
      2.2049601      0.9003278      0.7273933
      2.2347563      0.8920665      0.7465106
      2.2645457      0.8846197      0.7472951
      2.2943282      0.8779852      0.7775821
      2.3241037      0.8720594      0.7319369
      2.3538721      0.8666681      0.7609251
      2.3836334      0.8616007      0.7546690
      2.4133874      0.8566460      0.7935739
      2.4431340      0.8516257      0.7408128
      2.4728732      0.8464214      0.7779927
      2.5026049      0.8409937      0.7941686
      2.5323289      0.8353908      0.8294398
      2.5620453      0.8297466      0.7882798
      2.5917538      0.8242680      0.8429276
      2.6214544      0.8192132      0.8262057
      2.6511471      0.8148635      0.8698095
      2.6808317      0.8114917      0.8159758
      2.7105081      0.8093291      0.8431003
      2.7401762      0.8085369      0.8216031
      2.7698360      0.8091822      0.8492129
      2.7994874      0.8112245      0.7853049
      2.8291302      0.8145103      0.8107665
      2.8587645      0.8187806      0.7956234
      2.8883900      0.8236880      0.8172699
      2.9180067      0.8288236      0.7497847
      2.9476145      0.8337508      0.7684031
      2.9772134      0.8380427      0.7532565
      3.0068031      0.8413217      0.7831777
      3.0363838      0.8432942      0.7247468
      3.0659551      0.8437816      0.7424671
      3.0955172      0.8427402      0.7324139
      3.1250698      0.8402723      0.7548449
      3.1546128      0.8366238      0.6944434
      3.1841463      0.8321708      0.7490457
      3.2136701      0.8273943      0.7273784
      3.2431841      0.8228472      0.7584574
      3.2726882      0.8191131      0.7123848
      3.3021823      0.8167638      0.7455926
      3.3316664      0.8163162      0.7366845
      3.3611403      0.8181936      0.7711888
      3.3906040      0.8226942      0.7304165
      3.4200574      0.8299693      0.7601068
      3.4495003      0.8400125      0.7670137
      3.4789327      0.8526623      0.7887449
      3.5083546      0.8676148      0.7636740
      3.5377657      0.8844494      0.7908278
      3.5671661      0.9026610      0.8012965
      3.5965556      0.9216992      0.8354474
      3.6259341      0.9410100      0.8125319
      3.6553016      0.9600762      0.8381429
      3.6846580      0.9784542      0.8531816
      3.7140032      0.9958036      0.8943623
      3.7433370      1.0119075      0.8597129
      3.7726594      1.0266826      0.9181836
      3.8019704      1.0401776      0.9130229
      3.8312697      1.0525616      0.9651177
      3.8605574      1.0641019      0.9275593
      3.8898333      1.0751357      0.9847655
      3.9190974      1.0860358      0.9955053
      3.9483496      1.0971751      1.0552443
      3.9775897      1.1088916      1.0206638
      4.0068177      1.1214578      1.0818904
      4.0360334      1.1350562      1.1020108
      4.0652369      1.1497624      1.1614346
      4.0944281      1.1655378      1.1168939
      4.1236067      1.1822321      1.1832290
      4.1527728      1.1995941      1.2055746
      4.1819262      1.2172902      1.2414010
      4.2110669      1.2349296      1.2215499
      4.2401947      1.2520922      1.2839307
      4.2693097      1.2683582      1.3309875
      4.2984116      1.2833364      1.3949996
      4.3275005      1.2966887      1.3686860
      4.3565761      1.3081494      1.4282211
      4.3856385      1.3175376      1.4364003
      4.4146876      1.3247625      1.4812994
      4.4437232      1.3298211      1.4594988
      4.4727452      1.3327886      1.5009093
      4.5017536      1.3338038      1.5025782
      4.5307483      1.3330503      1.5516118
      4.5597293      1.3307352      1.4833252
      4.5886963      1.3270680      1.5373560
      4.6176493      1.3222411      1.5315077
      4.6465883      1.3164137      1.5751113
      4.6755131      1.3097008      1.5102587
      4.7044237      1.3021673      1.5496000
      4.7333199      1.2938281      1.5358035
      4.7622018      1.2846540      1.5745380
      4.7910691      1.2745823      1.5004836
      4.8199218      1.2635310      1.5160782
      4.8487599      1.2514152      1.5191082
      4.8775831      1.2381642      1.5461030
      4.9063916      1.2237370      1.4475589
      4.9351850      1.2081360      1.4664399
      4.9639635      1.1914163      1.4377283
      4.9927268      1.1736904      1.4581343
      5.0214749      1.1551278      1.3604107
      5.0502077      1.1359497      1.3697796
      5.0789252      1.1164191      1.3141227
      5.1076271      1.0968269      1.2908323
      5.1363135      1.0774757      1.2011923
      5.1649843      1.0586628      1.2021215
      5.1936393      1.0406631      1.1570817
      5.2222785      1.0237136      1.1496027
      5.2509018      1.0080015      1.0809341
      5.2795091      0.9936554      1.0625072
      5.3081003      0.9807419      1.0164037
      5.3366753      0.9692655      1.0118871
      5.3652341      0.9591747      0.9438641
      5.3937766      0.9503703      0.9305984
      5.4223026      0.9427177      0.9112271
      5.4508121      0.9360610      0.9127001
      5.4793050      0.9302374      0.8375091
      5.5077812      0.9250912      0.8561141
      5.5362406      0.9204861      0.8300860
      5.5646832      0.9163150      0.8474997
      5.5931088      0.9125059      0.7790392
      5.6215173      0.9090246      0.8118337
      5.6499088      0.9058732      0.7806676
      5.6782830      0.9030854      0.8133906
      5.7066400      0.9007187      0.7555811
      5.7349795      0.8988446      0.7917284
      5.7633016      0.8975379      0.7855322
      5.7916061      0.8968653      0.8093093
      5.8198930      0.8968763      0.7558034
      5.8481622      0.8975943      0.7903458
      5.8764135      0.8990117      0.7717963
      5.9046470      0.9010873      0.8082554
      5.9328624      0.9037474      0.7593839
      5.9610598      0.9068895      0.7796401
      5.9892391      0.9103891      0.7800547
      6.0174000      0.9141087      0.8167204
      6.0455427      0.9179076      0.7715835
      6.0736669      0.9216527      0.8043355
      6.1017727      0.9252283      0.7999956
      6.1298598      0.9285444      0.8243273
      6.1579283      0.9315437      0.7883084
      6.1859780      0.9342045      0.8103892
      6.2140089      0.9365423      0.7991596
      6.2420208      0.9386064      0.8318845
      6.2700138      0.9404758      0.7818216
      6.2979876      0.9422508      0.8166737
      6.3259422      0.9440440      0.8091770
      6.3538776      0.9459703      0.8465817
      6.3817936      0.9481362      0.7922560
      6.4096902      0.9506307      0.8253628
      6.4375673      0.9535166      0.8139798
      6.4654247      0.9568257      0.8466621
      6.4932625      0.9605545      0.7946021
      6.5210805      0.9646650      0.8208288
      6.5488786      0.9690867      0.8225073
      6.5766567      0.9737221      0.8457956
      6.6044148      0.9784542      0.8081858
      6.6321529      0.9831554      0.8446045
      6.6598707      0.9876976      0.8486867
      6.6875682      0.9919620      0.8868101
      6.7152453      0.9958483      0.8481523
      6.7429020      0.9992822      0.8936918
      6.7705382      1.0022212      0.8835210
      6.7981537      1.0046578      0.9299052
      6.8257485      1.0066194      0.8970225
      6.8533225      1.0081664      0.9418182
      6.8808757      1.0093868      0.9284377
      6.9084079      1.0103899      0.9699719
      6.9359190      1.0112971      0.9362651
      6.9634090      1.0122324      0.9867725
      6.9908778      1.0133136      0.9927209
      7.0183253      1.0146422      1.0234146
      7.0457515      1.0162965      1.0020005
      7.0731561      1.0183250      1.0320274
      7.1005393      1.0207431      1.0469580
      7.1279008      1.0235319      1.0806872
      7.1552405      1.0266394      1.0612949
      7.1825585      1.0299840      1.1021325
      7.2098546      1.0334610      1.0931564
      7.2371288      1.0369496      1.1317198
      7.2643809      1.0403217      1.0969701
      7.2916108      1.0434508      1.1391946
      7.3188186      1.0462209      1.1368784
      7.3460040      1.0485345      1.1676400
      7.3731671      1.0503191      1.1386115
      7.4003078      1.0515320      1.1686064
      7.4274258      1.0521630      1.1607236
      7.4545213      1.0522348      1.1938900
      7.4815940      1.0518012      1.1469316
      7.5086440      1.0509438      1.1715742
      7.5356711      1.0497659      1.1716972
      7.5626752      1.0483862      1.1932501
      7.5896563      1.0469314      1.1629149
      7.6166143      1.0455285      1.1724599
      7.6435491      1.0442974      1.1765743
      7.6704605      1.0433442      1.1856788
      7.6973487      1.0427561      1.1257355
      7.7242133      1.0425977      1.1586360
      7.7510545      1.0429080      1.1394201
      7.7778720      1.0437008      1.1658132
      7.8046659      1.0449652      1.1087555
      7.8314359      1.0466687      1.1391307
      7.8581822      1.0487604      1.1294155
      7.8849044      1.0511760      1.1506460
      7.9116027      1.0538425      1.0988124
      7.9382768      1.0566836      1.1341934
      7.9649268      1.0596239      1.1333890
      7.9915525      1.0625935      1.1510217
      8.0181539      1.0655307      1.1033276
      8.0447308      1.0683844      1.1280535
      8.0712833      1.0711148      1.1212458
      8.0978111      1.0736935      1.1424762
      8.1243143      1.0761022      1.0971167
      8.1507928      1.0783310      1.1240392
      8.1772464      1.0803758      1.1192622
      8.2036751      1.0822355      1.1429659
      8.2300788      1.0839097      1.0997263
      8.2564574      1.0853957      1.1217729
      8.2828109      1.0866871      1.1133024
      8.3091392      1.0877725      1.1373785
      8.3354421      1.0886349      1.0861938
      8.3617197      1.0892524      1.1217421
      8.3879717      1.0895993      1.1146505
      8.4141983      1.0896481      1.1414051
      8.4403992      1.0893720      1.0990696
      8.4665744      1.0887475      1.1197346
      8.4927238      1.0877574      1.1164224
      8.5188473      1.0863932      1.1450112
      8.5449449      1.0846574      1.0949807
      8.5710164      1.0825650      1.1239901
      8.5970619      1.0801440      1.1130950
      8.6230811      1.0774357      1.1433015
      8.6490741      1.0744931      1.0928001
      8.6750407      1.0713793      1.1083708
      8.7009810      1.0681644      1.0973715
      8.7268947      1.0649225      1.1119729
      8.7527818      1.0617278      1.0740829
      8.7786422      1.0586502      1.0972589
      8.8044760      1.0557526      1.0897339
      8.8302829      1.0530863      1.1069827
      8.8560629      1.0506890      1.0533714
      8.8818159      1.0485822      1.0795645
      8.9075419      1.0467705      1.0600021
      8.9332407      1.0452411      1.0827045
      8.9589123      1.0439652      1.0252971
      8.9845567      1.0428995      1.0586024
      9.0101736      1.0419890      1.0437791
      9.0357631      1.0411706      1.0629044
      9.0613251      1.0403770      1.0040425
      9.0868595      1.0395408      1.0420848
      9.1123662      1.0385986      1.0195197
      9.1378452      1.0374949      1.0314713
      9.1632963      1.0361853      0.9870687
      9.1887195      1.0346395      1.0029759
      9.2141147      1.0328427      0.9916910
      9.2394819      1.0307967      1.0053060
      9.2648209      1.0285196      0.9493458
      9.2901317      1.0260448      0.9755755
      9.3154141      1.0234186      0.9624711
      9.3406683      1.0206983      0.9832615
      9.3658939      1.0179478      0.9309610
      9.3910910      1.0152349      0.9484010
      9.4162595      1.0126268      0.9360735
      9.4413994      1.0101866      0.9522356
      9.4665104      1.0079699      0.8994818
      9.4915927      1.0060221      0.9233140
      9.5166460      1.0043754      0.9087307
      9.5416703      1.0030484      0.9367741
      9.5666656      1.0020445      0.8876348
      9.5916317      1.0013526      0.9125586
      9.6165686      1.0009481      0.8965974
      9.6414762      1.0007945      0.9230632
      9.6663545      1.0008462      0.8714014
      9.6912033      1.0010508      0.8967859
      9.7160225      1.0013528      0.8893871
      9.7408122      1.0016965      0.9214249
      9.7655722      1.0020291      0.8755735
      9.7903025      1.0023041      0.8937061
      9.8150029      1.0024829      0.8824248
      9.8396735      1.0025375      0.9142871
      9.8643140      1.0024512      0.8662962
      9.8889245      1.0022197      0.8918010
      9.9135049      1.0018501      0.8883861
      9.9380551      1.0013612      0.9065040
      9.9625751      1.0007812      0.8730466
      9.9870646      1.0001463      0.8943250
     10.0115238      0.9994980      0.8877010
     10.0359524      0.9988809      0.9196555
     10.0603505      0.9983402      0.8748684
     10.0847180      0.9979187      0.9030995
     10.1090547      0.9976548      0.8945450
     10.1333606      0.9975803      0.9251539
     10.1576357      0.9977188      0.8863267
     10.1818798      0.9980848      0.9093806
     10.2060929      0.9986826      0.9057577
     10.2302749      0.9995070      0.9287798
     10.2544257      1.0005429      0.8970525
     10.2785453      1.0017672      0.9251289
     10.3026336      1.0031493      0.9168794
     10.3266906      1.0046535      0.9318623
     10.3507160      1.0062404      0.9025320
     10.3747099      1.0078691      0.9272589
     10.3986723      1.0094993      0.9148892
     10.4226029      1.0110929      0.9531408
     10.4465018      1.0126160      0.9069573
     10.4703689      1.0140400      0.9359277
     10.4942041      1.0153427      0.9343425
     10.5180073      1.0165090      0.9610470
     10.5417785      1.0175312      0.9144871
     10.5655175      1.0184084      0.9519134
     10.5892244      1.0191466      0.9461973
     10.6128990      1.0197572      0.9672946
     10.6365413      1.0202563      0.9320568
     10.6601512      1.0206633      0.9575107
     10.6837286      1.0209993      0.9549118
     10.7072735      1.0212858      0.9858723
     10.7307858      1.0215432      0.9460034
     10.7542654      1.0217896      0.9759839
     10.7777122      1.0220398      0.9700277
     10.8011262      1.0223045      0.9926351
     10.8245072      1.0225894      0.9576810
     10.8478553      1.0228956      0.9874100
     10.8711704      1.0232192      0.9773301
     10.8944524      1.0235519      1.0209011
     10.9177011      1.0238817      0.9801715
     10.9409166      1.0241938      1.0096838
     10.9640988      1.0244714      1.0044908
     10.9872476      1.0246973      1.0361368
     11.0103629      1.0248549      0.9995527
     11.0334447      1.0249293      1.0319726
     11.0564928      1.0249089      1.0268660
     11.0795073      1.0247858      1.0550939
     11.1024880      1.0245570      1.0202904
     11.1254349      1.0242250      1.0409754
     11.1483479      1.0237978      1.0487854
     11.1712270      1.0232891      1.0844161
     11.1940720      1.0227180      1.0349230
     11.2168830      1.0221086      1.0779500
     11.2396597      1.0214887      1.0688037
     11.2624023      1.0208895      1.1009084
     11.2851105      1.0203439      1.0588998
     11.3077843      1.0198852      1.0951377
     11.3304237      1.0195461      1.0863926
     11.3530286      1.0193567      1.1132413
     11.3755989      1.0193438      1.0740400
     11.3981345      1.0195292      1.1068919
     11.4206355      1.0199288      1.1028704
     11.4431016      1.0205520      1.1344684
     11.4655329      1.0214007      1.0946695
     11.4879292      1.0224692      1.1251586
     11.5102906      1.0237441      1.1141608
     11.5326169      1.0252046      1.1437423
     11.5549080      1.0268232      1.1015271
     11.5771640      1.0285663      1.1258615
     11.5993847      1.0303953      1.1312844
     11.6215701      1.0322680      1.1561584
     11.6437200      1.0341399      1.1264497
     11.6658345      1.0359659      1.1428835
     11.6879135      1.0377015      1.1271588
     11.7099568      1.0393050      1.1604357
     11.7319645      1.0407382      1.1132708
     11.7539365      1.0419684      1.1345695
     11.7758726      1.0429693      1.1245742
     11.7977729      1.0437221      1.1455939
     11.8196372      1.0442159      1.1148587
     11.8414656      1.0444488      1.1350904
     11.8632578      1.0444272      1.1265504
     11.8850139      1.0441664      1.1529580
     11.9067339      1.0436897      1.0884830
     11.9284175      1.0430278      1.1251038
     11.9500648      1.0422177      1.1154429
     11.9716757      1.0413019      1.1410577
     11.9932502      1.0403263      1.0773373
     12.0147881      1.0393393      1.1098128
     12.0362894      1.0383901      1.0960678
     12.0577540      1.0375267      1.1232744
     12.0791820      1.0367948      1.0751669
     12.1005731      1.0362358      1.0935382
     12.1219273      1.0358861      1.0860168
     12.1432447      1.0357751      1.1054872
     12.1645250      1.0359247      1.0545239
     12.1857683      1.0363487      1.0755529
     12.2069745      1.0370518      1.0633309
     12.2281434      1.0380299      1.0967333
     12.2492752      1.0392700      1.0287851
     12.2703696      1.0407506      1.0593184
     12.2914266      1.0424424      1.0344375
     12.3124462      1.0443090      1.0668558
     12.3334283      1.0463081      1.0194668
     12.3543729      1.0483929      1.0413947
     12.3752798      1.0505132      1.0220082
     12.3961490      1.0526171      1.0461461
     12.4169804      1.0546523      1.0040548
     12.4377740      1.0565677      1.0188141
     12.4585297      1.0583147      1.0160719
     12.4792475      1.0598488      1.0268725
     12.4999273      1.0611303      0.9869754
     12.5205689      1.0621259      1.0081038
     12.5411725      1.0628088      0.9990972
     12.5617378      1.0631600      1.0153613
     12.5822649      1.0631682      0.9610317
     12.6027536      1.0628299      0.9884075
     12.6232040      1.0621496      0.9729133
     12.6436159      1.0611393      0.9953950
     12.6639893      1.0598180      0.9587060
     12.6843241      1.0582108      0.9733100
     12.7046203      1.0563484      0.9575059
     12.7248777      1.0542659      0.9832109
     12.7450964      1.0520020      0.9370641
     12.7652763      1.0495974      0.9595387
     12.7854173      1.0470944      0.9478745
     12.8055194      1.0445350      0.9668291
     12.8255824      1.0419608      0.9395642
     12.8456064      1.0394111      0.9422727
     12.8655912      1.0369227      0.9418061
     12.8855369      1.0345291      0.9704281
     12.9054433      1.0322597      0.9299124
     12.9253104      1.0301394      0.9520727
     12.9451381      1.0281885      0.9272463
     12.9649264      1.0264225      0.9424247
     12.9846752      1.0248519      0.9140179
     13.0043844      1.0234829      0.9335518
     13.0240541      1.0223169      0.9200856
     13.0436840      1.0213514      0.9444774
     13.0632742      1.0205805      0.9106600
     13.0828247      1.0199950      0.9228750
     13.1023352      1.0195833      0.9220535
     13.1218059      1.0193319      0.9239801
     13.1412366      1.0192257      0.9026569
     13.1606273      1.0192489      0.9194077
     13.1799778      1.0193855      0.9138904
     13.1992882      1.0196194      0.9291716
     13.2185585      1.0199351      0.9018833
     13.2377884      1.0203179      0.9128383
     13.2569780      1.0207543      0.9152417
     13.2761273      1.0212320      0.9397104
     13.2952361      1.0217399      0.9026169
     13.3143044      1.0222685      0.9099367
     13.3333321      1.0228095      0.9082638
     13.3523192      1.0233560      0.9320708
     13.3712657      1.0239020      0.8942827
     13.3901714      1.0244427      0.9090158
     13.4090364      1.0249739      0.9057602
     13.4278604      1.0254921      0.9319192
     13.4466436      1.0259940      0.8834182
     13.4653858      1.0264767      0.9076445
     13.4840871      1.0269373      0.9078576
     13.5027472      1.0273727      0.9315511
     13.5213662      1.0277797      0.8920059
     13.5399440      1.0281548      0.9148772
     13.5584806      1.0284944      0.9102984
     13.5769758      1.0287943      0.9301520
     13.5954297      1.0290505      0.8835772
     13.6138422      1.0292587      0.9119026
     13.6322132      1.0294145      0.9116708
     13.6505427      1.0295138      0.9437406
     13.6688306      1.0295529      0.8963849
     13.6870769      1.0295283      0.9349939
     13.7052815      1.0294375      0.9143259
     13.7234443      1.0292783      0.9431674
     13.7415654      1.0290499      0.9022791
     13.7596445      1.0287523      0.9195975
     13.7776818      1.0283867      0.9268100
     13.7956771      1.0279554      0.9524244
     13.8136303      1.0274620      0.9079933
     13.8315415      1.0269114      0.9406395
     13.8494106      1.0263095      0.9315903
     13.8672374      1.0256633      0.9599240
     13.8850221      1.0249809      0.9125359
     13.9027644      1.0242710      0.9402451
     13.9204644      1.0235430      0.9401231
     13.9381219      1.0228069      0.9727534
     13.9557370      1.0220727      0.9214117
     13.9733096      1.0213504      0.9445990
     13.9908397      1.0206500      0.9434129
     14.0083271      1.0199808      0.9751591
     14.0257718      1.0193517      0.9358401
     14.0431739      1.0187705      0.9679596
     14.0605331      1.0182444      0.9554686
     14.0778495      1.0177790      0.9785371
     14.0951231      1.0173790      0.9281773
     14.1123536      1.0170476      0.9681724
     14.1295412      1.0167867      0.9632543
     14.1466858      1.0165969      0.9904629
     14.1637873      1.0164774      0.9435705
     14.1808456      1.0164261      0.9698750
     14.1978607      1.0164397      0.9657130
     14.2148326      1.0165140      0.9996588
     14.2317612      1.0166436      0.9463237
     14.2486464      1.0168227      0.9744537
     14.2654882      1.0170445      0.9730957
     14.2822866      1.0173021      0.9911868
     14.2990415      1.0175884      0.9632118
     14.3157528      1.0178960      0.9766910
     14.3324204      1.0182180      0.9822402
     14.3490445      1.0185474      1.0084165
     14.3656248      1.0188780      0.9750472
     14.3821614      1.0192041      0.9902348
     14.3986541      1.0195207      0.9817262
     14.4151030      1.0198234      1.0158417
     14.4315080      1.0201090      0.9558486
     14.4478690      1.0203750      0.9862701
     14.4641860      1.0206197      0.9816447
     14.4804590      1.0208423      1.0142407
     14.4966878      1.0210431      0.9601065
     14.5128725      1.0212229      1.0003280
     14.5290130      1.0213832      0.9882040
     14.5451092      1.0215261      1.0138767
     14.5611611      1.0216545      0.9616819
     14.5771686      1.0217711      0.9972458
     14.5931318      1.0218794      0.9915339
     14.6090505      1.0219827      1.0310695
     14.6249247      1.0220844      0.9728348
     14.6407543      1.0221877      0.9948137
     14.6565394      1.0222956      0.9940315
     14.6722798      1.0224110      1.0275273
     14.6879755      1.0225359      0.9654386
     14.7036264      1.0226724      1.0093043
     14.7192326      1.0228215      1.0003102
     14.7347939      1.0229841      1.0246455
     14.7503104      1.0231602      0.9645569
     14.7657819      1.0233494      1.0063801
     14.7812084      1.0235506      1.0000633
     14.7965899      1.0237623      1.0233604
     14.8119264      1.0239822      0.9772080
     14.8272177      1.0242080      0.9991486
     14.8424639      1.0244368      1.0003800
     14.8576648      1.0246654      1.0330353
     14.8728205      1.0248906      0.9679322
     14.8879309      1.0251088      1.0084296
     14.9029959      1.0253168      0.9911637
     14.9180155      1.0255111      1.0330779
     14.9329897      1.0256887      0.9774007
     14.9479184      1.0258467      1.0047920
     14.9628016      1.0259826      0.9991079
     14.9776391      1.0260942      1.0347524
     14.9924311      1.0261801      0.9715506
     15.0071774      1.0262390      1.0205954
     15.0218780      1.0262704      1.0039111
     15.0365328      1.0262745      1.0217448
     15.0511418      1.0262517      0.9832891
     15.0657049      1.0262033      1.0136528
     15.0802222      1.0261312      0.9971735
     15.0946935      1.0260375      1.0218580
     15.1091189      1.0259250      0.9728030
     15.1234982      1.0257971      1.0024691
     15.1378315      1.0256572      0.9920856
     15.1521186      1.0255094      1.0084422
     15.1663596      1.0253577      0.9710480
     15.1805544      1.0252064      0.9897689
     15.1947030      1.0250600      0.9814171
     15.2088052      1.0249227      1.0085216
     15.2228612      1.0247990      0.9712502
     15.2368707      1.0246927      0.9920745
     15.2508339      1.0246080      0.9922244
     15.2647506      1.0245482      1.0044081
     15.2786207      1.0245167      0.9905568
