 Results from RMCProfile version 6.7.9.5

 (Version 6f format configuration file)                                          

 1 experiments   3 partials

 Partial g(r)'s are printed out below

   186  3 are NR and NPAR

   r (Ang)
   0.06545     0.00000     0.00000     0.00000
   0.13090     0.00000     0.00000     0.00000
   0.19635     0.00000     0.00000     0.00000
   0.26180     0.00000     0.00000     0.00000
   0.32725     0.00000     0.00000     0.00000
   0.39271     0.00000     0.00000     0.00000
   0.45816     0.00000     0.00000     0.00000
   0.52361     0.00000     0.00000     0.00000
   0.58906     0.00000     0.00000     0.00000
   0.65451     0.00000     0.00000     0.00000
   0.71996     0.00000     0.00000     0.00000
   0.78541     0.00000     0.00000     0.00000
   0.85086     0.00000     0.00000     0.00000
   0.91631     0.00000     0.00000     0.00000
   0.98176     0.00000     0.00000     0.00000
   1.04721     0.00000     0.00000     0.00000
   1.11267     0.00000     0.00000     0.00000
   1.17812     0.00000     0.45021     0.00000
   1.24357     0.00000     0.66385     0.00000
   1.30902     0.00000     0.85963     0.00000
   1.37447     0.00000     1.27591     0.00000
   1.43992     0.00000     1.16257     0.00000
   1.50537     0.00000     1.24098     0.00000
   1.57082     0.00000     1.21209     0.00000
   1.63627     0.00000     1.50055     0.00000
   1.70172     0.00000     1.66483     0.00000
   1.76718     0.00000     2.01553     0.00000
   1.83263     0.00000     2.06023     0.00000
   1.89808     0.00000     2.19321     0.00000
   1.96353     0.00000     2.36208     0.00000
   2.02898     0.00000     2.30975     0.00000
   2.09443     0.00000     2.33049     0.00000
   2.15988     0.00000     2.27752     0.00000
   2.22533     0.00000     2.52415     0.00000
   2.29078     0.00000     2.79883     0.00000
   2.35623     0.00000     1.03730     1.43935
   2.42168     0.00000     0.22076     2.27608
   2.48714     0.00000     0.35363     2.10735
   2.55259     0.00000     0.21925     1.96642
   2.61804     0.00000     0.28659     1.81722
   2.68349     0.00000     0.26658     1.63047
   2.74894     0.00000     0.30130     1.54785
   2.81439     0.00000     0.30999     1.34706
   2.87984     0.21532     0.46832     1.31883
   2.94529     1.46158     0.39113     1.10648
   3.01074     1.45783     0.46296     0.98009
   3.07619     1.62290     0.40101     0.86807
   3.14164     1.88166     0.58350     0.83227
   3.20710     1.68411     0.55992     0.78129
   3.27255     1.58407     0.50023     0.81705
   3.33800     1.76297     0.64909     0.71320
   3.40345     1.44915     0.62052     0.66291
   3.46890     1.45435     0.70862     0.61216
   3.53435     1.22943     0.78627     1.58325
   3.59980     1.36428     0.77516     1.56066
   3.66525     1.23624     0.94712     1.40904
   3.73070     1.12909     0.99116     1.21890
   3.79615     1.35072     0.98826     1.11837
   3.86161     1.04186     1.02091     1.13767
   3.92706     1.10006     1.12322     0.91768
   3.99251     0.97467     1.21833     0.94946
   4.05796     0.90010     1.23357     0.91908
   4.12341     1.03980     1.20785     0.87963
   4.18886     0.92615     1.32815     0.86763
   4.25431     0.98667     1.29254     0.79180
   4.31976     1.02399     1.19864     0.88761
   4.38521     1.00293     1.32332     0.81256
   4.45066     0.79335     1.33877     0.86096
   4.51611     1.00693     1.31776     0.87340
   4.58157     1.05493     1.25486     0.87415
   4.64702     0.73599     1.35414     0.86003
   4.71247     0.89260     1.19215     0.85239
   4.77792     1.09517     1.18904     1.05019
   4.84337     1.05055     1.13429     0.90210
   4.90882     1.04495     1.12092     0.97084
   4.97427     1.13311     1.13131     0.95809
   5.03972     1.27262     1.05290     0.97731
   5.10517     1.03464     0.97640     1.04663
   5.17062     0.88170     0.95684     1.01362
   5.23607     0.97053     0.93796     1.05683
   5.30153     0.99119     1.02137     1.00866
   5.36698     1.14695     0.90206     1.04001
   5.43243     1.12553     0.86987     1.07410
   5.49788     1.09889     0.83156     1.17570
   5.56333     1.04434     0.86259     1.10925
   5.62878     1.08783     0.85815     1.13574
   5.69423     1.21718     0.88122     1.09326
   5.75968     1.07125     0.88015     1.13315
   5.82513     1.14204     0.85258     1.10257
   5.89058     1.10136     0.93281     1.08335
   5.95604     1.03198     0.90865     1.11001
   6.02149     1.17221     0.92348     1.11680
   6.08694     0.98326     0.81938     1.10375
   6.15239     1.00019     0.88578     1.02260
   6.21784     0.96077     0.93421     1.07740
   6.28329     0.89562     0.87188     1.03359
   6.34874     0.94814     0.94482     1.00685
   6.41419     0.88548     0.93757     0.91695
   6.47964     0.78687     0.94318     0.96551
   6.54509     0.80039     0.98590     0.92441
   6.61054     0.84184     1.02880     0.89394
   6.67600     0.80137     1.04078     0.85145
   6.74145     0.74659     1.00495     0.89493
   6.80690     0.79397     0.99728     0.90189
   6.87235     0.77892     1.05022     0.84603
   6.93780     0.67525     1.08336     0.91455
   7.00325     0.79377     1.13148     0.92667
   7.06870     0.81845     1.03914     0.97124
   7.13415     0.89473     1.07280     0.98508
   7.19960     0.94055     1.16104     0.94399
   7.26505     0.76466     1.11992     0.93383
   7.33050     0.89064     1.11496     0.94049
   7.39596     1.06430     1.06757     0.92800
   7.46141     0.96231     1.02566     0.96953
   7.52686     1.15369     1.08828     0.96220
   7.59231     0.99447     1.03785     1.00687
   7.65776     1.10240     1.00952     0.99430
   7.72321     1.05386     1.01644     1.02317
   7.78866     1.15986     1.00384     1.03622
   7.85411     1.14640     1.02481     1.06245
   7.91956     1.11045     0.96025     1.05635
   7.98501     1.12593     0.96488     1.07481
   8.05046     1.15454     0.95132     1.05396
   8.11592     1.25799     0.94960     1.11362
   8.18137     1.19526     0.92513     1.07120
   8.24682     1.25251     0.95645     1.02866
   8.31227     1.25096     0.94339     1.08877
   8.37772     1.24421     0.96751     1.07055
   8.44317     1.31518     0.93503     1.07156
   8.50862     1.22102     0.96140     1.06623
   8.57407     1.15387     0.96135     1.02694
   8.63952     1.14363     0.97675     1.03776
   8.70497     1.13121     0.99216     0.99982
   8.77043     1.15850     0.96812     0.98496
   8.83588     1.03847     0.96756     1.01102
   8.90133     1.02325     1.01874     1.01311
   8.96678     0.94840     1.03225     0.97006
   9.03223     0.96097     1.02008     0.97903
   9.09768     0.98388     0.99790     0.99898
   9.16313     0.87629     1.01028     0.98104
   9.22858     0.95406     1.04580     0.95144
   9.29403     0.74840     1.01769     0.91225
   9.35948     0.79098     1.06619     0.94540
   9.42493     0.85039     1.03183     0.94086
   9.49039     0.77327     1.06424     0.96114
   9.55584     0.74512     1.00327     0.99740
   9.62129     0.72923     1.05526     0.93420
   9.68674     0.75366     0.99775     0.99584
   9.75219     0.75860     1.02852     0.91962
   9.81764     0.83745     1.01393     0.97595
   9.88309     0.77886     1.04443     0.94661
   9.94854     0.86247     1.04020     1.02486
  10.01399     0.82274     1.01507     1.00083
  10.07944     1.00369     0.98304     1.02303
  10.14489     0.89361     0.97560     1.00553
  10.21035     0.98497     0.97683     1.02737
  10.27580     0.94710     0.96189     1.01855
  10.34125     1.00528     0.95727     1.02073
  10.40670     1.01081     0.97660     1.01782
  10.47215     0.96891     0.97908     0.99333
  10.53760     1.08718     0.99551     1.02928
  10.60305     1.13098     0.94712     1.04084
  10.66850     1.16422     0.93632     1.00339
  10.73395     1.18726     0.98964     1.03924
  10.79940     1.15148     0.95816     1.04085
  10.86486     1.15429     0.96216     1.02002
  10.93031     1.12257     0.93983     1.01233
  10.99576     1.16389     0.96930     1.00105
  11.06121     1.15454     0.95093     1.01551
  11.12666     1.13811     0.97042     1.01550
  11.19211     1.12484     0.97479     0.99617
  11.25756     1.09489     1.00470     1.01598
  11.32301     1.03073     1.02620     1.00148
  11.38846     1.06298     1.01995     0.97279
  11.45391     1.03725     1.00118     0.99063
  11.51936     1.02146     1.01810     0.93937
  11.58482     1.05386     1.02159     0.99132
  11.65027     1.01706     1.03581     0.97561
  11.71572     0.99922     1.01093     1.01971
  11.78117     1.03061     0.99265     0.96724
  11.84662     0.94926     1.02593     0.96803
  11.91207     0.94641     1.02476     1.00588
  11.97752     0.97718     1.04657     0.95975
  12.04297     0.93211     1.03246     1.00014
  12.10842     0.94033     1.04508     0.98022
  12.17387     0.88927     1.03929     0.96579

PDF 1 in D(r) format
  r, PDF (RMC), PDF (Expt)
 CURVES
         186 ,           2
      0.0654509       -0.0518487       -0.0518487
      0.1309019       -0.1036974       -0.1036974
      0.1963528       -0.1555461       -0.1555461
      0.2618037       -0.2073949       -0.2073949
      0.3272547       -0.2592436       -0.2592436
      0.3927056       -0.3110923       -0.3110923
      0.4581565       -0.3629410       -0.3629410
      0.5236075       -0.4147897       -0.4147897
      0.5890584       -0.4666384       -0.4666384
      0.6545093       -0.5184872       -0.5184872
      0.7199603       -0.5703359       -0.5703359
      0.7854112       -0.6221846       -0.6221846
      0.8508621       -0.6740333       -0.6740333
      0.9163131       -0.7258820       -0.7258820
      0.9817640       -0.7777307       -0.7777307
      1.0472149       -0.8295794       -0.8295794
      1.1126659       -0.8814282       -0.8814282
      1.1781168       -0.7743731       -0.9332769
      1.2435677       -0.6610717       -0.8534496
      1.3090187       -0.5482223       -0.6131118
      1.3744696       -0.4814480       -0.2675095
      1.4399206       -0.4726800        0.1694371
      1.5053715       -0.4892780        0.6565243
      1.5708224       -0.4750219        1.1273298
      1.6362734       -0.3897682        1.5020358
      1.7017243       -0.2391474        1.7065797
      1.7671752       -0.0715367        1.6929626
      1.8326262        0.0564378        1.4532894
      1.8980771        0.1202990        1.0222271
      1.9635280        0.1430154        0.4671657
      2.0289790        0.1728446       -0.1297703
      2.0944299        0.2403903       -0.6909222
      2.1598808        0.3284007       -1.1570597
      2.2253318        0.3787976       -1.4928737
      2.2907827        0.3328807       -1.6848480
      2.3562336        0.1746761       -1.7351978
      2.4216846       -0.0554238       -1.6560100
      2.4871355       -0.2866790       -1.4660184
      2.5525864       -0.4629483       -1.1899441
      2.6180374       -0.5718061       -0.8585565
      2.6834883       -0.6369910       -0.5073901
      2.7489392       -0.6839427       -0.1732126
      2.8143902       -0.7103396        0.1110648
      2.8798411       -0.6886944        0.3213035
      2.9452920       -0.5996517        0.4451695
      3.0107430       -0.4660741        0.4824624
      3.0761939       -0.3538813        0.4430559
      3.1416448       -0.3311954        0.3435209
      3.2070958       -0.4131903        0.2036099
      3.2725467       -0.5367364        0.0433831
      3.3379976       -0.5908009       -0.1187926
      3.4034486       -0.4873852       -0.2675069
      3.4688995       -0.2247520       -0.3910444
      3.5343504        0.1035741       -0.4817000
      3.5998014        0.3634290       -0.5356468
      3.6652523        0.4620187       -0.5523286
      3.7307032        0.4011448       -0.5334799
      3.7961542        0.2664591       -0.4820485
      3.8616051        0.1637242       -0.4013945
      3.9270560        0.1497780       -0.2950839
      3.9925070        0.2062716       -0.1673695
      4.0579579        0.2695270       -0.0241362
      4.1234088        0.2877873        0.1261923
      4.1888598        0.2597820        0.2723982
      4.2543107        0.2274786        0.4013251
      4.3197617        0.2341130        0.4999057
      4.3852126        0.2850521        0.5579204
      4.4506635        0.3437089        0.5706504
      4.5161145        0.3638353        0.5404934
      4.5815654        0.3293633        0.4768946
      4.6470163        0.2679207        0.3945010
      4.7124673        0.2271826        0.3100504
      4.7779182        0.2343645        0.2389058
      4.8433691        0.2726762        0.1921862
      4.9088201        0.2939838        0.1751535
      4.9742710        0.2570695        0.1870475
      5.0397219        0.1604766        0.2221259
      5.1051729        0.0441408        0.2714185
      5.1706238       -0.0403536        0.3246760
      5.2360747       -0.0664377        0.3721221
      5.3015257       -0.0477225        0.4057974
      5.3669766       -0.0219376        0.4204222
      5.4324275       -0.0189918        0.4137823
      5.4978785       -0.0395182        0.3866722
      5.5633294       -0.0594756        0.3424457
      5.6287803       -0.0541570        0.2862556
      5.6942313       -0.0201547        0.2241078
      5.7596822        0.0222112        0.1618886
      5.8251331        0.0457296        0.1045309
      5.8905841        0.0364568        0.0554532
      5.9560350        0.0004762        0.0163396
      6.0214859       -0.0461353       -0.0127492
      6.0869369       -0.0927920       -0.0330101
      6.1523878       -0.1407114       -0.0463926
      6.2178387       -0.1955348       -0.0550755
      6.2832897       -0.2552023       -0.0610231
      6.3487406       -0.3063521       -0.0656874
      6.4141915       -0.3339816       -0.0698832
      6.4796425       -0.3358224       -0.0738326
      6.5450934       -0.3272803       -0.0773422
      6.6105443       -0.3303393       -0.0800461
      6.6759953       -0.3541662       -0.0816346
      6.7414462       -0.3836015       -0.0819946
      6.8068971       -0.3865046       -0.0812235
      6.8723481       -0.3359612       -0.0795316
      6.9377990       -0.2310220       -0.0770901
      7.0032500       -0.1001961       -0.0739047
      7.0687009        0.0150565       -0.0697680
      7.1341518        0.0846976       -0.0643088
      7.1996028        0.1051924       -0.0571109
      7.2650537        0.0962928       -0.0478599
      7.3305046        0.0845020       -0.0364748
      7.3959556        0.0867183       -0.0231996
      7.4614065        0.1047779       -0.0086339
      7.5268574        0.1313417        0.0063070
      7.5923084        0.1590819        0.0205123
      7.6577593        0.1849062        0.0328600
      7.7232102        0.2076514        0.0424277
      7.7886612        0.2242442        0.0486684
      7.8541121        0.2298877        0.0514967
      7.9195630        0.2227067        0.0512661
      7.9850140        0.2080377        0.0486557
      8.0504649        0.1973422        0.0445208
      8.1159158        0.2015640        0.0397538
      8.1813668        0.2238548        0.0351810
      8.2468177        0.2571936        0.0314893
      8.3122686        0.2882462        0.0291696
      8.3777196        0.3039808        0.0284731
      8.4431705        0.2964358        0.0293933
      8.5086214        0.2639798        0.0316932
      8.5740724        0.2108133        0.0349786
      8.6395233        0.1466777        0.0387958
      8.7049742        0.0859797        0.0427171
      8.7704252        0.0436368        0.0463866
      8.8358761        0.0271544        0.0495222
      8.9013270        0.0294688        0.0518944
      8.9667780        0.0296338        0.0533069
      9.0322289        0.0043502        0.0535976
      9.0976798       -0.0555554        0.0526551
      9.1631308       -0.1358881        0.0504400
      9.2285817       -0.2061850        0.0469993
      9.2940326       -0.2404114        0.0424687
      9.3594836       -0.2367161        0.0370656
      9.4249345       -0.2203095        0.0310740
      9.4903854       -0.2252675        0.0248209
      9.5558364       -0.2676663        0.0186461
      9.6212873       -0.3305675        0.0128694
      9.6867382       -0.3735495        0.0077661
      9.7521892       -0.3609514        0.0035531
      9.8176401       -0.2881817        0.0003809
      9.8830911       -0.1863703       -0.0016802
      9.9485420       -0.1019476       -0.0026672
     10.0139929       -0.0665980       -0.0027579
     10.0794439       -0.0795435       -0.0022864
     10.1448948       -0.1134772       -0.0017177
     10.2103457       -0.1368242       -0.0015722
     10.2757967       -0.1336508       -0.0023167
     10.3412476       -0.1071052       -0.0042560
     10.4066985       -0.0677425       -0.0074601
     10.4721495       -0.0205869       -0.0117477
     10.5376004        0.0362539       -0.0167238
     10.6030513        0.1013898       -0.0218611
     10.6685023        0.1606127       -0.0266021
     10.7339532        0.1904815       -0.0304673
     10.7994041        0.1751295       -0.0331461
     10.8648551        0.1226591       -0.0345501
     10.9303060        0.0653060       -0.0348108
     10.9957569        0.0399189       -0.0342206
     11.0612079        0.0621931       -0.0331368
     11.1266588        0.1148328       -0.0318840
     11.1921097        0.1598676       -0.0306890
     11.2575607        0.1663196       -0.0296615
     11.3230116        0.1319684       -0.0288136
     11.3884625        0.0825993       -0.0280945
     11.4539135        0.0501879       -0.0274248
     11.5193644        0.0481251       -0.0267245
     11.5848153        0.0631894       -0.0259412
     11.6502663        0.0695429       -0.0250773
     11.7157172        0.0518631       -0.0242068
     11.7811681        0.0179308       -0.0234649
     11.8466191       -0.0092242       -0.0230042
     11.9120700       -0.0119297       -0.0229319
     11.9775209        0.0068512       -0.0232586
     12.0429719        0.0263996       -0.0238866
     12.1084228        0.0262408       -0.0246458
     12.1738737        0.0035121       -0.0253574
