 Results from RMCProfile version 6.7.9.5

 (Version 6f format configuration file)                                          

 2 experiments   3 partials

 Partial g(r)'s are printed out below

    99  3 are NR and NPAR

   r (Ang)
   0.06545     0.00000     0.00000     0.00000
   0.13090     0.00000     0.00000     0.00000
   0.19635     0.00000     0.00000     0.00000
   0.26180     0.00000     0.00000     0.00000
   0.32725     0.00000     0.00000     0.00000
   0.39271     0.00000     0.00000     0.00000
   0.45816     0.00000     0.00000     0.00000
   0.52361     0.00000     0.00000     0.00000
   0.58906     0.00000     0.00000     0.00000
   0.65451     0.00000     0.00000     0.00000
   0.71996     0.00000     0.00000     0.00000
   0.78541     0.00000     0.00000     0.00000
   0.85086     0.00000     0.00000     0.00000
   0.91631     0.00000     0.00000     0.00000
   0.98176     0.00000     0.00000     0.00000
   1.04721     0.00000     0.00000     0.00000
   1.11267     0.00000     0.00000     0.00000
   1.17812     0.00000     0.00000     0.00000
   1.24357     0.00000     0.00000     0.00000
   1.30902     0.00000     0.00000     0.00000
   1.37447     0.00000     0.00000     0.00000
   1.43992     0.00000     1.17595     0.00000
   1.50537     0.00000     2.82433     0.00000
   1.57082     0.00000     3.58206     0.00000
   1.63627     0.00000     4.21195     0.00000
   1.70172     0.00000     4.42048     0.00000
   1.76718     0.00000     4.29433     0.00000
   1.83263     0.00000     3.90235     0.00000
   1.89808     0.00000     3.21488     0.00000
   1.96353     0.00000     2.37169     0.00000
   2.02898     0.00000     0.00000     2.81347
   2.09443     0.00000     0.06948     1.87607
   2.15988     0.00000     0.06534     1.04539
   2.22533     0.00000     0.12310     0.73860
   2.29078     0.00000     0.11617     0.40659
   2.35623     0.00000     0.05490     0.87843
   2.42168     0.00000     0.20790     0.72764
   2.48714     0.00000     0.14783     1.08405
   2.55259     0.00000     0.37425     0.79527
   2.61804     0.00000     0.31130     1.33413
   2.68349     0.00000     0.59260     1.43916
   2.74894     0.00000     0.60505     1.89583
   2.81439     0.00000     0.76965     1.80868
   2.87984     0.00000     0.84532     1.83766
   2.94529     0.00000     1.12442     1.61635
   3.01074     3.22818     0.77342     1.04243
   3.07619     3.47882     0.61201     0.96634
   3.14164     3.21185     0.67943     0.83385
   3.20710     2.48938     0.77052     0.94834
   3.27255     1.82157     0.79694     1.16694
   3.33800     1.86026     0.79335     0.76599
   3.40345     1.68415     0.76313     0.97365
   3.46890     1.51987     0.88659     0.86126
   3.53435     1.36649     0.73205     0.82966
   3.59980     0.56454     1.12908     0.77624
   3.66525     1.17987     0.99835     0.65801
   3.73070     0.52562     1.02934     0.70082
   3.79615     0.67687     1.12106     0.65571
   3.86161     0.89941     1.14470     0.69500
   3.92706     1.26499     1.02780     0.67203
   3.99251     0.91789     1.12824     0.80316
   4.05796     0.66639     1.18470     0.99959
   4.12341     0.64540     1.21910     0.82468
   4.18886     0.76437     1.30290     0.99021
   4.25431     1.01050     1.34733     0.90945
   4.31976     0.84943     1.24147     1.12713
   4.38521     1.20469     1.04618     1.23639
   4.45066     0.86175     1.27724     1.09258
   4.51611     1.01630     1.21060     1.01630
   4.58157     1.04556     1.06008     1.06008
   4.64702     0.84693     0.87516     1.24216
   4.71247     1.26280     0.86475     1.24908
   4.77792     0.90798     1.04151     1.00145
   4.84337     1.24744     1.11750     0.88361
   4.90882     0.80960     0.94875     1.17645
   4.97427     0.78844     1.05946     0.98554
   5.03972     0.81610     0.99612     1.03212
   5.10517     0.93565     1.16957     0.95904
   5.17062     0.86651     0.93492     1.19715
   5.23607     0.71156     1.04511     1.15629
   5.30153     1.04116     1.05200     0.98693
   5.36698     1.31223     0.93126     1.16407
   5.43243     1.32211     0.90895     0.98126
   5.49788     1.04879     0.91769     1.01854
   5.56333     1.10305     0.98487     0.97502
   5.62878     1.07755     0.94285     1.29883
   5.69423     0.97771     0.94011     1.02472
   5.75968     1.02912     0.92805     0.96480
   5.82513     1.07799     0.80850     1.01511
   5.89058     1.08931     1.00146     0.84334
   5.95604     1.03113     0.93661     1.02254
   6.02149     0.80707     1.01724     0.84070
   6.08694     0.98726     1.08598     1.01194
   6.15239     0.74088     1.06300     1.02274
   6.21784     1.16689     1.06439     0.94613
   6.28329     1.08094     0.87247     1.03461
   6.34874     0.81676     0.94533     1.05120
   6.41419     1.18545     0.98541     0.94836
   6.47964     0.92930     0.92930     0.97286

 Partial S(Q)'s are printed out below

   611  3 are NQ and NPAR

      Q          S(Q)_1      S(Q)_2      S(Q)_3
  0.4682470    -2.8494857     0.0863953    -1.2635309
  0.4982822    -2.8650766     0.1119816    -1.3037907
  0.5283159    -2.8789184     0.1333231    -1.3415197
  0.5583480    -2.8906653     0.1502091    -1.3760978
  0.5883784    -2.8999871     0.1625802    -1.4069471
  0.6184069    -2.9065720     0.1705295    -1.4335410
  0.6484336    -2.9101302     0.1742993    -1.4554142
  0.6784584    -2.9103962     0.1742740    -1.4721709
  0.7084810    -2.9071308     0.1709674    -1.4834932
  0.7385015    -2.9001231     0.1650077    -1.4891473
  0.7685198    -2.8891913     0.1571186    -1.4889892
  0.7985357    -2.8741830     0.1480968    -1.4829683
  0.8285491    -2.8549758     0.1387883    -1.4711304
  0.8585601    -2.8314763     0.1300629    -1.4536176
  0.8885684    -2.8036192     0.1227873    -1.4306680
  0.9185740    -2.7713662     0.1177988    -1.4026119
  0.9485769    -2.7347037     0.1158793    -1.3698676
  0.9785768    -2.6936412     0.1177309    -1.3329346
  1.0085738    -2.6482086     0.1239533    -1.2923851
  1.0385677    -2.5984537     0.1350239    -1.2488538
  1.0685584    -2.5444397     0.1512819    -1.2030268
  1.0985458    -2.4862427     0.1729144    -1.1556282
  1.1285300    -2.4239490     0.1999486    -1.1074068
  1.1585106    -2.3576528     0.2322464    -1.0591208
  1.1884878    -2.2874543     0.2695047    -1.0115229
  1.2184613    -2.2134582     0.3112594    -0.9653448
  1.2484312    -2.1357718     0.3568936    -0.9212821
  1.2783972    -2.0545047     0.4056505    -0.8799791
  1.3083593    -1.9697686     0.4566491    -0.8420151
  1.3383174    -1.8816771     0.5089036    -0.8078917
  1.3682715    -1.7903467     0.5613457    -0.7780209
  1.3982214    -1.6958983     0.6128488    -0.7527158
  1.4281670    -1.5984590     0.6622535    -0.7321831
  1.4581083    -1.4981642     0.7083943    -0.7165170
  1.4880452    -1.3951606     0.7501263    -0.7056964
  1.5179775    -1.2896093     0.7863518    -0.6995845
  1.5479052    -1.1816891     0.8160448    -0.6979301
  1.5778281    -1.0715997     0.8382748    -0.7003724
  1.6077463    -0.9595658     0.8522278    -0.7064476
  1.6376596    -0.8458399     0.8572242    -0.7155983
  1.6675679    -0.7307058     0.8527343    -0.7271844
  1.6974711    -0.6144812     0.8383895    -0.7404968
  1.7273691    -0.4975200     0.8139904    -0.7547723
  1.7572618    -0.3802139     0.7795102    -0.7692095
  1.7871493    -0.2629935     0.7350958    -0.7829864
  1.8170312    -0.1463280     0.6810631    -0.7952779
  1.8469077    -0.0307244     0.6178903    -0.8052742
  1.8767785     0.0832741     0.5462071    -0.8121983
  1.9066436     0.1950915     0.4667811    -0.8153236
  1.9365029     0.3041229     0.3805015    -0.8139897
  1.9663562     0.4097393     0.2883603    -0.8076175
  1.9962036     0.5112941     0.1914327    -0.7957225
  2.0260449     0.6081299     0.0908552    -0.7779255
  2.0558801     0.6995865    -0.0121960    -0.7539622
  2.0857090     0.7850098    -0.1165271    -0.7236891
  2.1155315     0.8637605    -0.2209490    -0.6870875
  2.1453476     0.9352244    -0.3242975    -0.6442649
  2.1751571     0.9988224    -0.4254534    -0.5954533
  2.2049601     1.0540201    -0.5233603    -0.5410052
  2.2347563     1.1003380    -0.6170404    -0.4813868
  2.2645457     1.1373611    -0.7056086    -0.4171693
  2.2943282     1.1647478    -0.7882831    -0.3490172
  2.3241037     1.1822383    -0.8643948    -0.2776757
  2.3538721     1.1896612    -0.9333926    -0.2039556
  2.3836334     1.1869404    -0.9948472    -0.1287177
  2.4133874     1.1740991    -1.0484516    -0.0528562
  2.4431340     1.1512636    -1.0940196     0.0227190
  2.4728732     1.1186645    -1.1314819     0.0970996
  2.5026049     1.0766370    -1.1608796     0.1693954
  2.5323289     1.0256187    -1.1823573     0.2387515
  2.5620453     0.9661468    -1.1961530     0.3043632
  2.5917538     0.8988522    -1.2025882     0.3654905
  2.6214544     0.8244534    -1.2020562     0.4214702
  2.6511471     0.7437471    -1.1950104     0.4717269
  2.6808317     0.6575996    -1.1819518     0.5157814
  2.7105081     0.5669347    -1.1634171     0.5532575
  2.7401762     0.4727222    -1.1399668     0.5838859
  2.7698360     0.3759648    -1.1121735     0.6075063
  2.7994874     0.2776844    -1.0806117     0.6240670
  2.8291302     0.1789085    -1.0458476     0.6336228
  2.8587645     0.0806558    -1.0084307     0.6363297
  2.8883900    -0.0160771    -0.9688858     0.6324394
  2.9180067    -0.1103295    -0.9277074     0.6222903
  2.9476145    -0.2011890    -0.8853535     0.6062988
  2.9772134    -0.2878034    -0.8422426     0.5849480
  3.0068031    -0.3693912    -0.7987503     0.5587763
  3.0363838    -0.4452507    -0.7552081     0.5283655
  3.0659551    -0.5147680    -0.7119024     0.4943280
  3.0955172    -0.5774232    -0.6690755     0.4572947
  3.1250698    -0.6327944    -0.6269261     0.4179024
  3.1546128    -0.6805607    -0.5856117     0.3767827
  3.1841463    -0.7205029    -0.5452512     0.3345508
  3.2136701    -0.7525028    -0.5059274     0.2917961
  3.2431841    -0.7765403    -0.4676908     0.2490729
  3.2726882    -0.7926894    -0.4305633     0.2068938
  3.3021823    -0.8011126    -0.3945413     0.1657231
  3.3316664    -0.8020539    -0.3596003     0.1259725
  3.3611403    -0.7958308    -0.3256978     0.0879983
  3.3906040    -0.7828253    -0.2927775     0.0520995
  3.4200574    -0.7634745    -0.2607727     0.0185176
  3.4495003    -0.7382604    -0.2296091    -0.0125623
  3.4789327    -0.7076995    -0.1992081    -0.0410089
  3.5083546    -0.6723332    -0.1694895    -0.0667421
  3.5377657    -0.6327174    -0.1403740    -0.0897283
  3.5671661    -0.5894130    -0.1117849    -0.1099756
  3.5965556    -0.5429775    -0.0836504    -0.1275287
  3.6259341    -0.4939567    -0.0559050    -0.1424632
  3.6553016    -0.4428780    -0.0284908    -0.1548795
  3.6846580    -0.3902444    -0.0013585    -0.1648974
  3.7140032    -0.3365297     0.0255316    -0.1726504
  3.7433370    -0.2821752     0.0522093    -0.1782805
  3.7726594    -0.2275873     0.0786940    -0.1819335
  3.8019704    -0.1731363     0.1049943    -0.1837549
  3.8312697    -0.1191566     0.1311082    -0.1838865
  3.8605574    -0.0659477     0.1570234    -0.1824636
  3.8898333    -0.0137765     0.1827172    -0.1796129
  3.9190974     0.0371206     0.2081575    -0.1754517
  3.9483496     0.0865335     0.2333027    -0.1700866
  3.9775897     0.1342749     0.2581033    -0.1636146
  4.0068177     0.1801761     0.2825019    -0.1561230
  4.0360334     0.2240825     0.3064347    -0.1476912
  4.0652369     0.2658499     0.3298322    -0.1383923
  4.0944281     0.3053397     0.3526205    -0.1282950
  4.1236067     0.3424164     0.3747225    -0.1174660
  4.1527728     0.3769437     0.3960588    -0.1059719
  4.1819262     0.4087827     0.4165492    -0.0938822
  4.2110669     0.4377904     0.4361136    -0.0812707
  4.2401947     0.4638187     0.4546737    -0.0682177
  4.2693097     0.4867150     0.4721533    -0.0548116
  4.2984116     0.5063230     0.4884799    -0.0411498
  4.3275005     0.5224846     0.5035856    -0.0273396
  4.3565761     0.5350433     0.5174075    -0.0134985
  4.3856385     0.5438469     0.5298888     0.0002469
  4.4146876     0.5487523     0.5409788     0.0137609
  4.4437232     0.5496301     0.5506336     0.0269007
  4.4727452     0.5463694     0.5588162     0.0395181
  4.5017536     0.5388834     0.5654962     0.0514618
  4.5307483     0.5271142     0.5706500     0.0625802
  4.5597293     0.5110388     0.5742601     0.0727245
  4.5886963     0.4906727     0.5763150     0.0817516
  4.6176493     0.4660755     0.5768084     0.0895274
  4.6465883     0.4373535     0.5757385     0.0959304
  4.6755131     0.4046633     0.5731079     0.1008546
  4.7044237     0.3682130     0.5689220     0.1042125
  4.7333199     0.3282637     0.5631891     0.1059379
  4.7622018     0.2851290     0.5559195     0.1059882
  4.7910691     0.2391733     0.5471253     0.1043459
  4.8199218     0.1908096     0.5368194     0.1010205
  4.8487599     0.1404953     0.5250161     0.0960488
  4.8775831     0.0887276     0.5117306     0.0894953
  4.9063916     0.0360371     0.4969793     0.0814513
  4.9351850    -0.0170187     0.4807800     0.0720345
  4.9639635    -0.0698638     0.4631529     0.0613865
  4.9927268    -0.1219118     0.4441208     0.0496710
  5.0214749    -0.1725750     0.4237105     0.0370709
  5.0502077    -0.2212736     0.4019537     0.0237848
  5.0789252    -0.2674455     0.3788880     0.0100236
  5.1076271    -0.3105552     0.3545583    -0.0039938
  5.1363135    -0.3501033     0.3290182    -0.0180444
  5.1649843    -0.3856348     0.3023308    -0.0319059
  5.1936393    -0.4167469     0.2745702    -0.0453605
  5.2222785    -0.4430964     0.2458223    -0.0581993
  5.2509018    -0.4644053     0.2161859    -0.0702267
  5.2795091    -0.4804660     0.1857726    -0.0812640
  5.3081003    -0.4911444     0.1547077    -0.0911526
  5.3366753    -0.4963825     0.1231298    -0.0997572
  5.3652341    -0.4961989     0.0911901    -0.1069683
  5.3937766    -0.4906886     0.0590524    -0.1127039
  5.4223026    -0.4800203     0.0268909    -0.1169111
  5.4508121    -0.4644334    -0.0051110    -0.1195664
  5.4793050    -0.4442332    -0.0367623    -0.1206757
  5.5077812    -0.4197850    -0.0678674    -0.1202741
  5.5362406    -0.3915067    -0.0982284    -0.1184240
  5.5646832    -0.3598615    -0.1276480    -0.1152139
  5.5931088    -0.3253490    -0.1559327    -0.1107554
  5.6215173    -0.2884956    -0.1828959    -0.1051808
  5.6499088    -0.2498456    -0.2083611    -0.0986397
  5.6782830    -0.2099511    -0.2321653    -0.0912951
  5.7066400    -0.1693624    -0.2541621    -0.0833202
  5.7349795    -0.1286185    -0.2742245    -0.0748936
  5.7633016    -0.0882385    -0.2922475    -0.0661960
  5.7916061    -0.0487128    -0.3081504    -0.0574058
  5.8198930    -0.0104959    -0.3218787    -0.0486952
  5.8481622     0.0260000    -0.3334052    -0.0402267
  5.8764135     0.0604113    -0.3427309    -0.0321498
  5.9046470     0.0924264    -0.3498855    -0.0245974
  5.9328624     0.1217898    -0.3549263    -0.0176842
  5.9610598     0.1483034    -0.3579378    -0.0115037
  5.9892391     0.1718272    -0.3590299    -0.0061271
  6.0174000     0.1922793    -0.3583357    -0.0016023
  6.0455427     0.2096335    -0.3560087     0.0020470
  6.0736669     0.2239168    -0.3522197     0.0048206
  6.1017727     0.2352053    -0.3471532     0.0067416
  6.1298598     0.2436199    -0.3410036     0.0078551
  6.1579283     0.2493203    -0.3339708     0.0082266
  6.1859780     0.2524989    -0.3262561     0.0079397
  6.2140089     0.2533749    -0.3180579     0.0070939
  6.2420208     0.2521865    -0.3095674     0.0058016
  6.2700138     0.2491849    -0.3009644     0.0041851
  6.2979876     0.2446268    -0.2924139     0.0023734
  6.3259422     0.2387682    -0.2840623     0.0004989
  6.3538776     0.2318579    -0.2760349    -0.0013059
  6.3817936     0.2241318    -0.2684330    -0.0029120
  6.4096902     0.2158081    -0.2613324    -0.0041964
  6.4375673     0.2070825    -0.2547823    -0.0050457
  6.4654247     0.1981250    -0.2488046    -0.0053584
  6.4932625     0.1890769    -0.2433942    -0.0050474
  6.5210805     0.1800498    -0.2385198    -0.0040419
  6.5488786     0.1711237    -0.2341254    -0.0022890
  6.5766567     0.1623482    -0.2301328     0.0002451
  6.6044148     0.1537426    -0.2264435     0.0035748
  6.6321529     0.1452983    -0.2229427     0.0076941
  6.6598707     0.1369812    -0.2195025     0.0125776
  6.6875682     0.1287347    -0.2159858     0.0181808
  6.7152453     0.1204839    -0.2122503     0.0244414
  6.7429020     0.1121394    -0.2081530     0.0312805
  6.7705382     0.1036022    -0.2035543     0.0386048
  6.7981537     0.0947681    -0.1983217     0.0463083
  6.8257485     0.0855329    -0.1923346     0.0542750
  6.8533225     0.0757966    -0.1854867     0.0623814
  6.8808757     0.0654684    -0.1776902     0.0704989
  6.9084079     0.0544705    -0.1688779     0.0784969
  6.9359190     0.0427420    -0.1590056     0.0862451
  6.9634090     0.0302426    -0.1480534     0.0936166
  6.9908778     0.0169544    -0.1360271     0.1004899
  7.0183253     0.0028847    -0.1229580     0.1067518
  7.0457515    -0.0119331    -0.1089027     0.1122993
  7.0731561    -0.0274387    -0.0939423     0.1170411
  7.1005393    -0.0435452    -0.0781805     0.1208998
  7.1279008    -0.0601397    -0.0617415     0.1238126
  7.1552405    -0.0770852    -0.0447676     0.1257326
  7.1825585    -0.0942225    -0.0274157     0.1266290
  7.2098546    -0.1113732    -0.0098542     0.1264872
  7.2371288    -0.1283429     0.0077408     0.1253092
  7.2643809    -0.1449247     0.0251893     0.1231123
  7.2916108    -0.1609040     0.0423113     0.1199290
  7.3188186    -0.1760618     0.0589308     0.1158052
  7.3460040    -0.1901802     0.0748795     0.1107995
  7.3731671    -0.2030460     0.0900000     0.1049810
  7.4003078    -0.2144558     0.1041495     0.0984281
  7.4274258    -0.2242198     0.1172023     0.0912263
  7.4545213    -0.2321660     0.1290523     0.0834663
  7.4815940    -0.2381439     0.1396150     0.0752422
  7.5086440    -0.2420274     0.1488288     0.0666495
  7.5356711    -0.2437181     0.1566555     0.0577830
  7.5626752    -0.2431467     0.1630812     0.0487354
  7.5896563    -0.2402752     0.1681155     0.0395953
  7.6166143    -0.2350978     0.1717910     0.0304461
  7.6435491    -0.2276409     0.1741615     0.0213645
  7.6704605    -0.2179632     0.1753007     0.0124197
  7.6973487    -0.2061548     0.1752998     0.0036723
  7.7242133    -0.1923353     0.1742648    -0.0048259
  7.7510545    -0.1766527     0.1723139    -0.0130322
  7.7778720    -0.1592797     0.1695745    -0.0209133
  7.8046659    -0.1404122     0.1661797    -0.0284449
  7.8314359    -0.1202647     0.1622658    -0.0356111
  7.8581822    -0.0990677     0.1579684    -0.0424041
  7.8849044    -0.0770634     0.1534201    -0.0488232
  7.9116027    -0.0545022     0.1487472    -0.0548738
  7.9382768    -0.0316384     0.1440674    -0.0605664
  7.9649268    -0.0087263     0.1394874    -0.0659156
  7.9915525     0.0139832     0.1351010    -0.0709386
  8.0181539     0.0362469     0.1309877    -0.0756541
  8.0447308     0.0578323     0.1272116    -0.0800814
  8.0712833     0.0785208     0.1238205    -0.0842388
  8.0978111     0.0981106     0.1208460    -0.0881430
  8.1243143     0.1164192     0.1183033    -0.0918077
  8.1507928     0.1332849     0.1161921    -0.0952435
  8.1772464     0.1485693     0.1144972    -0.0984566
  8.2036751     0.1621575     0.1131903    -0.1014486
  8.2300788     0.1739594     0.1122308    -0.1042164
  8.2564574     0.1839098     0.1115684    -0.1067519
  8.2828109     0.1919683     0.1111444    -0.1090422
  8.3091392     0.1981184     0.1108942    -0.1110696
  8.3354421     0.2023671     0.1107493    -0.1128126
  8.3617197     0.2047434     0.1106395    -0.1142458
  8.3879717     0.2052967     0.1104948    -0.1153413
  8.4141983     0.2040952     0.1102477    -0.1160691
  8.4403992     0.2012236     0.1098350    -0.1163981
  8.4665744     0.1967814     0.1091990    -0.1162971
  8.4927238     0.1908804     0.1082894    -0.1157360
  8.5188473     0.1836423     0.1070642    -0.1146867
  8.5449449     0.1751968     0.1054905    -0.1131239
  8.5710164     0.1656789     0.1035452    -0.1110263
  8.5970619     0.1552270     0.1012149    -0.1083776
  8.6230811     0.1439809     0.0984963    -0.1051669
  8.6490741     0.1320794     0.0953956    -0.1013896
  8.6750407     0.1196590     0.0919279    -0.0970478
  8.7009810     0.1068523     0.0881166    -0.0921508
  8.7268947     0.0937862     0.0839918    -0.0867153
  8.7527818     0.0805812     0.0795898    -0.0807653
  8.7786422     0.0673501     0.0749513    -0.0743319
  8.8044760     0.0541976     0.0701203    -0.0674533
  8.8302829     0.0412193     0.0651425    -0.0601743
  8.8560629     0.0285018     0.0600636    -0.0525453
  8.8818159     0.0161223     0.0549286    -0.0446221
  8.9075419     0.0041486     0.0497797    -0.0364648
  8.9332407    -0.0073605     0.0446558    -0.0281366
  8.9589123    -0.0183551     0.0395911    -0.0197034
  8.9845567    -0.0287938     0.0346142    -0.0112321
  9.0101736    -0.0386431     0.0297478    -0.0027900
  9.0357631    -0.0478768     0.0250080     0.0055566
  9.0613251    -0.0564757     0.0204040     0.0137435
  9.0868595    -0.0644266     0.0159384     0.0217091
  9.1123662    -0.0717215     0.0116075     0.0293963
  9.1378452    -0.0783577     0.0074013     0.0367523
  9.1632963    -0.0843365     0.0033045     0.0437301
  9.1887195    -0.0896626    -0.0007030     0.0502887
  9.2141147    -0.0943441    -0.0046446     0.0563940
  9.2394819    -0.0983915    -0.0085467     0.0620186
  9.2648209    -0.1018176    -0.0124370     0.0671424
  9.2901317    -0.1046367    -0.0163433     0.0717526
  9.3154141    -0.1068646    -0.0202930     0.0758434
  9.3406683    -0.1085185    -0.0243111     0.0794159
  9.3658939    -0.1096160    -0.0284194     0.0824776
  9.3910910    -0.1101760    -0.0326357     0.0850420
  9.4162595    -0.1102176    -0.0369727     0.0871280
  9.4413994    -0.1097606    -0.0414371     0.0887590
  9.4665104    -0.1088253    -0.0460294     0.0899621
  9.4915927    -0.1074322    -0.0507432     0.0907677
  9.5166460    -0.1056023    -0.0555649     0.0912081
  9.5416703    -0.1033569    -0.0604740     0.0913167
  9.5666656    -0.1007176    -0.0654429     0.0911275
  9.5916317    -0.0977063    -0.0704378     0.0906738
  9.6165686    -0.0943452    -0.0754187     0.0899877
  9.6414762    -0.0906566    -0.0803405     0.0890992
  9.6663545    -0.0866631    -0.0851537     0.0880357
  9.6912033    -0.0823874    -0.0898056     0.0868212
  9.7160225    -0.0778521    -0.0942412     0.0854763
  9.7408122    -0.0730799    -0.0984045     0.0840173
  9.7655722    -0.0680932    -0.1022400     0.0824566
  9.7903025    -0.0629142    -0.1056935     0.0808021
  9.8150029    -0.0575649    -0.1087138     0.0790576
  9.8396735    -0.0520667    -0.1112536     0.0772230
  9.8643140    -0.0464406    -0.1132708     0.0752940
  9.8889245    -0.0407068    -0.1147294     0.0732635
  9.9135049    -0.0348851    -0.1156007     0.0711210
  9.9380551    -0.0289943    -0.1158637     0.0688539
  9.9625751    -0.0230527    -0.1155058     0.0664479
  9.9870646    -0.0170777    -0.1145236     0.0638876
 10.0115238    -0.0110861    -0.1129224     0.0611575
 10.0359524    -0.0050940    -0.1107171     0.0582421
 10.0603505     0.0008831    -0.1079313     0.0551275
 10.0847180     0.0068302    -0.1045974     0.0518011
 10.1090547     0.0127326    -0.1007557     0.0482533
 10.1333606     0.0185759    -0.0964541     0.0444772
 10.1576357     0.0243457    -0.0917472     0.0404696
 10.1818798     0.0300275    -0.0866950     0.0362313
 10.2060929     0.0356065    -0.0813619     0.0317676
 10.2302749     0.0410676    -0.0758158     0.0270884
 10.2544257     0.0463947    -0.0701265     0.0222083
 10.2785453     0.0515714    -0.0643644     0.0171467
 10.3026336     0.0565802    -0.0585998     0.0119277
 10.3266906     0.0614026    -0.0529006     0.0065802
 10.3507160     0.0660191    -0.0473321     0.0011368
 10.3747099     0.0704091    -0.0419551    -0.0043657
 10.3986723     0.0745508    -0.0368252    -0.0098875
 10.4226029     0.0784216    -0.0319918    -0.0153859
 10.4465018     0.0819979    -0.0274972    -0.0208164
 10.4703689     0.0852555    -0.0233761    -0.0261329
 10.4942041     0.0881694    -0.0196547    -0.0312890
 10.5180073     0.0907145    -0.0163511    -0.0362384
 10.5417785     0.0928657    -0.0134744    -0.0409359
 10.5655175     0.0945983    -0.0110251    -0.0453382
 10.5892244     0.0958884    -0.0089952    -0.0494044
 10.6128990     0.0967131    -0.0073686    -0.0530972
 10.6365413     0.0970513    -0.0061217    -0.0563830
 10.6601512     0.0968838    -0.0052236    -0.0592332
 10.6837286     0.0961942    -0.0046377    -0.0616240
 10.7072735     0.0949686    -0.0043218    -0.0635374
 10.7307858     0.0931971    -0.0042294    -0.0649614
 10.7542654     0.0908731    -0.0043110    -0.0658901
 10.7777122     0.0879947    -0.0045146    -0.0663240
 10.8011262     0.0845641    -0.0047875    -0.0662700
 10.8245072     0.0805888    -0.0050769    -0.0657412
 10.8478553     0.0760810    -0.0053313    -0.0647569
 10.8711704     0.0710586    -0.0055013    -0.0633421
 10.8944524     0.0655445    -0.0055408    -0.0615271
 10.9177011     0.0595670    -0.0054078    -0.0593475
 10.9409166     0.0531600    -0.0050654    -0.0568427
 10.9640988     0.0463622    -0.0044821    -0.0540561
 10.9872476     0.0392173    -0.0036326    -0.0510339
 11.0103629     0.0317737    -0.0024986    -0.0478247
 11.0334447     0.0240839    -0.0010683    -0.0444784
 11.0564928     0.0162041     0.0006629    -0.0410456
 11.0795073     0.0081937     0.0026923    -0.0375766
 11.1024880     0.0001145     0.0050104    -0.0341210
 11.1254349    -0.0079696     0.0076011    -0.0307264
 11.1483479    -0.0159938     0.0104417    -0.0274381
 11.1712270    -0.0238929     0.0135038    -0.0242982
 11.1940720    -0.0316018     0.0167541    -0.0213450
 11.2168830    -0.0390569     0.0201543    -0.0186125
 11.2396597    -0.0461965     0.0236627    -0.0161302
 11.2624023    -0.0529616     0.0272347    -0.0139219
 11.2851105    -0.0592966     0.0308235    -0.0120064
 11.3077843    -0.0651503     0.0343813    -0.0103968
 11.3304237    -0.0704763     0.0378603    -0.0091003
 11.3530286    -0.0752336     0.0412129    -0.0081185
 11.3755989    -0.0793874     0.0443934    -0.0074473
 11.3981345    -0.0829090     0.0473585    -0.0070774
 11.4206355    -0.0857770     0.0500677    -0.0069940
 11.4431016    -0.0879767     0.0524846    -0.0071778
 11.4655329    -0.0895009     0.0545772    -0.0076049
 11.4879292    -0.0903495     0.0563183    -0.0082478
 11.5102906    -0.0905300     0.0576861    -0.0090756
 11.5326169    -0.0900569     0.0586646    -0.0100545
 11.5549080    -0.0889516     0.0592435    -0.0111491
 11.5771640    -0.0872421     0.0594185    -0.0123221
 11.5993847    -0.0849628     0.0591914    -0.0135358
 11.6215701    -0.0821534     0.0585696    -0.0147522
 11.6437200    -0.0788590     0.0575663    -0.0159341
 11.6658345    -0.0751289     0.0561998    -0.0170453
 11.6879135    -0.0710163     0.0544933    -0.0180515
 11.7099568    -0.0665771     0.0524746    -0.0189209
 11.7319645    -0.0618695     0.0501752    -0.0196243
 11.7539365    -0.0569531     0.0476299    -0.0201361
 11.7758726    -0.0518877     0.0448760    -0.0204341
 11.7977729    -0.0467332     0.0419529    -0.0205004
 11.8196372    -0.0415479     0.0389010    -0.0203212
 11.8414656    -0.0363885     0.0357616    -0.0198871
 11.8632578    -0.0313090     0.0325755    -0.0191934
 11.8850139    -0.0263598     0.0293829    -0.0182397
 11.9067339    -0.0215875     0.0262224    -0.0170303
 11.9284175    -0.0170341     0.0231308    -0.0155736
 11.9500648    -0.0127365     0.0201420    -0.0138822
 11.9716757    -0.0087261     0.0172870    -0.0119728
 11.9932502    -0.0050285     0.0145933    -0.0098654
 12.0147881    -0.0016634     0.0120846    -0.0075831
 12.0362894     0.0013559     0.0097803    -0.0051521
 12.0577540     0.0040219     0.0076957    -0.0026007
 12.0791820     0.0063336     0.0058417     0.0000411
 12.1005731     0.0082959     0.0042245     0.0027417
 12.1219273     0.0099193     0.0028461     0.0054688
 12.1432447     0.0112199     0.0017042     0.0081900
 12.1645250     0.0122187     0.0007924     0.0108727
 12.1857683     0.0129415     0.0001004     0.0134854
 12.2069745     0.0134178    -0.0003857     0.0159976
 12.2281434     0.0136807    -0.0006827     0.0183804
 12.2492752     0.0137663    -0.0008104     0.0206071
 12.2703696     0.0137126    -0.0007908     0.0226533
 12.2914266     0.0135592    -0.0006479     0.0244974
 12.3124462     0.0133464    -0.0004068     0.0261208
 12.3334283     0.0131147    -0.0000935     0.0275083
 12.3543729     0.0129038     0.0002654     0.0286480
 12.3752798     0.0127525     0.0006437     0.0295317
 12.3961490     0.0126972     0.0010159     0.0301547
 12.4169804     0.0127720     0.0013572     0.0305161
 12.4377740     0.0130081     0.0016446     0.0306185
 12.4585297     0.0134328     0.0018569     0.0304681
 12.4792475     0.0140695     0.0019752     0.0300744
 12.4999273     0.0149372     0.0019829     0.0294500
 12.5205689     0.0160503     0.0018665     0.0286107
 12.5411725     0.0174179     0.0016150     0.0275747
 12.5617378     0.0190445     0.0012209     0.0263627
 12.5822649     0.0209290     0.0006798     0.0249975
 12.6027536     0.0230654    -0.0000097     0.0235034
 12.6232040     0.0254424    -0.0008457     0.0219063
 12.6436159     0.0280438    -0.0018232     0.0202328
 12.6639893     0.0308488    -0.0029341     0.0185101
 12.6843241     0.0338321    -0.0041679     0.0167656
 12.7046203     0.0369642    -0.0055112     0.0150265
 12.7248777     0.0402120    -0.0069484     0.0133195
 12.7450964     0.0435393    -0.0084619     0.0116702
 12.7652763     0.0469069    -0.0100323     0.0101031
 12.7854173     0.0502736    -0.0116390     0.0086410
 12.8055194     0.0535965    -0.0132603     0.0073050
 12.8255824     0.0568318    -0.0148738     0.0061140
 12.8456064     0.0599349    -0.0164569     0.0050847
 12.8655912     0.0628617    -0.0179870     0.0042312
 12.8855369     0.0655687    -0.0194420     0.0035651
 12.9054433     0.0680134    -0.0208005     0.0030953
 12.9253104     0.0701557    -0.0220423     0.0028277
 12.9451381     0.0719573    -0.0231484     0.0027657
 12.9649264     0.0733832    -0.0241017     0.0029095
 12.9846752     0.0744015    -0.0248869     0.0032570
 13.0043844     0.0749840    -0.0254907     0.0038031
 13.0240541     0.0751068    -0.0259022     0.0045402
 13.0436840     0.0747501    -0.0261131     0.0054584
 13.0632742     0.0738990    -0.0261173     0.0065453
 13.0828247     0.0725432    -0.0259116     0.0077868
 13.1023352     0.0706775    -0.0254951     0.0091665
 13.1218059     0.0683016    -0.0248697     0.0106669
 13.1412366     0.0654204    -0.0240399     0.0122686
 13.1606273     0.0620436    -0.0230125     0.0139515
 13.1799778     0.0581859    -0.0217966     0.0156945
 13.1992882     0.0538667    -0.0204038     0.0174758
 13.2185585     0.0491097    -0.0188472     0.0192734
 13.2377884     0.0439432    -0.0171422     0.0210653
 13.2569780     0.0383991    -0.0153055     0.0228295
 13.2761273     0.0325130    -0.0133553     0.0245445
 13.2952361     0.0263238    -0.0113107     0.0261897
 13.3143044     0.0198729    -0.0091918     0.0277451
 13.3333321     0.0132044    -0.0070192     0.0291919
 13.3523192     0.0063640    -0.0048138     0.0305126
 13.3712657    -0.0006009    -0.0025966     0.0316912
 13.3901714    -0.0076421    -0.0003883     0.0327132
 13.4090364    -0.0147110     0.0017908     0.0335658
 13.4278604    -0.0217588     0.0039212     0.0342381
 13.4466436    -0.0287373     0.0059843     0.0347210
 13.4653858    -0.0355990     0.0079626     0.0350074
 13.4840871    -0.0422979     0.0098399     0.0350920
 13.5027472    -0.0487896     0.0116017     0.0349718
 13.5213662    -0.0550320     0.0132348     0.0346455
 13.5399440    -0.0609852     0.0147281     0.0341136
 13.5584806    -0.0666123     0.0160719     0.0333789
 13.5769758    -0.0718793     0.0172589     0.0324455
 13.5954297    -0.0767555     0.0182833     0.0313195
 13.6138422    -0.0812138     0.0191415     0.0300086
 13.6322132    -0.0852306     0.0198318     0.0285217
 13.6505427    -0.0887862     0.0203543     0.0268694
 13.6688306    -0.0918647     0.0207111     0.0250633
 13.6870769    -0.0944541     0.0209060     0.0231161
 13.7052815    -0.0965462     0.0209444     0.0210414
 13.7234443    -0.0981369     0.0208334     0.0188535
 13.7415654    -0.0992255     0.0205813     0.0165674
 13.7596445    -0.0998153     0.0201980     0.0141985
 13.7776818    -0.0999130     0.0196943     0.0117625
 13.7956771    -0.0995287     0.0190820     0.0092750
 13.8136303    -0.0986755     0.0183735     0.0067519
 13.8315415    -0.0973696     0.0175823     0.0042087
 13.8494106    -0.0956299     0.0167217     0.0016608
 13.8672374    -0.0934776     0.0158059    -0.0008770
 13.8850221    -0.0909363     0.0148485    -0.0033904
 13.9027644    -0.0880311     0.0138637    -0.0058658
 13.9204644    -0.0847890     0.0128648    -0.0082903
 13.9381219    -0.0812383     0.0118652    -0.0106517
 13.9557370    -0.0774082     0.0108774    -0.0129390
 13.9733096    -0.0733286     0.0099134    -0.0151419
 13.9908397    -0.0690298     0.0089843    -0.0172514
 14.0083271    -0.0645424     0.0081003    -0.0192593
 14.0257718    -0.0598969     0.0072706    -0.0211586
 14.0431739    -0.0551231     0.0065033    -0.0229435
 14.0605331    -0.0502506     0.0058053    -0.0246090
 14.0778495    -0.0453079     0.0051824    -0.0261515
 14.0951231    -0.0403227     0.0046390    -0.0275685
 14.1123536    -0.0353212     0.0041784    -0.0288582
 14.1295412    -0.0303285     0.0038025    -0.0300202
 14.1466858    -0.0253681     0.0035121    -0.0310549
 14.1637873    -0.0204618     0.0033068    -0.0319637
 14.1808456    -0.0156297     0.0031849    -0.0327486
 14.1978607    -0.0108901     0.0031437    -0.0334129
 14.2148326    -0.0062596     0.0031793    -0.0339603
 14.2317612    -0.0017527     0.0032870    -0.0343951
 14.2486464     0.0026178     0.0034612    -0.0347226
 14.2654882     0.0068412     0.0036953    -0.0349481
 14.2822866     0.0109085     0.0039821    -0.0350778
 14.2990415     0.0148124     0.0043140    -0.0351180
 14.3157528     0.0185475     0.0046826    -0.0350755
 14.3324204     0.0221100     0.0050793    -0.0349571
 14.3490445     0.0254977     0.0054952    -0.0347700
 14.3656248     0.0287099     0.0059211    -0.0345213
 14.3821614     0.0317470     0.0063481    -0.0342181
 14.3986541     0.0346111     0.0067669    -0.0338676
 14.4151030     0.0373049     0.0071686    -0.0334767
 14.4315080     0.0398324     0.0075447    -0.0330524
 14.4478690     0.0421983     0.0078867    -0.0326013
 14.4641860     0.0444081     0.0081869    -0.0321296
 14.4804590     0.0464677     0.0084377    -0.0316434
 14.4966878     0.0483836     0.0086325    -0.0311484
 14.5128725     0.0501626     0.0087651    -0.0306500
 14.5290130     0.0518116     0.0088301    -0.0301530
 14.5451092     0.0533374     0.0088228    -0.0296618
 14.5611611     0.0547471     0.0087394    -0.0291806
 14.5771686     0.0560474     0.0085767    -0.0287128
 14.5931318     0.0572447     0.0083326    -0.0282616
 14.6090505     0.0583452     0.0080057    -0.0278295
 14.6249247     0.0593545     0.0075954    -0.0274186
 14.6407543     0.0602779     0.0071021    -0.0270307
 14.6565394     0.0611200     0.0065270    -0.0266668
 14.6722798     0.0618847     0.0058719    -0.0263278
 14.6879755     0.0625755     0.0051397    -0.0260140
 14.7036264     0.0631951     0.0043337    -0.0257252
 14.7192326     0.0637455     0.0034582    -0.0254609
 14.7347939     0.0642281     0.0025180    -0.0252202
 14.7503104     0.0646434     0.0015184    -0.0250018
 14.7657819     0.0649914     0.0004654    -0.0248042
 14.7812084     0.0652715    -0.0006346    -0.0246256
 14.7965899     0.0654824    -0.0017747    -0.0244637
 14.8119264     0.0656221    -0.0029479    -0.0243162
 14.8272177     0.0656883    -0.0041466    -0.0241804
 14.8424639     0.0656781    -0.0053632    -0.0240537
 14.8576648     0.0655881    -0.0065900    -0.0239330
 14.8728205     0.0654148    -0.0078191    -0.0238154
 14.8879309     0.0651540    -0.0090426    -0.0236977
 14.9029959     0.0648016    -0.0102528    -0.0235767
 14.9180155     0.0643533    -0.0114420    -0.0234492
 14.9329897     0.0638046    -0.0126027    -0.0233119
 14.9479184     0.0631510    -0.0137277    -0.0231617
 14.9628016     0.0623882    -0.0148100    -0.0229954
 14.9776391     0.0615118    -0.0158431    -0.0228098
 14.9924311     0.0605178    -0.0168208    -0.0226021
 15.0071774     0.0594024    -0.0177374    -0.0223692
 15.0218780     0.0581621    -0.0185875    -0.0221084
 15.0365328     0.0567938    -0.0193664    -0.0218172
 15.0511418     0.0552949    -0.0200698    -0.0214931
 15.0657049     0.0536632    -0.0206941    -0.0211338
 15.0802222     0.0518971    -0.0212362    -0.0207373
 15.0946935     0.0499956    -0.0216935    -0.0203016
 15.1091189     0.0479583    -0.0220642    -0.0198251
 15.1234982     0.0457854    -0.0223468    -0.0193064
 15.1378315     0.0434779    -0.0225406    -0.0187442
 15.1521186     0.0410373    -0.0226454    -0.0181376
 15.1663596     0.0384660    -0.0226618    -0.0174857
 15.1805544     0.0357670    -0.0225906    -0.0167881
 15.1947030     0.0329440    -0.0224334    -0.0160444
 15.2088052     0.0300015    -0.0221922    -0.0152545
 15.2228612     0.0269446    -0.0218696    -0.0144187
 15.2368707     0.0237790    -0.0214686    -0.0135372
 15.2508339     0.0205113    -0.0209927    -0.0126107
 15.2647506     0.0171485    -0.0204456    -0.0116400
 15.2786207     0.0136982    -0.0198316    -0.0106260

PDF 1 in G'(r) format
  r, PDF (RMC), PDF (Expt)
 CURVES
          99 ,           2
      0.0654509        0.0000000        0.0000000
      0.1309019        0.0000000        0.0000000
      0.1963528        0.0000000        0.0000000
      0.2618037        0.0000000        0.0000000
      0.3272547        0.0000000        0.0000000
      0.3927056        0.0000000        0.0000000
      0.4581565        0.0000000        0.0000000
      0.5236075        0.0000000        0.0000000
      0.5890584        0.0000000        0.0000000
      0.6545093        0.0000000        0.0000000
      0.7199603        0.0000000        0.0000000
      0.7854112        0.0000000        0.0000000
      0.8508621        0.0000000        0.0000000
      0.9163131        0.0000000        0.0000000
      0.9817640        0.0000000        0.0000000
      1.0472149        0.0000000        0.0000000
      1.1126659        0.0000000        0.0000000
      1.1781168        0.0000000        0.0000000
      1.2435677        0.0000000        0.1336642
      1.3090187        0.0000000        0.4087493
      1.3744696        0.0000000        0.7543131
      1.4399206        0.5704079        1.1485415
      1.5053715        1.3699694        1.5505350
      1.5708224        1.7375141        1.9059448
      1.6362734        2.0430522        2.1587834
      1.7017243        2.1441972        2.2659462
      1.7671752        2.0830091        2.2093322
      1.8326262        1.8928748        2.0010507
      1.8980771        1.5594097        1.6798473
      1.9635280        1.1504141        1.3003390
      2.0289790        0.9675471        0.9192625
      2.0944299        0.6788796        0.5835708
      2.1598808        0.3912002        0.3237554
      2.2253318        0.3137159        0.1531507
      2.2907827        0.1961723        0.0715582
      2.3562336        0.3287209        0.0703735
      2.4216846        0.3510778        0.1367765
      2.4871355        0.4445077        0.2559231
      2.5525864        0.4550243        0.4115305
      2.6180374        0.6098030        0.5860281
      2.6834883        0.7823696        0.7613177
      2.7489392        0.9454573        0.9204588
      2.8143902        0.9953276        1.0498161
      2.8798411        1.0420022        1.1408396
      2.9452920        1.1012683        1.1907984
      3.0107430        1.2858002        1.2022868
      3.0761939        1.2242080        1.1818121
      3.1416448        1.1656819        1.1380301
      3.2070958        1.1256701        1.0801428
      3.2725467        1.0994351        1.0167345
      3.3379976        0.9664269        0.9550757
      3.4034486        0.9930579        0.9007813
      3.4688995        0.9861968        0.8576976
      3.5343504        0.8741339        0.8279539
      3.5998014        0.9111781        0.8121644
      3.6652523        0.9123572        0.8097733
      3.7307032        0.8302044        0.8194883
      3.7961542        0.8850533        0.8397032
      3.8616051        0.9480965        0.8687856
      3.9270560        0.9460220        0.9051459
      3.9925070        0.9804672        0.9470814
      4.0579579        1.0323862        0.9924918
      4.1234088        0.9853343        1.0386326
      4.1888598        1.1032563        1.0820893
      4.2543107        1.1391324        1.1190817
      4.3197617        1.1350938        1.1460852
      4.3852126        1.1387059        1.1606051
      4.4506635        1.1426692        1.1618539
      4.5161145        1.1105465        1.1510787
      4.5815654        1.0575978        1.1313973
      4.6470163        0.9965433        1.1071647
      4.7124673        1.0650011        1.0830542
      4.7779182        1.0048921        1.0631198
      4.8433691        1.0592912        1.0500902
      4.9088201        1.0032561        1.0450422
      4.9742710        0.9876847        1.0474679
      5.0397219        0.9777078        1.0556379
      5.1051729        1.0571590        1.0671130
      5.1706238        1.0133993        1.0792657
      5.2360747        1.0262953        1.0897134
      5.3015257        1.0277676        1.0966243
      5.3669766        1.0764827        1.0988858
      5.4324275        1.0044848        1.0961514
      5.4978785        0.9747973        1.0887822
      5.5633294        1.0016932        1.0777025
      5.6287803        1.0883107        1.0641974
      5.6942313        0.9756344        1.0496821
      5.7596822        0.9579775        1.0354810
      5.8251331        0.9256461        1.0226525
      5.8905841        0.9621102        1.0118836
      5.9560350        0.9823282        1.0034631
      6.0214859        0.9205819        0.9973273
      6.0869369        1.0436348        0.9931542
      6.1523878        0.9940585        0.9904812
      6.2178387        1.0412539        0.9888186
      6.2832897        0.9638894        0.9877401
      6.3487406        0.9597490        0.9869391
      6.4141915        1.0068831        0.9862467
      6.4796425        0.9442802        0.9856162

 Total S(Q)'s: Comparison with input data

   611  2 are NQ and NPAR

       Q      S(Q)_RMC  S(Q)_Expt
      0.4682470      0.1488582      0.1953920
      0.4982822      0.1447575      0.1430544
      0.5283159      0.1397674      0.0977766
      0.5583480      0.1340579      0.0603910
      0.5883784      0.1278555      0.0315603
      0.6184069      0.1214398      0.0117679
      0.6484336      0.1151379      0.0013117
      0.6784584      0.1093177      0.0003034
      0.7084810      0.1043787      0.0086712
      0.7385015      0.1007422      0.0261668
      0.7685198      0.0988397      0.0523768
      0.7985357      0.0991012      0.0867365
      0.8285491      0.1019423      0.1285470
      0.8585601      0.1077520      0.1769951
      0.8885684      0.1168799      0.2311745
      0.9185740      0.1296251      0.2901080
      0.9485769      0.1462254      0.3527714
      0.9785768      0.1668480      0.4181159
      1.0085738      0.1915820      0.4850911
      1.0385677      0.2204323      0.5526664
      1.0685584      0.2533168      0.6198511
      1.0985458      0.2900643      0.6857118
      1.1285300      0.3304156      0.7493884
      1.1585106      0.3740270      0.8101070
      1.1884878      0.4204754      0.8671901
      1.2184613      0.4692661      0.9200637
      1.2484312      0.5198424      0.9682619
      1.2783972      0.5715969      1.0114288
      1.3083593      0.6238838      1.0493172
      1.3383174      0.6760332      1.0817854
      1.3682715      0.7273651      1.1087913
      1.3982214      0.7772048      1.1303855
      1.4281670      0.8248971      1.1467017
      1.4581083      0.8698211      1.1579474
      1.4880452      0.9114035      1.1643924
      1.5179775      0.9491315      1.1663576
      1.5479052      0.9825631      1.1642043
      1.5778281      1.0113370      1.1583221
      1.6077463      1.0351792      1.1491193
      1.6376596      1.0539088      1.1370128
      1.6675679      1.0674402      1.1224193
      1.6974711      1.0757843      1.1057476
      1.7273691      1.0790461      1.0873926
      1.7572618      1.0774215      1.0677297
      1.7871493      1.0711905      1.0471111
      1.8170312      1.0607099      1.0258634
      1.8469077      1.0464034      1.0042854
      1.8767785      1.0287507      0.9826481
      1.9066436      1.0082757      0.9611948
      1.9365029      0.9855330      0.9401418
      1.9663562      0.9610956      0.9196801
      1.9962036      0.9355410      0.8999770
      2.0260449      0.9094384      0.8811781
      2.0558801      0.8833363      0.8634092
      2.0857090      0.8577512      0.8467779
      2.1155315      0.8331570      0.8313754
      2.1453476      0.8099764      0.8172776
      2.1751571      0.7885734      0.8045458
      2.2049601      0.7692479      0.7932275
      2.2347563      0.7522317      0.7833562
      2.2645457      0.7376869      0.7749510
      2.2943282      0.7257055      0.7680165
      2.3241037      0.7163117      0.7625417
      2.3538721      0.7094644      0.7584994
      2.3836334      0.7050629      0.7558451
      2.4133874      0.7029527      0.7545168
      2.4431340      0.7029326      0.7544341
      2.4728732      0.7047634      0.7554987
      2.5026049      0.7081764      0.7575941
      2.5323289      0.7128824      0.7605872
      2.5620453      0.7185810      0.7643292
      2.5917538      0.7249696      0.7686582
      2.6214544      0.7317525      0.7734013
      2.6511471      0.7386480      0.7783783
      2.6808317      0.7453965      0.7834051
      2.7105081      0.7517664      0.7882978
      2.7401762      0.7575590      0.7928774
      2.7698360      0.7626129      0.7969740
      2.7994874      0.7668066      0.8004319
      2.8291302      0.7700599      0.8031135
      2.8587645      0.7723343      0.8049040
      2.8883900      0.7736321      0.8057152
      2.9180067      0.7739943      0.8054884
      2.9476145      0.7734979      0.8041973
      2.9772134      0.7722518      0.8018495
      3.0068031      0.7703927      0.7984875
      3.0363838      0.7680798      0.7941885
      3.0659551      0.7654899      0.7890636
      3.0955172      0.7628113      0.7832555
      3.1250698      0.7602387      0.7769354
      3.1546128      0.7579679      0.7702999
      3.1841463      0.7561902      0.7635658
      3.2136701      0.7550884      0.7569649
      3.2431841      0.7548320      0.7507388
      3.2726882      0.7555741      0.7451327
      3.3021823      0.7574482      0.7403892
      3.3316664      0.7605661      0.7367422
      3.3611403      0.7650166      0.7344113
      3.3906040      0.7708645      0.7335963
      3.4200574      0.7781505      0.7344721
      3.4495003      0.7868917      0.7371849
      3.4789327      0.7970831      0.7418488
      3.5083546      0.8086986      0.7485432
      3.5377657      0.8216931      0.7573119
      3.5671661      0.8360051      0.7681624
      3.5965556      0.8515586      0.7810664
      3.6259341      0.8682661      0.7959620
      3.6553016      0.8860309      0.8127557
      3.6846580      0.9047497      0.8313261
      3.7140032      0.9243148      0.8515279
      3.7433370      0.9446164      0.8731963
      3.7726594      0.9655442      0.8961519
      3.8019704      0.9869890      0.9202062
      3.8312697      1.0088438      0.9451662
      3.8605574      1.0310050      0.9708400
      3.8898333      1.0533723      0.9970407
      3.9190974      1.0758494      1.0235909
      3.9483496      1.0983435      1.0503264
      3.9775897      1.1207651      1.0770985
      4.0068177      1.1430276      1.1037761
      4.0360334      1.1650463      1.1302470
      4.0652369      1.1867376      1.1564178
      4.0944281      1.2080185      1.1822130
      4.1236067      1.2288053      1.2075739
      4.1527728      1.2490132      1.2324561
      4.1819262      1.2685559      1.2568264
      4.2110669      1.2873446      1.2806594
      4.2401947      1.3052883      1.3039339
      4.2693097      1.3222936      1.3266288
      4.2984116      1.3382651      1.3487188
      4.3275005      1.3531059      1.3701708
      4.3565761      1.3667184      1.3909403
      4.3856385      1.3790053      1.4109682
      4.4146876      1.3898710      1.4301787
      4.4437232      1.3992230      1.4484772
      4.4727452      1.4069732      1.4657497
      4.5017536      1.4130403      1.4818630
      4.5307483      1.4173506      1.4966657
      4.5597293      1.4198405      1.5099900
      4.5886963      1.4204579      1.5216549
      4.6176493      1.4191639      1.5314700
      4.6465883      1.4159340      1.5392398
      4.6755131      1.4107597      1.5447693
      4.7044237      1.4036492      1.5478690
      4.7333199      1.3946284      1.5483617
      4.7622018      1.3837413      1.5460877
      4.7910691      1.3710501      1.5409113
      4.8199218      1.3566349      1.5327265
      4.8487599      1.3405937      1.5214620
      4.8775831      1.3230408      1.5070856
      4.9063916      1.3041066      1.4896085
      4.9351850      1.2839354      1.4690875
      4.9639635      1.2626843      1.4456269
      4.9927268      1.2405209      1.4193789
      5.0214749      1.2176217      1.3905431
      5.0502077      1.1941695      1.3593642
      5.0789252      1.1703512      1.3261290
      5.1076271      1.1463555      1.2911621
      5.1363135      1.1223703      1.2548203
      5.1649843      1.0985808      1.2174866
      5.1936393      1.0751666      1.1795625
      5.2222785      1.0522999      1.1414610
      5.2509018      1.0301434      1.1035978
      5.2795091      1.0088483      1.0663834
      5.3081003      0.9885527      1.0302146
      5.3366753      0.9693804      0.9954666
      5.3652341      0.9514393      0.9624853
      5.3937766      0.9348205      0.9315805
      5.4223026      0.9195982      0.9030196
      5.4508121      0.9058283      0.8770227
      5.4793050      0.8935491      0.8537590
      5.5077812      0.8827811      0.8333434
      5.5362406      0.8735273      0.8158357
      5.5646832      0.8657737      0.8012405
      5.5931088      0.8594904      0.7895081
      5.6215173      0.8546323      0.7805378
      5.6499088      0.8511406      0.7741811
      5.6782830      0.8489436      0.7702466
      5.7066400      0.8479590      0.7685065
      5.7349795      0.8480944      0.7687023
      5.7633016      0.8492501      0.7705530
      5.7916061      0.8513199      0.7737620
      5.8198930      0.8541932      0.7780256
      5.8481622      0.8577569      0.7830402
      5.8764135      0.8618970      0.7885105
      5.9046470      0.8664999      0.7941567
      5.9328624      0.8714547      0.7997206
      5.9610598      0.8766545      0.8049720
      5.9892391      0.8819974      0.8097137
      6.0174000      0.8873885      0.8137848
      6.0455427      0.8927406      0.8170644
      6.0736669      0.8979755      0.8194728
      6.1017727      0.9030245      0.8209721
      6.1298598      0.9078297      0.8215657
      6.1579283      0.9123439      0.8212965
      6.1859780      0.9165311      0.8202444
      6.2140089      0.9203667      0.8185221
      6.2420208      0.9238375      0.8162712
      6.2700138      0.9269411      0.8136567
      6.2979876      0.9296860      0.8108617
      6.3259422      0.9320903      0.8080808
      6.3538776      0.9341814      0.8055149
      6.3817936      0.9359950      0.8033643
      6.4096902      0.9375738      0.8018231
      6.4375673      0.9389664      0.8010738
      6.4654247      0.9402262      0.8012818
      6.4932625      0.9414099      0.8025914
      6.5210805      0.9425760      0.8051214
      6.5488786      0.9437836      0.8089628
      6.5766567      0.9450907      0.8141765
      6.6044148      0.9465532      0.8207917
      6.6321529      0.9482235      0.8288061
      6.6598707      0.9501490      0.8381862
      6.6875682      0.9523711      0.8488687
      6.7152453      0.9549247      0.8607626
      6.7429020      0.9578367      0.8737522
      6.7705382      0.9611258      0.8877003
      6.7981537      0.9648020      0.9024520
      6.8257485      0.9688662      0.9178391
      6.8533225      0.9733101      0.9336845
      6.8808757      0.9781168      0.9498065
      6.9084079      0.9832605      0.9660232
      6.9359190      0.9887076      0.9821569
      6.9634090      0.9944170      0.9980379
      6.9908778      1.0003412      1.0135083
      7.0183253      1.0064273      1.0284249
      7.0457515      1.0126181      1.0426617
      7.0731561      1.0188533      1.0561122
      7.1005393      1.0250708      1.0686904
      7.1279008      1.0312079      1.0803316
      7.1552405      1.0372031      1.0909930
      7.1825585      1.0429968      1.1006525
      7.2098546      1.0485329      1.1093079
      7.2371288      1.0537598      1.1169759
      7.2643809      1.0586316      1.1236894
      7.2916108      1.0631090      1.1294956
      7.3188186      1.0671596      1.1344535
      7.3460040      1.0707594      1.1386312
      7.3731671      1.0738922      1.1421027
      7.4003078      1.0765505      1.1449458
      7.4274258      1.0787352      1.1472389
      7.4545213      1.0804555      1.1490589
      7.4815940      1.0817284      1.1504785
      7.5086440      1.0825784      1.1515649
      7.5356711      1.0830367      1.1523777
      7.5626752      1.0831399      1.1529679
      7.5896563      1.0829299      1.1533772
      7.6166143      1.0824520      1.1536376
      7.6435491      1.0817543      1.1537713
      7.6704605      1.0808863      1.1537912
      7.6973487      1.0798975      1.1537019
      7.7242133      1.0788369      1.1535003
      7.7510545      1.0777511      1.1531772
      7.7778720      1.0766837      1.1527187
      7.8046659      1.0756743      1.1521079
      7.8314359      1.0747577      1.1513266
      7.8581822      1.0739629      1.1503567
      7.8849044      1.0733131      1.1491821
      7.9116027      1.0728248      1.1477902
      7.9382768      1.0725080      1.1461728
      7.9649268      1.0723660      1.1443274
      7.9915525      1.0723954      1.1422583
      8.0181539      1.0725868      1.1399763
      8.0447308      1.0729248      1.1374998
      8.0712833      1.0733890      1.1348539
      8.0978111      1.0739544      1.1320705
      8.1243143      1.0745924      1.1291870
      8.1507928      1.0752717      1.1262460
      8.1772464      1.0759591      1.1232934
      8.2036751      1.0766204      1.1203773
      8.2300788      1.0772220      1.1175466
      8.2564574      1.0777307      1.1148489
      8.2828109      1.0781159      1.1123292
      8.3091392      1.0783493      1.1100279
      8.3354421      1.0784063      1.1079796
      8.3617197      1.0782666      1.1062114
      8.3879717      1.0779144      1.1047418
      8.4141983      1.0773387      1.1035797
      8.4403992      1.0765342      1.1027234
      8.4665744      1.0755006      1.1021603
      8.4927238      1.0742430      1.1018670
      8.5188473      1.0727715      1.1018092
      8.5449449      1.0711010      1.1019420
      8.5710164      1.0692506      1.1022114
      8.5970619      1.0672434      1.1025548
      8.6230811      1.0651051      1.1029026
      8.6490741      1.0628643      1.1031799
      8.6750407      1.0605509      1.1033082
      8.7009810      1.0581955      1.1032073
      8.7268947      1.0558290      1.1027976
      8.7527818      1.0534812      1.1020018
      8.7786422      1.0511804      1.1007473
      8.8044760      1.0489528      1.0989678
      8.8302829      1.0468215      1.0966056
      8.8560629      1.0448061      1.0936127
      8.8818159      1.0429224      1.0899527
      8.9075419      1.0411820      1.0856016
      8.9332407      1.0395919      1.0805492
      8.9589123      1.0381547      1.0747988
      8.9845567      1.0368682      1.0683680
      9.0101736      1.0357261      1.0612887
      9.0357631      1.0347178      1.0536061
      9.0613251      1.0338291      1.0453780
      9.0868595      1.0330423      1.0366741
      9.1123662      1.0323373      1.0275742
      9.1378452      1.0316915      1.0181667
      9.1632963      1.0310812      1.0085465
      9.1887195      1.0304817      0.9988136
      9.2141147      1.0298685      0.9890704
      9.2394819      1.0292177      0.9794198
      9.2648209      1.0285066      0.9699630
      9.2901317      1.0277150      0.9607974
      9.3154141      1.0268248      0.9520145
      9.3406683      1.0258215      0.9436984
      9.3658939      1.0246938      0.9359235
      9.3910910      1.0234347      0.9287538
      9.4162595      1.0220412      0.9222411
      9.4413994      1.0205147      0.9164247
      9.4665104      1.0188609      0.9113304
      9.4915927      1.0170897      0.9069703
      9.5166460      1.0152153      0.9033433
      9.5416703      1.0132556      0.9004350
      9.5666656      1.0112317      0.8982186
      9.5916317      1.0091679      0.8966557
      9.6165686      1.0070908      0.8956979
      9.6414762      1.0050288      0.8952877
      9.6663545      1.0030115      0.8953606
      9.6912033      1.0010687      0.8958465
      9.7160225      0.9992305      0.8966716
      9.7408122      0.9975255      0.8977605
      9.7655722      0.9959813      0.8990377
      9.7903025      0.9946231      0.9004298
      9.8150029      0.9934731      0.9018670
      9.8396735      0.9925507      0.9032846
      9.8643140      0.9918713      0.9046250
      9.8889245      0.9914462      0.9058383
      9.9135049      0.9912826      0.9068836
      9.9380551      0.9913831      0.9077297
      9.9625751      0.9917456      0.9083559
      9.9870646      0.9923636      0.9087517
     10.0115238      0.9932262      0.9089173
     10.0359524      0.9943183      0.9088629
     10.0603505      0.9956209      0.9086085
     10.0847180      0.9971115      0.9081831
     10.1090547      0.9987645      0.9076233
     10.1333606      1.0005520      0.9069727
     10.1576357      1.0024438      0.9062803
     10.1818798      1.0044089      0.9055993
     10.2060929      1.0064151      0.9049853
     10.2302749      1.0084303      0.9044951
     10.2544257      1.0104230      0.9041849
     10.2785453      1.0123628      0.9041089
     10.3026336      1.0142210      0.9043183
     10.3266906      1.0159714      0.9048592
     10.3507160      1.0175902      0.9057722
     10.3747099      1.0190571      0.9070908
     10.3986723      1.0203550      0.9088411
     10.4226029      1.0214707      0.9110407
     10.4465018      1.0223952      0.9136988
     10.4703689      1.0231231      0.9168155
     10.4942041      1.0236535      0.9203822
     10.5180073      1.0239893      0.9243818
     10.5417785      1.0241372      0.9287889
     10.5655175      1.0241077      0.9335709
     10.5892244      1.0239147      0.9386883
     10.6128990      1.0235749      0.9440961
     10.6365413      1.0231076      0.9497448
     10.6601512      1.0225345      0.9555812
     10.6837286      1.0218785      0.9615503
     10.7072735      1.0211642      0.9675961
     10.7307858      1.0204163      0.9736629
     10.7542654      1.0196598      0.9796970
     10.7777122      1.0189195      0.9856473
     10.8011262      1.0182189      0.9914669
     10.8245072      1.0175803      0.9971138
     10.8478553      1.0170244      1.0025519
     10.8711704      1.0165694      1.0077517
     10.8944524      1.0162312      1.0126906
     10.9177011      1.0160228      1.0173539
     10.9409166      1.0159543      1.0217341
     10.9640988      1.0160328      1.0258317
     10.9872476      1.0162620      1.0296544
     11.0103629      1.0166425      1.0332170
     11.0334447      1.0171717      1.0365409
     11.0564928      1.0178441      1.0396533
     11.0795073      1.0186512      1.0425861
     11.1024880      1.0195820      1.0453756
     11.1254349      1.0206232      1.0480609
     11.1483479      1.0217594      1.0506828
     11.1712270      1.0229734      1.0532830
     11.1940720      1.0242469      1.0559027
     11.2168830      1.0255607      1.0585814
     11.2396597      1.0268949      1.0613559
     11.2624023      1.0282298      1.0642593
     11.2851105      1.0295457      1.0673197
     11.3077843      1.0308237      1.0705598
     11.3304237      1.0320461      1.0739958
     11.3530286      1.0331962      1.0776372
     11.3755989      1.0342592      1.0814860
     11.3981345      1.0352223      1.0855366
     11.4206355      1.0360746      1.0897757
     11.4431016      1.0368075      1.0941824
     11.4655329      1.0374149      1.0987284
     11.4879292      1.0378932      1.1033786
     11.5102906      1.0382412      1.1080913
     11.5326169      1.0384601      1.1128193
     11.5549080      1.0385535      1.1175105
     11.5771640      1.0385275      1.1221090
     11.5993847      1.0383898      1.1265560
     11.6215701      1.0381504      1.1307910
     11.6437200      1.0378208      1.1347530
     11.6658345      1.0374139      1.1383814
     11.6879135      1.0369436      1.1416177
     11.7099568      1.0364247      1.1444062
     11.7319645      1.0358727      1.1466950
     11.7539365      1.0353030      1.1484376
     11.7758726      1.0347312      1.1495934
     11.7977729      1.0341721      1.1501284
     11.8196372      1.0336404      1.1500165
     11.8414656      1.0331493      1.1492396
     11.8632578      1.0327113      1.1477878
     11.8850139      1.0323372      1.1456604
     11.9067339      1.0320363      1.1428655
     11.9284175      1.0318165      1.1394199
     11.9500648      1.0316835      1.1353491
     11.9716757      1.0316412      1.1306868
     11.9932502      1.0316918      1.1254747
     12.0147881      1.0318354      1.1197612
     12.0362894      1.0320701      1.1136012
     12.0577540      1.0323923      1.1070551
     12.0791820      1.0327969      1.1001876
     12.1005731      1.0332768      1.0930668
     12.1219273      1.0338237      1.0857634
     12.1432447      1.0344281      1.0783487
     12.1645250      1.0350792      1.0708946
     12.1857683      1.0357656      1.0634715
     12.2069745      1.0364752      1.0561476
     12.2281434      1.0371955      1.0489881
     12.2492752      1.0379140      1.0420534
     12.2703696      1.0386179      1.0353991
     12.2914266      1.0392952      1.0290747
     12.3124462      1.0399340      1.0231227
     12.3334283      1.0405235      1.0175786
     12.3543729      1.0410534      1.0124699
     12.3752798      1.0415149      1.0078163
     12.3961490      1.0419002      1.0036289
     12.4169804      1.0422029      0.9999107
     12.4377740      1.0424179      0.9966566
     12.4585297      1.0425418      0.9938534
     12.4792475      1.0425727      0.9914804
     12.4999273      1.0425102      0.9895101
     12.5205689      1.0423554      0.9879082
     12.5411725      1.0421111      0.9866350
     12.5617378      1.0417814      0.9856457
     12.5822649      1.0413718      0.9848917
     12.6027536      1.0408890      0.9843212
     12.6232040      1.0403408      0.9838803
     12.6436159      1.0397361      0.9835141
     12.6639893      1.0390846      0.9831675
     12.6843241      1.0383966      0.9827863
     12.7046203      1.0376827      0.9823183
     12.7248777      1.0369541      0.9817140
     12.7450964      1.0362219      0.9809277
     12.7652763      1.0354972      0.9799180
     12.7854173      1.0347910      0.9786487
     12.8055194      1.0341135      0.9770894
     12.8255824      1.0334747      0.9752162
     12.8456064      1.0328836      0.9730117
     12.8655912      1.0323485      0.9704655
     12.8855369      1.0318767      0.9675745
     12.9054433      1.0314743      0.9643426
     12.9253104      1.0311464      0.9607810
     12.9451381      1.0308967      0.9569079
     12.9649264      1.0307277      0.9527480
     12.9846752      1.0306405      0.9483322
     13.0043844      1.0306351      0.9436973
     13.0240541      1.0307099      0.9388852
     13.0436840      1.0308624      0.9339422
     13.0632742      1.0310885      0.9289183
     13.0828247      1.0313833      0.9238665
     13.1023352      1.0317407      0.9188418
     13.1218059      1.0321536      0.9139004
     13.1412366      1.0326141      0.9090990
     13.1606273      1.0331136      0.9044935
     13.1799778      1.0336429      0.9001387
     13.1992882      1.0341923      0.8960867
     13.2185585      1.0347518      0.8923870
     13.2377884      1.0353113      0.8890849
     13.2569780      1.0358606      0.8862215
     13.2761273      1.0363895      0.8838323
     13.2952361      1.0368884      0.8819477
     13.3143044      1.0373477      0.8805914
     13.3333321      1.0377584      0.8797810
     13.3523192      1.0381123      0.8795271
     13.3712657      1.0384017      0.8798335
     13.3901714      1.0386199      0.8806967
     13.4090364      1.0387610      0.8821065
     13.4278604      1.0388200      0.8840458
     13.4466436      1.0387932      0.8864908
     13.4653858      1.0386776      0.8894114
     13.4840871      1.0384715      0.8927716
     13.5027472      1.0381743      0.8965302
     13.5213662      1.0377865      0.9006409
     13.5399440      1.0373096      0.9050532
     13.5584806      1.0367463      0.9097134
     13.5769758      1.0361001      0.9145645
     13.5954297      1.0353758      0.9195478
     13.6138422      1.0345786      0.9246032
     13.6322132      1.0337151      0.9296702
     13.6505427      1.0327922      0.9346886
     13.6688306      1.0318176      0.9395993
     13.6870769      1.0307996      0.9443451
     13.7052815      1.0297469      0.9488716
     13.7234443      1.0286685      0.9531274
     13.7415654      1.0275739      0.9570655
     13.7596445      1.0264725      0.9606431
     13.7776818      1.0253737      0.9638229
     13.7956771      1.0242870      0.9665730
     13.8136303      1.0232217      0.9688676
     13.8315415      1.0221866      0.9706871
     13.8494106      1.0211906      0.9720187
     13.8672374      1.0202418      0.9728561
     13.8850221      1.0193478      0.9731998
     13.9027644      1.0185157      0.9730573
     13.9204644      1.0177520      0.9724424
     13.9381219      1.0170624      0.9713757
     13.9557370      1.0164519      0.9698838
     13.9733096      1.0159245      0.9679994
     13.9908397      1.0154837      0.9657605
     14.0083271      1.0151320      0.9632102
     14.0257718      1.0148710      0.9603960
     14.0431739      1.0147016      0.9573695
     14.0605331      1.0146237      0.9541853
     14.0778495      1.0146366      0.9509008
     14.0951231      1.0147384      0.9475752
     14.1123536      1.0149270      0.9442691
     14.1295412      1.0151990      0.9410434
     14.1466858      1.0155509      0.9379588
     14.1637873      1.0159780      0.9350752
     14.1808456      1.0164754      0.9324506
     14.1978607      1.0170377      0.9301408
     14.2148326      1.0176588      0.9281984
     14.2317612      1.0183324      0.9266725
     14.2486464      1.0190519      0.9256079
     14.2654882      1.0198103      0.9250446
     14.2822866      1.0206005      0.9250172
     14.2990415      1.0214154      0.9255548
     14.3157528      1.0222477      0.9266801
     14.3324204      1.0230902      0.9284096
     14.3490445      1.0239358      0.9307530
     14.3656248      1.0247774      0.9337132
     14.3821614      1.0256082      0.9372861
     14.3986541      1.0264218      0.9414606
     14.4151030      1.0272119      0.9462185
     14.4315080      1.0279725      0.9515348
     14.4478690      1.0286983      0.9573777
     14.4641860      1.0293840      0.9637087
     14.4804590      1.0300252      0.9704832
     14.4966878      1.0306176      0.9776507
     14.5128725      1.0311576      0.9851550
     14.5290130      1.0316421      0.9929348
     14.5451092      1.0320685      1.0009242
     14.5611611      1.0324346      1.0090530
     14.5771686      1.0327390      1.0172478
     14.5931318      1.0329806      1.0254317
     14.6090505      1.0331588      1.0335258
     14.6249247      1.0332738      1.0414492
     14.6407543      1.0333258      1.0491197
     14.6565394      1.0333160      1.0564550
     14.6722798      1.0332456      1.0633724
     14.6879755      1.0331166      1.0697903
     14.7036264      1.0329309      1.0756282
     14.7192326      1.0326913      1.0808076
     14.7347939      1.0324005      1.0852526
     14.7503104      1.0320618      1.0888902
     14.7657819      1.0316785      1.0916512
     14.7812084      1.0312543      1.0934704
     14.7965899      1.0307930      1.0942870
     14.8119264      1.0302986      1.0940453
     14.8272177      1.0297751      1.0926951
     14.8424639      1.0292268      1.0901914
     14.8576648      1.0286578      1.0864957
     14.8728205      1.0280724      1.0815753
     14.8879309      1.0274748      1.0754041
     14.9029959      1.0268691      1.0679623
     14.9180155      1.0262595      1.0592370
     14.9329897      1.0256498      1.0492218
     14.9479184      1.0250440      1.0379170
     14.9628016      1.0244457      1.0253295
     14.9776391      1.0238585      1.0114729
     14.9924311      1.0232857      0.9963670
     15.0071774      1.0227304      0.9800379
     15.0218780      1.0221955      0.9625179
     15.0365328      1.0216838      0.9438448
     15.0511418      1.0211977      0.9240620
     15.0657049      1.0207393      0.9032183
     15.0802222      1.0203106      0.8813671
     15.0946935      1.0199134      0.8585664
     15.1091189      1.0195490      0.8348783
     15.1234982      1.0192186      0.8103685
     15.1378315      1.0189232      0.7851062
     15.1521186      1.0186635      0.7591633
     15.1663596      1.0184399      0.7326143
     15.1805544      1.0182527      0.7055356
     15.1947030      1.0181018      0.6780051
     15.2088052      1.0179871      0.6501019
     15.2228612      1.0179081      0.6219059
     15.2368707      1.0178643      0.5934969
     15.2508339      1.0178548      0.5649550
     15.2647506      1.0178788      0.5363595
     15.2786207      1.0179351      0.5077886
