 Results from RMCProfile version 6.7.9.5

 (Version 6f format configuration file)                                          

 2 experiments   3 partials

 Partial g(r)'s are printed out below

   128  3 are NR and NPAR

   r (Ang)
   0.06545     0.00000     0.00000     0.00000
   0.13090     0.00000     0.00000     0.00000
   0.19635     0.00000     0.00000     0.00000
   0.26180     0.00000     0.00000     0.00000
   0.32725     0.00000     0.00000     0.00000
   0.39271     0.00000     0.00000     0.00000
   0.45816     0.00000     0.00000     0.00000
   0.52361     0.00000     0.00000     0.00000
   0.58906     0.00000     0.00000     0.00000
   0.65451     0.00000     0.00000     0.00000
   0.71996     0.00000     0.00000     0.00000
   0.78541     0.00000     0.00000     0.00000
   0.85086     0.00000     0.00000     0.00000
   0.91631     0.00000     0.00000     0.00000
   0.98176     0.00000     0.00000     0.00000
   1.04721     0.00000     0.00000     0.00000
   1.11267     0.00000     0.00000     0.00000
   1.17812     0.00000     0.00000     0.00000
   1.24357     0.00000     0.00000     0.00000
   1.30902     0.00000     0.00000     0.00000
   1.37447     0.00000     0.00000     0.00000
   1.43992     0.00000     2.52536     0.42301
   1.50537     0.00000    10.01246     1.29010
   1.57082     0.00000     8.95981     1.77727
   1.63627     0.00000     8.69205     1.96554
   1.70172     0.00000     7.23274     1.61535
   1.76718     0.00000     6.89326     0.65534
   1.83263     0.00000     0.00000     1.74107
   1.89808     0.00000     0.00000     2.11000
   1.96353     0.00000     0.00000     1.21335
   2.02898     0.00000     0.00000     1.34940
   2.09443     0.00000     0.00000     1.73295
   2.15988     0.00000     0.00000     1.56685
   2.22533     0.00000     0.00000     1.06275
   2.29078     0.00000     0.00000     1.17004
   2.35623     0.00000     0.00000     0.68463
   2.42168     0.00000     0.00000     1.24640
   2.48714     0.00000     0.04703     0.94533
   2.55259     0.00000     0.04465     1.34622
   2.61804     0.00000     0.25467     1.19444
   2.68349     0.00000     0.48480     1.13688
   2.74894     0.00000     0.50049     0.88993
   2.81439     0.00000     0.44075     0.84902
   2.87984     0.27923     0.35079     1.12817
   2.94529     2.00217     0.73782     1.04488
   3.01074     2.29929     0.70609     1.35476
   3.07619     2.69193     0.92232     0.89605
   3.14164     2.22899     0.91376     1.12573
   3.20710     1.80122     0.82028     1.10868
   3.27255     2.27048     0.81496     0.70985
   3.33800     2.18232     0.96609     0.65604
   3.40345     2.09919     1.07999     0.47960
   3.46890     1.34715     0.96709     0.58317
   3.53435     2.03928     0.93160     0.72562
   3.59980     1.34032     0.92049     0.51896
   3.66525     0.86192     0.82294     0.39177
   3.73070     0.66555     0.71070     0.65125
   3.79615     1.04455     0.92867     0.75073
   3.86161     0.62120     1.17060     0.68628
   3.92706     0.82591     1.09417     1.08071
   3.99251     0.79906     0.98559     0.80711
   4.05796     1.12507     1.11306     1.06538
   4.12341     0.68103     1.16356     1.11782
   4.18886     0.79189     1.09432     0.84986
   4.25431     0.95964     0.91624     1.16317
   4.31976     0.93078     1.20051     0.95583
   4.38521     0.66235     0.90775     0.91231
   4.45066     0.87684     1.16030     1.04805
   4.51611     0.90838     1.16971     1.11824
   4.58157     0.82745     0.90091     1.17010
   4.64702     0.91155     1.33377     0.89365
   4.71247     0.78212     1.23148     0.96117
   4.77792     0.76084     1.24895     1.08871
   4.84337     0.88850     1.00458     0.93484
   4.90882     0.52859     1.11078     0.94648
   4.97427     1.07634     0.94065     1.02809
   5.03972     1.04856     0.95074     0.95552
   5.10517     1.02185     1.02698     0.89752
   5.17062     1.03945     0.96850     0.96243
   5.23607     1.14033     0.89138     0.99185
   5.30153     0.90636     0.83846     1.11315
   5.36698     1.24618     0.93933     0.95421
   5.43243     0.66702     0.83797     0.99080
   5.49788     0.99601     0.97214     0.88029
   5.56333     0.89789     0.85540     1.13367
   5.62878     0.69439     1.05601     1.15360
   5.69423     0.99993     1.06776     1.04607
   5.75968     0.69809     0.89454     1.02243
   5.82513     1.02374     1.00316     0.98235
   5.89058     1.03449     0.81330     1.13761
   5.95604     1.27301     1.04977     1.03032
   6.02149     1.34129     1.00300     0.96772
   6.08694     0.87507     1.02081     0.90756
   6.15239     1.00950     0.86085     0.84973
   6.21784     1.13811     0.83530     1.00588
   6.28329     0.90922     0.96537     0.99985
   6.34874     1.26403     1.00332     0.92131
   6.41419     1.21022     1.03952     1.00921
   6.47964     1.15832     0.94240     1.04463
   6.54509     1.21636     0.93723     0.90098
   6.61054     1.05991     1.06523     0.94345
   6.67600     0.93530     1.07056     0.78071
   6.74145     1.09558     1.01146     1.06802
   6.80690     0.82470     0.96071     0.97816
   6.87235     0.73552     0.88706     1.02772
   6.93780     1.03444     0.88249     0.95374
   7.00325     1.29851     1.09742     0.97177
   7.06870     0.83427     1.00149     1.12356
   7.13415     0.86453     0.92604     0.92495
   7.19960     0.84888     1.01031     1.02103
   7.26505     0.85560     1.03629     0.92516
   7.33050     0.99123     1.05576     0.88150
   7.39596     0.84675     0.93078     0.95684
   7.46141     0.99835     1.03995     0.85084
   7.52686     0.79711     1.08356     1.07352
   7.59231     1.14501     1.09525     0.89785
   7.65776     1.00705     0.93769     0.98229
   7.72321     1.10653     0.93649     0.96081
   7.78866     0.95439     0.98796     0.99293
   7.85411     0.93855     0.98100     1.09021
   7.91956     0.88618     0.96485     1.00700
   7.98501     0.98067     1.12249     1.10979
   8.05046     1.01839     0.95617     1.01963
   8.11592     1.16025     1.04241     1.03877
   8.18137     0.93417     0.99971     1.03532
   8.24682     1.02155     1.07374     1.13073
   8.31227     1.02229     0.98532     1.09184
   8.37772     1.00638     0.93682     1.01235

 Partial S(Q)'s are printed out below

   611  3 are NQ and NPAR

      Q          S(Q)_1      S(Q)_2      S(Q)_3
  0.4682470    -2.5769952     0.4059234    -1.1025363
  0.4982822    -2.4898783     0.5111026    -0.9710351
  0.5283159    -2.4125471     0.6121702    -0.8354127
  0.5583480    -2.3454424     0.7079746    -0.6981766
  0.5883784    -2.2886369     0.7974989    -0.5620005
  0.6184069    -2.2418511     0.8798832    -0.4296149
  0.6484336    -2.2044819     0.9544431    -0.3036920
  0.6784584    -2.1756425     1.0206846    -0.1867302
  0.7084810    -2.1542103     1.0783143    -0.0809449
  0.7385015    -2.1388829     1.1272452     0.0118291
  0.7685198    -2.1282383     1.1675965     0.0902179
  0.7985357    -2.1207967     1.1996878     0.1533665
  0.8285491    -2.1150829     1.2240282     0.2009738
  0.8585601    -2.1096844     1.2412986     0.2332985
  0.8885684    -2.1033050     1.2523298     0.2511397
  0.9185740    -2.0948103     1.2580749     0.2557903
  0.9485769    -2.0832637     1.2595782     0.2489659
  0.9785768    -2.0679520     1.2579402     0.2327142
  1.0085738    -2.0483989     1.2542804     0.2093083
  1.0385677    -2.0243667     1.2496995     0.1811296
  1.0685584    -1.9958458     1.2452411     0.1505465
  1.0985458    -1.9630333     1.2418546     0.1197961
  1.1285300    -1.9263015     1.2403616     0.0908735
  1.1585106    -1.8861581     1.2414248     0.0654350
  1.1884878    -1.8431998     1.2455234     0.0447215
  1.2184613    -1.7980630     1.2529327     0.0295036
  1.2484312    -1.7513720     1.2637119     0.0200532
  1.2783972    -1.7036892     1.2776981     0.0161421
  1.3083593    -1.6554690     1.2945085     0.0170674
  1.3383174    -1.6070184     1.3135501     0.0217021
  1.3682715    -1.5584650     1.3340364     0.0285695
  1.3982214    -1.5097367     1.3550115     0.0359344
  1.4281670    -1.4605515     1.3753805     0.0419096
  1.4581083    -1.4104208     1.3939442     0.0445692
  1.4880452    -1.3586643     1.4094386     0.0420643
  1.5179775    -1.3044374     1.4205771     0.0327339
  1.5479052    -1.2467697     1.4260932     0.0152066
  1.5778281    -1.1846128     1.4247835    -0.0115141
  1.6077463    -1.1168955     1.4155484    -0.0479843
  1.6376596    -1.0425844     1.3974305    -0.0942763
  1.6675679    -0.9607465     1.3696470    -0.1499622
  1.6974711    -0.8706114     1.3316178    -0.2141224
  1.7273691    -0.7716290     1.2829864    -0.2853799
  1.7572618    -0.6635224     1.2236329    -0.3619586
  1.7871493    -0.5463296     1.1536804    -0.4417618
  1.8170312    -0.4204357     1.0734929    -0.5224665
  1.8469077    -0.2865899     0.9836657    -0.6016298
  1.8767785    -0.1459093     0.8850081    -0.6768009
  1.9066436     0.0001330     0.7785207    -0.7456324
  1.9365029     0.1497358     0.6653662    -0.8059869
  1.9663562     0.3008111     0.5468358    -0.8560325
  1.9962036     0.4510403     0.4243135    -0.8943220
  2.0260449     0.5979403     0.2992370    -0.9198533
  2.0558801     0.7389393     0.1730595    -0.9321079
  2.0857090     0.8714593     0.0472121    -0.9310645
  2.1155315     0.9930001    -0.0769319    -0.9171904
  2.1453476     1.1012240    -0.1980889    -0.8914076
  2.1751571     1.1940362    -0.3150923    -0.8550401
  2.2049601     1.2696579    -0.4269159    -0.8097417
  2.2347563     1.3266896    -0.5326896    -0.7574109
  2.2645457     1.3641616    -0.6317110    -0.7000960
  2.2943282     1.3815693    -0.7234499    -0.6398969
  2.3241037     1.3788923    -0.8075472    -0.5788662
  2.3538721     1.3565967    -0.8838086    -0.5189179
  2.3836334     1.3156196    -0.9521931    -0.4617454
  2.4133874     1.2573365    -1.0127979    -0.4087535
  2.4431340     1.1835148    -1.0658397    -0.3610088
  2.4728732     1.0962517    -1.1116343    -0.3192078
  2.5026049     0.9979027    -1.1505748    -0.2836667
  2.5323289     0.8910012    -1.1831094    -0.2543302
  2.5620453     0.7781732    -1.2097199    -0.2308001
  2.5917538     0.6620505    -1.2309024    -0.2123801
  2.6214544     0.5451863    -1.2471489    -0.1981349
  2.6511471     0.4299749    -1.2589332    -0.1869595
  2.6808317     0.3185810    -1.2666982    -0.1776543
  2.7105081     0.2128790    -1.2708478    -0.1690026
  2.7401762     0.1144059    -1.2717412    -0.1598457
  2.7698360     0.0243283    -1.2696908    -0.1491516
  2.7994874    -0.0565738    -1.2649629    -0.1360738
  2.8291302    -0.1279087    -1.2577799    -0.1199974
  2.8587645    -0.1896579    -1.2483258    -0.1005709
  2.8883900    -0.2421475    -1.2367522    -0.0777208
  2.9180067    -0.2860062    -1.2231847    -0.0516509
  2.9476145    -0.3221127    -1.2077305    -0.0228251
  2.9772134    -0.3515354    -1.1904848     0.0080643
  3.0068031    -0.3754660    -1.1715368     0.0401402
  3.0363838    -0.3951522    -1.1509743     0.0723939
  3.0659551    -0.4118292    -1.1288873     0.1037448
  3.0955172    -0.4266571    -1.1053698     0.1331029
  3.1250698    -0.4406628    -1.0805196     0.1594300
  3.1546128    -0.4546918    -1.0544376     0.1817976
  3.1841463    -0.4693700    -1.0272250     0.1994373
  3.2136701    -0.4850776    -0.9989797     0.2117806
  3.2431841    -0.5019361    -0.9697922     0.2184884
  3.2726882    -0.5198080    -0.9397412     0.2194665
  3.3021823    -0.5383092    -0.9088891     0.2148673
  3.3316664    -0.5568336    -0.8772783     0.2050790
  3.3611403    -0.5745874    -0.8449280     0.1907017
  3.3906040    -0.5906328    -0.8118327     0.1725134
  3.4200574    -0.6039378    -0.7779614     0.1514266
  3.4495003    -0.6134298    -0.7432586     0.1284397
  3.4789327    -0.6180510    -0.7076474     0.1045848
  3.5083546    -0.6168133    -0.6710329     0.0808755
  3.5377657    -0.6088490    -0.6333081     0.0582575
  3.5671661    -0.5934570    -0.5943604     0.0375643
  3.5965556    -0.5701405    -0.5540786     0.0194803
  3.6259341    -0.5386366    -0.5123613     0.0045142
  3.6553016    -0.4989356    -0.4691243    -0.0070178
  3.6846580    -0.4512895    -0.4243087    -0.0149976
  3.7140032    -0.3962096    -0.3778872    -0.0194988
  3.7433370    -0.3344539    -0.3298708    -0.0207707
  3.7726594    -0.2670045    -0.2803127    -0.0192127
  3.8019704    -0.1950360    -0.2293116    -0.0153409
  3.8312697    -0.1198771    -0.1770126    -0.0097496
  3.8605574    -0.0429668    -0.1236071    -0.0030701
  3.8898333     0.0341936    -0.0693301     0.0040720
  3.9190974     0.1100897    -0.0144561     0.0110965
  3.9483496     0.1832426     0.0407066     0.0175051
  3.9775897     0.2522557     0.0958224     0.0229108
  4.0068177     0.3158572     0.1505369     0.0270602
  4.0360334     0.3729373     0.2044851     0.0298467
  4.0652369     0.4225782     0.2573003     0.0313138
  4.0944281     0.4640770     0.3086232     0.0316493
  4.1236067     0.4969595     0.3581101     0.0311701
  4.1527728     0.5209865     0.4054407     0.0302992
  4.1819262     0.5361512     0.4503247     0.0295359
  4.2110669     0.5426683     0.4925078     0.0294212
  4.2401947     0.5409571     0.5317754     0.0305005
  4.2693097     0.5316172     0.5679556     0.0332860
  4.2984116     0.5154001     0.6009209     0.0382200
  4.3275005     0.4931767     0.6305875     0.0456426
  4.3565761     0.4659027     0.6569147     0.0557648
  4.3856385     0.4345832     0.6799018     0.0686485
  4.4146876     0.4002377     0.6995855     0.0841946
  4.4437232     0.3638668     0.7160351     0.1021409
  4.4727452     0.3264218     0.7293488     0.1220674
  4.5017536     0.2887787     0.7396479     0.1434122
  4.5307483     0.2517157     0.7470731     0.1654939
  4.5597293     0.2158967     0.7517788     0.1875416
  4.5886963     0.1818598     0.7539297     0.2087298
  4.6176493     0.1500110     0.7536961     0.2282164
  4.6465883     0.1206238     0.7512513     0.2451832
  4.6755131     0.0938428     0.7467680     0.2588741
  4.7044237     0.0696923     0.7404168     0.2686320
  4.7333199     0.0480891     0.7323641     0.2739308
  4.7622018     0.0288569     0.7227707     0.2744009
  4.7910691     0.0117444     0.7117916     0.2698482
  4.8199218    -0.0035561     0.6995746     0.2602642
  4.8487599    -0.0173891     0.6862606     0.2458275
  4.8775831    -0.0301165     0.6719830     0.2268970
  4.9063916    -0.0420996     0.6568675     0.2039964
  4.9351850    -0.0536817     0.6410316     0.1777913
  4.9639635    -0.0651734     0.6245846     0.1490606
  4.9927268    -0.0768401     0.6076266     0.1186621
  5.0214749    -0.0888920     0.5902482     0.0874956
  5.0502077    -0.1014771     0.5725293     0.0564652
  5.0789252    -0.1146771     0.5545388     0.0264407
  5.1076271    -0.1285057     0.5363339    -0.0017773
  5.1363135    -0.1429101     0.5179591    -0.0274889
  5.1649843    -0.1577743     0.4994459    -0.0501214
  5.1936393    -0.1729252     0.4808130    -0.0692488
  5.2222785    -0.1881396     0.4620662    -0.0846044
  5.2509018    -0.2031532     0.4431991    -0.0960857
  5.2795091    -0.2176708     0.4241939    -0.1037519
  5.3081003    -0.2313762     0.4050231    -0.1078138
  5.3366753    -0.2439434     0.3856515    -0.1086173
  5.3652341    -0.2550472     0.3660378    -0.1066211
  5.3937766    -0.2643735     0.3461374    -0.1023703
  5.4223026    -0.2716288     0.3259051    -0.0964670
  5.4508121    -0.2765495     0.3052977    -0.0895390
  5.4793050    -0.2789091     0.2842765    -0.0822093
  5.5077812    -0.2785251     0.2628102    -0.0750662
  5.5362406    -0.2752639     0.2408768    -0.0686372
  5.5646832    -0.2690452     0.2184654    -0.0633663
  5.5931088    -0.2598436     0.1955777    -0.0595966
  5.6215173    -0.2476905     0.1722290    -0.0575582
  5.6499088    -0.2326729     0.1484480    -0.0573625
  5.6782830    -0.2149324     0.1242771    -0.0590020
  5.7066400    -0.1946620     0.0997712    -0.0623567
  5.7349795    -0.1721020     0.0749962    -0.0672047
  5.7633016    -0.1475353     0.0500278    -0.0732386
  5.7916061    -0.1212809     0.0249492    -0.0800840
  5.8198930    -0.0936881    -0.0001511    -0.0873222
  5.8481622    -0.0651285    -0.0251817    -0.0945126
  5.8764135    -0.0359892    -0.0500500    -0.1012165
  5.9046470    -0.0066646    -0.0746650    -0.1070194
  5.9328624     0.0224511    -0.0989383    -0.1115512
  5.9610598     0.0509716    -0.1227857    -0.1145034
  5.9892391     0.0785258    -0.1461284    -0.1156432
  6.0174000     0.1047642    -0.1688933    -0.1148229
  6.0455427     0.1293656    -0.1910127    -0.1119847
  6.0736669     0.1520416    -0.2124246    -0.1071614
  6.1017727     0.1725419    -0.2330716    -0.1004724
  6.1298598     0.1906570    -0.2528997    -0.0921156
  6.1579283     0.2062211    -0.2718579    -0.0823564
  6.1859780     0.2191129    -0.2898962    -0.0715130
  6.2140089     0.2292567    -0.3069654    -0.0599408
  6.2420208     0.2366207    -0.3230157    -0.0480146
  6.2700138     0.2412159    -0.3379964    -0.0361114
  6.2979876     0.2430934    -0.3518559    -0.0245935
  6.3259422     0.2423408    -0.3645424    -0.0137928
  6.3538776     0.2390785    -0.3760041    -0.0039980
  6.3817936     0.2334554    -0.3861916     0.0045567
  6.4096902     0.2256439    -0.3950593     0.0116991
  6.4375673     0.2158352    -0.4025677     0.0173232
  6.4654247     0.2042346    -0.4086863     0.0213905
  6.4932625     0.1910569    -0.4133963     0.0239278
  6.5210805     0.1765218    -0.4166933     0.0250221
  6.5488786     0.1608504    -0.4185898     0.0248128
  6.5766567     0.1442616    -0.4191175     0.0234822
  6.6044148     0.1269692    -0.4183288     0.0212438
  6.6321529     0.1091802    -0.4162979     0.0183306
  6.6598707     0.0910923    -0.4131207     0.0149826
  6.6875682     0.0728937    -0.4089142     0.0114345
  6.7152453     0.0547617    -0.4038145     0.0079050
  6.7429020     0.0368633    -0.3979740     0.0045870
  6.7705382     0.0193545    -0.3915577     0.0016399
  6.7981537     0.0023812    -0.3847385    -0.0008163
  6.8257485    -0.0139205    -0.3776921    -0.0027041
  6.8533225    -0.0294244    -0.3705910    -0.0039898
  6.8808757    -0.0440130    -0.3635982    -0.0046820
  6.9084079    -0.0575784    -0.3568615    -0.0048284
  6.9359190    -0.0700219    -0.3505068    -0.0045108
  6.9634090    -0.0812545    -0.3446334    -0.0038380
  6.9908778    -0.0911980    -0.3393088    -0.0029385
  7.0183253    -0.0997858    -0.3345651    -0.0019521
  7.0457515    -0.1069645    -0.3303963    -0.0010211
  7.0731561    -0.1126950    -0.3267574    -0.0002825
  7.1005393    -0.1169546    -0.3235646     0.0001403
  7.1279008    -0.1197383    -0.3206971     0.0001436
  7.1552405    -0.1210602    -0.3180003    -0.0003510
  7.1825585    -0.1209550    -0.3152909    -0.0013925
  7.2098546    -0.1194785    -0.3123628    -0.0029987
  7.2371288    -0.1167079    -0.3089944    -0.0051553
  7.2643809    -0.1127420    -0.3049562    -0.0078167
  7.2916108    -0.1076998    -0.3000200    -0.0109088
  7.3188186    -0.1017192    -0.2939672    -0.0143324
  7.3460040    -0.0949545    -0.2865977    -0.0179684
  7.3731671    -0.0875737    -0.2777378    -0.0216831
  7.4003078    -0.0797545    -0.2672480    -0.0253346
  7.4274258    -0.0716807    -0.2550290    -0.0287788
  7.4545213    -0.0635371    -0.2410268    -0.0318759
  7.4815940    -0.0555051    -0.2252358    -0.0344958
  7.5086440    -0.0477575    -0.2077009    -0.0365238
  7.5356711    -0.0404537    -0.1885168    -0.0378644
  7.5626752    -0.0337352    -0.1678263    -0.0384448
  7.5896563    -0.0277215    -0.1458166    -0.0382173
  7.6166143    -0.0225061    -0.1227137    -0.0371605
  7.6435491    -0.0181545    -0.0987756    -0.0352788
  7.6704605    -0.0147014    -0.0742844    -0.0326021
  7.6973487    -0.0121505    -0.0495378    -0.0291833
  7.7242133    -0.0104744    -0.0248388    -0.0250961
  7.7510545    -0.0096154    -0.0004873    -0.0204310
  7.7778720    -0.0094883     0.0232302    -0.0152922
  7.8046659    -0.0099833     0.0460488    -0.0097929
  7.8314359    -0.0109700     0.0677335    -0.0040518
  7.8581822    -0.0123022     0.0880854     0.0018111
  7.8849044    -0.0138232     0.1069478     0.0076784
  7.9116027    -0.0153716     0.1242093     0.0134383
  7.9382768    -0.0167869     0.1398059     0.0189876
  7.9649268    -0.0179154     0.1537214     0.0242336
  7.9915525    -0.0186157     0.1659855     0.0290965
  8.0181539    -0.0187636     0.1766711     0.0335095
  8.0447308    -0.0182566     0.1858890     0.0374203
  8.0712833    -0.0170169     0.1937823     0.0407901
  8.0978111    -0.0149948     0.2005191     0.0435942
  8.1243143    -0.0121695     0.2062847     0.0458201
  8.1507928    -0.0085499     0.2112737     0.0474674
  8.1772464    -0.0041738     0.2156813     0.0485459
  8.2036751     0.0008937     0.2196956     0.0490746
  8.2300788     0.0065626     0.2234899     0.0490802
  8.2564574     0.0127219     0.2272164     0.0485960
  8.2828109     0.0192434     0.2310001     0.0476605
  8.3091392     0.0259867     0.2349355     0.0463163
  8.3354421     0.0328037     0.2390830     0.0446096
  8.3617197     0.0395444     0.2434678     0.0425890
  8.3879717     0.0460613     0.2480805     0.0403050
  8.4141983     0.0522147     0.2528784     0.0378097
  8.4403992     0.0578767     0.2577886     0.0351560
  8.4665744     0.0629350     0.2627124     0.0323972
  8.4927238     0.0672960     0.2675307     0.0295869
  8.5188473     0.0708869     0.2721094     0.0267779
  8.5449449     0.0736571     0.2763067     0.0240220
  8.5710164     0.0755782     0.2799790     0.0213694
  8.5970619     0.0766441     0.2829882     0.0188673
  8.6230811     0.0768693     0.2852074     0.0165595
  8.6490741     0.0762869     0.2865268     0.0144853
  8.6750407     0.0749462     0.2868586     0.0126781
  8.7009810     0.0729091     0.2861408     0.0111646
  8.7268947     0.0702474     0.2843397     0.0099638
  8.7527818     0.0670384     0.2814516     0.0090860
  8.7786422     0.0633621     0.2775029     0.0085318
  8.8044760     0.0592972     0.2725489     0.0082921
  8.8302829     0.0549186     0.2666722     0.0083472
  8.8560629     0.0502946     0.2599786     0.0086674
  8.8818159     0.0454848     0.2525937     0.0092133
  8.9075419     0.0405391     0.2446576     0.0099366
  8.9332407     0.0354968     0.2363198     0.0107811
  8.9589123     0.0303864     0.2277334     0.0116849
  8.9845567     0.0252269     0.2190495     0.0125815
  9.0101736     0.0200287     0.2104117     0.0134029
  9.0357631     0.0147953     0.2019514     0.0140811
  9.0613251     0.0095261     0.1937825     0.0145514
  9.0868595     0.0042184     0.1859987     0.0147544
  9.1123662    -0.0011298     0.1786699     0.0146388
  9.1378452    -0.0065168     0.1718407     0.0141638
  9.1632963    -0.0119354     0.1655297     0.0133005
  9.1887195    -0.0173700     0.1597294     0.0120344
  9.2141147    -0.0227952     0.1544076     0.0103660
  9.2394819    -0.0281747     0.1495094     0.0083117
  9.2648209    -0.0334603     0.1449602     0.0059038
  9.2901317    -0.0385926     0.1406694     0.0031904
  9.3154141    -0.0435013     0.1365344     0.0002336
  9.3406683    -0.0481069     0.1324449    -0.0028914
  9.3658939    -0.0523230     0.1282880    -0.0060990
  9.3910910    -0.0560589     0.1239520    -0.0092957
  9.4162595    -0.0592229     0.1193315    -0.0123829
  9.4413994    -0.0617258     0.1143310    -0.0152608
  9.4665104    -0.0634849     0.1088684    -0.0178310
  9.4915927    -0.0644280     0.1028778    -0.0200009
  9.5166460    -0.0644966     0.0963119    -0.0216863
  9.5416703    -0.0636501     0.0891429    -0.0228152
  9.5666656    -0.0618680     0.0813636    -0.0233302
  9.5916317    -0.0591534     0.0729864    -0.0231911
  9.6165686    -0.0555339     0.0640433    -0.0223766
  9.6414762    -0.0510628     0.0545831    -0.0208857
  9.6663545    -0.0458194     0.0446701    -0.0187380
  9.6912033    -0.0399075     0.0343808    -0.0159737
  9.7160225    -0.0334545     0.0238009    -0.0126527
  9.7408122    -0.0266077     0.0130220    -0.0088529
  9.7655722    -0.0195315     0.0021383    -0.0046686
  9.7903025    -0.0124028    -0.0087567    -0.0002069
  9.8150029    -0.0054060    -0.0195735     0.0044147
  9.8396735     0.0012722    -0.0302293     0.0090722
  9.8643140     0.0074485    -0.0406504     0.0136388
  9.8889245     0.0129488    -0.0507741     0.0179888
  9.9135049     0.0176138    -0.0605502     0.0220015
  9.9380551     0.0213042    -0.0699414     0.0255647
  9.9625751     0.0239061    -0.0789240     0.0285783
  9.9870646     0.0253346    -0.0874871     0.0309573
 10.0115238     0.0255377    -0.0956320     0.0326343
 10.0359524     0.0244983    -0.1033705     0.0335616
 10.0603505     0.0222362    -0.1107235     0.0337122
 10.0847180     0.0188080    -0.1177186     0.0330807
 10.1090547     0.0143065    -0.1243881     0.0316834
 10.1333606     0.0088585    -0.1307663     0.0295573
 10.1576357     0.0026221    -0.1368875     0.0267590
 10.1818798    -0.0042175    -0.1427836     0.0233626
 10.2060929    -0.0114530    -0.1484820     0.0194575
 10.2302749    -0.0188608    -0.1540039     0.0151452
 10.2544257    -0.0262067    -0.1593628     0.0105366
 10.2785453    -0.0332533    -0.1645639     0.0057481
 10.3026336    -0.0397663    -0.1696029     0.0008984
 10.3266906    -0.0455218    -0.1744665    -0.0038951
 10.3507160    -0.0503123    -0.1791325    -0.0085197
 10.3747099    -0.0539537    -0.1835704    -0.0128703
 10.3986723    -0.0562899    -0.1877431    -0.0168525
 10.4226029    -0.0571984    -0.1916076    -0.0203849
 10.4465018    -0.0565937    -0.1951177    -0.0234010
 10.4703689    -0.0544304    -0.1982250    -0.0258506
 10.4942041    -0.0507044    -0.2008818    -0.0277008
 10.5180073    -0.0454539    -0.2030423    -0.0289363
 10.5417785    -0.0387582    -0.2046655    -0.0295592
 10.5655175    -0.0307364    -0.2057163    -0.0295881
 10.5892244    -0.0215436    -0.2061675    -0.0290573
 10.6128990    -0.0113676    -0.2060011    -0.0280146
 10.6365413    -0.0004235    -0.2052093    -0.0265200
 10.6601512     0.0110517    -0.2037949    -0.0246430
 10.6837286     0.0228057    -0.2017721    -0.0224602
 10.7072735     0.0345772    -0.1991657    -0.0200532
 10.7307858     0.0461032    -0.1960111    -0.0175055
 10.7542654     0.0571257    -0.1923529    -0.0149002
 10.7777122     0.0673985    -0.1882440    -0.0123179
 10.8011262     0.0766934    -0.1837440    -0.0098342
 10.8245072     0.0848061    -0.1789174    -0.0075181
 10.8478553     0.0915617    -0.1738317    -0.0054302
 10.8711704     0.0968181    -0.1685551    -0.0036213
 10.8944524     0.1004703    -0.1631552    -0.0021323
 10.9177011     0.1024519    -0.1576963    -0.0009926
 10.9409166     0.1027369    -0.1522380    -0.0002208
 10.9640988     0.1013393    -0.1468334     0.0001756
 10.9872476     0.0983127    -0.1415277     0.0001994
 11.0103629     0.0937478    -0.1363571    -0.0001370
 11.0334447     0.0877700    -0.1313480    -0.0008125
 11.0564928     0.0805349    -0.1265166    -0.0017986
 11.0795073     0.0722245    -0.1218689    -0.0030609
 11.1024880     0.0630414    -0.1174007    -0.0045602
 11.1254349     0.0532038    -0.1130985    -0.0062541
 11.1483479     0.0429390    -0.1089402    -0.0080988
 11.1712270     0.0324779    -0.1048965    -0.0100497
 11.1940720     0.0220486    -0.1009321    -0.0120633
 11.2168830     0.0118713    -0.0970076    -0.0140981
 11.2396597     0.0021520    -0.0930808    -0.0161156
 11.2624023    -0.0069216    -0.0891090    -0.0180807
 11.2851105    -0.0151848    -0.0850502    -0.0199628
 11.3077843    -0.0224994    -0.0808653    -0.0217359
 11.3304237    -0.0287564    -0.0765192    -0.0233786
 11.3530286    -0.0338782    -0.0719827    -0.0248746
 11.3755989    -0.0378190    -0.0672335    -0.0262117
 11.3981345    -0.0405660    -0.0622567    -0.0273822
 11.4206355    -0.0421376    -0.0570464    -0.0283824
 11.4431016    -0.0425827    -0.0516048    -0.0292116
 11.4655329    -0.0419781    -0.0459436    -0.0298719
 11.4879292    -0.0404256    -0.0400825    -0.0303676
 11.5102906    -0.0380485    -0.0340494    -0.0307043
 11.5326169    -0.0349878    -0.0278795    -0.0308889
 11.5549080    -0.0313974    -0.0216138    -0.0309285
 11.5771640    -0.0274400    -0.0152984    -0.0308300
 11.5993847    -0.0232825    -0.0089828    -0.0306004
 11.6215701    -0.0190909    -0.0027182    -0.0302457
 11.6437200    -0.0150264     0.0034436    -0.0297712
 11.6658345    -0.0112408     0.0094522    -0.0291813
 11.6879135    -0.0078731     0.0152599    -0.0284796
 11.7099568    -0.0050457     0.0208233    -0.0276691
 11.7319645    -0.0028617     0.0261043    -0.0267519
 11.7539365    -0.0014028     0.0310717    -0.0257301
 11.7758726    -0.0007276     0.0357017    -0.0246058
 11.7977729    -0.0008704     0.0399787    -0.0233813
 11.8196372    -0.0018414     0.0438957    -0.0220594
 11.8414656    -0.0036264     0.0474545    -0.0206440
 11.8632578    -0.0061880     0.0506657    -0.0191401
 11.8850139    -0.0094672     0.0535479    -0.0175538
 11.9067339    -0.0133853     0.0561275    -0.0158931
 11.9284175    -0.0178461     0.0584378    -0.0141673
 11.9500648    -0.0227391     0.0605177    -0.0123873
 11.9716757    -0.0279424     0.0624109    -0.0105656
 11.9932502    -0.0333257     0.0641640    -0.0087159
 12.0147881    -0.0387544     0.0658258    -0.0068530
 12.0362894    -0.0440919     0.0674453    -0.0049924
 12.0577540    -0.0492042     0.0690704    -0.0031503
 12.0791820    -0.0539620     0.0707465    -0.0013425
 12.1005731    -0.0582441     0.0725153     0.0004155
 12.1219273    -0.0619402     0.0744132     0.0021091
 12.1432447    -0.0649530     0.0764709     0.0037249
 12.1645250    -0.0672002     0.0787117     0.0052515
 12.1857683    -0.0686162     0.0811515     0.0066796
 12.2069745    -0.0691527     0.0837978     0.0080023
 12.2281434    -0.0687801     0.0866498     0.0092155
 12.2492752    -0.0674870     0.0896984     0.0103182
 12.2703696    -0.0652804     0.0929261     0.0113121
 12.2914266    -0.0621849     0.0963076     0.0122022
 12.3124462    -0.0582418     0.0998106     0.0129963
 12.3334283    -0.0535078     0.1033963     0.0137050
 12.3543729    -0.0480531     0.1070204     0.0143414
 12.3752798    -0.0419597     0.1106345     0.0149207
 12.3961490    -0.0353198     0.1141870     0.0154598
 12.4169804    -0.0282327     0.1176244     0.0159766
 12.4377740    -0.0208034     0.1208926     0.0164897
 12.4585297    -0.0131399     0.1239384     0.0170178
 12.4792475    -0.0053513     0.1267104     0.0175790
 12.4999273     0.0024548     0.1291607     0.0181903
 12.5205689     0.0101739     0.1312454     0.0188668
 12.5411725     0.0177065     0.1329260     0.0196216
 12.5617378     0.0249598     0.1341703     0.0204649
 12.5822649     0.0318493     0.1349528     0.0214039
 12.6027536     0.0382996     0.1352554     0.0224422
 12.6232040     0.0442455     0.1350679     0.0235799
 12.6436159     0.0496326     0.1343878     0.0248131
 12.6639893     0.0544179     0.1332207     0.0261343
 12.6843241     0.0585694     0.1315799     0.0275320
 12.7046203     0.0620665     0.1294858     0.0289912
 12.7248777     0.0648995     0.1269660     0.0304938
 12.7450964     0.0670691     0.1240542     0.0320184
 12.7652763     0.0685853     0.1207893     0.0335416
 12.7854173     0.0694673     0.1172152     0.0350377
 12.8055194     0.0697418     0.1133789     0.0364797
 12.8255824     0.0694424     0.1093304     0.0378401
 12.8456064     0.0686081     0.1051212     0.0390911
 12.8655912     0.0672825     0.1008031     0.0402056
 12.8855369     0.0655127     0.0964279     0.0411578
 12.9054433     0.0633476     0.0920454     0.0419235
 12.9253104     0.0608376     0.0877035     0.0424813
 12.9451381     0.0580332     0.0834465     0.0428125
 12.9649264     0.0549839     0.0793150     0.0429020
 12.9846752     0.0517380     0.0753448     0.0427385
 13.0043844     0.0483415     0.0715667     0.0423148
 13.0240541     0.0448373     0.0680058     0.0416278
 13.0436840     0.0412656     0.0646816     0.0406792
 13.0632742     0.0376627     0.0616072     0.0394749
 13.0828247     0.0340612     0.0587902     0.0380249
 13.1023352     0.0304899     0.0562319     0.0363435
 13.1218059     0.0269739     0.0539280     0.0344490
 13.1412366     0.0235342     0.0518690     0.0323627
 13.1606273     0.0201887     0.0500401     0.0301092
 13.1799778     0.0169517     0.0484223     0.0277155
 13.1992882     0.0138345     0.0469926     0.0252106
 13.2185585     0.0108460     0.0457247     0.0226247
 13.2377884     0.0079925     0.0445896     0.0199889
 13.2569780     0.0052783     0.0435566     0.0173343
 13.2761273     0.0027062     0.0425934     0.0146917
 13.2952361     0.0002778     0.0416675     0.0120907
 13.3143044    -0.0020064     0.0407463     0.0095595
 13.3333321    -0.0041465     0.0397981     0.0071238
 13.3523192    -0.0061432     0.0387924     0.0048072
 13.3712657    -0.0079973     0.0377007     0.0026301
 13.3901714    -0.0097098     0.0364969     0.0006098
 13.4090364    -0.0112816     0.0351578    -0.0012398
 13.4278604    -0.0127138     0.0336633    -0.0029087
 13.4466436    -0.0140073     0.0319967    -0.0043903
 13.4653858    -0.0151630     0.0301451    -0.0056816
 13.4840871    -0.0161820     0.0280993    -0.0067835
 13.5027472    -0.0170655     0.0258539    -0.0077000
 13.5213662    -0.0178152     0.0234073    -0.0084385
 13.5399440    -0.0184329     0.0207617    -0.0090092
 13.5584806    -0.0189214     0.0179228    -0.0094247
 13.5769758    -0.0192842     0.0148997    -0.0097000
 13.5954297    -0.0195254     0.0117046    -0.0098518
 13.6138422    -0.0196504     0.0083522    -0.0098978
 13.6322132    -0.0196657     0.0048602    -0.0098570
 13.6505427    -0.0195790     0.0012479    -0.0097485
 13.6688306    -0.0193993    -0.0024636    -0.0095913
 13.6870769    -0.0191366    -0.0062516    -0.0094043
 13.7052815    -0.0188024    -0.0100929    -0.0092050
 13.7234443    -0.0184093    -0.0139635    -0.0090102
 13.7415654    -0.0179709    -0.0178394    -0.0088347
 13.7596445    -0.0175017    -0.0216968    -0.0086918
 13.7776818    -0.0170168    -0.0255123    -0.0085926
 13.7956771    -0.0165320    -0.0292635    -0.0085459
 13.8136303    -0.0160633    -0.0329294    -0.0085585
 13.8315415    -0.0156266    -0.0364900    -0.0086346
 13.8494106    -0.0152375    -0.0399272    -0.0087760
 13.8672374    -0.0149110    -0.0432245    -0.0089825
 13.8850221    -0.0146614    -0.0463676    -0.0092513
 13.9027644    -0.0145015    -0.0493439    -0.0095778
 13.9204644    -0.0144430    -0.0521431    -0.0099557
 13.9381219    -0.0144954    -0.0547569    -0.0103769
 13.9557370    -0.0146665    -0.0571793    -0.0108320
 13.9733096    -0.0149620    -0.0594062    -0.0113106
 13.9908397    -0.0153850    -0.0614354    -0.0118014
 14.0083271    -0.0159362    -0.0632668    -0.0122929
 14.0257718    -0.0166136    -0.0649019    -0.0127732
 14.0431739    -0.0174127    -0.0663439    -0.0132307
 14.0605331    -0.0183260    -0.0675975    -0.0136542
 14.0778495    -0.0193437    -0.0686686    -0.0140331
 14.0951231    -0.0204533    -0.0695643    -0.0143580
 14.1123536    -0.0216401    -0.0702926    -0.0146204
 14.1295412    -0.0228868    -0.0708624    -0.0148131
 14.1466858    -0.0241745    -0.0712829    -0.0149307
 14.1637873    -0.0254825    -0.0715639    -0.0149690
 14.1808456    -0.0267885    -0.0717156    -0.0149257
 14.1978607    -0.0280693    -0.0717478    -0.0148002
 14.2148326    -0.0293009    -0.0716707    -0.0145933
 14.2317612    -0.0304590    -0.0714940    -0.0143079
 14.2486464    -0.0315192    -0.0712272    -0.0139479
 14.2654882    -0.0324576    -0.0708792    -0.0135191
 14.2822866    -0.0332510    -0.0704586    -0.0130283
 14.2990415    -0.0338775    -0.0699732    -0.0124836
 14.3157528    -0.0343165    -0.0694302    -0.0118940
 14.3324204    -0.0345494    -0.0688360    -0.0112692
 14.3490445    -0.0345598    -0.0681965    -0.0106195
 14.3656248    -0.0343335    -0.0675167    -0.0099555
 14.3821614    -0.0338592    -0.0668007    -0.0092878
 14.3986541    -0.0331283    -0.0660522    -0.0086270
 14.4151030    -0.0321353    -0.0652740    -0.0079834
 14.4315080    -0.0308780    -0.0644682    -0.0073665
 14.4478690    -0.0293570    -0.0636366    -0.0067854
 14.4641860    -0.0275764    -0.0627800    -0.0062482
 14.4804590    -0.0255436    -0.0618990    -0.0057619
 14.4966878    -0.0232688    -0.0609939    -0.0053324
 14.5128725    -0.0207654    -0.0600644    -0.0049645
 14.5290130    -0.0180495    -0.0591100    -0.0046614
 14.5451092    -0.0151400    -0.0581301    -0.0044253
 14.5611611    -0.0120579    -0.0571239    -0.0042567
 14.5771686    -0.0088267    -0.0560907    -0.0041551
 14.5931318    -0.0054714    -0.0550297    -0.0041185
 14.6090505    -0.0020186    -0.0539403    -0.0041436
 14.6249247     0.0015038    -0.0528220    -0.0042261
 14.6407543     0.0050674    -0.0516746    -0.0043605
 14.6565394     0.0086429    -0.0504982    -0.0045407
 14.6722798     0.0122014    -0.0492931    -0.0047594
 14.6879755     0.0157138    -0.0480601    -0.0050091
 14.7036264     0.0191519    -0.0468003    -0.0052814
 14.7192326     0.0224882    -0.0455154    -0.0055679
 14.7347939     0.0256967    -0.0442073    -0.0058600
 14.7503104     0.0287527    -0.0428786    -0.0061493
 14.7657819     0.0316333    -0.0415320    -0.0064272
 14.7812084     0.0343180    -0.0401710    -0.0066859
 14.7965899     0.0367880    -0.0387994    -0.0069178
 14.8119264     0.0390273    -0.0374212    -0.0071162
 14.8272177     0.0410224    -0.0360409    -0.0072749
 14.8424639     0.0427624    -0.0346635    -0.0073888
 14.8576648     0.0442391    -0.0332939    -0.0074536
 14.8728205     0.0454472    -0.0319377    -0.0074661
 14.8879309     0.0463840    -0.0306002    -0.0074242
 14.9029959     0.0470497    -0.0292873    -0.0073269
 14.9180155     0.0474470    -0.0280045    -0.0071741
 14.9329897     0.0475812    -0.0267577    -0.0069672
 14.9479184     0.0474600    -0.0255525    -0.0067083
 14.9628016     0.0470934    -0.0243945    -0.0064008
 14.9776391     0.0464935    -0.0232892    -0.0060489
 14.9924311     0.0456741    -0.0222416    -0.0056578
 15.0071774     0.0446509    -0.0212567    -0.0052333
 15.0218780     0.0434408    -0.0203390    -0.0047821
 15.0365328     0.0420620    -0.0194926    -0.0043113
 15.0511418     0.0405337    -0.0187210    -0.0038287
 15.0657049     0.0388757    -0.0180276    -0.0033420
 15.0802222     0.0371081    -0.0174148    -0.0028594
 15.0946935     0.0352515    -0.0168847    -0.0023891
 15.1091189     0.0333260    -0.0164387    -0.0019392
 15.1234982     0.0313518    -0.0160776    -0.0015175
 15.1378315     0.0293483    -0.0158014    -0.0011316
 15.1521186     0.0273345    -0.0156097    -0.0007885
 15.1663596     0.0253281    -0.0155011    -0.0004947
 15.1805544     0.0233460    -0.0154738    -0.0002560
 15.1947030     0.0214037    -0.0155252    -0.0000774
 15.2088052     0.0195154    -0.0156520     0.0000367
 15.2228612     0.0176938    -0.0158504     0.0000831
 15.2368707     0.0159501    -0.0161159     0.0000594
 15.2508339     0.0142938    -0.0164435    -0.0000358
 15.2647506     0.0127326    -0.0168275    -0.0002028
 15.2786207     0.0112728    -0.0172619    -0.0004410

PDF 1 in G'(r) format
  r, PDF (RMC), PDF (Expt)
 CURVES
         128 ,           2
      0.0654509        0.0000000        0.0000000
      0.1309019        0.0000000        0.0000000
      0.1963528        0.0000000        0.0000000
      0.2618037        0.0000000        0.0000000
      0.3272547        0.0000000        0.0000000
      0.3927056        0.0000000        0.0000000
      0.4581565        0.0000000        0.0000000
      0.5236075        0.0000000        0.0000000
      0.5890584        0.0000000        0.0000000
      0.6545093        0.0000000        0.0000000
      0.7199603        0.0000000        0.0000000
      0.7854112        0.0000000        0.0000000
      0.8508621        0.0000000        0.0000000
      0.9163131        0.0000000        0.0000000
      0.9817640        0.0000000        0.0000000
      1.0472149        0.0000000        0.0000000
      1.1126659        0.0000000        0.0000000
      1.1781168        0.0000000        0.0000000
      1.2435677        0.0000000        0.1336642
      1.3090187        0.0000000        0.4087493
      1.3744696        0.0000000        0.7543131
      1.4399206        1.3704254        1.1485415
      1.5053715        5.3003290        1.5505350
      1.5708224        4.9572555        1.9059448
      1.6362734        4.8921223        2.1587834
      1.7017243        4.0638351        2.2659462
      1.7671752        3.5690350        2.2093322
      1.8326262        0.5987293        2.0010507
      1.8980771        0.7255997        1.6798473
      1.9635280        0.4172535        1.3003390
      2.0289790        0.4640399        0.9192625
      2.0944299        0.5959376        0.5835708
      2.1598808        0.5388174        0.3237554
      2.2253318        0.3654653        0.1531507
      2.2907827        0.4023615        0.0715582
      2.3562336        0.2354362        0.0703735
      2.4216846        0.4286204        0.1367765
      2.4871355        0.3479004        0.2559231
      2.5525864        0.4846046        0.4115305
      2.6180374        0.5342821        0.5860281
      2.6834883        0.6261180        0.7613177
      2.7489392        0.5488043        0.9204588
      2.8143902        0.5057604        1.0498161
      2.8798411        0.6058785        1.1408396
      2.9452920        1.0596804        1.1907984
      3.0107430        1.2016763        1.2022868
      3.0761939        1.2159757        1.1818121
      3.1416448        1.2116241        1.1380301
      3.2070958        1.0872435        1.0801428
      3.2725467        1.0277810        1.0167345
      3.3379976        1.0675051        0.9550757
      3.4034486        1.0478576        0.9007813
      3.4688995        0.9000726        0.8576976
      3.5343504        1.0502346        0.8279539
      3.5998014        0.8542195        0.8121644
      3.6652523        0.6813320        0.8097733
      3.7307032        0.6825353        0.8194883
      3.7961542        0.8872994        0.8397032
      3.8616051        0.9100715        0.8687856
      3.9270560        1.0436573        0.9051459
      3.9925070        0.8923032        0.9470814
      4.0579579        1.0987186        0.9924918
      4.1234088        1.0652922        1.0386326
      4.1888598        0.9585255        1.0820893
      4.2543107        1.0085817        1.1190817
      4.3197617        1.0702301        1.1460852
      4.3852126        0.8673392        1.1606051
      4.4506635        1.0732127        1.1618539
      4.5161145        1.1073109        1.1510787
      4.5815654        0.9809143        1.1313973
      4.6470163        1.1101982        1.1071647
      4.7124673        1.0616577        1.0830542
      4.7779182        1.1103538        1.0631198
      4.8433691        0.9607431        1.0500902
      4.9088201        0.9546982        1.0450422
      4.9742710        0.9939287        1.0474679
      5.0397219        0.9691135        1.0556379
      5.1051729        0.9815822        1.0671130
      5.1706238        0.9785504        1.0792657
      5.2360747        0.9685135        1.0897134
      5.3015257        0.9445356        1.0966243
      5.3669766        0.9969348        1.0988858
      5.4324275        0.8612851        1.0961514
      5.4978785        0.9446352        1.0887822
      5.5633294        0.9583595        1.0777025
      5.6287803        1.0277137        1.0641974
      5.6942313        1.0486996        1.0496821
      5.7596822        0.9049196        1.0354810
      5.8251331        0.9995266        1.0226525
      5.8905841        0.9626600        1.0118836
      5.9560350        1.0812632        1.0034631
      6.0214859        1.0487306        0.9973273
      6.0869369        0.9569338        0.9931542
      6.1523878        0.8824534        0.9904812
      6.2178387        0.9457572        0.9888186
      6.2832897        0.9676240        0.9877401
      6.3487406        1.0197094        0.9869391
      6.4141915        1.0582929        0.9862467
      6.4796425        1.0144900        0.9856162
      6.5450934        0.9725105        0.9850831
      6.6105443        1.0224423        0.9847145
      6.6759953        0.9477483        0.9845639
      6.7414462        1.0452982        0.9846464
      6.8068971        0.9434454        0.9849370
      6.8723481        0.9095066        0.9853913
      6.9377990        0.9329835        0.9859733
      7.0032500        1.0886056        0.9866786
      7.0687009        1.0148680        0.9875407
      7.1341518        0.9151429        0.9886210
      7.1996028        0.9863837        0.9899864
      7.2650537        0.9671625        0.9916841
      7.3305046        0.9847973        0.9937189
      7.3959556        0.9253705        0.9960403
      7.4614065        0.9678011        0.9985393
      7.5268574        1.0311141        1.0010578
      7.5923084        1.0358746        1.0034105
      7.6577593        0.9648885        1.0054168
      7.7232102        0.9739392        1.0069347
      7.7886612        0.9839287        1.0078879
      7.8541121        1.0112947        1.0082768
      7.9195630        0.9658875        1.0081716
      7.9850140        1.0938660        1.0076919
      8.0504649        0.9886391        1.0069810
      8.1159158        1.0613108        1.0061833
      8.1813668        1.0007457        1.0054282
      8.2468177        1.0844142        1.0048201
      8.3122686        1.0282719        1.0044299
      8.3777196        0.9746926        1.0042903

 Total S(Q)'s: Comparison with input data

   611  2 are NQ and NPAR

       Q      S(Q)_RMC  S(Q)_Expt
      0.4682470      0.4066764      0.2077988
      0.4982822      0.5178178      0.2271120
      0.5283159      0.6267083      0.1999373
      0.5583480      0.7318514      0.2298475
      0.5883784      0.8318221      0.2305090
      0.6184069      0.9253121      0.2565357
      0.6484336      1.0111736      0.2474724
      0.6784584      1.0884595      0.2646474
      0.7084810      1.1564577      0.2636069
      0.7385015      1.2147178      0.3029983
      0.7685198      1.2630684      0.2803935
      0.7985357      1.3016236      0.3165134
      0.8285491      1.3307791      0.3242744
      0.8585601      1.3511958      0.3528387
      0.8885684      1.3637731      0.3401115
      0.9185740      1.3696122      0.3830234
      0.9485769      1.3699696      0.3893421
      0.9785768      1.3662054      0.4382564
      1.0085738      1.3597257      0.4118919
      1.0385677      1.3519241      0.4648711
      1.0685584      1.3441229      0.4868638
      1.0985458      1.3375181      0.5442779
      1.1285300      1.3331307      0.5432138
      1.1585106      1.3317650      0.6115161
      1.1884878      1.3339780      0.6502125
      1.2184613      1.3400594      0.7342055
      1.2484312      1.3500246      0.7438206
      1.2783972      1.3636199      0.8198889
      1.3083593      1.3803403      0.8923436
      1.3383174      1.3994579      0.9986290
      1.3682715      1.4200617      1.0154129
      1.3982214      1.4411037      1.1345052
      1.4281670      1.4614518      1.1952611
      1.4581083      1.4799458      1.2765756
      1.4880452      1.4954531      1.2583090
      1.5179775      1.5069229      1.3187903
      1.5479052      1.5134352      1.3185571
      1.5778281      1.5142429      1.3357947
      1.6077463      1.5088047      1.2915394
      1.6376596      1.4968080      1.2788005
      1.6675679      1.4781799      1.2367185
      1.6974711      1.4530871      1.2087317
      1.7273691      1.4219241      1.1295654
      1.7572618      1.3852911      1.1126714
      1.7871493      1.3439622      1.0785231
      1.8170312      1.2988470      1.0634851
      1.8469077      1.2509461      0.9789252
      1.8767785      1.2013039      0.9419524
      1.9066436      1.1509610      0.9070040
      1.9365029      1.1009082      0.9084775
      1.9663562      1.0520448      0.8360757
      1.9962036      1.0051430      0.8344206
      2.0260449      0.9608202      0.8139095
      2.0558801      0.9195198      0.8122972
      2.0857090      0.8815020      0.7600058
      2.1155315      0.8468449      0.7759056
      2.1453476      0.8154541      0.7596567
      2.1751571      0.7870818      0.7815941
      2.2049601      0.7613528      0.7273933
      2.2347563      0.7377970      0.7465106
      2.2645457      0.7158847      0.7472951
      2.2943282      0.6950647      0.7775821
      2.3241037      0.6748019      0.7319369
      2.3538721      0.6546121      0.7609251
      2.3836334      0.6340930      0.7546690
      2.4133874      0.6129497      0.7935739
      2.4431340      0.5910127      0.7408128
      2.4728732      0.5682479      0.7779927
      2.5026049      0.5447588      0.7941686
      2.5323289      0.5207805      0.8294398
      2.5620453      0.4966652      0.7882798
      2.5917538      0.4728620      0.8429276
      2.6214544      0.4498905      0.8262057
      2.6511471      0.4283106      0.8698095
      2.6808317      0.4086902      0.8159758
      2.7105081      0.3915723      0.8431003
      2.7401762      0.3774441      0.8216031
      2.7698360      0.3667085      0.8492129
      2.7994874      0.3596609      0.7853049
      2.8291302      0.3564717      0.8107665
      2.8587645      0.3571759      0.7956234
      2.8883900      0.3616693      0.8172699
      2.9180067      0.3697135      0.7497847
      2.9476145      0.3809466      0.7684031
      2.9772134      0.3949016      0.7532565
      3.0068031      0.4110298      0.7831777
      3.0363838      0.4287282      0.7247468
      3.0659551      0.4473703      0.7424671
      3.0955172      0.4663374      0.7324139
      3.1250698      0.4850492      0.7548449
      3.1546128      0.5029929      0.6944434
      3.1841463      0.5197481      0.7490457
      3.2136701      0.5350068      0.7273784
      3.2431841      0.5485877      0.7584574
      3.2726882      0.5604437      0.7123848
      3.3021823      0.5706627      0.7455926
      3.3316664      0.5794613      0.7366845
      3.3611403      0.5871723      0.7711888
      3.3906040      0.5942263      0.7304165
      3.4200574      0.6011288      0.7601068
      3.4495003      0.6084333      0.7670137
      3.4789327      0.6167132      0.7887449
      3.5083546      0.6265320      0.7636740
      3.5377657      0.6384151      0.7908278
      3.5671661      0.6528239      0.8012965
      3.5965556      0.6701326      0.8354474
      3.6259341      0.6906102      0.8125319
      3.6553016      0.7144080      0.8381429
      3.6846580      0.7415522      0.8531816
      3.7140032      0.7719431      0.8943623
      3.7433370      0.8053599      0.8597129
      3.7726594      0.8414717      0.9181836
      3.8019704      0.8798522      0.9130229
      3.8312697      0.9199992      0.9651177
      3.8605574      0.9613567      0.9275593
      3.8898333      1.0033388      0.9847655
      3.9190974      1.0453539      0.9955053
      3.9483496      1.0868279      1.0552443
      3.9775897      1.1272262      1.0206638
      4.0068177      1.1660721      1.0818904
      4.0360334      1.2029622      1.1020108
      4.0652369      1.2375765      1.1614346
      4.0944281      1.2696851      1.1168939
      4.1236067      1.2991491      1.1832290
      4.1527728      1.3259178      1.2055746
      4.1819262      1.3500208      1.2414010
      4.2110669      1.3715576      1.2215499
      4.2401947      1.3906834      1.2839307
      4.2693097      1.4075934      1.3309875
      4.2984116      1.4225065      1.3949996
      4.3275005      1.4356479      1.3686860
      4.3565761      1.4472339      1.4282211
      4.3856385      1.4574575      1.4364003
      4.4146876      1.4664766      1.4812994
      4.4437232      1.4744060      1.4594988
      4.4727452      1.4813115      1.5009093
      4.5017536      1.4872086      1.5025782
      4.5307483      1.4920643      1.5516118
      4.5597293      1.4958019      1.4833252
      4.5886963      1.4983096      1.5373560
      4.6176493      1.4994498      1.5315077
      4.6465883      1.4990719      1.5751113
      4.6755131      1.4970244      1.5102587
      4.7044237      1.4931684      1.5496000
      4.7333199      1.4873892      1.5358035
      4.7622018      1.4796079      1.5745380
      4.7910691      1.4697896      1.5004836
      4.8199218      1.4579506      1.5160782
      4.8487599      1.4441618      1.5191082
      4.8775831      1.4285492      1.5461030
      4.9063916      1.4112923      1.4475589
      4.9351850      1.3926182      1.4664399
      4.9639635      1.3727946      1.4377283
      4.9927268      1.3521197      1.4581343
      5.0214749      1.3309108      1.3604107
      5.0502077      1.3094924      1.3697796
      5.0789252      1.2881830      1.3141227
      5.1076271      1.2672833      1.2908323
      5.1363135      1.2470646      1.2011923
      5.1649843      1.2277590      1.2021215
      5.1936393      1.2095517      1.1570817
      5.2222785      1.1925753      1.1496027
      5.2509018      1.1769071      1.0809341
      5.2795091      1.1625689      1.0625072
      5.3081003      1.1495287      1.0164037
      5.3366753      1.1377063      1.0118871
      5.3652341      1.1269796      0.9438641
      5.3937766      1.1171931      0.9305984
      5.4223026      1.1081683      0.9112271
      5.4508121      1.0997131      0.9127001
      5.4793050      1.0916335      0.8375091
      5.5077812      1.0837431      0.8561141
      5.5362406      1.0758726      0.8300860
      5.5646832      1.0678780      0.8474997
      5.5931088      1.0596463      0.7790392
      5.6215173      1.0511004      0.8118337
      5.6499088      1.0422012      0.7806676
      5.6782830      1.0329475      0.8133906
      5.7066400      1.0233741      0.7555811
      5.7349795      1.0135484      0.7917284
      5.7633016      1.0035643      0.7855322
      5.7916061      0.9935363      0.8093093
      5.8198930      0.9835917      0.7558034
      5.8481622      0.9738627      0.7903458
      5.8764135      0.9644788      0.7717963
      5.9046470      0.9555594      0.8082554
      5.9328624      0.9472072      0.7593839
      5.9610598      0.9395029      0.7796401
      5.9892391      0.9325013      0.7800547
      6.0174000      0.9262291      0.8167204
      6.0455427      0.9206838      0.7715835
      6.0736669      0.9158350      0.8043355
      6.1017727      0.9116268      0.7999956
      6.1298598      0.9079813      0.8243273
      6.1579283      0.9048036      0.7883084
      6.1859780      0.9019879      0.8103892
      6.2140089      0.8994229      0.7991596
      6.2420208      0.8969984      0.8318845
      6.2700138      0.8946112      0.7818216
      6.2979876      0.8921704      0.8166737
      6.3259422      0.8896021      0.8091770
      6.3538776      0.8868527      0.8465817
      6.3817936      0.8838912      0.7922560
      6.4096902      0.8807098      0.8253628
      6.4375673      0.8773240      0.8139798
      6.4654247      0.8737705      0.8466621
      6.4932625      0.8701044      0.7946021
      6.5210805      0.8663952      0.8208288
      6.5488786      0.8627227      0.8225073
      6.5766567      0.8591717      0.8457956
      6.6044148      0.8558267      0.8081858
      6.6321529      0.8527672      0.8446045
      6.6598707      0.8500630      0.8486867
      6.6875682      0.8477704      0.8868101
      6.7152453      0.8459289      0.8481523
      6.7429020      0.8445594      0.8936918
      6.7705382      0.8436634      0.8835210
      6.7981537      0.8432232      0.9299052
      6.8257485      0.8432035      0.8970225
      6.8533225      0.8435540      0.9418182
      6.8808757      0.8442125      0.9284377
      6.9084079      0.8451095      0.9699719
      6.9359190      0.8461727      0.9362651
      6.9634090      0.8473317      0.9867725
      6.9908778      0.8485230      0.9927209
      7.0183253      0.8496943      1.0234146
      7.0457515      0.8508086      1.0020005
      7.0731561      0.8518475      1.0320274
      7.1005393      0.8528130      1.0469580
      7.1279008      0.8537290      1.0806872
      7.1552405      0.8546409      1.0612949
      7.1825585      0.8556149      1.1021325
      7.2098546      0.8567354      1.0931564
      7.2371288      0.8581016      1.1317198
      7.2643809      0.8598235      1.0969701
      7.2916108      0.8620171      1.1391946
      7.3188186      0.8647987      1.1368784
      7.3460040      0.8682801      1.1676400
      7.3731671      0.8725628      1.1386115
      7.4003078      0.8777328      1.1686064
      7.4274258      0.8838564      1.1607236
      7.4545213      0.8909763      1.1938900
      7.4815940      0.8991088      1.1469316
      7.5086440      0.9082422      1.1715742
      7.5356711      0.9183360      1.1716972
      7.5626752      0.9293218      1.1932501
      7.5896563      0.9411047      1.1629149
      7.6166143      0.9535667      1.1724599
      7.6435491      0.9665696      1.1765743
      7.6704605      0.9799605      1.1856788
      7.6973487      0.9935762      1.1257355
      7.7242133      1.0072490      1.1586360
      7.7510545      1.0208122      1.1394201
      7.7778720      1.0341056      1.1658132
      7.8046659      1.0469806      1.1087555
      7.8314359      1.0593045      1.1391307
      7.8581822      1.0709648      1.1294155
      7.8849044      1.0818718      1.1506460
      7.9116027      1.0919607      1.0988124
      7.9382768      1.1011922      1.1341934
      7.9649268      1.1095531      1.1333890
      7.9915525      1.1170545      1.1510217
      8.0181539      1.1237300      1.1033276
      8.0447308      1.1296328      1.1280535
      8.0712833      1.1348325      1.1212458
      8.0978111      1.1394104      1.1424762
      8.1243143      1.1434558      1.0971167
      8.1507928      1.1470614      1.1240392
      8.1772464      1.1503188      1.1192622
      8.2036751      1.1533146      1.1429659
      8.2300788      1.1561267      1.0997263
      8.2564574      1.1588212      1.1217729
      8.2828109      1.1614504      1.1133024
      8.3091392      1.1640505      1.1373785
      8.3354421      1.1666414      1.0861938
      8.3617197      1.1692265      1.1217421
      8.3879717      1.1717932      1.1146505
      8.4141983      1.1743149      1.1414051
      8.4403992      1.1767526      1.0990696
      8.4665744      1.1790575      1.1197346
      8.4927238      1.1811741      1.1164224
      8.5188473      1.1830434      1.1450112
      8.5449449      1.1846055      1.0949807
      8.5710164      1.1858032      1.1239901
      8.5970619      1.1865847      1.1130950
      8.6230811      1.1869060      1.1433015
      8.6490741      1.1867331      1.0928001
      8.6750407      1.1860433      1.1083708
      8.7009810      1.1848262      1.0973715
      8.7268947      1.1830843      1.1119729
      8.7527818      1.1808326      1.0740829
      8.7786422      1.1780978      1.0972589
      8.8044760      1.1749171      1.0897339
      8.8302829      1.1713365      1.1069827
      8.8560629      1.1674089      1.0533714
      8.8818159      1.1631918      1.0795645
      8.9075419      1.1587450      1.0600021
      8.9332407      1.1541286      1.0827045
      8.9589123      1.1494003      1.0252971
      8.9845567      1.1446139      1.0586024
      9.0101736      1.1398173      1.0437791
      9.0357631      1.1350516      1.0629044
      9.0613251      1.1303496      1.0040425
      9.0868595      1.1257358      1.0420848
      9.1123662      1.1212264      1.0195197
      9.1378452      1.1168290      1.0314713
      9.1632963      1.1125440      0.9870687
      9.1887195      1.1083655      1.0029759
      9.2141147      1.1042824      0.9916910
      9.2394819      1.1002798      1.0053060
      9.2648209      1.0963410      0.9493458
      9.2901317      1.0924487      0.9755755
      9.3154141      1.0885866      0.9624711
      9.3406683      1.0847405      0.9832615
      9.3658939      1.0808999      0.9309610
      9.3910910      1.0770584      0.9484010
      9.4162595      1.0732143      0.9360735
      9.4413994      1.0693709      0.9522356
      9.4665104      1.0655364      0.8994818
      9.4915927      1.0617231      0.9233140
      9.5166460      1.0579469      0.9087307
      9.5416703      1.0542261      0.9367741
      9.5666656      1.0505803      0.8876348
      9.5916317      1.0470290      0.9125586
      9.6165686      1.0435902      0.8965974
      9.6414762      1.0402789      0.9230632
      9.6663545      1.0371060      0.8714014
      9.6912033      1.0340768      0.8967859
      9.7160225      1.0311907      0.8893871
      9.7408122      1.0284401      0.9214249
      9.7655722      1.0258102      0.8755735
      9.7903025      1.0232791      0.8937061
      9.8150029      1.0208183      0.8824248
      9.8396735      1.0183936      0.9142871
      9.8643140      1.0159655      0.8662962
      9.8889245      1.0134916      0.8918010
      9.9135049      1.0109274      0.8883861
      9.9380551      1.0082287      0.9065040
      9.9625751      1.0053529      0.8730466
      9.9870646      1.0022617      0.8943250
     10.0115238      0.9989224      0.8877010
     10.0359524      0.9953098      0.9196555
     10.0603505      0.9914080      0.8748684
     10.0847180      0.9872114      0.9030995
     10.1090547      0.9827258      0.8945450
     10.1333606      0.9779689      0.9251539
     10.1576357      0.9729707      0.8863267
     10.1818798      0.9677728      0.9093806
     10.2060929      0.9624282      0.9057577
     10.2302749      0.9569997      0.9287798
     10.2544257      0.9515589      0.8970525
     10.2785453      0.9461841      0.9251289
     10.3026336      0.9409580      0.9168794
     10.3266906      0.9359659      0.9318623
     10.3507160      0.9312929      0.9025320
     10.3747099      0.9270212      0.9272589
     10.3986723      0.9232282      0.9148892
     10.4226029      0.9199835      0.9531408
     10.4465018      0.9173471      0.9069573
     10.4703689      0.9153675      0.9359277
     10.4942041      0.9140799      0.9343425
     10.5180073      0.9135051      0.9610470
     10.5417785      0.9136489      0.9144871
     10.5655175      0.9145013      0.9519134
     10.5892244      0.9160375      0.9461973
     10.6128990      0.9182173      0.9672946
     10.6365413      0.9209874      0.9320568
     10.6601512      0.9242818      0.9575107
     10.6837286      0.9280241      0.9549118
     10.7072735      0.9321296      0.9858723
     10.7307858      0.9365075      0.9460034
     10.7542654      0.9410632      0.9759839
     10.7777122      0.9457015      0.9700277
     10.8011262      0.9503282      0.9926351
     10.8245072      0.9548536      0.9576810
     10.8478553      0.9591941      0.9874100
     10.8711704      0.9632747      0.9773301
     10.8944524      0.9670307      1.0209011
     10.9177011      0.9704095      0.9801715
     10.9409166      0.9733713      1.0096838
     10.9640988      0.9758901      1.0044908
     10.9872476      0.9779542      1.0361368
     11.0103629      0.9795658      0.9995527
     11.0334447      0.9807407      1.0319726
     11.0564928      0.9815076      1.0268660
     11.0795073      0.9819064      1.0550939
     11.1024880      0.9819875      1.0202904
     11.1254349      0.9818091      1.0409754
     11.1483479      0.9814360      1.0487854
     11.1712270      0.9809372      1.0844161
     11.1940720      0.9803838      1.0349230
     11.2168830      0.9798468      1.0779500
     11.2396597      0.9793953      1.0688037
     11.2624023      0.9790941      1.1009084
     11.2851105      0.9790022      1.0588998
     11.3077843      0.9791713      1.0951377
     11.3304237      0.9796442      1.0863926
     11.3530286      0.9804542      1.1132413
     11.3755989      0.9816240      1.0740400
     11.3981345      0.9831656      1.1068919
     11.4206355      0.9850802      1.1028704
     11.4431016      0.9873584      1.1344684
     11.4655329      0.9899808      1.0946695
     11.4879292      0.9929189      1.1251586
     11.5102906      0.9961361      1.1141608
     11.5326169      0.9995890      1.1437423
     11.5549080      1.0032288      1.1015271
     11.5771640      1.0070029      1.1258615
     11.5993847      1.0108565      1.1312844
     11.6215701      1.0147342      1.1561584
     11.6437200      1.0185815      1.1264497
     11.6658345      1.0223464      1.1428835
     11.6879135      1.0259808      1.1271588
     11.7099568      1.0294418      1.1604357
     11.7319645      1.0326924      1.1132708
     11.7539365      1.0357028      1.1345695
     11.7758726      1.0384508      1.1245742
     11.7977729      1.0409221      1.1455939
     11.8196372      1.0431105      1.1148587
     11.8414656      1.0450182      1.1350904
     11.8632578      1.0466549      1.1265504
     11.8850139      1.0480375      1.1529580
     11.9067339      1.0491897      1.0884830
     11.9284175      1.0501408      1.1251038
     11.9500648      1.0509249      1.1154429
     11.9716757      1.0515796      1.1410577
     11.9932502      1.0521453      1.0773373
     12.0147881      1.0526634      1.1098128
     12.0362894      1.0531758      1.0960678
     12.0577540      1.0537231      1.1232744
     12.0791820      1.0543440      1.0751669
     12.1005731      1.0550740      1.0935382
     12.1219273      1.0559449      1.0860168
     12.1432447      1.0569833      1.1054872
     12.1645250      1.0582108      1.0545239
     12.1857683      1.0596431      1.0755529
     12.2069745      1.0612899      1.0633309
     12.2281434      1.0631542      1.0967333
     12.2492752      1.0652334      1.0287851
     12.2703696      1.0675182      1.0593184
     12.2914266      1.0699941      1.0344375
     12.3124462      1.0726408      1.0668558
     12.3334283      1.0754335      1.0194668
     12.3543729      1.0783434      1.0413947
     12.3752798      1.0813379      1.0220082
     12.3961490      1.0843822      1.0461461
     12.4169804      1.0874395      1.0040548
     12.4377740      1.0904720      1.0188141
     12.4585297      1.0934419      1.0160719
     12.4792475      1.0963117      1.0268725
     12.4999273      1.0990457      0.9869754
     12.5205689      1.1016099      1.0081038
     12.5411725      1.1039731      0.9990972
     12.5617378      1.1061074      1.0153613
     12.5822649      1.1079883      0.9610317
     12.6027536      1.1095954      0.9884075
     12.6232040      1.1109128      0.9729133
     12.6436159      1.1119284      0.9953950
     12.6639893      1.1126352      0.9587060
     12.6843241      1.1130300      0.9733100
     12.7046203      1.1131143      0.9575059
     12.7248777      1.1128933      0.9832109
     12.7450964      1.1123763      0.9370641
     12.7652763      1.1115758      0.9595387
     12.7854173      1.1105074      0.9478745
     12.8055194      1.1091894      0.9668291
     12.8255824      1.1076423      0.9395642
     12.8456064      1.1058880      0.9422727
     12.8655912      1.1039500      0.9418061
     12.8855369      1.1018524      0.9704281
     12.9054433      1.0996197      0.9299124
     12.9253104      1.0972760      0.9520727
     12.9451381      1.0948453      0.9272463
     12.9649264      1.0923505      0.9424247
     12.9846752      1.0898133      0.9140179
     13.0043844      1.0872539      0.9335518
     13.0240541      1.0846911      0.9200856
     13.0436840      1.0821414      0.9444774
     13.0632742      1.0796198      0.9106600
     13.0828247      1.0771386      0.9228750
     13.1023352      1.0747087      0.9220535
     13.1218059      1.0723382      0.9239801
     13.1412366      1.0700336      0.9026569
     13.1606273      1.0677993      0.9194077
     13.1799778      1.0656377      0.9138904
     13.1992882      1.0635496      0.9291716
     13.2185585      1.0615342      0.9018833
     13.2377884      1.0595891      0.9128383
     13.2569780      1.0577108      0.9152417
     13.2761273      1.0558950      0.9397104
     13.2952361      1.0541360      0.9026169
     13.3143044      1.0524280      0.9099367
     13.3333321      1.0507644      0.9082638
     13.3523192      1.0491384      0.9320708
     13.3712657      1.0475430      0.8942827
     13.3901714      1.0459714      0.9090158
     13.4090364      1.0444170      0.9057602
     13.4278604      1.0428731      0.9319192
     13.4466436      1.0413340      0.8834182
     13.4653858      1.0397941      0.9076445
     13.4840871      1.0382485      0.9078576
     13.5027472      1.0366930      0.9315511
     13.5213662      1.0351241      0.8920059
     13.5399440      1.0335389      0.9148772
     13.5584806      1.0319354      0.9102984
     13.5769758      1.0303123      0.9301520
     13.5954297      1.0286690      0.8835772
     13.6138422      1.0270057      0.9119026
     13.6322132      1.0253233      0.9116708
     13.6505427      1.0236232      0.9437406
     13.6688306      1.0219077      0.8963849
     13.6870769      1.0201795      0.9349939
     13.7052815      1.0184419      0.9143259
     13.7234443      1.0166987      0.9431674
     13.7415654      1.0149539      0.9022791
     13.7596445      1.0132123      0.9195975
     13.7776818      1.0114786      0.9268100
     13.7956771      1.0097579      0.9524244
     13.8136303      1.0080556      0.9079933
     13.8315415      1.0063770      0.9406395
     13.8494106      1.0047277      0.9315903
     13.8672374      1.0031131      0.9599240
     13.8850221      1.0015388      0.9125359
     13.9027644      1.0000102      0.9402451
     13.9204644      0.9985325      0.9401231
     13.9381219      0.9971108      0.9727534
     13.9557370      0.9957500      0.9214117
     13.9733096      0.9944547      0.9445990
     13.9908397      0.9932292      0.9434129
     14.0083271      0.9920776      0.9751591
     14.0257718      0.9910034      0.9358401
     14.0431739      0.9900099      0.9679596
     14.0605331      0.9891000      0.9554686
     14.0778495      0.9882761      0.9785371
     14.0951231      0.9875401      0.9281773
     14.1123536      0.9868936      0.9681724
     14.1295412      0.9863377      0.9632543
     14.1466858      0.9858730      0.9904629
     14.1637873      0.9854998      0.9435705
     14.1808456      0.9852177      0.9698750
     14.1978607      0.9850262      0.9657130
     14.2148326      0.9849240      0.9996588
     14.2317612      0.9849098      0.9463237
     14.2486464      0.9849817      0.9744537
     14.2654882      0.9851374      0.9730957
     14.2822866      0.9853745      0.9911868
     14.2990415      0.9856901      0.9632118
     14.3157528      0.9860812      0.9766910
     14.3324204      0.9865444      0.9822402
     14.3490445      0.9870762      1.0084165
     14.3656248      0.9876731      0.9750472
     14.3821614      0.9883311      0.9902348
     14.3986541      0.9890464      0.9817262
     14.4151030      0.9898151      1.0158417
     14.4315080      0.9906332      0.9558486
     14.4478690      0.9914966      0.9862701
     14.4641860      0.9924014      0.9816447
     14.4804590      0.9933436      1.0142407
     14.4966878      0.9943195      0.9601065
     14.5128725      0.9953251      1.0003280
     14.5290130      0.9963568      0.9882040
     14.5451092      0.9974110      1.0138767
     14.5611611      0.9984842      0.9616819
     14.5771686      0.9995730      0.9972458
     14.5931318      1.0006742      0.9915339
     14.6090505      1.0017846      1.0310695
     14.6249247      1.0029012      0.9728348
     14.6407543      1.0040210      0.9948137
     14.6565394      1.0051413      0.9940315
     14.6722798      1.0062593      1.0275273
     14.6879755      1.0073724      0.9654386
     14.7036264      1.0084779      1.0093043
     14.7192326      1.0095733      1.0003102
     14.7347939      1.0106561      1.0246455
     14.7503104      1.0117239      0.9645569
     14.7657819      1.0127742      1.0063801
     14.7812084      1.0138046      1.0000633
     14.7965899      1.0148127      1.0233604
     14.8119264      1.0157960      0.9772080
     14.8272177      1.0167522      0.9991486
     14.8424639      1.0176788      1.0003800
     14.8576648      1.0185735      1.0330353
     14.8728205      1.0194337      0.9679322
     14.8879309      1.0202571      1.0084296
     14.9029959      1.0210413      0.9911637
     14.9180155      1.0217840      1.0330779
     14.9329897      1.0224829      0.9774007
     14.9479184      1.0231358      1.0047920
     14.9628016      1.0237405      0.9991079
     14.9776391      1.0242951      1.0347524
     14.9924311      1.0247976      0.9715506
     15.0071774      1.0252462      1.0205954
     15.0218780      1.0256396      1.0039111
     15.0365328      1.0259762      1.0217448
     15.0511418      1.0262550      0.9832891
     15.0657049      1.0264751      1.0136528
     15.0802222      1.0266360      0.9971735
     15.0946935      1.0267372      1.0218580
     15.1091189      1.0267789      0.9728030
     15.1234982      1.0267614      1.0024691
     15.1378315      1.0266854      0.9920856
     15.1521186      1.0265520      1.0084422
     15.1663596      1.0263625      0.9710480
     15.1805544      1.0261188      0.9897689
     15.1947030      1.0258230      0.9814171
     15.2088052      1.0254778      1.0085216
     15.2228612      1.0250859      0.9712502
     15.2368707      1.0246507      0.9920745
     15.2508339      1.0241758      0.9922244
     15.2647506      1.0236650      1.0044081
     15.2786207      1.0231227      0.9905568
