
  EPSR version 2007-10-25

  Trial no.     6      Iteration no.     1      No. of trials in sum     1
  Chi-square  0.652726E-02
  Energies: repulsive -0.517092E+02 harmonic  0.372409E+01
  Abs. empirical energy:   0.157466E+02
  R-factor, abs. energy and pressure for data file  1:  0.1378E-01  0.5885E+01 -0.2195E+00
  R-factor, abs. energy and pressure for data file  2:  0.9643E-03  0.6414E+01 -0.8904E+00
  R-factor, abs. energy and pressure for data file  3:  0.4837E-02  0.4660E+01  0.2337E+00
  R-factor for partial  1:  0.1234E+00
  R-factor for partial  2:  0.9375E-01
  R-factor for partial  3:  0.8270E-01
  Noise in average g(r)  0.173093E+02
  Intermolecular energy and U_pol -0.517098E+02  0.000000E+00 kJ/mole
  Intermolecular pressure  0.183810E+01 kbar
  Average dipole moment and std.  0.241749E+01  0.493586E+00 D
  Av. intermolecular energy -0.536123E+02+- 0.524695E+00 kJ/mole
  Av. intermolecular pressure  0.232345E+00+- 0.328443E+00 kbar
  Number of rejects in MOLFIT:-
       0       0    5000    5000
       0       0    3744    3733
