 Results from RMCProfile version 6.7.9.5

 (Version 6f format configuration file)                                          

 2 experiments   3 partials

 Partial g(r)'s are printed out below

    99  3 are NR and NPAR

   r (Ang)
   0.06545     0.00000     0.00000     0.00000
   0.13090     0.00000     0.00000     0.00000
   0.19635     0.00000     0.00000     0.00000
   0.26180     0.00000     0.00000     0.00000
   0.32725     0.00000     0.00000     0.00000
   0.39271     0.00000     0.00000     0.00000
   0.45816     0.00000     0.00000     0.00000
   0.52361     0.00000     0.00000     0.00000
   0.58906     0.00000     0.00000     0.00000
   0.65451     0.00000     0.00000     0.00000
   0.71996     0.00000     0.00000     0.00000
   0.78541     0.00000     0.00000     0.00000
   0.85086     0.00000     0.00000     0.00000
   0.91631     0.00000     0.00000     0.00000
   0.98176     0.00000     0.00000     0.00000
   1.04721     0.00000     0.00000     0.00000
   1.11267     0.00000     0.00000     0.00000
   1.17812     0.00000     0.00000     0.00000
   1.24357     0.00000     0.00000     0.00000
   1.30902     0.00000     0.00000     0.00000
   1.37447     0.00000     0.00000     0.00000
   1.43992     0.00000     0.00000     0.00000
   1.50537     0.00000     2.01738     0.00000
   1.57082     0.00000     3.95262     0.24704
   1.63627     0.00000     5.46416     0.22767
   1.70172     0.00000     6.52546     0.00000
   1.76718     0.00000     6.44149     0.19520
   1.83263     0.00000     5.17288     0.45376
   1.89808     0.00000     3.46868     0.25381
   1.96353     0.00000     1.34396     0.86962
   2.02898     0.00000     0.07404     0.66635
   2.09443     0.00000     0.06948     0.00000
   2.15988     0.00000     0.00000     0.00000
   2.22533     0.00000     0.00000     0.00000
   2.29078     0.00000     0.00000     0.05808
   2.35623     0.00000     0.00000     0.05490
   2.42168     0.00000     0.00000     0.05197
   2.48714     0.00000     0.00000     0.29565
   2.55259     0.00000     0.00000     0.98240
   2.61804     0.00000     0.00000     1.51202
   2.68349     0.00000     0.08466     2.28573
   2.74894     0.00000     0.20168     2.86391
   2.81439     0.15393     0.34634     3.00164
   2.87984     0.44104     0.18377     3.41805
   2.94529     0.28110     0.17569     3.51380
   3.01074     0.80705     0.30264     2.99280
   3.07619     3.99420     0.74086     0.70865
   3.14164     3.08832     0.77208     0.71031
   3.20710     4.03043     0.50380     0.65198
   3.27255     2.27696     0.71155     0.68309
   3.33800     2.40740     0.65656     0.60185
   3.40345     1.57889     0.73681     0.47367
   3.46890     1.41855     0.81060     0.45596
   3.53435     0.58564     1.12248     0.31722
   3.59980     0.28227     1.05851     0.51749
   3.66525     0.72608     0.90760     0.45380
   3.73070     0.43802     1.09504     0.43802
   3.79615     0.50765     1.09991     0.42304
   3.86161     0.49059     1.24691     0.42926
   3.92706     1.10687     1.08710     0.61273
   3.99251     0.76491     1.10912     0.68842
   4.05796     0.37022     1.36981     0.61086
   4.12341     0.64540     1.34459     0.73504
   4.18886     0.62539     1.56348     0.74700
   4.25431     0.67367     1.66732     0.72419
   4.31976     0.52273     1.71519     0.89843
   4.38521     0.69745     1.64853     1.04618
   4.45066     0.73864     1.55423     1.00025
   4.51611     0.65761     1.56929     0.94157
   4.58157     0.98747     1.33599     1.07460
   4.64702     0.90339     1.11512     1.17159
   4.71247     1.31771     0.87847     1.11182
   4.77792     1.06821     0.82786     1.24180
   4.84337     1.09151     0.77965     1.23445
   4.90882     1.46740     0.63250     1.35355
   4.97427     1.82326     0.54205     1.33049
   5.03972     1.68020     0.74409     1.18814
   5.10517     1.30991     0.78361     1.40348
   5.17062     1.55060     0.86651     1.17435
   5.23607     1.20076     0.94505     1.32307
   5.30153     1.43159     0.82425     1.37736
   5.36698     1.22757     1.03708     1.22757
   5.43243     1.32211     1.03290     1.16718
   5.49788     0.88744     0.90761     1.49251
   5.56333     0.94547     0.90608     1.35911
   5.62878     0.92361     1.14489     1.04868
   5.69423     1.09052     0.95891     1.14693
   5.75968     1.21290     0.86373     1.09344
   5.82513     0.89833     1.04206     0.96121
   5.89058     1.01903     1.01903     0.94876
   5.95604     1.40921     0.97957     0.75616
   6.02149     1.17698     1.11813     0.63052
   6.08694     1.02017     1.06130     0.80626
   6.15239     0.93415     1.11937     0.70867
   6.21784     0.81998     1.02497     0.92247
   6.28329     0.92652     1.11182     0.76438
   6.34874     0.78651     1.06633     0.79408
   6.41419     0.53345     1.11136     0.97800
   6.47964     0.87122     1.16162     0.68245

 Partial S(Q)'s are printed out below

   611  3 are NQ and NPAR

      Q          S(Q)_1      S(Q)_2      S(Q)_3
  0.4682470    -2.6043486     0.0192068    -1.3070456
  0.4982822    -2.7603933    -0.0789553    -1.2964551
  0.5283159    -2.9120292    -0.1658554    -1.2965621
  0.5583480    -3.0569146    -0.2402262    -1.3071578
  0.5883784    -3.1927052    -0.3011035    -1.3276306
  0.6184069    -3.3170957    -0.3478362    -1.3569834
  0.6484336    -3.4278628    -0.3800880    -1.3938636
  0.6784584    -3.5229117    -0.3978309    -1.4366059
  0.7084810    -3.6003220    -0.4013303    -1.4832866
  0.7385015    -3.6583934    -0.3911235    -1.5317866
  0.7685198    -3.6956894    -0.3679916    -1.5798629
  0.7985357    -3.7110775    -0.3329264    -1.6252247
  0.8285491    -3.7037646    -0.2870930    -1.6656117
  0.8585601    -3.6733264    -0.2317898    -1.6988732
  0.8885684    -3.6197293    -0.1684074    -1.7230441
  0.9185740    -3.5433448    -0.0983864    -1.7364160
  0.9485769    -3.4449534    -0.0231780    -1.7376006
  0.9785768    -3.3257406     0.0557946    -1.7255833
  1.0085738    -3.1872810     0.1371698    -1.6997652
  1.0385677    -3.0315145     0.2196778    -1.6599923
  1.0685584    -2.8607109     0.3021650    -1.6065696
  1.0985458    -2.6774261     0.3836121    -1.5402618
  1.1285300    -2.4844509     0.4631472    -1.4622773
  1.1585106    -2.2847507     0.5400510    -1.3742384
  1.1884878    -2.0814014     0.6137567    -1.2781380
  1.2184613    -1.8775197     0.6838438    -1.1762822
  1.2484312    -1.6761921     0.7500260    -1.0712236
  1.2783972    -1.4804022     0.8121346    -0.9656839
  1.3083593    -1.2929607     0.8700980    -0.8624714
  1.3383174    -1.1164379     0.9239180    -0.7643932
  1.3682715    -0.9531016     0.9736441    -0.6741663
  1.3982214    -0.8048622     1.0193475    -0.5943308
  1.4281670    -0.6732268     1.0610948    -0.5271656
  1.4581083    -0.5592627     1.0989235    -0.4746126
  1.4880452    -0.4635724     1.1328196    -0.4382088
  1.5179775    -0.3862812     1.1626990    -0.4190299
  1.5479052    -0.3270362     1.1883928    -0.4176480
  1.5778281    -0.2850192     1.2096373    -0.4341023
  1.6077463    -0.2589712     1.2260697    -0.4678871
  1.6376596    -0.2472295     1.2372288    -0.5179548
  1.6675679    -0.2477752     1.2425617    -0.5827354
  1.6974711    -0.2582911     1.2414361    -0.6601718
  1.7273691    -0.2762273     1.2331569    -0.7477700
  1.7572618    -0.2988736     1.2169885    -0.8426626
  1.7871493    -0.3234365     1.1921801    -0.9416839
  1.8170312    -0.3471184     1.1579944    -1.0414549
  1.8469077    -0.3671973     1.1137382    -1.1384745
  1.8767785    -0.3811038     1.0587944    -1.2292168
  1.9066436    -0.3864955     0.9926534    -1.3102280
  1.9365029    -0.3813235     0.9149431    -1.3782242
  1.9663562    -0.3638917     0.8254576    -1.4301838
  1.9962036    -0.3329070     0.7241813    -1.4634343
  2.0260449    -0.2875171     0.6113096    -1.4757292
  2.0558801    -0.2273374     0.4872637    -1.4653145
  2.0857090    -0.1524642     0.3527004    -1.4309811
  2.1155315    -0.0634752     0.2085151    -1.3721035
  2.1453476     0.0385835     0.0558380    -1.2886621
  2.1751571     0.1522230    -0.1039757    -1.1812496
  2.2049601     0.2755494    -0.2693628    -1.0510603
  2.2347563     0.4063124    -0.4385750    -0.8998645
  2.2645457     0.5419642    -0.6097084    -0.7299659
  2.2943282     0.6797253    -0.7807366    -0.5441469
  2.3241037     0.8166575    -0.9495498    -0.3455991
  2.3538721     0.9497405    -1.1139959    -0.1378454
  2.3836334     1.0759504    -1.2719243     0.0753472
  2.4133874     1.1923386    -1.4212313     0.2900612
  2.4431340     1.2961082    -1.5599043     0.5023241
  2.4728732     1.3846857    -1.6860653     0.7082054
  2.5026049     1.4557879    -1.7980123     0.9039119
  2.5323289     1.5074790    -1.8942563     1.0858773
  2.5620453     1.5382203    -1.9735544     1.2508458
  2.5917538     1.5469080    -2.0349371     1.3959462
  2.6214544     1.5329004    -2.0777293     1.5187557
  2.6511471     1.4960328    -2.1015652     1.6173500
  2.6808317     1.4366204    -2.1063957     1.6903408
  2.7105081     1.3554492    -2.0924881     1.7368989
  2.7401762     1.2537552    -2.0604198     1.7567620
  2.7698360     1.1331928    -2.0110634     1.7502282
  2.7994874     0.9957933    -1.9455665     1.7181358
  2.8291302     0.8439151    -1.8653248     1.6618292
  2.8587645     0.6801867    -1.7719501     1.5831131
  2.8883900     0.5074443    -1.6672335     1.4841962
  2.9180067     0.3286658    -1.5531055     1.3676264
  2.9476145     0.1469026    -1.4315937     1.2362187
  2.9772134    -0.0347878    -1.3047786     1.0929794
  3.0068031    -0.2134088    -1.1747498     0.9410274
  3.0363838    -0.3860871    -1.0435624     0.7835150
  3.0659551    -0.5501313    -0.9131958     0.6235516
  3.0955172    -0.7030833    -0.7855150     0.4641310
  3.1250698    -0.8427634    -0.6622360     0.3080640
  3.1546128    -0.9673067    -0.5448950     0.1579194
  3.1841463    -1.0751903    -0.4348233     0.0159736
  3.2136701    -1.1652525    -0.3331278    -0.1158300
  3.2431841    -1.2367016    -0.2406770    -0.2359108
  3.2726882    -1.2891158    -0.1580930    -0.3430697
  3.3021823    -1.3224353    -0.0857501    -0.4364963
  3.3316664    -1.3369450    -0.0237784    -0.5157654
  3.3611403    -1.3332508     0.0279262    -0.5808229
  3.3906040    -1.3122499     0.0696877    -0.6319622
  3.4200574    -1.2750947     0.1020305    -0.6697918
  3.4495003    -1.2231542     0.1256567    -0.6951961
  3.4789327    -1.1579716     0.1414196    -0.7092900
  3.5083546    -1.0812216     0.1502954    -0.7133696
  3.5377657    -0.9946661     0.1533533    -0.7088598
  3.5671661    -0.9001121     0.1517246    -0.6972619
  3.5965556    -0.7993711     0.1465720    -0.6801011
  3.6259341    -0.6942219     0.1390601    -0.6588763
  3.6553016    -0.5863765     0.1303271    -0.6350144
  3.6846580    -0.4774512     0.1214587    -0.6098283
  3.7140032    -0.3689424     0.1134647    -0.5844817
  3.7433370    -0.2622076     0.1072595    -0.5599605
  3.7726594    -0.1584518     0.1036444    -0.5370514
  3.8019704    -0.0587189     0.1032956    -0.5163282
  3.8312697     0.0361112     0.1067546    -0.4981463
  3.8605574     0.1253215     0.1144232    -0.4826445
  3.8898333     0.2083522     0.1265613    -0.4697540
  3.9190974     0.2847913     0.1432896    -0.4592144
  3.9483496     0.3543628     0.1645942    -0.4505954
  3.9775897     0.4169119     0.1903346    -0.4433236
  4.0068177     0.4723892     0.2202545    -0.4367130
  4.0360334     0.5208342     0.2539945    -0.4299984
  4.0652369     0.5623580     0.2911054    -0.4223704
  4.0944281     0.5971273     0.3310643    -0.4130107
  4.1236067     0.6253495     0.3732899    -0.4011270
  4.1527728     0.6472585     0.4171588    -0.3859853
  4.1819262     0.6631036     0.4620210    -0.3669400
  4.2110669     0.6731398     0.5072150    -0.3434600
  4.2401947     0.6776209     0.5520824    -0.3151503
  4.2693097     0.6767946     0.5959800    -0.2817684
  4.2984116     0.6709005     0.6382922    -0.2432358
  4.3275005     0.6601698     0.6784401    -0.1996433
  4.3565761     0.6448273     0.7158902    -0.1512507
  4.3856385     0.6250941     0.7501607    -0.0984814
  4.4146876     0.6011931     0.7808261    -0.0419113
  4.4437232     0.5733536     0.8075209     0.0177465
  4.4727452     0.5418173     0.8299406     0.0796617
  4.5017536     0.5068440     0.8478428     0.1429098
  4.5307483     0.4687167     0.8610456     0.2064975
  4.5597293     0.4277456     0.8694264     0.2693905
  4.5886963     0.3842716     0.8729192     0.3305417
  4.6176493     0.3386678     0.8715110     0.3889192
  4.6465883     0.2913391     0.8652389     0.4435343
  4.6755131     0.2427211     0.8541861     0.4934663
  4.7044237     0.1932760     0.8384777     0.5378870
  4.7333199     0.1434879     0.8182776     0.5760800
  4.7622018     0.0938553     0.7937844     0.6074580
  4.7910691     0.0448836     0.7652283     0.6315756
  4.8199218    -0.0029244     0.7328681     0.6481378
  4.8487599    -0.0490787     0.6969879     0.6570044
  4.8775831    -0.0931121     0.6578951     0.6581897
  4.9063916    -0.1345909     0.6159178     0.6518589
  4.9351850    -0.1731251     0.5714027     0.6383191
  4.9639635    -0.2083768     0.5247129     0.6180084
  4.9927268    -0.2400692     0.4762257     0.5914801
  5.0214749    -0.2679926     0.4263308     0.5593863
  5.0502077    -0.2920094     0.3754275     0.5224575
  5.0789252    -0.3120568     0.3239222     0.4814824
  5.1076271    -0.3281477     0.2722257     0.4372861
  5.1363135    -0.3403688     0.2207496     0.3907085
  5.1649843    -0.3488772     0.1699027     0.3425835
  5.1936393    -0.3538944     0.1200872     0.2937186
  5.2222785    -0.3556984     0.0716940     0.2448771
  5.2509018    -0.3546142     0.0250983     0.1967617
  5.2795091    -0.3510029    -0.0193455     0.1500009
  5.3081003    -0.3452495    -0.0613089     0.1051383
  5.3366753    -0.3377499    -0.1004940     0.0626242
  5.3652341    -0.3288984    -0.1366390     0.0228114
  5.3937766    -0.3190743    -0.1695225    -0.0140468
  5.4223026    -0.3086296    -0.1989678    -0.0477955
  5.4508121    -0.2978781    -0.2248469    -0.0783741
  5.4793050    -0.2870850    -0.2470834    -0.1058097
  5.5077812    -0.2764590    -0.2656549    -0.1302080
  5.5362406    -0.2661459    -0.2805940    -0.1517432
  5.5646832    -0.2562250    -0.2919892    -0.1706453
  5.5931088    -0.2467072    -0.2999834    -0.1871873
  5.6215173    -0.2375361    -0.3047727    -0.2016715
  5.6499088    -0.2285912    -0.3066025    -0.2144154
  5.6782830    -0.2196939    -0.3057643    -0.2257386
  5.7066400    -0.2106151    -0.3025895    -0.2359498
  5.7349795    -0.2010853    -0.2974439    -0.2453353
  5.7633016    -0.1908059    -0.2907200    -0.2541486
  5.7916061    -0.1794620    -0.2828296    -0.2626019
  5.8198930    -0.1667361    -0.2741950    -0.2708597
  5.8481622    -0.1523222    -0.2652407    -0.2790335
  5.8764135    -0.1359396    -0.2563840    -0.2871797
  5.9046470    -0.1173466    -0.2480262    -0.2952987
  5.9328624    -0.0963531    -0.2405443    -0.3033369
  5.9610598    -0.0728317    -0.2342822    -0.3111892
  5.9892391    -0.0467274    -0.2295438    -0.3187047
  6.0174000    -0.0180650    -0.2265858    -0.3256932
  6.0455427     0.0130461    -0.2256122    -0.3319325
  6.0736669     0.0464090    -0.2267701    -0.3371775
  6.1017727     0.0817395    -0.2301461    -0.3411696
  6.1298598     0.1186691    -0.2357647    -0.3436460
  6.1579283     0.1567503    -0.2435876    -0.3443497
  6.1859780     0.1954647    -0.2535150    -0.3430389
  6.2140089     0.2342332    -0.2653879    -0.3394957
  6.2420208     0.2724288    -0.2789918    -0.3335341
  6.2700138     0.3093905    -0.2940615    -0.3250073
  6.2979876     0.3444391    -0.3102877    -0.3138131
  6.3259422     0.3768934    -0.3273237    -0.2998986
  6.3538776     0.4060877    -0.3447937    -0.2832631
  6.3817936     0.4313881    -0.3623008    -0.2639593
  6.4096902     0.4522097    -0.3794365    -0.2420938
  6.4375673     0.4680320    -0.3957896    -0.2178251
  6.4654247     0.4784130    -0.4109554    -0.1913611
  6.4932625     0.4830017    -0.4245445    -0.1629546
  6.5210805     0.4815490    -0.4361914    -0.1328981
  6.5488786     0.4739150    -0.4455623    -0.1015179
  6.5766567     0.4600748    -0.4523621    -0.0691668
  6.6044148     0.4401211    -0.4563404    -0.0362165
  6.6321529     0.4142637    -0.4572965    -0.0030504
  6.6598707     0.3828265    -0.4550835     0.0299454
  6.6875682     0.3462420    -0.4496107     0.0623888
  6.7152453     0.3050420    -0.4408445     0.0939101
  6.7429020     0.2598474    -0.4288092     0.1241585
  6.7705382     0.2113550    -0.4135851     0.1528089
  6.7981537     0.1603227    -0.3953067     0.1795673
  6.8257485     0.1075532    -0.3741584     0.2041755
  6.8533225     0.0538772    -0.3503707     0.2264149
  6.8808757     0.0001356    -0.3242144     0.2461095
  6.9084079    -0.0528385    -0.2959947     0.2631269
  6.9359190    -0.1042367    -0.2660444     0.2773794
  6.9634090    -0.1532921    -0.2347168     0.2888237
  6.9908778    -0.1992947    -0.2023787     0.2974589
  7.0183253    -0.2416052    -0.1694027     0.3033251
  7.0457515    -0.2796670    -0.1361602     0.3064997
  7.0731561    -0.3130159    -0.1030145     0.3070940
  7.1005393    -0.3412874    -0.0703142     0.3052492
  7.1279008    -0.3642222    -0.0383873     0.3011314
  7.1552405    -0.3816679    -0.0075361     0.2949268
  7.1825585    -0.3935796     0.0219678     0.2868372
  7.2098546    -0.4000167     0.0498866     0.2770744
  7.2371288    -0.4011379     0.0760195     0.2658554
  7.2643809    -0.3971946     0.1002044     0.2533983
  7.2916108    -0.3885211     0.1223193     0.2399174
  7.3188186    -0.3755240     0.1422817     0.2256196
  7.3460040    -0.3586702     0.1600485     0.2107011
  7.3731671    -0.3384737     0.1756144     0.1953443
  7.4003078    -0.3154818     0.1890095     0.1797157
  7.4274258    -0.2902608     0.2002966     0.1639642
  7.4545213    -0.2633827     0.2095678     0.1482202
  7.4815940    -0.2354110     0.2169407     0.1325947
  7.5086440    -0.2068886     0.2225545     0.1171794
  7.5356711    -0.1783259     0.2265656     0.1020476
  7.5626752    -0.1501905     0.2291431     0.0872548
  7.5896563    -0.1228986     0.2304646     0.0728399
  7.6166143    -0.0968083     0.2307121     0.0588274
  7.6435491    -0.0722141     0.2300677     0.0452289
  7.6704605    -0.0493441     0.2287100     0.0320453
  7.6973487    -0.0283585     0.2268106     0.0192691
  7.7242133    -0.0093506     0.2245314     0.0068862
  7.7510545     0.0076511     0.2220216    -0.0051213
  7.7778720     0.0226782     0.2194160    -0.0167734
  7.8046659     0.0358175     0.2168333    -0.0280902
  7.8314359     0.0472033     0.2143748    -0.0390900
  7.8581822     0.0570102     0.2121240    -0.0497878
  7.8849044     0.0654437     0.2101466    -0.0601941
  7.9116027     0.0727313     0.2084900    -0.0703138
  7.9382768     0.0791131     0.2071848    -0.0801454
  7.9649268     0.0848323     0.2062450    -0.0896806
  7.9915525     0.0901261     0.2056698    -0.0989039
  8.0181539     0.0952172     0.2054443    -0.1077930
  8.0447308     0.1003061     0.2055421    -0.1163190
  8.0712833     0.1055644     0.2059261    -0.1244465
  8.0978111     0.1111292     0.2065507    -0.1321351
  8.1243143     0.1170988     0.2073636    -0.1393394
  8.1507928     0.1235298     0.2083072    -0.1460108
  8.1772464     0.1304356     0.2093206    -0.1520979
  8.2036751     0.1377860     0.2103413    -0.1575483
  8.2300788     0.1455092     0.2113061    -0.1623094
  8.2564574     0.1534934     0.2121527    -0.1663295
  8.2828109     0.1615916     0.2128206    -0.1695594
  8.3091392     0.1696256     0.2132524    -0.1719533
  8.3354421     0.1773924     0.2133940    -0.1734698
  8.3617197     0.1846703     0.2131956    -0.1740730
  8.3879717     0.1912259     0.2126119    -0.1737333
  8.4141983     0.1968219     0.2116023    -0.1724282
  8.4403992     0.2012238     0.2101311    -0.1701430
  8.4665744     0.2042078     0.2081677    -0.1668710
  8.4927238     0.2055674     0.2056861    -0.1626144
  8.5188473     0.2051203     0.2026653    -0.1573841
  8.5449449     0.2027138     0.1990884    -0.1512001
  8.5710164     0.1982302     0.1949433    -0.1440911
  8.5970619     0.1915905     0.1902215    -0.1360950
  8.6230811     0.1827579     0.1849188    -0.1272581
  8.6490741     0.1717391     0.1790344    -0.1176350
  8.6750407     0.1585858     0.1725711    -0.1072883
  8.7009810     0.1433938     0.1655352    -0.0962876
  8.7268947     0.1263019     0.1579363    -0.0847093
  8.7527818     0.1074891     0.1497873    -0.0726359
  8.7786422     0.0871713     0.1411042    -0.0601549
  8.8044760     0.0655968     0.1319066    -0.0473584
  8.8302829     0.0430411     0.1222174    -0.0343418
  8.8560629     0.0198015     0.1120629    -0.0212032
  8.8818159    -0.0038098     0.1014729    -0.0080425
  8.9075419    -0.0274714     0.0904808     0.0050400
  8.9332407    -0.0508599     0.0791236     0.0179440
  8.9589123    -0.0736562     0.0674417     0.0305707
  8.9845567    -0.0955523     0.0554792     0.0428235
  9.0101736    -0.1162569     0.0432836     0.0546092
  9.0357631    -0.1355012     0.0309055     0.0658387
  9.0613251    -0.1530441     0.0183984     0.0764281
  9.0868595    -0.1686762     0.0058186     0.0862996
  9.1123662    -0.1822233    -0.0067756     0.0953823
  9.1378452    -0.1935492    -0.0193240     0.1036129
  9.1632963    -0.2025575    -0.0317655     0.1109364
  9.1887195    -0.2091922    -0.0440382     0.1173068
  9.2141147    -0.2134375    -0.0560804     0.1226875
  9.2394819    -0.2153175    -0.0678312     0.1270517
  9.2648209    -0.2148938    -0.0792313     0.1303828
  9.2901317    -0.2122631    -0.0902237     0.1326743
  9.3154141    -0.2075542    -0.1007543     0.1339302
  9.3406683    -0.2009240    -0.1107729     0.1341645
  9.3658939    -0.1925531    -0.1202337     0.1334011
  9.3910910    -0.1826417    -0.1290956     0.1316738
  9.4162595    -0.1714041    -0.1373235     0.1290251
  9.4413994    -0.1590642    -0.1448880     0.1255062
  9.4665104    -0.1458503    -0.1517661     0.1211758
  9.4915927    -0.1319902    -0.1579417     0.1160996
  9.5166460    -0.1177068    -0.1634051     0.1103493
  9.5416703    -0.1032136    -0.1681538     0.1040013
  9.5666656    -0.0887113    -0.1721915     0.0971359
  9.5916317    -0.0743836    -0.1755289     0.0898362
  9.6165686    -0.0603952    -0.1781825     0.0821867
  9.6414762    -0.0468893    -0.1801748     0.0742723
  9.6663545    -0.0339858    -0.1815334     0.0661770
  9.6912033    -0.0217808    -0.1822904     0.0579829
  9.7160225    -0.0103459    -0.1824821     0.0497692
  9.7408122     0.0002714    -0.1821476     0.0416110
  9.7655722     0.0100466    -0.1813287     0.0335785
  9.7903025     0.0189771    -0.1800688     0.0257361
  9.8150029     0.0270800    -0.1784118     0.0181418
  9.8396735     0.0343903    -0.1764020     0.0108466
  9.8643140     0.0409578    -0.1740825     0.0038940
  9.8889245     0.0468444    -0.1714952    -0.0026801
  9.9135049     0.0521211    -0.1686798    -0.0088477
  9.9380551     0.0568651    -0.1656732    -0.0145888
  9.9625751     0.0611564    -0.1625092    -0.0198908
  9.9870646     0.0650748    -0.1592178    -0.0247487
 10.0115238     0.0686974    -0.1558250    -0.0291644
 10.0359524     0.0720956    -0.1523530    -0.0331461
 10.0603505     0.0753330    -0.1488194    -0.0367079
 10.0847180     0.0784634    -0.1452376    -0.0398688
 10.1090547     0.0815290    -0.1416170    -0.0426519
 10.1333606     0.0845595    -0.1379629    -0.0450839
 10.1576357     0.0875711    -0.1342772    -0.0471936
 10.1818798     0.0905662    -0.1305583    -0.0490114
 10.2060929     0.0935337    -0.1268017    -0.0505683
 10.2302749     0.0964491    -0.1230007    -0.0518949
 10.2544257     0.0992757    -0.1191466    -0.0530206
 10.2785453     0.1019660    -0.1152297    -0.0539730
 10.3026336     0.1044628    -0.1112392    -0.0547771
 10.3266906     0.1067012    -0.1071643    -0.0554544
 10.3507160     0.1086109    -0.1029945    -0.0560229
 10.3747099     0.1101180    -0.0987203    -0.0564965
 10.3986723     0.1111474    -0.0943334    -0.0568847
 10.4226029     0.1116253    -0.0898274    -0.0571923
 10.4465018     0.1114811    -0.0851978    -0.0574200
 10.4703689     0.1106501    -0.0804426    -0.0575636
 10.4942041     0.1090749    -0.0755625    -0.0576153
 10.5180073     0.1067079    -0.0705608    -0.0575632
 10.5417785     0.1035125    -0.0654437    -0.0573919
 10.5655175     0.0994647    -0.0602201    -0.0570837
 10.5892244     0.0945540    -0.0549016    -0.0566181
 10.6128990     0.0887843    -0.0495023    -0.0559736
 10.6365413     0.0821743    -0.0440388    -0.0551277
 10.6601512     0.0747575    -0.0385293    -0.0540578
 10.6837286     0.0665818    -0.0329940    -0.0527422
 10.7072735     0.0577095    -0.0274541    -0.0511605
 10.7307858     0.0482157    -0.0219320    -0.0492946
 10.7542654     0.0381875    -0.0164501    -0.0471292
 10.7777122     0.0277226    -0.0110313    -0.0446525
 10.8011262     0.0169274    -0.0056976    -0.0418567
 10.8245072     0.0059154    -0.0004705    -0.0387385
 10.8478553    -0.0051947     0.0046298    -0.0352995
 10.8711704    -0.0162813     0.0095849    -0.0315463
 10.8944524    -0.0272221     0.0143780    -0.0274909
 10.9177011    -0.0378957     0.0189948    -0.0231504
 10.9409166    -0.0481842     0.0234232    -0.0185473
 10.9640988    -0.0579751     0.0276537    -0.0137091
 10.9872476    -0.0671628     0.0316797    -0.0086680
 11.0103629    -0.0756509     0.0354971    -0.0034607
 11.0334447    -0.0833531     0.0391046     0.0018725
 11.0564928    -0.0901952     0.0425034     0.0072877
 11.0795073    -0.0961153     0.0456974     0.0127384
 11.1024880    -0.1010657     0.0486927     0.0181761
 11.1254349    -0.1050124     0.0514976     0.0235513
 11.1483479    -0.1079361     0.0541219     0.0288135
 11.1712270    -0.1098319     0.0565774     0.0339130
 11.1940720    -0.1107089     0.0588766     0.0388008
 11.2168830    -0.1105904     0.0610331     0.0434298
 11.2396597    -0.1095122     0.0630609     0.0477556
 11.2624023    -0.1075224     0.0649742     0.0517367
 11.2851105    -0.1046799     0.0667868     0.0553356
 11.3077843    -0.1010533     0.0685121     0.0585193
 11.3304237    -0.0967192     0.0701625     0.0612592
 11.3530286    -0.0917610     0.0717493     0.0635325
 11.3755989    -0.0862670     0.0732824     0.0653213
 11.3981345    -0.0803290     0.0747701     0.0666140
 11.4206355    -0.0740405     0.0762189     0.0674043
 11.4431016    -0.0674952     0.0776332     0.0676921
 11.4655329    -0.0607854     0.0790158     0.0674826
 11.4879292    -0.0540003     0.0803672     0.0667870
 11.5102906    -0.0472250     0.0816860     0.0656212
 11.5326169    -0.0405393     0.0829691     0.0640063
 11.5549080    -0.0340161     0.0842112     0.0619679
 11.5771640    -0.0277210     0.0854057     0.0595354
 11.5993847    -0.0217112     0.0865444     0.0567415
 11.6215701    -0.0160355     0.0876179     0.0536221
 11.6437200    -0.0107331     0.0886158     0.0502149
 11.6658345    -0.0058341     0.0895270     0.0465595
 11.6879135    -0.0013592     0.0903400     0.0426962
 11.7099568     0.0026801     0.0910429     0.0386660
 11.7319645     0.0062812     0.0916242     0.0345091
 11.7539365     0.0094497     0.0920726     0.0302653
 11.7758726     0.0121991     0.0923775     0.0259729
 11.7977729     0.0145499     0.0925292     0.0216680
 11.8196372     0.0165286     0.0925193     0.0173849
 11.8414656     0.0181672     0.0923403     0.0131548
 11.8632578     0.0195017     0.0919866     0.0090060
 11.8850139     0.0205715     0.0914541     0.0049637
 11.9067339     0.0214182     0.0907403     0.0010495
 11.9284175     0.0220846     0.0898446    -0.0027185
 11.9500648     0.0226139     0.0887682    -0.0063256
 11.9716757     0.0230483     0.0875140    -0.0097606
 11.9932502     0.0234284     0.0860868    -0.0130160
 12.0147881     0.0237924     0.0844930    -0.0160870
 12.0362894     0.0241755     0.0827404    -0.0189722
 12.0577540     0.0246086     0.0808383    -0.0216728
 12.0791820     0.0251188     0.0787973    -0.0241924
 12.1005731     0.0257279     0.0766290    -0.0265366
 12.1219273     0.0264530     0.0743456    -0.0287128
 12.1432447     0.0273057     0.0719603    -0.0307298
 12.1645250     0.0282923     0.0694864    -0.0325971
 12.1857683     0.0294139     0.0669373    -0.0343248
 12.2069745     0.0306663     0.0643265    -0.0359234
 12.2281434     0.0320403     0.0616671    -0.0374029
 12.2492752     0.0335224     0.0589717    -0.0387728
 12.2703696     0.0350945     0.0562522    -0.0400418
 12.2914266     0.0367352     0.0535197    -0.0412176
 12.3124462     0.0384196     0.0507840    -0.0423064
 12.3334283     0.0401204     0.0480540    -0.0433127
 12.3543729     0.0418084     0.0453372    -0.0442396
 12.3752798     0.0434528     0.0426399    -0.0450882
 12.3961490     0.0450223     0.0399668    -0.0458580
 12.4169804     0.0464855     0.0373213    -0.0465465
 12.4377740     0.0478116     0.0347056    -0.0471495
 12.4585297     0.0489708     0.0321202    -0.0476612
 12.4792475     0.0499352     0.0295647    -0.0480742
 12.4999273     0.0506790     0.0270373    -0.0483799
 12.5205689     0.0511789     0.0245353    -0.0485684
 12.5411725     0.0514148     0.0220550    -0.0486291
 12.5617378     0.0513700     0.0195920    -0.0485508
 12.5822649     0.0510312     0.0171412    -0.0483219
 12.6027536     0.0503891     0.0146974    -0.0479310
 12.6232040     0.0494382     0.0122548    -0.0473668
 12.6436159     0.0481770     0.0098078    -0.0466188
 12.6639893     0.0466078     0.0073511    -0.0456772
 12.6843241     0.0447368     0.0048794    -0.0445337
 12.7046203     0.0425740     0.0023882    -0.0431811
 12.7248777     0.0401326    -0.0001265    -0.0416141
 12.7450964     0.0374293    -0.0026676    -0.0398296
 12.7652763     0.0344834    -0.0052373    -0.0378261
 12.7854173     0.0313169    -0.0078367    -0.0356047
 12.8055194     0.0279541    -0.0104656    -0.0331687
 12.8255824     0.0244210    -0.0131228    -0.0305242
 12.8456064     0.0207450    -0.0158054    -0.0276792
 12.8655912     0.0169544    -0.0185098    -0.0246447
 12.8855369     0.0130783    -0.0212307    -0.0214339
 12.9054433     0.0091457    -0.0239617    -0.0180623
 12.9253104     0.0051857    -0.0266951    -0.0145475
 12.9451381     0.0012266    -0.0294224    -0.0109094
 12.9649264    -0.0027042    -0.0321338    -0.0071695
 12.9846752    -0.0065805    -0.0348186    -0.0033511
 13.0043844    -0.0103775    -0.0374656     0.0005214
 13.0240541    -0.0140724    -0.0400628     0.0044225
 13.0436840    -0.0176441    -0.0425977     0.0083257
 13.0632742    -0.0210737    -0.0450579     0.0122042
 13.0828247    -0.0243446    -0.0474305     0.0160311
 13.1023352    -0.0274425    -0.0497029     0.0197795
 13.1218059    -0.0303554    -0.0518627     0.0234233
 13.1412366    -0.0330736    -0.0538980     0.0269369
 13.1606273    -0.0355898    -0.0557976     0.0302959
 13.1799778    -0.0378990    -0.0575509     0.0334773
 13.1992882    -0.0399981    -0.0591483     0.0364597
 13.2185585    -0.0418862    -0.0605815     0.0392236
 13.2377884    -0.0435643    -0.0618430     0.0417516
 13.2569780    -0.0450348    -0.0629270     0.0440286
 13.2761273    -0.0463018    -0.0638288     0.0460420
 13.2952361    -0.0473706    -0.0645455     0.0477815
 13.3143044    -0.0482475    -0.0650753     0.0492397
 13.3333321    -0.0489399    -0.0654182     0.0504119
 13.3523192    -0.0494555    -0.0655757     0.0512958
 13.3712657    -0.0498027    -0.0655509     0.0518922
 13.3901714    -0.0499900    -0.0653483     0.0522043
 13.4090364    -0.0500260    -0.0649737     0.0522378
 13.4278604    -0.0499192    -0.0644345     0.0520010
 13.4466436    -0.0496776    -0.0637393     0.0515045
 13.4653858    -0.0493092    -0.0628977     0.0507609
 13.4840871    -0.0488210    -0.0619205     0.0497847
 13.5027472    -0.0482199    -0.0608194     0.0485924
 13.5213662    -0.0475117    -0.0596067     0.0472016
 13.5399440    -0.0467016    -0.0582954     0.0456315
 13.5584806    -0.0457940    -0.0568989     0.0439021
 13.5769758    -0.0447927    -0.0554308     0.0420342
 13.5954297    -0.0437006    -0.0539051     0.0400490
 13.6138422    -0.0425198    -0.0523352     0.0379681
 13.6322132    -0.0412520    -0.0507348     0.0358128
 13.6505427    -0.0398981    -0.0491171     0.0336044
 13.6688306    -0.0384587    -0.0474945     0.0313635
 13.6870769    -0.0369339    -0.0458790     0.0291100
 13.7052815    -0.0353234    -0.0442818     0.0268627
 13.7234443    -0.0336271    -0.0427132     0.0246396
 13.7415654    -0.0318444    -0.0411824     0.0224571
 13.7596445    -0.0299750    -0.0396976     0.0203302
 13.7776818    -0.0280188    -0.0382659     0.0182723
 13.7956771    -0.0259761    -0.0368930     0.0162953
 13.8136303    -0.0238474    -0.0355835     0.0144091
 13.8315415    -0.0216338    -0.0343408     0.0126219
 13.8494106    -0.0193371    -0.0331668     0.0109401
 13.8672374    -0.0169598    -0.0320624     0.0093682
 13.8850221    -0.0145051    -0.0310272     0.0079089
 13.9027644    -0.0119771    -0.0300594     0.0065631
 13.9204644    -0.0093808    -0.0291564     0.0053301
 13.9381219    -0.0067220    -0.0283144     0.0042075
 13.9557370    -0.0040075    -0.0275286     0.0031914
 13.9733096    -0.0012450    -0.0267933     0.0022764
 13.9908397     0.0015567    -0.0261021     0.0014562
 14.0083271     0.0043884    -0.0254480     0.0007229
 14.0257718     0.0072396    -0.0248233     0.0000680
 14.0431739     0.0100995    -0.0242200    -0.0005179
 14.0605331     0.0129562    -0.0236296    -0.0010449
 14.0778495     0.0157975    -0.0230436    -0.0015234
 14.0951231     0.0186107    -0.0224535    -0.0019642
 14.1123536     0.0213827    -0.0218507    -0.0023783
 14.1295412     0.0241001    -0.0212269    -0.0027763
 14.1466858     0.0267495    -0.0205740    -0.0031690
 14.1637873     0.0293174    -0.0198844    -0.0035665
 14.1808456     0.0317904    -0.0191510    -0.0039787
 14.1978607     0.0341555    -0.0183673    -0.0044146
 14.2148326     0.0364000    -0.0175275    -0.0048826
 14.2317612     0.0385118    -0.0166265    -0.0053901
 14.2486464     0.0404793    -0.0156602    -0.0059436
 14.2654882     0.0422919    -0.0146251    -0.0065487
 14.2822866     0.0439397    -0.0135189    -0.0072096
 14.2990415     0.0454138    -0.0123401    -0.0079296
 14.3157528     0.0467063    -0.0110882    -0.0087108
 14.3324204     0.0478106    -0.0097637    -0.0095540
 14.3490445     0.0487211    -0.0083680    -0.0104588
 14.3656248     0.0494337    -0.0069036    -0.0114237
 14.3821614     0.0499454    -0.0053738    -0.0124461
 14.3986541     0.0502547    -0.0037827    -0.0135221
 14.4151030     0.0503613    -0.0021355    -0.0146471
 14.4315080     0.0502663    -0.0004380    -0.0158150
 14.4478690     0.0499721     0.0013032    -0.0170193
 14.4641860     0.0494826     0.0030809    -0.0182525
 14.4804590     0.0488027     0.0048873    -0.0195062
 14.4966878     0.0479388     0.0067142    -0.0207716
 14.5128725     0.0468981     0.0085528    -0.0220393
 14.5290130     0.0456893     0.0103940    -0.0232997
 14.5451092     0.0443217     0.0122287    -0.0245425
 14.5611611     0.0428060     0.0140475    -0.0257576
 14.5771686     0.0411532     0.0158408    -0.0269348
 14.5931318     0.0393753     0.0175993    -0.0280637
 14.6090505     0.0374849     0.0193138    -0.0291344
 14.6249247     0.0354951     0.0209751    -0.0301370
 14.6407543     0.0334193     0.0225745    -0.0310622
 14.6565394     0.0312711     0.0241036    -0.0319010
 14.6722798     0.0290645     0.0255545    -0.0326452
 14.6879755     0.0268132     0.0269198    -0.0332869
 14.7036264     0.0245311     0.0281926    -0.0338192
 14.7192326     0.0222317     0.0293667    -0.0342359
 14.7347939     0.0199284     0.0304365    -0.0345316
 14.7503104     0.0176339     0.0313973    -0.0347019
 14.7657819     0.0153606     0.0322449    -0.0347433
 14.7812084     0.0131204     0.0329762    -0.0346531
 14.7965899     0.0109243     0.0335885    -0.0344298
 14.8119264     0.0087827     0.0340802    -0.0340727
 14.8272177     0.0067051     0.0344504    -0.0335823
 14.8424639     0.0047003     0.0346990    -0.0329597
 14.8576648     0.0027760     0.0348268    -0.0322073
 14.8728205     0.0009390     0.0348351    -0.0313283
 14.8879309    -0.0008047     0.0347263    -0.0303268
 14.9029959    -0.0024504     0.0345033    -0.0292075
 14.9180155    -0.0039942     0.0341696    -0.0279764
 14.9329897    -0.0054332     0.0337297    -0.0266397
 14.9479184    -0.0067656     0.0331884    -0.0252047
 14.9628016    -0.0079904     0.0325510    -0.0236790
 14.9776391    -0.0091078     0.0318235    -0.0220709
 14.9924311    -0.0101187     0.0310124    -0.0203890
 15.0071774    -0.0110249     0.0301242    -0.0186426
 15.0218780    -0.0118291     0.0291662    -0.0168410
 15.0365328    -0.0125348     0.0281456    -0.0149939
 15.0511418    -0.0131462     0.0270700    -0.0131111
 15.0657049    -0.0136681     0.0259471    -0.0112025
 15.0802222    -0.0141058     0.0247847    -0.0092780
 15.0946935    -0.0144654     0.0235906    -0.0073474
 15.1091189    -0.0147533     0.0223726    -0.0054204
 15.1234982    -0.0149761     0.0211384    -0.0035066
 15.1378315    -0.0151409     0.0198956    -0.0016150
 15.1521186    -0.0152551     0.0186516     0.0002453
 15.1663596    -0.0153261     0.0174134     0.0020659
 15.1805544    -0.0153614     0.0161880     0.0038387
 15.1947030    -0.0153685     0.0149820     0.0055562
 15.2088052    -0.0153549     0.0138015     0.0072113
 15.2228612    -0.0153280     0.0126524     0.0087976
 15.2368707    -0.0152949     0.0115401     0.0103090
 15.2508339    -0.0152625     0.0104695     0.0117404
 15.2647506    -0.0152375     0.0094452     0.0130871
 15.2786207    -0.0152260     0.0084712     0.0143450

PDF 1 in T(r) format
  r, PDF (RMC), PDF (Expt)
 CURVES
          99 ,           2
      0.0654509        0.0000000        0.0000000
      0.1309019        0.0000000        0.0000000
      0.1963528        0.0000000        0.0000000
      0.2618037        0.0000000        0.0000000
      0.3272547        0.0000000        0.0000000
      0.3927056        0.0000000        0.0000000
      0.4581565        0.0000000        0.0000000
      0.5236075        0.0000000        0.0000000
      0.5890584        0.0000000        0.0000000
      0.6545093        0.0000000        0.0000000
      0.7199603        0.0000000        0.0000000
      0.7854112        0.0000000        0.0000000
      0.8508621        0.0000000        0.0000000
      0.9163131        0.0000000        0.0000000
      0.9817640        0.0000000        0.0000000
      1.0472149        0.0000000        0.0000000
      1.1126659        0.0000000        0.0000000
      1.1781168        0.0000000        0.0000000
      1.2435677        0.0000000        0.1316760
      1.3090187        0.0000000        0.4238625
      1.3744696        0.0000000        0.8213135
      1.4399206        0.0000000        1.3101088
      1.5053715        1.3673141        1.8490447
      1.5708224        2.9192978        2.3716990
      1.6362734        4.1443810        2.7982537
      1.7017243        4.9996324        3.0546463
      1.7671752        5.2352220        3.0928779
      1.8326262        4.5336254        2.9050534
      1.8980771        3.1180282        2.5258398
      1.9635280        1.7331522        2.0226272
      2.0289790        0.4991874        1.4775399
      2.0944299        0.0655221        0.9682367
      2.1598808        0.0000000        0.5539479
      2.2253318        0.0000000        0.2699826
      2.2907827        0.0424710        0.1298570
      2.3562336        0.0412914        0.1313560
      2.4216846        0.0401756        0.2623924
      2.4871355        0.2347106        0.5042328
      2.5525864        0.8004256        0.8321558
      2.6180374        1.2635323        1.2153921
      2.6834883        2.0601272        1.6184072
      2.7489392        2.7625362        2.0044334
      2.8143902        3.2041192        2.3405596
      2.8798411        3.5818922        2.6026470
      2.9452920        3.6678141        2.7783616
      3.0107430        3.6721241        2.8675033
      3.0761939        3.6726763        2.8799456
      3.1416448        3.3448028        2.8322592
      3.2070958        3.4471084        2.7441969
      3.2725467        2.9449888        2.6358189
      3.3379976        2.9038232        2.5254918
      3.4034486        2.4967863        2.4286263
      3.4688995        2.5521259        2.3569375
      3.5343504        2.4726761        2.3181306
      3.5998014        2.4715242        2.3160325
      3.6652523        2.4511597        2.3511994
      3.7307032        2.6203578        2.4218968
      3.7961542        2.6984797        2.5251770
      3.8616051        2.9977959        2.6576797
      3.9270560        3.3802636        2.8158390
      3.9925070        3.3558791        2.9954021
      4.0579579        3.5324223        3.1904842
      4.1234088        3.8861940        3.3926614
      4.1888598        4.3633754        3.5907160
      4.2543107        4.6320830        3.7714916
      4.3197617        4.9331814        3.9219209
      4.3852126        5.2047529        4.0317843
      4.4506635        5.0573414        4.0963630
      4.5161145        5.0196518        4.1180547
      4.5815654        5.0456479        4.1063047
      4.6470163        4.7374358        4.0757598
      4.7124673        4.5221340        4.0431579
      4.7779182        4.4850434        4.0238620
      4.8433691        4.4479110        4.0289911
      4.9088201        4.6623629        4.0638072
      4.9742710        4.7663712        4.1275499
      5.0397219        4.9440675        4.2144770
      5.1051729        5.1498940        4.3156183
      5.1706238        5.2283286        4.4207245
      5.2360747        5.4373885        4.5200193
      5.3015257        5.5031872        4.6055433
      5.3669766        5.6549523        4.6720168
      5.4324275        5.6905214        4.7172256
      5.4978785        5.6404519        4.7419643
      5.5633294        5.5181350        4.7495865
      5.6287803        5.6110020        4.7452451
      5.6942313        5.5288917        4.7349460
      5.7596822        5.3592031        4.7245755
      5.8251331        5.3510169        4.7190665
      5.8905841        5.4395325        4.7218376
      5.9560350        5.3969795        4.7345727
      6.0214859        5.3684130        4.7573326
      6.0869369        5.4609362        4.7889204
      6.1523878        5.4048368        4.8273866
      6.2178387        5.5096901        4.8705524
      6.2832897        5.6025952        4.9164535
      6.3487406        5.4499726        4.9636379
      6.4141915        5.7550523        5.0112909
      6.4796425        5.6966296        5.0591902

 Total S(Q)'s: Comparison with input data

   611  2 are NQ and NPAR

       Q      S(Q)_RMC  S(Q)_Expt
      0.4682470     -0.8607846     -0.7699752
      0.4982822     -0.9294664     -0.7512039
      0.5283159     -0.9956812     -0.7776161
      0.5583480     -1.0583724     -0.7485452
      0.5883784     -1.1164914     -0.7479022
      0.6184069     -1.1690145     -0.7226057
      0.6484336     -1.2149617     -0.7314147
      0.6784584     -1.2534148     -0.7147216
      0.7084810     -1.2835365     -0.7157328
      0.7385015     -1.3045895     -0.6774466
      0.7685198     -1.3159533     -0.6994172
      0.7985357     -1.3171416     -0.6643108
      0.8285491     -1.3078163     -0.6567675
      0.8585601     -1.2878003     -0.6290046
      0.8885684     -1.2570866     -0.6413747
      0.9185740     -1.2158454     -0.5996667
      0.9485769     -1.1644263     -0.5935253
      0.9785768     -1.1033585     -0.5459834
      1.0085738     -1.0333454     -0.5716081
      1.0385677     -0.9552566     -0.5201153
      1.0685584     -0.8701156     -0.4987397
      1.0985458     -0.7790831     -0.4429364
      1.1285300     -0.6834382     -0.4439706
      1.1585106     -0.5845553     -0.3775846
      1.1884878     -0.4838789     -0.3399739
      1.2184613     -0.3828964     -0.2583374
      1.2484312     -0.2831090     -0.2489920
      1.2783972     -0.1860020     -0.1750579
      1.3083593     -0.0930150     -0.1046360
      1.3383174     -0.0055128     -0.0013325
      1.3682715      0.0752429      0.0149805
      1.3982214      0.1481190      0.1307315
      1.4281670      0.2121346      0.1897829
      1.4581083      0.2664810      0.2688160
      1.4880452      0.3105376      0.2510619
      1.5179775      0.3438844      0.3098464
      1.5479052      0.3663093      0.3096197
      1.5778281      0.3778108      0.3263737
      1.6077463      0.3785962      0.2833600
      1.6376596      0.3690747      0.2709785
      1.6675679      0.3498461      0.2300771
      1.6974711      0.3216849      0.2028755
      1.7273691      0.2855210      0.1259303
      1.7572618      0.2424166      0.1095103
      1.7871493      0.1935402      0.0763201
      1.8170312      0.1401387      0.0617040
      1.8469077      0.0835081     -0.0204835
      1.8767785      0.0249630     -0.0564190
      1.9066436     -0.0341929     -0.0903869
      1.9365029     -0.0926969     -0.0889548
      1.9663562     -0.1493541     -0.1593252
      1.9962036     -0.2030637     -0.1609339
      2.0260449     -0.2528410     -0.1808695
      2.0558801     -0.2978371     -0.1824367
      2.0857090     -0.3373543     -0.2332609
      2.1155315     -0.3708575     -0.2178072
      2.1453476     -0.3979812     -0.2336002
      2.1751571     -0.4185320     -0.2122783
      2.2049601     -0.4324872     -0.2649585
      2.2347563     -0.4399881     -0.2463775
      2.2645457     -0.4413309     -0.2456150
      2.2943282     -0.4369522     -0.2161778
      2.3241037     -0.4274125     -0.2605423
      2.3538721     -0.4133770     -0.2323674
      2.3836334     -0.3955934     -0.2384480
      2.4133874     -0.3748695     -0.2006347
      2.4431340     -0.3520493     -0.2519154
      2.4728732     -0.3279889     -0.2157787
      2.5026049     -0.3035334     -0.2000566
      2.5323289     -0.2794945     -0.1657750
      2.5620453     -0.2566304     -0.2057802
      2.5917538     -0.2356270     -0.1526656
      2.6214544     -0.2170827     -0.1689183
      2.6511471     -0.2014955     -0.1265379
      2.6808317     -0.1892538     -0.1788612
      2.7105081     -0.1806303     -0.1524978
      2.7401762     -0.1757792     -0.1733918
      2.7698360     -0.1747373     -0.1465566
      2.7994874     -0.1774277     -0.2086717
      2.8291302     -0.1836671     -0.1839244
      2.8587645     -0.1931751     -0.1986426
      2.8883900     -0.2055863     -0.1776034
      2.9180067     -0.2204643     -0.2431953
      2.9476145     -0.2373168     -0.2250992
      2.9772134     -0.2556115     -0.2398208
      3.0068031     -0.2747929     -0.2107392
      3.0363838     -0.2942986     -0.2675308
      3.0659551     -0.3135750     -0.2503076
      3.0955172     -0.3320922     -0.2600787
      3.1250698     -0.3493573     -0.2382771
      3.1546128     -0.3649258     -0.2969839
      3.1841463     -0.3784115     -0.2439136
      3.2136701     -0.3894935     -0.2649729
      3.2431841     -0.3979212     -0.2347659
      3.2726882     -0.4035172     -0.2795459
      3.3021823     -0.4061769     -0.2472697
      3.3316664     -0.4058671     -0.2559279
      3.3611403     -0.4026213     -0.2223917
      3.3906040     -0.3965340     -0.2620201
      3.4200574     -0.3877528     -0.2331627
      3.4495003     -0.3764701     -0.2264497
      3.4789327     -0.3629128     -0.2053282
      3.5083546     -0.3473320     -0.2296956
      3.5377657     -0.3299931     -0.2033037
      3.5671661     -0.3111648     -0.1931287
      3.5965556     -0.2911100     -0.1599359
      3.6259341     -0.2700762     -0.1822085
      3.6553016     -0.2482885     -0.1573160
      3.6846580     -0.2259425     -0.1426993
      3.7140032     -0.2031998     -0.1026739
      3.7433370     -0.1801847     -0.1363512
      3.7726594     -0.1569824     -0.0795210
      3.8019704     -0.1336397     -0.0845368
      3.8312697     -0.1101663     -0.0339036
      3.8605574     -0.0865384     -0.0704084
      3.8898333     -0.0627034     -0.0148071
      3.9190974     -0.0385859     -0.0043686
      3.9483496     -0.0140947      0.0536944
      3.9775897      0.0108700      0.0200841
      4.0068177      0.0364086      0.0795929
      4.0360334      0.0626138      0.0991487
      4.0652369      0.0895628      0.1569054
      4.0944281      0.1173104      0.1136143
      4.1236067      0.1458818      0.1780884
      4.1527728      0.1752674      0.1998070
      4.1819262      0.2054178      0.2346283
      4.2110669      0.2362412      0.2153341
      4.2401947      0.2676013      0.2759647
      4.2693097      0.2993172      0.3217014
      4.2984116      0.3311646      0.3839175
      4.3275005      0.3628789      0.3583421
      4.3565761      0.3941589      0.4162069
      4.3856385      0.4246728      0.4241567
      4.4146876      0.4540645      0.4677961
      4.4437232      0.4819615      0.4466071
      4.4727452      0.5079829      0.4868558
      4.5017536      0.5317486      0.4884779
      4.5307483      0.5528879      0.5361358
      4.5597293      0.5710489      0.4697651
      4.5886963      0.5859071      0.5222799
      4.6176493      0.5971736      0.5165957
      4.6465883      0.6046026      0.5589760
      4.6755131      0.6079981      0.4959429
      4.7044237      0.6072192      0.5341805
      4.7333199      0.6021840      0.5207710
      4.7622018      0.5928729      0.5584187
      4.7910691      0.5793295      0.4864420
      4.8199218      0.5616607      0.5015991
      4.8487599      0.5400352      0.5045442
      4.8775831      0.5146803      0.5307815
      4.9063916      0.4858780      0.4350022
      4.9351850      0.4539593      0.4533535
      4.9639635      0.4192979      0.4254474
      4.9927268      0.3823028      0.4452809
      5.0214749      0.3434103      0.3502990
      5.0502077      0.3030758      0.3594051
      5.0789252      0.2617651      0.3053096
      5.1076271      0.2199453      0.2826727
      5.1363135      0.1780768      0.1955476
      5.1649843      0.1366051      0.1964508
      5.1936393      0.0959526      0.1526746
      5.2222785      0.0565128      0.1454055
      5.2509018      0.0186433      0.0786634
      5.2795091     -0.0173389      0.0607535
      5.3081003     -0.0511610      0.0159435
      5.3366753     -0.0825981      0.0115535
      5.3652341     -0.1114742     -0.0545610
      5.3937766     -0.1376634     -0.0674545
      5.4223026     -0.1610893     -0.0862823
      5.4508121     -0.1817232     -0.0848506
      5.4793050     -0.1995824     -0.1579321
      5.5077812     -0.2147263     -0.1398491
      5.5362406     -0.2272527     -0.1651469
      5.5646832     -0.2372935     -0.1482218
      5.5931088     -0.2450091     -0.2147615
      5.6215173     -0.2505834     -0.1828871
      5.6499088     -0.2542186     -0.2131788
      5.6782830     -0.2561288     -0.1813739
      5.7066400     -0.2565357     -0.2375615
      5.7349795     -0.2556624     -0.2024283
      5.7633016     -0.2537292     -0.2084507
      5.7916061     -0.2509487     -0.1853407
      5.8198930     -0.2475223     -0.2373454
      5.8481622     -0.2436364     -0.2037721
      5.8764135     -0.2394600     -0.2218013
      5.9046470     -0.2351423     -0.1863651
      5.9328624     -0.2308114     -0.2338654
      5.9610598     -0.2265733     -0.2141775
      5.9892391     -0.2225114     -0.2137745
      6.0174000     -0.2186875     -0.1781375
      6.0455427     -0.2151417     -0.2220080
      6.0736669     -0.2118941     -0.1901750
      6.1017727     -0.2089463     -0.1943931
      6.1298598     -0.2062834     -0.1707440
      6.1579283     -0.2038757     -0.2057523
      6.1859780     -0.2016816     -0.1842911
      6.2140089     -0.1996496     -0.1952056
      6.2420208     -0.1977206     -0.1633988
      6.2700138     -0.1958303     -0.2120572
      6.2979876     -0.1939119     -0.1781829
      6.3259422     -0.1918973     -0.1854693
      6.3538776     -0.1897198     -0.1491140
      6.3817936     -0.1873153     -0.2019155
      6.4096902     -0.1846241     -0.1697376
      6.4375673     -0.1815919     -0.1808012
      6.4654247     -0.1781707     -0.1490358
      6.4932625     -0.1743199     -0.1996352
      6.5210805     -0.1700064     -0.1741444
      6.5488786     -0.1652050     -0.1725130
      6.5766567     -0.1598988     -0.1498781
      6.6044148     -0.1540784     -0.1864327
      6.6321529     -0.1477426     -0.1510357
      6.6598707     -0.1408972     -0.1470681
      6.6875682     -0.1335554     -0.1100143
      6.7152453     -0.1257364     -0.1475875
      6.7429020     -0.1174657     -0.1033256
      6.7705382     -0.1087741     -0.1132110
      6.7981537     -0.0996971     -0.0681282
      6.8257485     -0.0902746     -0.1000884
      6.8533225     -0.0805501     -0.0565495
      6.8808757     -0.0705705     -0.0695545
      6.9084079     -0.0603853     -0.0291856
      6.9359190     -0.0500463     -0.0619468
      6.9634090     -0.0396072     -0.0128564
      6.9908778     -0.0291230     -0.0070749
      7.0183253     -0.0186497      0.0227577
      7.0457515     -0.0082441      0.0019444
      7.0731561      0.0020370      0.0311288
      7.1005393      0.0121369      0.0456406
      7.1279008      0.0219997      0.0784234
      7.1552405      0.0315705      0.0595752
      7.1825585      0.0407961      0.0992671
      7.2098546      0.0496252      0.0905428
      7.2371288      0.0580095      0.1280243
      7.2643809      0.0659035      0.0942495
      7.2916108      0.0732658      0.1352893
      7.3188186      0.0800591      0.1330382
      7.3460040      0.0862510      0.1629367
      7.3731671      0.0918144      0.1347226
      7.4003078      0.0967283      0.1638760
      7.4274258      0.1009779      0.1562144
      7.4545213      0.1045551      0.1884502
      7.4815940      0.1074588      0.1428093
      7.5086440      0.1096949      0.1667605
      7.5356711      0.1112769      0.1668800
      7.5626752      0.1122252      0.1878283
      7.5896563      0.1125676      0.1583442
      7.6166143      0.1123383      0.1676214
      7.6435491      0.1115781      0.1716204
      7.6704605      0.1103337      0.1804694
      7.6973487      0.1086568      0.1222078
      7.7242133      0.1066035      0.1541853
      7.7510545      0.1042334      0.1355085
      7.7778720      0.1016086      0.1611612
      7.8046659      0.0987929      0.1057042
      7.8314359      0.0958502      0.1352273
      7.8581822      0.0928439      0.1257847
      7.8849044      0.0898354      0.1464195
      7.9116027      0.0868836      0.0960401
      7.9382768      0.0840432      0.1304285
      7.9649268      0.0813639      0.1296466
      7.9915525      0.0788900      0.1467846
      8.0181539      0.0766590      0.1004286
      8.0447308      0.0747015      0.1244609
      8.0712833      0.0730401      0.1178442
      8.0978111      0.0716900      0.1384789
      8.1243143      0.0706577      0.0943920
      8.1507928      0.0699418      0.1205592
      8.1772464      0.0695332      0.1159162
      8.2036751      0.0694147      0.1389549
      8.2300788      0.0695622      0.0969284
      8.2564574      0.0699450      0.1183564
      8.2828109      0.0705267      0.1101236
      8.3091392      0.0712658      0.1335242
      8.3354421      0.0721169      0.0837756
      8.3617197      0.0730317      0.1183265
      8.3879717      0.0739599      0.1114339
      8.4141983      0.0748505      0.1374378
      8.4403992      0.0756525      0.0962901
      8.4665744      0.0763165      0.1163753
      8.4927238      0.0767954      0.1131560
      8.5188473      0.0770450      0.1409428
      8.5449449      0.0770256      0.0923159
      8.5710164      0.0767020      0.1205115
      8.5970619      0.0760447      0.1099220
      8.6230811      0.0750299      0.1392810
      8.6490741      0.0736401      0.0901965
      8.6750407      0.0718646      0.1053304
      8.7009810      0.0696986      0.0946396
      8.7268947      0.0671445      0.1088313
      8.7527818      0.0642103      0.0720045
      8.7786422      0.0609104      0.0945303
      8.8044760      0.0572645      0.0872163
      8.8302829      0.0532973      0.1039812
      8.8560629      0.0490377      0.0518740
      8.8818159      0.0445184      0.0773323
      8.9075419      0.0397750      0.0583187
      8.9332407      0.0348453      0.0803841
      8.9589123      0.0297682      0.0245874
      8.9845567      0.0245836      0.0569583
      9.0101736      0.0193310      0.0425509
      9.0357631      0.0140492      0.0611396
      9.0613251      0.0087756      0.0039291
      9.0868595      0.0035454      0.0409041
      9.1123662     -0.0016086      0.0189721
      9.1378452     -0.0066566      0.0305883
      9.1632963     -0.0115721     -0.0125685
      9.1887195     -0.0163319      0.0028924
      9.2141147     -0.0209166     -0.0080759
      9.2394819     -0.0253104      0.0051571
      9.2648209     -0.0295012     -0.0492330
      9.2901317     -0.0334804     -0.0237393
      9.3154141     -0.0372425     -0.0364760
      9.3406683     -0.0407852     -0.0162689
      9.3658939     -0.0441090     -0.0671021
      9.3910910     -0.0472165     -0.0501514
      9.4162595     -0.0501126     -0.0621330
      9.4413994     -0.0528036     -0.0464243
      9.4665104     -0.0552969     -0.0976981
      9.4915927     -0.0576008     -0.0745345
      9.5166460     -0.0597240     -0.0887086
      9.5416703     -0.0616750     -0.0614520
      9.5666656     -0.0634622     -0.1092127
      9.5916317     -0.0650935     -0.0849882
      9.6165686     -0.0665757     -0.1005016
      9.6414762     -0.0679150     -0.0747782
      9.6663545     -0.0691160     -0.1249907
      9.6912033     -0.0701826     -0.1003183
      9.7160225     -0.0711172     -0.1075095
      9.7408122     -0.0719212     -0.0763706
      9.7655722     -0.0725948     -0.1209356
      9.7903025     -0.0731373     -0.1033118
      9.8150029     -0.0735473     -0.1142765
      9.8396735     -0.0738228     -0.0833082
      9.8643140     -0.0739612     -0.1299526
      9.8889245     -0.0739601     -0.1051634
      9.9135049     -0.0738170     -0.1084825
      9.9380551     -0.0735297     -0.0908729
      9.9625751     -0.0730967     -0.1233916
      9.9870646     -0.0725172     -0.1027102
     10.0115238     -0.0717913     -0.1091483
     10.0359524     -0.0709203     -0.0780904
     10.0603505     -0.0699066     -0.1216209
     10.0847180     -0.0687540     -0.0941819
     10.1090547     -0.0674677     -0.1024963
     10.1333606     -0.0660540     -0.0727463
     10.1576357     -0.0645208     -0.1104841
     10.1818798     -0.0628771     -0.0880769
     10.2060929     -0.0611331     -0.0915982
     10.2302749     -0.0592998     -0.0692220
     10.2544257     -0.0573891     -0.1000592
     10.2785453     -0.0554135     -0.0727705
     10.3026336     -0.0533858     -0.0807886
     10.3266906     -0.0513190     -0.0662261
     10.3507160     -0.0492256     -0.0947334
     10.3747099     -0.0471183     -0.0707003
     10.3986723     -0.0450087     -0.0827229
     10.4226029     -0.0429077     -0.0455446
     10.4465018     -0.0408251     -0.0904323
     10.4703689     -0.0387694     -0.0622747
     10.4942041     -0.0367478     -0.0638154
     10.5180073     -0.0347658     -0.0378601
     10.5417785     -0.0328273     -0.0831137
     10.5655175     -0.0309345     -0.0467375
     10.5892244     -0.0290879     -0.0522932
     10.6128990     -0.0272862     -0.0317878
     10.6365413     -0.0255266     -0.0660370
     10.6601512     -0.0238046     -0.0412972
     10.6837286     -0.0221144     -0.0438232
     10.7072735     -0.0204490     -0.0137314
     10.7307858     -0.0188002     -0.0524817
     10.7542654     -0.0171592     -0.0233423
     10.7777122     -0.0155164     -0.0291314
     10.8011262     -0.0138621     -0.0071583
     10.8245072     -0.0121863     -0.0411317
     10.8478553     -0.0104793     -0.0122368
     10.8711704     -0.0087320     -0.0220338
     10.8944524     -0.0069356      0.0203147
     10.9177011     -0.0050828     -0.0192722
     10.9409166     -0.0031669      0.0094121
     10.9640988     -0.0011830      0.0043648
     10.9872476      0.0008725      0.0351229
     11.0103629      0.0030016     -0.0004348
     11.0334447      0.0052044      0.0310756
     11.0564928      0.0074793      0.0261123
     11.0795073      0.0098227      0.0535481
     11.1024880      0.0122294      0.0197212
     11.1254349      0.0146921      0.0398258
     11.1483479      0.0172022      0.0474167
     11.1712270      0.0197491      0.0820478
     11.1940720      0.0223209      0.0339432
     11.2168830      0.0249045      0.0757630
     11.2396597      0.0274857      0.0668733
     11.2624023      0.0300491      0.0980773
     11.2851105      0.0325792      0.0572473
     11.3077843      0.0350596      0.0924685
     11.3304237      0.0374740      0.0839687
     11.3530286      0.0398062      0.1100642
     11.3755989      0.0420403      0.0719627
     11.3981345      0.0441610      0.1038929
     11.4206355      0.0461536      0.0999843
     11.4431016      0.0480047      0.1306958
     11.4655329      0.0497021      0.0920135
     11.4879292      0.0512347      0.1216472
     11.5102906      0.0525932      0.1109579
     11.5326169      0.0537699      0.1397095
     11.5549080      0.0547586      0.0986786
     11.5771640      0.0555553      0.1223303
     11.5993847      0.0561575      0.1276011
     11.6215701      0.0565645      0.1517772
     11.6437200      0.0567777      0.1229020
     11.6658345      0.0568000      0.1388748
     11.6879135      0.0566360      0.1235912
     11.7099568      0.0562918      0.1559345
     11.7319645      0.0557752      0.1100929
     11.7539365      0.0550949      0.1307940
     11.7758726      0.0542611      0.1210792
     11.7977729      0.0532846      0.1415091
     11.8196372      0.0521773      0.1116362
     11.8414656      0.0509514      0.1313003
     11.8632578      0.0496199      0.1229999
     11.8850139      0.0481955      0.1486666
     11.9067339      0.0466915      0.0860005
     11.9284175      0.0451206      0.1215939
     11.9500648      0.0434955      0.1122040
     11.9716757      0.0418283      0.1371002
     11.9932502      0.0401306      0.0751675
     12.0147881      0.0384132      0.1067319
     12.0362894      0.0366863      0.0933725
     12.0577540      0.0349589      0.1198158
     12.0791820      0.0332394      0.0730580
     12.1005731      0.0315348      0.0909139
     12.1219273      0.0298515      0.0836035
     12.1432447      0.0281945      0.1025276
     12.1645250      0.0265681      0.0529942
     12.1857683      0.0249753      0.0734332
     12.2069745      0.0234183      0.0615541
     12.2281434      0.0218985      0.0940194
     12.2492752      0.0204162      0.0279775
     12.2703696      0.0189713      0.0576542
     12.2914266      0.0175628      0.0334713
     12.3124462      0.0161892      0.0649801
     12.3334283      0.0148485      0.0189207
     12.3543729      0.0135385      0.0402333
     12.3752798      0.0122566      0.0213907
     12.3961490      0.0110000      0.0448514
     12.4169804      0.0097659      0.0039411
     12.4377740      0.0085516      0.0182862
     12.4585297      0.0073544      0.0156210
     12.4792475      0.0061719      0.0261186
     12.4999273      0.0050019     -0.0126592
     12.5205689      0.0038424      0.0078765
     12.5411725      0.0026920     -0.0008774
     12.5617378      0.0015495      0.0149304
     12.5822649      0.0004142     -0.0378750
     12.6027536     -0.0007140     -0.0112673
     12.6232040     -0.0018351     -0.0263268
     12.6436159     -0.0029484     -0.0044758
     12.6639893     -0.0040528     -0.0401354
     12.6843241     -0.0051470     -0.0259412
     12.7046203     -0.0062289     -0.0413019
     12.7248777     -0.0072966     -0.0163181
     12.7450964     -0.0083476     -0.0611702
     12.7652763     -0.0093792     -0.0393261
     12.7854173     -0.0103887     -0.0506631
     12.8055194     -0.0113730     -0.0322402
     12.8255824     -0.0123291     -0.0587402
     12.8456064     -0.0132542     -0.0561077
     12.8655912     -0.0141451     -0.0565613
     12.8855369     -0.0149991     -0.0287422
     12.9054433     -0.0158135     -0.0681212
     12.9253104     -0.0165858     -0.0465826
     12.9451381     -0.0173138     -0.0707125
     12.9649264     -0.0179955     -0.0559600
     12.9846752     -0.0186295     -0.0835698
     13.0043844     -0.0192143     -0.0645840
     13.0240541     -0.0197492     -0.0776724
     13.0436840     -0.0202335     -0.0539649
     13.0632742     -0.0206672     -0.0868335
     13.0828247     -0.0210504     -0.0749612
     13.1023352     -0.0213839     -0.0757596
     13.1218059     -0.0216685     -0.0738871
     13.1412366     -0.0219056     -0.0946121
     13.1606273     -0.0220968     -0.0783312
     13.1799778     -0.0222440     -0.0836937
     13.1992882     -0.0223492     -0.0688412
     13.2185585     -0.0224150     -0.0953639
     13.2377884     -0.0224438     -0.0847163
     13.2569780     -0.0224382     -0.0823803
     13.2761273     -0.0224011     -0.0585981
     13.2952361     -0.0223352     -0.0946509
     13.3143044     -0.0222434     -0.0875365
     13.3333321     -0.0221284     -0.0891624
     13.3523192     -0.0219930     -0.0660234
     13.3712657     -0.0218396     -0.1027513
     13.3901714     -0.0216709     -0.0884316
     13.4090364     -0.0214891     -0.0915958
     13.4278604     -0.0212963     -0.0661707
     13.4466436     -0.0210943     -0.1133110
     13.4653858     -0.0208848     -0.0897644
     13.4840871     -0.0206693     -0.0895572
     13.5027472     -0.0204487     -0.0665285
     13.5213662     -0.0202241     -0.1049642
     13.5399440     -0.0199960     -0.0827346
     13.5584806     -0.0197647     -0.0871850
     13.5769758     -0.0195305     -0.0678883
     13.5954297     -0.0192931     -0.1131565
     13.6138422     -0.0190522     -0.0856257
     13.6322132     -0.0188073     -0.0858510
     13.6505427     -0.0185577     -0.0546810
     13.6688306     -0.0183024     -0.1007081
     13.6870769     -0.0180405     -0.0631822
     13.7052815     -0.0177709     -0.0832704
     13.7234443     -0.0174924     -0.0552381
     13.7415654     -0.0172038     -0.0949793
     13.7596445     -0.0169039     -0.0781467
     13.7776818     -0.0165915     -0.0711366
     13.7956771     -0.0162654     -0.0462408
     13.8136303     -0.0159246     -0.0894254
     13.8315415     -0.0155680     -0.0576951
     13.8494106     -0.0151948     -0.0664904
     13.8672374     -0.0148043     -0.0389516
     13.8850221     -0.0143959     -0.0850102
     13.9027644     -0.0139692     -0.0580784
     13.9204644     -0.0135240     -0.0581970
     13.9381219     -0.0130602     -0.0264822
     13.9557370     -0.0125780     -0.0763834
     13.9733096     -0.0120779     -0.0538467
     13.9908397     -0.0115605     -0.0549995
     14.0083271     -0.0110264     -0.0241440
     14.0257718     -0.0104767     -0.0623599
     14.0431739     -0.0099127     -0.0311415
     14.0605331     -0.0093355     -0.0432820
     14.0778495     -0.0087469     -0.0208608
     14.0951231     -0.0081483     -0.0698077
     14.1123536     -0.0075416     -0.0309346
     14.1295412     -0.0069288     -0.0357148
     14.1466858     -0.0063118     -0.0092695
     14.1637873     -0.0056926     -0.0548463
     14.1808456     -0.0050735     -0.0292798
     14.1978607     -0.0044565     -0.0333251
     14.2148326     -0.0038439     -0.0003316
     14.2317612     -0.0032376     -0.0521704
     14.2486464     -0.0026399     -0.0248296
     14.2654882     -0.0020528     -0.0261495
     14.2822866     -0.0014783     -0.0085659
     14.2990415     -0.0009181     -0.0357561
     14.3157528     -0.0003741     -0.0226550
     14.3324204      0.0001521     -0.0172615
     14.3490445      0.0006590      0.0081804
     14.3656248      0.0011454     -0.0242527
     14.3821614      0.0016100     -0.0094912
     14.3986541      0.0020519     -0.0177611
     14.4151030      0.0024702      0.0153973
     14.4315080      0.0028643     -0.0429127
     14.4478690      0.0032338     -0.0133447
     14.4641860      0.0035783     -0.0178403
     14.4804590      0.0038979      0.0138411
     14.4966878      0.0041926     -0.0387742
     14.5128725      0.0044627      0.0003188
     14.5290130      0.0047085     -0.0114651
     14.5451092      0.0049307      0.0134874
     14.5611611      0.0051301     -0.0372431
     14.5771686      0.0053073     -0.0026770
     14.5931318      0.0054635     -0.0082286
     14.6090505      0.0055996      0.0301978
     14.6249247      0.0057169     -0.0264030
     14.6407543      0.0058166     -0.0050408
     14.6565394      0.0059000     -0.0058011
     14.6722798      0.0059685      0.0267550
     14.6879755      0.0060234     -0.0335917
     14.7036264      0.0060662      0.0090432
     14.7192326      0.0060981      0.0003014
     14.7347939      0.0061207      0.0239541
     14.7503104      0.0061353     -0.0344487
     14.7657819      0.0061432      0.0062011
     14.7812084      0.0061456      0.0000615
     14.7965899      0.0061439      0.0227050
     14.8119264      0.0061390     -0.0221526
     14.8272177      0.0061320     -0.0008275
     14.8424639      0.0061240      0.0003693
     14.8576648      0.0061158      0.0321084
     14.8728205      0.0061082     -0.0311681
     14.8879309      0.0061017      0.0081931
     14.9029959      0.0060970     -0.0085884
     14.9180155      0.0060946      0.0321499
     14.9329897      0.0060947     -0.0219653
     14.9479184      0.0060976      0.0046575
     14.9628016      0.0061035     -0.0008671
     14.9776391      0.0061122      0.0337774
     14.9924311      0.0061239     -0.0276512
     15.0071774      0.0061382      0.0200176
     15.0218780      0.0061550      0.0038014
     15.0365328      0.0061739      0.0211348
     15.0511418      0.0061945     -0.0162421
     15.0657049      0.0062162      0.0132697
     15.0802222      0.0062387     -0.0027472
     15.0946935      0.0062612      0.0212448
     15.1091189      0.0062832     -0.0264340
     15.1234982      0.0063040      0.0023998
     15.1378315      0.0063229     -0.0076924
     15.1521186      0.0063392      0.0082054
     15.1663596      0.0063522     -0.0281397
     15.1805544      0.0063611     -0.0099441
     15.1947030      0.0063654     -0.0180615
     15.2088052      0.0063643      0.0082825
     15.2228612      0.0063572     -0.0279432
     15.2368707      0.0063435     -0.0077031
     15.2508339      0.0063226     -0.0075575
     15.2647506      0.0062940      0.0042844
     15.2786207      0.0062571     -0.0091783
