Time       moves_acc moves_gen     G(r)_1
h/m/s/.th    WEIGHT PARAMETERS   0.100E+01
002944.958       53855      707167  0.184E-01
002956.958       97127     1297685  0.184E-01
003008.958      140414     1888859  0.184E-01
003020.958      184053     2480494  0.184E-01
003032.958      227025     3072739  0.183E-01
003044.958      270434     3661943  0.183E-01
003056.958      313137     4249885  0.183E-01
003108.958      357140     4841844  0.183E-01
003120.958      400480     5431321  0.183E-01
003132.958      443503     6021463  0.183E-01
003144.958      486343     6613483  0.183E-01
003156.958      529548     7206103  0.182E-01
003208.958      572597     7797023  0.183E-01
003220.958      615729     8385127  0.182E-01
003232.958      658910     8977291  0.183E-01
003244.958      702100     9567459  0.182E-01
003256.958      745647    10157987  0.182E-01
003308.958      788635    10748803  0.181E-01
003320.958      831961    11340144  0.182E-01
003332.958      875116    11931235  0.182E-01
003344.958      918497    12522101  0.181E-01
003356.958      962155    13112791  0.181E-01
003408.958     1006009    13704266  0.181E-01
003420.958     1049409    14294031  0.181E-01
003432.958     1092881    14886940  0.181E-01
003444.958     1135663    15469580  0.181E-01
003456.959     1180015    16066776  0.181E-01
003508.958     1224248    16663052  0.181E-01
003520.958     1268304    17260361  0.181E-01
003532.958     1312580    17857775  0.181E-01
003544.958     1356684    18454392  0.181E-01
003556.958     1400766    19052300  0.181E-01
003608.958     1444755    19652042  0.180E-01
003620.958     1489661    20247749  0.180E-01
003632.958     1533696    20840526  0.181E-01
003644.958     1577833    21437613  0.180E-01
003656.958     1622355    22038108  0.180E-01
003708.958     1666645    22638207  0.180E-01
003720.958     1710986    23237665  0.180E-01
003732.958     1755445    23835415  0.180E-01
003744.964     1800058    24435139  0.180E-01
003756.958     1844597    25033682  0.180E-01
003808.958     1889580    25631891  0.180E-01
003820.958     1933951    26227464  0.180E-01
003832.958     1978604    26824702  0.180E-01
003844.958     2023106    27423483  0.180E-01
003856.958     2067325    28019416  0.180E-01
003908.958     2111270    28613940  0.180E-01
003920.959     2155597    29206972  0.180E-01
003932.958     2200070    29805482  0.180E-01
003944.958     2244245    30400641  0.180E-01
003956.958     2288694    31001610  0.180E-01
004008.958     2333514    31601342  0.180E-01
004020.958     2378211    32198288  0.180E-01
004032.958     2423273    32797911  0.180E-01
004044.958     2467856    33396093  0.180E-01
004056.958     2512468    33997675  0.180E-01
004108.958     2557549    34597776  0.180E-01
004120.958     2601844    35194233  0.180E-01
004132.958     2646103    35792074  0.180E-01
004144.958     2690835    36389773  0.180E-01
004156.958     2735447    36984727  0.179E-01
004208.958     2780317    37582337  0.179E-01
004220.958     2824631    38176145  0.180E-01
004232.958     2869175    38772969  0.180E-01
004244.958     2914044    39374845  0.180E-01
004256.958     2959421    39974101  0.179E-01
004308.958     3004588    40572745  0.179E-01
004320.958     3049029    41163322  0.179E-01
004332.958     3093990    41757777  0.179E-01
004344.958     3139670    42358477  0.179E-01
004356.958     3184756    42956865  0.180E-01
004408.958     3229514    43556529  0.179E-01
004420.958     3274921    44154510  0.179E-01
004432.958     3319648    44756787  0.179E-01
004444.958     3364341    45353777  0.179E-01
004456.958     3409317    45954991  0.180E-01
004508.958     3454076    46552253  0.179E-01
004520.958     3498458    47148920  0.179E-01
004532.959     3543710    47747732  0.179E-01
004544.958     3588530    48347478  0.179E-01
004556.958     3633332    48946008  0.179E-01
004608.958     3679035    49547098  0.179E-01
004620.958     3723981    50143595  0.179E-01
004632.958     3769575    50744950  0.179E-01
004644.958     3814908    51343788  0.179E-01
004656.958     3860129    51940072  0.179E-01
004708.958     3905420    52536340  0.179E-01
004720.958     3951214    53132838  0.178E-01
004732.958     3996539    53728668  0.179E-01
004744.958     4041389    54326953  0.179E-01
004756.958     4086494    54921877  0.179E-01
004808.958     4131841    55519098  0.179E-01
004820.958     4177314    56113842  0.179E-01
004832.958     4222322    56700833  0.179E-01
004844.958     4267586    57297256  0.179E-01
004856.958     4311762    57892516  0.178E-01
004908.958     4356597    58487961  0.179E-01
004920.958     4401739    59081970  0.179E-01
004932.958     4447041    59677448  0.178E-01
004944.958     4492601    60271819  0.178E-01
004956.958     4538140    60866503  0.179E-01
005008.958     4583513    61462352  0.179E-01
005020.958     4628656    62056135  0.179E-01
005032.958     4673748    62650085  0.179E-01
005044.958     4718969    63243865  0.178E-01
005056.958     4763591    63836265  0.178E-01
005108.958     4808293    64431986  0.178E-01
005120.958     4853229    65026476  0.178E-01
005132.958     4898737    65622045  0.178E-01
005144.958     4944395    66218648  0.178E-01
005156.958     4989272    66813444  0.179E-01
005208.958     5033779    67409464  0.179E-01
005220.958     5078563    68003398  0.178E-01
005232.958     5123735    68597458  0.178E-01
005244.958     5168874    69191305  0.179E-01
005256.958     5214120    69785291  0.178E-01
005308.958     5259423    70379902  0.178E-01
005320.958     5304301    70975174  0.178E-01
005332.958     5349149    71566545  0.179E-01
005344.958     5393557    72154131  0.178E-01
005356.958     5439582    72754116  0.179E-01
005408.958     5485424    73352262  0.178E-01
005420.958     5531290    73950882  0.178E-01
005432.958     5577323    74551699  0.178E-01
005444.958     5623214    75150695  0.178E-01
005456.958     5669383    75754127  0.178E-01
005508.958     5715643    76354750  0.178E-01
005520.958     5761906    76953689  0.178E-01
005532.958     5808033    77555583  0.178E-01
005544.958     5854208    78157326  0.178E-01
005556.958     5900288    78756806  0.178E-01
005608.958     5946511    79355894  0.178E-01
005620.958     5992525    79959210  0.178E-01
005632.958     6038593    80561513  0.178E-01
005644.958     6084656    81161034  0.178E-01
005656.958     6129959    81760262  0.178E-01
005708.958     6175721    82360073  0.178E-01
005720.958     6221456    82958814  0.178E-01
005732.958     6267878    83559962  0.178E-01
005744.958     6313748    84160662  0.178E-01
005756.958     6359871    84762849  0.178E-01
005808.958     6406072    85364566  0.178E-01
005820.958     6452069    85964377  0.178E-01
005832.958     6497823    86565306  0.178E-01
005844.959     6543514    87168508  0.178E-01
005856.958     6589520    87769089  0.178E-01
005908.958     6635768    88370920  0.178E-01
005920.958     6682031    88972027  0.178E-01
005932.958     6728272    89573193  0.178E-01
005944.958     6774071    90174986  0.178E-01
005956.958     6820183    90776189  0.177E-01
010008.958     6866438    91379560  0.177E-01
010020.958     6912247    91981348  0.178E-01
010032.958     6957900    92580373  0.178E-01
010044.958     7003858    93181962  0.178E-01
010056.958     7050329    93784861  0.178E-01
010108.958     7096259    94386092  0.178E-01
010120.958     7142481    94986710  0.177E-01
010132.958     7189113    95590166  0.177E-01
010144.958     7234959    96192883  0.178E-01
010156.958     7281101    96794976  0.178E-01
010208.958     7326585    97396693  0.177E-01
010220.958     7371797    97998602  0.178E-01
010232.958     7417962    98601486  0.177E-01
010244.958     7463856    99204390  0.178E-01
010256.958     7510075    99807455  0.178E-01
010308.958     7555727   100408484  0.178E-01
010320.958     7601634   101009340  0.178E-01
010332.958     7647330   101609822  0.178E-01
010344.958     7693337   102213445  0.178E-01
010356.958     7739126   102814203  0.178E-01
010408.958     7785334   103417635  0.178E-01
010420.958     7831891   104017275  0.177E-01
010432.958     7878398   104618509  0.177E-01
010444.958     7925173   105221038  0.177E-01
010456.958     7971132   105824761  0.178E-01
010508.958     8017442   106426068  0.177E-01
010520.958     8063862   107029325  0.177E-01
010532.958     8110332   107632174  0.177E-01
010544.958     8156701   108232361  0.177E-01
010556.958     8203134   108834771  0.177E-01
010608.958     8249264   109436152  0.177E-01
010620.958     8295654   110039542  0.177E-01
010632.958     8341975   110641331  0.177E-01
010644.958     8388130   111244338  0.177E-01
010656.958     8434187   111843621  0.177E-01
010708.958     8480699   112449844  0.177E-01
010720.958     8526931   113053226  0.177E-01
010732.958     8573758   113656413  0.177E-01
010744.958     8620253   114261161  0.177E-01
010756.958     8666747   114864481  0.177E-01
010808.958     8713656   115467755  0.177E-01
010820.958     8760101   116068651  0.177E-01
010832.958     8806316   116672937  0.177E-01
010844.958     8853202   117281005  0.177E-01
010856.958     8899550   117884191  0.177E-01
010908.958     8946379   118488043  0.177E-01
010920.958     8992874   119090866  0.177E-01
010932.958     9038765   119694348  0.177E-01
010944.958     9084796   120296650  0.177E-01
010956.958     9131547   120898876  0.177E-01
011008.958     9178200   121503401  0.177E-01
011020.958     9225338   122109227  0.177E-01
011032.958     9271654   122712230  0.177E-01
011044.958     9317853   123313311  0.177E-01
011056.958     9364218   123915679  0.177E-01
011108.958     9411015   124516517  0.177E-01
011120.958     9457455   125119058  0.177E-01
011132.958     9503672   125723267  0.177E-01
011144.958     9550119   126325727  0.177E-01
011156.958     9596735   126925640  0.177E-01
011208.959     9643198   127529749  0.192E-01
011220.958     9689631   128134205  0.177E-01
011232.958     9735831   128735217  0.177E-01
011244.958     9782357   129339642  0.177E-01
011256.958     9828901   129942754  0.177E-01
011308.958     9875183   130544374  0.176E-01
011320.958     9921777   131151504  0.177E-01
011332.958     9968161   131754694  0.176E-01
011344.958    10014242   132356671  0.177E-01
011356.958    10066340   133034501  0.177E-01
011408.958    10112374   133636785  0.176E-01
011420.958    10158177   134238511  0.176E-01
011432.958    10205375   134845365  0.177E-01
011444.958    10252284   135451318  0.177E-01
011456.958    10298548   136053834  0.176E-01
011508.958    10345628   136658511  0.177E-01
011520.958    10392150   137261239  0.176E-01
011532.958    10438443   137862784  0.177E-01
011544.958    10484610   138463152  0.176E-01
011556.958    10531353   139066244  0.176E-01
011608.958    10577490   139670879  0.176E-01
011620.958    10623911   140275946  0.177E-01
011632.958    10670190   140878189  0.177E-01
011644.958    10716653   141483217  0.177E-01
011656.958    10763155   142087416  0.177E-01
011708.958    10809255   142691215  0.176E-01
011720.958    10855615   143294639  0.176E-01
011732.958    10902759   143898111  0.176E-01
011744.958    10948892   144500763  0.176E-01
011756.958    10995063   145104598  0.176E-01
011808.958    11041452   145706226  0.176E-01
011820.958    11088051   146308749  0.176E-01
011832.958    11134975   146911440  0.176E-01
011844.958    11182025   147513739  0.176E-01
011856.958    11228912   148116852  0.177E-01
011908.958    11275598   148719624  0.176E-01
011920.958    11326333   149376974  0.177E-01
011932.958    11383731   150114603  0.177E-01
011944.958    11440708   150851993  0.177E-01
011956.958    11497668   151591092  0.176E-01
012008.958    11554770   152329629  0.177E-01
012020.958    11611528   153067632  0.176E-01
012032.958    11668618   153806751  0.176E-01
012044.958    11725607   154546815  0.177E-01
012056.958    11782450   155287891  0.177E-01
012108.958    11836151   155983944  0.176E-01
012120.958    11882568   156584767  0.176E-01
012132.958    11929160   157190645  0.177E-01
012144.958    11976178   157796806  0.177E-01
012156.958    12023047   158401235  0.176E-01
012208.958    12070005   159005481  0.176E-01
012220.958    12116884   159607164  0.176E-01
012232.958    12163308   160209779  0.176E-01
012244.958    12210054   160814794  0.177E-01
012256.958    12256469   161419664  0.176E-01
012308.958    12303132   162022713  0.176E-01
012320.958    12350119   162627351  0.176E-01
012332.958    12397045   163230675  0.176E-01
012344.958    12443887   163834027  0.176E-01
012356.958    12490143   164438070  0.176E-01
012408.958    12536752   165040830  0.176E-01
012420.958    12583302   165643944  0.176E-01
012432.958    12629762   166246786  0.176E-01
012444.958    12675731   166846876  0.176E-01
012456.958    12722642   167451549  0.176E-01
012508.958    12769444   168054869  0.176E-01
012520.958    12815953   168658516  0.176E-01
012532.958    12862579   169261107  0.176E-01
012544.958    12909301   169865992  0.176E-01
012556.958    12956229   170469190  0.176E-01
012608.958    13003414   171073009  0.176E-01
012620.958    13050191   171675906  0.176E-01
012632.958    13097203   172279784  0.176E-01
012644.958    13143707   172881031  0.176E-01
012656.958    13190964   173484585  0.176E-01
012708.958    13237276   174087602  0.176E-01
012720.958    13283859   174692418  0.176E-01
012732.958    13330564   175293262  0.176E-01
012744.958    13376883   175894887  0.176E-01
012756.958    13423367   176497682  0.176E-01
012808.958    13470371   177102247  0.176E-01
012820.959    13516929   177703046  0.167E-01
012832.958    13563609   178308092  0.176E-01
012844.958    13610435   178911134  0.176E-01
012856.958    13657175   179514483  0.176E-01
012908.959    13703880   180116776  0.189E-01
012920.958    13750952   180721837  0.176E-01
012932.958    13797407   181326662  0.176E-01
012944.958    13844395   181931959  0.176E-01
012956.958    13891363   182534883  0.176E-01
013008.958    13938349   183136869  0.176E-01
013020.958    13984951   183738215  0.176E-01
013032.958    14031556   184342400  0.175E-01
013044.958    14078064   184945165  0.176E-01
013056.958    14124543   185550357  0.176E-01
013108.958    14171190   186153275  0.176E-01
013120.958    14217640   186755835  0.176E-01
013132.958    14264003   187358340  0.176E-01
013144.958    14310994   187959957  0.176E-01
013156.959    14358191   188562813  0.210E-01
013208.960    14405325   189166045  0.176E-01
013220.958    14451840   189764360  0.176E-01
013232.958    14497956   190357600  0.176E-01
013244.958    14544476   190960177  0.176E-01
013256.958    14590375   191564354  0.176E-01
013308.958    14637133   192169936  0.176E-01
013320.958    14683761   192772039  0.176E-01
013332.958    14730300   193374709  0.176E-01
013344.958    14776792   193977467  0.176E-01
013356.959    14823113   194576944  0.196E-01
013408.958    14869258   195173265  0.176E-01
013420.958    14915328   195769708  0.176E-01
013432.958    14961676   196365960  0.176E-01
013444.958    15007798   196962259  0.176E-01
013456.958    15053910   197557208  0.176E-01
013508.958    15099757   198148891  0.176E-01
013520.958    15145670   198741883  0.176E-01
013532.958    15191729   199335035  0.176E-01
013544.958    15237640   199925714  0.176E-01
013556.958    15283217   200515431  0.176E-01
013608.958    15329019   201107729  0.175E-01
013620.958    15374728   201699178  0.176E-01
013632.958    15419946   202287624  0.176E-01
013644.958    15466097   202878247  0.176E-01
013656.958    15512179   203467872  0.176E-01
013708.958    15558259   204058379  0.176E-01
013720.958    15604060   204650945  0.176E-01
013732.958    15649918   205240517  0.176E-01
013744.959    15695541   205831663  0.196E-01
013756.958    15740649   206417687  0.176E-01
013808.958    15786263   207009516  0.176E-01
013820.958    15832131   207606353  0.176E-01
013832.958    15878148   208204606  0.176E-01
013844.958    15924145   208802498  0.176E-01
013856.958    15970523   209403127  0.176E-01
013908.958    16016828   209999269  0.176E-01
013920.958    16063308   210600529  0.176E-01
013932.958    16109802   211204566  0.176E-01
013944.958    16156475   211803962  0.176E-01
013956.958    16203615   212409428  0.176E-01
014008.958    16250352   213011370  0.175E-01
014020.958    16296912   213614335  0.176E-01
014032.958    16343885   214222523  0.176E-01
014044.958    16391357   214831141  0.176E-01
014056.958    16438536   215439802  0.176E-01
014108.958    16485958   216050398  0.176E-01
014120.958    16533892   216662193  0.176E-01
014132.958    16580668   217272187  0.176E-01
014144.958    16628055   217881120  0.176E-01
014156.958    16675177   218492459  0.176E-01
014208.958    16722663   219104071  0.176E-01
014220.958    16769806   219714174  0.176E-01
014232.958    16817184   220322701  0.176E-01
014244.958    16864647   220930170  0.176E-01
014256.958    16911839   221539531  0.176E-01
014308.958    16958704   222151475  0.176E-01
014320.958    17006139   222761242  0.176E-01
014332.958    17053447   223373595  0.176E-01
014344.958    17100286   223985496  0.176E-01
014356.958    17147144   224591511  0.176E-01
014408.958    17194297   225202455  0.176E-01
014420.958    17241190   225811542  0.176E-01
014432.958    17288305   226422500  0.176E-01
014444.958    17335831   227033144  0.176E-01
014456.958    17382572   227640460  0.176E-01
014508.958    17429583   228248788  0.176E-01
014520.958    17476606   228854287  0.176E-01
014532.958    17523804   229464302  0.176E-01
014544.958    17570962   230074770  0.176E-01
014556.958    17618070   230682029  0.176E-01
014608.958    17665156   231291424  0.176E-01
014620.958    17712345   231901725  0.176E-01
014632.958    17759842   232514811  0.176E-01
014644.958    17806965   233122963  0.176E-01
014656.958    17854040   233729774  0.176E-01
014708.958    17901268   234343185  0.176E-01
014720.958    17948060   234950809  0.176E-01
014732.958    17995235   235560673  0.176E-01
014744.958    18042408   236170712  0.176E-01
014756.958    18089603   236781279  0.176E-01
014808.958    18137040   237392870  0.176E-01
014820.958    18184371   238002756  0.176E-01
014832.958    18231347   238613742  0.176E-01
014844.958    18278512   239223353  0.176E-01
014856.958    18325865   239834177  0.176E-01
014908.958    18373036   240443481  0.176E-01
014920.958    18419773   241051597  0.176E-01
014932.958    18467130   241662823  0.176E-01
014944.958    18514188   242274157  0.176E-01
014956.958    18561062   242882259  0.176E-01
015008.958    18608064   243491900  0.176E-01
015020.958    18655065   244102391  0.176E-01
015032.958    18702403   244713393  0.176E-01
015044.958    18749659   245327110  0.176E-01
015056.958    18796728   245937734  0.176E-01
015108.958    18843719   246545217  0.176E-01
015120.958    18891116   247156462  0.176E-01
015132.964    18938183   247762439  0.176E-01
015144.958    18985427   248373593  0.176E-01
015156.958    19032644   248982803  0.176E-01
015208.958    19079908   249589552  0.176E-01
015220.958    19126876   250200769  0.176E-01
015232.958    19174123   250812784  0.176E-01
015244.958    19221112   251423975  0.176E-01
015256.958    19268142   252033610  0.176E-01
015308.958    19315413   252644696  0.176E-01
015320.958    19362610   253256426  0.176E-01
015332.958    19409329   253862653  0.176E-01
015344.958    19456563   254473495  0.176E-01
015356.958    19503886   255086146  0.176E-01
015408.958    19550934   255694575  0.176E-01
015420.958    19598585   256307787  0.176E-01
015432.958    19646110   256918191  0.176E-01
015444.958    19693432   257525176  0.176E-01
015456.958    19740820   258138536  0.176E-01
015508.958    19788439   258750245  0.176E-01
015520.958    19835213   259356738  0.175E-01
015532.958    19882408   259965725  0.176E-01
015544.958    19929551   260578916  0.176E-01
015556.958    19976832   261191420  0.176E-01
015608.958    20023922   261801897  0.176E-01
015620.958    20071614   262412834  0.176E-01
015632.958    20119185   263024057  0.176E-01
015644.958    20166393   263633940  0.176E-01
015656.959    20213982   264244140  0.206E-01
015708.958    20261691   264853913  0.176E-01
015720.958    20308819   265460398  0.176E-01
015732.958    20356092   266071838  0.176E-01
015744.958    20403037   266681502  0.176E-01
015756.958    20450316   267292123  0.176E-01
015808.958    20497317   267904122  0.176E-01
015820.958    20544497   268512488  0.176E-01
015832.958    20591885   269125156  0.176E-01
015844.958    20639155   269737706  0.176E-01
015856.958    20686495   270347929  0.176E-01
015908.958    20733622   270956261  0.176E-01
015920.958    20781179   271570514  0.176E-01
015932.958    20828438   272178771  0.176E-01
015944.958    20875905   272790412  0.176E-01
015956.958    20923558   273403694  0.176E-01
020008.958    20970950   274014947  0.176E-01
020020.958    21017991   274628088  0.175E-01
020032.958    21064749   275236552  0.175E-01
020044.958    21112378   275846675  0.176E-01
020056.958    21159993   276457831  0.175E-01
020108.958    21207405   277069435  0.176E-01
020120.958    21254723   277681490  0.175E-01
020132.958    21302344   278291205  0.176E-01
020144.958    21349733   278898948  0.176E-01
020156.958    21397213   279511114  0.175E-01
020208.958    21444827   280122400  0.176E-01
020220.958    21491796   280731085  0.175E-01
020232.958    21538614   281340356  0.176E-01
020244.958    21585543   281950418  0.176E-01
020256.958    21632810   282559432  0.176E-01
020308.958    21680265   283171480  0.175E-01
020320.964    21727543   283778224  0.175E-01
020332.958    21774444   284387807  0.176E-01
020344.958    21821729   284995388  0.176E-01
020356.958    21872049   285640539  0.176E-01
020408.958    21929992   286381929  0.176E-01
020420.958    21986786   287122491  0.176E-01
020432.958    22043987   287860112  0.176E-01
020444.958    22101337   288599839  0.176E-01
020456.958    22158575   289336859  0.176E-01
020508.958    22215619   290075570  0.176E-01
020520.958    22272575   290814256  0.175E-01
020532.958    22330075   291553329  0.176E-01
020544.958    22387274   292294414  0.176E-01
020556.958    22444563   293032115  0.176E-01
020608.958    22501804   293769196  0.176E-01
020620.958    22548119   294373504  0.176E-01
020632.958    22595101   294976886  0.177E-01
020644.958    22642107   295580405  0.175E-01
020656.958    22688698   296180233  0.175E-01
020708.958    22735451   296781286  0.176E-01
020720.958    22782166   297384063  0.175E-01
020732.958    22828791   297983790  0.176E-01
020744.958    22875411   298583935  0.176E-01
020756.958    22922286   299186606  0.176E-01
020808.958    22969059   299787140  0.176E-01
020820.958    23015395   300388259  0.175E-01
020832.958    23062002   300990500  0.176E-01
020844.958    23108547   301591824  0.176E-01
020856.958    23154939   302192655  0.176E-01
020908.958    23201472   302795109  0.176E-01
020920.958    23247997   303396913  0.176E-01
020932.958    23294684   303995934  0.176E-01
020944.959    23341268   304598765  0.184E-01
020956.958    23388180   305200386  0.176E-01
021008.958    23434608   305804659  0.176E-01
021020.958    23481142   306407298  0.176E-01
021032.958    23527811   307009569  0.176E-01
021044.959    23574219   307611367  0.248E-01
021056.958    23620530   308212514  0.176E-01
021108.958    23667148   308817613  0.176E-01
021120.958    23714137   309419653  0.176E-01
021132.958    23760915   310019743  0.176E-01
021144.958    23807346   310622326  0.176E-01
021156.958    23853898   311223457  0.175E-01
021208.958    23900536   311826042  0.175E-01
021220.958    23946550   312426231  0.176E-01
021232.958    23992878   313029281  0.176E-01
021244.958    24039342   313631325  0.176E-01
021256.958    24085330   314231875  0.176E-01
021308.958    24132074   314836555  0.176E-01
021320.958    24178727   315437831  0.175E-01
021332.958    24225537   316041728  0.176E-01
021344.958    24272174   316647093  0.176E-01
021356.958    24318575   317248547  0.175E-01
021408.958    24365350   317849842  0.175E-01
021420.958    24411954   318450269  0.176E-01
021432.958    24458358   319049935  0.176E-01
021444.958    24505351   319649875  0.176E-01
021456.958    24552147   320251799  0.176E-01
021508.958    24599129   320855101  0.176E-01
021520.958    24645831   321458126  0.175E-01
021532.958    24692627   322057860  0.176E-01
021544.958    24739114   322657860  0.176E-01
021556.958    24785630   323258934  0.175E-01
021608.958    24832378   323859851  0.175E-01
021620.958    24879046   324462245  0.175E-01
021632.958    24925940   325063042  0.176E-01
021644.958    24972713   325666609  0.175E-01
021656.958    25019720   326267727  0.176E-01
021708.958    25066474   326866645  0.176E-01
021720.958    25113017   327470028  0.176E-01
021732.958    25159520   328070790  0.175E-01
021744.958    25206375   328672634  0.176E-01
021756.964    25253219   329277432  0.176E-01
021808.958    25299982   329882467  0.175E-01
021820.958    25346767   330485877  0.175E-01
021832.958    25393995   331091114  0.175E-01
021844.958    25440474   331691894  0.176E-01
021856.958    25486923   332295676  0.175E-01
021908.958    25533594   332898650  0.176E-01
021920.958    25580215   333502530  0.175E-01
021932.958    25626844   334106494  0.175E-01
021944.958    25673553   334709152  0.176E-01
021956.958    25719990   335312640  0.175E-01
022008.958    25766571   335913384  0.175E-01
022020.958    25812889   336512368  0.175E-01
022032.958    25859613   337114248  0.175E-01
022044.958    25906707   337717228  0.175E-01
022056.958    25953687   338318789  0.175E-01
022108.958    26000039   338916901  0.176E-01
022120.958    26046853   339520113  0.175E-01
022132.958    26094193   340123369  0.175E-01
022144.958    26141034   340725907  0.175E-01
022156.958    26187908   341329366  0.175E-01
022208.958    26234647   341930499  0.175E-01
022220.958    26281597   342531988  0.175E-01
022232.958    26328778   343137204  0.175E-01
022244.958    26375395   343741068  0.176E-01
022256.958    26422368   344344673  0.175E-01
022308.958    26469270   344947244  0.175E-01
022320.958    26516307   345548412  0.175E-01
022332.958    26563414   346152728  0.175E-01
022344.958    26610360   346754212  0.175E-01
022356.958    26657341   347353666  0.175E-01
022408.958    26704377   347955314  0.175E-01
022420.958    26750585   348557333  0.175E-01
022432.958    26797216   349159691  0.175E-01
022444.958    26843662   349760937  0.176E-01
022456.958    26890385   350364251  0.175E-01
022508.958    26937161   350964097  0.175E-01
022520.958    26983876   351566780  0.175E-01
022532.958    27030451   352166601  0.175E-01
022544.958    27076954   352768909  0.175E-01
022556.958    27123971   353371739  0.175E-01
022608.958    27170713   353973601  0.175E-01
022620.958    27217451   354574825  0.175E-01
022632.958    27264682   355176464  0.175E-01
022644.958    27310945   355779698  0.175E-01
022656.958    27357437   356381686  0.175E-01
022708.958    27404024   356982170  0.176E-01
022720.958    27450640   357585402  0.175E-01
022732.958    27497310   358186555  0.176E-01
022744.958    27543648   358789228  0.175E-01
022756.958    27590367   359389176  0.175E-01
022808.958    27636615   359989185  0.169E-01
022820.958    27683367   360587947  0.175E-01
022832.958    27729469   361185306  0.176E-01
022844.958    27775633   361783762  0.175E-01
022856.958    27822448   362386719  0.175E-01
022908.958    27869144   362987351  0.176E-01
022920.958    27915212   363588539  0.175E-01
022932.958    27961729   364191173  0.176E-01
