Time       moves_acc moves_gen     G(r)_1
h/m/s/.th    WEIGHT PARAMETERS   0.100E+01
021838.175        6957       17533  0.135E+01
021850.177       10415       31477  0.109E+01
021902.176       13618       44948  0.918E+00
021914.175       16609       58780  0.793E+00
021926.177       19472       73075  0.699E+00
021938.176       22007       87070  0.630E+00
021950.176       24685      101962  0.567E+00
022002.176       27086      116398  0.516E+00
022014.176       29564      131403  0.469E+00
022026.175       32052      146419  0.423E+00
022038.176       34328      161318  0.385E+00
022050.176       36566      176258  0.352E+00
022102.180       38778      191102  0.322E+00
022114.176       40953      205218  0.295E+00
022126.176       43092      219817  0.270E+00
022138.177       45245      234156  0.247E+00
022150.176       47127      247774  0.228E+00
022202.182       48935      260592  0.211E+00
022214.176       51016      275073  0.193E+00
022226.176       52753      287657  0.178E+00
022238.176       54806      302187  0.162E+00
022250.174       56851      317102  0.148E+00
022302.175       58938      332161  0.135E+00
022314.176       60849      347155  0.124E+00
022326.176       62680      362042  0.114E+00
022338.176       64519      376881  0.104E+00
022350.176       66363      391750  0.958E-01
022402.177       67690      402471  0.901E-01
022414.188       68517      409604  0.867E-01
022426.181       69233      415784  0.839E-01
022438.191       70080      422785  0.804E-01
022450.185       71082      431650  0.767E-01
022502.184       71836      438179  0.741E-01
022514.191       72639      444869  0.715E-01
022526.180       73562      453061  0.684E-01
022538.183       74308      459461  0.658E-01
022550.190       75195      467186  0.633E-01
022602.182       76159      476191  0.604E-01
022614.180       76889      483031  0.582E-01
022626.189       77770      491874  0.557E-01
022638.183       78668      500804  0.531E-01
022650.181       79548      509490  0.507E-01
022702.217       80309      516837  0.488E-01
022714.181       80984      524032  0.473E-01
022726.186       81909      532843  0.451E-01
022738.221       82689      541136  0.432E-01
022750.211       83372      548012  0.419E-01
022802.180       84009      554305  0.407E-01
022814.193       84649      561396  0.395E-01
022826.185       85218      566945  0.385E-01
022838.181       85752      573323  0.375E-01
022850.186       86447      581512  0.362E-01
022902.184       87079      588484  0.352E-01
022914.185       87897      597316  0.338E-01
022926.184       88815      607411  0.324E-01
022938.178       89689      617504  0.312E-01
022950.178       90507      627276  0.300E-01
023002.185       91391      637466  0.286E-01
023014.190       92062      645411  0.275E-01
023026.185       92952      655713  0.262E-01
023038.177       93716      664805  0.252E-01
023050.181       94430      673472  0.244E-01
023102.183       94927      680123  0.237E-01
023114.182       95601      688589  0.229E-01
023126.180       96267      697444  0.222E-01
023138.178       96996      706633  0.213E-01
023150.185       97710      715237  0.207E-01
023202.186       98435      725251  0.199E-01
023214.181       99160      734853  0.192E-01
023226.180       99893      744889  0.184E-01
023238.188      100609      754572  0.177E-01
023250.188      101229      763583  0.172E-01
023302.179      101946      773684  0.166E-01
023314.183      102640      783845  0.160E-01
023326.177      103265      793408  0.154E-01
023338.194      103846      802719  0.150E-01
023350.176      104428      812356  0.145E-01
023402.184      104952      820986  0.141E-01
023414.181      105575      830233  0.137E-01
023426.188      106237      840309  0.132E-01
023438.184      106741      848104  0.129E-01
023450.179      107400      857819  0.125E-01
023502.184      108153      868249  0.122E-01
023514.185      108713      876362  0.118E-01
023526.184      109261      885486  0.115E-01
023538.207      109865      895013  0.111E-01
023550.182      110474      904908  0.107E-01
023602.183      110983      914558  0.105E-01
023614.180      111575      924665  0.102E-01
023626.178      112129      933953  0.985E-02
023638.185      112671      943399  0.958E-02
023650.181      113213      953221  0.936E-02
023702.179      113730      962678  0.912E-02
023714.187      114270      973249  0.880E-02
023726.177      114717      982800  0.861E-02
023738.203      115017      990155  0.849E-02
023750.178      115475      998868  0.831E-02
023802.182      115843     1007029  0.818E-02
023814.183      116278     1016619  0.803E-02
023826.184      116694     1025281  0.786E-02
023838.180      117122     1034187  0.775E-02
023850.180      117514     1043582  0.757E-02
023902.178      117918     1052628  0.742E-02
023914.185      118342     1062215  0.728E-02
023926.180      118767     1072332  0.716E-02
023938.187      119174     1082569  0.705E-02
023950.185      119529     1091125  0.695E-02
024002.184      119910     1100116  0.675E-02
024014.180      120113     1105776  0.668E-02
024026.185      120473     1114647  0.655E-02
024038.185      120909     1124480  0.643E-02
024050.184      121310     1133946  0.631E-02
024102.180      121657     1142852  0.624E-02
024114.179      121932     1148421  0.612E-02
024126.185      122314     1155765  0.608E-02
024138.179      122720     1165051  0.596E-02
024150.187      123092     1173929  0.585E-02
024202.186      123392     1182555  0.576E-02
024214.204      123842     1192424  0.567E-02
024226.176      124237     1202700  0.558E-02
024238.180      124654     1211754  0.552E-02
024250.190      125100     1221219  0.545E-02
024302.181      125577     1231541  0.537E-02
024314.180      126035     1241568  0.527E-02
024326.176      126410     1250694  0.521E-02
024338.214      126627     1256980  0.514E-02
024350.189      126978     1265166  0.510E-02
024402.184      127360     1272956  0.504E-02
024414.188      127690     1281103  0.496E-02
024426.184      128054     1289798  0.490E-02
024438.183      128509     1298833  0.481E-02
024450.182      128831     1305789  0.477E-02
024502.191      129015     1311678  0.473E-02
024514.183      129202     1317914  0.468E-02
024526.224      129480     1323601  0.465E-02
024538.228      129795     1331531  0.460E-02
024550.180      130018     1337850  0.456E-02
024602.183      130225     1344256  0.456E-02
024614.178      130495     1350926  0.451E-02
024626.183      130695     1357734  0.448E-02
024638.182      131033     1365996  0.450E-02
024650.212      131341     1373836  0.447E-02
024702.178      131601     1381488  0.443E-02
024714.184      131898     1390564  0.439E-02
024726.202      132191     1399122  0.434E-02
024738.184      132436     1406372  0.429E-02
024750.178      132753     1413881  0.426E-02
024802.188      132977     1420844  0.423E-02
024814.186      133231     1427944  0.417E-02
024826.183      133583     1437508  0.415E-02
024838.215      133799     1444335  0.409E-02
024850.180      133986     1451694  0.406E-02
024902.182      134205     1459557  0.402E-02
024914.183      134446     1467394  0.396E-02
024926.193      134609     1473793  0.393E-02
024938.177      134811     1480746  0.391E-02
024950.181      134947     1487199  0.389E-02
025002.181      135213     1493894  0.389E-02
025014.184      135466     1501991  0.385E-02
025026.180      135753     1508986  0.384E-02
025038.179      135893     1514595  0.383E-02
025050.182      136155     1522318  0.380E-02
025102.184      136437     1529935  0.378E-02
025114.179      136752     1538567  0.373E-02
025126.180      136978     1545908  0.370E-02
025138.180      137204     1553233  0.366E-02
025150.199      137500     1560521  0.366E-02
025202.205      137754     1567770  0.361E-02
025214.183      137917     1573404  0.360E-02
025226.182      138095     1581528  0.355E-02
025238.185      138413     1589799  0.354E-02
025250.189      138688     1597959  0.349E-02
025302.183      138842     1603629  0.347E-02
025314.184      138952     1608240  0.345E-02
025326.183      139151     1615954  0.344E-02
025338.179      139333     1622871  0.340E-02
025350.185      139550     1631063  0.338E-02
025402.184      139810     1639856  0.331E-02
025414.181      140000     1648108  0.327E-02
025426.183      140226     1657195  0.325E-02
025438.181      140607     1666151  0.325E-02
025450.178      140862     1674885  0.322E-02
025502.184      141124     1682601  0.320E-02
025514.184      141522     1692115  0.319E-02
025526.180      141803     1702131  0.315E-02
025538.183      142038     1710350  0.313E-02
025550.181      142375     1719431  0.312E-02
025602.185      142721     1729323  0.309E-02
025614.184      143017     1738464  0.305E-02
025626.186      143377     1747096  0.301E-02
025638.184      143594     1756362  0.299E-02
025650.180      143945     1765677  0.298E-02
025702.186      144255     1774493  0.297E-02
025714.192      144507     1784195  0.294E-02
025726.187      144837     1792208  0.293E-02
025738.183      145205     1801434  0.292E-02
025750.177      145518     1809939  0.291E-02
025802.186      145785     1819251  0.288E-02
025814.181      146058     1828300  0.285E-02
025826.177      146414     1838042  0.285E-02
025838.181      146642     1846040  0.283E-02
025850.178      146908     1854748  0.283E-02
025902.185      147153     1862207  0.280E-02
025914.184      147434     1872076  0.276E-02
025926.185      147649     1878306  0.276E-02
025938.186      147908     1887828  0.273E-02
025950.185      148213     1896241  0.274E-02
030002.200      148528     1904714  0.273E-02
030014.178      148704     1911595  0.271E-02
030026.184      148956     1920563  0.270E-02
030038.183      149200     1928447  0.268E-02
030050.189      149587     1937966  0.269E-02
030102.185      150013     1947359  0.268E-02
030114.180      150266     1956344  0.265E-02
030126.183      150551     1965768  0.263E-02
030138.182      150933     1974656  0.263E-02
030150.186      151181     1983477  0.262E-02
030202.188      151348     1991512  0.260E-02
030214.182      151681     2001047  0.258E-02
030226.178      151836     2008183  0.256E-02
030238.178      152140     2016923  0.257E-02
030250.178      152381     2025084  0.254E-02
030302.177      152687     2034164  0.254E-02
030314.184      153017     2043033  0.252E-02
030326.209      153470     2052203  0.251E-02
030338.183      153765     2060978  0.251E-02
030350.188      154052     2069557  0.249E-02
030402.184      154311     2077926  0.248E-02
030414.182      154562     2086887  0.246E-02
030426.184      154816     2096535  0.243E-02
030438.176      155005     2104675  0.242E-02
030450.190      155258     2112674  0.240E-02
030502.184      155500     2121645  0.240E-02
030514.184      155708     2130185  0.240E-02
030526.213      155902     2138156  0.238E-02
030538.178      156142     2146226  0.239E-02
030550.184      156454     2155655  0.238E-02
030602.185      156760     2164055  0.238E-02
030614.187      156903     2172242  0.237E-02
030626.181      157221     2181691  0.238E-02
030638.186      157441     2191372  0.235E-02
030650.185      157613     2201853  0.234E-02
030702.185      157824     2210640  0.232E-02
030714.182      158024     2218272  0.232E-02
030726.182      158214     2228099  0.230E-02
030738.208      158396     2237651  0.230E-02
030750.182      158589     2245184  0.229E-02
030802.185      158738     2254303  0.228E-02
030814.182      158995     2263273  0.229E-02
030826.181      159234     2273170  0.228E-02
030838.183      159378     2281682  0.227E-02
030850.205      159570     2290239  0.227E-02
030902.187      159842     2299609  0.227E-02
030914.185      160033     2308489  0.227E-02
030926.185      160292     2317467  0.226E-02
030938.182      160440     2326496  0.224E-02
030950.179      160611     2335511  0.223E-02
031002.185      160828     2344591  0.224E-02
031014.182      161008     2353762  0.223E-02
031026.185      161246     2362343  0.224E-02
031038.206      161416     2371316  0.223E-02
031050.210      161655     2381225  0.224E-02
031102.209      161913     2390968  0.223E-02
031114.182      162212     2399657  0.223E-02
031126.187      162380     2407957  0.221E-02
031138.183      162647     2417769  0.219E-02
031150.184      162876     2427342  0.218E-02
031202.180      163089     2437093  0.216E-02
031214.180      163539     2446183  0.219E-02
031226.186      163787     2455767  0.218E-02
031238.182      164044     2464991  0.214E-02
031250.182      164309     2472898  0.213E-02
031302.182      164592     2481437  0.213E-02
031314.192      164793     2489594  0.211E-02
031326.189      165124     2497482  0.212E-02
031338.184      165342     2506226  0.211E-02
031350.184      165494     2513888  0.210E-02
031402.180      165645     2521950  0.209E-02
031414.180      166005     2531429  0.209E-02
031426.186      166227     2540968  0.209E-02
031438.179      166388     2550639  0.207E-02
031450.189      166559     2559904  0.205E-02
031502.184      166737     2568672  0.205E-02
031514.182      166883     2576429  0.205E-02
031526.181      167137     2585195  0.207E-02
031538.182      167433     2594192  0.207E-02
031550.184      167564     2603048  0.205E-02
031602.185      167722     2607434  0.206E-02
031614.179      167886     2616122  0.205E-02
031626.188      168250     2624704  0.206E-02
031638.185      168450     2632913  0.205E-02
031650.185      168877     2641833  0.206E-02
031702.180      169092     2651604  0.204E-02
031714.187      169300     2660322  0.203E-02
031726.182      169596     2669689  0.203E-02
031738.186      169786     2678427  0.202E-02
031750.180      170008     2685767  0.200E-02
031802.185      170231     2695403  0.197E-02
031814.184      170384     2704687  0.197E-02
031826.189      170682     2713335  0.197E-02
031838.180      170888     2722725  0.197E-02
031850.184      171068     2732002  0.196E-02
031902.178      171255     2741791  0.196E-02
031914.184      171421     2750435  0.195E-02
031926.184      171609     2759770  0.194E-02
031938.186      171852     2768251  0.194E-02
031950.184      172004     2775163  0.193E-02
032002.207      172255     2782950  0.194E-02
032014.179      172389     2791013  0.193E-02
032026.180      172694     2799548  0.193E-02
032038.180      172994     2808554  0.193E-02
032050.187      173133     2817442  0.191E-02
032102.196      173423     2827482  0.192E-02
032114.185      173582     2836314  0.190E-02
032126.184      173887     2845439  0.189E-02
032138.185      174071     2854199  0.188E-02
032150.184      174332     2861941  0.187E-02
032202.218      174531     2868664  0.186E-02
032214.188      174855     2878126  0.186E-02
032226.177      174987     2885220  0.185E-02
032238.180      175173     2891000  0.185E-02
032250.186      175416     2899150  0.185E-02
032302.179      175609     2907341  0.185E-02
032314.215      175780     2915724  0.184E-02
032326.183      176036     2926038  0.183E-02
032338.181      176203     2935086  0.181E-02
032350.183      176366     2943824  0.180E-02
032402.189      176550     2953978  0.180E-02
032414.188      176717     2962423  0.179E-02
032426.187      176846     2971186  0.178E-02
032438.190      177018     2980742  0.177E-02
032450.185      177175     2990014  0.178E-02
032502.184      177291     2998921  0.177E-02
032514.179      177453     3008737  0.176E-02
032526.180      177584     3017500  0.176E-02
032538.183      177717     3026933  0.176E-02
032550.182      177811     3034992  0.175E-02
032602.182      178026     3045739  0.176E-02
032614.184      178181     3054429  0.174E-02
032626.187      178325     3064027  0.174E-02
032638.181      178469     3073473  0.175E-02
032650.177      178591     3082719  0.174E-02
032702.183      178744     3092176  0.173E-02
032714.180      178860     3100518  0.173E-02
032726.184      178955     3109117  0.172E-02
032738.186      179078     3117992  0.173E-02
032750.180      179189     3125974  0.172E-02
032802.212      179294     3133655  0.172E-02
032814.186      179373     3140786  0.171E-02
032826.184      179496     3150038  0.171E-02
032838.186      179706     3158842  0.171E-02
032850.202      179816     3166332  0.171E-02
032902.183      179945     3175597  0.171E-02
032914.181      180060     3182809  0.172E-02
032926.219      180340     3191015  0.173E-02
032938.187      180556     3200159  0.173E-02
032950.177      180671     3207145  0.172E-02
033002.184      180818     3215376  0.172E-02
033014.186      180997     3225350  0.171E-02
033026.185      181125     3234012  0.171E-02
033038.180      181282     3242637  0.170E-02
033050.228      181385     3249865  0.170E-02
033102.178      181632     3259005  0.170E-02
033114.178      181808     3266926  0.168E-02
033126.184      182048     3277193  0.168E-02
033138.185      182437     3286944  0.169E-02
033150.178      182670     3296922  0.168E-02
033202.182      182854     3306104  0.168E-02
033214.183      183118     3315724  0.168E-02
033226.180      183343     3325640  0.168E-02
033238.186      183516     3334352  0.167E-02
033250.189      183700     3343576  0.167E-02
033302.185      183876     3352078  0.167E-02
033314.180      184056     3361661  0.166E-02
033326.199      184356     3370948  0.167E-02
033338.180      184493     3379952  0.166E-02
033350.184      184696     3388981  0.166E-02
033402.190      184822     3396723  0.165E-02
033414.181      184958     3404738  0.165E-02
033426.186      185193     3414711  0.165E-02
033438.182      185357     3424351  0.166E-02
033450.179      185509     3433142  0.163E-02
033502.188      185632     3440893  0.166E-02
033514.184      185730     3447941  0.163E-02
033526.186      185892     3456234  0.165E-02
033538.185      186205     3463451  0.164E-02
033550.180      186370     3472797  0.164E-02
033602.181      186723     3483528  0.164E-02
033614.188      186839     3488997  0.163E-02
033626.185      187010     3498181  0.163E-02
033638.183      187212     3507491  0.162E-02
033650.194      187407     3517251  0.161E-02
033702.179      187573     3526109  0.155E-02
033714.184      187762     3533933  0.153E-02
033726.183      187932     3543306  0.152E-02
033738.186      188075     3553190  0.150E-02
033750.186      188199     3560169  0.150E-02
033802.185      188357     3568001  0.150E-02
033814.183      188534     3577504  0.151E-02
033826.179      188873     3585965  0.153E-02
033838.181      189052     3594868  0.152E-02
033850.186      189239     3604763  0.150E-02
033902.184      189342     3611696  0.150E-02
033914.185      189506     3619649  0.150E-02
033926.196      189662     3628365  0.150E-02
033938.184      189845     3637307  0.149E-02
033950.184      190040     3645864  0.150E-02
034002.182      190340     3654952  0.150E-02
034014.184      190594     3661734  0.151E-02
034026.185      190757     3669949  0.150E-02
034038.181      191090     3679351  0.151E-02
034050.184      191257     3688320  0.150E-02
034102.182      191446     3697138  0.149E-02
034114.187      191741     3707398  0.151E-02
034126.184      192160     3716666  0.151E-02
034138.188      192382     3725402  0.149E-02
034150.183      192555     3733959  0.148E-02
034202.188      192683     3743261  0.148E-02
034214.177      192860     3752368  0.148E-02
034226.185      193073     3760283  0.147E-02
034238.195      193434     3769329  0.148E-02
034250.185      193700     3777470  0.149E-02
034302.185      193907     3786888  0.148E-02
034314.180      194103     3795535  0.147E-02
034326.184      194419     3803688  0.147E-02
034338.219      194566     3813170  0.146E-02
034350.186      194698     3821114  0.146E-02
034402.184      194845     3830479  0.146E-02
034414.185      195146     3838114  0.146E-02
034426.181      195334     3846761  0.146E-02
034438.179      195515     3855337  0.146E-02
034450.185      195869     3864859  0.146E-02
034502.182      196084     3874388  0.146E-02
034514.184      196228     3883951  0.145E-02
034526.184      196362     3893491  0.147E-02
034538.181      196544     3902962  0.144E-02
034550.185      196732     3913203  0.145E-02
034602.184      196924     3921684  0.143E-02
034614.183      197108     3930702  0.143E-02
034626.191      197279     3937203  0.144E-02
034638.184      197507     3945648  0.144E-02
034650.209      197777     3954365  0.145E-02
034702.185      198079     3963146  0.144E-02
034714.184      198282     3974175  0.144E-02
034726.184      198470     3985030  0.143E-02
034738.183      198658     3993973  0.145E-02
034750.228      198813     4002302  0.143E-02
034802.198      199042     4012309  0.142E-02
034814.180      199212     4019322  0.143E-02
034826.185      199365     4025166  0.143E-02
034838.178      199545     4033988  0.142E-02
034850.182      199764     4043778  0.143E-02
034902.185      199897     4052316  0.141E-02
034914.195      200175     4061798  0.143E-02
034926.199      200370     4071142  0.142E-02
034938.178      200494     4079257  0.142E-02
034950.181      200826     4088389  0.143E-02
035002.185      200987     4097760  0.142E-02
035014.184      201168     4106563  0.141E-02
035026.178      201383     4115129  0.142E-02
035038.181      201522     4124526  0.141E-02
035050.185      201649     4133781  0.141E-02
035102.186      201829     4142999  0.141E-02
035114.181      202020     4153283  0.142E-02
035126.178      202257     4162636  0.141E-02
035138.184      202453     4171389  0.141E-02
035150.184      202634     4180574  0.140E-02
035202.206      202779     4189393  0.140E-02
035214.179      202951     4197709  0.140E-02
035226.180      203103     4208072  0.139E-02
035238.183      203270     4216714  0.139E-02
035250.183      203382     4225415  0.139E-02
035302.184      203648     4234797  0.141E-02
035314.183      203795     4244402  0.139E-02
035326.183      203977     4252511  0.141E-02
035338.187      204254     4259315  0.140E-02
035350.178      204409     4267228  0.140E-02
035402.184      204556     4276987  0.140E-02
035414.181      204815     4287663  0.140E-02
035426.182      205118     4295957  0.140E-02
035438.182      205227     4302463  0.140E-02
035450.184      205547     4313045  0.140E-02
035502.182      206021     4321593  0.141E-02
035514.184      206155     4329656  0.140E-02
035526.176      206459     4336627  0.141E-02
035538.185      206673     4344945  0.140E-02
035550.179      206932     4354401  0.140E-02
035602.186      207106     4364003  0.140E-02
035614.182      207308     4372424  0.140E-02
035626.187      207613     4382018  0.139E-02
035638.186      207844     4391944  0.139E-02
035650.186      207994     4399125  0.139E-02
035702.186      208241     4406861  0.140E-02
035714.182      208664     4416119  0.141E-02
035726.184      208889     4425751  0.139E-02
035738.181      209193     4434266  0.142E-02
035750.186      209504     4442925  0.140E-02
035802.181      209703     4451750  0.139E-02
035814.178      209981     4461010  0.139E-02
035826.190      210164     4470915  0.140E-02
035838.189      210329     4480653  0.138E-02
035850.185      210515     4490544  0.138E-02
035902.190      210793     4498257  0.138E-02
035914.181      210992     4507911  0.137E-02
035926.179      211110     4516057  0.137E-02
035938.198      211342     4524289  0.138E-02
035950.183      211654     4532652  0.138E-02
040002.180      211918     4541248  0.137E-02
040014.178      212107     4549671  0.138E-02
040026.184      212273     4558300  0.139E-02
040038.227      212428     4566867  0.137E-02
040050.179      212714     4575393  0.137E-02
040102.180      212836     4584110  0.137E-02
040114.184      213104     4592883  0.137E-02
040126.180      213301     4601470  0.220E-02
040138.187      213565     4610295  0.136E-02
040150.181      213851     4618525  0.138E-02
040202.210      214019     4625274  0.137E-02
040214.179      214196     4634152  0.137E-02
040226.179      214400     4643624  0.137E-02
040238.184      214729     4652792  0.138E-02
040250.187      214953     4661625  0.136E-02
040302.191      215098     4669298  0.136E-02
040314.184      215308     4678841  0.136E-02
040326.176      215558     4686106  0.137E-02
040338.187      215858     4695626  0.137E-02
040350.180      215992     4702700  0.137E-02
040402.190      216319     4711576  0.137E-02
040414.181      216525     4720166  0.137E-02
040426.185      216775     4729411  0.136E-02
040438.185      216988     4739288  0.136E-02
040450.187      217157     4748348  0.136E-02
040502.180      217322     4758405  0.136E-02
040514.182      217668     4767858  0.136E-02
040526.177      217877     4775697  0.137E-02
040538.180      218147     4786379  0.136E-02
040550.184      218499     4796223  0.137E-02
040602.183      218813     4805631  0.137E-02
040614.181      219006     4815260  0.136E-02
040626.184      219291     4824335  0.136E-02
040638.211      219518     4830631  0.137E-02
040650.184      219638     4838719  0.136E-02
040702.182      219789     4846913  0.135E-02
040714.181      220106     4857148  0.136E-02
040726.188      220294     4866323  0.136E-02
040738.186      220454     4874714  0.135E-02
040750.184      220623     4884466  0.147E-02
040802.188      220739     4893501  0.134E-02
040814.177      220977     4902296  0.134E-02
040826.191      221273     4910623  0.135E-02
040838.219      221485     4920211  0.134E-02
040850.178      221821     4929357  0.135E-02
040902.176      221952     4935968  0.131E-02
040914.177      222259     4945544  0.128E-02
040926.183      222430     4954592  0.127E-02
040938.199      222561     4964335  0.127E-02
040950.179      222929     4974267  0.128E-02
041002.193      223289     4984157  0.127E-02
041014.208      223450     4993126  0.128E-02
041026.180      223603     5002992  0.126E-02
041038.184      223717     5012653  0.126E-02
041050.184      223992     5021106  0.127E-02
041102.179      224129     5030500  0.126E-02
041114.184      224254     5039056  0.126E-02
041126.181      224361     5048247  0.126E-02
041138.180      224477     5055452  0.125E-02
041150.188      224612     5065319  0.125E-02
041202.185      224755     5075064  0.126E-02
041214.182      224907     5085166  0.125E-02
041226.184      225123     5093525  0.125E-02
041238.188      225213     5100792  0.125E-02
041250.189      225410     5109628  0.125E-02
041302.206      225682     5118580  0.124E-02
041314.186      225838     5127142  0.124E-02
041326.187      225969     5136456  0.124E-02
041338.183      226194     5144933  0.125E-02
041350.185      226337     5153900  0.124E-02
041402.181      226486     5162957  0.123E-02
041414.181      226654     5172097  0.123E-02
041426.182      226817     5181978  0.122E-02
041438.213      226966     5189143  0.122E-02
041450.208      227192     5197616  0.122E-02
041502.185      227367     5207233  0.122E-02
041514.185      227627     5216791  0.124E-02
041526.182      227829     5224360  0.123E-02
041538.185      227990     5234576  0.123E-02
041550.182      228168     5243808  0.120E-02
041602.179      228415     5252403  0.119E-02
041614.183      228518     5259513  0.119E-02
041626.183      228684     5268613  0.119E-02
041638.184      228916     5277667  0.119E-02
041650.219      229105     5286123  0.119E-02
041702.184      229232     5295336  0.119E-02
041714.184      229332     5302922  0.119E-02
041726.181      229648     5312072  0.119E-02
041738.179      229842     5322551  0.119E-02
041750.182      229959     5330155  0.119E-02
041802.186      230103     5338249  0.119E-02
041814.201      230179     5346839  0.118E-02
041826.190      230298     5354489  0.118E-02
041838.184      230427     5362390  0.118E-02
041850.214      230601     5370926  0.118E-02
041902.187      230747     5380368  0.118E-02
041914.205      230902     5389542  0.118E-02
041926.181      231115     5397410  0.119E-02
041938.184      231542     5407405  0.119E-02
041950.190      231733     5416422  0.118E-02
042002.187      232040     5424861  0.119E-02
042014.182      232386     5434254  0.119E-02
042026.188      232671     5442348  0.119E-02
042038.185      232906     5449038  0.120E-02
042050.180      233104     5458922  0.119E-02
042102.191      233228     5467362  0.118E-02
042114.197      233423     5476917  0.118E-02
042126.183      233564     5485631  0.117E-02
042138.227      233712     5493305  0.118E-02
042150.185      233914     5502628  0.117E-02
042202.181      234124     5511619  0.118E-02
042214.184      234466     5520588  0.118E-02
042226.184      234631     5529647  0.118E-02
042238.179      234810     5538323  0.118E-02
042250.180      235059     5547702  0.118E-02
042302.182      235216     5557309  0.118E-02
042314.188      235479     5565950  0.118E-02
042326.185      235679     5572957  0.119E-02
042338.179      235849     5581413  0.118E-02
042350.178      236051     5590927  0.118E-02
042402.189      236304     5599898  0.118E-02
042414.181      236671     5609304  0.118E-02
042426.182      236787     5617305  0.118E-02
042438.185      237090     5624920  0.118E-02
042450.186      237302     5635287  0.118E-02
042502.188      237527     5644064  0.118E-02
042514.183      237695     5652573  0.118E-02
042526.182      237860     5659264  0.117E-02
042538.179      237960     5668715  0.117E-02
042550.185      238188     5678819  0.117E-02
042602.188      238447     5687787  0.118E-02
042614.189      238579     5696061  0.118E-02
042626.179      238733     5704982  0.118E-02
042638.220      239093     5714022  0.118E-02
042650.184      239196     5722576  0.118E-02
042702.182      239347     5730867  0.118E-02
042714.183      239747     5739028  0.119E-02
042726.185      239874     5748381  0.117E-02
042738.180      240016     5757201  0.117E-02
042750.184      240151     5765631  0.117E-02
042802.186      240266     5773785  0.117E-02
042814.184      240415     5782221  0.117E-02
042826.183      240764     5791277  0.116E-02
042838.184      240931     5800420  0.116E-02
042850.186      241185     5810283  0.116E-02
042902.186      241588     5819888  0.117E-02
042914.184      241805     5829726  0.116E-02
042926.183      241941     5838901  0.115E-02
042938.184      242070     5847598  0.115E-02
042950.182      242246     5856545  0.115E-02
043002.181      242413     5864741  0.115E-02
043014.181      242565     5874404  0.115E-02
043026.186      242733     5881942  0.116E-02
043038.181      242904     5889849  0.116E-02
043050.178      243068     5897445  0.115E-02
043102.182      243336     5907065  0.115E-02
043114.180      243501     5916703  0.115E-02
043126.184      243596     5925137  0.115E-02
043138.186      243723     5933765  0.115E-02
043150.186      243917     5942675  0.115E-02
043202.182      244091     5951145  0.116E-02
043214.181      244293     5960131  0.114E-02
043226.184      244493     5967852  0.115E-02
043238.186      244673     5976085  0.115E-02
043250.181      244843     5986292  0.115E-02
043302.181      245113     5994685  0.115E-02
043314.229      245284     6003920  0.115E-02
043326.216      245487     6013622  0.116E-02
043338.178      245667     6022251  0.115E-02
043350.190      245893     6032775  0.114E-02
043402.183      246051     6041592  0.114E-02
043414.189      246203     6051738  0.114E-02
043426.185      246378     6060866  0.114E-02
043438.183      246540     6068733  0.114E-02
043450.184      246675     6078378  0.115E-02
043502.183      246849     6085885  0.115E-02
043514.179      247030     6094869  0.114E-02
043526.185      247214     6102945  0.113E-02
043538.184      247391     6111781  0.114E-02
043550.185      247533     6119347  0.113E-02
043602.185      247716     6129036  0.114E-02
043614.184      247875     6139127  0.113E-02
043626.186      248164     6148789  0.115E-02
043638.179      248571     6158517  0.115E-02
043650.178      248767     6168688  0.114E-02
043702.181      248955     6178134  0.114E-02
043714.186      249199     6186788  0.114E-02
043726.187      249323     6194690  0.115E-02
043738.181      249545     6202186  0.115E-02
043750.186      249835     6211830  0.115E-02
043802.184      250018     6218518  0.115E-02
043814.178      250257     6226654  0.115E-02
043826.183      250533     6237374  0.114E-02
043838.189      250760     6247217  0.113E-02
043850.184      250925     6256744  0.113E-02
043902.183      251075     6263637  0.113E-02
043914.186      251443     6273289  0.113E-02
043926.191      251612     6281826  0.111E-02
043938.186      251757     6291379  0.111E-02
043950.191      252055     6301350  0.111E-02
044002.188      252310     6309891  0.111E-02
044014.181      252410     6317097  0.111E-02
044026.181      252763     6326951  0.111E-02
044038.181      252873     6334330  0.111E-02
044050.181      252997     6342121  0.111E-02
044102.186      253275     6349880  0.111E-02
044114.188      253518     6357225  0.112E-02
044126.184      253669     6366562  0.111E-02
044138.189      253877     6374379  0.113E-02
044150.190      254225     6383582  0.111E-02
044202.185      254402     6392615  0.110E-02
044214.188      254753     6401849  0.111E-02
044226.185      255001     6410636  0.111E-02
044238.185      255190     6419297  0.110E-02
044250.186      255456     6427714  0.111E-02
044302.184      255712     6434906  0.110E-02
044314.184      255992     6443802  0.110E-02
044326.185      256217     6451627  0.110E-02
044338.222      256508     6460395  0.110E-02
044350.178      256676     6469541  0.110E-02
044402.182      257025     6478179  0.109E-02
044414.177      257275     6486541  0.109E-02
044426.181      257401     6495013  0.109E-02
044438.186      257676     6503452  0.109E-02
044450.180      257900     6512553  0.111E-02
044502.188      258221     6521650  0.109E-02
044514.184      258504     6530906  0.109E-02
044526.181      258669     6539712  0.109E-02
044538.185      258969     6548699  0.109E-02
044550.178      259150     6558334  0.109E-02
044602.184      259377     6567789  0.109E-02
044614.183      259523     6576216  0.108E-02
044626.182      259758     6585057  0.110E-02
044638.176      260000     6593136  0.109E-02
044650.184      260260     6601913  0.109E-02
044702.179      260425     6610220  0.109E-02
044714.183      260664     6620274  0.109E-02
044726.185      261018     6629797  0.109E-02
044738.185      261383     6639143  0.109E-02
044750.185      261646     6647765  0.109E-02
044802.184      261918     6656272  0.108E-02
044814.187      262062     6664181  0.109E-02
044826.182      262216     6672560  0.108E-02
044838.207      262401     6680323  0.108E-02
044850.180      262768     6689293  0.109E-02
044902.182      262949     6697450  0.109E-02
044914.222      263099     6705549  0.109E-02
044926.178      263391     6715948  0.109E-02
044938.184      263580     6723405  0.108E-02
044950.184      263889     6731450  0.109E-02
045002.185      264092     6739949  0.109E-02
045014.186      264324     6747365  0.109E-02
045026.186      264587     6756720  0.109E-02
045038.180      264768     6765622  0.109E-02
045050.193      265106     6776099  0.109E-02
045102.180      265397     6784948  0.108E-02
045114.185      265641     6794509  0.106E-02
045126.210      265911     6802855  0.106E-02
045138.181      266209     6812294  0.106E-02
045150.189      266438     6820096  0.106E-02
045202.219      266662     6829762  0.106E-02
045214.187      266956     6838706  0.107E-02
045226.185      267305     6848513  0.106E-02
045238.181      267547     6857778  0.106E-02
045250.184      267846     6866837  0.105E-02
045302.180      268124     6874434  0.106E-02
045314.207      268422     6882527  0.107E-02
045326.178      268647     6891682  0.107E-02
045338.180      268887     6901283  0.106E-02
045350.185      269149     6911715  0.105E-02
045402.188      269518     6920230  0.106E-02
045414.184      269704     6929109  0.105E-02
045426.190      269892     6938934  0.105E-02
045438.193      270161     6947621  0.106E-02
045450.185      270389     6956123  0.106E-02
045502.180      270567     6965035  0.106E-02
045514.184      270759     6972103  0.105E-02
045526.184      270998     6979357  0.106E-02
045538.201      271148     6987885  0.105E-02
045550.185      271260     6996430  0.105E-02
045602.184      271473     7005609  0.105E-02
045614.193      271654     7013553  0.105E-02
045626.189      271857     7021726  0.105E-02
045638.182      272077     7031041  0.105E-02
045650.184      272291     7039502  0.105E-02
045702.182      272424     7048230  0.105E-02
045714.182      272678     7057879  0.105E-02
045726.187      272987     7067244  0.105E-02
045738.187      273160     7076163  0.105E-02
045750.182      273502     7086122  0.106E-02
045802.189      273747     7094883  0.105E-02
045814.180      274009     7103877  0.106E-02
045826.181      274293     7113205  0.105E-02
045838.185      274401     7119698  0.105E-02
045850.190      274745     7128115  0.105E-02
045902.187      275125     7136404  0.106E-02
045914.182      275419     7146751  0.105E-02
045926.214      275667     7155162  0.106E-02
045938.228      275821     7163547  0.106E-02
045950.182      276047     7173045  0.105E-02
050002.184      276241     7182399  0.105E-02
050014.186      276550     7191882  0.106E-02
050026.189      276763     7199858  0.106E-02
050038.179      277087     7208694  0.106E-02
050050.187      277283     7217113  0.104E-02
050102.182      277448     7224643  0.105E-02
050114.188      277687     7232643  0.105E-02
050126.177      277828     7240369  0.105E-02
050138.181      278125     7249336  0.105E-02
050150.181      278308     7257158  0.104E-02
050202.181      278565     7266767  0.104E-02
050214.183      278804     7276144  0.104E-02
050226.186      279004     7286056  0.105E-02
050238.185      279219     7294567  0.104E-02
050250.189      279468     7303079  0.105E-02
050302.183      279658     7311888  0.104E-02
050314.190      279911     7320881  0.105E-02
050326.187      280224     7330467  0.105E-02
050338.182      280398     7338872  0.105E-02
050350.176      280613     7348649  0.104E-02
050402.185      280830     7355198  0.104E-02
050414.189      280999     7364306  0.104E-02
050426.185      281188     7372449  0.105E-02
050438.181      281468     7381927  0.104E-02
050450.183      281608     7390584  0.105E-02
050502.183      281819     7399759  0.829E-03
050514.183      282031     7408062  0.762E-03
050526.178      282236     7417103  0.747E-03
050538.177      282421     7425881  0.748E-03
050550.182      282731     7435467  0.747E-03
050602.184      282981     7442887  0.750E-03
050614.182      283196     7451135  0.754E-03
050626.180      283419     7461374  0.744E-03
050638.185      283531     7470644  0.747E-03
050650.179      283790     7479142  0.750E-03
050702.182      283973     7488352  0.742E-03
050714.184      284121     7497710  0.742E-03
050726.180      284374     7506922  0.740E-03
050738.186      284550     7515322  0.744E-03
050750.187      284711     7524239  0.741E-03
050802.190      284931     7533996  0.744E-03
050814.175      285218     7542068  0.741E-03
050826.182      285439     7550580  0.738E-03
050838.184      285743     7559188  0.741E-03
050850.187      286030     7568409  0.747E-03
050902.180      286274     7577237  0.745E-03
050914.180      286586     7586015  0.740E-03
050926.179      286753     7595523  0.739E-03
050938.228      286962     7603649  0.726E-03
050950.187      287281     7612608  0.732E-03
051002.183      287449     7621807  0.723E-03
051014.186      287669     7630927  0.734E-03
051026.185      288105     7639785  0.729E-03
051038.183      288415     7648508  0.725E-03
051050.178      288642     7658499  0.722E-03
051102.187      288932     7667981  0.721E-03
051114.181      289192     7677279  0.723E-03
051126.180      289376     7687438  0.714E-03
051138.182      289656     7695838  0.721E-03
051150.206      289796     7703657  0.719E-03
051202.186      290119     7712250  0.728E-03
051214.186      290253     7719913  0.719E-03
051226.186      290482     7729084  0.728E-03
051238.180      290797     7737718  0.717E-03
051250.178      290952     7747407  0.712E-03
051302.222      291177     7755056  0.723E-03
051314.181      291518     7765743  0.716E-03
051326.181      291744     7775319  0.712E-03
051338.184      291960     7784685  0.720E-03
051350.179      292092     7792519  0.714E-03
051402.180      292343     7800205  0.714E-03
051414.181      292659     7809198  0.717E-03
051426.185      293021     7818971  0.716E-03
051438.182      293328     7828639  0.711E-03
051450.179      293545     7837252  0.711E-03
051502.178      293840     7844685  0.705E-03
051514.184      294067     7854575  0.706E-03
051526.195      294449     7864633  0.707E-03
051538.184      294658     7874213  0.711E-03
051550.185      294904     7882734  0.702E-03
051602.185      294990     7890810  0.703E-03
051614.186      295207     7898971  0.703E-03
051626.186      295372     7907820  0.701E-03
051638.187      295652     7915718  0.701E-03
051650.185      295968     7924322  0.697E-03
051702.183      296157     7933826  0.698E-03
051714.188      296442     7941356  0.701E-03
051726.184      296602     7949958  0.698E-03
051738.184      296778     7959879  0.698E-03
051750.190      296955     7968727  0.696E-03
051802.185      297071     7977812  0.694E-03
051814.183      297443     7987002  0.685E-03
051826.192      297735     7995227  0.688E-03
051838.180      298002     8004678  0.688E-03
051850.192      298281     8013644  0.680E-03
051902.181      298484     8022760  0.685E-03
051914.180      298649     8031984  0.682E-03
051926.225      298856     8039802  0.684E-03
051938.188      299079     8048210  0.686E-03
051950.186      299233     8057107  0.675E-03
052002.177      299619     8066713  0.676E-03
052014.180      300017     8077314  0.680E-03
052026.194      300336     8086097  0.677E-03
052038.185      300523     8095795  0.676E-03
052050.175      300759     8106035  0.681E-03
052102.178      301034     8114902  0.684E-03
052114.183      301278     8123166  0.676E-03
052126.189      301430     8131446  0.672E-03
052138.181      301707     8140424  0.672E-03
052150.198      301876     8148192  0.671E-03
052202.180      302012     8156243  0.666E-03
052214.181      302185     8165183  0.666E-03
052226.185      302333     8174134  0.666E-03
052238.189      302550     8183216  0.678E-03
052250.180      302910     8191352  0.662E-03
052302.183      303237     8201621  0.657E-03
052314.187      303440     8209987  0.654E-03
052326.184      303562     8219591  0.650E-03
052338.190      303677     8225921  0.652E-03
052350.185      303831     8233841  0.650E-03
052402.187      304040     8242112  0.653E-03
052414.184      304210     8250884  0.649E-03
052426.186      304573     8259844  0.656E-03
052438.186      304871     8268844  0.660E-03
052450.178      305037     8276273  0.658E-03
052502.219      305575     8284185  0.661E-03
052514.185      305774     8294460  0.654E-03
052526.210      306086     8302126  0.652E-03
052538.182      306344     8311792  0.656E-03
052550.182      306608     8320767  0.637E-03
052602.184      306735     8329275  0.640E-03
052614.190      306936     8337459  0.642E-03
052626.184      307105     8347296  0.644E-03
052638.178      307249     8356019  0.638E-03
052650.187      307551     8363991  0.643E-03
052702.181      307852     8372986  0.637E-03
052714.185      308229     8381638  0.633E-03
052726.181      308447     8390835  0.628E-03
052738.175      308619     8399469  0.630E-03
052750.182      308801     8408621  0.620E-03
052802.186      308977     8417445  0.619E-03
052814.186      309295     8426318  0.621E-03
052826.180      309482     8434630  0.618E-03
052838.184      309712     8443250  0.609E-03
052850.178      309873     8450759  0.615E-03
052902.180      310049     8459535  0.608E-03
052914.212      310299     8468637  0.614E-03
052926.181      310601     8478870  0.611E-03
052938.181      310975     8488118  0.612E-03
052950.182      311255     8497361  0.614E-03
053002.185      311398     8503712  0.608E-03
053014.179      311660     8512274  0.610E-03
053026.189      311873     8521105  0.608E-03
053038.186      312059     8529929  0.609E-03
053050.180      312266     8538767  0.606E-03
053102.184      312601     8548363  0.604E-03
053114.182      312765     8556675  0.604E-03
053126.181      313100     8564649  0.630E-03
053138.187      313368     8573018  0.609E-03
053150.185      313506     8581007  0.602E-03
053202.183      313806     8588941  0.612E-03
053214.185      313996     8598908  0.605E-03
053226.182      314166     8606776  0.609E-03
053238.204      314350     8615820  0.609E-03
053250.208      314583     8625010  0.593E-03
053302.184      314742     8633506  0.598E-03
053314.186      314938     8642416  0.591E-03
053326.186      315153     8652820  0.593E-03
053338.195      315368     8660467  0.600E-03
053350.183      315641     8669696  0.602E-03
053402.185      315861     8679460  0.600E-03
053414.178      316232     8688257  0.603E-03
053426.189      316395     8696492  0.601E-03
053438.179      316731     8704763  0.601E-03
053450.183      316919     8712533  0.593E-03
053502.187      317197     8720847  0.598E-03
053514.178      317408     8728237  0.602E-03
053526.184      317618     8737488  0.592E-03
053538.185      317985     8746124  0.593E-03
053550.181      318304     8755496  0.599E-03
053602.184      318510     8764854  0.595E-03
053614.190      318711     8772976  0.593E-03
053626.187      319009     8782398  0.588E-03
053638.184      319181     8791465  0.587E-03
053650.178      319356     8800718  0.590E-03
053702.189      319553     8809335  0.589E-03
053714.181      319782     8818314  0.582E-03
053726.185      319991     8827895  0.580E-03
053738.184      320205     8838053  0.578E-03
053750.184      320363     8847230  0.581E-03
053802.179      320501     8855498  0.585E-03
053814.184      320648     8863755  0.579E-03
053826.185      320991     8872549  0.595E-03
053838.179      321094     8879482  0.580E-03
053850.191      321466     8889091  0.588E-03
053902.180      321747     8897107  0.583E-03
053914.183      321911     8905753  0.584E-03
053926.183      322212     8914229  0.596E-03
053938.180      322538     8922342  0.588E-03
053950.190      322770     8930927  0.581E-03
054002.185      322959     8940168  0.580E-03
054014.201      323284     8949580  0.587E-03
054026.180      323674     8957703  0.585E-03
054038.184      323800     8965719  0.581E-03
054050.177      324181     8974918  0.585E-03
054102.178      324366     8983916  0.579E-03
054114.184      324834     8992686  0.579E-03
054126.180      324961     9000785  0.583E-03
054138.184      325146     9009804  0.576E-03
054150.183      325248     9018625  0.577E-03
054202.187      325497     9026386  0.575E-03
054214.186      325781     9035380  0.583E-03
054226.187      326035     9044192  0.575E-03
054238.192      326290     9053502  0.575E-03
054250.181      326659     9063622  0.575E-03
054302.181      326909     9070597  0.577E-03
054314.181      327096     9080375  0.575E-03
054326.185      327257     9087130  0.574E-03
054338.188      327505     9096948  0.579E-03
054350.186      327981     9106552  0.584E-03
054402.231      328146     9113118  0.576E-03
054414.184      328536     9121415  0.583E-03
054426.185      328871     9130068  0.580E-03
054438.188      328986     9135384  0.582E-03
054450.205      329285     9142981  0.580E-03
054502.186      329382     9150217  0.572E-03
054514.183      329576     9159644  0.570E-03
054526.185      329748     9167024  0.568E-03
054538.208      330033     9174693  0.570E-03
054550.182      330320     9183133  0.580E-03
054602.180      330561     9191622  0.571E-03
054614.178      330791     9199752  0.574E-03
054626.181      331073     9206516  0.574E-03
054638.185      331246     9214444  0.567E-03
054650.185      331510     9223969  0.570E-03
054702.182      331816     9232145  0.574E-03
054714.187      332056     9242196  0.593E-03
054726.215      332228     9252184  0.569E-03
054738.179      332482     9260235  0.570E-03
054750.185      332741     9269775  0.565E-03
054802.185      333025     9279116  0.565E-03
054814.178      333174     9288529  0.560E-03
054826.179      333413     9297914  0.565E-03
054838.181      333654     9307228  0.558E-03
054850.192      333930     9316573  0.557E-03
054902.191      334121     9324702  0.565E-03
054914.185      334287     9334068  0.555E-03
054926.189      334491     9343795  0.558E-03
054938.192      334776     9352654  0.565E-03
054950.185      335052     9360125  0.555E-03
055002.182      335251     9369221  0.557E-03
055014.185      335526     9378434  0.547E-03
055026.181      335789     9388694  0.549E-03
055038.207      336044     9396622  0.557E-03
055050.181      336321     9405012  0.564E-03
055102.180      336696     9414662  0.552E-03
055114.229      336877     9423375  0.552E-03
055126.189      337024     9433008  0.551E-03
055138.185      337329     9442496  0.550E-03
055150.178      337610     9451176  0.559E-03
055202.211      338013     9460530  0.548E-03
055214.178      338190     9469211  0.549E-03
055226.217      338485     9476467  0.548E-03
055238.185      338788     9486865  0.551E-03
055250.209      339145     9495804  0.554E-03
055302.181      339345     9505636  0.573E-03
055314.203      339689     9514412  0.552E-03
055326.184      339875     9523618  0.547E-03
055338.182      340149     9532694  0.550E-03
055350.181      340435     9541293  0.551E-03
055402.178      340766     9550489  0.549E-03
055414.181      340955     9559929  0.547E-03
055426.186      341202     9568539  0.545E-03
055438.183      341545     9577711  0.559E-03
055450.223      341789     9584758  0.546E-03
055502.182      341926     9592105  0.543E-03
055514.180      342079     9600677  0.543E-03
055526.184      342335     9610673  0.550E-03
055538.184      342679     9619499  0.549E-03
055550.184      342896     9627588  0.541E-03
055602.184      343058     9635488  0.541E-03
055614.186      343310     9644493  0.544E-03
055626.184      343475     9650921  0.544E-03
055638.182      343616     9660126  0.541E-03
055650.186      343880     9669310  0.564E-03
055702.185      344099     9678070  0.541E-03
055714.182      344265     9687001  0.539E-03
055726.187      344526     9695035  0.540E-03
055738.189      344758     9704068  0.539E-03
055750.189      344952     9711814  0.533E-03
055802.180      345132     9720527  0.536E-03
055814.185      345385     9729013  0.534E-03
055826.184      345536     9738157  0.533E-03
055838.185      345737     9748042  0.538E-03
055850.185      345845     9756319  0.534E-03
055902.185      346113     9765575  0.537E-03
055914.178      346443     9774824  0.545E-03
055926.220      346709     9783417  0.542E-03
055938.181      346883     9793310  0.538E-03
055950.194      347154     9801630  0.541E-03
060002.191      347313     9809910  0.533E-03
060014.180      347466     9818319  0.539E-03
060026.185      347764     9826731  0.537E-03
060038.213      348037     9836593  0.541E-03
060050.179      348231     9845051  0.534E-03
060102.182      348427     9853736  0.538E-03
060114.184      348733     9864071  0.534E-03
060126.185      348975     9873218  0.547E-03
060138.199      349203     9881421  0.532E-03
060150.189      349372     9889707  0.533E-03
060202.204      349519     9897340  0.541E-03
060214.222      349681     9903900  0.546E-03
060226.186      350029     9913532  0.540E-03
060238.183      350267     9922624  0.542E-03
060250.181      350492     9931614  0.539E-03
060302.176      350841     9939951  0.541E-03
060314.180      351075     9947321  0.537E-03
060326.177      351360     9956222  0.542E-03
060338.186      351573     9965780  0.538E-03
060350.180      351745     9973314  0.534E-03
060402.184      351944     9981691  0.533E-03
060414.187      352218     9989724  0.547E-03
060426.182      352429     9999431  0.544E-03
060438.184      352693    10008008  0.538E-03
060450.182      352898    10014582  0.537E-03
060502.184      353063    10021688  0.539E-03
060514.183      353376    10029542  0.538E-03
060526.220      353680    10037925  0.540E-03
060538.190      353957    10045724  0.538E-03
060550.184      354114    10054293  0.532E-03
060602.182      354374    10062957  0.536E-03
060614.215      354630    10071736  0.536E-03
060626.178      354903    10079853  0.533E-03
060638.178      355251    10088395  0.530E-03
060650.190      355542    10098247  0.535E-03
060702.187      355740    10107166  0.534E-03
060714.182      355946    10116295  0.534E-03
060726.232      356221    10124199  0.538E-03
060738.183      356477    10132534  0.534E-03
060750.185      356841    10141204  0.541E-03
060802.210      357006    10150538  0.532E-03
060814.181      357162    10158247  0.530E-03
060826.182      357532    10167507  0.537E-03
060838.182      357802    10176814  0.537E-03
060850.180      358025    10186123  0.531E-03
060902.179      358153    10194403  0.530E-03
060914.179      358357    10202236  0.535E-03
060926.187      358528    10211276  0.533E-03
060938.185      358861    10220116  0.539E-03
060950.181      359072    10229344  0.540E-03
061002.185      359242    10237708  0.527E-03
061014.178      359510    10246175  0.531E-03
061026.182      359857    10255383  0.534E-03
061038.180      360064    10264483  0.533E-03
061050.181      360252    10273196  0.534E-03
061102.185      360389    10282834  0.526E-03
061114.193      360541    10291878  0.530E-03
061126.178      360666    10298367  0.526E-03
061138.188      360830    10306627  0.530E-03
061150.182      361005    10315037  0.528E-03
061202.183      361280    10323052  0.529E-03
061214.185      361482    10332705  0.540E-03
061226.185      361717    10341930  0.527E-03
061238.182      361941    10349271  0.525E-03
061250.184      362131    10356797  0.531E-03
061302.181      362342    10365102  0.527E-03
061314.184      362548    10374369  0.526E-03
061326.181      362942    10385016  0.529E-03
061338.184      363282    10392121  0.542E-03
061350.183      363446    10401528  0.537E-03
061402.186      363634    10408919  0.526E-03
061414.182      363774    10417437  0.524E-03
061426.178      364156    10426013  0.531E-03
061438.210      364347    10435864  0.522E-03
061450.228      364478    10442207  0.530E-03
061502.184      364765    10451818  0.528E-03
061514.184      364927    10461228  0.528E-03
061526.181      365175    10471900  0.526E-03
061538.180      365477    10479937  0.533E-03
061550.191      365685    10488469  0.530E-03
061602.182      365876    10495551  0.528E-03
061614.217      366114    10502004  0.526E-03
061626.182      366276    10511059  0.528E-03
061638.188      366616    10520214  0.537E-03
061650.182      366875    10527877  0.539E-03
061702.185      367042    10536375  0.534E-03
061714.182      367323    10545217  0.539E-03
061726.180      367661    10554324  0.535E-03
061738.184      367793    10563224  0.532E-03
061750.181      368065    10571345  0.532E-03
061802.185      368298    10579740  0.531E-03
061814.187      368456    10587788  0.527E-03
061826.185      368759    10597460  0.529E-03
061838.183      368979    10606851  0.525E-03
061850.184      369195    10617125  0.522E-03
061902.190      369303    10624237  0.521E-03
061914.181      369615    10632252  0.527E-03
061926.178      369875    10639640  0.528E-03
061938.181      370120    10649225  0.528E-03
061950.184      370312    10658906  0.528E-03
062002.228      370560    10668227  0.522E-03
062014.181      370732    10677958  0.519E-03
062026.187      371030    10687562  0.523E-03
062038.185      371426    10696620  0.530E-03
062050.177      371732    10704904  0.526E-03
062102.187      371877    10712967  0.523E-03
062114.184      372121    10721361  0.531E-03
062126.182      372488    10730504  0.523E-03
062138.184      372814    10738548  0.523E-03
062150.184      373155    10747848  0.520E-03
062202.184      373474    10756264  0.521E-03
062214.185      373870    10766211  0.526E-03
062226.183      374033    10774725  0.527E-03
062238.181      374244    10784477  0.519E-03
062250.185      374559    10794444  0.522E-03
062302.182      374712    10803705  0.528E-03
062314.181      374921    10812979  0.517E-03
062326.185      375177    10822952  0.518E-03
062338.180      375433    10832829  0.518E-03
062350.185      375611    10841501  0.518E-03
062402.182      375954    10851024  0.535E-03
062414.182      376375    10860558  0.532E-03
062426.184      376610    10869639  0.523E-03
062438.184      376755    10877508  0.519E-03
062450.189      376951    10886728  0.516E-03
062502.186      377089    10896341  0.520E-03
062514.184      377523    10905271  0.530E-03
062526.181      377750    10914994  0.521E-03
062538.180      378037    10923791  0.527E-03
062550.180      378219    10933514  0.521E-03
062602.180      378466    10941546  0.520E-03
062614.186      378696    10949797  0.523E-03
062626.233      378847    10958006  0.523E-03
062638.182      379171    10966828  0.521E-03
062650.232      379362    10976611  0.520E-03
062702.179      379682    10984440  0.527E-03
062714.181      379838    10992734  0.521E-03
062726.183      380012    11002409  0.519E-03
062738.183      380201    11011208  0.522E-03
062750.178      380336    11019813  0.517E-03
062802.186      380505    11028410  0.530E-03
062814.198      380820    11036798  0.518E-03
062826.185      380969    11046400  0.520E-03
062838.177      381124    11055160  0.519E-03
062850.185      381390    11065184  0.535E-03
062902.179      381745    11073980  0.528E-03
062914.189      382089    11083981  0.529E-03
062926.184      382393    11092323  0.528E-03
062938.183      382707    11099867  0.525E-03
062950.184      382978    11108342  0.524E-03
063002.185      383264    11117945  0.529E-03
063014.184      383418    11126946  0.521E-03
063026.185      383586    11136114  0.522E-03
063038.184      383896    11143645  0.524E-03
063050.204      384123    11151188  0.526E-03
063102.187      384302    11160331  0.525E-03
063114.180      384486    11168735  0.522E-03
063126.184      384619    11176140  0.524E-03
063138.181      384929    11185691  0.533E-03
063150.183      385204    11194517  0.524E-03
063202.214      385385    11204121  0.519E-03
063214.186      385544    11213532  0.528E-03
063226.180      385721    11221671  0.526E-03
063238.186      385968    11231541  0.520E-03
063250.193      386266    11240213  0.521E-03
063302.180      386593    11249403  0.529E-03
063314.202      386925    11258695  0.532E-03
063326.187      387332    11268584  0.532E-03
063338.194      387517    11276676  0.522E-03
063350.188      387637    11284401  0.522E-03
063402.200      387868    11294105  0.526E-03
063414.194      388208    11301674  0.525E-03
063426.182      388361    11309265  0.522E-03
063438.186      388498    11317567  0.523E-03
063450.184      388791    11327193  0.553E-03
063502.185      389031    11336424  0.525E-03
063514.185      389224    11344098  0.527E-03
063526.182      389385    11353051  0.518E-03
063538.192      389803    11361921  0.532E-03
063550.184      389954    11368238  0.526E-03
063602.184      390171    11375571  0.528E-03
063614.185      390332    11383824  0.534E-03
063626.184      390542    11393157  0.521E-03
063638.179      390779    11401871  0.530E-03
063650.182      391010    11410979  0.516E-03
063702.183      391167    11418966  0.518E-03
063714.182      391463    11427860  0.521E-03
063726.184      391755    11437226  0.524E-03
063738.184      392077    11447039  0.527E-03
063750.185      392286    11455757  0.519E-03
063802.202      392674    11464700  0.545E-03
063814.183      392935    11473060  0.522E-03
063826.190      393094    11481446  0.522E-03
063838.202      393194    11487914  0.521E-03
063850.207      393319    11494923  0.522E-03
063902.199      393444    11502955  0.521E-03
063914.187      393763    11512428  0.519E-03
063926.179      394012    11520516  0.531E-03
063938.205      394219    11529394  0.522E-03
063950.184      394457    11537404  0.523E-03
064002.180      394631    11545907  0.526E-03
064014.189      394784    11554722  0.523E-03
064026.184      395168    11564750  0.535E-03
064038.187      395502    11573907  0.525E-03
064050.192      395757    11582399  0.532E-03
064102.182      396029    11591292  0.540E-03
064114.184      396254    11599626  0.528E-03
064126.179      396406    11606487  0.522E-03
064138.184      396563    11615467  0.517E-03
064150.195      396797    11623717  0.524E-03
064202.184      397191    11632037  0.533E-03
064214.186      397468    11641103  0.522E-03
064226.186      397684    11648299  0.518E-03
064238.197      397873    11658328  0.518E-03
064250.179      398071    11667249  0.514E-03
064302.178      398282    11676571  0.518E-03
064314.201      398449    11685636  0.517E-03
064326.182      398653    11694177  0.524E-03
064338.184      398848    11703545  0.517E-03
064350.191      398989    11711851  0.513E-03
064402.217      399171    11719325  0.514E-03
064414.188      399342    11726733  0.511E-03
064426.185      399646    11735672  0.523E-03
064438.183      400117    11745863  0.525E-03
064450.181      400356    11755094  0.555E-03
064502.184      400596    11763913  0.517E-03
064514.180      400850    11771302  0.515E-03
064526.180      401024    11779885  0.513E-03
064538.187      401256    11789414  0.518E-03
064550.181      401508    11798061  0.512E-03
064602.184      401710    11806644  0.513E-03
064614.211      402043    11815893  0.516E-03
064626.210      402225    11825540  0.514E-03
064638.178      402387    11833374  0.513E-03
064650.185      402529    11841897  0.510E-03
064702.188      402726    11850484  0.517E-03
064714.179      402874    11858777  0.516E-03
064726.184      403000    11866393  0.510E-03
064738.180      403119    11875309  0.509E-03
064750.191      403254    11884231  0.516E-03
064802.181      403622    11892448  0.518E-03
064814.186      403786    11901884  0.513E-03
064826.183      404198    11912301  0.519E-03
064838.177      404573    11921713  0.519E-03
064850.180      404804    11931156  0.514E-03
064902.185      405049    11938525  0.519E-03
064914.186      405299    11947366  0.513E-03
064926.182      405463    11955925  0.513E-03
064938.184      405731    11964407  0.521E-03
064950.186      405888    11971837  0.516E-03
065002.185      406094    11979340  0.528E-03
065014.222      406443    11988091  0.527E-03
065026.184      406600    11996534  0.518E-03
065038.186      406766    12006125  0.524E-03
065050.186      407095    12014116  0.519E-03
065102.187      407371    12022571  0.581E-03
065114.188      407516    12029739  0.518E-03
065126.185      407772    12037653  0.524E-03
065138.182      408029    12046290  0.519E-03
065150.219      408187    12054737  0.512E-03
065202.185      408347    12063950  0.513E-03
065214.182      408612    12071591  0.520E-03
065226.180      408792    12079130  0.515E-03
065238.181      409072    12087284  0.517E-03
065250.190      409192    12095207  0.515E-03
065302.212      409430    12103104  0.515E-03
065314.182      409590    12110872  0.513E-03
065326.181      409757    12119776  0.512E-03
065338.183      409951    12129048  0.513E-03
065350.183      410199    12137339  0.517E-03
065402.185      410563    12146986  0.517E-03
065414.184      410900    12154587  0.523E-03
065426.189      411234    12163936  0.522E-03
065438.190      411478    12171634  0.519E-03
065450.181      411751    12179659  0.522E-03
065502.180      411933    12187261  0.519E-03
065514.182      412152    12195725  0.518E-03
065526.191      412400    12205008  0.516E-03
065538.205      412668    12214796  0.518E-03
065550.187      412819    12223842  0.510E-03
065602.181      413105    12232640  0.522E-03
065614.186      413300    12240385  0.511E-03
065626.190      413419    12247954  0.510E-03
065638.215      413610    12256113  0.513E-03
065650.180      413804    12264545  0.512E-03
065702.185      414094    12271911  0.511E-03
065714.184      414379    12280931  0.511E-03
065726.186      414551    12289131  0.515E-03
065738.180      414811    12296555  0.512E-03
065750.182      415055    12305076  0.516E-03
065802.179      415238    12312076  0.516E-03
065814.205      415466    12319850  0.512E-03
065826.185      415617    12329425  0.510E-03
065838.178      415862    12339164  0.530E-03
065850.186      416063    12347953  0.508E-03
065902.214      416383    12357076  0.521E-03
065914.183      416520    12364670  0.508E-03
065926.184      416821    12373709  0.514E-03
065938.182      417055    12383165  0.511E-03
065950.187      417228    12390105  0.508E-03
070002.179      417405    12399114  0.507E-03
070014.185      417671    12408556  0.507E-03
070026.209      417830    12416153  0.520E-03
070038.180      417975    12426129  0.506E-03
070050.183      418431    12435702  0.514E-03
070102.180      418621    12445645  0.510E-03
070114.182      418845    12454385  0.509E-03
070126.188      419056    12463545  0.513E-03
070138.180      419315    12473655  0.512E-03
070150.182      419504    12482663  0.504E-03
070202.184      419712    12490123  0.509E-03
070214.187      419833    12497475  0.509E-03
070226.186      420011    12505560  0.511E-03
070238.180      420149    12513050  0.503E-03
070250.188      420349    12522403  0.503E-03
070302.179      420543    12531042  0.505E-03
070314.182      420783    12538667  0.509E-03
070326.184      420974    12546147  0.513E-03
070338.183      421146    12554660  0.514E-03
070350.182      421323    12562905  0.509E-03
070402.188      421545    12571689  0.503E-03
070414.195      421867    12576964  0.512E-03
070426.182      422054    12585003  0.513E-03
070438.225      422265    12593594  0.504E-03
070450.202      422444    12602695  0.502E-03
070502.189      422637    12612562  0.511E-03
070514.183      423071    12622077  0.513E-03
070526.185      423295    12630831  0.506E-03
070538.178      423528    12639807  0.506E-03
070550.181      423902    12649867  0.504E-03
070602.184      424229    12658580  0.507E-03
070614.187      424504    12666271  0.585E-03
070626.182      424827    12675019  0.509E-03
070638.181      424984    12682369  0.510E-03
070650.182      425396    12692404  0.507E-03
070702.190      425593    12700014  0.513E-03
070714.183      425951    12709448  0.513E-03
070726.196      426159    12715456  0.511E-03
070738.189      426422    12724498  0.522E-03
070750.187      426736    12732743  0.511E-03
070802.185      426986    12741976  0.510E-03
070814.185      427334    12750630  0.517E-03
070826.181      427471    12759729  0.507E-03
070838.183      427806    12767532  0.513E-03
070850.185      427973    12775043  0.512E-03
070902.182      428232    12785292  0.511E-03
070914.186      428382    12793722  0.513E-03
070926.180      428609    12803230  0.510E-03
070938.177      428891    12812092  0.510E-03
070950.188      429054    12820818  0.514E-03
071002.188      429214    12830296  0.506E-03
071014.184      429410    12838956  0.507E-03
071026.184      429619    12847422  0.515E-03
071038.185      429886    12854471  0.510E-03
071050.185      430126    12862437  0.510E-03
071102.180      430421    12871101  0.510E-03
071114.182      430707    12879318  0.508E-03
071126.190      430790    12885990  0.506E-03
071138.188      431090    12895607  0.509E-03
071150.187      431241    12902760  0.507E-03
071202.185      431377    12910640  0.506E-03
071214.184      431583    12919926  0.514E-03
071226.185      431921    12929661  0.509E-03
071238.183      432284    12937780  0.510E-03
071250.184      432637    12947079  0.515E-03
071302.185      432860    12955671  0.505E-03
071314.178      433074    12964701  0.510E-03
071326.180      433274    12974076  0.504E-03
071338.179      433661    12984490  0.511E-03
071350.180      433950    12992200  0.509E-03
071402.184      434126    13001130  0.514E-03
071414.183      434402    13008410  0.506E-03
071426.185      434657    13015147  0.503E-03
071438.186      434819    13024432  0.504E-03
071450.189      435097    13034160  0.510E-03
071502.213      435282    13042630  0.507E-03
071514.183      435733    13051095  0.511E-03
071526.189      435948    13060301  0.513E-03
071538.179      436290    13068808  0.512E-03
071550.176      436591    13076524  0.514E-03
071602.184      436750    13084927  0.507E-03
071614.178      437089    13094153  0.515E-03
071626.198      437372    13103570  0.514E-03
071638.189      437476    13110915  0.505E-03
071650.204      437862    13120301  0.511E-03
071702.178      438047    13128211  0.507E-03
071714.180      438303    13137393  0.503E-03
071726.186      438471    13147027  0.502E-03
071738.179      438691    13155493  0.501E-03
071750.182      438798    13163653  0.501E-03
071802.201      438930    13172512  0.501E-03
071814.214      439065    13180910  0.500E-03
071826.183      439402    13190847  0.503E-03
071838.185      439636    13199657  0.509E-03
071850.184      440136    13208734  0.527E-03
071902.188      440285    13215761  0.516E-03
071914.190      440423    13224839  0.506E-03
071926.186      440631    13234219  0.504E-03
071938.189      440915    13242568  0.508E-03
071950.185      441262    13251126  0.508E-03
072002.185      441494    13259839  0.507E-03
072014.192      441717    13269629  0.507E-03
072026.181      441859    13278402  0.503E-03
072038.206      442014    13286120  0.501E-03
072050.180      442174    13293829  0.499E-03
072102.202      442470    13303731  0.497E-03
072114.178      442754    13311342  0.505E-03
072126.184      442915    13319972  0.500E-03
072138.180      443031    13329612  0.506E-03
072150.180      443296    13338880  0.509E-03
072202.226      443490    13347807  0.507E-03
072214.234      443781    13356254  0.509E-03
072226.184      443966    13365597  0.501E-03
072238.185      444139    13374329  0.505E-03
072250.184      444371    13382557  0.503E-03
072302.178      444845    13391711  0.505E-03
072314.189      445121    13400247  0.512E-03
072326.180      445454    13408902  0.509E-03
072338.231      445773    13416565  0.510E-03
072350.228      445968    13426129  0.506E-03
072402.185      446265    13435124  0.508E-03
072414.206      446443    13444722  0.503E-03
072426.214      446717    13453866  0.504E-03
072438.182      446930    13463669  0.502E-03
072450.182      447250    13473082  0.500E-03
072502.184      447513    13482082  0.505E-03
072514.180      447848    13491501  0.506E-03
072526.185      448212    13500075  0.503E-03
072538.185      448382    13508944  0.510E-03
072550.185      448734    13517575  0.503E-03
072602.225      448882    13526181  0.500E-03
072614.184      449258    13536693  0.504E-03
072626.182      449465    13546675  0.509E-03
072638.187      449785    13555728  0.503E-03
072650.180      450052    13565471  0.506E-03
072702.205      450261    13572882  0.503E-03
072714.222      450471    13581053  0.502E-03
072726.189      450681    13590050  0.503E-03
072738.184      450970    13598759  0.497E-03
072750.184      451083    13605942  0.499E-03
072802.186      451184    13614569  0.500E-03
072814.188      451336    13623674  0.496E-03
072826.180      451601    13633044  0.502E-03
072838.178      451886    13642486  0.506E-03
072850.187      452122    13651084  0.510E-03
072902.184      452559    13661026  0.505E-03
072914.187      452909    13669733  0.503E-03
072926.186      453077    13678194  0.500E-03
072938.226      453269    13685477  0.499E-03
072950.207      453563    13694257  0.502E-03
073002.180      453884    13703620  0.502E-03
073014.182      454174    13713010  0.512E-03
073026.185      454463    13721427  0.521E-03
073038.184      454846    13730574  0.506E-03
073050.181      455080    13739171  0.510E-03
073102.183      455292    13745130  0.504E-03
073114.185      455464    13753301  0.502E-03
073126.185      455744    13763176  0.506E-03
073138.180      456205    13772049  0.516E-03
073150.205      456455    13781865  0.511E-03
073202.188      456615    13790014  0.516E-03
073214.187      456897    13798875  0.507E-03
073226.186      457044    13807176  0.503E-03
073238.185      457184    13816207  0.507E-03
073250.224      457364    13824610  0.504E-03
073302.185      457475    13830601  0.502E-03
073314.181      457806    13839445  0.507E-03
073326.180      458060    13848672  0.502E-03
073338.184      458271    13856810  0.503E-03
073350.187      458466    13866082  0.521E-03
073402.185      458574    13872503  0.502E-03
073414.183      458736    13881823  0.505E-03
073426.180      458898    13888938  0.500E-03
073438.187      459246    13898314  0.504E-03
073450.177      459418    13906006  0.508E-03
073502.187      459653    13914490  0.509E-03
073514.184      459990    13923471  0.508E-03
073526.189      460201    13930384  0.503E-03
073538.186      460477    13939637  0.505E-03
073550.180      460706    13948447  0.509E-03
073602.182      460913    13956314  0.504E-03
073614.182      461071    13964906  0.502E-03
073626.191      461434    13972027  0.516E-03
073638.180      461777    13981824  0.507E-03
073650.181      461962    13991036  0.509E-03
073702.183      462134    13999390  0.504E-03
073714.183      462338    14006902  0.500E-03
073726.180      462538    14015179  0.500E-03
073738.186      462863    14023731  0.501E-03
073750.182      463050    14031831  0.503E-03
073802.180      463269    14041945  0.503E-03
073814.181      463521    14051685  0.512E-03
073826.184      463706    14061520  0.501E-03
073838.189      464042    14070927  0.503E-03
073850.178      464455    14080461  0.502E-03
073902.190      464626    14088237  0.503E-03
073914.190      464882    14096853  0.496E-03
073926.188      465195    14105805  0.497E-03
073938.185      465442    14114546  0.498E-03
073950.186      465638    14123972  0.498E-03
074002.184      465923    14133316  0.498E-03
074014.184      466129    14140458  0.497E-03
074026.181      466321    14150146  0.500E-03
074038.181      466600    14157876  0.498E-03
074050.220      466866    14167789  0.498E-03
074102.184      467133    14175980  0.497E-03
074114.180      467370    14184308  0.504E-03
074126.190      467614    14194491  0.498E-03
074138.186      467827    14203328  0.498E-03
074150.177      468038    14212162  0.509E-03
074202.184      468246    14222435  0.497E-03
074214.181      468528    14231914  0.499E-03
074226.204      468770    14240656  0.506E-03
074238.182      468910    14248654  0.498E-03
074250.187      469072    14257338  0.497E-03
074302.184      469236    14266710  0.501E-03
074314.184      469424    14274942  0.496E-03
074326.182      469564    14281678  0.498E-03
074338.184      469963    14290787  0.502E-03
074350.179      470177    14297700  0.500E-03
074402.201      470402    14305003  0.503E-03
074414.181      470654    14313568  0.508E-03
074426.185      470986    14322750  0.501E-03
074438.180      471124    14332120  0.497E-03
074450.184      471357    14339474  0.497E-03
074502.184      471494    14347549  0.495E-03
074514.222      471809    14355244  0.501E-03
074526.185      472046    14365162  0.503E-03
074538.178      472331    14374338  0.496E-03
074550.180      472510    14382944  0.494E-03
074602.176      472741    14392514  0.501E-03
074614.180      473129    14402344  0.500E-03
074626.180      473343    14409634  0.508E-03
074638.185      473625    14419253  0.500E-03
074650.185      474047    14428434  0.501E-03
074702.176      474218    14437426  0.504E-03
074714.186      474600    14446141  0.504E-03
074726.212      474886    14454572  0.503E-03
074738.179      475031    14463012  0.499E-03
074750.185      475191    14472277  0.499E-03
074802.184      475358    14481738  0.519E-03
074814.179      475634    14490657  0.501E-03
074826.182      475800    14498998  0.499E-03
074838.182      476023    14508442  0.503E-03
074850.177      476237    14517263  0.502E-03
074902.181      476403    14525329  0.502E-03
074914.182      476615    14534341  0.497E-03
074926.183      476848    14544137  0.498E-03
074938.179      476962    14553513  0.499E-03
074950.196      477119    14560515  0.497E-03
075002.188      477346    14568777  0.505E-03
075014.179      477651    14577794  0.500E-03
075026.178      477807    14586365  0.497E-03
075038.188      478127    14594604  0.505E-03
075050.183      478325    14603544  0.501E-03
075102.181      478649    14613216  0.498E-03
075114.187      478846    14621567  0.496E-03
075126.191      479267    14631915  0.500E-03
075138.186      479433    14640058  0.501E-03
075150.181      479584    14648221  0.499E-03
075202.202      479705    14656828  0.499E-03
075214.184      479898    14666247  0.500E-03
075226.192      480086    14675381  0.499E-03
075238.178      480375    14685360  0.497E-03
075250.184      480490    14692694  0.494E-03
075302.186      480798    14700271  0.498E-03
075314.182      481174    14709457  0.497E-03
075326.188      481555    14717732  0.502E-03
075338.182      481741    14726154  0.505E-03
075350.188      482035    14735004  0.499E-03
075402.183      482202    14743395  0.498E-03
075414.185      482601    14751717  0.505E-03
075426.218      482789    14760805  0.506E-03
075438.183      482969    14769598  0.498E-03
075450.179      483326    14779898  0.509E-03
075502.187      483519    14789203  0.494E-03
075514.190      483688    14797126  0.494E-03
075526.184      483840    14805832  0.495E-03
075538.179      484146    14814265  0.497E-03
075550.184      484320    14823382  0.501E-03
075602.184      484534    14831820  0.495E-03
075614.181      484676    14840787  0.501E-03
075626.190      484850    14850156  0.493E-03
075638.186      485043    14855712  0.502E-03
075650.186      485282    14865196  0.492E-03
075702.181      485560    14875337  0.497E-03
075714.178      485801    14883005  0.499E-03
075726.186      486000    14891265  0.495E-03
075738.187      486159    14900400  0.500E-03
075750.176      486416    14908330  0.500E-03
075802.178      486666    14916738  0.507E-03
075814.185      486931    14925539  0.498E-03
075826.189      487166    14934532  0.494E-03
075838.189      487279    14941343  0.494E-03
075850.219      487576    14950804  0.498E-03
075902.177      487764    14959764  0.496E-03
075914.187      487899    14967273  0.493E-03
075926.186      488245    14976841  0.507E-03
075938.184      488481    14985628  0.496E-03
075950.183      488843    14995503  0.507E-03
080002.188      489003    15003859  0.499E-03
080014.180      489354    15011954  0.501E-03
080026.184      489578    15020890  0.497E-03
080038.228      489678    15026363  0.495E-03
080050.185      489893    15035600  0.496E-03
080102.189      490040    15044460  0.496E-03
080114.194      490254    15051337  0.494E-03
080126.184      490397    15057838  0.498E-03
080138.177      490682    15066912  0.497E-03
080150.182      490920    15074604  0.499E-03
080202.181      491210    15084271  0.503E-03
080214.186      491610    15092151  0.503E-03
080226.181      491960    15101614  0.504E-03
080238.182      492151    15108118  0.500E-03
080250.186      492535    15117497  0.496E-03
080302.185      492663    15126743  0.494E-03
080314.190      492846    15134670  0.497E-03
080326.188      493072    15140424  0.503E-03
080338.182      493348    15149721  0.501E-03
080350.191      493582    15158074  0.498E-03
080402.193      493934    15166666  0.501E-03
080414.179      494383    15175449  0.501E-03
080426.185      494552    15184660  0.505E-03
080438.185      494751    15192589  0.503E-03
080450.186      494904    15201562  0.499E-03
080502.182      495093    15210232  0.500E-03
080514.180      495367    15217918  0.504E-03
080526.181      495509    15225529  0.495E-03
080538.187      495849    15234066  0.494E-03
080550.184      496157    15243358  0.498E-03
080602.182      496347    15251912  0.495E-03
080614.180      496512    15260110  0.491E-03
080626.183      496654    15267382  0.491E-03
080638.184      496824    15275272  0.490E-03
080650.207      496959    15283830  0.506E-03
080702.189      497348    15292493  0.501E-03
080714.196      497604    15301298  0.499E-03
080726.180      497799    15311248  0.497E-03
080738.185      498101    15320242  0.495E-03
080750.185      498391    15329141  0.493E-03
080802.184      498670    15336595  0.498E-03
080814.179      499074    15345354  0.496E-03
080826.184      499274    15355058  0.496E-03
080838.186      499442    15364578  0.494E-03
080850.192      499624    15373396  0.492E-03
080902.180      499950    15382345  0.497E-03
080914.183      500292    15391058  0.507E-03
080926.186      500552    15400571  0.498E-03
080938.184      500879    15409376  0.502E-03
080950.184      501334    15417884  0.509E-03
081002.186      501575    15427248  0.499E-03
081014.195      501777    15435823  0.492E-03
081026.184      502150    15445084  0.496E-03
081038.189      502466    15454481  0.498E-03
081050.187      502739    15464084  0.490E-03
081102.181      503048    15472451  0.501E-03
081114.184      503194    15480334  0.505E-03
081126.190      503535    15489541  0.490E-03
081138.180      503836    15497969  0.500E-03
081150.181      504147    15506436  0.499E-03
081202.180      504496    15515903  0.504E-03
081214.228      504799    15523108  0.502E-03
081226.180      505095    15533044  0.501E-03
081238.185      505458    15541857  0.514E-03
081250.193      505873    15551916  0.506E-03
081302.186      506066    15561733  0.500E-03
081314.177      506331    15571185  0.508E-03
081326.177      506785    15581073  0.505E-03
081338.184      507297    15591265  0.501E-03
081350.182      507434    15598257  0.501E-03
081402.218      507905    15607614  0.499E-03
081414.208      508166    15615103  0.499E-03
081426.180      508485    15624222  0.501E-03
081438.181      508761    15633286  0.503E-03
081450.182      509153    15642261  0.501E-03
081502.186      509409    15650914  0.498E-03
081514.185      509613    15657982  0.506E-03
081526.184      509886    15667736  0.496E-03
081538.191      510133    15675948  0.497E-03
081550.181      510340    15685096  0.493E-03
081602.228      510439    15693165  0.493E-03
081614.181      510578    15701291  0.502E-03
081626.183      510712    15710346  0.497E-03
081638.180      510906    15719745  0.493E-03
081650.188      511126    15728847  0.493E-03
081702.184      511447    15736400  0.496E-03
081714.181      511709    15746679  0.496E-03
081726.184      511871    15756191  0.492E-03
081738.193      511978    15763026  0.493E-03
081750.185      512264    15771172  0.498E-03
081802.183      512492    15780638  0.495E-03
081814.181      512661    15789752  0.500E-03
081826.182      512884    15798110  0.499E-03
081838.182      513024    15805301  0.521E-03
081850.181      513194    15814755  0.500E-03
081902.186      513554    15824608  0.496E-03
081914.180      513719    15832611  0.501E-03
081926.187      513893    15841889  0.492E-03
081938.185      514118    15850304  0.494E-03
081950.178      514266    15858882  0.495E-03
082002.187      514452    15867945  0.494E-03
082014.186      514581    15876527  0.493E-03
082026.178      514799    15885500  0.496E-03
082038.197      514937    15893158  0.498E-03
082050.183      515180    15901972  0.495E-03
082102.197      515349    15910142  0.493E-03
082114.189      515535    15917773  0.492E-03
082126.185      515711    15926805  0.496E-03
082138.184      516003    15935047  0.495E-03
082150.233      516113    15943159  0.497E-03
082202.185      516331    15952190  0.495E-03
082214.185      516542    15960432  0.497E-03
082226.185      516654    15968007  0.494E-03
082238.183      516915    15977924  0.496E-03
082250.187      517086    15985966  0.492E-03
082302.179      517232    15995029  0.498E-03
082314.185      517627    16003086  0.503E-03
082326.181      517852    16011526  0.498E-03
082338.180      518027    16021071  0.499E-03
082350.177      518152    16029414  0.495E-03
082402.177      518284    16037889  0.495E-03
082414.181      518438    16045354  0.505E-03
082426.184      518629    16054671  0.499E-03
082438.185      518839    16063457  0.494E-03
082450.190      519121    16073052  0.498E-03
082502.187      519274    16082246  0.493E-03
082514.184      519419    16090517  0.494E-03
082526.190      519576    16100254  0.488E-03
082538.191      519786    16108454  0.490E-03
082550.189      520023    16116700  0.493E-03
082602.186      520354    16125723  0.491E-03
082614.181      520725    16135428  0.493E-03
082626.185      520862    16143587  0.490E-03
082638.177      521157    16153110  0.494E-03
082650.186      521319    16162811  0.491E-03
082702.186      521476    16172541  0.491E-03
082714.185      521563    16180678  0.489E-03
082726.183      521808    16190101  0.487E-03
082738.184      522032    16200113  0.489E-03
082750.185      522174    16208180  0.490E-03
082802.183      522384    16216386  0.496E-03
082814.187      522680    16225648  0.489E-03
082826.186      522952    16233504  0.495E-03
082838.184      523134    16242801  0.496E-03
082850.181      523322    16252067  0.497E-03
082902.197      523483    16260062  0.492E-03
082914.185      523718    16269922  0.492E-03
082926.176      524042    16278856  0.492E-03
082938.209      524204    16287639  0.489E-03
082950.184      524512    16297098  0.490E-03
083002.188      524697    16305288  0.493E-03
083014.180      524867    16315212  0.486E-03
083026.182      524994    16323447  0.486E-03
083038.183      525118    16329850  0.489E-03
083050.184      525373    16338966  0.491E-03
083102.187      525635    16347491  0.491E-03
083114.213      525742    16354666  0.496E-03
083126.180      526110    16363228  0.492E-03
083138.188      526277    16371548  0.493E-03
083150.178      526598    16380079  0.493E-03
083202.180      526677    16386909  0.492E-03
083214.186      526894    16392796  0.491E-03
083226.185      527067    16402667  0.493E-03
083238.178      527408    16410005  0.490E-03
083250.223      527689    16419475  0.496E-03
083302.227      527966    16428011  0.493E-03
083314.184      528132    16436664  0.491E-03
083326.187      528366    16445636  0.492E-03
083338.185      528530    16454554  0.492E-03
083350.235      528744    16462909  0.493E-03
083402.184      529145    16471300  0.497E-03
083414.184      529397    16479833  0.491E-03
083426.186      529563    16488013  0.490E-03
083438.184      529787    16496716  0.489E-03
083450.186      529939    16504118  0.490E-03
083502.188      530083    16513181  0.494E-03
083514.177      530267    16521316  0.490E-03
083526.181      530528    16529835  0.490E-03
083538.187      530909    16538368  0.495E-03
083550.192      531089    16547588  0.489E-03
083602.187      531509    16556248  0.500E-03
083614.185      531957    16565438  0.498E-03
083626.184      532160    16574374  0.492E-03
083638.182      532590    16583510  0.494E-03
083650.183      532880    16593639  0.508E-03
083702.184      533133    16602151  0.497E-03
083714.191      533310    16609794  0.494E-03
083726.200      533569    16619177  0.499E-03
083738.182      533757    16628140  0.493E-03
083750.184      534162    16637116  0.493E-03
083802.186      534355    16646193  0.491E-03
083814.185      534503    16654939  0.496E-03
083826.182      534624    16661468  0.490E-03
083838.177      534783    16670710  0.487E-03
083850.179      535133    16679911  0.514E-03
083902.190      535288    16688058  0.491E-03
083914.180      535541    16696803  0.493E-03
083926.191      535715    16705416  0.490E-03
083938.194      535889    16713558  0.505E-03
083950.191      536235    16723547  0.501E-03
084002.178      536464    16732503  0.492E-03
084014.178      536733    16741794  0.497E-03
084026.184      536963    16749491  0.493E-03
084038.210      537119    16758175  0.488E-03
084050.183      537358    16766822  0.489E-03
084102.228      537523    16773787  0.488E-03
084114.185      537769    16783016  0.487E-03
084126.184      538067    16792118  0.488E-03
084138.184      538216    16801135  0.517E-03
084150.186      538442    16810942  0.489E-03
084202.219      538703    16819702  0.493E-03
084214.180      538903    16828455  0.486E-03
084226.180      539219    16836653  0.492E-03
084238.187      539564    16845729  0.492E-03
084250.179      539738    16853733  0.493E-03
084302.192      539991    16861022  0.495E-03
084314.184      540236    16870242  0.497E-03
084326.190      540534    16877938  0.491E-03
084338.183      540835    16886718  0.492E-03
084350.181      541051    16897218  0.485E-03
084402.180      541283    16906455  0.486E-03
084414.184      541434    16915891  0.485E-03
084426.182      541565    16924173  0.479E-03
084438.185      541794    16931892  0.487E-03
084450.196      542060    16941608  0.487E-03
084502.179      542261    16950019  0.488E-03
084514.179      542645    16957676  0.482E-03
084526.184      542884    16966754  0.494E-03
084538.181      543352    16975823  0.492E-03
084550.185      543517    16984510  0.492E-03
084602.205      543679    16992965  0.486E-03
084614.201      543976    17001141  0.487E-03
084626.183      544113    17010043  0.486E-03
084638.181      544395    17020084  0.485E-03
084650.180      544708    17028211  0.490E-03
084702.176      544810    17035618  0.486E-03
084714.180      544962    17044491  0.483E-03
084726.183      545195    17052159  0.498E-03
084738.185      545366    17060681  0.488E-03
084750.218      545532    17069608  0.490E-03
084802.188      545689    17077825  0.493E-03
084814.184      545833    17086336  0.489E-03
084826.185      546035    17094205  0.495E-03
084838.178      546225    17103997  0.494E-03
084850.182      546466    17113249  0.507E-03
084902.186      546826    17123069  0.494E-03
084914.184      547232    17132855  0.489E-03
084926.181      547408    17141621  0.498E-03
084938.180      547869    17149505  0.497E-03
084950.187      548258    17159271  0.695E-03
085002.184      548464    17169671  0.498E-03
085014.186      548721    17178296  0.497E-03
085026.187      548881    17186339  0.489E-03
085038.191      549084    17195755  0.488E-03
085050.190      549289    17204493  0.523E-03
085102.206      549529    17211375  0.495E-03
085114.188      549832    17219968  0.488E-03
085126.186      550001    17228468  0.494E-03
085138.184      550243    17235678  0.488E-03
085150.189      550423    17245088  0.485E-03
085202.189      550722    17253979  0.492E-03
085214.185      551091    17261582  0.496E-03
085226.185      551427    17270159  0.495E-03
085238.185      551560    17278711  0.490E-03
085250.180      551719    17287902  0.487E-03
085302.186      552079    17296824  0.489E-03
085314.188      552289    17305988  0.491E-03
085326.182      552488    17313252  0.485E-03
085338.180      552639    17321844  0.490E-03
085350.185      552989    17329872  0.488E-03
085402.183      553281    17338763  0.494E-03
085414.193      553618    17347116  0.490E-03
085426.182      553849    17355461  0.493E-03
085438.178      554038    17364443  0.485E-03
085450.186      554330    17374305  0.488E-03
085502.180      554524    17382562  0.492E-03
085514.181      554785    17391172  0.491E-03
085526.189      555144    17401393  0.490E-03
085538.197      555292    17408139  0.490E-03
085550.177      555641    17418205  0.491E-03
085602.186      555996    17427137  0.487E-03
085614.184      556276    17436321  0.490E-03
085626.180      556698    17444654  0.490E-03
085638.187      556952    17453480  0.492E-03
085650.183      557162    17463100  0.490E-03
085702.202      557439    17471676  0.492E-03
085714.180      557670    17481433  0.497E-03
085726.189      557943    17489019  0.488E-03
085738.184      558135    17498552  0.489E-03
085750.183      558286    17506815  0.485E-03
085802.182      558469    17516319  0.487E-03
085814.182      558776    17524901  0.489E-03
085826.209      559084    17533171  0.489E-03
085838.183      559380    17541768  0.488E-03
085850.224      559697    17550520  0.491E-03
085902.181      559922    17557667  0.493E-03
085914.186      560330    17565907  0.495E-03
085926.179      560564    17574693  0.489E-03
085938.182      560920    17583225  0.506E-03
085950.177      561294    17592080  0.497E-03
090002.182      561686    17600752  0.496E-03
090014.181      562009    17610166  0.500E-03
090026.181      562278    17618862  0.491E-03
090038.185      562571    17628710  0.492E-03
090050.180      562720    17637024  0.497E-03
090102.180      563018    17647133  0.486E-03
090114.182      563270    17656192  0.485E-03
090126.188      563393    17662982  0.485E-03
090138.178      563545    17671571  0.486E-03
090150.183      563793    17678376  0.493E-03
090202.183      563947    17686523  0.488E-03
090214.187      564172    17695037  0.492E-03
090226.180      564461    17704219  0.490E-03
090238.181      564755    17713646  0.486E-03
090250.222      565064    17721804  0.494E-03
090302.184      565257    17730614  0.489E-03
090314.189      565615    17738017  0.489E-03
090326.181      565767    17745913  0.490E-03
090338.186      566003    17753674  0.487E-03
090350.179      566278    17763023  0.494E-03
090402.180      566486    17772466  0.488E-03
090414.184      566671    17781941  0.489E-03
090426.181      566912    17789018  0.490E-03
090438.188      567209    17798024  0.490E-03
090450.190      567332    17806380  0.486E-03
090502.191      567569    17813750  0.485E-03
090514.184      567907    17821795  0.491E-03
090526.183      568044    17829168  0.485E-03
090538.181      568182    17836754  0.484E-03
090550.184      568312    17845096  0.485E-03
090602.184      568750    17853690  0.488E-03
090614.184      568933    17862379  0.490E-03
090626.188      569217    17871803  0.484E-03
090638.182      569375    17880964  0.483E-03
090650.180      569658    17890080  0.489E-03
090702.190      569830    17898308  0.484E-03
090714.199      570043    17906589  0.495E-03
090726.189      570320    17914883  0.490E-03
090738.215      570505    17923702  0.482E-03
090750.200      570676    17931872  0.483E-03
090802.187      570910    17939492  0.487E-03
090814.178      571178    17949377  0.485E-03
090826.182      571403    17958083  0.487E-03
090838.187      571766    17966519  0.491E-03
090850.179      571915    17974551  0.488E-03
090902.178      572182    17981788  0.484E-03
090914.182      572393    17989556  0.492E-03
090926.175      572562    17998462  0.482E-03
090938.180      572815    18006594  0.490E-03
090950.183      573161    18015739  0.488E-03
091002.201      573310    18024403  0.480E-03
091014.184      573570    18032995  0.490E-03
091026.190      573864    18040332  0.480E-03
091038.181      573942    18047190  0.474E-03
091050.188      574327    18054926  0.480E-03
091102.187      574521    18064095  0.473E-03
091114.184      574883    18072326  0.469E-03
091126.183      575116    18080566  0.468E-03
091138.187      575323    18089914  0.467E-03
091150.182      575535    18097549  0.458E-03
091202.183      575767    18106806  0.404E-03
091214.187      576028    18115616  0.349E-03
091226.180      576202    18125163  0.340E-03
091238.185      576396    18134133  0.340E-03
091250.182      576700    18142205  0.347E-03
091302.184      576862    18150200  0.303E-03
091314.187      577017    18158496  0.343E-03
091326.182      577332    18166363  0.341E-03
091338.211      577660    18175527  0.348E-03
091350.186      577862    18184605  0.352E-03
091402.187      578205    18194146  0.348E-03
091414.187      578339    18203248  0.341E-03
091426.184      578607    18211153  0.340E-03
091438.183      578828    18220634  0.346E-03
091450.189      579114    18229015  0.353E-03
091502.176      579411    18237927  0.354E-03
091514.181      579609    18246054  0.349E-03
091526.184      579879    18254585  0.346E-03
091538.181      580142    18262062  0.353E-03
091550.185      580471    18271428  0.356E-03
091602.185      580732    18280903  0.343E-03
091614.185      581077    18289911  0.348E-03
091626.189      581379    18297570  0.353E-03
091638.196      581704    18305156  0.354E-03
091650.206      581840    18312790  0.348E-03
091702.182      582177    18322198  0.344E-03
091714.185      582548    18331627  0.355E-03
091726.186      582826    18340607  0.348E-03
091738.192      583031    18349111  0.344E-03
091750.181      583181    18357477  0.342E-03
091802.186      583476    18366663  0.346E-03
091814.180      583650    18374573  0.348E-03
091826.209      583927    18382846  0.345E-03
