 Results from RMCProfile version 6.7.9.5

 (Version 6f format configuration file)                                          

 2 experiments   3 partials

 Partial g(r)'s are printed out below

   348  3 are NR and NPAR

   r (Ang)
   0.06545     0.00000     0.00000     3.90453
   0.13090     0.00000     6.48083     2.07179
   0.19635     0.00000     6.65920     6.51950
   0.26180     0.00000     3.29078     7.36399
   0.32725     0.00000     1.05502     2.69815
   0.39271     0.00000     0.62863     2.34452
   0.45816     0.00000     0.07702     0.94796
   0.52361     0.00000     0.11799     1.78217
   0.58906     0.00000     0.23312     1.35635
   0.65451     0.00000     0.03777     0.80301
   0.71996     0.00000     0.00000     0.59388
   0.78541     0.00000     0.00000     0.32293
   0.85086     0.00000     0.02236     0.40027
   0.91631     0.00000     0.00000     0.36672
   0.98176     0.00000     0.00000     0.54499
   1.04721     0.00000     0.00000     0.41294
   1.11267     0.00000     0.00000     0.24875
   1.17812     0.00000     5.52929     0.16968
   1.24357     0.00000     1.56001     0.72630
   1.30902     0.00000     1.63472     0.85638
   1.37447     0.03064     3.10267     1.70699
   1.43992     0.02792     4.13126     2.30683
   1.50537     0.00000     3.80847     2.11862
   1.57082     0.00000     2.88089     1.83563
   1.63627     0.00000     2.94536     2.07069
   1.70172     0.01999     4.27768     3.02189
   1.76718     0.07415     5.74008     4.04958
   1.83263     0.01724     5.54959     3.15591
   1.89808     0.01607     2.32830     1.60932
   1.96353     0.00000     0.53762     0.36186
   2.02898     0.02812     0.12587     0.11003
   2.09443     0.00000     0.07383     0.04543
   2.15988     0.00000     0.07984     0.07768
   2.22533     0.03507     0.22891     0.24880
   2.29078     0.02206     0.40425     0.20717
   2.35623     0.02086     0.74963     0.06527
   2.42168     0.00987     0.06627     0.04634
   2.48714     0.02808     0.05498     0.05565
   2.55259     0.04443     0.19635     0.19188
   2.61804     0.11825     0.62847     0.79042
   2.68349     0.59493     1.12442     1.53990
   2.74894     0.71250     0.93650     1.78876
   2.81439     0.92095     0.67060     1.03856
   2.87984     0.71901     0.52331     1.00937
   2.94529     1.17461     0.75607     1.27205
   3.01074     2.72082     1.08622     1.68510
   3.07619     3.67693     1.35024     1.88032
   3.14164     2.51642     1.12721     1.42093
   3.20710     1.52541     0.54477     0.86322
   3.27255     0.90819     0.36140     0.57356
   3.33800     0.82097     0.37498     0.58218
   3.40345     1.57440     0.61375     0.68984
   3.46890     1.96781     0.74289     1.02244
   3.53435     1.64996     0.63266     0.80650
   3.59980     0.83546     0.46114     0.54673
   3.66525     0.44820     0.24592     0.37631
   3.73070     0.39517     0.30601     0.38536
   3.79615     0.65485     0.52031     0.52307
   3.86161     1.05215     0.91985     0.85544
   3.92706     1.08870     1.09842     0.93878
   3.99251     0.84627     0.91538     0.78208
   4.05796     0.50980     0.67072     0.63601
   4.12341     0.49374     0.67245     0.59360
   4.18886     0.70940     1.03094     0.86951
   4.25431     1.08120     1.59090     1.29348
   4.31976     1.39617     1.86677     1.49637
   4.38521     1.28857     1.70535     1.35686
   4.45066     0.94114     1.24433     1.04282
   4.51611     0.66993     0.99731     0.89821
   4.58157     0.79159     1.07163     0.94438
   4.64702     1.01342     1.35588     1.09081
   4.71247     1.11843     1.46287     1.21739
   4.77792     0.96880     1.24146     1.15966
   4.84337     0.80458     0.90368     0.92229
   4.90882     0.61268     0.71307     0.76100
   4.97427     0.65516     0.80112     0.78284
   5.03972     1.00753     0.99851     1.05728
   5.10517     1.27065     1.36951     1.31818
   5.17062     1.39460     1.34293     1.33653
   5.23607     1.17201     1.07506     1.16453
   5.30153     0.89812     0.90233     0.96060
   5.36698     0.87635     0.88551     0.96814
   5.43243     1.10451     1.05253     1.12915
   5.49788     1.43847     1.32980     1.31644
   5.56333     1.50022     1.28143     1.35297
   5.62878     1.17133     1.10817     1.18100
   5.69423     0.89101     0.86307     0.98468
   5.75968     0.83946     0.77083     0.82478
   5.82513     0.88554     0.85670     0.94359
   5.89058     1.15129     1.01325     1.14102
   5.95604     1.22894     1.12076     1.17840
   6.02149     1.19758     1.01747     1.06147
   6.08694     0.92195     0.83048     0.91650
   6.15239     0.73877     0.74445     0.85019
   6.21784     0.83861     0.79379     0.85816
   6.28329     0.98548     0.93896     1.03544
   6.34874     1.16780     1.08684     1.10411
   6.41419     1.10327     1.09863     1.07156
   6.47964     0.92528     0.89526     0.94558
   6.54509     0.77577     0.80448     0.79649
   6.61054     0.77373     0.80679     0.85004
   6.67600     0.88984     0.92040     0.95380
   6.74145     1.11851     1.07937     1.05936
   6.80690     1.08711     1.11778     1.10362
   6.87235     0.98314     0.97555     0.97565
   6.93780     0.82635     0.83980     0.85456
   7.00325     0.80744     0.81229     0.83681
   7.06870     0.82268     0.93896     0.91423
   7.13415     1.00672     1.03572     1.04492
   7.19960     1.12589     1.12226     1.10047
   7.26505     0.98723     1.02267     0.99525
   7.33050     0.84470     0.88846     0.91112
   7.39596     0.80653     0.82928     0.86459
   7.46141     0.88811     0.91603     0.87162
   7.52686     1.05975     1.03423     0.98863
   7.59231     1.11990     1.13419     1.08042
   7.65776     1.08800     1.09860     1.03793
   7.72321     0.95802     0.96738     0.94295
   7.78866     0.85514     0.88872     0.88087
   7.85411     0.89350     0.92543     0.90913
   7.91956     1.06065     1.00960     1.02533
   7.98501     1.13958     1.12621     1.08674
   8.05046     1.13453     1.10773     1.07669
   8.11592     0.97039     0.98765     0.98787
   8.18137     0.85892     0.89546     0.91555
   8.24682     0.88790     0.90249     0.91680
   8.31227     0.97536     0.98678     0.97244
   8.37772     1.12351     1.05333     1.10627
   8.44317     1.18982     1.08273     1.09732
   8.50862     1.02923     1.04846     1.01042
   8.57407     0.93404     0.92413     0.93885
   8.63952     0.89201     0.90953     0.93949
   8.70497     0.95582     0.95340     0.97850
   8.77043     1.06806     1.06744     1.07302
   8.83588     1.14573     1.13258     1.09757
   8.90133     1.07706     1.03934     1.06548
   8.96678     0.91306     0.97709     0.99048
   9.03223     0.94813     0.91514     0.91155
   9.09768     0.94363     0.94096     0.97554
   9.16313     1.04743     1.07396     1.06006
   9.22858     1.21481     1.08902     1.09529
   9.29403     1.06438     1.05555     1.08726
   9.35948     0.97486     0.98796     1.00240
   9.42493     0.91183     0.92433     0.96201
   9.49039     0.91344     0.93213     0.97635
   9.55584     0.97959     1.01641     1.01739
   9.62129     1.10828     1.08346     1.06604
   9.68674     1.06374     1.07801     1.06752
   9.75219     1.01968     1.02409     1.02256
   9.81764     0.89861     0.92008     0.95934
   9.88309     0.90216     0.94077     0.95057
   9.94854     0.95818     0.96672     0.97966
  10.01399     1.05828     1.06071     1.07333
  10.07944     1.13234     1.09273     1.07442
  10.14489     1.02102     1.03776     1.05391
  10.21035     0.94522     0.93953     0.95440
  10.27580     0.92061     0.93419     0.95927
  10.34125     0.98099     0.96904     0.98428
  10.40670     1.00077     1.04722     1.03217
  10.47215     1.10128     1.08423     1.05450
  10.53760     1.05062     1.04761     1.02496
  10.60305     0.99958     0.98300     0.97286
  10.66850     0.90749     0.91591     0.93278
  10.73395     0.93716     0.92755     0.95981
  10.79940     0.99087     0.99535     0.98550
  10.86486     1.02261     1.06063     1.04028
  10.93031     1.05450     1.07318     1.03105
  10.99576     0.98213     0.99414     0.98029
  11.06121     0.91565     0.94879     0.94251
  11.12666     0.94934     0.93125     0.94580
  11.19211     0.99281     0.97469     0.98627
  11.25756     1.08271     1.05744     1.02230
  11.32301     1.05217     1.04690     1.04953
  11.38846     1.01601     1.02166     0.99251
  11.45391     0.92543     0.95348     0.97747
  11.51936     0.89837     0.92815     0.94209
  11.58482     1.04096     0.96415     0.97670
  11.65027     1.05062     1.02709     1.03692
  11.71572     1.06169     1.07145     1.06167
  11.78117     1.05160     1.02855     1.03345
  11.84662     0.96823     0.94751     1.00154
  11.91207     0.93314     0.96110     0.95787
  11.97752     0.94516     0.95593     0.97610
  12.04297     1.05388     1.01424     1.03399
  12.10842     1.06147     1.06019     1.05349
  12.17387     1.08329     1.04095     1.04109
  12.23932     1.02150     0.96163     0.97568
  12.30478     0.94221     0.95057     0.96915
  12.37023     0.95156     0.96160     0.96023
  12.43568     0.99661     0.99957     1.00053
  12.50113     1.08104     1.07349     1.04307
  12.56658     1.05111     1.05403     1.04359
  12.63203     0.99344     0.99614     1.02088
  12.69748     0.96204     0.97676     0.97049
  12.76293     0.94153     0.97422     0.95733
  12.82838     0.97170     0.99216     0.99824
  12.89383     1.03813     1.04465     1.03750
  12.95928     1.05594     1.06296     1.05640
  13.02474     1.00406     1.03321     1.01964
  13.09019     0.93998     0.95533     0.99487
  13.15564     0.93600     0.95951     0.96573
  13.22109     0.99002     0.98904     1.00367
  13.28654     1.03474     1.03839     1.03897
  13.35199     1.08600     1.05440     1.03644
  13.41744     1.05806     1.04864     1.02051
  13.48289     0.97456     0.98984     0.98810
  13.54834     0.95791     0.94563     0.94876
  13.61379     0.94498     0.95526     0.97007
  13.67925     1.00990     1.03433     1.02511
  13.74470     1.07325     1.04396     1.04664
  13.81015     1.00603     1.01201     1.04520
  13.87560     1.01490     1.00316     0.99988
  13.94105     0.97144     0.95243     0.97625
  14.00650     0.94585     0.96700     0.98155
  14.07195     0.99175     0.99147     0.98827
  14.13740     1.01735     1.03927     1.03853
  14.20285     1.05535     1.05139     1.04775
  14.26830     1.02977     1.02530     1.00594
  14.33375     0.96374     0.96418     0.97737
  14.39921     0.95109     0.97480     0.98136
  14.46466     0.98373     0.97854     0.99865
  14.53011     1.03961     1.02490     1.02830
  14.59556     1.03765     1.04689     1.03168
  14.66101     1.05184     1.01383     1.01330
  14.72646     0.97203     0.97654     0.97516
  14.79191     0.96688     0.96081     0.97698
  14.85736     0.97517     0.99029     0.98440
  14.92281     1.02045     1.01973     1.01687
  14.98826     1.04146     1.03630     1.03527
  15.05371     1.05592     1.02001     1.02365
  15.11917     1.00172     0.99016     0.98072
  15.18462     0.93962     0.95404     0.96671
  15.25007     0.95721     0.97379     0.97113
  15.31552     0.99915     1.01188     1.02125
  15.38097     1.04647     1.03218     1.02552
  15.44642     1.04150     1.01408     1.03203
  15.51187     0.99664     0.99767     0.99925
  15.57732     0.95297     0.98256     0.97638
  15.64277     0.94619     0.96741     0.98259
  15.70822     1.00989     0.99828     1.00225
  15.77368     1.03689     1.02608     1.03525
  15.83913     1.05511     1.02988     1.02187
  15.90458     0.98007     1.00829     1.02694
  15.97003     0.98250     0.97916     1.00128
  16.03548     0.95017     0.95827     0.97416
  16.10093     0.97998     0.98585     0.98318
  16.16638     1.03321     1.00850     1.02751
  16.23183     1.02379     1.04660     1.03396
  16.29728     1.03303     1.02242     1.01809
  16.36273     0.97958     0.97917     0.97802
  16.42818     0.92567     0.97481     0.95655
  16.49364     0.95963     0.97858     0.97222
  16.55909     1.02342     1.00346     1.00823
  16.62454     1.04848     1.04339     1.02384
  16.68999     1.03320     1.03156     1.01284
  16.75544     1.00246     0.99721     0.99539
  16.82089     0.96910     0.97985     0.97837
  16.88634     0.96911     0.97170     0.98084
  16.95179     0.98683     0.99374     0.99863
  17.01724     1.04483     1.03007     1.01599
  17.08269     1.00232     1.02363     1.02946
  17.14814     0.98996     1.00328     1.00787
  17.21360     0.97853     0.97888     0.99723
  17.27905     0.98432     0.95494     0.98701
  17.34450     1.00077     0.98322     1.00156
  17.40995     1.01389     1.01282     1.01742
  17.47540     1.03190     1.01686     1.03438
  17.54085     1.02328     1.02139     1.00995
  17.60630     0.99308     0.98633     0.97861
  17.67175     0.95014     0.98033     0.96708
  17.73720     1.00884     0.98546     0.97936
  17.80265     1.01203     1.01686     1.01848
  17.86811     1.01189     1.03697     1.02165
  17.93356     1.01226     1.02146     1.02091
  17.99901     0.99794     0.99830     0.98469
  18.06446     0.98398     0.96229     0.98385
  18.12991     0.97900     0.97866     0.98144
  18.19536     1.01849     1.00499     1.00658
  18.26081     1.01762     1.01728     1.03268
  18.32626     1.02088     1.01755     1.01140
  18.39171     1.00439     0.99361     0.99522
  18.45716     0.99099     0.97207     0.97163
  18.52261     0.95986     0.96928     0.98109
  18.58807     0.98663     0.98904     0.98794
  18.65352     1.00201     1.01362     1.01716
  18.71897     1.01468     1.02674     1.01652
  18.78442     0.99286     1.00748     1.00729
  18.84987     0.98858     0.98605     0.98603
  18.91532     0.96427     0.97313     0.98484
  18.98077     1.00038     0.99816     0.98550
  19.04622     1.01347     1.03047     1.01281
  19.11167     1.04902     1.01761     1.01675
  19.17712     0.99968     1.00742     1.01504
  19.24257     1.00087     0.99402     0.98603
  19.30803     0.96738     0.96583     0.97906
  19.37348     0.97921     0.97679     0.98327
  19.43893     1.00097     1.01193     0.99748
  19.50438     1.01679     1.01196     1.02204
  19.56983     1.03888     1.02541     0.99752
  19.63528     0.98256     0.99275     0.99393
  19.70073     0.99185     0.97999     0.97744
  19.76618     0.97062     0.97198     0.97251
  19.83163     1.01398     0.99666     1.00462
  19.89708     1.01127     1.01188     1.01432
  19.96253     1.02732     1.02383     1.01672
  20.02799     0.98438     0.99446     1.00386
  20.09344     0.96522     0.98017     0.98454
  20.15889     0.96822     0.97557     0.98422
  20.22434     1.00528     0.99520     0.98836
  20.28979     1.02159     1.00503     1.02231
  20.35524     1.02705     1.01644     1.01614
  20.42069     1.00839     1.00928     1.01042
  20.48614     0.98003     0.97949     0.97548
  20.55159     0.97887     0.98174     0.97082
  20.61704     0.97021     0.99319     0.99165
  20.68250     1.02417     1.01573     1.00288
  20.74795     1.02310     1.02863     1.02245
  20.81340     1.00919     1.00333     1.01623
  20.87885     0.99836     0.98702     0.99470
  20.94430     0.96850     0.98462     0.98688
  21.00975     0.97573     0.98114     0.97988
  21.07520     1.01491     1.00105     0.99641
  21.14065     1.02042     1.01479     1.00890
  21.20610     1.00525     1.00854     1.00735
  21.27155     0.99894     0.99840     0.98266
  21.33700     0.96421     0.97112     0.98516
  21.40246     0.99434     0.97255     0.98559
  21.46791     0.97661     0.99656     1.00420
  21.53336     1.03324     1.01147     1.01706
  21.59881     1.01991     1.02052     1.01937
  21.66426     0.99821     1.00519     0.99191
  21.72971     0.96903     0.99646     0.99274
  21.79516     0.97005     0.97549     0.98141
  21.86061     1.00374     0.99094     0.99920
  21.92606     1.02185     1.00245     1.01450
  21.99151     1.01889     1.02140     1.01990
  22.05696     1.02748     1.00546     0.99307
  22.12242     0.99361     0.99145     0.99746
  22.18787     0.96753     0.98495     0.98555
  22.25332     0.98079     0.99718     0.98942
  22.31877     1.00457     1.00211     1.01276
  22.38422     1.02528     1.01946     1.01661
  22.44967     1.02597     1.01378     1.00030
  22.51512     0.97205     0.99355     0.98828
  22.58057     0.97085     0.97853     0.98273
  22.64602     1.00803     0.98270     0.97840
  22.71147     0.99549     0.98806     0.99392
  22.77693     0.99782     0.98620     0.98720

 Partial S(Q)'s are printed out below

   494  3 are NQ and NPAR

      Q          S(Q)_1      S(Q)_2      S(Q)_3
  0.4682470    -2.2212144     0.7528887    -0.2071919
  0.4982822    -2.0084281     1.0203678     0.0641027
  0.5283174    -1.8735653     1.1614639     0.1869438
  0.5583526    -1.8208062     1.1832217     0.1729740
  0.5883878    -1.8316720     1.1256320     0.0705037
  0.6184230    -1.8758912     1.0416310    -0.0579278
  0.6484582    -1.9239616     0.9764107    -0.1583342
  0.6784934    -1.9567916     0.9534844    -0.2007160
  0.7085286    -1.9695522     0.9713811    -0.1831984
  0.7385638    -1.9693991     1.0103456    -0.1255554
  0.7685990    -1.9690241     1.0447701    -0.0564893
  0.7986342    -1.9792483     1.0555621    -0.0005604
  0.8286694    -2.0037451     1.0375699     0.0302646
  0.8587046    -2.0376960     0.9998728     0.0381473
  0.8887398    -2.0703727     0.9599315     0.0348261
  0.9187750    -2.0900700     0.9349532     0.0341061
  0.9488102    -2.0890513     0.9345184     0.0451726
  0.9788454    -2.0664359     0.9574573     0.0694971
  1.0088806    -2.0280105     0.9938041     0.1020764
  1.0389158    -1.9833019     1.0304004     0.1356933
  1.0689510    -1.9413190     1.0573268     0.1657038
  1.0989862    -1.9067766     1.0722938     0.1929372
  1.1290214    -1.8782562     1.0812973     0.2234717
  1.1590566    -1.8488652     1.0956163     0.2656531
  1.1890918    -1.8089373     1.1267835     0.3260032
  1.2191270    -1.7495833     1.1818540     0.4060547
  1.2491622    -1.6657168     1.2609164     0.5015468
  1.2791974    -1.5575409     1.3576157     0.6041884
  1.3092326    -1.4301869     1.4620641     0.7049518
  1.3392678    -1.2919153     1.5645501     0.7971920
  1.3693030    -1.1517464     1.6582983     0.8780783
  1.3993382    -1.0174296     1.7401769     0.9477384
  1.4293734    -0.8943465     1.8093425     1.0066964
  1.4594086    -0.7854487     1.8648116     1.0530495
  1.4894438    -0.6919016     1.9034023     1.0809815
  1.5194790    -0.6139032     1.9192259     1.0815750
  1.5495142    -0.5512298     1.9050862     1.0457763
  1.5795494    -0.5033246     1.8551760     0.9682998
  1.6095846    -0.4690582     1.7678108     0.8507343
  1.6396198    -0.4464657     1.6468881     0.7023802
  1.6696551    -0.4327540     1.5013296     0.5382873
  1.6996903    -0.4246873     1.3426598     0.3751581
  1.7297255    -0.4192161     1.1816980     0.2267074
  1.7597607    -0.4140467     1.0257036     0.1003008
  1.7897959    -0.4078445     0.8770855    -0.0038499
  1.8198311    -0.3999268     0.7340737    -0.0907464
  1.8498663    -0.3895506     0.5928943    -0.1668860
  1.8799015    -0.3751172     0.4503807    -0.2364414
  1.9099367    -0.3536896     0.3058435    -0.2989936
  1.9399719    -0.3211134     0.1614446    -0.3497341
  1.9700071    -0.2727936     0.0210650    -0.3819414
  2.0000423    -0.2049061    -0.1116465    -0.3905411
  2.0300775    -0.1156400    -0.2350003    -0.3751065
  2.0601127    -0.0060426    -0.3498844    -0.3409358
  2.0901479     0.1198162    -0.4589576    -0.2977102
  2.1201831     0.2554052    -0.5648106    -0.2562949
  2.1502183     0.3928239    -0.6680035    -0.2250440
  2.1802535     0.5240923    -0.7659642    -0.2071490
  2.2102887     0.6423041    -0.8533493    -0.2000900
  2.2403239     0.7424202    -0.9237931    -0.1973222
  2.2703591     0.8216415    -0.9723211    -0.1913842
  2.3003943     0.8794229    -0.9973846    -0.1770562
  2.3304295     0.9172405    -1.0016151    -0.1532508
  2.3604647     0.9381881    -0.9909554    -0.1229471
  2.3904999     0.9464195    -0.9725282    -0.0913707
  2.4205351     0.9464202    -0.9521535    -0.0633803
  2.4505703     0.9421312    -0.9325653    -0.0413134
  2.4806055     0.9360478    -0.9130552    -0.0242579
  2.5106407     0.9285235    -0.8906349    -0.0090023
  2.5406759     0.9175502    -0.8621392     0.0078798
  2.5707111     0.8992060    -0.8262954     0.0278776
  2.6007463     0.8687660    -0.7848222     0.0493923
  2.6307815     0.8222175    -0.7420785     0.0681624
  2.6608167     0.7577203    -0.7034383     0.0790770
  2.6908519     0.6765041    -0.6731377     0.0785183
  2.7208871     0.5828369    -0.6525614     0.0661124
  2.7509223     0.4830109    -0.6397286     0.0450288
  2.7809575     0.3836506    -0.6301918     0.0206408
  2.8109927     0.2899205    -0.6189396    -0.0018721
  2.8410279     0.2042696    -0.6024599    -0.0198857
  2.8710631     0.1261717    -0.5800771    -0.0345450
  2.9010983     0.0529467    -0.5540233    -0.0502154
  2.9311335    -0.0186611    -0.5282777    -0.0723505
  2.9611687    -0.0907676    -0.5067529    -0.1046854
  2.9912039    -0.1631677    -0.4916662    -0.1470086
  3.0212391    -0.2331509    -0.4828106    -0.1945534
  3.0512743    -0.2963774    -0.4779962    -0.2393696
  3.0813095    -0.3484608    -0.4743761    -0.2731772
  3.1113447    -0.3866271    -0.4699703    -0.2905470
  3.1413799    -0.4107963    -0.4646290    -0.2910819
  3.1714151    -0.4236721    -0.4599641    -0.2796731
  3.2014503    -0.4298231    -0.4582923    -0.2647027
  3.2314855    -0.4341328    -0.4611174    -0.2549207
  3.2615207    -0.4402260    -0.4679188    -0.2562680
  3.2915559    -0.4494606    -0.4758873    -0.2699205
  3.3215911    -0.4608181    -0.4808072    -0.2922906
  3.3516263    -0.4716555    -0.4787448    -0.3168872
  3.3816615    -0.4789432    -0.4678001    -0.3371604
  3.4116967    -0.4804553    -0.4491148    -0.3490774
  3.4417319    -0.4754509    -0.4266357    -0.3523536
  3.4717671    -0.4646402    -0.4056780    -0.3498963
  3.5018023    -0.4495569    -0.3908713    -0.3458330
  3.5318375    -0.4316993    -0.3843607    -0.3431197
  3.5618727    -0.4118700    -0.3850342    -0.3418843
  3.5919079    -0.3900064    -0.3891042    -0.3392960
  3.6219431    -0.3655366    -0.3917733    -0.3310233
  3.6519783    -0.3380337    -0.3892363    -0.3135916
  3.6820135    -0.3078036    -0.3801246    -0.2865079
  3.7120487    -0.2760856    -0.3657590    -0.2530968
  3.7420839    -0.2447456    -0.3491238    -0.2195566
  3.7721191    -0.2156015    -0.3330673    -0.1925478
  3.8021543    -0.1897087    -0.3185978    -0.1763197
  3.8321895    -0.1669628    -0.3041133    -0.1706394
  3.8622247    -0.1462294    -0.2859773    -0.1704988
  3.8922599    -0.1259485    -0.2602305    -0.1678395
  3.9222951    -0.1049241    -0.2246700    -0.1546719
  3.9523303    -0.0828976    -0.1803163    -0.1263403
  3.9823655    -0.0605914    -0.1315108    -0.0835781
  4.0124007    -0.0391597    -0.0844723    -0.0324569
  4.0424359    -0.0192817    -0.0448359     0.0178162
  4.0724711    -0.0003469    -0.0151933     0.0584180
  4.1025063     0.0198081     0.0062782     0.0843585
  4.1325415     0.0443640     0.0254202     0.0964904
  4.1625767     0.0762867     0.0499750     0.1012755
  4.1926119     0.1168499     0.0865311     0.1083995
  4.2226471     0.1645393     0.1377505     0.1271753
  4.2526823     0.2148845     0.2010306     0.1631301
  4.2827175     0.2614306     0.2692039     0.2160676
  4.3127527     0.2976111     0.3330535     0.2802801
  4.3427879     0.3188843     0.3846812     0.3467259
  4.3728231     0.3243372     0.4203960     0.4062394
  4.4028583     0.3171135     0.4419703     0.4524993
  4.4328935     0.3034402     0.4557615     0.4836666
  4.4629287     0.2905603     0.4700524     0.5022091
  4.4929639     0.2843088     0.4916783     0.5131846
  4.5229991     0.2872182     0.5232865     0.5218453
  4.5530343     0.2978531     0.5623060     0.5316060
  4.5830695     0.3116004     0.6020046     0.5431597
  4.6131047     0.3225871     0.6341712     0.5549473
  4.6431399     0.3259645     0.6523237     0.5645785
  4.6731751     0.3196720     0.6541604     0.5704140
  4.7032103     0.3050128     0.6423156     0.5725190
  4.7332455     0.2858592     0.6231788     0.5725502
  4.7632807     0.2668500     0.6043185     0.5726842
  4.7933159     0.2513402     0.5915746     0.5741551
  4.8233511     0.2399415     0.5869671     0.5761594
  4.8533863     0.2302393     0.5881815     0.5757107
  4.8834215     0.2177861     0.5897280     0.5685807
  4.9134567     0.1979515     0.5852069     0.5509538
  4.9434919     0.1678728     0.5697180     0.5210836
  4.9735271     0.1277208     0.5414743     0.4802147
  5.0035623     0.0807814     0.5020846     0.4323453
  5.0335975     0.0323358     0.4555486     0.3829003
  5.0636327    -0.0122061     0.4065298     0.3368551
  5.0936679    -0.0491779     0.3586964     0.2970778
  5.1237031    -0.0778185     0.3138018     0.2635596
  5.1537383    -0.1003020     0.2717694     0.2338174
  5.1837735    -0.1206737     0.2315749     0.2042551
  5.2138087    -0.1431449     0.1923778     0.1718794
  5.2438439    -0.1704241     0.1543026     0.1356410
  5.2738791    -0.2027030     0.1184986     0.0968644
  5.3039143    -0.2376275     0.0865043     0.0586388
  5.3339495    -0.2711819     0.0593026     0.0244908
  5.3639847    -0.2990731     0.0366093    -0.0030536
  5.3940199    -0.3180554     0.0168208    -0.0233989
  5.4240551    -0.3267175    -0.0022867    -0.0379400
  5.4540903    -0.3255250    -0.0224023    -0.0492908
  5.4841255    -0.3162303    -0.0436185    -0.0600809
  5.5141607    -0.3010016    -0.0640110    -0.0718835
  5.5441959    -0.2816843    -0.0801423    -0.0847386
  5.5742311    -0.2594836    -0.0883594    -0.0974338
  5.6042663    -0.2351181    -0.0863800    -0.1083447
  5.6343015    -0.2092580    -0.0744968    -0.1163838
  5.6643367    -0.1829343    -0.0558526    -0.1215806
  5.6943719    -0.1576435    -0.0356073    -0.1250120
  5.7244071    -0.1350453    -0.0192749    -0.1281368
  5.7544423    -0.1163733    -0.0108594    -0.1318842
  5.7844775    -0.1018448    -0.0115138    -0.1359827
  5.8145127    -0.0903793    -0.0192439    -0.1389038
  5.8445479    -0.0798143    -0.0297656    -0.1385102
  5.8745831    -0.0675841    -0.0381700    -0.1331464
  5.9046183    -0.0516149    -0.0407424    -0.1226767
  5.9346535    -0.0310803    -0.0362490    -0.1089589
  5.9646887    -0.0067049    -0.0262360    -0.0954662
  5.9947239     0.0195117    -0.0142952    -0.0861360
  6.0247591     0.0450349    -0.0046485    -0.0838755
  6.0547943     0.0676918    -0.0006355    -0.0893339
  6.0848295     0.0863538    -0.0036777    -0.1004713
  6.1148647     0.1011316    -0.0130468    -0.1131492
  6.1448999     0.1130282    -0.0264221    -0.1225544
  6.1749351     0.1232265    -0.0409140    -0.1249257
  6.2049703     0.1323505    -0.0540962    -0.1189230
  6.2350055     0.1400425    -0.0646545    -0.1061149
  6.2650407     0.1450561    -0.0724820    -0.0904059
  6.2950759     0.1458310    -0.0783113    -0.0766376
  6.3251111     0.1412993    -0.0831502    -0.0689073
  6.3551463     0.1315600    -0.0878208    -0.0692348
  6.3851815     0.1181114    -0.0927780    -0.0770427
  6.4152167     0.1035093    -0.0982049    -0.0895801
  6.4452519     0.0905707    -0.1042205    -0.1030535
  6.4752871     0.0814313    -0.1109992    -0.1139829
  6.5053223     0.0768374    -0.1186793    -0.1202612
  6.5353575     0.0759575    -0.1270972    -0.1215678
  6.5653927     0.0767873    -0.1355249    -0.1190784
  6.5954279     0.0769829    -0.1426280    -0.1146892
  6.6254631     0.0747806    -0.1467722    -0.1101389
  6.6554983     0.0696383    -0.1466245    -0.1063858
  6.6855335     0.0623516    -0.1418096    -0.1034370
  6.7155687     0.0546175    -0.1332995    -0.1006019
  6.7456039     0.0482461    -0.1232823    -0.0969671
  6.7756391     0.0443558    -0.1144691    -0.0918316
  6.8056743     0.0428848    -0.1090570    -0.0849184
  6.8357095     0.0426110    -0.1077601    -0.0763244
  6.8657447     0.0416585    -0.1093427    -0.0663189
  6.8957799     0.0382740    -0.1109157    -0.0551595
  6.9258151     0.0315513    -0.1089484    -0.0430574
  6.9558503     0.0218192    -0.1006358    -0.0303039
  6.9858855     0.0105505    -0.0850776    -0.0174467
  7.0159207    -0.0001527    -0.0637692    -0.0053540
  7.0459559    -0.0082833    -0.0401668     0.0049533
  7.0759911    -0.0125810    -0.0184609     0.0126881
  7.1060263    -0.0128806    -0.0020309     0.0177446
  7.1360615    -0.0100645     0.0077993     0.0209698
  7.1660967    -0.0056833     0.0121955     0.0240598
  7.1961319    -0.0014270     0.0142527     0.0290334
  7.2261671     0.0013442     0.0176680     0.0374407
  7.2562023     0.0018619     0.0251942     0.0496194
  7.2862375    -0.0000349     0.0375152     0.0643413
  7.3162727    -0.0040543     0.0530059     0.0790623
  7.3463079    -0.0096542     0.0684667     0.0907468
  7.3763431    -0.0161796     0.0805078     0.0969784
  7.4063783    -0.0229014     0.0869864     0.0969185
  7.4364135    -0.0290024     0.0878803     0.0917012
  7.4664487    -0.0336067     0.0852301     0.0840604
  7.4964839    -0.0359310     0.0821829     0.0773008
  7.5265191    -0.0355612     0.0815638     0.0740053
  7.5565543    -0.0327627     0.0846014     0.0750032
  7.5865896    -0.0286675     0.0903681     0.0790357
  7.6166248    -0.0251886     0.0961842     0.0832781
  7.6466600    -0.0245987     0.0988143     0.0845243
  7.6766952    -0.0288487     0.0959408     0.0805544
  7.7067304    -0.0388351     0.0872749     0.0711189
  7.7367656    -0.0538871     0.0748207     0.0581218
  7.7668008    -0.0717069     0.0621698     0.0449146
  7.7968360    -0.0888528     0.0531196     0.0349863
  7.8268712    -0.1016636     0.0501962     0.0305878
  7.8569064    -0.1073447     0.0536989     0.0318667
  7.8869416    -0.1048560     0.0616597     0.0368693
  7.9169768    -0.0952820     0.0707132     0.0424077
  7.9470120    -0.0815326     0.0774934     0.0454205
  7.9770472    -0.0674475     0.0799536     0.0442499
  8.0070824    -0.0565888     0.0780586     0.0392945
  8.0371176    -0.0511174     0.0735810     0.0327656
  8.0671528    -0.0511295     0.0691294     0.0276621
  8.0971880    -0.0546703     0.0668682     0.0264109
  8.1272232    -0.0584182     0.0675100     0.0297668
  8.1572584    -0.0588037     0.0700286     0.0364476
  8.1872936    -0.0531895     0.0722081     0.0436650
  8.2173288    -0.0407271     0.0717662     0.0483206
  8.2473640    -0.0226213     0.0675333     0.0483483
  8.2773992    -0.0017365     0.0601421     0.0436200
  8.3074344     0.0183036     0.0519025     0.0360183
  8.3374696     0.0342191     0.0458996     0.0286425
  8.3675048     0.0440240     0.0446985     0.0244881
  8.3975400     0.0475355     0.0492173     0.0251722
  8.4275752     0.0463094     0.0582617     0.0302577
  8.4576104     0.0430510     0.0689294     0.0374721
  8.4876456     0.0407139     0.0777151     0.0437309
  8.5176808     0.0415735     0.0818499     0.0465208
  8.5477160     0.0465594     0.0803116     0.0450406
  8.5777512     0.0550296     0.0740911     0.0405949
  8.6077864     0.0650337     0.0656285     0.0360528
  8.6378216     0.0739632     0.0576892     0.0345886
  8.6678568     0.0793817     0.0521854     0.0382352
  8.6978920     0.0797845     0.0494552     0.0468713
  8.7279272     0.0750685     0.0482959     0.0580917
  8.7579624     0.0665801     0.0467016     0.0680442
  8.7879976     0.0567354     0.0429425     0.0729114
  8.8180328     0.0483248     0.0364743     0.0704399
  8.8480680     0.0437056     0.0282514     0.0608929
  8.8781032     0.0441157     0.0202966     0.0470293
  8.9081384     0.0493052     0.0147223     0.0331083
  8.9381736     0.0575954     0.0126586     0.0233082
  8.9682088     0.0663467     0.0135898     0.0201809
  8.9982440     0.0726998     0.0154300     0.0237448
  9.0282792     0.0743720     0.0153352     0.0315524
  9.0583144     0.0702732     0.0109174     0.0396808
  9.0883496     0.0607622     0.0013325     0.0442337
  9.1183848     0.0474746    -0.0122449     0.0427560
  9.1484200     0.0327869    -0.0269924     0.0350287
  9.1784552     0.0190925    -0.0395275     0.0229745
  9.2084904     0.0081239    -0.0472676     0.0097722
  9.2385256     0.0005298    -0.0494943    -0.0014208
  9.2685608    -0.0041726    -0.0476687    -0.0086142
  9.2985960    -0.0072779    -0.0448566    -0.0115630
  9.3286312    -0.0103368    -0.0444938    -0.0116072
  9.3586664    -0.0145685    -0.0489987    -0.0109091
  9.3887016    -0.0204444    -0.0588021    -0.0114578
  9.4187368    -0.0275770    -0.0721842    -0.0142688
  9.4487720    -0.0349313    -0.0859739    -0.0190909
  9.4788072    -0.0412609    -0.0968053    -0.0246853
  9.5088424    -0.0455959    -0.1024089    -0.0295022
  9.5388776    -0.0475994    -0.1024101    -0.0324210
  9.5689128    -0.0476709    -0.0983349    -0.0332275
  9.5989480    -0.0467696    -0.0928570    -0.0326421
  9.6289832    -0.0460390    -0.0886351    -0.0319280
  9.6590184    -0.0463805    -0.0872462    -0.0322870
  9.6890536    -0.0481357    -0.0886493    -0.0343307
  9.7190888    -0.0509875    -0.0913742    -0.0378560
  9.7491240    -0.0541078    -0.0933055    -0.0419997
  9.7791592    -0.0564849    -0.0926865    -0.0456705
  9.8091944    -0.0573073    -0.0888929    -0.0480385
  9.8392296    -0.0562617    -0.0826499    -0.0488522
  9.8692648    -0.0536443    -0.0756278    -0.0484515
  9.8993000    -0.0502512    -0.0696317    -0.0474937
  9.9293352    -0.0470913    -0.0657712    -0.0465482
  9.9593704    -0.0450226    -0.0639872    -0.0457654
  9.9894056    -0.0444351    -0.0631402    -0.0447861
 10.0194408    -0.0450828    -0.0615953    -0.0429310
 10.0494760    -0.0461194    -0.0580194    -0.0395768
 10.0795112    -0.0463294    -0.0520127    -0.0345342
 10.1095464    -0.0444868    -0.0442834    -0.0282451
 10.1395816    -0.0397368    -0.0362929    -0.0216996
 10.1696168    -0.0318895    -0.0295458    -0.0161041
 10.1996520    -0.0215331    -0.0248637    -0.0124433
 10.2296872    -0.0099246    -0.0219887    -0.0111229
 10.2597224     0.0013239    -0.0197060    -0.0118400
 10.2897576     0.0106843    -0.0164352    -0.0137217
 10.3197928     0.0171516    -0.0110155    -0.0156567
 10.3498280     0.0205486    -0.0033200    -0.0166687
 10.3798632     0.0215857     0.0056001    -0.0161790
 10.4098984     0.0216359     0.0139215    -0.0140729
 10.4399336     0.0222723     0.0198404    -0.0105846
 10.4699688     0.0247038     0.0223968    -0.0061002
 10.5000040     0.0292970     0.0219566    -0.0009999
 10.5300392     0.0353635     0.0201212     0.0043794
 10.5600744     0.0413206     0.0190805     0.0096650
 10.5901096     0.0452072     0.0206814     0.0143380
 10.6201448     0.0454060     0.0256116     0.0177030
 10.6501800     0.0413262     0.0330632     0.0190180
 10.6802152     0.0337882     0.0410365     0.0177695
 10.7102504     0.0249308     0.0471697     0.0139846
 10.7402856     0.0176240     0.0497495     0.0084203
 10.7703208     0.0145485     0.0484738     0.0024949
 10.8003560     0.0172465     0.0446350    -0.0020705
 10.8303912     0.0254847     0.0406351    -0.0038021
 10.8604264     0.0371847     0.0390274    -0.0020099
 10.8904616     0.0489878     0.0414769     0.0029133
 10.9204968     0.0572914     0.0480720     0.0095792
 10.9505320     0.0594173     0.0572689     0.0160723
 10.9805672     0.0545033     0.0664921     0.0206341
 11.0106024     0.0437995     0.0731404     0.0222958
 11.0406376     0.0302544     0.0755868     0.0212042
 11.0706728     0.0175326     0.0737708     0.0185046
 11.1007080     0.0088138     0.0691570     0.0158288
 11.1307432     0.0058013     0.0640993     0.0146059
 11.1607784     0.0082851     0.0608885     0.0154882
 11.1908136     0.0143942     0.0608807     0.0181397
 11.2208488     0.0214084     0.0640503     0.0214708
 11.2508840     0.0267954     0.0691232     0.0242100
 11.2809192     0.0290634     0.0741998     0.0255469
 11.3109544     0.0281136     0.0775811     0.0255472
 11.3409896     0.0249892     0.0784454     0.0251397
 11.3710248     0.0211727     0.0771092     0.0256670
 11.4010600     0.0177627     0.0747935     0.0281973
 11.4310952     0.0149042     0.0730304     0.0329111
 11.4611304     0.0117247     0.0729857     0.0388600
 11.4911656     0.0068021     0.0749866     0.0442372
 11.5212008    -0.0010481     0.0784369     0.0470753
 11.5512360    -0.0120266     0.0821230     0.0460841
 11.5812712    -0.0249945     0.0847477     0.0412664
 11.6113064    -0.0376972     0.0854474     0.0340237
 11.6413416    -0.0475077     0.0840756     0.0266763
 11.6713768    -0.0523975     0.0811593     0.0215727
 11.7014120    -0.0517379     0.0775844     0.0201507
 11.7314472    -0.0465870     0.0741792     0.0223476
 11.7614824    -0.0393279     0.0713929     0.0266219
 11.7915176    -0.0327887     0.0691981     0.0305948
 11.8215528    -0.0291955     0.0672304     0.0320550
 11.8515880    -0.0293819     0.0650621     0.0299080
 11.8816232    -0.0325765     0.0624560     0.0246634
 11.9116584    -0.0368509     0.0594703     0.0182410
 11.9416936    -0.0400336     0.0563737     0.0131656
 11.9717288    -0.0406997     0.0534351     0.0114785
 12.0017640    -0.0388148     0.0507164     0.0138274
 12.0317992    -0.0357544     0.0479906     0.0191255
 12.0618344    -0.0336882     0.0448399     0.0249431
 12.0918696    -0.0345872     0.0408846     0.0284809
 12.1219048    -0.0392760     0.0360221     0.0277305
 12.1519400    -0.0469373     0.0305405     0.0223391
 12.1819752    -0.0552907     0.0250320     0.0138090
 12.2120104    -0.0613822     0.0201324     0.0049389
 12.2420456    -0.0626714     0.0162103    -0.0012776
 12.2720808    -0.0579722     0.0131634    -0.0028499
 12.3021160    -0.0478720     0.0104377     0.0004019
 12.3321512    -0.0344672     0.0072816     0.0067578
 12.3621864    -0.0205398     0.0031245     0.0132623
 12.3922216    -0.0085261    -0.0020994     0.0168708
 12.4222568     0.0002992    -0.0078521     0.0156147
 12.4522920     0.0061031    -0.0131889     0.0093214
 12.4823272     0.0101608    -0.0171827    -0.0003832
 12.5123624     0.0140934    -0.0193867    -0.0107660
 12.5423976     0.0190421    -0.0201133    -0.0190699
 12.5724328     0.0251526    -0.0203724    -0.0235388
 12.6024680     0.0315909    -0.0214668    -0.0239799
 12.6325032     0.0370609    -0.0244025    -0.0216673
 12.6625384     0.0405575    -0.0293774    -0.0186713
 12.6925736     0.0419830    -0.0355974    -0.0169317
 12.7226088     0.0423144    -0.0415390    -0.0174788
 12.7526440     0.0432194    -0.0455801    -0.0201192
 12.7826792     0.0462790    -0.0467436    -0.0236837
 12.8127144     0.0521699    -0.0452243    -0.0266852
 12.8427496     0.0601943    -0.0424409    -0.0280620
 12.8727848     0.0684052    -0.0405440    -0.0276653
 12.9028200     0.0743138    -0.0415504    -0.0262795
 12.9328552     0.0758985    -0.0464479    -0.0251895
 12.9628904     0.0724866    -0.0546568    -0.0255159
 12.9929256     0.0651117    -0.0641004    -0.0276413
 13.0229608     0.0561654    -0.0718973    -0.0310018
 13.0529960     0.0484606    -0.0754216    -0.0343420
 13.0830312     0.0440860    -0.0733133    -0.0363139
 13.1130664     0.0435325    -0.0660263    -0.0361385
 13.1431016     0.0454696    -0.0556800    -0.0340166
 13.1731368     0.0472808    -0.0452650    -0.0310885
 13.2031720     0.0461461    -0.0375222    -0.0289504
 13.2332072     0.0402214    -0.0339489    -0.0289374
 13.2632424     0.0294215    -0.0343361    -0.0314964
 13.2932776     0.0154782    -0.0370139    -0.0359360
 13.3233128     0.0012532    -0.0396826    -0.0406753
 13.3533480    -0.0103946    -0.0404586    -0.0438917
 13.3833832    -0.0177010    -0.0386765    -0.0442866
 13.4134184    -0.0205839    -0.0351027    -0.0416336
 13.4434536    -0.0204900    -0.0314763    -0.0368685
 13.4734888    -0.0195931    -0.0295964    -0.0316801
 13.5035240    -0.0197283    -0.0303800    -0.0277843
 13.5335593    -0.0215565    -0.0333295    -0.0262038
 13.5635945    -0.0243487    -0.0366688    -0.0268685
 13.5936297    -0.0264889    -0.0381074    -0.0287102
 13.6236649    -0.0264559    -0.0358997    -0.0302008
 13.6537001    -0.0238090    -0.0297213    -0.0300818
 13.6837353    -0.0196826    -0.0209514    -0.0279512
 13.7137705    -0.0165060    -0.0122007    -0.0244375
 13.7438057    -0.0170186    -0.0062606    -0.0208831
 13.7738409    -0.0229909    -0.0049172    -0.0186845
 13.8038761    -0.0342315    -0.0081490    -0.0185995
 13.8339113    -0.0483719    -0.0140821    -0.0203487
 13.8639465    -0.0616028    -0.0197503    -0.0227083
 13.8939817    -0.0701153    -0.0223571    -0.0240629
 13.9240169    -0.0716666    -0.0205025    -0.0231718
 13.9540521    -0.0665936    -0.0148346    -0.0197917
 13.9840873    -0.0577952    -0.0078203    -0.0148558
 14.0141225    -0.0496247    -0.0027072    -0.0101041
 14.0441577    -0.0461076    -0.0021047    -0.0073118
 14.0741929    -0.0492118    -0.0067941    -0.0074563
 14.1042281    -0.0579162    -0.0152975    -0.0102072
 14.1342633    -0.0685151    -0.0244163    -0.0139919
 14.1642985    -0.0760846    -0.0305367    -0.0166347
 14.1943337    -0.0765367    -0.0311526    -0.0163070
 14.2243689    -0.0684059    -0.0259486    -0.0123649
 14.2544041    -0.0535952    -0.0169559    -0.0056899
 14.2844393    -0.0367194    -0.0076887     0.0016509
 14.3144745    -0.0232716    -0.0016111     0.0072989
 14.3445097    -0.0173486    -0.0005930     0.0096731
 14.3745449    -0.0198879    -0.0040374     0.0087316
 14.4045801    -0.0281830    -0.0090882     0.0060624
 14.4346153    -0.0369248    -0.0118620     0.0042241
 14.4646505    -0.0403724    -0.0091927     0.0056015
 14.4946857    -0.0347607    -0.0001246     0.0112753
 14.5247209    -0.0199229     0.0135283     0.0204310
 14.5547561     0.0005871     0.0278573     0.0306194
 14.5847913     0.0209650     0.0385298     0.0388084
 14.6148265     0.0356259     0.0427620     0.0428010
 14.6448617     0.0416274     0.0407211     0.0423900
 14.6748969     0.0399857     0.0356861     0.0396883
 14.7049321     0.0352714     0.0328035     0.0384035
 14.7349673     0.0336037     0.0368907     0.0422818
 14.7650025     0.0398746     0.0501912     0.0533478
 14.7950377     0.0554213     0.0710861     0.0707193
 14.8250729     0.0772304     0.0944225     0.0906027
 14.8551081     0.0991414     0.1134757     0.1076144
 14.8851433     0.1146554     0.1228485     0.1170035
 14.9151785     0.1202019     0.1211418     0.1169131
 14.9452137     0.1174091     0.1122123     0.1096943
 14.9752489     0.1132215     0.1043041     0.1015790
 15.0052841     0.1175284     0.1071541     0.1006181
 15.0353193     0.1390040     0.1280043     0.1134995
 15.0653545     0.1806907     0.1679864     0.1423804
 15.0953897     0.2371354     0.2203396     0.1829895
 15.1254249     0.2944497     0.2713456     0.2248884
 15.1554601     0.3336442     0.3039170     0.2540472
 15.1854953     0.3363527     0.3027871     0.2570346
 15.2155305     0.2910790     0.2596022     0.2254791
 15.2455657     0.1977694     0.1761625     0.1592672
 15.2756009     0.0689878     0.0646290     0.0673093

PDF 1 in G'(r) format
  r, PDF (RMC), PDF (Expt)
 CURVES
         348 ,           2
      0.0654509        1.3427179        0.0000000
      0.1309019        3.8560775        0.0000000
      0.1963528        5.4721057        0.0000000
      0.2618037        4.1286195        0.0000000
      0.3272547        1.4396095        0.0000000
      0.3927056        1.1111743        0.0000000
      0.4581565        0.3633514        0.0000000
      0.5236075        0.6700970        0.0000000
      0.5890584        0.5795120        0.0000000
      0.6545093        0.2944685        0.0000000
      0.7199603        0.2042262        0.0000000
      0.7854112        0.1110519        0.0000000
      0.8508621        0.1484922        0.0000000
      0.9163131        0.1261116        0.0000000
      0.9817640        0.1874138        0.0000000
      1.0472149        0.1420056        0.0000000
      1.1126659        0.0855407        0.0000000
      1.1781168        2.7404047        0.0000000
      1.2435677        1.0064669        0.1336642
      1.3090187        1.0874400        0.4087493
      1.3744696        2.0972437        0.7543131
      1.4399206        2.8019892        1.1485415
      1.5053715        2.5759160        1.5505350
      1.5708224        2.0286651        1.9059448
      1.6362734        2.1407699        2.1587834
      1.7017243        3.1175551        2.2659462
      1.7671752        4.1895827        2.2093322
      1.8326262        3.7801272        2.0010507
      1.8980771        1.6855440        1.6798473
      1.9635280        0.3852180        1.3003390
      2.0289790        0.1037055        0.9192625
      2.0944299        0.0514374        0.5835708
      2.1598808        0.0654395        0.3237554
      2.2253318        0.2025919        0.1531507
      2.2907827        0.2711038        0.0715582
      2.3562336        0.3896324        0.0703735
      2.4216846        0.0497717        0.1367765
      2.4871355        0.0506080        0.2559231
      2.5525864        0.1688239        0.4115305
      2.6180374        0.5968925        0.5860281
      2.6834883        1.1767298        0.7613177
      2.7489392        1.1912672        0.9204588
      2.8143902        0.8399596        1.0498161
      2.8798411        0.7239331        1.1408396
      2.9452920        1.0050991        1.1907984
      3.0107430        1.5717662        1.2022868
      3.0761939        1.9305080        1.1818121
      3.1416448        1.4658427        1.1380301
      3.2070958        0.8220192        1.0801428
      3.2725467        0.5278878        1.0167345
      3.3379976        0.5225227        0.9550757
      3.4034486        0.8042355        0.9007813
      3.4688995        1.0485415        0.8576976
      3.5343504        0.8664491        0.8279539
      3.5998014        0.5546022        0.8121644
      3.6652523        0.3253584        0.8097733
      3.7307032        0.3485495        0.8194883
      3.7961542        0.5442717        0.8397032
      3.8616051        0.9203298        0.8687856
      3.9270560        1.0418586        0.9051459
      3.9925070        0.8577199        0.9470814
      4.0579579        0.6312577        0.9924918
      4.1234088        0.6147694        1.0386326
      4.1888598        0.9204259        1.0820893
      4.2543107        1.4014374        1.1190817
      4.3197617        1.6588996        1.1460852
      4.3852126        1.5142233        1.1606051
      4.4506635        1.1231748        1.1618539
      4.5161145        0.9072331        1.1510787
      4.5815654        0.9799706        1.1313973
      4.6470163        1.2061516        1.1071647
      4.7124673        1.3195359        1.0830542
      4.7779182        1.1666906        1.0631198
      4.8433691        0.8931303        1.0500902
      4.9088201        0.7123814        1.0450422
      4.9742710        0.7698672        1.0474679
      5.0397219        1.0202640        1.0556379
      5.1051729        1.3349453        1.0671130
      5.1706238        1.3495663        1.0792657
      5.2360747        1.1224120        1.0897134
      5.3015257        0.9216460        1.0966243
      5.3669766        0.9123587        1.0988858
      5.4324275        1.0877702        1.0961514
      5.4978785        1.3437906        1.0887822
      5.5633294        1.3434537        1.0777025
      5.6287803        1.1440169        1.0641974
      5.6942313        0.9096694        1.0496821
      5.7596822        0.8011222        1.0354810
      5.8251331        0.8915113        1.0226525
      5.8905841        1.0808007        1.0118836
      5.9560350        1.1590841        1.0034631
      6.0214859        1.0634069        0.9973273
      6.0869369        0.8757068        0.9931542
      6.1523878        0.7798416        0.9904812
      6.2178387        0.8235925        0.9888186
      6.2832897        0.9800938        0.9877401
      6.3487406        1.1066285        0.9869391
      6.4141915        1.0901162        0.9862467
      6.4796425        0.9176992        0.9856162
      6.5450934        0.7968199        0.9850831
      6.6105443        0.8160072        0.9847145
      6.6759953        0.9266588        0.9845639
      6.7414462        1.0791832        0.9846464
      6.8068971        1.1076625        0.9849370
      6.8723481        0.9768824        0.9853913
      6.9377990        0.8425765        0.9859733
      7.0032500        0.8198940        0.9866786
      7.0687009        0.9105629        0.9875407
      7.1341518        1.0339244        0.9886210
      7.1996028        1.1153894        0.9899864
      7.2650537        1.0071750        0.9916841
      7.3305046        0.8887664        0.9937189
      7.3959556        0.8375317        0.9960403
      7.4614065        0.8959824        0.9985393
      7.5268574        1.0229132        1.0010578
      7.5923084        1.1132569        1.0034105
      7.6577593        1.0759210        1.0054168
      7.7232102        0.9573754        1.0069347
      7.7886612        0.8802742        1.0078879
      7.8541121        0.9143620        1.0082768
      7.9195630        1.0237429        1.0081716
      7.9850140        1.1149272        1.0076919
      8.0504649        1.1016389        1.0069810
      8.1159158        0.9847750        1.0061833
      8.1813668        0.8961161        1.0054282
      8.2468177        0.9049150        1.0048201
      8.3122686        0.9798943        1.0044299
      8.3777196        1.0835412        1.0042903
      8.4431705        1.1060625        1.0043946
      8.5086214        1.0320910        1.0047020
      8.5740724        0.9308891        1.0051498
      8.6395233        0.9168386        1.0056686
      8.7049742        0.9624450        1.0061946
      8.7704252        1.0694650        1.0066765
      8.8358761        1.1227910        1.0070750
      8.9013270        1.0547820        1.0073594
      8.9667780        0.9707448        1.0075046
      9.0322289        0.9195485        1.0074908
      9.0976798        0.9533087        1.0073061
      9.1631308        1.0646432        1.0069488
      9.2285817        1.1126914        1.0064289
      9.2940326        1.0679633        1.0057682
      9.3594836        0.9906854        1.0049992
      9.4249345        0.9351505        1.0041619
      9.4903854        0.9441366        1.0033015
      9.5558364        1.0104506        1.0024632
      9.6212873        1.0817139        1.0016885
      9.6867382        1.0719622        1.0010121
      9.7521892        1.0228079        1.0004599
      9.8176401        0.9299098        1.0000490
      9.8830911        0.9375339        0.9997854
      9.9485420        0.9697097        0.9996616
     10.0139929        1.0646341        0.9996523
     10.0794439        1.0932076        0.9997136
     10.1448948        1.0404509        0.9997863
     10.2103457        0.9456157        0.9998056
     10.2757967        0.9404922        0.9997154
     10.3412476        0.9763266        0.9994805
     10.4066985        1.0340959        0.9990951
     10.4721495        1.0769210        0.9985839
     10.5376004        1.0403364        0.9979966
     10.6030513        0.9823498        0.9973973
     10.6685023        0.9202720        0.9968523
     10.7339532        0.9402869        0.9964170
     10.7994041        0.9911963        0.9961255
     10.8648551        1.0471323        0.9959858
     10.9303060        1.0554978        0.9959797
     10.9957569        0.9873249        0.9960714
     11.0612079        0.9409632        0.9962183
     11.1266588        0.9393483        0.9963827
     11.1921097        0.9817715        0.9965386
     11.2575607        1.0496815        0.9966740
     11.3230116        1.0487025        0.9967877
     11.3884625        1.0106692        0.9968859
     11.4539135        0.9569330        0.9969775
     11.5193644        0.9278502        0.9970714
     11.5848153        0.9816065        0.9971733
     11.6502663        1.0344943        0.9972828
     11.7157172        1.0664194        0.9973918
     11.7811681        1.0341768        0.9974858
     11.8466191        0.9696346        0.9975487
     11.9120700        0.9552049        0.9975699
     11.9775209        0.9610242        0.9975487
     12.0429719        1.0278102        0.9974962
     12.1084228        1.0581049        0.9974306
     12.1738737        1.0482431        0.9973706
     12.2393247        0.9767011        0.9973294
     12.3047756        0.9555323        0.9973116
     12.3702265        0.9594120        0.9973140
     12.4356775        0.9993953        0.9973288
     12.5011284        1.0643192        0.9973466
     12.5665794        1.0499403        0.9973586
     12.6320303        1.0041884        0.9973585
     12.6974812        0.9720842        0.9973439
     12.7629322        0.9628233        0.9973167
     12.8283831        0.9907503        0.9972826
     12.8938340        1.0410771        0.9972497
     12.9592850        1.0595010        0.9972247
     13.0247359        1.0235555        0.9972114
     13.0901868        0.9663014        0.9972099
     13.1556378        0.9576280        0.9972187
     13.2210887        0.9942385        0.9972367
     13.2865396        1.0379683        0.9972651
     13.3519906        1.0536280        0.9973063
     13.4174415        1.0405775        0.9973628
     13.4828924        0.9866289        0.9974340
     13.5483434        0.9488074        0.9975154
     13.6137943        0.9585919        0.9975994
     13.6792452        1.0269799        0.9976772
     13.7446962        1.0498907        0.9977406
     13.8101471        1.0223994        0.9977842
     13.8755980        1.0040394        0.9978068
     13.9410490        0.9638718        0.9978108
     14.0064999        0.9683848        0.9978019
     14.0719508        0.9904189        0.9977874
     14.1374018        1.0352674        0.9977742
     14.2028527        1.0508189        0.9977680
     14.2683036        1.0194090        0.9977727
     14.3337546        0.9686397        0.9977911
     14.3992055        0.9729993        0.9978259
     14.4646564        0.9863431        0.9978789
     14.5301074        1.0285816        0.9979501
     14.5955583        1.0400805        0.9980367
     14.6610092        1.0201511        0.9981329
     14.7264602        0.9752915        0.9982319
     14.7919111        0.9674099        0.9983290
     14.8573620        0.9856797        0.9984234
     14.9228130        1.0188731        0.9985184
     14.9882639        1.0368270        0.9986181
     15.0537148        1.0274080        0.9987249
     15.1191658        0.9888922        0.9988371
     15.1846167        0.9559290        0.9989493
     15.2500676        0.9700396        0.9990550
     15.3155186        1.0129255        0.9991490
     15.3809695        1.0323316        0.9992285
     15.4464205        1.0249455        0.9992931
     15.5118714        0.9980340        0.9993435
     15.5773223        0.9753729        0.9993811
     15.6427733        0.9689997        0.9994083
     15.7082242        1.0016328        0.9994293
     15.7736751        1.0310792        0.9994500
     15.8391261        1.0314397        0.9994768
     15.9045770        1.0098793        0.9995151
     15.9700279        0.9873342        0.9995674
     16.0354789        0.9623497        0.9996329
     16.1009298        0.9839274        0.9997081
     16.1663807        1.0192604        0.9997877
     16.2318317        1.0383517        0.9998655
     16.2972826        1.0227467        0.9999355
     16.3627335        0.9788479        0.9999930
     16.4281845        0.9601237        1.0000353
     16.4936354        0.9731483        1.0000631
     16.5590863        1.0085133        1.0000796
     16.6245373        1.0375373        1.0000905
     16.6899882        1.0254012        1.0001019
     16.7554391        0.9974813        1.0001189
     16.8208901        0.9775012        1.0001452
     16.8863410        0.9744006        1.0001820
     16.9517919        0.9942401        1.0002287
     17.0172429        1.0277526        1.0002820
     17.0826938        1.0219900        1.0003367
     17.1481447        1.0025788        1.0003859
     17.2135957        0.9851312        1.0004233
     17.2790466        0.9709946        1.0004447
     17.3444975        0.9925310        1.0004502
     17.4099485        1.0145837        1.0004434
     17.4753994        1.0254566        1.0004308
     17.5408503        1.0177779        1.0004192
     17.6063013        0.9848276        1.0004144
     17.6717522        0.9706098        1.0004212
     17.7372031        0.9873649        1.0004431
     17.8026541        1.0165943        1.0004828
     17.8681050        1.0274113        1.0005415
     17.9335559        1.0196961        1.0006177
     17.9990069        0.9935575        1.0007069
     18.0644578        0.9734132        1.0008023
     18.1299088        0.9796750        1.0008963
     18.1953597        1.0078458        1.0009823
     18.2608106        1.0226347        1.0010555
     18.3262616        1.0160039        1.0011133
     18.3917125        0.9960045        1.0011547
     18.4571634        0.9751558        1.0011794
     18.5226144        0.9717301        1.0011887
     18.5880653        0.9882476        1.0011851
     18.6535162        1.0128512        1.0011723
     18.7189672        1.0211640        1.0011550
     18.7844181        1.0049152        1.0011369
     18.8498690        0.9864758        1.0011213
     18.9153200        0.9756407        1.0011100
     18.9807709        0.9941896        1.0011048
     19.0462218        1.0214874        1.0011074
     19.1116728        1.0226880        1.0011186
     19.1771237        1.0087177        1.0011381
     19.2425746        0.9924424        1.0011632
     19.3080256        0.9706466        1.0011898
     19.3734765        0.9794345        1.0012133
     19.4389274        1.0050831        1.0012306
     19.5043784        1.0162509        1.0012404
     19.5698293        1.0181230        1.0012437
     19.6352802        0.9914157        1.0012419
     19.7007312        0.9811447        1.0012363
     19.7661821        0.9719308        1.0012277
     19.8316330        1.0023626        1.0012165
     19.8970840        1.0126140        1.0012036
     19.9625349        1.0219820        1.0011905
     20.0279858        0.9959663        1.0011788
     20.0934368        0.9791129        1.0011696
     20.1588877        0.9772852        1.0011631
     20.2243386        0.9945691        1.0011586
     20.2897896        1.0138057        1.0011542
     20.3552405        1.0181519        1.0011478
     20.4206914        1.0095184        1.0011372
     20.4861424        0.9782024        1.0011206
     20.5515933        0.9774907        1.0010978
     20.6170442        0.9887297        1.0010696
     20.6824952        1.0127522        1.0010387
     20.7479461        1.0255567        1.0010081
     20.8133970        1.0087691        1.0009806
     20.8788480        0.9915990        1.0009571
     20.9442989        0.9826428        1.0009368
     21.0097499        0.9797808        1.0009174
     21.0752008        1.0018239        1.0008970
     21.1406517        1.0137275        1.0008743
     21.2061027        1.0075675        1.0008495
     21.2715536        0.9930826        1.0008238
     21.3370045        0.9747675        1.0007988
     21.4024555        0.9807608        1.0007757
     21.4679064        0.9957776        1.0007557
     21.5333573        1.0171163        1.0007395
     21.5988083        1.0200219        1.0007271
     21.6642592        0.9994284        1.0007182
     21.7297101        0.9904910        1.0007114
     21.7951611        0.9765926        1.0007048
     21.8606120        0.9959689        1.0006960
     21.9260629        1.0099097        1.0006828
     21.9915139        1.0204543        1.0006633
     22.0569648        1.0049684        1.0006368
     22.1224157        0.9938857        1.0006032
     22.1878667        0.9821757        1.0005635
     22.2533176        0.9917089        1.0005196
     22.3187685        1.0061907        1.0004742
     22.3842195        1.0194758        1.0004298
     22.4496704        1.0112312        1.0003886
     22.5151213        0.9880588        1.0003512
     22.5805723        0.9786591        1.0003174
     22.6460232        0.9855545        1.0002861
     22.7114741        0.9913484        1.0002565
     22.7769251        0.9885326        1.0002279

 Total S(Q)'s: Comparison with input data

   494  2 are NQ and NPAR

       Q      S(Q)_RMC  S(Q)_Expt
      0.4682470      0.9623293      0.2271120
      0.4982822      1.2217653      0.2271106
      0.5283174      1.3555175      0.1999420
      0.5583526      1.3702919      0.2298477
      0.5883878      1.3052604      0.2305229
      0.6184230      1.2127850      0.2565282
      0.6484582      1.1383982      0.2474925
      0.6784934      1.1070874      0.2646457
      0.7085286      1.1196097      0.2636886
      0.7385638      1.1583589      0.3029387
      0.7685990      1.1988720      0.2805120
      0.7986342      1.2215912      0.3165444
      0.8286694      1.2192740      0.3244117
      0.8587046      1.1978920      0.3527661
      0.8887398      1.1717864      0.3403984
      0.9187750      1.1560536      0.3830725
      0.9488102      1.1598225      0.3897791
      0.9788454      1.1831825      0.4379873
      1.0088806      1.2185893      0.4125052
      1.0389158      1.2555486      0.4651582
      1.0689510      1.2861110      0.4877043
      1.0989862      1.3086446      0.5442605
      1.1290214      1.3283907      0.5444532
      1.1590566      1.3548693      0.6122928
      1.1890918      1.3975706      0.6520703
      1.2191270      1.4619644      0.7344390
      1.2491622      1.5474985      0.7458428
      1.2791974      1.6482044      0.8219906
      1.3092326      1.7553036      0.8956982
      1.3392678      1.8603873      0.9992039
      1.3693030      1.9576527      1.0198287
      1.3993382      2.0442991      1.1369383
      1.4293734      2.1191770      1.1987705
      1.4594086      2.1806501      1.2757277
      1.4894438      2.2249757      1.2613224
      1.5194790      2.2461968      1.3187779
      1.5495142      2.2377477      1.3195413
      1.5795494      2.1950892      1.3330965
      1.6095846      2.1181435      1.2907113
      1.6396198      2.0123357      1.2758884
      1.6696551      1.8876465      1.2346597
      1.6996903      1.7559634      1.2025490
      1.7297255      1.6277723      1.1281665
      1.7597607      1.5095198      1.1096771
      1.7897959      1.4026754      1.0771284
      1.8198311      1.3047773      1.0551994
      1.8498663      1.2118877      0.9751018
      1.8799015      1.1213092      0.9381422
      1.9099367      1.0333538      0.9071732
      1.9399719      0.9514343      0.8997299
      1.9700071      0.8805307      0.8358655
      2.0000423      0.8248119      0.8316845
      2.0300775      0.7855542      0.8136838
      2.0601127      0.7603255      0.8046218
      2.0901479      0.7438109      0.7624509
      2.1201831      0.7299001      0.7732897
      2.1502183      0.7140971      0.7633512
      2.1802535      0.6951872      0.7720520
      2.2102887      0.6754474      0.7309090
      2.2403239      0.6593544      0.7466612
      2.2703591      0.6514079      0.7533610
      2.3003943      0.6540612      0.7680510
      2.3304295      0.6666642      0.7382436
      2.3604647      0.6858390      0.7595078
      2.3904999      0.7070440      0.7638416
      2.4205351      0.7265527      0.7806353
      2.4505703      0.7429091      0.7502910
      2.4806055      0.7571974      0.7822772
      2.5106407      0.7720318      0.8038701
      2.5406759      0.7897826      0.8176890
      2.5707111      0.8109083      0.8044652
      2.6007463      0.8332173      0.8377921
      2.6307815      0.8524434      0.8400853
      2.6608167      0.8639075      0.8520570
      2.6908519      0.8645212      0.8252383
      2.7208871      0.8542140      0.8355018
      2.7509223      0.8361132      0.8317003
      2.7809575      0.8153569      0.8250412
      2.8109927      0.7970405      0.7952607
      2.8410279      0.7841890      0.8046475
      2.8710631      0.7766464      0.8046591
      2.9010983      0.7713702      0.7881810
      2.9311335      0.7639980      0.7580689
      2.9611687      0.7509855      0.7614488
      2.9912039      0.7313652      0.7674275
      3.0212391      0.7073401      0.7546413
      3.0512743      0.6834488      0.7336678
      3.0813095      0.6646700      0.7372516
      3.1113447      0.6543055      0.7444021
      3.1413799      0.6525783      0.7215999
      3.1714151      0.6565620      0.7253841
      3.2014503      0.6614689      0.7364089
      3.2314855      0.6627253      0.7460286
      3.2615207      0.6579206      0.7300181
      3.2915559      0.6477809      0.7334640
      3.3215911      0.6357589      0.7397794
      3.3516263      0.6264471      0.7598267
      3.3816615      0.6235378      0.7430905
      3.4116967      0.6282446      0.7514350
      3.4417319      0.6388777      0.7651283
      3.4717671      0.6517378      0.7832348
      3.5018023      0.6628973      0.7695356
      3.5318375      0.6700429      0.7850247
      3.5618727      0.6735329      0.7992730
      3.5919079      0.6761885      0.8295553
      3.6219431      0.6819243      0.8160021
      3.6519783      0.6938537      0.8348138
      3.6820135      0.7127581      0.8515543
      3.7120487      0.7366413      0.8908179
      3.7420839      0.7616052      0.8619162
      3.7721191      0.7836666      0.9157841
      3.8021543      0.8006948      0.9146423
      3.8321895      0.8135648      0.9630835
      3.8622247      0.8259567      0.9320670
      3.8922599      0.8428290      0.9858803
      3.9222951      0.8682026      1.0032217
      3.9523303      0.9032274      1.0498876
      3.9823655      0.9454220      1.0317469
      4.0124007      0.9894844      1.0860654
      4.0424359      1.0293990      1.1159377
      4.0724711      1.0609788      1.1497825
      4.1025063      1.0837619      1.1360799
      4.1325415      1.1014193      1.1903178
      4.1625767      1.1204358      1.2179571
      4.1926119      1.1475560      1.2339687
      4.2226471      1.1870147      1.2467250
      4.2526823      1.2386855      1.3043125
      4.2827175      1.2979200      1.3606306
      4.3127527      1.3571616      1.3820155
      4.3427879      1.4086930      1.3998934
      4.3728231      1.4474155      1.4327633
      4.4028583      1.4725530      1.4627508
      4.4328935      1.4876219      1.4678083
      4.4629287      1.4987273      1.4864653
      4.4929639      1.5119222      1.5020508
      4.5229991      1.5307301      1.5377427
      4.5530343      1.5548328      1.5003461
      4.5830695      1.5804138      1.5257260
      4.6131047      1.6019495      1.5325652
      4.6431399      1.6146443      1.5687459
      4.6731751      1.6164657      1.5174391
      4.7032103      1.6089366      1.5466481
      4.7332455      1.5963886      1.5376183
      4.7632807      1.5840347      1.5691261
      4.7933159      1.5757059      1.5021966
      4.8233511      1.5722105      1.5165270
      4.8533863      1.5709857      1.5241521
      4.8834215      1.5671539      1.5238322
      4.9134567      1.5555065      1.4525735
      4.9434919      1.5325764      1.4576649
      4.9735271      1.4979542      1.4447909
      5.0035623      1.4543571      1.4203126
      5.0335975      1.4064941      1.3644243
      5.0636327      1.3592637      1.3436087
      5.0936679      1.3160585      1.3021866
      5.1237031      1.2778563      1.2410630
      5.1537383      1.2433942      1.2017483
      5.1837735      1.2102466      1.1732049
      5.2138087      1.1762563      1.1519503
      5.2438439      1.1406594      1.0994289
      5.2738791      1.1044361      1.0666408
      5.3039143      1.0697978      1.0246492
      5.3339495      1.0391207      1.0124874
      5.3639847      1.0138700      0.9496015
      5.3940199      0.9940280      0.9300686
      5.4240551      0.9782775      0.9113801
      5.4540903      0.9648208      0.9012217
      5.4841255      0.9524088      0.8412658
      5.5141607      0.9410633      0.8495638
      5.5441959      0.9321221      0.8353429
      5.5742311      0.9275680      0.8233614
      5.6042663      0.9289437      0.7922807
      5.6343015      0.9363666      0.7976393
      5.6643367      0.9481258      0.7972777
      5.6943719      0.9610920      0.7810034
      5.7244071      0.9718051      0.7777528
      5.7544423      0.9777923      0.7875956
      5.7844775      0.9785505      0.8026780
      5.8145127      0.9757576      0.7678041
      5.8445479      0.9725964      0.7845018
      5.8745831      0.9724562      0.7739033
      5.9046183      0.9775404      0.8036679
      5.9346535      0.9879498      0.7617320
      5.9646887      1.0016161      0.7797114
      5.9947239      1.0151010      0.7885107
      6.0247591      1.0249233      0.8036412
      6.0547943      1.0288683      0.7830277
      6.0848295      1.0267548      0.8025579
      6.1148647      1.0203781      0.8114376
      6.1448999      1.0126908      0.8051858
      6.1749351      1.0065903      0.8014051
      6.2049703      1.0038210      0.8030301
      6.2350055      1.0044198      0.8226581
      6.2650407      1.0068826      0.7927703
      6.2950759      1.0089224      0.8112737
      6.3251111      1.0084584      0.8112523
      6.3551463      1.0044143      0.8400595
      6.3851815      0.9970243      0.7979428
      6.4152167      0.9875828      0.8226456
      6.4452519      0.9778184      0.8239859
      6.4752871      0.9692085      0.8271839
      6.5053223      0.9625384      0.8062118
      6.5353575      0.9578553      0.8216877
      6.5653927      0.9547654      0.8360446
      6.5954279      0.9528628      0.8212965
      6.6254631      0.9520407      0.8344818
      6.6554983      0.9525234      0.8478426
      6.6855335      0.9546266      0.8813296
      6.7155687      0.9584065      0.8540074
      6.7456039      0.9634257      0.8920922
      6.7756391      0.9688012      0.8942695
      6.8056743      0.9735522      0.9198193
      6.8357095      0.9770898      0.9141463
      6.8657447      0.9795999      0.9356852
      6.8957799      0.9820956      0.9506577
      6.9258151      0.9860617      0.9493381
      6.9558503      0.9928149      0.9711091
      6.9858855      1.0028556      0.9913418
      7.0159207      1.0155193      1.0186134
      7.0459559      1.0291217      1.0058961
      7.0759911      1.0415752      1.0345337
      7.1060263      1.0512324      1.0553733
      7.1360615      1.0575915      1.0742551
      7.1660967      1.0615359      1.0782190
      7.1961319      1.0649722      1.0976649
      7.2261671      1.0699940      1.1155840
      7.2562023      1.0779214      1.1085768
      7.2862375      1.0886360      1.1286791
      7.3162727      1.1005248      1.1375355
      7.3463079      1.1110846      1.1628306
      7.3763431      1.1179521      1.1441410
      7.4063783      1.1199243      1.1664564
      7.4364135      1.1175202      1.1727203
      7.4664487      1.1128195      1.1727004
      7.4964839      1.1086193      1.1602715
      7.5265191      1.1072490      1.1716519
      7.5565543      1.1095443      1.1872848
      7.5865896      1.1144287      1.1685276
      7.6166248      1.1193038      1.1720049
      7.6466600      1.1211091      1.1782862
      7.6766952      1.1176231      1.1687309
      7.7067304      1.1084667      1.1381723
      7.7367656      1.0953814      1.1495302
      7.7668008      1.0816551      1.1544720
      7.7968360      1.0709181      1.1277389
      7.8268712      1.0657962      1.1319886
      7.8569064      1.0669633      1.1318927
      7.8869416      1.0729708      1.1418246
      7.9169768      1.0809046      1.1080666
      7.9470120      1.0875813      1.1339017
      7.9770472      1.0907813      1.1415766
      8.0070824      1.0900154      1.1239981
      8.0371176      1.0865342      1.1198802
      8.0671528      1.0826178      1.1227921
      8.0971880      1.0804850      1.1364507
      8.1272232      1.0813093      1.1030304
      8.1572584      1.0847625      1.1226115
      8.1872936      1.0892620      1.1288825
      8.2173288      1.0927803      1.1207658
      8.2473640      1.0938336      1.1134298
      8.2773992      1.0921947      1.1155869
      8.3074344      1.0890117      1.1308347
      8.3374696      1.0862858      1.0944454
      8.3675048      1.0859517      1.1197357
      8.3975400      1.0889795      1.1252254
      8.4275752      1.0949057      1.1198918
      8.4576104      1.1020038      1.1119161
      8.4876456      1.1080180      1.1172976
      8.5176808      1.1111301      1.1372815
      8.5477160      1.1107277      1.1021961
      8.5777512      1.1076304      1.1205560
      8.6077864      1.1036747      1.1261711
      8.6378216      1.1008475      1.1154663
      8.6678568      1.1003586      1.1032333
      8.6978920      1.1020731      1.1000475
      8.7279272      1.1045626      1.1054963
      8.7579624      1.1057599      1.0804208
      8.7879976      1.1039263      1.0942792
      8.8180328      1.0985003      1.0986872
      8.8480680      1.0904385      1.0725238
      8.8781032      1.0818825      1.0732324
      8.9081384      1.0752791      1.0648497
      8.9381736      1.0723259      1.0671898
      8.9682088      1.0731991      1.0385388
      8.9982440      1.0764040      1.0508127
      9.0282792      1.0793289      1.0562875
      9.0583144      1.0792802      1.0178543
      9.0883496      1.0745697      1.0354221
      9.1183848      1.0652029      1.0231734
      9.1484200      1.0528797      1.0120286
      9.1784552      1.0403117      0.9961459
      9.2084904      1.0301410      0.9950315
      9.2385256      1.0239128      0.9978700
      9.2685608      1.0215203      0.9570603
      9.2985960      1.0213391      0.9705967
      9.3286312      1.0209767      0.9732186
      9.3586664      1.0183077      0.9490281
      9.3887016      1.0123587      0.9442086
      9.4187368      1.0036808      0.9400556
      9.4487720      0.9940758      0.9336798
      9.4788072      0.9858153      0.9112314
      9.5088424      0.9806993      0.9140554
      9.5388776      0.9793522      0.9279451
      9.5689128      0.9810394      0.8960677
      9.5989480      0.9840520      0.9069186
      9.6289832      0.9864704      0.9098008
      9.6590184      0.9869622      0.8897411
      9.6890536      0.9852786      0.8913296
      9.7190888      0.9822568      0.8969263
      9.7491240      0.9793613      0.9037819
      9.7791592      0.9779926      0.8852667
      9.8091944      0.9788777      0.8859789
      9.8392296      0.9818050      0.9038123
      9.8692648      0.9857967      0.8742599
      9.8993000      0.9896149      0.8902778
      9.9293352      0.9923532      0.8992584
      9.9593704      0.9938416      0.8820608
      9.9894056      0.9946897      0.8912172
     10.0194408      0.9959662      0.8998255
     10.0494760      0.9986769      0.8955990
     10.0795112      1.0032887      0.8945014
     10.1095464      1.0095158      0.9002798
     10.1395816      1.0164551      0.9121579
     10.1696168      1.0229944      0.8977630
     10.1996520      1.0282959      0.9069967
     10.2296872      1.0321301      0.9210991
     10.2597224      1.0349148      0.9061784
     10.2897576      1.0374554      0.9211949
     10.3197928      1.0405251      0.9265054
     10.3498280      1.0444909      0.9105357
     10.3798632      1.0491635      0.9229119
     10.4098984      1.0539328      0.9332326
     10.4399336      1.0581123      0.9231783
     10.4699688      1.0613103      0.9311786
     10.5000040      1.0636364      0.9431226
     10.5300392      1.0656336      0.9375794
     10.5600744      1.0679655      0.9399720
     10.5901096      1.0710138      0.9505946
     10.6201448      1.0745964      0.9541016
     10.6501800      1.0779653      0.9460639
     10.6802152      1.0801141      0.9579034
     10.7102504      1.0802725      0.9737059
     10.7402856      1.0783605      0.9591583
     10.7703208      1.0751780      0.9723012
     10.8003560      1.0722074      0.9838724
     10.8303912      1.0710809      0.9683670
     10.8604264      1.0729186      0.9821195
     10.8904616      1.0778188      1.0061984
     10.9204968      1.0847304      0.9910984
     10.9505320      1.0917881      1.0073654
     10.9805672      1.0969901      1.0243477
     11.0106024      1.0989555      1.0104893
     11.0406376      1.0974499      1.0300167
     11.0706728      1.0934646      1.0430160
     11.1007080      1.0888151      1.0301322
     11.1307432      1.0854259      1.0425231
     11.1607784      1.0845968      1.0675501
     11.1908136      1.0865498      1.0516201
     11.2208488      1.0904325      1.0719611
     11.2508840      1.0947566      1.0847296
     11.2809192      1.0980668      1.0736718
     11.3109544      1.0995446      1.0892687
     11.3409896      1.0992892      1.0992891
     11.3710248      1.0981696      1.0880918
     11.4010600      1.0973332      1.1023282
     11.4310952      1.0976101      1.1180196
     11.4611304      1.0990903      1.1087737
     11.4911656      1.1010680      1.1191219
     11.5212008      1.1023748      1.1287533
     11.5512360      1.1019441      1.1154189
     11.5812712      1.0993423      1.1252665
     11.6113064      1.0950182      1.1442657
     11.6413416      1.0901481      1.1355609
     11.6713768      1.0861421      1.1366574
     11.7014120      1.0840319      1.1459647
     11.7314472      1.0840167      1.1256311
     11.7614824      1.0853766      1.1302386
     11.7915176      1.0867968      1.1365794
     11.8215528      1.0869591      1.1237817
     11.8515880      1.0851371      1.1309930
     11.8816232      1.0815230      1.1384876
     11.9116584      1.0771350      1.1053533
     11.9416936      1.0733432      1.1196862
     11.9717288      1.0712237      1.1249071
     12.0017640      1.0710351      1.0916744
     12.0317992      1.0720584      1.1028681
     12.0618344      1.0728841      1.1062911
     12.0918696      1.0720284      1.0852988
     12.1219048      1.0686097      1.0909685
     12.1519400      1.0627862      1.0825627
     12.1819752      1.0557520      1.0681162
     12.2120104      1.0492831      1.0752932
     12.2420456      1.0450224      1.0570375
     12.2720808      1.0438075      1.0487935
     12.3021160      1.0453313      1.0507958
     12.3321512      1.0482790      1.0335574
     12.3621864      1.0508816      1.0325806
     12.3922216      1.0516436      1.0340470
     12.4222568      1.0499308      1.0128406
     12.4522920      1.0461706      1.0178602
     12.4823272      1.0415902      1.0145228
     12.5123624      1.0376232      0.9986854
     12.5423976      1.0352617      1.0042922
     12.5724328      1.0346444      0.9876037
     12.6024680      1.0350631      0.9799534
     12.6325032      1.0353700      0.9836742
     12.6625384      1.0345852      0.9697222
     12.6925736      1.0324102      0.9658999
     12.7226088      1.0293967      0.9693184
     12.7526440      1.0266833      0.9488248
     12.7826792      1.0254165      0.9538953
     12.8127144      1.0261289      0.9546650
     12.8427496      1.0283782      0.9414639
     12.8727848      1.0308392      0.9533462
     12.9028200      1.0318382      0.9442463
     12.9328552      1.0301085      0.9404351
     12.9628904      1.0254308      0.9337542
     12.9929256      1.0188577      0.9239408
     13.0229608      1.0123898      0.9277585
     13.0529960      1.0082138      0.9277407
     13.0830312      1.0078101      0.9202320
     13.1130664      1.0113103      0.9221678
     13.1431016      1.0173900      0.9106679
     13.1731368      1.0237587      0.9173889
     13.2031720      1.0280556      0.9185867
     13.2332072      1.0287799      0.9095795
     13.2632424      1.0258648      0.9242223
     13.2932776      1.0206542      0.9135011
     13.3233128      1.0152967      0.9093678
     13.3533480      1.0118219      0.9184536
     13.3833832      1.0113008      0.9029067
     13.4134184      1.0134535      0.9147122
     13.4434536      1.0168672      0.9015748
     13.4734888      1.0197168      0.9064409
     13.5035240      1.0206532      0.9174629
     13.5335593      1.0194533      0.9056191
     13.5635945      1.0171274      0.9178020
     13.5936297      1.0154301      0.9011021
     13.6236649      1.0159941      0.9128576
     13.6537001      1.0194846      0.9242702
     13.6837353      1.0251771      0.9198959
     13.7137705      1.0311735      0.9275778
     13.7438057      1.0351894      0.9146938
     13.7738409      1.0355755      0.9287166
     13.8038761      1.0321144      0.9311652
     13.8339113      1.0262163      0.9319787
     13.8639465      1.0203923      0.9430553
     13.8939817      1.0172059      0.9296768
     13.9240169      1.0181466      0.9502973
     13.9540521      1.0229260      0.9397102
     13.9840873      1.0295308      0.9468065
     14.0141225      1.0350425      0.9564076
     14.0441577      1.0368966      0.9579377
     14.0741929      1.0340413      0.9624110
     14.1042281      1.0274817      0.9521151
     14.1342633      1.0199441      0.9731280
     14.1642985      1.0147717      0.9604791
     14.1943337      1.0145083      0.9731778
     14.2243689      1.0197790      0.9715716
     14.2544041      1.0289698      0.9707083
     14.2844393      1.0388760      0.9795643
     14.3144745      1.0460666      0.9743511
     14.3445097      1.0483900      0.9933550
     14.3745449      1.0459611      0.9848887
     14.4045801      1.0411744      0.9936880
     14.4346153      1.0377015      0.9769431
     14.4646505      1.0388802      0.9908476
     14.4946857      1.0461898      0.9840308
     14.5247209      1.0584989      0.9956151
     14.5547561      1.0724612      0.9875894
     14.5847913      1.0839398      0.9944683
     14.6148265      1.0898734      1.0021223
     14.6448617      1.0897687      0.9921700
     14.6748969      1.0861165      1.0019379
     14.7049321      1.0834701      0.9969583
     14.7349673      1.0865010      1.0037323
     14.7650025      1.0978307      0.9939023
     14.7950377      1.1165991      1.0063420
     14.8250729      1.1384869      0.9937668
     14.8551081      1.1573269      1.0087193
     14.8851433      1.1677557      0.9939447
     14.9151785      1.1678455      1.0081441
     14.9452137      1.1605540      0.9968753
     14.9752489      1.1532109      1.0097439
     15.0052841      1.1549996      1.0037021
     15.0353193      1.1732164      1.0080153
     15.0653545      1.2096726      1.0022306
     15.0953897      1.2586870      1.0026332
     15.1254249      1.3076402      0.9933877
     15.1554601      1.3401709      0.9924434
     15.1854953      1.3411135      0.9858052
     15.2155305      1.3015705      0.9891402
     15.2455657      1.2223669      0.9918393
     15.2756009      1.1146149      0.9958905
