 Results from RMCProfile version 6.7.9.5

 (Version 6f format configuration file)                                          

 2 experiments   3 partials

 Partial g(r)'s are printed out below

   245  3 are NR and NPAR

   r (Ang)
   0.06545     0.00000     0.00000     0.00000
   0.13090     0.00000     0.00000     0.00000
   0.19635     0.00000     0.00000     0.00000
   0.26180     0.00000     0.00000     0.00000
   0.32725     0.00000     0.00000     0.00000
   0.39271     0.00000     0.00000     0.00000
   0.45816     0.00000     0.00000     0.00000
   0.52361     0.00000     0.00000     0.00000
   0.58906     0.00000     0.00000     0.00000
   0.65451     0.00000     0.00000     0.00000
   0.71996     0.00000     0.00000     0.00000
   0.78541     0.00000     0.00000     0.00000
   0.85086     0.00000     0.00000     0.00000
   0.91631     0.00000     0.00000     0.00000
   0.98176     0.00000     0.00000     0.00000
   1.04721     0.00000     0.00000     0.00000
   1.11267     0.00000     0.00000     0.00000
   1.17812     0.00000     0.00000     0.00000
   1.24357     0.00000     0.00000     0.00000
   1.30902     0.00000     0.00000     0.00000
   1.37447     0.00000     0.00000     0.00000
   1.43992     0.00000     2.95568     0.77998
   1.50537     0.00000     9.09958     2.65327
   1.57082     0.00000     7.85374     2.10069
   1.63627     0.00000     9.27961     2.61750
   1.70172     0.00000     7.83604     2.17661
   1.76718     0.00000     7.08077     1.83248
   1.83263     0.00000     0.00000     1.30882
   1.89808     0.00000     0.00000     1.22012
   1.96353     0.00000     0.00000     1.37678
   2.02898     0.00000     0.00000     0.95697
   2.09443     0.00000     0.00000     1.13444
   2.15988     0.00000     0.00000     1.21786
   2.22533     0.00000     0.00000     1.27289
   2.29078     0.00000     0.00789     1.20120
   2.35623     0.00000     0.01492     1.02335
   2.42168     0.00000     0.08474     0.99707
   2.48714     0.00000     0.11381     1.09948
   2.55259     0.00000     0.22881     1.03746
   2.61804     0.00000     0.32626     1.02254
   2.68349     0.00000     0.50607     1.01359
   2.74894     0.00000     0.58090     1.10859
   2.81439     0.00000     0.65876     1.05239
   2.87984     0.49862     0.66412     1.02510
   2.94529     2.23099     0.56809     1.07088
   3.01074     2.40878     0.66702     1.06601
   3.07619     1.92281     0.77022     1.07372
   3.14164     1.79325     0.71329     0.94121
   3.20710     2.28369     0.72877     0.91932
   3.27255     2.47127     0.70377     0.86355
   3.33800     1.78149     0.86228     0.57692
   3.40345     2.07063     0.85804     0.53704
   3.46890     1.95200     0.76058     0.57211
   3.53435     1.66850     0.90506     0.58432
   3.59980     1.34032     0.82132     0.55046
   3.66525     0.59103     0.85082     0.59581
   3.73070     0.84383     0.96703     0.65256
   3.79615     0.68872     0.91960     0.65328
   3.86161     0.84305     0.94701     0.70641
   3.92706     0.85809     0.99627     0.69382
   3.99251     0.85094     0.95088     0.78053
   4.05796     0.71322     1.05878     0.85881
   4.12341     0.80750     1.02787     0.78542
   4.18886     0.72590     1.13525     0.87688
   4.25431     0.95964     1.09373     0.90052
   4.31976     0.89532     1.09413     0.92234
   4.38521     0.98923     1.11339     0.89932
   4.45066     0.81838     1.21887     0.90447
   4.51611     0.84350     1.09243     0.96182
   4.58157     0.88261     1.14825     0.97010
   4.64702     0.84261     1.13147     0.96217
   4.71247     1.00558     1.02567     1.02527
   4.77792     0.82605     1.02860     0.97012
   4.84337     0.76862     1.07867     1.04132
   4.90882     0.90615     1.02603     1.02062
   4.97427     0.88915     0.96239     1.04422
   5.03972     0.85969     0.86092     1.06463
   5.10517     0.88856     0.89619     1.03750
   5.17062     0.79815     0.96194     1.03467
   5.23607     0.91106     0.96523     1.00292
   5.30153     0.92402     0.90176     1.07127
   5.36698     0.89587     0.93022     1.05250
   5.43243     1.07621     0.95425     1.00902
   5.49788     1.09999     0.97688     1.03453
   5.56333     0.99943     0.92995     0.97550
   5.62878     1.00765     1.02870     0.98698
   5.69423     1.03564     0.95410     1.07442
   5.75968     0.96736     0.98497     1.10390
   5.82513     1.06762     0.93367     1.04012
   5.89058     1.03926     0.96555     1.08884
   5.95604     1.10514     1.00866     0.97970
   6.02149     1.03562     1.03939     1.03058
   6.08694     1.12509     1.01268     1.03652
   6.15239     1.16683     0.99016     1.06718
   6.21784     0.97553     1.04548     1.03839
   6.28329     1.02235     1.03955     1.00952
   6.34874     0.99317     1.01719     1.02482
   6.41419     1.02929     1.04083     0.99192
   6.47964     1.13862     1.03767     1.03816
   6.54509     0.99626     0.99575     1.00589
   6.61054     1.12047     0.98466     1.01074
   6.67600     1.15799     1.06208     1.00591
   6.74145     0.94635     0.99418     1.03210
   6.80690     1.00321     1.01358     0.97296
   6.87235     1.00170     0.95053     0.99667
   6.93780     0.92103     1.04797     1.01586
   7.00325     1.15348     1.03861     1.04263
   7.06870     1.00642     1.02195     0.99768
   7.13415     1.07904     1.04722     1.07072
   7.19960     0.99249     1.02667     0.96333
   7.26505     0.94648     1.04121     1.04427
   7.33050     0.97583     0.95873     1.00796
   7.39596     1.03424     1.00165     1.04099
   7.46141     1.03400     1.07863     1.01536
   7.52686     0.92558     1.03656     1.02779
   7.59231     0.92404     1.00727     1.02238
   7.65776     1.01269     1.02967     1.04317
   7.72321     0.89576     1.02132     1.02695
   7.78866     0.95167     1.04314     1.00977
   7.85411     1.01632     1.00099     0.97620
   7.91956     1.02069     1.01885     0.97071
   7.98501     0.98327     0.98338     1.05373
   8.05046     0.90098     1.02624     0.97716
   8.11592     0.97692     0.99844     1.03953
   8.18137     1.04044     0.98315     1.00190
   8.24682     0.93156     1.01084     0.98240
   8.31227     0.98398     0.98839     0.98860
   8.37772     0.99459     1.01490     1.01221
   8.44317     1.02564     1.00155     1.02974
   8.50862     1.04420     0.98563     1.00422
   8.57407     1.00582     0.97458     1.00813
   8.63952     0.97069     1.00592     1.00014
   8.70497     0.99981     0.95533     0.98789
   8.77043     1.03010     0.98635     0.97590
   8.83588     1.01913     0.98399     0.99921
   8.90133     1.04178     0.98055     0.98509
   8.96678     0.99782     0.96835     0.99191
   9.03223     0.96719     0.97213     1.03656
   9.09768     1.05526     1.01574     1.03573
   9.16313     1.02053     1.01854     0.98987
   9.22858     1.05078     0.98761     0.98123
   9.29403     0.94220     1.00923     0.94874
   9.35948     0.97250     0.98854     0.95492
   9.42493     1.04098     0.99351     0.99540
   9.49039     0.96239     1.00331     0.99875
   9.55584     0.99997     1.01365     0.97377
   9.62129     1.11329     1.03077     0.95115
   9.68674     1.04893     0.98599     1.03426
   9.75219     1.01751     0.96322     0.96591
   9.81764     0.96794     0.98480     1.00084
   9.88309     1.02799     1.02098     0.98720
   9.94854     0.96102     1.00592     0.99059
  10.01399     1.04748     1.00190     0.98761
  10.07944     1.04206     0.96691     1.01402
  10.14489     0.95472     1.01725     0.98445
  10.21035     1.01392     1.00346     0.96034
  10.27580     0.94309     1.01699     0.99410
  10.34125     0.95284     0.97279     0.96604
  10.40670     0.97602     1.01719     1.02018
  10.47215     0.94727     0.99130     1.02335
  10.53760     0.97725     0.97268     0.98304
  10.60305     0.97258     0.99313     1.01853
  10.66850     0.89092     0.97407     0.98457
  10.73395     1.01935     0.99960     0.98268
  10.79940     1.03824     0.98681     0.97507
  10.86486     0.97812     0.98549     1.00411
  10.93031     1.08552     0.97372     0.99629
  10.99576     1.00286     0.98888     1.00607
  11.06121     0.96669     0.99312     1.01420
  11.12666     1.01013     0.99686     1.00431
  11.19211     0.96402     1.01003     1.00750
  11.25756     0.95676     1.02217     1.01447
  11.32301     1.03217     1.01071     0.97722
  11.38846     0.98846     1.02116     0.98329
  11.45391     0.98728     0.99090     0.96703
  11.51936     1.03967     0.99965     0.99889
  11.58482     0.94784     0.98900     1.01668
  11.65027     1.05787     0.99501     0.96801
  11.71572     0.93883     1.00595     0.98533
  11.78117     0.99636     0.99241     1.00369
  11.84662     1.00424     0.99977     1.03312
  11.91207     0.95010     1.01041     1.00631
  11.97752     0.99855     0.99854     0.99418
  12.04297     1.03221     1.01455     1.02430
  12.10842     1.01544     0.97396     1.01665
  12.17387     1.06482     1.05293     1.00043
  12.23932     0.97506     1.03507     1.00000
  12.30478     1.04884     0.99290     1.01870
  12.37023     0.99021     0.96456     0.98925
  12.43568     0.97660     1.01040     1.01373
  12.50113     1.04791     0.98369     0.99836
  12.56658     1.05378     1.01543     1.01425
  12.63203     0.94233     1.02673     1.01365
  12.69748     1.08244     0.99100     1.02560
  12.76293     1.05106     0.99357     1.02148
  12.82838     1.03533     0.99328     1.01410
  12.89383     1.02584     0.99542     1.00633
  12.95928     0.94262     1.01573     0.99940
  13.02474     0.98582     1.00798     0.95809
  13.09019     0.98758     0.98899     1.00735
  13.15564     0.97204     1.00071     1.00190
  13.22109     1.00029     1.00480     0.99628
  13.28654     0.99889     1.00455     1.01468
  13.35199     0.99098     0.98264     1.03895
  13.41744     0.97674     1.01426     1.00281
  13.48289     1.03553     1.03428     1.01020
  13.54834     0.96427     1.02431     0.99776
  13.61379     1.01660     0.99817     0.98930
  13.67925     1.01397     1.00679     0.99360
  13.74470     1.01572     1.00731     0.99448
  13.81015     0.94280     1.00951     1.01878
  13.87560     1.04218     0.99700     1.02255
  13.94105     0.96433     1.00598     1.00998
  14.00650     0.95534     0.98267     0.98238
  14.07195     1.00161     1.01224     1.00594
  14.13740     1.00311     0.99667     0.99582
  14.20285     1.02013     0.99983     0.99653
  14.26830     1.00673     1.02485     1.00961
  14.33375     1.01527     0.97883     0.99274
  14.39921     1.01324     0.98393     0.98714
  14.46466     1.00726     0.99187     1.01113
  14.53011     1.00212     0.99061     0.98967
  14.59556     1.02732     0.99729     1.00339
  14.66101     0.97738     0.98109     0.99195
  14.72646     1.00303     1.01516     0.98908
  14.79191     0.95789     1.00468     0.99911
  14.85736     1.01017     0.98778     1.00799
  14.92281     1.03401     1.00164     0.99562
  14.98826     0.94253     0.99383     1.00578
  15.05371     1.00078     0.99672     0.99321
  15.11917     1.02614     0.99735     0.97574
  15.18462     1.00153     1.01607     0.99720
  15.25007     0.95525     0.99651     0.98224
  15.31552     1.00000     0.99189     0.99048
  15.38097     1.03066     1.00570     0.99873
  15.44642     1.02680     0.99286     0.98959
  15.51187     0.98309     1.00291     1.00676
  15.57732     1.03348     0.98768     1.01045
  15.64277     0.94981     0.99128     0.98744
  15.70822     0.98682     0.98757     0.99553
  15.77368     1.01655     0.98971     1.00246
  15.83913     1.01476     0.99013     0.99717
  15.90458     0.95215     0.99149     0.99127
  15.97003     1.01116     1.01699     0.99763
  16.03548     0.98363     1.00001     0.98741

 Partial S(Q)'s are printed out below

   494  3 are NQ and NPAR

      Q          S(Q)_1      S(Q)_2      S(Q)_3
  0.4682470    -2.8575251     0.1836024    -1.3097773
  0.4982822    -2.8220878     0.2284203    -1.2500518
  0.5283174    -2.7698288     0.2877031    -1.1689313
  0.5583526    -2.7073716     0.3552529    -1.0752365
  0.5883878    -2.6425792     0.4240561    -0.9789651
  0.6184230    -2.5828202     0.4878479    -0.8890195
  0.6484582    -2.5334131     0.5424951    -0.8112079
  0.6784934    -2.4965498     0.5869228    -0.7469142
  0.7085286    -2.4708958     0.6234042    -0.6927019
  0.7385638    -2.4519282     0.6571510    -0.6409308
  0.7685990    -2.4329281     0.6952840    -0.5812708
  0.7986342    -2.4064170     0.7453768    -0.5028258
  0.8286694    -2.3657471     0.8138510    -0.3964625
  0.8587046    -2.3065336     0.9045291    -0.2569016
  0.8887398    -2.2276520     1.0176206    -0.0841727
  0.9187750    -2.1316143     1.1493396     0.1158467
  0.9488102    -2.0242603     1.2922324     0.3319185
  0.9788454    -1.9138305     1.4361648     0.5488808
  1.0088806    -1.8095979     1.5697992     0.7497874
  1.0389158    -1.7203189     1.6823021     0.9183770
  1.0689510    -1.6527818     1.7649864     1.0414490
  1.0989862    -1.6107099     1.8126056     1.1107447
  1.1290214    -1.5941987     1.8240835     1.1240267
  1.1590566    -1.5997673     1.8025670     1.0851987
  1.1890918    -1.6209880     1.7548082     1.0034744
  1.2191270    -1.6495603     1.6900018     0.8917713
  1.2491622    -1.6766247     1.6182887     0.7646257
  1.2791974    -1.6940821     1.5491932     0.6359983
  1.3092326    -1.6957002     1.4902550     0.5173345
  1.3392678    -1.6778401     1.4460749     0.4161841
  1.3693030    -1.6397168     1.4179103     0.3355679
  1.3993382    -1.5831923     1.4038499     0.2741383
  1.4293734    -1.5121797     1.3994992     0.2270430
  1.4594086    -1.4317962     1.3990173     0.1872829
  1.4894438    -1.3474272     1.3962982     0.1472871
  1.5194790    -1.2638595     1.3860764     0.1004121
  1.5495142    -1.1846112     1.3647648     0.0421094
  1.5795494    -1.1115319     1.3308975    -0.0294123
  1.6095846    -1.0446928     1.2851315    -0.1130970
  1.6396198    -0.9825349     1.2298430    -0.2054825
  1.6696550    -0.9222099     1.1684322    -0.3015358
  1.6996902    -0.8600283     1.1044907    -0.3956889
  1.7297254    -0.7919385     1.0410045    -0.4828598
  1.7597606    -0.7139752     0.9797435    -0.5592704
  1.7897958    -0.6226419     0.9209429    -0.6229252
  1.8198311    -0.5152196     0.8633179    -0.6736983
  1.8498663    -0.3900102     0.8043864    -0.7130515
  1.8799015    -0.2465275     0.7410165    -0.7434787
  1.9099367    -0.0856471     0.6700796    -0.7678150
  1.9399719     0.0902911     0.5890755    -0.7885620
  1.9700071     0.2774475     0.4966128    -0.8073629
  2.0000423     0.4705495     0.3926640    -0.8247190
  2.0300775     0.6630930     0.2785628    -0.8399811
  2.0601127     0.8477058     0.1567636    -0.8515923
  2.0901479     1.0166704     0.0304284    -0.8575092
  2.1201831     1.1625785    -0.0970678    -0.8556987
  2.1502183     1.2790492    -0.2226122    -0.8446027
  2.1802535     1.3614216    -0.3437220    -0.8234790
  2.2102887     1.4073160    -0.4587473    -0.7925581
  2.2403239     1.4169653    -0.5668870    -0.7530034
  2.2703591     1.3932445    -0.6680375    -0.7066979
  2.3003943     1.3413679    -0.7625245    -0.6559183
  2.3304295     1.2682784    -0.8507890    -0.6029728
  2.3604647     1.1818037    -0.9331003    -0.5498789
  2.3904999     1.0896994    -1.0093580    -0.4981413
  2.4205351     0.9987194    -1.0790215    -0.4486648
  2.4505703     0.9138577    -1.1411736    -0.4018013
  2.4806055     0.8378764    -1.1946983    -0.3575041
  2.5106407     0.7711886    -1.2385272    -0.3155401
  2.5406759     0.7121075    -1.2718991    -0.2757028
  2.5707111     0.6574090    -1.2945750    -0.2379747
  2.6007463     0.6031039    -1.3069654    -0.2026030
  2.6307815     0.5452813    -1.3101447    -0.1700756
  2.6608167     0.4808799    -1.3057501    -0.1410114
  2.6908519     0.4082555    -1.2957880    -0.1159943
  2.7208871     0.3274600    -1.2823825    -0.0953973
  2.7509223     0.2401963    -1.2675124    -0.0792415
  2.7809575     0.1494742    -1.2527802    -0.0671256
  2.8109927     0.0590479    -1.2392461    -0.0582465
  2.8410279    -0.0272561    -1.2273482    -0.0515091
  2.8710631    -0.1061890    -1.2169123    -0.0457049
  2.9010983    -0.1755938    -1.2072384    -0.0397229
  2.9311335    -0.2346952    -1.1972457    -0.0327498
  2.9611687    -0.2841253    -1.1856459    -0.0244202
  2.9912039    -0.3256938    -1.1711233    -0.0148841
  3.0212391    -0.3619577    -1.1524976    -0.0047809
  3.0512743    -0.3956791    -1.1288591     0.0048778
  3.0813095    -0.4292747    -1.0996665     0.0128930
  3.1113447    -0.4643551    -1.0648092     0.0180982
  3.1413799    -0.5014328    -1.0246329     0.0195731
  3.1714151    -0.5398390    -0.9799311     0.0168151
  3.2014503    -0.5778534    -0.9319021     0.0098404
  3.2314855    -0.6130125    -0.8820705    -0.0008006
  3.2615207    -0.6425327    -0.8321723    -0.0140931
  3.2915559    -0.6637711    -0.7840058    -0.0286967
  3.3215911    -0.6746451    -0.7392559    -0.0431296
  3.3516263    -0.6739466    -0.6993071    -0.0559666
  3.3816615    -0.6615080    -0.6650656    -0.0660204
  3.4116967    -0.6382052    -0.6368185    -0.0724804
  3.4417319    -0.6058098    -0.6141557    -0.0749932
  3.4717671    -0.5667252    -0.5959756    -0.0736775
  3.5018023    -0.5236520    -0.5805862    -0.0690773
  3.5318375    -0.4792383    -0.5658955    -0.0620645
  3.5618727    -0.4357595    -0.5496723    -0.0537091
  3.5919079    -0.3948694    -0.5298399    -0.0451341
  3.6219431    -0.3574456    -0.5047587    -0.0373759
  3.6519783    -0.3235409    -0.4734496    -0.0312637
  3.6820135    -0.2924375    -0.4357188    -0.0273305
  3.7120487    -0.2627925    -0.3921580    -0.0257625
  3.7420839    -0.2328540    -0.3440178    -0.0263878
  3.7721191    -0.2007235    -0.2929716    -0.0287053
  3.8021543    -0.1646358    -0.2408125    -0.0319469
  3.8321895    -0.1232293    -0.1891363    -0.0351671
  3.8622247    -0.0757759    -0.1390689    -0.0373495
  3.8922599    -0.0223443    -0.0910915    -0.0375212
  3.9222951     0.0361273    -0.0449944    -0.0348607
  3.9523303     0.0978649     0.0000272    -0.0287913
  3.9823655     0.1604035     0.0451563    -0.0190461
  4.0124007     0.2208359     0.0916565    -0.0056994
  4.0424359     0.2761418     0.1405529     0.0108422
  4.0724711     0.3235584     0.1923547     0.0298858
  4.1025063     0.3609449     0.2468778     0.0505334
  4.1325415     0.3870871     0.3032035     0.0717844
  4.1625767     0.4018911     0.3597860     0.0926496
  4.1926119     0.4064294     0.4146891     0.1122574
  4.2226471     0.4028205     0.4659095     0.1299419
  4.2526823     0.3939505     0.5117220     0.1452972
  4.2827175     0.3830700     0.5509810     0.1581943
  4.3127527     0.3733229     0.5833169     0.1687579
  4.3427879     0.3672774     0.6091880     0.1773097
  4.3728231     0.3665349     0.6297763     0.1842877
  4.4028583     0.3714784     0.6467458     0.1901570
  4.4328935     0.3812071     0.6619099     0.1953241
  4.4629287     0.3936669     0.6768727     0.2000711
  4.4929639     0.4059607     0.6927144     0.2045155
  4.5229991     0.4147880     0.7097816     0.2086026
  4.5530343     0.4169425     0.7276253     0.2121277
  4.5830695     0.4097878     0.7450968     0.2147822
  4.6131047     0.3916359     0.7605840     0.2162150
  4.6431399     0.3619704     0.7723404     0.2160976
  4.6731751     0.3214856     0.7788422     0.2141823
  4.7032103     0.2719451     0.7791030     0.2103476
  4.7332455     0.2158929     0.7728852     0.2046227
  4.7632807     0.1562758     0.7607664     0.1971917
  4.7933159     0.0960467     0.7440491     0.1883788
  4.8233511     0.0378147     0.7245318     0.1786170
  4.8533863    -0.0164025     0.7041877     0.1684061
  4.8834215    -0.0652964     0.6848132     0.1582646
  4.9134567    -0.1082524     0.6677141     0.1486800
  4.9434919    -0.1452269     0.6534907     0.1400617
  4.9735271    -0.1765584     0.6419586     0.1326995
  5.0035623    -0.2027649     0.6322195     0.1267312
  5.0335975    -0.2243750     0.6228640     0.1221220
  5.0636327    -0.2418257     0.6122643     0.1186594
  5.0936679    -0.2554405     0.5988977     0.1159656
  5.1237031    -0.2654787     0.5816400     0.1135287
  5.1537383    -0.2722269     0.5599710     0.1107533
  5.1837735    -0.2760950     0.5340593     0.1070263
  5.2138087    -0.2776766     0.5047129     0.1017919
  5.2438439    -0.2777450     0.4732122     0.0946277
  5.2738791    -0.2771740     0.4410624     0.0853091
  5.3039143    -0.2767928     0.4097169     0.0738535
  5.3339495    -0.2772048     0.3803264     0.0605327
  5.3639847    -0.2786148     0.3535604     0.0458515
  5.3940199    -0.2807089     0.3295300     0.0304890
  5.4240551    -0.2826265     0.3078219     0.0152133
  5.4540903    -0.2830445     0.2876268     0.0007788
  5.4841255    -0.2803699     0.2679315    -0.0121768
  5.5141607    -0.2730126     0.2477307    -0.0232186
  5.5441959    -0.2596892     0.2262146    -0.0321685
  5.5742311    -0.2396982     0.2028979    -0.0391172
  5.6042663    -0.2131109     0.1776678    -0.0443927
  5.6343015    -0.1808308     0.1507509    -0.0484879
  5.6643367    -0.1445064     0.1226146    -0.0519632
  5.6943719    -0.1063044     0.0938318    -0.0553407
  5.7244071    -0.0685825     0.0649432    -0.0590101
  5.7544423    -0.0335227     0.0363510    -0.0631644
  5.7844775    -0.0027937     0.0082660    -0.0677761
  5.8145127     0.0226916    -0.0192838    -0.0726202
  5.8445479     0.0428769    -0.0463905    -0.0773348
  5.8745831     0.0585007    -0.0731698    -0.0815094
  5.9046183     0.0708855    -0.0996599    -0.0847786
  5.9346535     0.0816218    -0.1257451    -0.0869031
  5.9646887     0.0922101    -0.1511274    -0.0878197
  5.9947239     0.1037357    -0.1753565    -0.0876494
  6.0247591     0.1166427    -0.1979140    -0.0866625
  6.0547943     0.1306526    -0.2183344    -0.0852085
  6.0848295     0.1448452    -0.2363337    -0.0836278
  6.1148647     0.1578826    -0.2519147    -0.0821643
  6.1448999     0.1683281    -0.2654199    -0.0809016
  6.1749351     0.1749918    -0.2775150    -0.0797375
  6.2049703     0.1772269    -0.2890997    -0.0784051
  6.2350055     0.1751116    -0.3011596    -0.0765385
  6.2650407     0.1694739    -0.3145851    -0.0737687
  6.2950759     0.1617494    -0.3299932    -0.0698310
  6.3251111     0.1536981    -0.3475886    -0.0646587
  6.3551463     0.1470372    -0.3670929    -0.0584404
  6.3851815     0.1430629    -0.3877589    -0.0516260
  6.4152167     0.1423444    -0.4084699    -0.0448762
  6.4452519     0.1445548    -0.4279076    -0.0389602
  6.4752871     0.1484807    -0.4447572    -0.0346223
  6.5053223     0.1522165    -0.4579128    -0.0324408
  6.5353575     0.1535112    -0.4666451    -0.0327081
  6.5653927     0.1502040    -0.4707018    -0.0353580
  6.5954279     0.1406665    -0.4703228    -0.0399560
  6.6254631     0.1241645    -0.4661730    -0.0457577
  6.6554983     0.1010662    -0.4592068    -0.0518278
  6.6855335     0.0728529    -0.4504930    -0.0571957
  6.7155687     0.0419235    -0.4410366    -0.0610231
  6.7456039     0.0112260    -0.4316301    -0.0627479
  6.7756391    -0.0162221    -0.4227592    -0.0621810
  6.8056743    -0.0378349    -0.4145791    -0.0595339
  6.8357095    -0.0518924    -0.4069556    -0.0553754
  6.8657447    -0.0578272    -0.3995591    -0.0505230
  6.8957799    -0.0563133    -0.3919836    -0.0458923
  6.9258151    -0.0491403    -0.3838639    -0.0423330
  6.9558503    -0.0388970    -0.3749629    -0.0404810
  6.9858855    -0.0285235    -0.3652131    -0.0406560
  7.0159207    -0.0208109    -0.3547054    -0.0428211
  7.0459559    -0.0179387    -0.3436332    -0.0466087
  7.0759911    -0.0211296    -0.3322086    -0.0514058
  7.1060263    -0.0304793    -0.3205765    -0.0564781
  7.1360615    -0.0449837    -0.3087484    -0.0611072
  7.1660967    -0.0627548    -0.2965762    -0.0647120
  7.1961319    -0.0813762    -0.2837743    -0.0669324
  7.2261671    -0.0983344    -0.2699867    -0.0676616
  7.2562023    -0.1114440    -0.2548841    -0.0670233
  7.2862375    -0.1191939    -0.2382680    -0.0653054
  7.3162727    -0.1209594    -0.2201574    -0.0628666
  7.3463079    -0.1170484    -0.2008335    -0.0600413
  7.3763431    -0.1085857    -0.1808300    -0.0570630
  7.4063783    -0.0972629    -0.1608658    -0.0540244
  7.4364135    -0.0850097    -0.1417302    -0.0508800
  7.4664487    -0.0736461    -0.1241427    -0.0474887
  7.4964839    -0.0645806    -0.1086150    -0.0436822
  7.5265191    -0.0586028    -0.0953433    -0.0393404
  7.5565543    -0.0558010    -0.0841553    -0.0344530
  7.5865895    -0.0556093    -0.0745233    -0.0291490
  7.6166247    -0.0569667    -0.0656450    -0.0236869
  7.6466599    -0.0585509    -0.0565769    -0.0184044
  7.6766951    -0.0590402    -0.0463956    -0.0136403
  7.7067303    -0.0573550    -0.0343593    -0.0096469
  7.7367655    -0.0528381    -0.0200355    -0.0065160
  7.7668008    -0.0453471    -0.0033742    -0.0041381
  7.7968360    -0.0352504     0.0152880    -0.0022080
  7.8268712    -0.0233361     0.0352924    -0.0002814
  7.8569064    -0.0106554     0.0557775     0.0021297
  7.8869416     0.0016652     0.0758303     0.0054386
  7.9169768     0.0126097     0.0946404     0.0098718
  7.9470120     0.0214247     0.1116278     0.0153879
  7.9770472     0.0277161     0.1265232     0.0216501
  8.0070824     0.0314797     0.1393881     0.0280634
  8.0371176     0.0330668     0.1505733     0.0338745
  8.0671528     0.0330964     0.1606287     0.0383181
  8.0971880     0.0323336     0.1701836     0.0407822
  8.1272232     0.0315549     0.1798208     0.0409586
  8.1572584     0.0314237     0.1899700     0.0389457
  8.1872936     0.0323918     0.2008366     0.0352792
  8.2173288     0.0346402     0.2123772     0.0308769
  8.2473640     0.0380639     0.2243213     0.0269031
  8.2773992     0.0422990     0.2362304     0.0245744
  8.3074344     0.0467863     0.2475796     0.0249379
  8.3374696     0.0508611     0.2578444     0.0286658
  8.3675048     0.0538554     0.2665763     0.0359030
  8.3975400     0.0552010     0.2734554     0.0462019
  8.4275752     0.0545189     0.2783149     0.0585581
  8.4576104     0.0516846     0.2811394     0.0715461
  8.4876456     0.0468609     0.2820424     0.0835344
  8.5176808     0.0404916     0.2812342     0.0929431
  8.5477160     0.0332557     0.2789886     0.0985010
  8.5777512     0.0259859     0.2756164     0.0994563
  8.6077864     0.0195584     0.2714476     0.0957049
  8.6378216     0.0147692     0.2668217     0.0878127
  8.6678568     0.0122107     0.2620814     0.0769290
  8.6978920     0.0121696     0.2575620     0.0646059
  8.7279272     0.0145613     0.2535726     0.0525550
  8.7579624     0.0189147     0.2503666     0.0423837
  8.7879976     0.0244160     0.2481038     0.0353545
  8.8180328     0.0300077     0.2468116     0.0322083
  8.8480680     0.0345336     0.2463546     0.0330754
  8.8781032     0.0369112     0.2464235     0.0374881
  8.9081384     0.0363044     0.2465524     0.0444853
  8.9381736     0.0322710     0.2461663     0.0527875
  8.9682088     0.0248572     0.2446574     0.0610094
  8.9982440     0.0146224     0.2414774     0.0678714
  9.0282792     0.0025841     0.2362326     0.0723770
  9.0583144    -0.0099116     0.2287614     0.0739293
  9.0883496    -0.0213777     0.2191776     0.0723739
  9.1183848    -0.0304046     0.2078683     0.0679680
  9.1484200    -0.0358751     0.1954417     0.0612908
  9.1784552    -0.0371406     0.1826315     0.0531151
  9.2084904    -0.0341310     0.1701729     0.0442691
  9.2385256    -0.0273764     0.1586732     0.0355103
  9.2685608    -0.0179373     0.1485006     0.0274338
  9.2985960    -0.0072511     0.1397142     0.0204230
  9.3286312     0.0030794     0.1320512     0.0146448
  9.3586664     0.0115250     0.1249745     0.0100820
  9.3887016     0.0168558     0.1177752     0.0065881
  9.4187368     0.0183204     0.1097107     0.0039507
  9.4487720     0.0157492     0.1001529     0.0019478
  9.4788072     0.0095677     0.0887179     0.0003879
  9.5088424     0.0007180     0.0753510    -0.0008707
  9.5388776    -0.0094950     0.0603500    -0.0019207
  9.5689128    -0.0196083     0.0443211    -0.0028188
  9.5989480    -0.0282216     0.0280739    -0.0036053
  9.6289832    -0.0342004     0.0124773    -0.0043199
  9.6590184    -0.0368305    -0.0016989    -0.0050099
  9.6890536    -0.0359024    -0.0139228    -0.0057282
  9.7190888    -0.0317186    -0.0239959    -0.0065225
  9.7491240    -0.0250251    -0.0320836    -0.0074218
  9.7791592    -0.0168858    -0.0386769    -0.0084253
  9.8091944    -0.0085200    -0.0444929    -0.0094995
  9.8392296    -0.0011322    -0.0503321    -0.0105864
  9.8692648     0.0042425    -0.0569237    -0.0116220
  9.8993000     0.0068553    -0.0647865    -0.0125601
  9.9293352     0.0063132    -0.0741345    -0.0133963
  9.9593704     0.0025969    -0.0848435    -0.0141833
  9.9894056    -0.0039674    -0.0964854    -0.0150306
 10.0194408    -0.0127705    -0.1084210    -0.0160883
 10.0494760    -0.0230034    -0.1199319    -0.0175135
 10.0795112    -0.0337463    -0.1303641    -0.0194274
 10.1095464    -0.0440536    -0.1392535    -0.0218719
 10.1395816    -0.0530257    -0.1464096    -0.0247766
 10.1696168    -0.0598675    -0.1519390    -0.0279467
 10.1996520    -0.0639332    -0.1562077    -0.0310779
 10.2296872    -0.0647612    -0.1597494    -0.0337982
 10.2597224    -0.0621024    -0.1631411    -0.0357328
 10.2897576    -0.0559423    -0.1668716    -0.0365791
 10.3197928    -0.0465168    -0.1712316    -0.0361782
 10.3498280    -0.0343158    -0.1762469    -0.0345657
 10.3798632    -0.0200704    -0.1816697    -0.0319910
 10.4098984    -0.0047157    -0.1870281    -0.0288957
 10.4399336     0.0106721    -0.1917238    -0.0258516
 10.4699688     0.0249650    -0.1951580    -0.0234682
 10.5000040     0.0370931    -0.1968580    -0.0222828
 10.5300392     0.0461617    -0.1965803    -0.0226564
 10.5600744     0.0515621    -0.1943676    -0.0246917
 10.5901096     0.0530577    -0.1905486    -0.0281954
 10.6201448     0.0508289    -0.1856822    -0.0326906
 10.6501800     0.0454659    -0.1804545    -0.0374828
 10.6802152     0.0379059    -0.1755525    -0.0417700
 10.7102504     0.0293180    -0.1715371    -0.0447782
 10.7402856     0.0209511    -0.1687409    -0.0458990
 10.7703208     0.0139648    -0.1672113    -0.0448048
 10.8003560     0.0092686    -0.1667069    -0.0415193
 10.8303912     0.0073949    -0.1667490    -0.0364282
 10.8604264     0.0084271    -0.1667159    -0.0302275
 10.8904616     0.0119939    -0.1659605    -0.0238154
 10.9204968     0.0173351    -0.1639301    -0.0181452
 10.9505320     0.0234263    -0.1602634    -0.0140653
 10.9805672     0.0291460    -0.1548486    -0.0121738
 11.0106024     0.0334574    -0.1478336    -0.0127118
 11.0406376     0.0355753    -0.1395877    -0.0155182
 11.0706728     0.0350907    -0.1306242    -0.0200512
 11.1007080     0.0320342    -0.1215021    -0.0254757
 11.1307432     0.0268649    -0.1127242    -0.0308019
 11.1607784     0.0203898    -0.1046528    -0.0350512
 11.1908136     0.0136252    -0.0974570    -0.0374206
 11.2208488     0.0076246    -0.0910987    -0.0374192
 11.2508840     0.0033019    -0.0853590    -0.0349511
 11.2809192     0.0012794    -0.0798952    -0.0303323
 11.3109544     0.0017864    -0.0743173    -0.0242382
 11.3409896     0.0046248    -0.0682657    -0.0175903
 11.3710248     0.0092067    -0.0614779    -0.0114022
 11.4010600     0.0146571    -0.0538305    -0.0066101
 11.4310952     0.0199632    -0.0453519    -0.0039171
 11.4611304     0.0241443    -0.0362053    -0.0036766
 11.4911656     0.0264140    -0.0266487    -0.0058330
 11.5212008     0.0263053    -0.0169812    -0.0099307
 11.5512360     0.0237403    -0.0074880    -0.0151871
 11.5812712     0.0190313     0.0016060    -0.0206179
 11.6113064     0.0128163     0.0101647    -0.0251936
 11.6413416     0.0059397     0.0181499    -0.0280000
 11.6713768    -0.0006991     0.0256087    -0.0283794
 11.7014120    -0.0063025     0.0326471    -0.0260276
 11.7314472    -0.0103111     0.0393941    -0.0210346
 11.7614824    -0.0124943     0.0459661    -0.0138628
 11.7915176    -0.0129823     0.0524381    -0.0052690
 11.8215528    -0.0122349     0.0588265     0.0038164
 11.8515880    -0.0109529     0.0650855     0.0124314
 11.8816232    -0.0099498     0.0711167     0.0197237
 11.9116584    -0.0100066     0.0767886     0.0250683
 11.9416936    -0.0117344     0.0819607     0.0281438
 11.9717288    -0.0154683     0.0865089     0.0289593
 12.0017640    -0.0212098     0.0903469     0.0278276
 12.0317992    -0.0286257     0.0934408     0.0252942
 12.0618344    -0.0371013     0.0958170     0.0220354
 12.0918696    -0.0458370     0.0975607     0.0187434
 12.1219048    -0.0539706     0.0988088     0.0160182
 12.1519400    -0.0607028     0.0997369     0.0142838
 12.1819752    -0.0654059     0.1005419     0.0137404
 12.2120104    -0.0676989     0.1014223     0.0143584
 12.2420456    -0.0674778     0.1025568     0.0159123
 12.2720808    -0.0649019     0.1040829     0.0180454
 12.3021160    -0.0603402     0.1060774     0.0203523
 12.3321512    -0.0542919     0.1085404     0.0224626
 12.3621864    -0.0472978     0.1113863     0.0241111
 12.3922216    -0.0398576     0.1144434     0.0251808
 12.4222568    -0.0323676     0.1174653     0.0257142
 12.4522920    -0.0250884     0.1201541     0.0258899
 12.4823272    -0.0181418     0.1221939     0.0259713
 12.5123624    -0.0115370     0.1232922     0.0262390
 12.5423976    -0.0052125     0.1232233     0.0269187
 12.5724328     0.0009135     0.1218665     0.0281208
 12.6024680     0.0068984     0.1192324     0.0298021
 12.6325032     0.0127446     0.1154717     0.0317593
 12.6625384     0.0183876     0.1108618     0.0336537
 12.6925736     0.0237035     0.1057728     0.0350655
 12.7226088     0.0285325     0.1006155     0.0355667
 12.7526440     0.0327098     0.0957798     0.0348007
 12.7826792     0.0360975     0.0915733     0.0325541
 12.8127144     0.0386092     0.0881707     0.0288069
 12.8427496     0.0402221     0.0855843     0.0237535
 12.8727848     0.0409766     0.0836611     0.0177887
 12.9028200     0.0409638     0.0821085     0.0114611
 12.9328552     0.0403066     0.0805457     0.0054010
 12.9628904     0.0391404     0.0785704     0.0002338
 12.9929256     0.0375976     0.0758327    -0.0035065
 13.0229608     0.0358004     0.0720988    -0.0054512
 13.0529960     0.0338617     0.0672963    -0.0054462
 13.0830312     0.0318918     0.0615306    -0.0035700
 13.1130664     0.0300064     0.0550698    -0.0001191
 13.1431016     0.0283303     0.0483009     0.0044370
 13.1731368     0.0269919     0.0416646     0.0095214
 13.2031720     0.0261080     0.0355813     0.0145275
 13.2332072     0.0257585     0.0303810     0.0188943
 13.2632424     0.0259575     0.0262504     0.0221710
 13.2932776     0.0266281     0.0232052     0.0240605
 13.3233128     0.0275882     0.0210932     0.0244394
 13.3533480     0.0285568     0.0196250     0.0233532
 13.3833832     0.0291821     0.0184267     0.0209904
 13.4134184     0.0290917     0.0171035     0.0176420
 13.4434536     0.0279577     0.0153022     0.0136546
 13.4734888     0.0255646     0.0127627     0.0093840
 13.5035240     0.0218671     0.0093479     0.0051558
 13.5335592     0.0170230     0.0050518     0.0012370
 13.5635944     0.0113907    -0.0000155    -0.0021788
 13.5936296     0.0054875    -0.0056593    -0.0049752
 13.6236648    -0.0000893    -0.0116394    -0.0071071
 13.6537000    -0.0047649    -0.0177097    -0.0085884
 13.6837353    -0.0080980    -0.0236488    -0.0094772
 13.7137705    -0.0098770    -0.0292777    -0.0098610
 13.7438057    -0.0101824    -0.0344650    -0.0098435
 13.7738409    -0.0093983    -0.0391197    -0.0095337
 13.8038761    -0.0081681    -0.0431796    -0.0090369
 13.8339113    -0.0072964    -0.0466000    -0.0084471
 13.8639465    -0.0076115    -0.0493490    -0.0078411
 13.8939817    -0.0098122    -0.0514112    -0.0072725
 13.9240169    -0.0143263    -0.0528001    -0.0067682
 13.9540521    -0.0212068    -0.0535753    -0.0063269
 13.9840873    -0.0300891    -0.0538575    -0.0059217
 14.0141225    -0.0402179    -0.0538348    -0.0055063
 14.0441577    -0.0505452    -0.0537541    -0.0050261
 14.0741929    -0.0598817    -0.0538951    -0.0044319
 14.1042281    -0.0670795    -0.0545286    -0.0036940
 14.1342633    -0.0712112    -0.0558647    -0.0028147
 14.1642985    -0.0717173    -0.0580015    -0.0018355
 14.1943337    -0.0684923    -0.0608854    -0.0008366
 14.2243689    -0.0618966    -0.0642941     0.0000718
 14.2544041    -0.0526908    -0.0678493     0.0007657
 14.2844393    -0.0419058    -0.0710617     0.0011299
 14.3144745    -0.0306736    -0.0734038     0.0010799
 14.3445097    -0.0200484    -0.0743988     0.0005826
 14.3745449    -0.0108529    -0.0737119    -0.0003329
 14.4045801    -0.0035756    -0.0712248    -0.0015745
 14.4346153     0.0016641    -0.0670797    -0.0029990
 14.4646505     0.0050797    -0.0616794    -0.0044348
 14.4946857     0.0071210    -0.0556426    -0.0057125
 14.5247209     0.0083415    -0.0497172    -0.0066964
 14.5547561     0.0092576    -0.0446651    -0.0073114
 14.5847913     0.0102309    -0.0411385    -0.0075601
 14.6148265     0.0113980    -0.0395681    -0.0075250
 14.6448617     0.0126615    -0.0400846    -0.0073545
 14.6748969     0.0137417    -0.0424878    -0.0072357
 14.7049321     0.0142775    -0.0462714    -0.0073581
 14.7349673     0.0139500    -0.0506995    -0.0078743
 14.7650025     0.0126021    -0.0549224    -0.0088672
 14.7950377     0.0103225    -0.0581137    -0.0103287
 14.8250729     0.0074753    -0.0596019    -0.0121555
 14.8551081     0.0046631    -0.0589776    -0.0141634
 14.8851433     0.0026302    -0.0561537    -0.0161175
 14.9151785     0.0021213    -0.0513719    -0.0177731
 14.9452137     0.0037261    -0.0451531    -0.0189190
 14.9752489     0.0077398    -0.0382024    -0.0194156
 15.0052841     0.0140716    -0.0312863    -0.0192196
 15.0353193     0.0222204    -0.0251037    -0.0183900
 15.0653545     0.0313274    -0.0201748    -0.0170759
 15.0953897     0.0402979    -0.0167656    -0.0154855
 15.1254249     0.0479725    -0.0148614    -0.0138458
 15.1554601     0.0533150    -0.0141901    -0.0123587
 15.1854953     0.0555842    -0.0142903    -0.0111631
 15.2155305     0.0544563    -0.0146093    -0.0103115
 15.2455657     0.0500759    -0.0146111    -0.0097638
 15.2756009     0.0430265    -0.0138746    -0.0094022

PDF 1 in D(r) format
  r, PDF (RMC), PDF (Expt)
 CURVES
         245 ,           2
      0.0654509       -0.0517669       -0.0518487
      0.1309019       -0.1035338       -0.1036974
      0.1963528       -0.1553008       -0.1555461
      0.2618037       -0.2070677       -0.2073949
      0.3272547       -0.2588346       -0.2592436
      0.3927056       -0.3106015       -0.3110923
      0.4581565       -0.3623685       -0.3629410
      0.5236075       -0.4141354       -0.4147897
      0.5890584       -0.4659023       -0.4666384
      0.6545093       -0.5176692       -0.5184872
      0.7199603       -0.5694362       -0.5703359
      0.7854112       -0.6212031       -0.6221846
      0.8508621       -0.6729700       -0.6740333
      0.9163131       -0.7247369       -0.7258820
      0.9817640       -0.7765038       -0.7777307
      1.0472149       -0.8282708       -0.8295794
      1.1126659       -0.8800377       -0.8814282
      1.1781168       -0.9742277       -0.9332769
      1.2435677       -1.3691647       -0.8534496
      1.3090187       -1.3436015       -0.6131118
      1.3744696       -0.4431273       -0.2675095
      1.4399206        1.3782543        0.1694371
      1.5053715        3.5999775        0.6565243
      1.5708224        5.3405734        1.1273298
      1.6362734        5.8289615        1.5020358
      1.7017243        4.8467948        1.7065797
      1.7671752        2.8528508        1.6929626
      1.8326262        0.7094673        1.4532894
      1.8980771       -0.8052089        1.0222271
      1.9635280       -1.3843554        0.4671657
      2.0289790       -1.2528067       -0.1297703
      2.0944299       -0.9084189       -0.6909222
      2.1598808       -0.7581074       -1.1570597
      2.2253318       -0.8993744       -1.4928737
      2.2907827       -1.1592043       -1.6848480
      2.3562336       -1.3066688       -1.7351978
      2.4216846       -1.2501903       -1.6560100
      2.4871355       -1.0782850       -1.4660184
      2.5525864       -0.9459337       -1.1899441
      2.6180374       -0.9263980       -0.8585565
      2.6834883       -0.9550988       -0.5073901
      2.7489392       -0.8991810       -0.1732126
      2.8143902       -0.6802033        0.1110648
      2.8798411       -0.3433541        0.3213035
      2.9452920       -0.0221745        0.4451695
      3.0107430        0.1626805        0.4824624
      3.0761939        0.1842106        0.4430559
      3.1416448        0.1096572        0.3435209
      3.2070958        0.0318498        0.2036099
      3.2725467       -0.0050908        0.0433831
      3.3379976       -0.0270181       -0.1187926
      3.4034486       -0.0900759       -0.2675069
      3.4688995       -0.2218107       -0.3910444
      3.5343504       -0.3937591       -0.4817000
      3.5998014       -0.5431836       -0.5356468
      3.6652523       -0.6195404       -0.5523286
      3.7307032       -0.6154717       -0.5334799
      3.7961542       -0.5611978       -0.4820485
      3.8616051       -0.4939043       -0.4013945
      3.9270560       -0.4310863       -0.2950839
      3.9925070       -0.3673670       -0.1673695
      4.0579579       -0.2908898       -0.0241362
      4.1234088       -0.2002667        0.1261923
      4.1888598       -0.1073693        0.2723982
      4.2543107       -0.0272478        0.4013251
      4.3197617        0.0323946        0.4999057
      4.3852126        0.0725236        0.5579204
      4.4506635        0.0964970        0.5706504
      4.5161145        0.1049920        0.5404934
      4.5815654        0.0975418        0.4768946
      4.6470163        0.0772331        0.3945010
      4.7124673        0.0511422        0.3100504
      4.7779182        0.0243640        0.2389058
      4.8433691       -0.0060153        0.1921862
      4.9088201       -0.0487520        0.1751535
      4.9742710       -0.1076043        0.1870475
      5.0397219       -0.1713911        0.2221259
      5.1051729       -0.2161033        0.2714185
      5.1706238       -0.2202990        0.3246760
      5.2360747       -0.1820893        0.3721221
      5.3015257       -0.1226336        0.4057974
      5.3669766       -0.0716078        0.4204222
      5.4324275       -0.0458820        0.4137823
      5.4978785       -0.0392223        0.3866722
      5.5633294       -0.0315395        0.3424457
      5.6287803       -0.0088780        0.2862556
      5.6942313        0.0242964        0.2241078
      5.7596822        0.0516581        0.1618886
      5.8251331        0.0636648        0.1045309
      5.8905841        0.0695472        0.0554532
      5.9560350        0.0896066        0.0163396
      6.0214859        0.1336553       -0.0127492
      6.0869369        0.1861351       -0.0330101
      6.1523878        0.2143968       -0.0463926
      6.2178387        0.1960024       -0.0550755
      6.2832897        0.1418140       -0.0610231
      6.3487406        0.0923169       -0.0656874
      6.4141915        0.0865317       -0.0698832
      6.4796425        0.1279139       -0.0738326
      6.5450934        0.1772939       -0.0773422
      6.6105443        0.1822239       -0.0800461
      6.6759953        0.1211661       -0.0816346
      6.7414462        0.0261268       -0.0819946
      6.8068971       -0.0373167       -0.0812235
      6.8723481       -0.0193447       -0.0795316
      6.9377990        0.0738481       -0.0770901
      7.0032500        0.1817426       -0.0739047
      7.0687009        0.2332204       -0.0697680
      7.1341518        0.1987581       -0.0643088
      7.1996028        0.1105807       -0.0571109
      7.2650537        0.0358074       -0.0478599
      7.3305046        0.0247935       -0.0364748
      7.3959556        0.0754673       -0.0231996
      7.4614065        0.1400251       -0.0086339
      7.5268574        0.1656625        0.0063070
      7.5923084        0.1349113        0.0205123
      7.6577593        0.0741868        0.0328600
      7.7232102        0.0271184        0.0424277
      7.7886612        0.0177371        0.0486684
      7.8541121        0.0343332        0.0514967
      7.9195630        0.0448134        0.0512661
      7.9850140        0.0272774        0.0486557
      8.0504649       -0.0114995        0.0445208
      8.1159158       -0.0440620        0.0397538
      8.1813668       -0.0472619        0.0351810
      8.2468177       -0.0212701        0.0314893
      8.3122686        0.0127698        0.0291696
      8.3777196        0.0317007        0.0284731
      8.4431705        0.0273851        0.0293933
      8.5086214        0.0075520        0.0316932
      8.5740724       -0.0169412        0.0349786
      8.6395233       -0.0431600        0.0387958
      8.7049742       -0.0736349        0.0427171
      8.7704252       -0.1041427        0.0463866
      8.8358761       -0.1172758        0.0495222
      8.9013270       -0.0929382        0.0518944
      8.9667780       -0.0295322        0.0533069
      9.0322289        0.0441667        0.0535976
      9.0976798        0.0820555        0.0526551
      9.1631308        0.0533941        0.0504400
      9.2285817       -0.0297674        0.0469993
      9.2940326       -0.1151153        0.0424687
      9.3594836       -0.1448851        0.0370656
      9.4249345       -0.0982586        0.0310740
      9.4903854       -0.0080608        0.0248209
      9.5558364        0.0628627        0.0186461
      9.6212873        0.0683766        0.0128694
      9.6867382        0.0126632        0.0077661
      9.7521892       -0.0555315        0.0035531
      9.8176401       -0.0828601        0.0003809
      9.8830911       -0.0531258       -0.0016802
      9.9485420        0.0023656       -0.0026672
     10.0139929        0.0328722       -0.0027579
     10.0794439        0.0104206       -0.0022864
     10.1448948       -0.0487514       -0.0017177
     10.2103457       -0.1000772       -0.0015722
     10.2757967       -0.1090598       -0.0023167
     10.3412476       -0.0793314       -0.0042560
     10.4066985       -0.0474124       -0.0074601
     10.4721495       -0.0499036       -0.0117477
     10.5376004       -0.0917369       -0.0167238
     10.6030513       -0.1421971       -0.0218611
     10.6685023       -0.1611147       -0.0266021
     10.7339532       -0.1321612       -0.0304673
     10.7994041       -0.0750564       -0.0331461
     10.8648551       -0.0273907       -0.0345501
     10.9303060       -0.0128207       -0.0348108
     10.9957569       -0.0232517       -0.0342206
     11.0612079       -0.0295203       -0.0331368
     11.1266588       -0.0100185       -0.0318840
     11.1921097        0.0284865       -0.0306890
     11.2575607        0.0560917       -0.0296615
     11.3230116        0.0461744       -0.0288136
     11.3884625       -0.0003572       -0.0280945
     11.4539135       -0.0542234       -0.0274248
     11.5193644       -0.0811003       -0.0267245
     11.5848153       -0.0689476       -0.0259412
     11.6502663       -0.0358884       -0.0250773
     11.7157172       -0.0121829       -0.0242068
     11.7811681       -0.0122821       -0.0234649
     11.8466191       -0.0215043       -0.0230042
     11.9120700       -0.0092857       -0.0229319
     11.9775209        0.0419543       -0.0232586
     12.0429719        0.1170052       -0.0238866
     12.1084228        0.1747435       -0.0246458
     12.1738737        0.1774738       -0.0253574
     12.2393247        0.1200370       -0.0258934
     12.3047756        0.0359266       -0.0262058
     12.3702265       -0.0243589       -0.0263212
     12.4356775       -0.0263744       -0.0263143
     12.5011284        0.0277186       -0.0262769
     12.5665794        0.1040819       -0.0262952
     12.6320303        0.1611178       -0.0264328
     12.6974812        0.1735977       -0.0267167
     12.7629322        0.1415445       -0.0271299
     12.8283831        0.0824207       -0.0276147
     12.8938340        0.0172069       -0.0280922
     12.9592850       -0.0381151       -0.0284915
     13.0247359       -0.0727691       -0.0287729
     13.0901868       -0.0788516       -0.0289324
     13.1556378       -0.0529279       -0.0289854
     13.2210887       -0.0012541       -0.0289409
     13.2865396        0.0580978       -0.0287861
     13.3519906        0.1018834       -0.0284911
     13.4174415        0.1147254       -0.0280304
     13.4828924        0.0988641       -0.0274073
     13.5483434        0.0719063       -0.0266666
     13.6137943        0.0532030       -0.0258888
     13.6792452        0.0493226       -0.0251708
     13.7446962        0.0504874       -0.0246014
     13.8101471        0.0409916       -0.0242406
     13.8755980        0.0147742       -0.0241073
     13.9410490       -0.0173157       -0.0241769
     14.0064999       -0.0352134       -0.0243891
     14.0719508       -0.0262643       -0.0246652
     14.1374018        0.0030619       -0.0249274
     14.2028527        0.0304476       -0.0251127
     14.2683036        0.0338240       -0.0251755
     14.3337546        0.0076268       -0.0250812
     14.3992055       -0.0334850       -0.0247990
     14.4646564       -0.0659027       -0.0243048
     14.5301074       -0.0739528       -0.0235949
     14.5955583       -0.0592918       -0.0227000
     14.6610092       -0.0366730       -0.0216851
     14.7264602       -0.0212060       -0.0206269
     14.7919111       -0.0182259       -0.0195808
     14.8573620       -0.0231420       -0.0185555
     14.9228130       -0.0291897       -0.0175150
     14.9882639       -0.0345181       -0.0164078
     15.0537148       -0.0419235       -0.0152058
     15.1191658       -0.0524778       -0.0139287
     15.1846167       -0.0605953       -0.0126392
     15.2500676       -0.0568160       -0.0114166
     15.3155186       -0.0369236       -0.0103254
     15.3809695       -0.0091216       -0.0094004
     15.4464205        0.0085091       -0.0086500
     15.5118714        0.0000910       -0.0080674
     15.5773223       -0.0352786       -0.0076377
     15.6427733       -0.0805896       -0.0073324
     15.7082242       -0.1111252       -0.0071016
     15.7736751       -0.1107407       -0.0068728
     15.8391261       -0.0821519       -0.0065646
     15.9045770       -0.0437444       -0.0061094
     15.9700279       -0.0158435       -0.0054732
     16.0354789       -0.0072051       -0.0046632

 Total S(Q)'s: Comparison with input data

   494  2 are NQ and NPAR

       Q      S(Q)_RMC  S(Q)_Expt
      0.4682470     -0.8260880     -0.8479151
      0.4982822     -0.7791155     -0.8118532
      0.5283174     -0.7153797     -0.7783499
      0.5583526     -0.6418504     -0.7493800
      0.5883878     -0.5664812     -0.7261986
      0.6184230     -0.4964246     -0.7091703
      0.6484582     -0.4364535     -0.6977406
      0.6784934     -0.3879013     -0.6905600
      0.7085286     -0.3483265     -0.6857362
      0.7385638     -0.3119677     -0.6811699
      0.7685990     -0.2709000     -0.6749116
      0.7986342     -0.2166695     -0.6654717
      0.8286694     -0.1420925     -0.6520260
      0.8587046     -0.0428744     -0.6344790
      0.8887398      0.0812606     -0.6133734
      0.9187750      0.2261464     -0.5896689
      0.9488102      0.3835439     -0.5644352
      0.9788454      0.5422402     -0.5385248
      1.0088806      0.6896874     -0.5122959
      1.0389158      0.8138900     -0.4854439
      1.0689510      0.9052138     -0.4569828
      1.0989862      0.9578074     -0.4253844
      1.1290214      0.9704001     -0.3888561
      1.1590566      0.9463581     -0.3457064
      1.1890918      0.8930113     -0.2947316
      1.2191270      0.8203895     -0.2355507
      1.2491622      0.7396026     -0.1688250
      1.2791974      0.6611512     -0.0963177
      1.3092326      0.5934495     -0.0207787
      1.3392678      0.5417937      0.0543280
      1.3693030      0.5079163      0.1252122
      1.3993382      0.4901568      0.1881957
      1.4293734      0.4841718      0.2401314
      1.4594086      0.4840191      0.2787395
      1.4894438      0.4833956      0.3028113
      1.5194790      0.4768038      0.3122594
      1.5495142      0.4604482      0.3080191
      1.5795494      0.4327320      0.2918289
      1.6095846      0.3943059      0.2659386
      1.6396198      0.3477059      0.2327983
      1.6696550      0.2966898      0.1947805
      1.6996902      0.2454246      0.1539739
      1.7297254      0.1976890      0.1120691
      1.7597606      0.1562391      0.0703370
      1.7897958      0.1224336      0.0296817
      1.8198311      0.0961609     -0.0092619
      1.8498663      0.0760449     -0.0460195
      1.8799015      0.0598568     -0.0801892
      1.9099367      0.0450292     -0.1113920
      1.9399719      0.0291585     -0.1392697
      1.9700071      0.0104018     -0.1635215
      2.0000423     -0.0122977     -0.1839616
      2.0300775     -0.0391756     -0.2005760
      2.0601127     -0.0697801     -0.2135543
      2.0901479     -0.1032207     -0.2232843
      2.1201831     -0.1384586     -0.2303023
      2.1502183     -0.1745665     -0.2352086
      2.1802535     -0.2109009     -0.2385647
      2.2102887     -0.2471566     -0.2407955
      2.2403239     -0.2833061     -0.2421191
      2.2703591     -0.3194519     -0.2425228
      2.3003943     -0.3556417     -0.2417919
      2.3304295     -0.3917007     -0.2395880
      2.3604647     -0.4271288     -0.2355612
      2.3904999     -0.4610925     -0.2294723
      2.4205351     -0.4925168     -0.2212999
      2.4505703     -0.5202568     -0.2113076
      2.4806055     -0.5433119     -0.2000570
      2.5106407     -0.5610320     -0.1883610
      2.5406759     -0.5732696     -0.1771857
      2.5707111     -0.5804420     -0.1675193
      2.6007463     -0.5834884     -0.1602322
      2.6307815     -0.5837284     -0.1559550
      2.6608167     -0.5826492     -0.1549966
      2.6908519     -0.5816649     -0.1573161
      2.7208871     -0.5818927     -0.1625508
      2.7509223     -0.5839894     -0.1700938
      2.7809575     -0.5880759     -0.1792024
      2.8109927     -0.5937595     -0.1891153
      2.8410279     -0.6002449     -0.1991580
      2.8710631     -0.6065060     -0.2088156
      2.9010983     -0.6114832     -0.2177656
      2.9311335     -0.6142664     -0.2258674
      2.9611687     -0.6142313     -0.2331178
      2.9912039     -0.6111087     -0.2395872
      3.0212391     -0.6049810     -0.2453516
      3.0512743     -0.5962165     -0.2504398
      3.0813095     -0.5853624     -0.2548043
      3.1113447     -0.5730240     -0.2583217
      3.1413799     -0.5597571     -0.2608206
      3.1714151     -0.5459923     -0.2621253
      3.2014503     -0.5320033     -0.2621056
      3.2314855     -0.5179151     -0.2607165
      3.2615207     -0.5037444     -0.2580186
      3.2915559     -0.4894514     -0.2541737
      3.3215911     -0.4749891     -0.2494153
      3.3516263     -0.4603330     -0.2440011
      3.3816615     -0.4454857     -0.2381580
      3.4116967     -0.4304570     -0.2320316
      3.4417319     -0.4152303     -0.2256519
      3.4717671     -0.3997253     -0.2189213
      3.5018023     -0.3837751     -0.2116285
      3.5318375     -0.3671253     -0.2034840
      3.5618727     -0.3494599     -0.1941707
      3.5919079     -0.3304502     -0.1833978
      3.6219431     -0.3098156     -0.1709495
      3.6519783     -0.2873805     -0.1567181
      3.6820135     -0.2631123     -0.1407171
      3.7120487     -0.2371289     -0.1230743
      3.7420839     -0.2096712     -0.1040069
      3.7721191     -0.1810448     -0.0837850
      3.8021543     -0.1515451     -0.0626918
      3.8321895     -0.1213816     -0.0409861
      3.8622247     -0.0906247     -0.0188729
      3.8922599     -0.0591873      0.0035140
      3.9222951     -0.0268521      0.0261195
      3.9523303      0.0066582      0.0489637
      3.9823655      0.0415805      0.0721319
      4.0124007      0.0780026      0.0957581
      4.0424359      0.1157696      0.1200063
      4.0724711      0.1544308      0.1450469
      4.1025063      0.1932435      0.1710309
      4.1325415      0.2312387      0.1980606
      4.1625767      0.2673413      0.2261579
      4.1926119      0.3005260      0.2552337
      4.2226471      0.3299780      0.2850632
      4.2526823      0.3552282      0.3152722
      4.2827175      0.3762339      0.3453408
      4.3127527      0.3933851      0.3746295
      4.3427879      0.4074321      0.4024269
      4.3728231      0.4193446      0.4280185
      4.4028583      0.4301260      0.4507659
      4.4328935      0.4406171      0.4701857
      4.4629287      0.4513270      0.4860151
      4.4929639      0.4623224      0.4982484
      4.5229991      0.4731998      0.5071371
      4.5530343      0.4831464      0.5131478
      4.5830695      0.4910793      0.5168827
      4.6131047      0.4958408      0.5189722
      4.6431399      0.4964121      0.5199595
      4.6731751      0.4921077      0.5201945
      4.7032103      0.4827150      0.5197594
      4.7332455      0.4685547      0.5184390
      4.7632807      0.4504505      0.5157452
      4.7933159      0.4296152      0.5109908
      4.8233511      0.4074750      0.5034031
      4.8533863      0.3854624      0.4922555
      4.8834215      0.3648147      0.4769949
      4.9134567      0.3464126      0.4573409
      4.9434919      0.3306831      0.4333394
      4.9735271      0.3175797      0.4053606
      5.0035623      0.3066390      0.3740441
      5.0335975      0.2970973      0.3402009
      5.0636327      0.2880437      0.3046949
      5.0936679      0.2785804      0.2683245
      5.1237031      0.2679633      0.2317302
      5.1537383      0.2557007      0.1953435
      5.1837735      0.2415990      0.1593861
      5.2138087      0.2257548      0.1239162
      5.2438439      0.2085018      0.0889101
      5.2738791      0.1903292      0.0543582
      5.3039143      0.1717901      0.0203531
      5.3339495      0.1534173     -0.0128513
      5.3639847      0.1356611     -0.0448237
      5.3940199      0.1188529     -0.0749872
      5.4240551      0.1031977     -0.1026933
      5.4540903      0.0887860     -0.1273226
      5.4841255      0.0756181     -0.1483903
      5.5141607      0.0636297     -0.1656362
      5.5441959      0.0527121     -0.1790765
      5.5742311      0.0427226     -0.1890095
      5.6042663      0.0334868     -0.1959700
      5.6343015      0.0247966     -0.2006445
      5.6643367      0.0164110     -0.2037608
      5.6943719      0.0080654     -0.2059769
      5.7244071     -0.0005075     -0.2077885
      5.7544423     -0.0095450     -0.2094739
      5.7844775     -0.0192163     -0.2110849
      5.8145127     -0.0295844     -0.2124833
      5.8445479     -0.0405814     -0.2134128
      5.8745831     -0.0520018     -0.2135894
      5.9046183     -0.0635216     -0.2127903
      5.9346535     -0.0747421     -0.2109225
      5.9646887     -0.0852523     -0.2080572
      5.9947239     -0.0947000     -0.2044250
      6.0247591     -0.1028572     -0.2003747
      6.0547943     -0.1096677     -0.1963068
      6.0848295     -0.1152644     -0.1925983
      6.1148647     -0.1199524     -0.1895352
      6.1448999     -0.1241599     -0.1872674
      6.1749351     -0.1283643     -0.1857945
      6.2049703     -0.1330079     -0.1849833
      6.2350055     -0.1384201     -0.1846101
      6.2650407     -0.1447596     -0.1844166
      6.2950759     -0.1519902     -0.1841643
      6.3251111     -0.1598935     -0.1836743
      6.3551463     -0.1681159     -0.1828441
      6.3851815     -0.1762402     -0.1816383
      6.4152167     -0.1838661     -0.1800583
      6.4452519     -0.1906837     -0.1781009
      6.4752871     -0.1965235     -0.1757185
      6.5053223     -0.2013744     -0.1727931
      6.5353575     -0.2053645     -0.1691335
      6.5653927     -0.2087117     -0.1644984
      6.5954279     -0.2116548     -0.1586398
      6.6254631     -0.2143804     -0.1513581
      6.6554983     -0.2169644     -0.1425549
      6.6855335     -0.2193404     -0.1322683
      6.7155687     -0.2213029     -0.1206818
      6.7456039     -0.2225479     -0.1081014
      6.7756391     -0.2227394     -0.0949042
      6.8056743     -0.2215915     -0.0814688
      6.8357095     -0.2189451     -0.0681031
      6.8657447     -0.2148238     -0.0549851
      6.8957799     -0.2094541     -0.0421332
      6.9258151     -0.2032453     -0.0294116
      6.9558503     -0.1967285     -0.0165736
      6.9858855     -0.1904673     -0.0033328
      7.0159207     -0.1849561      0.0105524
      7.0459559     -0.1805255      0.0252000
      7.0759911     -0.1772740      0.0405495
      7.1060263     -0.1750403      0.0563457
      7.1360615     -0.1734229      0.0721644
      7.1660967     -0.1718439      0.0874778
      7.1961319     -0.1696468      0.1017449
      7.2261671     -0.1662105      0.1145084
      7.2562023     -0.1610576      0.1254764
      7.2862375     -0.1539398      0.1345694
      7.3162727     -0.1448820      0.1419231
      7.3463079     -0.1341796      0.1478433
      7.3763431     -0.1223493      0.1527245
      7.4063783     -0.1100420      0.1569481
      7.4364135     -0.0979352      0.1607847
      7.4664487     -0.0866234      0.1643225
      7.4964839     -0.0765258      0.1674401
      7.5265191     -0.0678258      0.1698308
      7.5565543     -0.0604536      0.1710760
      7.5865895     -0.0541094      0.1707521
      7.6166247     -0.0483251      0.1685477
      7.6466599     -0.0425490      0.1643662
      7.6766951     -0.0362394      0.1583882
      7.7067303     -0.0289517      0.1510778
      7.7367655     -0.0204033      0.1431295
      7.7668008     -0.0105104      0.1353621
      7.7968360      0.0006091      0.1285816
      7.8268712      0.0126621      0.1234386
      7.8569064      0.0252309      0.1203109
      7.8869416      0.0378362      0.1192357
      7.9169768      0.0500028      0.1199063
      7.9470120      0.0613180      0.1217349
      7.9770472      0.0714772      0.1239703
      8.0070824      0.0803096      0.1258463
      8.0371176      0.0877872      0.1267317
      8.0671528      0.0940166      0.1262503
      8.0971880      0.0992169      0.1243482
      8.1272232      0.1036888      0.1212938
      8.1572584      0.1077782      0.1176129
      8.1872936      0.1118358      0.1139709
      8.2173288      0.1161780      0.1110301
      8.2473640      0.1210489      0.1093095
      8.2773992      0.1265879      0.1090780
      8.3074344      0.1328046      0.1103012
      8.3374696      0.1395659      0.1126520
      8.3675048      0.1465977      0.1155817
      8.3975400      0.1535052      0.1184339
      8.4275752      0.1598113      0.1205763
      8.4576104      0.1650116      0.1215224
      8.4876456      0.1686414      0.1210168
      8.5176808      0.1703458      0.1190680
      8.5477160      0.1699419      0.1159229
      8.5777512      0.1674634      0.1119922
      8.6077864      0.1631765      0.1077440
      8.6378216      0.1575629      0.1035911
      8.6678568      0.1512665      0.0997980
      8.6978920      0.1450116      0.0964276
      8.7279272      0.1395018      0.0933382
      8.7579624      0.1353153      0.0902298
      8.7879976      0.1328143      0.0867278
      8.8180328      0.1320833      0.0824829
      8.8480680      0.1329099      0.0772619
      8.8781032      0.1348121      0.0710106
      8.9081384      0.1371102      0.0638701
      8.9381736      0.1390321      0.0561466
      8.9682088      0.1398361      0.0482388
      8.9982440      0.1389290      0.0405432
      9.0282792      0.1359616      0.0333577
      9.0583144      0.1308819      0.0268083
      9.0883496      0.1239391      0.0208163
      9.1183848      0.1156359      0.0151141
      9.1484200      0.1066382      0.0093075
      9.1784552      0.0976579      0.0029711
      9.2084904      0.0893298     -0.0042457
      9.2385256      0.0821054     -0.0125264
      9.2685608      0.0761807     -0.0218291
      9.2985960      0.0714727     -0.0318779
      9.3286312      0.0676470     -0.0422057
      9.3586664      0.0641905     -0.0522409
      9.3887016      0.0605157     -0.0614177
      9.4187368      0.0560766     -0.0692875
      9.4487720      0.0504750     -0.0756055
      9.4788072      0.0435365     -0.0803739
      9.5088424      0.0353446     -0.0838318
      9.5388776      0.0262256     -0.0863950
      9.5689128      0.0166894     -0.0885575
      9.5989480      0.0073370     -0.0907790
      9.6289832     -0.0012469     -0.0933825
      9.6590184     -0.0085965     -0.0964841
      9.6890536     -0.0144440     -0.0999727
      9.7190888     -0.0187618     -0.1035413
      9.7491240     -0.0217619     -0.1067638
      9.7791592     -0.0238521     -0.1091994
      9.8091944     -0.0255619     -0.1104989
      9.8392296     -0.0274494     -0.1104908
      9.8692648     -0.0300090     -0.1092249
      9.8993000     -0.0335943     -0.1069652
      9.9293352     -0.0383700     -0.1041333
      9.9593704     -0.0442983     -0.1012147
      9.9894056     -0.0511598     -0.0986509
     10.0194408     -0.0586022     -0.0967412
     10.0494760     -0.0662048     -0.0955777
     10.0795112     -0.0735471     -0.0950284
     10.1095464     -0.0802671     -0.0947725
     10.1395816     -0.0861020     -0.0943797
     10.1696168     -0.0909048     -0.0934157
     10.1996520     -0.0946388     -0.0915490
     10.2296872     -0.0973549     -0.0886343
     10.2597224     -0.0991580     -0.0847528
     10.2897576     -0.1001753     -0.0801993
     10.3197928     -0.1005298     -0.0754191
     10.3498280     -0.1003269     -0.0709083
     10.3798632     -0.0996548     -0.0670999
     10.4098984     -0.0985940     -0.0642628
     10.4399336     -0.0972325     -0.0624365
     10.4699688     -0.0956790     -0.0614163
     10.5000040     -0.0940684     -0.0607950
     10.5300392     -0.0925551     -0.0600499
     10.5600744     -0.0912946     -0.0586566
     10.5901096     -0.0904168     -0.0562041
     10.6201448     -0.0899956     -0.0524840
     10.6501800     -0.0900243     -0.0475334
     10.6802152     -0.0904030     -0.0416218
     10.7102504     -0.0909429     -0.0351839
     10.7402856     -0.0913902     -0.0287146
     10.7703208     -0.0914648     -0.0226495
     10.8003560     -0.0909097     -0.0172591
     10.8303912     -0.0895397     -0.0125818
     10.8604264     -0.0872806     -0.0084125
     10.8904616     -0.0841890     -0.0043487
     10.9204968     -0.0804495      0.0001132
     10.9505320     -0.0763454      0.0054549
     10.9805672     -0.0722104      0.0120142
     11.0106024     -0.0683672      0.0198916
     11.0406376     -0.0650663      0.0289100
     11.0706728     -0.0624367      0.0386364
     11.1007080     -0.0604577      0.0484634
     11.1307432     -0.0589593      0.0577331
     11.1607784     -0.0576511      0.0658766
     11.1908136     -0.0561755      0.0725373
     11.2208488     -0.0541755      0.0776495
     11.2508840     -0.0513638      0.0814549
     11.2809192     -0.0475813      0.0844499
     11.3109544     -0.0428315      0.0872755
     11.3409896     -0.0372859      0.0905729
     11.3710248     -0.0312571      0.0948360
     11.4010600     -0.0251453      0.1002944
     11.4310952     -0.0193672      0.1068523
     11.4611304     -0.0142806      0.1140990
     11.4911656     -0.0101195      0.1213884
     11.5212008     -0.0069502      0.1279708
     11.5512360     -0.0046584      0.1331488
     11.5812712     -0.0029695      0.1364231
     11.6113064     -0.0014974      0.1375947
     11.6413416      0.0001856      0.1368023
     11.6713768      0.0024711      0.1344856
     11.7014120      0.0056431      0.1312828
     11.7314472      0.0098254      0.1278856
     11.7614824      0.0149567      0.1248846
     11.7915176      0.0207979      0.1226392
     11.8215528      0.0269692      0.1212023
     11.8515880      0.0330112      0.1203168
     11.8816232      0.0384575      0.1194834
     11.9116584      0.0429074      0.1180871
     11.9416936      0.0460858      0.1155491
     11.9717288      0.0478814      0.1114730
     12.0017640      0.0483579      0.1057487
     12.0317992      0.0477371      0.0985897
     12.0618344      0.0463594      0.0904952
     12.0918696      0.0446292      0.0821441
     12.1219048      0.0429550      0.0742438
     12.1519400      0.0416939      0.0673707
     12.1819752      0.0411100      0.0618358
     12.2120104      0.0413504      0.0576111
     12.2420456      0.0424411      0.0543313
     12.2720808      0.0443014      0.0513752
     12.3021160      0.0467706      0.0480079
     12.3321512      0.0496420      0.0435524
     12.3621864      0.0526967      0.0375532
     12.3922216      0.0557317      0.0298923
     12.4222568      0.0585793      0.0208316
     12.4522920      0.0611152      0.0109691
     12.4823272      0.0632585      0.0011181
     12.5123624      0.0649634     -0.0078657
     12.5423976      0.0662093     -0.0152708
     12.5724328      0.0669896     -0.0206876
     12.6024680      0.0673047     -0.0241021
     12.6325032      0.0671578     -0.0259027
     12.6625384      0.0665559     -0.0267968
     12.6925736      0.0655126     -0.0276551
     12.7226088      0.0640518     -0.0293184
     12.7526440      0.0622109     -0.0324077
     12.7826792      0.0600405     -0.0371832
     12.8127144      0.0576020     -0.0434831
     12.8427496      0.0549624     -0.0507575
     12.8727848      0.0521881     -0.0581909
     12.9028200      0.0493398     -0.0648861
     12.9328552      0.0464689     -0.0700688
     12.9628904      0.0436174     -0.0732663
     12.9929256      0.0408207     -0.0744183
     13.0229608      0.0381121     -0.0738943
     13.0529960      0.0355280     -0.0724122
     13.0830312      0.0331099     -0.0708748
     13.1130664      0.0309044     -0.0701621
     13.1431016      0.0289578     -0.0709249
     13.1731368      0.0273064     -0.0734292
     13.2031720      0.0259650     -0.0774883
     13.2332072      0.0249150     -0.0824986
     13.2632424      0.0240960     -0.0875755
     13.2932776      0.0234035     -0.0917569
     13.3233128      0.0226943     -0.0942307
     13.3533480      0.0218003     -0.0945320
     13.3833832      0.0205499     -0.0926635
     13.4134184      0.0187922     -0.0891087
     13.4434536      0.0164223     -0.0847306
     13.4734888      0.0134005     -0.0805780
     13.5035240      0.0097635     -0.0776391
     13.5335592      0.0056239     -0.0766008
     13.5635944      0.0011579     -0.0776686
     13.5936296     -0.0034179     -0.0804929
     13.6236648     -0.0078759     -0.0842230
     13.6537000     -0.0120092     -0.0876810
     13.6837353     -0.0156595     -0.0896213
     13.7137705     -0.0187367     -0.0890190
     13.7438057     -0.0212266     -0.0853220
     13.7738409     -0.0231867     -0.0786070
     13.8038761     -0.0247298     -0.0695991
     13.8339113     -0.0260000     -0.0595458
     13.8639465     -0.0271456     -0.0499650
     13.8939817     -0.0282934     -0.0423218
     13.9240169     -0.0295298     -0.0377014
     13.9540521     -0.0308914     -0.0365545
     13.9840873     -0.0323653     -0.0385735
     14.0141225     -0.0338993     -0.0427358
     14.0441577     -0.0354173     -0.0475080
     14.0741929     -0.0368371     -0.0511749
     14.1042281     -0.0380854     -0.0522222
     14.1342633     -0.0391081     -0.0496896
     14.1642985     -0.0398722     -0.0434122
     14.1943337     -0.0403617     -0.0340929
     14.2243689     -0.0405685     -0.0231791
     14.2544041     -0.0404822     -0.0125650
     14.2844393     -0.0400821     -0.0041783
     14.3144745     -0.0393358      0.0004606
     14.3445097     -0.0382050      0.0006079
     14.3745449     -0.0366587     -0.0034938
     14.4045801     -0.0346918     -0.0106199
     14.4346153     -0.0323431     -0.0187953
     14.4646505     -0.0297098     -0.0257108
     14.4946857     -0.0269521     -0.0292425
     14.5247209     -0.0242851     -0.0279609
     14.5547561     -0.0219570     -0.0215151
     14.5847913     -0.0202162     -0.0107940
     14.6148265     -0.0192703      0.0021851
     14.6448617     -0.0192467      0.0146572
     14.6748969     -0.0201602      0.0236941
     14.7049321     -0.0218954      0.0268772
     14.7349673     -0.0242095      0.0229175
     14.7650025     -0.0267558      0.0120777
     14.7950377     -0.0291272     -0.0037117
     14.8250729     -0.0309124     -0.0210993
     14.8551081     -0.0317565     -0.0359037
     14.8851433     -0.0314163     -0.0439591
     14.9151785     -0.0298003     -0.0420640
     14.9452137     -0.0269852     -0.0288506
     14.9752489     -0.0232079     -0.0053927
     15.0052841     -0.0188301      0.0245908
     15.0353193     -0.0142844      0.0550131
     15.0653545     -0.0100083      0.0781653
     15.0953897     -0.0063790      0.0858304
     15.1254249     -0.0036580      0.0705903
     15.1554601     -0.0019566      0.0271065
     15.1854953     -0.0012272     -0.0468523
     15.2155305     -0.0012804     -0.1498241
     15.2455657     -0.0018263     -0.2766282
     15.2756009     -0.0025301     -0.4189236
