 Results from RMCProfile version 6.7.9.5

 (Version 6f format configuration file)                                          

 2 experiments   3 partials

 Partial g(r)'s are printed out below

    99  3 are NR and NPAR

   r (Ang)
   0.06545     0.00000     0.00000     0.00000
   0.13090     0.00000     0.00000     0.00000
   0.19635     0.00000     0.00000     0.00000
   0.26180     0.00000     0.00000     0.00000
   0.32725     0.00000     0.00000     0.00000
   0.39271     0.00000     0.00000     0.00000
   0.45816     0.00000     0.00000     0.00000
   0.52361     0.00000     0.00000     0.00000
   0.58906     0.00000     0.00000     0.87758
   0.65451     0.00000     0.00000     0.00000
   0.71996     0.00000     0.00000     0.00000
   0.78541     0.00000     0.00000     0.00000
   0.85086     0.00000     0.00000     0.00000
   0.91631     0.00000     0.00000     0.00000
   0.98176     0.00000     0.00000     0.31614
   1.04721     0.00000     0.00000     0.27787
   1.11267     0.00000     0.00000     0.00000
   1.17812     0.00000     0.00000     0.00000
   1.24357     0.00000     0.00000     0.00000
   1.30902     0.00000     0.17786     0.35571
   1.37447     0.64530     0.48397     0.64530
   1.43992     1.76393     1.02896     0.58798
   1.50537     0.00000     4.43823     0.00000
   1.57082     0.00000     4.57021     0.24704
   1.63627     0.00000     4.89497     0.22767
   1.70172     0.84200     4.84147     0.52625
   1.76718     0.00000     5.66071     0.19520
   1.83263     0.00000     4.62837     1.17978
   1.89808     0.33841     3.72249     0.50761
   1.96353     0.00000     2.45075     0.07906
   2.02898     0.29615     0.51827     0.66635
   2.09443     0.27794     0.13897     0.13897
   2.15988     0.00000     0.19601     0.13067
   2.22533     0.00000     0.24620     0.18465
   2.29078     0.00000     0.23233     0.05808
   2.35623     0.00000     0.10980     0.05490
   2.42168     0.00000     0.05197     0.00000
   2.48714     0.00000     0.00000     0.68985
   2.55259     0.00000     0.00000     1.35664
   2.61804     0.17788     0.26683     1.86778
   2.68349     0.16931     0.42328     2.32806
   2.74894     0.48404     0.72606     1.93616
   2.81439     0.30786     0.61572     2.03957
   2.87984     0.00000     0.22052     2.75649
   2.94529     0.00000     0.17569     3.51380
   3.01074     1.07606     0.10088     3.79984
   3.07619     5.41149     0.74086     0.48317
   3.14164     3.45891     0.98826     0.64855
   3.20710     2.25230     0.41490     0.94834
   3.27255     1.48002     0.68309     0.28462
   3.33800     1.09427     0.65656     0.54714
   3.40345     1.36837     0.68418     0.65787
   3.46890     1.51987     0.88659     0.70927
   3.53435     1.65932     0.87846     0.53684
   3.59980     0.94090     0.56454     0.58806
   3.66525     1.08911     0.40842     0.31766
   3.73070     0.78843     0.45992     0.54752
   3.79615     1.01530     0.63456     0.69802
   3.86161     0.81765     1.22647     0.71544
   3.92706     0.63250     1.20569     0.94874
   3.99251     0.53544     1.12824     0.76491
   4.05796     0.44426     1.14767     0.48128
   4.12341     0.35856     1.07567     0.69919
   4.18886     0.69488     1.18130     0.93809
   4.25431     0.67367     1.83574     0.90945
   4.31976     0.84943     2.04190     0.93110
   4.38521     1.01448     1.74363     1.03033
   4.45066     0.67709     1.66195     0.73864
   4.51611     0.41848     1.38994     0.86685
   4.58157     0.81321     1.23434     0.85678
   4.64702     0.50816     1.35509     1.25628
   4.71247     1.04319     1.33143     0.96083
   4.77792     0.85457     1.17503     1.10827
   4.84337     0.98756     0.89660     1.03954
   4.90882     0.86020     0.68310     0.86020
   4.97427     0.73916     0.65292     0.98554
   5.03972     0.96011     0.87610     1.24815
   5.10517     1.59061     1.00583     1.34500
   5.17062     1.59620     1.03753     1.26556
   5.23607     1.15629     1.05623     1.13406
   5.30153     1.25806     0.74833     1.00862
   5.36698     1.01592     0.83601     0.97359
   5.43243     1.23948     0.84698     1.23948
   5.49788     1.65386     0.97820     1.38158
   5.56333     1.77276     1.08335     1.20154
   5.62878     1.30845     0.79854     1.40466
   5.69423     1.01531     0.73328     1.08112
   5.75968     0.99237     0.69833     0.84535
   5.82513     1.22173     0.66476     1.07799
   5.89058     1.44070     0.91362     1.05417
   5.95604     1.30610     1.07410     1.14284
   6.02149     1.44600     0.95840     0.97521
   6.08694     0.59236     0.88031     0.82272
   6.15239     0.64424     0.79725     0.73283
   6.21784     0.66229     0.77267     0.78056
   6.28329     0.74122     1.01145     0.88791
   6.34874     1.02852     0.93020     1.05877
   6.41419     0.80018     0.89650     0.86686
   6.47964     0.23232     0.63163     0.55177

 Partial S(Q)'s are printed out below

   611  3 are NQ and NPAR

      Q          S(Q)_1      S(Q)_2      S(Q)_3
  0.4682470    -2.6008996    -0.0366458    -1.3342313
  0.4982822    -2.6112600     0.2290954    -1.2758155
  0.5283159    -2.6258173     0.4669198    -1.2255279
  0.5583480    -2.6437500     0.6738924    -1.1836846
  0.5883784    -2.6639803     0.8479440    -1.1502977
  0.6184069    -2.6852028     0.9879012    -1.1250837
  0.6484336    -2.7059229     1.0934925    -1.1074820
  0.6784584    -2.7245049     1.1653295    -1.0966827
  0.7084810    -2.7392262     1.2048666    -1.0916628
  0.7385015    -2.7483377     1.2143371    -1.0912291
  0.7685198    -2.7501263     1.1966713    -1.0940668
  0.7985357    -2.7429791     1.1553964    -1.0987924
  0.8285491    -2.7254465     1.0945232    -1.1040072
  0.8585601    -2.6963004     1.0184209    -1.1083525
  0.8885684    -2.6545878     0.9316864    -1.1105616
  0.9185740    -2.5996756     0.8390083    -1.1095091
  0.9485769    -2.5312855     0.7450329    -1.1042539
  0.9785768    -2.4495187     0.6542333    -1.0940762
  1.0085738    -2.3548668     0.5707861    -1.0785054
  1.0385677    -2.2482103     0.4984592    -1.0573397
  1.0685584    -2.1308041     0.4405135    -1.0306547
  1.0985458    -2.0042486     0.3996199    -0.9988029
  1.1285300    -1.8704498     0.3777954    -0.9624018
  1.1585106    -1.7315669     0.3763578    -0.9223132
  1.1884878    -1.5899502     0.3959018    -0.8796122
  1.2184613    -1.4480719     0.4362948    -0.8355487
  1.2484312    -1.3084496     0.4966935    -0.7915017
  1.2783972    -1.1735678     0.5755800    -0.7489280
  1.3083593    -1.0457984     0.6708155    -0.7093076
  1.3383174    -0.9273219     0.7797106    -0.6740871
  1.3682715    -0.8200553     0.8991097    -0.6446229
  1.3982214    -0.7255850     1.0254855    -0.6221271
  1.4281670    -0.6451103     1.1550436    -0.6076163
  1.4581083    -0.5793981     1.2838312    -0.6018673
  1.4880452    -0.5287506     1.4078483    -0.6053792
  1.5179775    -0.4929878     1.5231583    -0.6183440
  1.5479052    -0.4714447     1.6259950    -0.6406280
  1.5778281    -0.4629851     1.7128619    -0.6717621
  1.6077463    -0.4660299     1.7806233    -0.7109444
  1.6376596    -0.4786008     1.8265837    -0.7570528
  1.6675679    -0.4983776     1.8485534    -0.8086692
  1.6974711    -0.5227674     1.8448999    -0.8641126
  1.7273691    -0.5489838     1.8145833    -0.9214826
  1.7572618    -0.5741339     1.7571754    -0.9787101
  1.7871493    -0.5953103     1.6728625    -1.0336141
  1.8170312    -0.6096849     1.5624322    -1.0839644
  1.8469077    -0.6146023     1.4272455    -1.1275454
  1.8767785    -0.6076692     1.2691943    -1.1622223
  1.9066436    -0.5868373     1.0906466    -1.1860052
  1.9365029    -0.5504772     0.8943820    -1.1971102
  1.9663562    -0.4974397     0.6835181    -1.1940160
  1.9962036    -0.4271045     0.4614302    -1.1755128
  2.0260449    -0.3394127     0.2316681    -1.1407441
  2.0558801    -0.2348831    -0.0021290    -1.0892378
  2.0857090    -0.1146109    -0.2363176    -1.0209274
  2.1155315     0.0197509    -0.4673308    -0.9361622
  2.1453476     0.1660269    -0.6917558    -0.8357047
  2.1751571     0.3215713    -0.9064029    -0.7207185
  2.2049601     0.4833341    -1.1083681    -0.5927427
  2.2347563     0.6479405    -1.2950847    -0.4536580
  2.2645457     0.8117809    -1.4643649    -0.3056416
  2.2943282     0.9711085    -1.6144311    -0.1511151
  2.3241037     1.1221426    -1.7439347     0.0073151
  2.3538721     1.2611733    -1.8519643     0.1669215
  2.3836334     1.3846657    -1.9380428     0.3249231
  2.4133874     1.4893603    -2.0021145     0.4785541
  2.4431340     1.5723657    -2.0445222     0.6251311
  2.4728732     1.6312422    -2.0659770     0.7621183
  2.5026049     1.6640732    -2.0675203     0.8871887
  2.5323289     1.6695220    -2.0504802     0.9982779
  2.5620453     1.6468733    -2.0164245     1.0936315
  2.5917538     1.5960575    -1.9671107     1.1718430
  2.6214544     1.5176567    -1.9044343     1.2318827
  2.6511471     1.4128940    -1.8303786     1.2731155
  2.6808317     1.2836044    -1.7469652     1.2953086
  2.7105081     1.1321895    -1.6562076     1.2986277
  2.7401762     0.9615573    -1.5600688     1.2836240
  2.7698360     0.7750479    -1.4604233     1.2512103
  2.7994874     0.5763486    -1.3590250     1.2026286
  2.8291302     0.3694002    -1.2574803     1.1394098
  2.8587645     0.1582974    -1.1572276     1.0633269
  2.8883900    -0.0528144    -1.0595231     0.9763430
  2.9180067    -0.2598421    -0.9654319     0.8805565
  2.9476145    -0.4588451    -0.8758256     0.7781433
  2.9772134    -0.6461301    -0.7913845     0.6713002
  3.0068031    -0.8183385    -0.7126045     0.5621889
  3.0363838    -0.9725221    -0.6398083     0.4528835
  3.0659551    -1.1062078    -0.5731594     0.3453225
  3.0955172    -1.2174479    -0.5126788     0.2412661
  3.1250698    -1.3048546    -0.4582633     0.1422612
  3.1546128    -1.3676203    -0.4097046     0.0496126
  3.1841463    -1.4055205    -0.3667085    -0.0356364
  3.2136701    -1.4189016    -0.3289141    -0.1127155
  3.2431841    -1.4086540    -0.2959113    -0.1811305
  3.2726882    -1.3761704    -0.2672574    -0.2406581
  3.3021823    -1.3232926    -0.2424913    -0.2913329
  3.3316664    -1.2522475    -0.2211462    -0.3334269
  3.3611403    -1.1655741    -0.2027592    -0.3674240
  3.3906040    -1.0660455    -0.1868795    -0.3939875
  3.4200574    -0.9565857    -0.1730739    -0.4139256
  3.4495003    -0.8401867    -0.1609302    -0.4281528
  3.4789327    -0.7198258    -0.1500590    -0.4376502
  3.5083546    -0.5983864    -0.1400940    -0.4434260
  3.5377657    -0.4785853    -0.1306909    -0.4464770
  3.5671661    -0.3629070    -0.1215255    -0.4477521
  3.5965556    -0.2535474    -0.1122915    -0.4481197
  3.6259341    -0.1523684    -0.1026981    -0.4483392
  3.6553016    -0.0608644    -0.0924680    -0.4490375
  3.6846580     0.0198599    -0.0813351    -0.4506915
  3.7140032     0.0890982    -0.0690446    -0.4536162
  3.7433370     0.1465398    -0.0553519    -0.4579597
  3.7726594     0.1922544    -0.0400244    -0.4637036
  3.8019704     0.2266665    -0.0228433    -0.4706701
  3.8312697     0.2505200    -0.0036070    -0.4785342
  3.8605574     0.2648347     0.0178654    -0.4868410
  3.8898333     0.2708556     0.0417285    -0.4950276
  3.9190974     0.2699983     0.0681056    -0.5024474
  3.9483496     0.2637911     0.0970827    -0.5083983
  3.9775897     0.2538157     0.1287030    -0.5121513
  4.0068177     0.2416498     0.1629605    -0.5129798
  4.0360334     0.2288113     0.1997960    -0.5101890
  4.0652369     0.2167079     0.2390918    -0.5031432
  4.0944281     0.2065917     0.2806695    -0.4912910
  4.1236067     0.1995211     0.3242874    -0.4741877
  4.1527728     0.1963314     0.3696410    -0.4515131
  4.1819262     0.1976129     0.4163637    -0.4230864
  4.2110669     0.2036991     0.4640304    -0.3888753
  4.2401947     0.2146635     0.5121624    -0.3490006
  4.2693097     0.2303259     0.5602340    -0.3037358
  4.2984116     0.2502665     0.6076808    -0.2535028
  4.3275005     0.2738483     0.6539094    -0.1988611
  4.3565761     0.3002464     0.6983086    -0.1404951
  4.3856385     0.3284817     0.7402610    -0.0791961
  4.4146876     0.3574610     0.7791561    -0.0158420
  4.4437232     0.3860176     0.8144028     0.0486256
  4.4727452     0.4129555     0.8454425     0.1132256
  4.5017536     0.4370924     0.8717619     0.1769629
  4.5307483     0.4573014     0.8929043     0.2388535
  4.5597293     0.4725503     0.9084805     0.2979491
  4.5886963     0.4819368     0.9181784     0.3533603
  4.6176493     0.4847191     0.9217705     0.4042777
  4.6465883     0.4803399     0.9191197     0.4499901
  4.6755131     0.4684446     0.9101832     0.4899000
  4.7044237     0.4488926     0.8950142     0.5235351
  4.7333199     0.4217613     0.8737613     0.5505568
  4.7622018     0.3873430     0.8466661     0.5707637
  4.7910691     0.3461360     0.8140580     0.5840927
  4.8199218     0.2988277     0.7763480     0.5906150
  4.8487599     0.2462741     0.7340200     0.5905293
  4.8775831     0.1894729     0.6876208     0.5841518
  4.9063916     0.1295337     0.6377487     0.5719032
  4.9351850     0.0676451     0.5850416     0.5542934
  4.9639635     0.0050400     0.5301641     0.5319044
  4.9927268    -0.0570392     0.4737943     0.5053725
  5.0214749    -0.1173759     0.4166104     0.4753690
  5.0502077    -0.1748115     0.3592786     0.4425818
  5.0789252    -0.2282767     0.3024404     0.4076967
  5.1076271    -0.2768178     0.2467020     0.3713805
  5.1363135    -0.3196203     0.1926238     0.3342649
  5.1649843    -0.3560264     0.1407123     0.2969330
  5.1936393    -0.3855488     0.0914127     0.2599076
  5.2222785    -0.4078776     0.0451038     0.2236422
  5.2509018    -0.4228829     0.0020941     0.1885145
  5.2795091    -0.4306117    -0.0373801     0.1548228
  5.3081003    -0.4312793    -0.0731547     0.1227852
  5.3366753    -0.4252572    -0.1051370     0.0925410
  5.3652341    -0.4130552    -0.1333025     0.0641548
  5.3937766    -0.3953019    -0.1576909     0.0376229
  5.4223026    -0.3727214    -0.1784008     0.0128812
  5.4508121    -0.3461081    -0.1955836    -0.0101853
  5.4793050    -0.3163014    -0.2094366    -0.0317314
  5.5077812    -0.2841592    -0.2201954    -0.0519407
  5.5362406    -0.2505323    -0.2281265    -0.0710136
  5.5646832    -0.2162411    -0.2335193    -0.0891561
  5.5931088    -0.1820527    -0.2366787    -0.1065683
  5.6215173    -0.1486625    -0.2379180    -0.1234345
  5.6499088    -0.1166775    -0.2375517    -0.1399140
  5.6782830    -0.0866044    -0.2358899    -0.1561335
  5.7066400    -0.0588406    -0.2332325    -0.1721811
  5.7349795    -0.0336697    -0.2298647    -0.1881022
  5.7633016    -0.0112607    -0.2260532    -0.2038968
  5.7916061     0.0083289    -0.2220435    -0.2195194
  5.8198930     0.0251463    -0.2180574    -0.2348802
  5.8481622     0.0393340    -0.2142917    -0.2498480
  5.8764135     0.0511172    -0.2109180    -0.2642551
  5.9046470     0.0607886    -0.2080820    -0.2779027
  5.9328624     0.0686930    -0.2059046    -0.2905686
  5.9610598     0.0752091    -0.2044824    -0.3020148
  5.9892391     0.0807320    -0.2038894    -0.3119958
  6.0174000     0.0856561    -0.2041781    -0.3202675
  6.0455427     0.0903579    -0.2053811    -0.3265961
  6.0736669     0.0951811    -0.2075130    -0.3307658
  6.1017727     0.1004225    -0.2105716    -0.3325872
  6.1298598     0.1063214    -0.2145393    -0.3319039
  6.1579283     0.1130504    -0.2193847    -0.3285985
  6.1859780     0.1207094    -0.2250632    -0.3225970
  6.2140089     0.1293229    -0.2315181    -0.3138725
  6.2420208     0.1388395    -0.2386811    -0.3024471
  6.2700138     0.1491344    -0.2464727    -0.2883922
  6.2979876     0.1600153    -0.2548027    -0.2718278
  6.3259422     0.1712293    -0.2635703    -0.2529200
  6.3538776     0.1824735    -0.2726642    -0.2318778
  6.3817936     0.1934062    -0.2819628    -0.2089480
  6.4096902     0.2036597    -0.2913349    -0.1844101
  6.4375673     0.2128539    -0.3006396    -0.1585695
  6.4654247     0.2206106    -0.3097273    -0.1317505
  6.4932625     0.2265670    -0.3184410    -0.1042893
  6.5210805     0.2303893    -0.3266168    -0.0765263
  6.5488786     0.2317846    -0.3340862    -0.0487989
  6.5766567     0.2305120    -0.3406778    -0.0214341
  6.6044148     0.2263918    -0.3462196     0.0052576
  6.6321529     0.2193122    -0.3505418     0.0309884
  6.6598707     0.2092345    -0.3534794     0.0554984
  6.6875682     0.1961954    -0.3548758     0.0785597
  6.7152453     0.1803075    -0.3545858     0.0999797
  6.7429020     0.1617567    -0.3524787     0.1196031
  6.7705382     0.1407978    -0.3484425     0.1373131
  6.7981537     0.1177481    -0.3423862     0.1530319
  6.8257485     0.0929791    -0.3342437     0.1667191
  6.8533225     0.0669060    -0.3239756     0.1783701
  6.8808757     0.0399771    -0.3115723     0.1880138
  6.9084079     0.0126614    -0.2970555     0.1957087
  6.9359190    -0.0145638    -0.2804793     0.2015392
  6.9634090    -0.0412260    -0.2619309     0.2056112
  6.9908778    -0.0668692    -0.2415304     0.2080475
  7.0183253    -0.0910662    -0.2194300     0.2089829
  7.0457515    -0.1134294    -0.1958123     0.2085597
  7.0731561    -0.1336199    -0.1708879     0.2069227
  7.1005393    -0.1513557    -0.1448928     0.2042155
  7.1279008    -0.1664179    -0.1180839     0.2005761
  7.1552405    -0.1786549    -0.0907353     0.1961340
  7.1825585    -0.1879850    -0.0631335     0.1910069
  7.2098546    -0.1943961    -0.0355719     0.1852993
  7.2371288    -0.1979448    -0.0083456     0.1791003
  7.2643809    -0.1987524     0.0182542     0.1724833
  7.2916108    -0.1969995     0.0439461     0.1655055
  7.3188186    -0.1929194     0.0684634     0.1582087
  7.3460040    -0.1867900     0.0915599     0.1506201
  7.3731671    -0.1789243     0.1130145     0.1427541
  7.4003078    -0.1696608     0.1326353     0.1346139
  7.4274258    -0.1593526     0.1502637     0.1261941
  7.4545213    -0.1483574     0.1657771     0.1174832
  7.4815940    -0.1370269     0.1790912     0.1084660
  7.5086440    -0.1256968     0.1901612     0.0991266
  7.5356711    -0.1146779     0.1989823     0.0894506
  7.5626752    -0.1042477     0.2055894     0.0794280
  7.5896563    -0.0946436     0.2100556     0.0690550
  7.6166143    -0.0860573     0.2124901     0.0583362
  7.6435491    -0.0786309     0.2130348     0.0472858
  7.6704605    -0.0724541     0.2118615     0.0359289
  7.6973487    -0.0675634     0.2091664     0.0243023
  7.7242133    -0.0639432     0.2051663     0.0124542
  7.7510545    -0.0615275     0.2000925     0.0004447
  7.7778720    -0.0602040     0.1941857    -0.0116556
  7.8046659    -0.0598191     0.1876904    -0.0237662
  7.8314359    -0.0601838     0.1808489    -0.0357982
  7.8581822    -0.0610806     0.1738959    -0.0476561
  7.8849044    -0.0622719     0.1670536    -0.0592397
  7.9116027    -0.0635071     0.1605263    -0.0704462
  7.9382768    -0.0645321     0.1544965    -0.0811726
  7.9649268    -0.0650967     0.1491211    -0.0913179
  7.9915525    -0.0649631     0.1445282    -0.1007849
  8.0181539    -0.0639136     0.1408151    -0.1094832
  8.0447308    -0.0617568     0.1380468    -0.1173305
  8.0712833    -0.0583344     0.1362551    -0.1242543
  8.0978111    -0.0535254     0.1354390    -0.1301939
  8.1243143    -0.0472504     0.1355659    -0.1351013
  8.1507928    -0.0394737     0.1365729    -0.1389417
  8.1772464    -0.0302051     0.1383695    -0.1416948
  8.2036751    -0.0194996     0.1408407    -0.1433541
  8.2300788    -0.0074558     0.1438506    -0.1439276
  8.2564574     0.0057857     0.1472464    -0.1434365
  8.2828109     0.0200466     0.1508628    -0.1419150
  8.3091392     0.0351152     0.1545267    -0.1394089
  8.3354421     0.0507516     0.1580618    -0.1359747
  8.3617197     0.0666942     0.1612935    -0.1316777
  8.3879717     0.0826656     0.1640529    -0.1265905
  8.4141983     0.0983801     0.1661817    -0.1207917
  8.4403992     0.1135505     0.1675358    -0.1143638
  8.4665744     0.1278948     0.1679886    -0.1073917
  8.4927238     0.1411432     0.1674346    -0.0999610
  8.5188473     0.1530443     0.1657912    -0.0921564
  8.5449449     0.1633709     0.1630006    -0.0840605
  8.5710164     0.1719247     0.1590310    -0.0757524
  8.5970619     0.1785412     0.1538773    -0.0673069
  8.6230811     0.1830922     0.1475603    -0.0587934
  8.6490741     0.1854889     0.1401264    -0.0502756
  8.6750407     0.1856830     0.1316459    -0.0418108
  8.7009810     0.1836672     0.1222110    -0.0334500
  8.7268947     0.1794743     0.1119333    -0.0252379
  8.7527818     0.1731764     0.1009413    -0.0172132
  8.7786422     0.1648818     0.0893766    -0.0094087
  8.8044760     0.1547322     0.0773907    -0.0018522
  8.8302829     0.1428990     0.0651416     0.0054334
  8.8560629     0.1295786     0.0527897     0.0124285
  8.8818159     0.1149878     0.0404946     0.0191170
  8.9075419     0.0993589     0.0284113     0.0254851
  8.9332407     0.0829339     0.0166871     0.0315204
  8.9589123     0.0659595     0.0054582     0.0372117
  8.9845567     0.0486820    -0.0051523     0.0425479
  9.0101736     0.0313424    -0.0150375     0.0475181
  9.0357631     0.0141713    -0.0241080     0.0521105
  9.0613251    -0.0026146    -0.0322932     0.0563128
  9.0868595    -0.0188167    -0.0395425     0.0601116
  9.1123662    -0.0342574    -0.0458258     0.0634929
  9.1378452    -0.0487821    -0.0511327     0.0664419
  9.1632963    -0.0622618    -0.0554727     0.0689434
  9.1887195    -0.0745932    -0.0588737     0.0709821
  9.2141147    -0.0856998    -0.0613807     0.0725436
  9.2394819    -0.0955312    -0.0630540     0.0736141
  9.2648209    -0.1040625    -0.0639672     0.0741820
  9.2901317    -0.1112925    -0.0642049     0.0742376
  9.3154141    -0.1172422    -0.0638601     0.0737746
  9.3406683    -0.1219520    -0.0630318     0.0727902
  9.3658939    -0.1254790    -0.0618222     0.0712861
  9.3910910    -0.1278945    -0.0603341     0.0692683
  9.4162595    -0.1292804    -0.0586687     0.0667486
  9.4413994    -0.1297262    -0.0569229     0.0637439
  9.4665104    -0.1293257    -0.0551874     0.0602769
  9.4915927    -0.1281743    -0.0535447     0.0563761
  9.5166460    -0.1263658    -0.0520673     0.0520757
  9.5416703    -0.1239897    -0.0508169     0.0474151
  9.5666656    -0.1211292    -0.0498430     0.0424391
  9.5916317    -0.1178590    -0.0491824     0.0371966
  9.6165686    -0.1142441    -0.0488588     0.0317408
  9.6414762    -0.1103382    -0.0488833     0.0261277
  9.6663545    -0.1061832    -0.0492543     0.0204157
  9.6912033    -0.1018093    -0.0499584     0.0146644
  9.7160225    -0.0972345    -0.0509714     0.0089340
  9.7408122    -0.0924657    -0.0522595     0.0032839
  9.7655722    -0.0874994    -0.0537805    -0.0022281
  9.7903025    -0.0823230    -0.0554857    -0.0075468
  9.8150029    -0.0769162    -0.0573213    -0.0126208
  9.8396735    -0.0712531    -0.0592303    -0.0174027
  9.8643140    -0.0653037    -0.0611540    -0.0218506
  9.8889245    -0.0590361    -0.0630342    -0.0259285
  9.9135049    -0.0524185    -0.0648143    -0.0296067
  9.9380551    -0.0454215    -0.0664411    -0.0328622
  9.9625751    -0.0380195    -0.0678663    -0.0356793
  9.9870646    -0.0301930    -0.0690475    -0.0380492
 10.0115238    -0.0219301    -0.0699493    -0.0399704
 10.0359524    -0.0132278    -0.0705442    -0.0414483
 10.0603505    -0.0040934    -0.0708129    -0.0424945
 10.0847180     0.0054550    -0.0707449    -0.0431271
 10.1090547     0.0153875    -0.0703385    -0.0433694
 10.1333606     0.0256627    -0.0696005    -0.0432493
 10.1576357     0.0362271    -0.0685459    -0.0427989
 10.1818798     0.0470162    -0.0671976    -0.0420531
 10.2060929     0.0579546    -0.0655850    -0.0410491
 10.2302749     0.0689575    -0.0637439    -0.0398251
 10.2544257     0.0799314    -0.0617145    -0.0384198
 10.2785453     0.0907761    -0.0595410    -0.0368709
 10.3026336     0.1013860    -0.0572701    -0.0352150
 10.3266906     0.1116521    -0.0549497    -0.0334859
 10.3507160     0.1214635    -0.0526275    -0.0317146
 10.3747099     0.1307100    -0.0503500    -0.0299285
 10.3986723     0.1392835    -0.0481612    -0.0281506
 10.4226029     0.1470803    -0.0461016    -0.0263994
 10.4465018     0.1540026    -0.0442068    -0.0246885
 10.4703689     0.1599609    -0.0425072    -0.0230268
 10.4942041     0.1648748    -0.0410268    -0.0214178
 10.5180073     0.1686751    -0.0397832    -0.0198606
 10.5417785     0.1713045    -0.0387865    -0.0183495
 10.5655175     0.1727193    -0.0380397    -0.0168747
 10.5892244     0.1728892    -0.0375384    -0.0154229
 10.6128990     0.1717989    -0.0372712    -0.0139774
 10.6365413     0.1694472    -0.0372194    -0.0125194
 10.6601512     0.1658481    -0.0373583    -0.0110280
 10.6837286     0.1610296    -0.0376573    -0.0094817
 10.7072735     0.1550340    -0.0380807    -0.0078586
 10.7307858     0.1479163    -0.0385888    -0.0061375
 10.7542654     0.1397442    -0.0391384    -0.0042986
 10.7777122     0.1305962    -0.0396841    -0.0023239
 10.8011262     0.1205609    -0.0401794    -0.0001986
 10.8245072     0.1097353    -0.0405776     0.0020891
 10.8478553     0.0982233    -0.0408327     0.0045468
 10.8711704     0.0861343    -0.0409006     0.0071780
 10.8944524     0.0735814    -0.0407401     0.0099813
 10.9177011     0.0606801    -0.0403135     0.0129507
 10.9409166     0.0475462    -0.0395879     0.0160750
 10.9640988     0.0342949    -0.0385351     0.0193380
 10.9872476     0.0210388    -0.0371329     0.0227186
 11.0103629     0.0078870    -0.0353654     0.0261912
 11.0334447    -0.0050567    -0.0332229     0.0297259
 11.0564928    -0.0176944    -0.0307025     0.0332889
 11.0795073    -0.0299354    -0.0278081     0.0368429
 11.1024880    -0.0416968    -0.0245500     0.0403481
 11.1254349    -0.0529045    -0.0209451     0.0437625
 11.1483479    -0.0634931    -0.0170164     0.0470429
 11.1712270    -0.0734070    -0.0127925     0.0501454
 11.1940720    -0.0825997    -0.0083071     0.0530261
 11.2168830    -0.0910348    -0.0035982     0.0556423
 11.2396597    -0.0986848     0.0012920     0.0579529
 11.2624023    -0.1055319     0.0063186     0.0599192
 11.2851105    -0.1115667     0.0114344     0.0615055
 11.3077843    -0.1167883     0.0165906     0.0626799
 11.3304237    -0.1212035     0.0217379     0.0634150
 11.3530286    -0.1248260     0.0268271     0.0636879
 11.3755989    -0.1276759     0.0318099     0.0634812
 11.3981345    -0.1297791     0.0366398     0.0627827
 11.4206355    -0.1311660     0.0412726     0.0615862
 11.4431016    -0.1318709     0.0456670     0.0598913
 11.4655329    -0.1319315     0.0497855     0.0577037
 11.4879292    -0.1313878     0.0535943     0.0550346
 11.5102906    -0.1302812     0.0570642     0.0519012
 11.5326169    -0.1286544     0.0601706     0.0483261
 11.5549080    -0.1265500     0.0628940     0.0443369
 11.5771640    -0.1240103     0.0652197     0.0399660
 11.5993847    -0.1210767     0.0671382     0.0352501
 11.6215701    -0.1177893     0.0686450     0.0302295
 11.6437200    -0.1141863     0.0697405     0.0249479
 11.6658345    -0.1103036     0.0704296     0.0194513
 11.6879135    -0.1061749     0.0707218     0.0137878
 11.7099568    -0.1018313     0.0706305     0.0080067
 11.7319645    -0.0973010     0.0701727     0.0021580
 11.7539365    -0.0926096     0.0693687    -0.0037083
 11.7758726    -0.0877798     0.0682418    -0.0095430
 11.7977729    -0.0828316     0.0668170    -0.0152977
 11.8196372    -0.0777823     0.0651217    -0.0209260
 11.8414656    -0.0726470     0.0631841    -0.0263838
 11.8632578    -0.0674382     0.0610334    -0.0316295
 11.8850139    -0.0621665     0.0586993    -0.0366248
 11.9067339    -0.0568407     0.0562109    -0.0413348
 11.9284175    -0.0514680     0.0535973    -0.0457283
 11.9500648    -0.0460544     0.0508861    -0.0497781
 11.9716757    -0.0406047     0.0481041    -0.0534610
 11.9932502    -0.0351233     0.0452763    -0.0567581
 12.0147881    -0.0296138     0.0424258    -0.0596548
 12.0362894    -0.0240800     0.0395737    -0.0621404
 12.0577540    -0.0185255     0.0367391    -0.0642087
 12.0791820    -0.0129543     0.0339385    -0.0658573
 12.1005731    -0.0073709     0.0311863    -0.0670875
 12.1219273    -0.0017808     0.0284944    -0.0679044
 12.1432447     0.0038099     0.0258725    -0.0683163
 12.1645250     0.0093940     0.0233279    -0.0683348
 12.1857683     0.0149629     0.0208659    -0.0679739
 12.2069745     0.0205069     0.0184898    -0.0672503
 12.2281434     0.0260150     0.0162010    -0.0661827
 12.2492752     0.0314746     0.0139994    -0.0647918
 12.2703696     0.0368719     0.0118834    -0.0630997
 12.2914266     0.0421915     0.0098501    -0.0611293
 12.3124462     0.0474170     0.0078959    -0.0589049
 12.3334283     0.0525303     0.0060163    -0.0564510
 12.3543729     0.0575123     0.0042063    -0.0537923
 12.3752798     0.0623429     0.0024605    -0.0509539
 12.3961490     0.0670009     0.0007738    -0.0479602
 12.4169804     0.0714642    -0.0008593    -0.0448354
 12.4377740     0.0757103    -0.0024436    -0.0416032
 12.4585297     0.0797160    -0.0039837    -0.0382863
 12.4792475     0.0834580    -0.0054835    -0.0349065
 12.4999273     0.0869129    -0.0069462    -0.0314846
 12.5205689     0.0900575    -0.0083743    -0.0280404
 12.5411725     0.0928688    -0.0097695    -0.0245924
 12.5617378     0.0953249    -0.0111323    -0.0211577
 12.5822649     0.0974043    -0.0124627    -0.0177525
 12.6027536     0.0990868    -0.0137594    -0.0143914
 12.6232040     0.1003537    -0.0150207    -0.0110880
 12.6436159     0.1011878    -0.0162435    -0.0078543
 12.6639893     0.1015738    -0.0174244    -0.0047015
 12.6843241     0.1014984    -0.0185590    -0.0016393
 12.7046203     0.1009507    -0.0196424     0.0013238
 12.7248777     0.0999222    -0.0206693     0.0041801
 12.7450964     0.0984073    -0.0216337     0.0069234
 12.7652763     0.0964031    -0.0225296     0.0095482
 12.7854173     0.0939098    -0.0233507     0.0120501
 12.8055194     0.0909306    -0.0240907     0.0144256
 12.8255824     0.0874723    -0.0247432     0.0166721
 12.8456064     0.0835447    -0.0253022     0.0187880
 12.8655912     0.0791612    -0.0257619     0.0207723
 12.8855369     0.0743384    -0.0261168     0.0226249
 12.9054433     0.0690965    -0.0263621     0.0243464
 12.9253104     0.0634589    -0.0264934     0.0259380
 12.9451381     0.0574522    -0.0265070     0.0274017
 12.9649264     0.0511062    -0.0264000     0.0287402
 12.9846752     0.0444538    -0.0261703     0.0299565
 13.0043844     0.0375303    -0.0258166     0.0310544
 13.0240541     0.0303739    -0.0253384     0.0320382
 13.0436840     0.0230251    -0.0247362     0.0329126
 13.0632742     0.0155261    -0.0240115     0.0336826
 13.0828247     0.0079211    -0.0231665     0.0343539
 13.1023352     0.0002555    -0.0222046     0.0349322
 13.1218059    -0.0074241    -0.0211298     0.0354235
 13.1412366    -0.0150707    -0.0199474     0.0358342
 13.1606273    -0.0226370    -0.0186631     0.0361705
 13.1799778    -0.0300759    -0.0172838     0.0364389
 13.1992882    -0.0373407    -0.0158169     0.0366457
 13.2185585    -0.0443860    -0.0142706     0.0367972
 13.2377884    -0.0511677    -0.0126540     0.0368994
 13.2569780    -0.0576435    -0.0109765     0.0369579
 13.2761273    -0.0637733    -0.0092481     0.0369781
 13.2952361    -0.0695196    -0.0074795     0.0369649
 13.3143044    -0.0748480    -0.0056816     0.0369225
 13.3333321    -0.0797273    -0.0038656     0.0368545
 13.3523192    -0.0841298    -0.0020432     0.0367639
 13.3712657    -0.0880317    -0.0002261     0.0366528
 13.3901714    -0.0914134     0.0015740     0.0365225
 13.4090364    -0.0942596     0.0033451     0.0363734
 13.4278604    -0.0965591     0.0050754     0.0362048
 13.4466436    -0.0983057     0.0067532     0.0360153
 13.4653858    -0.0994974     0.0083669     0.0358023
 13.4840871    -0.1001371     0.0099055     0.0355623
 13.5027472    -0.1002320     0.0113580     0.0352908
 13.5213662    -0.0997940     0.0127141     0.0349824
 13.5399440    -0.0988392     0.0139638     0.0346306
 13.5584806    -0.0973878     0.0150977     0.0342284
 13.5769758    -0.0954642     0.0161073     0.0337678
 13.5954297    -0.0930962     0.0169846     0.0332401
 13.6138422    -0.0903151     0.0177225     0.0326362
 13.6322132    -0.0871551     0.0183147     0.0319464
 13.6505427    -0.0836532     0.0187558     0.0311608
 13.6688306    -0.0798484     0.0190415     0.0302693
 13.6870769    -0.0757818     0.0191684     0.0292616
 13.7052815    -0.0714956     0.0191342     0.0281279
 13.7234443    -0.0670331     0.0189379     0.0268584
 13.7415654    -0.0624380     0.0185794     0.0254440
 13.7596445    -0.0577540     0.0180599     0.0238760
 13.7776818    -0.0530241     0.0173819     0.0221468
 13.7956771    -0.0482907     0.0165491     0.0202496
 13.8136303    -0.0435944     0.0155663     0.0181788
 13.8315415    -0.0389744     0.0144397     0.0159302
 13.8494106    -0.0344674     0.0131766     0.0135009
 13.8672374    -0.0301076     0.0117858     0.0108897
 13.8850221    -0.0259261     0.0102769     0.0080971
 13.9027644    -0.0219510     0.0086608     0.0051253
 13.9204644    -0.0182068     0.0069496     0.0019785
 13.9381219    -0.0147140     0.0051564    -0.0013371
 13.9557370    -0.0114895     0.0032951    -0.0048134
 13.9733096    -0.0085459     0.0013808    -0.0084403
 13.9908397    -0.0058917    -0.0005710    -0.0122056
 14.0083271    -0.0035312    -0.0025436    -0.0160950
 14.0257718    -0.0014645    -0.0045202    -0.0200924
 14.0431739     0.0003125    -0.0064831    -0.0241797
 14.0605331     0.0018079    -0.0084145    -0.0283371
 14.0778495     0.0030338    -0.0102962    -0.0325429
 14.0951231     0.0040059    -0.0121100    -0.0367741
 14.1123536     0.0047435    -0.0138377    -0.0410060
 14.1295412     0.0052692    -0.0154612    -0.0452130
 14.1466858     0.0056083    -0.0169628    -0.0493681
 14.1637873     0.0057888    -0.0183253    -0.0534436
 14.1808456     0.0058409    -0.0195320    -0.0574114
 14.1978607     0.0057968    -0.0205672    -0.0612426
 14.2148326     0.0056900    -0.0214157    -0.0649083
 14.2317612     0.0055550    -0.0220637    -0.0683799
 14.2486464     0.0054268    -0.0224985    -0.0716289
 14.2654882     0.0053410    -0.0227085    -0.0746274
 14.2822866     0.0053324    -0.0226838    -0.0773484
 14.2990415     0.0054354    -0.0224158    -0.0797659
 14.3157528     0.0056832    -0.0218976    -0.0818554
 14.3324204     0.0061075    -0.0211242    -0.0835937
 14.3490445     0.0067383    -0.0200922    -0.0849597
 14.3656248     0.0076029    -0.0188001    -0.0859338
 14.3821614     0.0087262    -0.0172483    -0.0864992
 14.3986541     0.0101305    -0.0154393    -0.0866409
 14.4151030     0.0118343    -0.0133773    -0.0863468
 14.4315080     0.0138532    -0.0110688    -0.0856071
 14.4478690     0.0161988    -0.0085220    -0.0844151
 14.4641860     0.0188790    -0.0057471    -0.0827667
 14.4804590     0.0218979    -0.0027564    -0.0806610
 14.4966878     0.0252553     0.0004362    -0.0780997
 14.5128725     0.0289471     0.0038149    -0.0750879
 14.5290130     0.0329650     0.0073623    -0.0716333
 14.5451092     0.0372968     0.0110592    -0.0677469
 14.5611611     0.0419262     0.0148852    -0.0634424
 14.5771686     0.0468330     0.0188184    -0.0587364
 14.5931318     0.0519935     0.0228357    -0.0536482
 14.6090505     0.0573803     0.0269129    -0.0481998
 14.6249247     0.0629627     0.0310250    -0.0424155
 14.6407543     0.0687071     0.0351461    -0.0363221
 14.6565394     0.0745770     0.0392499    -0.0299484
 14.6722798     0.0805334     0.0433097    -0.0233252
 14.6879755     0.0865354     0.0472984    -0.0164849
 14.7036264     0.0925402     0.0511890    -0.0094616
 14.7192326     0.0985034     0.0549546    -0.0022904
 14.7347939     0.1043799     0.0585688     0.0049924
 14.7503104     0.1101237     0.0620056     0.0123497
 14.7657819     0.1156886     0.0652396     0.0197440
 14.7812084     0.1210286     0.0682464     0.0271374
 14.7965899     0.1260981     0.0710027     0.0344922
 14.8119264     0.1308525     0.0734863     0.0417708
 14.8272177     0.1352482     0.0756764     0.0489361
 14.8424639     0.1392437     0.0775538     0.0559516
 14.8576648     0.1427989     0.0791006     0.0627822
 14.8728205     0.1458765     0.0803011     0.0693935
 14.8879309     0.1484415     0.0811413     0.0757528
 14.9029959     0.1504619     0.0816090     0.0818290
 14.9180155     0.1519087     0.0816942     0.0875926
 14.9329897     0.1527566     0.0813890     0.0930164
 14.9479184     0.1529835     0.0806877     0.0980750
 14.9628016     0.1525712     0.0795868     0.1027456
 14.9776391     0.1515055     0.0780849     0.1070074
 14.9924311     0.1497761     0.0761830     0.1108424
 15.0071774     0.1473768     0.0738843     0.1142351
 15.0218780     0.1443055     0.0711941     0.1171726
 15.0365328     0.1405643     0.0681200     0.1196447
 15.0511418     0.1361594     0.0646717     0.1216439
 15.0657049     0.1311011     0.0608609     0.1231654
 15.0802222     0.1254039     0.0567014     0.1242071
 15.0946935     0.1190858     0.0522089     0.1247697
 15.1091189     0.1121691     0.0474008     0.1248563
 15.1234982     0.1046793     0.0422962     0.1244727
 15.1378315     0.0966455     0.0369158     0.1236272
 15.1521186     0.0881001     0.0312819     0.1223304
 15.1663596     0.0790786     0.0254180     0.1205953
 15.1805544     0.0696190     0.0193486     0.1184369
 15.1947030     0.0597620     0.0130994     0.1158723
 15.2088052     0.0495507     0.0066971     0.1129204
 15.2228612     0.0390299     0.0001689     0.1096020
 15.2368707     0.0282463    -0.0064574     0.1059393
 15.2508339     0.0172479    -0.0131535     0.1019558
 15.2647506     0.0060838    -0.0198909     0.0976766
 15.2786207    -0.0051962    -0.0266412     0.0931274

PDF 1 in G'(r) format
  r, PDF (RMC), PDF (Expt)
 CURVES
          99 ,           2
      0.0654509        0.0000000        0.0000000
      0.1309019        0.0000000        0.0000000
      0.1963528        0.0000000        0.0000000
      0.2618037        0.0000000        0.0000000
      0.3272547        0.0000000        0.0000000
      0.3927056        0.0000000        0.0000000
      0.4581565        0.0000000        0.0000000
      0.5236075        0.0000000        0.0000000
      0.5890584        0.3017893        0.0000000
      0.6545093        0.0000000        0.0000000
      0.7199603        0.0000000        0.0000000
      0.7854112        0.0000000        0.0000000
      0.8508621        0.0000000        0.0000000
      0.9163131        0.0000000        0.0000000
      0.9817640        0.1087156        0.0000000
      1.0472149        0.0955551        0.0000000
      1.1126659        0.0000000        0.0000000
      1.1781168        0.0000000        0.0000000
      1.2435677        0.0000000        0.1336642
      1.3090187        0.2085966        0.4087493
      1.3744696        0.5670439        0.7543131
      1.4399206        1.0030267        1.1485415
      1.5053715        2.1528237        1.5505350
      1.5708224        2.3017967        1.9059448
      1.6362734        2.4526679        2.1587834
      1.7017243        2.6734147        2.2659462
      1.7671752        2.8129290        2.2093322
      1.8326262        2.6507636        2.0010507
      1.8980771        2.0380903        1.6798473
      1.9635280        1.2159558        1.3003390
      2.0289790        0.5312000        0.9192625
      2.0944299        0.1627383        0.5835708
      2.1598808        0.1400147        0.3237554
      2.2253318        0.1829225        0.1531507
      2.2907827        0.1326714        0.0715582
      2.3562336        0.0721418        0.0703735
      2.4216846        0.0252109        0.1367765
      2.4871355        0.2372309        0.2559231
      2.5525864        0.4665309        0.4115305
      2.6180374        0.8021609        0.5860281
      2.6834883        1.0348676        0.7613177
      2.7489392        1.1008020        0.9204588
      2.8143902        1.0527051        1.0498161
      2.8798411        1.0548880        1.1408396
      2.9452920        1.2935701        1.1907984
      3.0107430        1.5397090        1.2022868
      3.0761939        1.4511527        1.1818121
      3.1416448        1.2940417        1.1380301
      3.2070958        0.9126271        1.0801428
      3.2725467        0.6823756        1.0167345
      3.3379976        0.6938030        0.9550757
      3.4034486        0.7921645        0.9007813
      3.4688995        0.9339357        0.8576976
      3.5343504        0.8945458        0.8279539
      3.5998014        0.6370039        0.8121644
      3.6652523        0.4936398        0.8097733
      3.7307032        0.5462330        0.8194883
      3.7961542        0.7215092        0.8397032
      3.8616051        0.9808043        0.8687856
      3.9270560        1.0192866        0.9051459
      3.9925070        0.9018983        0.9470814
      4.0579579        0.7981928        0.9924918
      4.1234088        0.8235436        1.0386326
      4.1888598        1.0144617        1.0820893
      4.2543107        1.3184284        1.1190817
      4.3197617        1.4559388        1.1460852
      4.3852126        1.3736147        1.1606051
      4.4506635        1.1759778        1.1618539
      4.5161145        1.0438883        1.1510787
      4.5815654        1.0324687        1.1313973
      4.6470163        1.1762414        1.1071647
      4.7124673        1.1546829        1.0830542
      4.7779182        1.0972588        1.0631198
      4.8433691        0.9613129        1.0500902
      4.9088201        0.7742959        1.0450422
      4.9742710        0.7820581        1.0474679
      5.0397219        1.0184138        1.0556379
      5.1051729        1.2224911        1.0671130
      5.1706238        1.2115080        1.0792657
      5.2360747        1.1001081        1.0897134
      5.3015257        0.9250299        1.0966243
      5.3669766        0.9140960        1.0988858
      5.4324275        1.0490920        1.0961514
      5.4978785        1.2324903        1.0887822
      5.5633294        1.2419168        1.0777025
      5.6287803        1.0941957        1.0641974
      5.6942313        0.9011409        1.0496821
      5.7596822        0.7991866        1.0354810
      5.8251331        0.9021365        1.0226525
      5.8905841        1.0521094        1.0118836
      5.9560350        1.1374189        1.0034631
      6.0214859        1.0475823        0.9973273
      6.0869369        0.8112476        0.9931542
      6.1523878        0.7489248        0.9904812
      6.2178387        0.7565018        0.9888186
      6.2832897        0.9227449        0.9877401
      6.3487406        0.9912312        0.9869391
      6.4141915        0.8698314        0.9862467
      6.4796425        0.5358684        0.9856162

 Total S(Q)'s: Comparison with input data

   611  2 are NQ and NPAR

       Q      S(Q)_RMC  S(Q)_Expt
      0.4682470      0.1073831      0.2077988
      0.4982822      0.2546007      0.2271120
      0.5283159      0.3847639      0.1999373
      0.5583480      0.4964807      0.2298475
      0.5883784      0.5889278      0.2305090
      0.6184069      0.6618566      0.2565357
      0.6484336      0.7155839      0.2474724
      0.6784584      0.7509648      0.2646474
      0.7084810      0.7693509      0.2636069
      0.7385015      0.7725354      0.3029983
      0.7685198      0.7626845      0.2803935
      0.7985357      0.7422611      0.3165134
      0.8285491      0.7139393      0.3242744
      0.8585601      0.6805160      0.3528387
      0.8885684      0.6448195      0.3401115
      0.9185740      0.6096194      0.3830234
      0.9485769      0.5775406      0.3893421
      0.9785768      0.5509832      0.4382564
      1.0085738      0.5320507      0.4118919
      1.0385677      0.5224897      0.4648711
      1.0685584      0.5236413      0.4868638
      1.0985458      0.5364060      0.5442779
      1.1285300      0.5612237      0.5432138
      1.1585106      0.5980682      0.6115161
      1.1884878      0.6464561      0.6502125
      1.2184613      0.7054703      0.7342055
      1.2484312      0.7737971      0.7438206
      1.2783972      0.8497741      0.8198889
      1.3083593      0.9314492      0.8923436
      1.3383174      1.0166475      0.9986290
      1.3682715      1.1030438      1.0154129
      1.3982214      1.1882393      1.1345052
      1.4281670      1.2698384      1.1952611
      1.4581083      1.3455257      1.2765756
      1.4880452      1.4131374      1.2583090
      1.5179775      1.4707289      1.3187903
      1.5479052      1.5166330      1.3185571
      1.5778281      1.5495093      1.3357947
      1.6077463      1.5683829      1.2915394
      1.6376596      1.5726702      1.2788005
      1.6675679      1.5621939      1.2367185
      1.6974711      1.5371837      1.2087317
      1.7273691      1.4982651      1.1295654
      1.7572618      1.4464369      1.1126714
      1.7871493      1.3830368      1.0785231
      1.8170312      1.3096975      1.0634851
      1.8469077      1.2282953      0.9789252
      1.8767785      1.1408914      0.9419524
      1.9066436      1.0496690      0.9070040
      1.9365029      0.9568688      0.9084775
      1.9663562      0.8647224      0.8360757
      1.9962036      0.7753895      0.8344206
      2.0260449      0.6908964      0.8139095
      2.0558801      0.6130820      0.8122972
      2.0857090      0.5435492      0.7600058
      2.1155315      0.4836252      0.7759056
      2.1453476      0.4343313      0.7596567
      2.1751571      0.3963618      0.7815941
      2.2049601      0.3700744      0.7273933
      2.2347563      0.3554903      0.7465106
      2.2645457      0.3523043      0.7472951
      2.2943282      0.3599052      0.7775821
      2.3241037      0.3774040      0.7319369
      2.3538721      0.4036705      0.7609251
      2.3836334      0.4373750      0.7546690
      2.4133874      0.4770358      0.7935739
      2.4431340      0.5210692      0.7408128
      2.4728732      0.5678412      0.7779927
      2.5026049      0.6157184      0.7941686
      2.5323289      0.6631180      0.8294398
      2.5620453      0.7085540      0.7882798
      2.5917538      0.7506782      0.8429276
      2.6214544      0.7883167      0.8262057
      2.6511471      0.8204982      0.8698095
      2.6808317      0.8464760      0.8159758
      2.7105081      0.8657411      0.8431003
      2.7401762      0.8780285      0.8216031
      2.7698360      0.8833139      0.8492129
      2.7994874      0.8818045      0.7853049
      2.8291302      0.8739216      0.8107665
      2.8587645      0.8602776      0.7956234
      2.8883900      0.8416473      0.8172699
      2.9180067      0.8189358      0.7497847
      2.9476145      0.7931426      0.7684031
      2.9772134      0.7653250      0.7532565
      3.0068031      0.7365602      0.7831777
      3.0363838      0.7079093      0.7247468
      3.0659551      0.6803825      0.7424671
      3.0955172      0.6549083      0.7324139
      3.1250698      0.6323059      0.7548449
      3.1546128      0.6132633      0.6944434
      3.1841463      0.5983203      0.7490457
      3.2136701      0.5878577      0.7273784
      3.2431841      0.5820920      0.7584574
      3.2726882      0.5810765      0.7123848
      3.3021823      0.5847080      0.7455926
      3.3316664      0.5927383      0.7366845
      3.3611403      0.6047915      0.7711888
      3.3906040      0.6203837      0.7304165
      3.4200574      0.6389468      0.7601068
      3.4495003      0.6598548      0.7670137
      3.4789327      0.6824497      0.7887449
      3.5083546      0.7060692      0.7636740
      3.5377657      0.7300731      0.7908278
      3.5671661      0.7538671      0.8012965
      3.5965556      0.7769257      0.8354474
      3.6259341      0.7988102      0.8125319
      3.6553016      0.8191841      0.8381429
      3.6846580      0.8378233      0.8531816
      3.7140032      0.8546224      0.8943623
      3.7433370      0.8695959      0.8597129
      3.7726594      0.8828750      0.9181836
      3.8019704      0.8946993      0.9130229
      3.8312697      0.9054060      0.9651177
      3.8605574      0.9154133      0.9275593
      3.8898333      0.9252031      0.9847655
      3.9190974      0.9352994      0.9955053
      3.9483496      0.9462470      1.0552443
      3.9775897      0.9585880      1.0206638
      4.0068177      0.9728392      1.0818904
      4.0360334      0.9894704      1.1020108
      4.0652369      1.0088841      1.1614346
      4.0944281      1.0313973      1.1168939
      4.1236067      1.0572270      1.1832290
      4.1527728      1.0864782      1.2055746
      4.1819262      1.1191365      1.2414010
      4.2110669      1.1550636      1.2215499
      4.2401947      1.1939986      1.2839307
      4.2693097      1.2355614      1.3309875
      4.2984116      1.2792614      1.3949996
      4.3275005      1.3245095      1.3686860
      4.3565761      1.3706325      1.4282211
      4.3856385      1.4168917      1.4364003
      4.4146876      1.4625018      1.4812994
      4.4437232      1.5066528      1.4594988
      4.4727452      1.5485319      1.5009093
      4.5017536      1.5873455      1.5025782
      4.5307483      1.6223410      1.5516118
      4.5597293      1.6528269      1.4833252
      4.5886963      1.6781918      1.5373560
      4.6176493      1.6979200      1.5315077
      4.6465883      1.7116050      1.5751113
      4.6755131      1.7189600      1.5102587
      4.7044237      1.7198244      1.5496000
      4.7333199      1.7141670      1.5358035
      4.7622018      1.7020857      1.5745380
      4.7910691      1.6838039      1.5004836
      4.8199218      1.6596631      1.5160782
      4.8487599      1.6301126      1.5191082
      4.8775831      1.5956970      1.5461030
      4.9063916      1.5570412      1.4475589
      4.9351850      1.5148331      1.4664399
      4.9639635      1.4698062      1.4377283
      4.9927268      1.4227206      1.4581343
      5.0214749      1.3743444      1.3604107
      5.0502077      1.3254354      1.3697796
      5.0789252      1.2767236      1.3141227
      5.1076271      1.2288953      1.2908323
      5.1363135      1.1825790      1.2011923
      5.1649843      1.1383334      1.2021215
      5.1936393      1.0966377      1.1570817
      5.2222785      1.0578844      1.1496027
      5.2509018      1.0223753      1.0809341
      5.2795091      0.9903197      1.0625072
      5.3081003      0.9618352      1.0164037
      5.3366753      0.9369513      1.0118871
      5.3652341      0.9156147      0.9438641
      5.3937766      0.8976975      0.9305984
      5.4223026      0.8830059      0.9112271
      5.4508121      0.8712911      0.9127001
      5.4793050      0.8622605      0.8375091
      5.5077812      0.8555900      0.8561141
      5.5362406      0.8509359      0.8300860
      5.5646832      0.8479466      0.8474997
      5.5931088      0.8462741      0.7790392
      5.6215173      0.8455843      0.8118337
      5.6499088      0.8455659      0.7806676
      5.6782830      0.8459383      0.8133906
      5.7066400      0.8464578      0.7555811
      5.7349795      0.8469218      0.7917284
      5.7633016      0.8471721      0.7855322
      5.7916061      0.8470954      0.8093093
      5.8198930      0.8466232      0.7558034
      5.8481622      0.8457293      0.7903458
      5.8764135      0.8444269      0.7717963
      5.9046470      0.8427636      0.8082554
      5.9328624      0.8408162      0.7593839
      5.9610598      0.8386844      0.7796401
      5.9892391      0.8364844      0.7800547
      6.0174000      0.8343421      0.8167204
      6.0455427      0.8323865      0.7715835
      6.0736669      0.8307435      0.8043355
      6.1017727      0.8295301      0.7999956
      6.1298598      0.8288494      0.8243273
      6.1579283      0.8287868      0.7883084
      6.1859780      0.8294063      0.8103892
      6.2140089      0.8307488      0.7991596
      6.2420208      0.8328312      0.8318845
      6.2700138      0.8356460      0.7818216
      6.2979876      0.8391628      0.8166737
      6.3259422      0.8433303      0.8091770
      6.3538776      0.8480787      0.8465817
      6.3817936      0.8533235      0.7922560
      6.4096902      0.8589696      0.8253628
      6.4375673      0.8649151      0.8139798
      6.4654247      0.8710564      0.8466621
      6.4932625      0.8772922      0.7946021
      6.5210805      0.8835275      0.8208288
      6.5488786      0.8896781      0.8225073
      6.5766567      0.8956735      0.8457956
      6.6044148      0.9014595      0.8081858
      6.6321529      0.9070005      0.8446045
      6.6598707      0.9122805      0.8486867
      6.6875682      0.9173033      0.8868101
      6.7152453      0.9220924      0.8481523
      6.7429020      0.9266895      0.8936918
      6.7705382      0.9311526      0.8835210
      6.7981537      0.9355531      0.9299052
      6.8257485      0.9399729      0.8970225
      6.8533225      0.9445004      0.9418182
      6.8808757      0.9492270      0.9284377
      6.9084079      0.9542424      0.9699719
      6.9359190      0.9596310      0.9362651
      6.9634090      0.9654679      0.9867725
      6.9908778      0.9718150      0.9927209
      7.0183253      0.9787179      1.0234146
      7.0457515      0.9862033      1.0020005
      7.0731561      0.9942767      1.0320274
      7.1005393      1.0029213      1.0469580
      7.1279008      1.0120974      1.0806872
      7.1552405      1.0217425      1.0612949
      7.1825585      1.0317721      1.1021325
      7.2098546      1.0420818      1.0931564
      7.2371288      1.0525495      1.1317198
      7.2643809      1.0630385      1.0969701
      7.2916108      1.0734010      1.1391946
      7.3188186      1.0834820      1.1368784
      7.3460040      1.0931241      1.1676400
      7.3731671      1.1021713      1.1386115
      7.4003078      1.1104739      1.1686064
      7.4274258      1.1178926      1.1607236
      7.4545213      1.1243027      1.1938900
      7.4815940      1.1295981      1.1469316
      7.5086440      1.1336940      1.1715742
      7.5356711      1.1365302      1.1716972
      7.5626752      1.1380725      1.1932501
      7.5896563      1.1383145      1.1629149
      7.6166143      1.1372780      1.1724599
      7.6435491      1.1350125      1.1765743
      7.6704605      1.1315944      1.1856788
      7.6973487      1.1271254      1.1257355
      7.7242133      1.1217299      1.1586360
      7.7510545      1.1155521      1.1394201
      7.7778720      1.1087522      1.1658132
      7.8046659      1.1015027      1.1087555
      7.8314359      1.0939841      1.1391307
      7.8581822      1.0863803      1.1294155
      7.8849044      1.0788741      1.1506460
      7.9116027      1.0716429      1.0988124
      7.9382768      1.0648541      1.1341934
      7.9649268      1.0586613      1.1333890
      7.9915525      1.0532007      1.1510217
      8.0181539      1.0485879      1.1033276
      8.0447308      1.0449154      1.1280535
      8.0712833      1.0422507      1.1212458
      8.0978111      1.0406349      1.1424762
      8.1243143      1.0400822      1.0971167
      8.1507928      1.0405802      1.1240392
      8.1772464      1.0420903      1.1192622
      8.2036751      1.0445496      1.1429659
      8.2300788      1.0478724      1.0997263
      8.2564574      1.0519534      1.1217729
      8.2828109      1.0566701      1.1133024
      8.3091392      1.0618866      1.1373785
      8.3354421      1.0674570      1.0861938
      8.3617197      1.0732292      1.1217421
      8.3879717      1.0790490      1.1146505
      8.4141983      1.0847637      1.1414051
      8.4403992      1.0902259      1.0990696
      8.4665744      1.0952967      1.1197346
      8.4927238      1.0998495      1.1164224
      8.5188473      1.1037719      1.1450112
      8.5449449      1.1069687      1.0949807
      8.5710164      1.1093634      1.1239901
      8.5970619      1.1108995      1.1130950
      8.6230811      1.1115415      1.1433015
      8.6490741      1.1112747      1.0928001
      8.6750407      1.1101053      1.1083708
      8.7009810      1.1080591      1.0973715
      8.7268947      1.1051806      1.1119729
      8.7527818      1.1015311      1.0740829
      8.7786422      1.0971866      1.0972589
      8.8044760      1.0922352      1.0897339
      8.8302829      1.0867749      1.1069827
      8.8560629      1.0809105      1.0533714
      8.8818159      1.0747510      1.0795645
      8.9075419      1.0684064      1.0600021
      8.9332407      1.0619854      1.0827045
      8.9589123      1.0555924      1.0252971
      8.9845567      1.0493253      1.0586024
      9.0101736      1.0432736      1.0437791
      9.0357631      1.0375160      1.0629044
      9.0613251      1.0321196      1.0040425
      9.0868595      1.0271382      1.0420848
      9.1123662      1.0226121      1.0195197
      9.1378452      1.0185675      1.0314713
      9.1632963      1.0150169      0.9870687
      9.1887195      1.0119590      1.0029759
      9.2141147      1.0093802      0.9916910
      9.2394819      1.0072550      1.0053060
      9.2648209      1.0055480      0.9493458
      9.2901317      1.0042152      0.9755755
      9.3154141      1.0032055      0.9624711
      9.3406683      1.0024632      0.9832615
      9.3658939      1.0019293      0.9309610
      9.3910910      1.0015441      0.9484010
      9.4162595      1.0012484      0.9360735
      9.4413994      1.0009857      0.9522356
      9.4665104      1.0007037      0.8994818
      9.4915927      1.0003561      0.9233140
      9.5166460      0.9999032      0.9087307
      9.5416703      0.9993134      0.9367741
      9.5666656      0.9985639      0.8876348
      9.5916317      0.9976410      0.9125586
      9.6165686      0.9965400      0.8965974
      9.6414762      0.9952660      0.9230632
      9.6663545      0.9938324      0.8714014
      9.6912033      0.9922613      0.8967859
      9.7160225      0.9905818      0.8893871
      9.7408122      0.9888297      0.9214249
      9.7655722      0.9870459      0.8755735
      9.7903025      0.9852752      0.8937061
      9.8150029      0.9835648      0.8824248
      9.8396735      0.9819630      0.9142871
      9.8643140      0.9805179      0.8662962
      9.8889245      0.9792756      0.8918010
      9.9135049      0.9782793      0.8883861
      9.9380551      0.9775675      0.9065040
      9.9625751      0.9771735      0.8730466
      9.9870646      0.9771243      0.8943250
     10.0115238      0.9774395      0.8877010
     10.0359524      0.9781313      0.9196555
     10.0603505      0.9792036      0.8748684
     10.0847180      0.9806523      0.9030995
     10.1090547      0.9824651      0.8945450
     10.1333606      0.9846219      0.9251539
     10.1576357      0.9870953      0.8863267
     10.1818798      0.9898513      0.9093806
     10.2060929      0.9928498      0.9057577
     10.2302749      0.9960458      0.9287798
     10.2544257      0.9993906      0.8970525
     10.2785453      1.0028324      0.9251289
     10.3026336      1.0063183      0.9168794
     10.3266906      1.0097944      0.9318623
     10.3507160      1.0132082      0.9025320
     10.3747099      1.0165087      0.9272589
     10.3986723      1.0196483      0.9148892
     10.4226029      1.0225832      0.9531408
     10.4465018      1.0252747      0.9069573
     10.4703689      1.0276898      0.9359277
     10.4942041      1.0298017      0.9343425
     10.5180073      1.0315905      0.9610470
     10.5417785      1.0330433      0.9144871
     10.5655175      1.0341547      0.9519134
     10.5892244      1.0349262      0.9461973
     10.6128990      1.0353664      0.9672946
     10.6365413      1.0354907      0.9320568
     10.6601512      1.0353205      0.9575107
     10.6837286      1.0348830      0.9549118
     10.7072735      1.0342103      0.9858723
     10.7307858      1.0333382      0.9460034
     10.7542654      1.0323062      0.9759839
     10.7777122      1.0311558      0.9700277
     10.8011262      1.0299298      0.9926351
     10.8245072      1.0286717      0.9576810
     10.8478553      1.0274240      0.9874100
     10.8711704      1.0262281      0.9773301
     10.8944524      1.0251228      1.0209011
     10.9177011      1.0241441      0.9801715
     10.9409166      1.0233239      1.0096838
     10.9640988      1.0226901      1.0044908
     10.9872476      1.0222653      1.0361368
     11.0103629      1.0220672      0.9995527
     11.0334447      1.0221080      1.0319726
     11.0564928      1.0223941      1.0268660
     11.0795073      1.0229265      1.0550939
     11.1024880      1.0237005      1.0202904
     11.1254349      1.0247062      1.0409754
     11.1483479      1.0259287      1.0487854
     11.1712270      1.0273487      1.0844161
     11.1940720      1.0289427      1.0349230
     11.2168830      1.0306837      1.0779500
     11.2396597      1.0325418      1.0688037
     11.2624023      1.0344850      1.1009084
     11.2851105      1.0364797      1.0588998
     11.3077843      1.0384915      1.0951377
     11.3304237      1.0404859      1.0863926
     11.3530286      1.0424287      1.1132413
     11.3755989      1.0442871      1.0740400
     11.3981345      1.0460299      1.1068919
     11.4206355      1.0476285      1.1028704
     11.4431016      1.0490566      1.1344684
     11.4655329      1.0502917      1.0946695
     11.4879292      1.0513143      1.1251586
     11.5102906      1.0521092      1.1141608
     11.5326169      1.0526648      1.1437423
     11.5549080      1.0529740      1.1015271
     11.5771640      1.0530334      1.1258615
     11.5993847      1.0528441      1.1312844
     11.6215701      1.0524108      1.1561584
     11.6437200      1.0517422      1.1264497
     11.6658345      1.0508504      1.1428835
     11.6879135      1.0497507      1.1271588
     11.7099568      1.0484613      1.1604357
     11.7319645      1.0470029      1.1132708
     11.7539365      1.0453980      1.1345695
     11.7758726      1.0436710      1.1245742
     11.7977729      1.0418474      1.1455939
     11.8196372      1.0399532      1.1148587
     11.8414656      1.0380149      1.1350904
     11.8632578      1.0360587      1.1265504
     11.8850139      1.0341104      1.1529580
     11.9067339      1.0321946      1.0884830
     11.9284175      1.0303350      1.1251038
     11.9500648      1.0285532      1.1154429
     11.9716757      1.0268694      1.1410577
     11.9932502      1.0253015      1.0773373
     12.0147881      1.0238651      1.1098128
     12.0362894      1.0225735      1.0960678
     12.0577540      1.0214373      1.1232744
     12.0791820      1.0204649      1.0751669
     12.1005731      1.0196619      1.0935382
     12.1219273      1.0190314      1.0860168
     12.1432447      1.0185742      1.1054872
     12.1645250      1.0182888      1.0545239
     12.1857683      1.0181712      1.0755529
     12.2069745      1.0182158      1.0633309
     12.2281434      1.0184148      1.0967333
     12.2492752      1.0187591      1.0287851
     12.2703696      1.0192378      1.0593184
     12.2914266      1.0198390      1.0344375
     12.3124462      1.0205499      1.0668558
     12.3334283      1.0213567      1.0194668
     12.3543729      1.0222451      1.0413947
     12.3752798      1.0232007      1.0220082
     12.3961490      1.0242088      1.0461461
     12.4169804      1.0252546      1.0040548
     12.4377740      1.0263239      1.0188141
     12.4585297      1.0274027      1.0160719
     12.4792475      1.0284776      1.0268725
     12.4999273      1.0295357      0.9869754
     12.5205689      1.0305653      1.0081038
     12.5411725      1.0315552      0.9990972
     12.5617378      1.0324954      1.0153613
     12.5822649      1.0333768      0.9610317
     12.6027536      1.0341914      0.9884075
     12.6232040      1.0349323      0.9729133
     12.6436159      1.0355938      0.9953950
     12.6639893      1.0361713      0.9587060
     12.6843241      1.0366611      0.9733100
     12.7046203      1.0370608      0.9575059
     12.7248777      1.0373691      0.9832109
     12.7450964      1.0375855      0.9370641
     12.7652763      1.0377107      0.9595387
     12.7854173      1.0377463      0.9478745
     12.8055194      1.0376947      0.9668291
     12.8255824      1.0375592      0.9395642
     12.8456064      1.0373439      0.9422727
     12.8655912      1.0370535      0.9418061
     12.8855369      1.0366935      0.9704281
     12.9054433      1.0362699      0.9299124
     12.9253104      1.0357892      0.9520727
     12.9451381      1.0352585      0.9272463
     12.9649264      1.0346852      0.9424247
     12.9846752      1.0340770      0.9140179
     13.0043844      1.0334419      0.9335518
     13.0240541      1.0327881      0.9200856
     13.0436840      1.0321238      0.9444774
     13.0632742      1.0314575      0.9106600
     13.0828247      1.0307973      0.9228750
     13.1023352      1.0301516      0.9220535
     13.1218059      1.0295283      0.9239801
     13.1412366      1.0289351      0.9026569
     13.1606273      1.0283795      0.9194077
     13.1799778      1.0278685      0.9138904
     13.1992882      1.0274085      0.9291716
     13.2185585      1.0270055      0.9018833
     13.2377884      1.0266648      0.9128383
     13.2569780      1.0263910      0.9152417
     13.2761273      1.0261878      0.9397104
     13.2952361      1.0260582      0.9026169
     13.3143044      1.0260043      0.9099367
     13.3333321      1.0260272      0.9082638
     13.3523192      1.0261270      0.9320708
     13.3712657      1.0263028      0.8942827
     13.3901714      1.0265527      0.9090158
     13.4090364      1.0268737      0.9057602
     13.4278604      1.0272617      0.9319192
     13.4466436      1.0277116      0.8834182
     13.4653858      1.0282173      0.9076445
     13.4840871      1.0287716      0.9078576
     13.5027472      1.0293666      0.9315511
     13.5213662      1.0299932      0.8920059
     13.5399440      1.0306418      0.9148772
     13.5584806      1.0313017      0.9102984
     13.5769758      1.0319621      0.9301520
     13.5954297      1.0326112      0.8835772
     13.6138422      1.0332372      0.9119026
     13.6322132      1.0338277      0.9116708
     13.6505427      1.0343706      0.9437406
     13.6688306      1.0348533      0.8963849
     13.6870769      1.0352640      0.9349939
     13.7052815      1.0355907      0.9143259
     13.7234443      1.0358222      0.9431674
     13.7415654      1.0359478      0.9022791
     13.7596445      1.0359579      0.9195975
     13.7776818      1.0358434      0.9268100
     13.7956771      1.0355966      0.9524244
     13.8136303      1.0352111      0.9079933
     13.8315415      1.0346816      0.9406395
     13.8494106      1.0340045      0.9315903
     13.8672374      1.0331776      0.9599240
     13.8850221      1.0322006      0.9125359
     13.9027644      1.0310747      0.9402451
     13.9204644      1.0298030      0.9401231
     13.9381219      1.0283904      0.9727534
     13.9557370      1.0268436      0.9214117
     13.9733096      1.0251713      0.9445990
     13.9908397      1.0233838      0.9434129
     14.0083271      1.0214931      0.9751591
     14.0257718      1.0195132      0.9358401
     14.0431739      1.0174595      0.9679596
     14.0605331      1.0153487      0.9554686
     14.0778495      1.0131994      0.9785371
     14.0951231      1.0110308      0.9281773
     14.1123536      1.0088636      0.9681724
     14.1295412      1.0067193      0.9632543
     14.1466858      1.0046201      0.9904629
     14.1637873      1.0025885      0.9435705
     14.1808456      1.0006476      0.9698750
     14.1978607      0.9988205      0.9657130
     14.2148326      0.9971300      0.9996588
     14.2317612      0.9955987      0.9463237
     14.2486464      0.9942487      0.9744537
     14.2654882      0.9931010      0.9730957
     14.2822866      0.9921758      0.9911868
     14.2990415      0.9914920      0.9632118
     14.3157528      0.9910672      0.9766910
     14.3324204      0.9909171      0.9822402
     14.3490445      0.9910559      1.0084165
     14.3656248      0.9914955      0.9750472
     14.3821614      0.9922460      0.9902348
     14.3986541      0.9933149      0.9817262
     14.4151030      0.9947077      1.0158417
     14.4315080      0.9964272      0.9558486
     14.4478690      0.9984737      0.9862701
     14.4641860      1.0008450      0.9816447
     14.4804590      1.0035362      1.0142407
     14.4966878      1.0065399      0.9601065
     14.5128725      1.0098460      1.0003280
     14.5290130      1.0134419      0.9882040
     14.5451092      1.0173126      1.0138767
     14.5611611      1.0214406      0.9616819
     14.5771686      1.0258060      0.9972458
     14.5931318      1.0303871      0.9915339
     14.6090505      1.0351599      1.0310695
     14.6249247      1.0400985      0.9728348
     14.6407543      1.0451755      0.9948137
     14.6565394      1.0503620      0.9940315
     14.6722798      1.0556278      1.0275273
     14.6879755      1.0609415      0.9654386
     14.7036264      1.0662710      1.0093043
     14.7192326      1.0715837      1.0003102
     14.7347939      1.0768464      1.0246455
     14.7503104      1.0820260      0.9645569
     14.7657819      1.0870894      1.0063801
     14.7812084      1.0920038      1.0000633
     14.7965899      1.0967371      1.0233604
     14.8119264      1.1012581      0.9772080
     14.8272177      1.1055363      0.9991486
     14.8424639      1.1095429      1.0003800
     14.8576648      1.1132503      1.0330353
     14.8728205      1.1166326      0.9679322
     14.8879309      1.1196658      1.0084296
     14.9029959      1.1223277      0.9911637
     14.9180155      1.1245986      1.0330779
     14.9329897      1.1264607      0.9774007
     14.9479184      1.1278990      1.0047920
     14.9628016      1.1289006      0.9991079
     14.9776391      1.1294554      1.0347524
     14.9924311      1.1295558      0.9715506
     15.0071774      1.1291971      1.0205954
     15.0218780      1.1283770      1.0039111
     15.0365328      1.1270960      1.0217448
     15.0511418      1.1253574      0.9832891
     15.0657049      1.1231670      1.0136528
     15.0802222      1.1205331      0.9971735
     15.0946935      1.1174667      1.0218580
     15.1091189      1.1139811      0.9728030
     15.1234982      1.1100920      1.0024691
     15.1378315      1.1058173      0.9920856
     15.1521186      1.1011769      1.0084422
     15.1663596      1.0961927      0.9710480
     15.1805544      1.0908883      0.9897689
     15.1947030      1.0852891      0.9814171
     15.2088052      1.0794218      1.0085216
     15.2228612      1.0733145      0.9712502
     15.2368707      1.0669962      0.9920745
     15.2508339      1.0604971      0.9922244
     15.2647506      1.0538478      1.0044081
     15.2786207      1.0470797      0.9905568
