Time       moves_acc moves_gen     G(r)_1     S(Q)_1
h/m/s/.th    WEIGHT PARAMETERS   0.100E+01  0.100E+01
130007.855       11297      335313  0.532E-01  0.100E+01
130019.855       20663      626702  0.559E-01  0.100E+01
130031.855       30592      917066  0.424E-01  0.100E+01
130043.855       39817     1208295  0.553E-01  0.100E+01
130055.855       51344     1506731  0.489E-01  0.100E+01
130107.855       64652     1858831  0.573E-01  0.100E+01
130119.855       76400     2215426  0.485E-01  0.100E+01
130131.855       87641     2519521  0.584E-01  0.100E+01
130143.855       96549     2824571  0.496E-01  0.100E+01
130155.855      106349     3121877  0.480E-01  0.100E+01
130207.855      114208     3417439  0.496E-01  0.100E+01
130219.855      121421     3715712  0.498E-01  0.100E+01
130231.855      133243     4012907  0.535E-01  0.100E+01
130243.855      142633     4308158  0.568E-01  0.100E+01
130255.855      150119     4603556  0.605E-01  0.100E+01
130307.855      158479     4916497  0.523E-01  0.100E+01
130319.855      166772     5235275  0.565E-01  0.100E+01
130331.855      176895     5552806  0.514E-01  0.100E+01
130343.856      186538     5862812  0.586E-01  0.100E+01
130355.855      195992     6171473  0.565E-01  0.100E+01
130407.855      205353     6482392  0.515E-01  0.100E+01
130419.855      216011     6800615  0.423E-01  0.100E+01
130431.855      225195     7114281  0.483E-01  0.100E+01
130443.855      234726     7430593  0.451E-01  0.100E+01
130455.855      245131     7748228  0.529E-01  0.100E+01
130507.855      255544     8064992  0.604E-01  0.999E+00
130519.855      267172     8381699  0.572E-01  0.100E+01
130531.855      279134     8699139  0.595E-01  0.100E+01
130543.855      289831     9015234  0.496E-01  0.100E+01
130555.855      299745     9331205  0.571E-01  0.100E+01
130607.855      309943     9648362  0.604E-01  0.100E+01
130619.855      321436     9963710  0.386E-01  0.100E+01
130631.855      331844    10281046  0.533E-01  0.100E+01
130643.855      341843    10597861  0.580E-01  0.100E+01
130655.855      351774    10920047  0.566E-01  0.100E+01
130707.855      360519    11233047  0.544E-01  0.100E+01
130719.855      371915    11551966  0.537E-01  0.100E+01
130731.855      382841    11868642  0.574E-01  0.100E+01
130743.855      392301    12175865  0.514E-01  0.100E+01
130755.855      401203    12486809  0.574E-01  0.100E+01
130807.855      411297    12794748  0.536E-01  0.100E+01
130819.855      419712    13099028  0.469E-01  0.100E+01
130831.855      430375    13416028  0.494E-01  0.100E+01
130843.855      440648    13725952  0.504E-01  0.100E+01
130855.860      449366    14040297  0.550E-01  0.100E+01
130907.855      459922    14347874  0.495E-01  0.100E+01
130919.855      470257    14660737  0.531E-01  0.100E+01
130931.855      479953    14972391  0.394E-01  0.100E+01
130943.855      492248    15291711  0.509E-01  0.100E+01
130955.855      503011    15610756  0.517E-01  0.100E+01
131007.855      513343    15918359  0.468E-01  0.100E+01
131019.855      523321    16229474  0.466E-01  0.100E+01
131031.855      532606    16548246  0.492E-01  0.100E+01
131043.855      543552    16864976  0.445E-01  0.100E+01
131055.855      553144    17173513  0.460E-01  0.100E+01
131107.856      562668    17482000  0.563E-01  0.118E+01
131119.855      573696    17781980  0.466E-01  0.100E+01
131131.855      581970    18086715  0.439E-01  0.100E+01
131143.855      590556    18403834  0.469E-01  0.100E+01
131155.855      600571    18720948  0.404E-01  0.100E+01
131207.855      610402    19038329  0.450E-01  0.100E+01
131219.855      619078    19355840  0.437E-01  0.100E+01
131231.855      630888    19673891  0.383E-01  0.100E+01
131243.855      639764    19991561  0.410E-01  0.100E+01
131255.855      650883    20309117  0.401E-01  0.100E+01
131307.855      662932    20626760  0.345E-01  0.100E+01
131319.855      674830    20944645  0.420E-01  0.100E+01
131331.855      685652    21261628  0.466E-01  0.100E+01
131343.855      695678    21579498  0.479E-01  0.100E+01
131355.855      705612    21895869  0.449E-01  0.100E+01
131407.855      714777    22212883  0.414E-01  0.100E+01
131419.855      723922    22530338  0.391E-01  0.100E+01
131431.855      733770    22848865  0.313E-01  0.100E+01
131443.855      743301    23166850  0.358E-01  0.100E+01
131455.855      752630    23484488  0.400E-01  0.100E+01
131507.855      762705    23800463  0.475E-01  0.100E+01
131519.855      772639    24117654  0.457E-01  0.100E+01
131531.855      782827    24424563  0.423E-01  0.100E+01
131543.855      794273    24742673  0.427E-01  0.100E+01
131555.855      803531    25053278  0.389E-01  0.100E+01
131607.855      814888    25373333  0.488E-01  0.100E+01
131619.855      822874    25669201  0.461E-01  0.100E+01
131631.855      832567    25965452  0.481E-01  0.100E+01
131643.855      842265    26280589  0.422E-01  0.100E+01
131655.855      853668    26603693  0.343E-01  0.100E+01
131707.855      863585    26925757  0.448E-01  0.100E+01
131719.855      874701    27244785  0.392E-01  0.100E+01
131731.855      885872    27562245  0.398E-01  0.100E+01
131743.855      896317    27873217  0.402E-01  0.100E+01
131755.855      904860    28183381  0.392E-01  0.100E+01
131807.855      913997    28481348  0.440E-01  0.100E+01
131819.855      924506    28781639  0.434E-01  0.100E+01
131831.855      934989    29104078  0.456E-01  0.100E+01
131843.855      944105    29426755  0.434E-01  0.100E+01
131855.855      953238    29748430  0.465E-01  0.100E+01
131907.855      965091    30069719  0.463E-01  0.100E+01
131919.855      976001    30391822  0.420E-01  0.100E+01
131931.855      985402    30714792  0.439E-01  0.100E+01
131943.856      994371    31038000  0.493E-01  0.107E+01
131955.855     1005315    31360000  0.547E-01  0.101E+01
132007.855     1014648    31683358  0.446E-01  0.100E+01
132019.855     1024739    32004742  0.505E-01  0.100E+01
132031.855     1035886    32325775  0.457E-01  0.100E+01
132043.855     1045932    32647975  0.523E-01  0.100E+01
132055.855     1057640    32969499  0.418E-01  0.100E+01
132107.855     1068300    33292241  0.344E-01  0.100E+01
132119.855     1080412    33615852  0.547E-01  0.100E+01
132131.855     1090854    33939452  0.549E-01  0.100E+01
132143.855     1100679    34263091  0.604E-01  0.999E+00
132155.855     1110593    34584667  0.488E-01  0.100E+01
132207.855     1120037    34905393  0.548E-01  0.100E+01
132219.855     1132009    35226820  0.469E-01  0.100E+01
132231.855     1142315    35548459  0.435E-01  0.100E+01
132243.855     1153667    35862409  0.476E-01  0.100E+01
132255.855     1164932    36175088  0.459E-01  0.100E+01
132307.855     1175347    36482058  0.447E-01  0.100E+01
132319.855     1184829    36781594  0.476E-01  0.100E+01
132331.855     1196302    37096296  0.517E-01  0.100E+01
132343.855     1206543    37415818  0.485E-01  0.100E+01
132355.855     1217935    37736236  0.463E-01  0.100E+01
132407.855     1229711    38067618  0.393E-01  0.100E+01
132419.855     1241018    38412922  0.554E-01  0.100E+01
132431.855     1250487    38731153  0.495E-01  0.100E+01
132443.855     1262272    39048413  0.509E-01  0.100E+01
132455.855     1274408    39365612  0.581E-01  0.100E+01
132507.855     1284291    39682048  0.535E-01  0.100E+01
132519.855     1295160    39999965  0.443E-01  0.100E+01
132531.855     1307109    40316471  0.454E-01  0.100E+01
132543.855     1318370    40633728  0.501E-01  0.100E+01
132555.855     1327458    40950152  0.531E-01  0.100E+01
132607.855     1339494    41267354  0.460E-01  0.100E+01
132619.855     1349691    41584158  0.500E-01  0.100E+01
132631.855     1359696    41901765  0.544E-01  0.100E+01
132643.855     1369671    42218643  0.542E-01  0.100E+01
132655.855     1379472    42537042  0.542E-01  0.100E+01
132707.855     1388240    42853782  0.495E-01  0.100E+01
132719.855     1397061    43170893  0.498E-01  0.100E+01
132731.855     1409612    43486141  0.469E-01  0.100E+01
132743.855     1418731    43786422  0.483E-01  0.100E+01
132755.860     1430305    44103272  0.484E-01  0.100E+01
132807.855     1440513    44413070  0.548E-01  0.100E+01
132819.855     1450426    44731235  0.544E-01  0.100E+01
132831.855     1458958    45044169  0.468E-01  0.100E+01
132843.855     1469152    45356386  0.479E-01  0.100E+01
132855.855     1478945    45668089  0.452E-01  0.100E+01
132907.855     1488998    45981835  0.468E-01  0.100E+01
132919.855     1499191    46295307  0.417E-01  0.100E+01
132931.855     1508431    46606475  0.441E-01  0.100E+01
132943.855     1518422    46919871  0.512E-01  0.100E+01
132955.855     1528448    47232346  0.501E-01  0.100E+01
