 Results from RMCProfile version 6.7.9.5

 (Version 6f format configuration file)                                          

 2 experiments   3 partials

 Partial g(r)'s are printed out below

   245  3 are NR and NPAR

   r (Ang)
   0.06545     0.00000     0.00000     0.00000
   0.13090     0.00000     0.00000     0.00000
   0.19635     0.00000     0.00000     0.00000
   0.26180     0.00000     0.00000     0.00000
   0.32725     0.00000     0.00000     0.00000
   0.39271     0.00000     0.00000     0.00000
   0.45816     0.00000     0.00000     0.00000
   0.52361     0.00000     0.00000     0.00000
   0.58906     0.00000     0.00000     0.00000
   0.65451     0.00000     0.00000     0.00000
   0.71996     0.00000     0.00000     0.00000
   0.78541     0.00000     0.00000     0.00000
   0.85086     0.00000     0.00000     0.00000
   0.91631     0.00000     0.00000     0.00000
   0.98176     0.00000     0.00000     0.00000
   1.04721     0.00000     0.00000     0.00000
   1.11267     0.00000     0.00000     0.00000
   1.17812     0.00000     0.00000     0.00000
   1.24357     0.00000     0.00000     0.00000
   1.30902     0.00000     0.26580     0.00000
   1.37447     0.00000     3.41917     0.63652
   1.43992     0.00000     0.87872     1.39996
   1.50537     0.00000     0.40199     0.58555
   1.57082     0.00000     1.49355     1.34444
   1.63627     0.00000     7.19169     3.37641
   1.70172     0.00000     5.54814     2.63484
   1.76718     0.00000     1.64422     0.95608
   1.83263     0.00000     0.97405     0.67911
   1.89808     0.00000     2.58619     1.11653
   1.96353     0.00000     7.22851     1.62417
   2.02898     0.00000     1.19702     0.49360
   2.09443     0.00000     0.00944     0.01891
   2.15988     0.00000     0.00000     0.00000
   2.22533     0.00000     0.00000     0.00000
   2.29078     0.00000     0.00000     0.00000
   2.35623     0.00000     2.73747     0.00000
   2.42168     0.00000     0.00000     0.00000
   2.48714     0.00000     0.00000     0.00000
   2.55259     0.00000     0.00000     0.00000
   2.61804     0.00000     0.00000     0.00000
   2.68349     0.00000     0.02875     0.39161
   2.74894     0.00000     2.02768     4.46178
   2.81439     0.00000     0.87312     1.96865
   2.87984     0.23934     0.22470     0.68007
   2.94529     1.10596     0.23392     0.60237
   3.01074     2.11680     0.63047     1.06601
   3.07619     3.65334     1.20347     1.81437
   3.14164     2.84909     1.10350     1.73956
   3.20710     1.17401     0.63213     0.97173
   3.27255     0.63326     0.38282     0.72027
   3.33800     0.75713     0.53521     0.79652
   3.40345     1.41374     0.79726     0.94519
   3.46890     1.71831     0.90168     1.12699
   3.53435     1.36393     0.77577     0.96280
   3.59980     1.12331     0.63596     0.71688
   3.66525     0.92348     0.46857     0.58037
   3.73070     0.71309     0.58319     0.65256
   3.79615     0.91829     0.71556     0.65903
   3.86161     1.44206     1.01367     0.89831
   3.92706     1.38367     1.02044     0.97080
   3.99251     1.10000     0.95088     0.88720
   4.05796     0.76344     0.92046     0.79333
   4.12341     0.84642     0.94506     0.86348
   4.18886     0.98044     1.08097     0.88870
   4.25431     1.41661     1.32254     1.15716
   4.31976     1.34742     1.45587     1.21126
   4.38521     1.16127     1.33952     1.06754
   4.45066     0.80168     1.18751     0.98194
   4.51611     0.87594     1.21832     0.96792
   4.58157     0.92989     1.25676     1.06098
   4.64702     0.94985     1.35969     1.10044
   4.71247     1.11731     1.40796     1.08316
   4.77792     0.97097     1.16647     1.09729
   4.84337     0.85324     1.02041     0.95292
   4.90882     0.96107     1.05181     0.99308
   4.97427     0.81561     1.09461     1.01573
   5.03972     1.09415     1.14952     1.17566
   5.10517     1.07897     1.14248     1.17594
   5.17062     1.06420     1.19274     1.13861
   5.23607     1.18257     1.07701     1.17234
   5.30153     1.02407     1.01227     1.05799
   5.36698     0.94756     1.07400     1.15472
   5.43243     1.20513     1.14230     1.20014
   5.49788     1.26416     1.12759     1.18272
   5.56333     1.15977     1.15474     1.10681
   5.62878     1.00243     1.10974     1.08908
   5.69423     1.07135     1.02307     1.04628
   5.75968     1.02719     0.94752     1.02263
   5.82513     0.95549     0.97150     1.19778
   5.89058     1.07739     1.09922     1.09124
   5.95604     1.03053     0.97480     1.15156
   6.02149     1.10406     0.93773     1.10264
   6.08694     0.99115     0.89532     0.98167
   6.15239     1.04446     0.93545     1.02883
   6.21784     1.07821     1.02513     0.94399
   6.28329     1.03492     0.97975     1.00006
   6.34874     1.07525     1.02952     1.01145
   6.41419     1.04136     1.02775     1.02317
   6.47964     0.98103     0.93607     1.03125
   6.54509     0.87655     0.91648     0.99136
   6.61054     1.01827     0.96191     0.96614
   6.67600     0.98355     1.01005     1.01708
   6.74145     1.02642     1.04429     1.02297
   6.80690     1.01035     0.97694     1.05621
   6.87235     0.94566     0.97946     0.93081
   6.93780     0.87979     0.98344     0.98054
   7.00325     0.98822     1.00061     0.92847
   7.06870     1.00973     1.00537     1.01428
   7.13415     1.04654     0.97643     0.99087
   7.19960     1.07866     1.02987     0.99453
   7.26505     0.97782     0.98942     0.98220
   7.33050     0.97891     1.00883     0.94313
   7.39596     0.97073     0.95471     0.98944
   7.46141     0.93001     1.01317     0.97439
   7.52686     1.05990     1.06945     1.01828
   7.59231     0.96996     1.06259     1.01878
   7.65776     0.99576     1.01131     0.97669
   7.72321     0.96232     0.97550     1.03182
   7.78866     1.01711     0.99331     0.99609
   7.85411     1.02704     1.02784     0.98763
   7.91956     1.07871     1.02743     0.98526
   7.98501     1.01959     1.03989     1.04202
   8.05046     1.01584     1.02241     1.01235
   8.11592     1.00957     1.02107     1.00176
   8.18137     0.95394     0.95468     0.98703
   8.24682     0.99237     1.02606     1.02814
   8.31227     0.91455     1.03754     1.07744
   8.37772     0.95924     1.04499     0.99094
   8.44317     1.08365     1.01491     1.03498
   8.50862     1.00764     0.99135     0.98704
   8.57407     1.04407     1.00838     0.99177
   8.63952     1.01723     0.95765     1.04070
   8.70497     1.03692     1.01381     1.01854
   8.77043     1.06451     1.02404     1.05785
   8.83588     0.95345     1.03332     1.02630
   8.90133     0.99794     1.01034     1.01022
   8.96678     1.04309     1.02398     1.02080
   9.03223     0.94895     1.00310     0.97301
   9.09768     0.98930     1.03525     1.01869
   9.16313     0.96340     1.07082     1.02346
   9.22858     1.04690     1.05277     0.98708
   9.29403     1.09349     0.97039     1.00539
   9.35948     1.04048     1.01360     1.02831
   9.42493     1.04656     0.96600     0.97439
   9.49039     1.05789     1.03549     1.01395
   9.55584     0.99091     0.99278     1.01510
   9.62129     1.11686     1.00527     1.03359
   9.68674     1.02601     1.01910     1.00553
   9.75219     1.02620     0.98195     0.99513
   9.81764     1.00742     1.00542     0.99997
   9.88309     0.99242     0.98748     1.00758
   9.94854     0.99947     1.00968     1.04004
  10.01399     1.01449     1.01429     1.02277
  10.07944     0.99973     1.02031     1.00749
  10.14489     1.00615     1.00719     1.01226
  10.21035     0.98854     0.96691     1.00887
  10.27580     1.03551     0.98601     0.98899
  10.34125     1.07504     1.02623     1.03236
  10.40670     1.03559     0.99119     0.96044
  10.47215     0.95934     1.00678     1.02032
  10.53760     1.00109     1.04280     0.99163
  10.60305     0.98141     0.96918     1.01078
  10.66850     0.96795     1.01009     0.99477
  10.73395     1.02079     0.99421     0.97728
  10.79940     0.99569     0.98823     1.02272
  10.86486     0.97112     1.01882     0.99849
  10.93031     0.94014     0.99729     1.03274
  10.99576     0.97960     0.99915     1.00573
  11.06121     0.93559     1.01715     0.97590
  11.12666     0.97005     0.99820     0.97081
  11.19211     0.96138     1.00805     0.99161
  11.25756     1.02071     1.00910     1.02069
  11.32301     0.99605     0.99586     1.00925
  11.38846     1.00121     0.99466     0.98841
  11.45391     0.98854     0.98553     0.99422
  11.51936     0.98482     0.97343     0.99358
  11.58482     0.98481     1.01832     0.99443
  11.65027     0.98962     1.02430     0.97137
  11.71572     1.03645     1.02435     0.98805
  11.78117     0.96537     0.99928     0.99234
  11.84662     0.99952     0.98177     0.99175
  11.91207     0.98274     0.98152     0.99871
  11.97752     0.97203     0.98785     1.00285
  12.04297     1.03335     1.01198     1.01572
  12.10842     1.05380     1.00022     0.97846
  12.17387     0.98892     1.00487     1.00826
  12.23932     0.98500     0.98447     0.97508
  12.30478     0.98547     0.97266     0.98501
  12.37023     1.02372     1.00326     1.00388
  12.43568     0.98516     1.01951     0.99200
  12.50113     0.99498     0.98766     1.02092
  12.56658     1.05168     0.98448     1.02161
  12.63203     0.99935     0.97612     0.98687
  12.69748     0.97266     0.95144     1.01608
  12.76293     1.06223     0.99154     0.97488
  12.82838     0.99915     1.01844     0.99848
  12.89383     1.07161     0.99567     1.00234
  12.95928     0.99187     0.99649     0.99989
  13.02474     0.97315     0.99236     0.97178
  13.09019     0.97792     0.97545     0.99258
  13.15564     1.01600     0.99975     1.00070
  13.22109     1.02774     1.00859     1.00529
  13.28654     0.91737     1.01768     1.01233
  13.35199     0.98449     0.97660     1.01592
  13.41744     0.98134     1.00897     1.02239
  13.48289     0.93361     0.98188     0.98899
  13.54834     0.98319     0.98167     0.97900
  13.61379     1.00679     1.01269     1.01728
  13.67925     1.06436     1.00546     1.00069
  13.74470     0.96231     1.00402     0.99338
  13.81015     0.96708     0.98193     1.01030
  13.87560     0.95712     0.98581     1.00058
  13.94105     0.99837     0.97253     0.99398
  14.00650     0.95449     1.01581     0.99422
  14.07195     1.04755     1.03755     1.01913
  14.13740     0.96835     1.00766     0.98689
  14.20285     0.97503     0.96226     0.96939
  14.26830     1.00348     1.02160     0.96031
  14.33375     1.00883     0.97661     0.97357
  14.39921     1.00526     1.01809     1.02834
  14.46466     1.01516     1.02493     0.97783
  14.53011     1.01387     0.99767     0.97533
  14.59556     1.03120     0.97630     0.97555
  14.66101     1.00816     0.98668     0.96281
  14.72646     0.93744     1.01001     0.99099
  14.79191     1.01535     1.00525     0.99589
  14.85736     1.05663     1.01949     1.01832
  14.92281     0.98944     0.98304     0.99469
  14.98826     0.96314     0.98314     0.98566
  15.05371     0.95771     0.96968     0.98918
  15.11917     0.98779     0.98413     1.01475
  15.18462     1.01875     1.02092     1.01951
  15.25007     1.02638     1.01271     1.01274
  15.31552     1.00141     0.99331     0.98306
  15.38097     0.94606     0.96159     0.98488
  15.44642     0.99005     0.96665     0.97307
  15.51187     1.01197     0.98605     1.02538
  15.57732     1.07370     1.01669     1.01456
  15.64277     1.05797     1.02597     1.02151
  15.70822     0.94794     0.96457     0.98141
  15.77368     0.92746     0.93961     0.94962
  15.83913     0.94553     0.98501     0.96245
  15.90458     1.10125     1.07171     1.03373
  15.97003     1.12402     1.10728     1.07975
  16.03548     0.78806     0.81737     0.86193

 Partial S(Q)'s are printed out below

   494  3 are NQ and NPAR

      Q          S(Q)_1      S(Q)_2      S(Q)_3
  0.4682470    -2.8268201     0.0750807    -1.4018350
  0.4982822    -3.0960950    -0.1968255    -1.6820225
  0.5283174    -3.2700016    -0.3532390    -1.8418379
  0.5583526    -3.3513347    -0.4035399    -1.8901414
  0.5883878    -3.3533817    -0.3697550    -1.8491381
  0.6184230    -3.2964789    -0.2812973    -1.7491199
  0.6484582    -3.2039859    -0.1691641    -1.6225293
  0.6784934    -3.0984003    -0.0606463    -1.4984086
  0.7085286    -2.9982193     0.0245949    -1.3981349
  0.7385638    -2.9159594     0.0765543    -1.3330320
  0.7685990    -2.8574854     0.0948811    -1.3040622
  0.7986342    -2.8225519     0.0871079    -1.3034105
  0.8286694    -2.8062573     0.0656698    -1.3174502
  0.8587046    -2.8009876     0.0444425    -1.3303808
  0.8887398    -2.7984029     0.0355408    -1.3277788
  0.9187750    -2.7910833     0.0469847    -1.2993994
  0.9488102    -2.7735822     0.0815984    -1.2407795
  0.9788454    -2.7427961     0.1372147    -1.1534723
  1.0088806    -2.6977223     0.2079778    -1.0440277
  1.0389158    -2.6387935     0.2863236    -0.9220686
  1.0689510    -2.5670450     0.3651129    -0.7979582
  1.0989862    -2.4833652     0.4394063    -0.6805866
  1.1290214    -2.3880242     0.5074931    -0.5757276
  1.1590566    -2.2805755     0.5709879    -0.4852574
  1.1890918    -2.1601193     0.6340302    -0.4073231
  1.2191270    -2.0258226     0.7018299    -0.3373375
  1.2491622    -1.8775295     0.7789379    -0.2695211
  1.2791974    -1.7162857     0.8676671    -0.1986115
  1.3092326    -1.5446284     0.9670395    -0.1213596
  1.3392678    -1.3665624     1.0725033    -0.0375001
  1.3693030    -1.1872189     1.1764807     0.0499829
  1.3993382    -1.0122735     1.2696230     0.1353162
  1.4293734    -0.8472500     1.3424887     0.2109957
  1.4594086    -0.6968558     1.3872789     0.2691961
  1.4894438    -0.5644789     1.3992524     0.3032352
  1.5194790    -0.4519271     1.3775250     0.3088013
  1.5495142    -0.3594295     1.3250912     0.2847217
  1.5795494    -0.2858580     1.2480808     0.2331534
  1.6095846    -0.2290785     1.1544219     0.1592020
  1.6396198    -0.1863268     1.0522072     0.0700803
  1.6696550    -0.1545135     0.9481135    -0.0260028
  1.6996902    -0.1303990     0.8462054    -0.1210008
  1.7297254    -0.1106357     0.7473653    -0.2080297
  1.7597606    -0.0917214     0.6494503    -0.2820563
  1.7897958    -0.0699478     0.5481235    -0.3402014
  1.8198311    -0.0414369     0.4381645    -0.3816647
  1.8498663    -0.0023387     0.3149670    -0.4073499
  1.8799015     0.0507815     0.1759015    -0.4193116
  1.9099367     0.1203978     0.0212520    -0.4201588
  1.9399719     0.2074153    -0.1454630    -0.4125290
  1.9700071     0.3106318    -0.3178495    -0.3987131
  2.0000423     0.4264216    -0.4875935    -0.3804568
  2.0300775     0.5487677    -0.6458142    -0.3589247
  2.0601127     0.6697139    -0.7845359    -0.3347765
  2.0901479     0.7802237    -0.8979862    -0.3082993
  2.1201831     0.8713504    -0.9834689    -0.2795382
  2.1502183     0.9355377    -1.0416547    -0.2483978
  2.1802535     0.9678322    -1.0762520    -0.2147041
  2.2102887     0.9667757    -1.0931464    -0.1782471
  2.2403239     0.9347947    -1.0991960    -0.1388300
  2.2703591     0.8779794    -1.1009318    -0.0963529
  2.3003943     0.8052563    -1.1034154    -0.0509411
  2.3304295     0.7270702    -1.1094658    -0.0031052
  2.3604647     0.6537842    -1.1193795     0.0461022
  2.3904999     0.5940687    -1.1311676     0.0949850
  2.4205351     0.5535563    -1.1412246     0.1412097
  2.4505703     0.5339979    -1.1452697     0.1819553
  2.4806055     0.5330688    -1.1393541     0.2142136
  2.5106407     0.5448560    -1.1207290     0.2352087
  2.5406759     0.5609382    -1.0884136     0.2428682
  2.5707111     0.5718635    -1.0433712     0.2362544
  2.6007463     0.5687630    -0.9882887     0.2158565
  2.6307815     0.5448210    -0.9270353     0.1836651
  2.6608167     0.4963528    -0.8639328     0.1429842
  2.6908519     0.4233214    -0.8030000     0.0979917
  2.7208871     0.3292298    -0.7473233     0.0531117
  2.7509223     0.2204375    -0.6986690     0.0123081
  2.7809575     0.1050515    -0.6573896    -0.0215665
  2.8109927    -0.0083920    -0.6226157    -0.0472347
  2.8410279    -0.1122158    -0.5926609    -0.0651703
  2.8710631    -0.2006407    -0.5655352    -0.0774413
  2.9010983    -0.2704180    -0.5394433    -0.0872404
  2.9311335    -0.3209839    -0.5131655    -0.0981894
  2.9611687    -0.3541551    -0.4862479    -0.1135546
  2.9912039    -0.3734686    -0.4589846    -0.1355318
  3.0212391    -0.3833197    -0.4322146    -0.1647494
  3.0512743    -0.3880786    -0.4070028    -0.2000967
  3.0813095    -0.3913447    -0.3842901    -0.2389178
  3.1113447    -0.3954578    -0.3645988    -0.2775355
  3.1413799    -0.4013202    -0.3478608    -0.3120000
  3.1714151    -0.4085196    -0.3334024    -0.3389080
  3.2014503    -0.4156846    -0.3200793    -0.3561181
  3.2314855    -0.4209692    -0.3065239    -0.3632130
  3.2615207    -0.4225530    -0.2914411    -0.3616023
  3.2915559    -0.4190553    -0.2738826    -0.3542427
  3.3215911    -0.4097955    -0.2534377    -0.3450259
  3.3516263    -0.3948742    -0.2303019    -0.3379602
  3.3816615    -0.3750889    -0.2052134    -0.3363145
  3.4116967    -0.3517308    -0.1792779    -0.3419042
  3.4417319    -0.3263261    -0.1537253    -0.3546720
  3.4717671    -0.3003830    -0.1296551    -0.3726536
  3.5018023    -0.2751920    -0.1078251    -0.3923421
  3.5318375    -0.2517049    -0.0885250    -0.4093791
  3.5618727    -0.2304922    -0.0715556    -0.4194324
  3.5919079    -0.2117617    -0.0563095    -0.4190815
  3.6219431    -0.1954091    -0.0419275    -0.4065266
  3.6519783    -0.1810762    -0.0274904    -0.3819762
  3.6820135    -0.1681975    -0.0122023    -0.3476307
  3.7120487    -0.1560350     0.0044736    -0.3072652
  3.7420839    -0.1437106     0.0227492    -0.2654948
  3.7721191    -0.1302556     0.0425251    -0.2268746
  3.8021543    -0.1146922     0.0634685    -0.1950151
  3.8321895    -0.0961564     0.0851325    -0.1718947
  3.8622247    -0.0740516     0.1070841    -0.1575061
  3.8922599    -0.0482070     0.1290105    -0.1499063
  3.9222951    -0.0190042     0.1507827    -0.1456555
  3.9523303     0.0125718     0.1724645    -0.1405511
  3.9823655     0.0449883     0.1942729    -0.1305048
  4.0124007     0.0763402     0.2165026    -0.1123816
  4.0424359     0.1046319     0.2394360    -0.0846314
  4.0724711     0.1281225     0.2632602    -0.0475885
  4.1025063     0.1456696     0.2880085    -0.0033833
  4.1325415     0.1569984     0.3135336     0.0445083
  4.1625767     0.1628280     0.3395148     0.0919786
  4.1926119     0.1648119     0.3654904     0.1351155
  4.2226471     0.1652836     0.3909045     0.1709713
  4.2526823     0.1668418     0.4151559     0.1981172
  4.2827175     0.1718468     0.4376406     0.2168771
  4.3127527     0.1819243     0.4577853     0.2291968
  4.3427879     0.1975815     0.4750714     0.2381860
  4.3728231     0.2180210     0.4890577     0.2474317
  4.4028583     0.2412059     0.4994054     0.2602286
  4.4328935     0.2641774     0.5059087     0.2788834
  4.4629287     0.2835752     0.5085304     0.3042332
  4.4929639     0.2962648     0.5074346     0.3354674
  4.5229991     0.2999515     0.5030033     0.3702836
  4.5530343     0.2936536     0.4958280     0.4053348
  4.5830695     0.2779365     0.4866630     0.4368719
  4.6131047     0.2548502     0.4763403     0.4614476
  4.6431399     0.2275743     0.4656527     0.4765412
  4.6731751     0.1998325     0.4552214     0.4809843
  4.7032103     0.1751900     0.4453725     0.4751136
  4.7332455     0.1563692     0.4360502     0.4606320
  4.7632807     0.1447230     0.4267878     0.4402217
  4.7933159     0.1399709     0.4167542     0.4169952
  4.8233511     0.1402550     0.4048725     0.3939039
  4.8533863     0.1425056     0.3899982     0.3732190
  4.8834215     0.1430463     0.3711265     0.3561832
  4.9134567     0.1383181     0.3475921     0.3428903
  4.9434919     0.1255787     0.3192209     0.3323966
  4.9735271     0.1034393     0.2864029     0.3230274
  5.0035623     0.0721338     0.2500676     0.3127997
  5.0335975     0.0334710     0.2115628     0.2998669
  5.0636327    -0.0095145     0.1724571     0.2828945
  5.0936679    -0.0531371     0.1343017     0.2612955
  5.1237031    -0.0937411     0.0983987     0.2352917
  5.1537383    -0.1283477     0.0656182     0.2058036
  5.1837735    -0.1551410     0.0363024     0.1742094
  5.2138087    -0.1737015     0.0102726     0.1420378
  5.2438439    -0.1849511    -0.0130613     0.1106660
  5.2738791    -0.1908344    -0.0345159     0.0810890
  5.3039143    -0.1938170    -0.0549112     0.0538021
  5.3339495    -0.1963145    -0.0748577     0.0288117
  5.3639847    -0.2001777    -0.0945992     0.0057576
  5.3940199    -0.2063418    -0.1139438    -0.0158939
  5.4240551    -0.2147063    -0.1322967    -0.0366387
  5.4540903    -0.2242587    -0.1487880    -0.0567605
  5.4841255    -0.2334016    -0.1624658    -0.0762311
  5.5141607    -0.2403946    -0.1725138    -0.0947085
  5.5441959    -0.2438046    -0.1784467    -0.1116245
  5.5742311    -0.2428541    -0.1802400    -0.1263373
  5.6042663    -0.2375882    -0.1783683    -0.1383071
  5.6343015    -0.2288230    -0.1737447    -0.1472492
  5.6643367    -0.2178926    -0.1675723    -0.1532281
  5.6943719    -0.2062598    -0.1611423    -0.1566696
  5.7244071    -0.1950869    -0.1556190    -0.1582899
  5.7544423    -0.1848780    -0.1518552    -0.1589596
  5.7844775    -0.1752816    -0.1502754    -0.1595348
  5.8145127    -0.1651132    -0.1508463    -0.1606963
  5.8445479    -0.1525996    -0.1531356    -0.1628319
  5.8745831    -0.1358002    -0.1564435    -0.1659867
  5.9046183    -0.1131113    -0.1599724    -0.1698899
  5.9346535    -0.0837421    -0.1629995    -0.1740470
  5.9646887    -0.0480482    -0.1650135    -0.1778742
  5.9947239    -0.0076401    -0.1657914    -0.1808393
  6.0247591     0.0347729    -0.1654018    -0.1825783
  6.0547943     0.0757828    -0.1641438    -0.1829602
  6.0848295     0.1118541    -0.1624398    -0.1820889
  6.1148647     0.1399558    -0.1607135    -0.1802458
  6.1448999     0.1581231    -0.1592834    -0.1777916
  6.1749351     0.1658345    -0.1582981    -0.1750540
  6.2049703     0.1641219    -0.1577249    -0.1722310
  6.2350055     0.1553865    -0.1573920    -0.1693354
  6.2650407     0.1429542    -0.1570675    -0.1661923
  6.2950759     0.1304558    -0.1565514    -0.1624906
  6.3251111     0.1211548    -0.1557528    -0.1578739
  6.3551463     0.1173567    -0.1547292    -0.1520468
  6.3851815     0.1200135    -0.1536750    -0.1448690
  6.4152167     0.1286016    -0.1528613    -0.1364142
  6.4452519     0.1412910    -0.1525403    -0.1269769
  6.4752871     0.1553653    -0.1528412    -0.1170255
  6.5053223     0.1678037    -0.1536848    -0.1071126
  6.5353575     0.1759011    -0.1547436    -0.0977642
  6.5653927     0.1778011    -0.1554613    -0.0893729
  6.5954279     0.1728350    -0.1551331    -0.0821216
  6.6254631     0.1616024    -0.1530337    -0.0759548
  6.6554983     0.1457861    -0.1485633    -0.0706038
  6.6855335     0.1277484    -0.1413816    -0.0656588
  6.7155687     0.1099996    -0.1314961    -0.0606702
  6.7456039     0.0946554    -0.1192825    -0.0552542
  6.7756391     0.0829994    -0.1054296    -0.0491769
  6.8056743     0.0752417    -0.0908177    -0.0423990
  6.8357095     0.0705197    -0.0763558    -0.0350696
  6.8657447     0.0671389    -0.0628118    -0.0274741
  6.8957799     0.0629944    -0.0506746    -0.0199490
  6.9258151     0.0560833    -0.0400785    -0.0127886
  6.9558503     0.0449939    -0.0308079    -0.0061654
  6.9858855     0.0292686    -0.0223816    -0.0000871
  7.0159207     0.0095623    -0.0141985     0.0056000
  7.0459559    -0.0124366    -0.0057108     0.0111612
  7.0759911    -0.0343068     0.0034152     0.0168904
  7.1060263    -0.0533551     0.0131891     0.0230165
  7.1360615    -0.0671437     0.0232654     0.0296222
  7.1660967    -0.0739776     0.0330000     0.0366006
  7.1961319    -0.0732570     0.0415846     0.0436609
  7.2261671    -0.0656250     0.0482312     0.0503855
  7.2562023    -0.0528857     0.0523637     0.0563265
  7.2862375    -0.0377106     0.0537750     0.0611185
  7.3162727    -0.0231921     0.0527103     0.0645801
  7.3463079    -0.0123301     0.0498558     0.0667768
  7.3763431    -0.0075475     0.0462307     0.0680263
  7.4063783    -0.0103183     0.0430030     0.0688401
  7.4364135    -0.0209698     0.0412661     0.0698120
  7.4664487    -0.0386821     0.0418230     0.0714738
  7.4964839    -0.0616721     0.0450240     0.0741532
  7.5265191    -0.0875160     0.0506941     0.0778652
  7.5565543    -0.1135427     0.0581644     0.0822665
  7.5865895    -0.1372256     0.0664039     0.0866871
  7.6166247    -0.1565053     0.0742236     0.0902389
  7.6466599    -0.1700000     0.0805091     0.0919806
  7.6766951    -0.1770818     0.0844353     0.0911086
  7.7067303    -0.1778285     0.0856176     0.0871324
  7.7367655    -0.1728792     0.0841684     0.0799972
  7.7668008    -0.1632374     0.0806516     0.0701250
  7.7968360    -0.1500664     0.0759455     0.0583615
  7.8268712    -0.1345148     0.0710468     0.0458374
  7.8569064    -0.1175962     0.0668601     0.0337691
  7.8869416    -0.1001307     0.0640183     0.0232377
  7.9169768    -0.0827388     0.0627724     0.0149924
  7.9470120    -0.0658705     0.0629717     0.0093172
  7.9770472    -0.0498472     0.0641360     0.0059900
  8.0070824    -0.0348966     0.0655982     0.0043425
  8.0371176    -0.0211716     0.0666835     0.0034100
  8.0671528    -0.0087496     0.0668803     0.0021399
  8.0971880     0.0023776     0.0659644    -0.0003828
  8.1272232     0.0123126     0.0640466    -0.0047385
  8.1572584     0.0212453     0.0615347    -0.0110469
  8.1872936     0.0294236     0.0590201    -0.0189337
  8.2173288     0.0371011     0.0571176    -0.0275997
  8.2473640     0.0444723     0.0562975    -0.0359744
  8.2773992     0.0516106     0.0567504    -0.0429247
  8.3074344     0.0584284     0.0583195    -0.0474746
  8.3374696     0.0646756     0.0605157    -0.0489911
  8.3675048     0.0699830     0.0626147    -0.0473020
  8.3975400     0.0739485     0.0638131    -0.0427211
  8.4275752     0.0762498     0.0634084    -0.0359806
  8.4576104     0.0767588     0.0609604    -0.0280856
  8.4876456     0.0756302     0.0563961    -0.0201234
  8.5176808     0.0733376     0.0500336    -0.0130661
  8.5477160     0.0706410     0.0425176    -0.0076073
  8.5777512     0.0684839     0.0346809    -0.0040622
  8.6077864     0.0678337     0.0273640    -0.0023480
  8.6378216     0.0694929     0.0212331    -0.0020436
  8.6678568     0.0739196     0.0166398    -0.0025108
  8.6978920     0.0810936     0.0135541    -0.0030487
  8.7279272     0.0904618     0.0115882    -0.0030456
  8.7579624     0.1009778     0.0101042    -0.0020997
  8.7879976     0.1112367     0.0083835    -0.0000824
  8.8180328     0.1196834     0.0058157     0.0028610
  8.8480680     0.1248585     0.0020651     0.0063707
  8.8781032     0.1256381    -0.0028268     0.0099732
  8.9081384     0.1214215    -0.0084282     0.0131965
  8.9381736     0.1122335    -0.0139989     0.0156757
  8.9682088     0.0987200    -0.0186501     0.0172236
  8.9982440     0.0820398    -0.0215494     0.0178562
  9.0282792     0.0636728    -0.0221227     0.0177696
  9.0583144     0.0451808    -0.0202095     0.0172803
  9.0883496     0.0279667    -0.0161327     0.0167454
  9.1183848     0.0130745    -0.0106666     0.0164847
  9.1484200     0.0010648    -0.0049060     0.0167231
  9.1784552    -0.0080162    -0.0000624     0.0175654
  9.2084904    -0.0145748     0.0027691     0.0190070
  9.2385256    -0.0193336     0.0028254     0.0209717
  9.2685608    -0.0231529    -0.0001750     0.0233639
  9.2985960    -0.0268480    -0.0059771     0.0261174
  9.3286312    -0.0310378    -0.0138428     0.0292229
  9.3586664    -0.0360514    -0.0226987     0.0327273
  9.3887016    -0.0419066    -0.0313471     0.0367007
  9.4187368    -0.0483553    -0.0386940     0.0411812
  9.4487720    -0.0549803    -0.0439470     0.0461131
  9.4788072    -0.0613168    -0.0467415     0.0512968
  9.5088424    -0.0669685    -0.0471724     0.0563701
  9.5388776    -0.0716950    -0.0457278     0.0608305
  9.5689128    -0.0754507    -0.0431451     0.0641020
  9.5989480    -0.0783741    -0.0402246     0.0656352
  9.6289832    -0.0807319    -0.0376448     0.0650232
  9.6590184    -0.0828364    -0.0358222     0.0621066
  9.6890536    -0.0849578    -0.0348450     0.0570441
  9.7190888    -0.0872515    -0.0344931     0.0503258
  9.7491240    -0.0897175    -0.0343355     0.0427232
  9.7791592    -0.0921981    -0.0338773     0.0351769
  9.8091944    -0.0944123    -0.0327168     0.0286406
  9.8392296    -0.0960159    -0.0306735     0.0239091
  9.8692648    -0.0966711    -0.0278516     0.0214634
  9.8993000    -0.0961094    -0.0246244     0.0213633
  9.9293352    -0.0941728    -0.0215405     0.0232136
  9.9593704    -0.0908280    -0.0191768     0.0262106
  9.9894056    -0.0861508    -0.0179733     0.0292674
 10.0194408    -0.0802900    -0.0180942     0.0311944
 10.0494760    -0.0734211    -0.0193514     0.0309046
 10.0795112    -0.0657034    -0.0212147     0.0276070
 10.1095464    -0.0572513    -0.0229111     0.0209504
 10.1395816    -0.0481257    -0.0235951     0.0110942
 10.1696168    -0.0383466    -0.0225521    -0.0013097
 10.1996520    -0.0279206    -0.0193890    -0.0152183
 10.2296872    -0.0168745    -0.0141649    -0.0293645
 10.2597224    -0.0052844    -0.0074275    -0.0424588
 10.2897576     0.0067075    -0.0001409    -0.0533892
 10.3197928     0.0188935     0.0064863    -0.0613844
 10.3498280     0.0310172     0.0112397    -0.0661143
 10.3798632     0.0428013     0.0131549    -0.0677113
 10.4098984     0.0539773     0.0117359    -0.0667140
 10.4399336     0.0643098     0.0070872    -0.0639473
 10.4699688     0.0736074    -0.0000732    -0.0603639
 10.5000040     0.0817195    -0.0085267    -0.0568771
 10.5300392     0.0885214    -0.0167727    -0.0542162
 10.5600744     0.0938948    -0.0233119    -0.0528259
 10.5901096     0.0977139    -0.0269346    -0.0528267
 10.6201448     0.0998450    -0.0269560    -0.0540348
 10.6501800     0.1001651    -0.0233488    -0.0560342
 10.6802152     0.0985984    -0.0167442    -0.0582824
 10.7102504     0.0951637    -0.0083014    -0.0602268
 10.7402856     0.0900205     0.0005277    -0.0614098
 10.7703208     0.0834995     0.0082903    -0.0615450
 10.8003560     0.0761033     0.0138200    -0.0605534
 10.8303912     0.0684697     0.0164604    -0.0585575
 10.8604264     0.0612979     0.0161791    -0.0558399
 10.8904616     0.0552458     0.0135509    -0.0527773
 10.9204968     0.0508159     0.0096159    -0.0497644
 10.9505320     0.0482539     0.0056451    -0.0471438
 10.9805672     0.0474809     0.0028641    -0.0451519
 11.0106024     0.0480781     0.0021962    -0.0438889
 11.0406376     0.0493341     0.0040770    -0.0433142
 11.0706728     0.0503496     0.0083791    -0.0432644
 11.1007080     0.0501848     0.0144595    -0.0434879
 11.1307432     0.0480237     0.0213161    -0.0436877
 11.1607784     0.0433249     0.0278143    -0.0435647
 11.1908136     0.0359275     0.0329345    -0.0428549
 11.2208488     0.0260927     0.0359825    -0.0413575
 11.2508840     0.0144688     0.0367203    -0.0389499
 11.2809192     0.0019845     0.0353883    -0.0355926
 11.3109544    -0.0103076     0.0326198    -0.0313236
 11.3409896    -0.0214118     0.0292689    -0.0262459
 11.3710248    -0.0305556     0.0261954    -0.0205100
 11.4010600    -0.0373123     0.0240558    -0.0142943
 11.4310952    -0.0416565     0.0231515    -0.0077853
 11.4611304    -0.0439415     0.0233658    -0.0011591
 11.4911656    -0.0448075     0.0242054     0.0054323
 11.5212008    -0.0450393     0.0249345     0.0118703
 11.5512360    -0.0454045     0.0247689     0.0180717
 11.5812712    -0.0465055     0.0230842     0.0239835
 11.6113064    -0.0486746     0.0195884     0.0295715
 11.6413416    -0.0519317     0.0144178     0.0348046
 11.6713768    -0.0560093     0.0081327     0.0396384
 11.7014120    -0.0604361     0.0016118     0.0440025
 11.7314472    -0.0646574    -0.0041310     0.0477953
 11.7614824    -0.0681632    -0.0081679     0.0508908
 11.7915176    -0.0705958    -0.0098653     0.0531563
 11.8215528    -0.0718129    -0.0090338     0.0544805
 11.8515880    -0.0718953    -0.0059831     0.0548073
 11.8816232    -0.0711001    -0.0014711     0.0541659
 11.9116584    -0.0697729     0.0034447     0.0526920
 11.9416936    -0.0682434     0.0076204     0.0506304
 11.9717288    -0.0667298     0.0100581     0.0483154
 12.0017640    -0.0652751     0.0101078     0.0461289
 12.0317992    -0.0637316     0.0075942     0.0444410
 12.0618344    -0.0617945     0.0028438     0.0435423
 12.0918696    -0.0590782    -0.0033939     0.0435816
 12.1219048    -0.0552141    -0.0101106     0.0445216
 12.1519400    -0.0499478    -0.0162536     0.0461248
 12.1819752    -0.0432100    -0.0209421     0.0479756
 12.2120104    -0.0351477    -0.0236387     0.0495390
 12.2420456    -0.0261054    -0.0242408     0.0502472
 12.2720808    -0.0165636    -0.0230742     0.0496011
 12.3021160    -0.0070504    -0.0207939     0.0472668
 12.3321512     0.0019552    -0.0182171     0.0431494
 12.3621864     0.0101012    -0.0161288     0.0374267
 12.3922216     0.0172085    -0.0151038     0.0305355
 12.4222568     0.0232725    -0.0153855     0.0231092
 12.4522920     0.0284249    -0.0168475     0.0158767
 12.4823272     0.0328670    -0.0190427     0.0095400
 12.5123624     0.0367950    -0.0213282     0.0046532
 12.5423976     0.0403386    -0.0230318     0.0015254
 12.5724328     0.0435288    -0.0236223     0.0001680
 12.6024680     0.0463062    -0.0228410     0.0002946
 12.6325032     0.0485638    -0.0207657     0.0013765
 12.6625384     0.0502150    -0.0177912     0.0027428
 12.6925736     0.0512622    -0.0145333     0.0037050
 12.7226088     0.0518457    -0.0116780     0.0036840
 12.7526440     0.0522529    -0.0098144     0.0023133
 12.7826792     0.0528787    -0.0092880    -0.0004999
 12.8127144     0.0541416    -0.0101121    -0.0045672
 12.8427496     0.0563706    -0.0119568    -0.0094651
 12.8727848     0.0596910    -0.0142178    -0.0146246
 12.9028200     0.0639398    -0.0161513    -0.0194445
 12.9328552     0.0686350    -0.0170422    -0.0234059
 12.9628904     0.0730190    -0.0163671    -0.0261645
 12.9929256     0.0761723    -0.0139155    -0.0276046
 13.0229608     0.0771834    -0.0098400    -0.0278435
 13.0529960     0.0753417    -0.0046259    -0.0271911
 13.0830312     0.0703131     0.0010149    -0.0260736
 13.1130664     0.0622563     0.0062990    -0.0249393
 13.1431016     0.0518502     0.0105415    -0.0241686
 13.1731368     0.0402162     0.0133027    -0.0240060
 13.2031720     0.0287431     0.0144766    -0.0245261
 13.2332072     0.0188447     0.0143048    -0.0256398
 13.2632424     0.0116927     0.0133109    -0.0271341
 13.2932776     0.0079814     0.0121738    -0.0287342
 13.3233128     0.0077707     0.0115687    -0.0301718
 13.3533480     0.0104466     0.0120129    -0.0312415
 13.3833832     0.0148094     0.0137522    -0.0318341
 13.4134184     0.0192796     0.0167123    -0.0319389
 13.4434536     0.0221830     0.0205257    -0.0316191
 13.4734888     0.0220603     0.0246255    -0.0309663
 13.5035240     0.0179419     0.0283842    -0.0300515
 13.5335592     0.0095320     0.0312613    -0.0288842
 13.5635944    -0.0027358     0.0329272    -0.0273945
 13.5936296    -0.0177802     0.0333327    -0.0254425
 13.6236648    -0.0340775     0.0327092    -0.0228543
 13.6537000    -0.0499462     0.0314997    -0.0194765
 13.6837353    -0.0638541     0.0302399    -0.0152331
 13.7137705    -0.0746849     0.0294162    -0.0101721
 13.7438057    -0.0819121     0.0293379    -0.0044851
 13.7738409    -0.0856464     0.0300543     0.0015051
 13.8038761    -0.0865515     0.0313355     0.0073903
 13.8339113    -0.0856504     0.0327252     0.0127461
 13.8639465    -0.0840671     0.0336507     0.0172113
 13.8939817    -0.0827624     0.0335646     0.0205573
 13.9240169    -0.0823214     0.0320857     0.0227327
 13.9540521    -0.0828387     0.0291027     0.0238701
 13.9840873    -0.0839235     0.0248161     0.0242545
 14.0141225    -0.0848205     0.0197078     0.0242561
 14.0441577    -0.0846169     0.0144421     0.0242466
 14.0741929    -0.0824842     0.0097223     0.0245145
 14.1042281    -0.0779001     0.0061340     0.0252017
 14.1342633    -0.0707971     0.0040132     0.0262756
 14.1642985    -0.0616047     0.0033683     0.0275449
 14.1943337    -0.0511733     0.0038768     0.0287148
 14.2243689    -0.0405993     0.0049569     0.0294699
 14.2544041    -0.0309888     0.0058985     0.0295639
 14.2844393    -0.0232153     0.0060248     0.0288950
 14.3144745    -0.0177262     0.0048454     0.0275454
 14.3445097    -0.0144413     0.0021688     0.0257758
 14.3745449    -0.0127681    -0.0018555     0.0239715
 14.4045801    -0.0117295    -0.0067718     0.0225528
 14.4346153    -0.0101761    -0.0119241     0.0218687
 14.4646505    -0.0070353    -0.0166075     0.0220996
 14.4946857    -0.0015421    -0.0202304     0.0231938
 14.5247209     0.0065992    -0.0224498     0.0248544
 14.5547561     0.0171577    -0.0232481     0.0265857
 14.5847913     0.0294332    -0.0229336     0.0277892
 14.6148265     0.0424129    -0.0220640     0.0278922
 14.6448617     0.0549907    -0.0213115     0.0264810
 14.6748969     0.0661972    -0.0213000     0.0234076
 14.7049321     0.0753885    -0.0224527     0.0188445
 14.7349673     0.0823513    -0.0248858     0.0132720
 14.7650025     0.0873038    -0.0283722     0.0073979
 14.7950377     0.0907941    -0.0323852     0.0020226
 14.8250729     0.0935250    -0.0362114    -0.0021222
 14.8551081     0.0961491    -0.0391066    -0.0045276
 14.8851433     0.0990842    -0.0404606    -0.0050206
 14.9151785     0.1023955    -0.0399323    -0.0038108
 14.9452137     0.1057710    -0.0375262    -0.0014583
 14.9752489     0.1085954    -0.0335935     0.0012310
 15.0052841     0.1101029    -0.0287614     0.0033622
 15.0353193     0.1095689    -0.0238068     0.0041259
 15.0653545     0.1064912    -0.0195080     0.0029545
 15.0953897     0.1007139    -0.0165075    -0.0003759
 15.1254249     0.0924618    -0.0152181    -0.0057178
 15.1554601     0.0822752    -0.0157912    -0.0126062
 15.1854953     0.0708610    -0.0181493    -0.0203794
 15.2155305     0.0588990    -0.0220684    -0.0283390
 15.2455657     0.0468553    -0.0272840    -0.0359112
 15.2756009     0.0348536    -0.0335854    -0.0427699

PDF 1 in D(r) format
  r, PDF (RMC), PDF (Expt)
 CURVES
         245 ,           2
      0.0654509       -0.0517669       -0.0518487
      0.1309019       -0.1035338       -0.1036974
      0.1963528       -0.1553008       -0.1555461
      0.2618037       -0.2070677       -0.2073949
      0.3272547       -0.2588346       -0.2592436
      0.3927056       -0.3106015       -0.3110923
      0.4581565       -0.3623685       -0.3629410
      0.5236075       -0.4141354       -0.4147897
      0.5890584       -0.4659023       -0.4666384
      0.6545093       -0.5176692       -0.5184872
      0.7199603       -0.5694362       -0.5703359
      0.7854112       -0.6212031       -0.6221846
      0.8508621       -0.6729700       -0.6740333
      0.9163131       -0.7247369       -0.7258820
      0.9817640       -0.7765038       -0.7777307
      1.0472149       -0.8282708       -0.8295794
      1.1126659       -0.8800377       -0.8814282
      1.1781168       -0.9332243       -0.9332769
      1.2435677       -0.8932199       -0.8534496
      1.3090187       -0.6939449       -0.6131118
      1.3744696       -0.3181806       -0.2675095
      1.4399206        0.2006674        0.1694371
      1.5053715        0.7903604        0.6565243
      1.5708224        1.3598345        1.1273298
      1.6362734        1.8166508        1.5020358
      1.7017243        2.0797336        1.7065797
      1.7671752        2.0921358        1.6929626
      1.8326262        1.8367088        1.4532894
      1.8980771        1.3489622        1.0222271
      1.9635280        0.7154255        0.4671657
      2.0289790        0.0504119       -0.1297703
      2.0944299       -0.5420631       -0.6909222
      2.1598808       -1.0018312       -1.1570597
      2.2253318       -1.3220948       -1.4928737
      2.2907827       -1.5299521       -1.6848480
      2.3562336       -1.6523248       -1.7351978
      2.4216846       -1.6913822       -1.6560100
      2.4871355       -1.6258616       -1.4660184
      2.5525864       -1.4351980       -1.1899441
      2.6180374       -1.1268385       -0.8585565
      2.6834883       -0.7458156       -0.5073901
      2.7489392       -0.3598699       -0.1732126
      2.8143902       -0.0314967        0.1110648
      2.8798411        0.2036535        0.3213035
      2.9452920        0.3397115        0.4451695
      3.0107430        0.3877928        0.4824624
      3.0761939        0.3610092        0.4430559
      3.1416448        0.2691257        0.3435209
      3.2070958        0.1237862        0.2036099
      3.2725467       -0.0545547        0.0433831
      3.3379976       -0.2372957       -0.1187926
      3.4034486       -0.3970243       -0.2675069
      3.4688995       -0.5179169       -0.3910444
      3.5343504       -0.5984129       -0.4817000
      3.5998014       -0.6443442       -0.5356468
      3.6652523       -0.6590769       -0.5523286
      3.7307032       -0.6393191       -0.5334799
      3.7961542       -0.5794668       -0.4820485
      3.8616051       -0.4793592       -0.4013945
      3.9270560       -0.3475402       -0.2950839
      3.9925070       -0.1969322       -0.1673695
      4.0579579       -0.0374256       -0.0241362
      4.1234088        0.1270195        0.1261923
      4.1888598        0.2935540        0.2723982
      4.2543107        0.4524561        0.4013251
      4.3197617        0.5843110        0.4999057
      4.3852126        0.6667015        0.5579204
      4.4506635        0.6863968        0.5706504
      4.5161145        0.6477841        0.5404934
      4.5815654        0.5709383        0.4768946
      4.6470163        0.4810213        0.3945010
      4.7124673        0.3973520        0.3100504
      4.7779182        0.3297888        0.2389058
      4.8433691        0.2829610        0.1921862
      4.9088201        0.2620023        0.1751535
      4.9742710        0.2729620        0.1870475
      5.0397219        0.3171308        0.2221259
      5.1051729        0.3852074        0.2714185
      5.1706238        0.4581358        0.3246760
      5.2360747        0.5156192        0.3721221
      5.3015257        0.5461474        0.4057974
      5.3669766        0.5505852        0.4204222
      5.4324275        0.5367692        0.4137823
      5.4978785        0.5103388        0.3866722
      5.5633294        0.4700952        0.3424457
      5.6287803        0.4117552        0.2862556
      5.6942313        0.3360671        0.2241078
      5.7596822        0.2531395        0.1618886
      5.8251331        0.1782733        0.1045309
      5.8905841        0.1224485        0.0554532
      5.9560350        0.0856848        0.0163396
      6.0214859        0.0590818       -0.0127492
      6.0869369        0.0336266       -0.0330101
      6.1523878        0.0078555       -0.0463926
      6.2178387       -0.0123341       -0.0550755
      6.2832897       -0.0211221       -0.0610231
      6.3487406       -0.0201638       -0.0656874
      6.4141915       -0.0187281       -0.0698832
      6.4796425       -0.0261478       -0.0738326
      6.5450934       -0.0434322       -0.0773422
      6.6105443       -0.0619159       -0.0800461
      6.6759953       -0.0705595       -0.0816346
      6.7414462       -0.0656124       -0.0819946
      6.8068971       -0.0540315       -0.0812235
      6.8723481       -0.0475041       -0.0795316
      6.9377990       -0.0522917       -0.0770901
      7.0032500       -0.0638460       -0.0739047
      7.0687009       -0.0708759       -0.0697680
      7.1341518       -0.0651218       -0.0643088
      7.1996028       -0.0481071       -0.0571109
      7.2650537       -0.0290290       -0.0478599
      7.3305046       -0.0160192       -0.0364748
      7.3959556       -0.0089020       -0.0231996
      7.4614065       -0.0000104       -0.0086339
      7.5268574        0.0178745        0.0063070
      7.5923084        0.0439160        0.0205123
      7.6577593        0.0690251        0.0328600
      7.7232102        0.0833049        0.0424277
      7.7886612        0.0843682        0.0486684
      7.8541121        0.0790144        0.0514967
      7.9195630        0.0768580        0.0512661
      7.9850140        0.0818147        0.0486557
      8.0504649        0.0891786        0.0445208
      8.1159158        0.0907683        0.0397538
      8.1813668        0.0831942        0.0351810
      8.2468177        0.0715411        0.0314893
      8.3122686        0.0651185        0.0291696
      8.3777196        0.0692997        0.0284731
      8.4431705        0.0810103        0.0293933
      8.5086214        0.0919267        0.0316932
      8.5740724        0.0962405        0.0349786
      8.6395233        0.0956773        0.0387958
      8.7049742        0.0971619        0.0427171
      8.7704252        0.1055155        0.0463866
      8.8358761        0.1182538        0.0495222
      8.9013270        0.1275384        0.0518944
      8.9667780        0.1275035        0.0533069
      9.0322289        0.1199899        0.0535976
      9.0976798        0.1130939        0.0526551
      9.1631308        0.1136728        0.0504400
      9.2285817        0.1207435        0.0469993
      9.2940326        0.1260651        0.0424687
      9.3594836        0.1215880        0.0370656
      9.4249345        0.1069834        0.0310740
      9.4903854        0.0902288        0.0248209
      9.5558364        0.0805643        0.0186461
      9.6212873        0.0802498        0.0128694
      9.6867382        0.0827798        0.0077661
      9.7521892        0.0793008        0.0035531
      9.8176401        0.0673056        0.0003809
      9.8830911        0.0534151       -0.0016802
      9.9485420        0.0474281       -0.0026672
     10.0139929        0.0529765       -0.0027579
     10.0794439        0.0634922       -0.0022864
     10.1448948        0.0674972       -0.0017177
     10.2103457        0.0586495       -0.0015722
     10.2757967        0.0414047       -0.0023167
     10.3412476        0.0269590       -0.0042560
     10.4066985        0.0229909       -0.0074601
     10.4721495        0.0265364       -0.0117477
     10.5376004        0.0266574       -0.0167238
     10.6030513        0.0146632       -0.0218611
     10.6685023       -0.0073884       -0.0266021
     10.7339532       -0.0278276       -0.0304673
     10.7994041       -0.0353854       -0.0331461
     10.8648551       -0.0291545       -0.0345501
     10.9303060       -0.0194318       -0.0348108
     10.9957569       -0.0185245       -0.0342206
     11.0612079       -0.0297299       -0.0331368
     11.1266588       -0.0444499       -0.0318840
     11.1921097       -0.0501031       -0.0306890
     11.2575607       -0.0416959       -0.0296615
     11.3230116       -0.0265427       -0.0288136
     11.3884625       -0.0178080       -0.0280945
     11.4539135       -0.0227042       -0.0274248
     11.5193644       -0.0360657       -0.0267245
     11.5848153       -0.0451454       -0.0259412
     11.6502663       -0.0412534       -0.0250773
     11.7157172       -0.0276234       -0.0242068
     11.7811681       -0.0163511       -0.0234649
     11.8466191       -0.0172650       -0.0230042
     11.9120700       -0.0289761       -0.0229319
     11.9775209       -0.0403225       -0.0232586
     12.0429719       -0.0408320       -0.0238866
     12.1084228       -0.0304897       -0.0246458
     12.1738737       -0.0197289       -0.0253574
     12.2393247       -0.0196155       -0.0258934
     12.3047756       -0.0313352       -0.0262058
     12.3702265       -0.0448300       -0.0263212
     12.4356775       -0.0480033       -0.0263143
     12.5011284       -0.0380572       -0.0262769
     12.5665794       -0.0243907       -0.0262952
     12.6320303       -0.0201694       -0.0264328
     12.6974812       -0.0301779       -0.0267167
     12.7629322       -0.0461625       -0.0271299
     12.8283831       -0.0541225       -0.0276147
     12.8938340       -0.0470136       -0.0280922
     12.9592850       -0.0312226       -0.0284915
     13.0247359       -0.0207870       -0.0287729
     13.0901868       -0.0245927       -0.0289324
     13.1556378       -0.0383322       -0.0289854
     13.2210887       -0.0486925       -0.0289409
     13.2865396       -0.0459353       -0.0287861
     13.3519906       -0.0331609       -0.0284911
     13.4174415       -0.0235044       -0.0280304
     13.4828924       -0.0277170       -0.0274073
     13.5483434       -0.0436883       -0.0266666
     13.6137943       -0.0579045       -0.0258888
     13.6792452       -0.0578232       -0.0251708
     13.7446962       -0.0438037       -0.0246014
     13.8101471       -0.0292921       -0.0242406
     13.8755980       -0.0286661       -0.0241073
     13.9410490       -0.0437492       -0.0241769
     14.0064999       -0.0616387       -0.0243891
     14.0719508       -0.0662978       -0.0246652
     14.1374018       -0.0535134       -0.0249274
     14.2028527       -0.0352911       -0.0251127
     14.2683036       -0.0291705       -0.0251755
     14.3337546       -0.0419392       -0.0250812
     14.3992055       -0.0628402       -0.0247990
     14.4646564       -0.0730288       -0.0243048
     14.5301074       -0.0630294       -0.0235949
     14.5955583       -0.0420841       -0.0227000
     14.6610092       -0.0302296       -0.0216851
     14.7264602       -0.0398000       -0.0206269
     14.7919111       -0.0633207       -0.0195808
     14.8573620       -0.0795495       -0.0185555
     14.9228130       -0.0728945       -0.0175150
     14.9882639       -0.0485741       -0.0164078
     15.0537148       -0.0289411       -0.0152058
     15.1191658       -0.0333490       -0.0139287
     15.1846167       -0.0596221       -0.0126392
     15.2500676       -0.0847934       -0.0114166
     15.3155186       -0.0856899       -0.0103254
     15.3809695       -0.0611729       -0.0094004
     15.4464205       -0.0349081       -0.0086500
     15.5118714       -0.0343484       -0.0080674
     15.5773223       -0.0638947       -0.0076377
     15.6427733       -0.0975199       -0.0073324
     15.7082242       -0.1003700       -0.0071016
     15.7736751       -0.0625532       -0.0068728
     15.8391261       -0.0147960       -0.0065646
     15.9045770       -0.0085011       -0.0061094
     15.9700279       -0.0728688       -0.0054732
     16.0354789       -0.1838065       -0.0046632

 Total S(Q)'s: Comparison with input data

   494  2 are NQ and NPAR

       Q      S(Q)_RMC  S(Q)_Expt
      0.4682470     -0.9028974     -0.8479151
      0.4982822     -1.1694425     -0.8118532
      0.5283174     -1.3254761     -0.7783499
      0.5583526     -1.3788446     -0.7493800
      0.5883878     -1.3495589     -0.7261986
      0.6184230     -1.2649850     -0.7091703
      0.6484582     -1.1544569     -0.6977406
      0.6784934     -1.0442822     -0.6905600
      0.7085286     -0.9539457     -0.6857362
      0.7385638     -0.8940277     -0.6811699
      0.7685990     -0.8659899     -0.6749116
      0.7986342     -0.8636296     -0.6654717
      0.8286694     -0.8757174     -0.6520260
      0.8587046     -0.8891678     -0.6344790
      0.8887398     -0.8920645     -0.6133734
      0.9187750     -0.8759706     -0.5896689
      0.9488102     -0.8371584     -0.5644352
      0.9788454     -0.7766524     -0.5385248
      1.0088806     -0.6992350     -0.5122959
      1.0389158     -0.6117588     -0.4854439
      1.0689510     -0.5212238     -0.4569828
      1.0989862     -0.4330768     -0.4253844
      1.1290214     -0.3500981     -0.3888561
      1.1590566     -0.2720796     -0.3457064
      1.1890918     -0.1963013     -0.2947316
      1.2191270     -0.1186364     -0.2355507
      1.2491622     -0.0349826     -0.1688250
      1.2791974      0.0573350     -0.0963177
      1.3092326      0.1585194     -0.0207787
      1.3392678      0.2658481      0.0543280
      1.3693030      0.3738993      0.1252122
      1.3993382      0.4753942      0.1881957
      1.4293734      0.5624568      0.2401314
      1.4594086      0.6280137      0.2787395
      1.4894438      0.6670344      0.3028113
      1.5194790      0.6773607      0.3122594
      1.5495142      0.6599741      0.3080191
      1.5795494      0.6186721      0.2918289
      1.6095846      0.5592525      0.2659386
      1.6396198      0.4883992      0.2327983
      1.6696550      0.4125159      0.1947805
      1.6996902      0.3367458      0.1539739
      1.7297254      0.2643616      0.1120691
      1.7597606      0.1966171      0.0703370
      1.7897958      0.1330466      0.0296817
      1.8198311      0.0721016     -0.0092619
      1.8498663      0.0119490     -0.0460195
      1.8799015     -0.0487666     -0.0801892
      1.9099367     -0.1103717     -0.1113920
      1.9399719     -0.1719388     -0.1392697
      1.9700071     -0.2314195     -0.1635215
      2.0000423     -0.2860812     -0.1839616
      2.0300775     -0.3331270     -0.2005760
      2.0601127     -0.3703406     -0.2135543
      2.0901479     -0.3965990     -0.2232843
      2.1201831     -0.4121336     -0.2303023
      2.1502183     -0.4184845     -0.2352086
      2.1802535     -0.4181650     -0.2385647
      2.2102887     -0.4141211     -0.2407955
      2.2403239     -0.4091166     -0.2421191
      2.2703591     -0.4051840     -0.2425228
      2.3003943     -0.4032672     -0.2417919
      2.3304295     -0.4031296     -0.2395880
      2.3604647     -0.4035402     -0.2355612
      2.3904999     -0.4026872     -0.2294723
      2.4205351     -0.3987146     -0.2212999
      2.4505703     -0.3902565     -0.2113076
      2.4806055     -0.3768433     -0.2000570
      2.5106407     -0.3590896     -0.1883610
      2.5406759     -0.3386254     -0.1771857
      2.5707111     -0.3177891     -0.1675193
      2.6007463     -0.2991578     -0.1602322
      2.6307815     -0.2850230     -0.1559550
      2.6608167     -0.2769299     -0.1549966
      2.6908519     -0.2753830     -0.1573161
      2.7208871     -0.2797763     -0.1625508
      2.7509223     -0.2885608     -0.1700938
      2.7809575     -0.2996021     -0.1792024
      2.8109927     -0.3106445     -0.1891153
      2.8410279     -0.3197755     -0.1991580
      2.8710631     -0.3257877     -0.2088156
      2.9010983     -0.3283617     -0.2177656
      2.9311335     -0.3280392     -0.2258674
      2.9611687     -0.3259997     -0.2331178
      2.9912039     -0.3237033     -0.2395872
      3.0212391     -0.3224861     -0.2453516
      3.0512743     -0.3232053     -0.2504398
      3.0813095     -0.3260152     -0.2548043
      3.1113447     -0.3303219     -0.2583217
      3.1413799     -0.3349237     -0.2608206
      3.1714151     -0.3382970     -0.2621253
      3.2014503     -0.3389590     -0.2621056
      3.2314855     -0.3358190     -0.2607165
      3.2615207     -0.3284348     -0.2580186
      3.2915559     -0.3171181     -0.2541737
      3.3215911     -0.3028625     -0.2494153
      3.3516263     -0.2871165     -0.2440011
      3.3816615     -0.2714527     -0.2381580
      3.4116967     -0.2572137     -0.2320316
      3.4417319     -0.2452136     -0.2256519
      3.4717671     -0.2355649     -0.2189213
      3.5018023     -0.2276676     -0.2116285
      3.5318375     -0.2203599     -0.2034840
      3.5618727     -0.2121951     -0.1941707
      3.5919079     -0.2017785     -0.1833978
      3.6219431     -0.1880863     -0.1709495
      3.6519783     -0.1706954     -0.1567181
      3.6820135     -0.1498720     -0.1407171
      3.7120487     -0.1265018     -0.1230743
      3.7420839     -0.1018813     -0.1040069
      3.7721191     -0.0774184     -0.0837850
      3.8021543     -0.0543139     -0.0626918
      3.8321895     -0.0332959     -0.0409861
      3.8622247     -0.0144670     -0.0188729
      3.8922599      0.0027030      0.0035140
      3.9222951      0.0192395      0.0261195
      3.9523303      0.0364130      0.0489637
      3.9823655      0.0554373      0.0721319
      4.0124007      0.0771822      0.0957581
      4.0424359      0.1019671      0.1200063
      4.0724711      0.1294792      0.1450469
      4.1025063      0.1588323      0.1710309
      4.1325415      0.1887497      0.1980606
      4.1625767      0.2178274      0.2261579
      4.1926119      0.2448152      0.2552337
      4.2226471      0.2688539      0.2850632
      4.2526823      0.2896147      0.3152722
      4.2827175      0.3073134      0.3453408
      4.3127527      0.3226002      0.3746295
      4.3427879      0.3363541      0.4024269
      4.3728231      0.3494333      0.4280185
      4.4028583      0.3624404      0.4507659
      4.4328935      0.3755575      0.4701857
      4.4629287      0.3884883      0.4860151
      4.4929639      0.4005181      0.4982484
      4.5229991      0.4106764      0.5071371
      4.5530343      0.4179603      0.5131478
      4.5830695      0.4215665      0.5168827
      4.6131047      0.4210760      0.5189722
      4.6431399      0.4165486      0.5199595
      4.6731751      0.4085055      0.5201945
      4.7032103      0.3978057      0.5197594
      4.7332455      0.3854443      0.5184390
      4.7632807      0.3723225      0.5157452
      4.7933159      0.3590421      0.5109908
      4.8233511      0.3457727      0.5034031
      4.8533863      0.3322238      0.4922555
      4.8834215      0.3177260      0.4769949
      4.9134567      0.3014054      0.4573409
      4.9434919      0.2824088      0.4333394
      4.9735271      0.2601296      0.4053606
      5.0035623      0.2343822      0.3740441
      5.0335975      0.2054854      0.3402009
      5.0636327      0.1742370      0.3046949
      5.0936679      0.1417847      0.2683245
      5.1237031      0.1094238      0.2317302
      5.1537383      0.0783671      0.1953435
      5.1837735      0.0495384      0.1593861
      5.2138087      0.0234341      0.1239162
      5.2438439      0.0000828      0.0889101
      5.2738791     -0.0208910      0.0543582
      5.3039143     -0.0401181      0.0203531
      5.3339495     -0.0582856     -0.0128513
      5.3639847     -0.0759365     -0.0448237
      5.3940199     -0.0933140     -0.0749872
      5.4240551     -0.1102870     -0.1026933
      5.4540903     -0.1263716     -0.1273226
      5.4841255     -0.1408445     -0.1483903
      5.5141607     -0.1529173     -0.1656362
      5.5441959     -0.1619331     -0.1790765
      5.5742311     -0.1675368     -0.1890095
      5.6042663     -0.1697792     -0.1959700
      5.6343015     -0.1691311     -0.2006445
      5.6643367     -0.1664029     -0.2037608
      5.6943719     -0.1625887     -0.2059769
      5.7244071     -0.1586698     -0.2077885
      5.7544423     -0.1554226     -0.2094739
      5.7844775     -0.1532752     -0.2110849
      5.8145127     -0.1522423     -0.2124833
      5.8445479     -0.1519551     -0.2134128
      5.8745831     -0.1517762     -0.2135894
      5.9046183     -0.1509727     -0.2127903
      5.9346535     -0.1489071     -0.2109225
      5.9646887     -0.1452026     -0.2080572
      5.9947239     -0.1398437     -0.2044250
      6.0247591     -0.1331917     -0.2003747
      6.0547943     -0.1259101     -0.1963068
      6.0848295     -0.1188203     -0.1925983
      6.1148647     -0.1127199     -0.1895352
      6.1448999     -0.1082061     -0.1872674
      6.1749351     -0.1055452     -0.1857945
      6.2049703     -0.1046163     -0.1849833
      6.2350055     -0.1049437     -0.1846101
      6.2650407     -0.1058069     -0.1844166
      6.2950759     -0.1064040     -0.1841643
      6.3251111     -0.1060308     -0.1836743
      6.3551463     -0.1042325     -0.1828441
      6.3851815     -0.1008955     -0.1816383
      6.4152167     -0.0962593     -0.1800583
      6.4452519     -0.0908453     -0.1781009
      6.4752871     -0.0853224     -0.1757185
      6.5053223     -0.0803401     -0.1727931
      6.5353575     -0.0763695     -0.1691335
      6.5653927     -0.0735879     -0.1644984
      6.5954279     -0.0718355     -0.1586398
      6.6254631     -0.0706523     -0.1513581
      6.6554983     -0.0693859     -0.1425549
      6.6855335     -0.0673466     -0.1322683
      6.7155687     -0.0639702     -0.1206818
      6.7456039     -0.0589539     -0.1081014
      6.7756391     -0.0523310     -0.0949042
      6.8056743     -0.0444683     -0.0814688
      6.8357095     -0.0359875     -0.0681031
      6.8657447     -0.0276274     -0.0549851
      6.8957799     -0.0200809     -0.0421332
      6.9258151     -0.0138425     -0.0294116
      6.9558503     -0.0091029     -0.0165736
      6.9858855     -0.0057138     -0.0033328
      7.0159207     -0.0032317      0.0105524
      7.0459559     -0.0010292      0.0252000
      7.0759911      0.0015516      0.0405495
      7.1060263      0.0050395      0.0563457
      7.1360615      0.0097045      0.0721644
      7.1660967      0.0154888      0.0874778
      7.1961319      0.0220142      0.1017449
      7.2261671      0.0286627      0.1145084
      7.2562023      0.0347131      0.1254764
      7.2862375      0.0395019      0.1345694
      7.3162727      0.0425699      0.1419231
      7.3463079      0.0437639      0.1478433
      7.3763431      0.0432677      0.1527245
      7.4063783      0.0415578      0.1569481
      7.4364135      0.0392934      0.1607847
      7.4664487      0.0371672      0.1643225
      7.4964839      0.0357502      0.1674401
      7.5265191      0.0353676      0.1698308
      7.5565543      0.0360334      0.1710760
      7.5865895      0.0374580      0.1707521
      7.6166247      0.0391260      0.1685477
      7.6466599      0.0404277      0.1643662
      7.6766951      0.0408098      0.1583882
      7.7067303      0.0399143      0.1510778
      7.7367655      0.0376696      0.1431295
      7.7668008      0.0343156      0.1353621
      7.7968360      0.0303557      0.1285816
      7.8268712      0.0264466      0.1234386
      7.8569064      0.0232525      0.1203109
      7.8869416      0.0212968      0.1192357
      7.9169768      0.0208450      0.1199063
      7.9470120      0.0218463      0.1217349
      7.9770472      0.0239465      0.1239703
      8.0070824      0.0265702      0.1258463
      8.0371176      0.0290514      0.1267317
      8.0671528      0.0307843      0.1262503
      8.0971880      0.0313592      0.1243482
      8.1272232      0.0306510      0.1212938
      8.1572584      0.0288437      0.1176129
      8.1872936      0.0263823      0.1139709
      8.2173288      0.0238659      0.1110301
      8.2473640      0.0219061      0.1093095
      8.2773992      0.0209835      0.1090780
      8.3074344      0.0213359      0.1103012
      8.3374696      0.0229026      0.1126520
      8.3675048      0.0253386      0.1155817
      8.3975400      0.0280933      0.1184339
      8.4275752      0.0305374      0.1205763
      8.4576104      0.0321063      0.1215224
      8.4876456      0.0324281      0.1210168
      8.5176808      0.0314064      0.1190680
      8.5477160      0.0292396      0.1159229
      8.5777512      0.0263720      0.1119922
      8.6077864      0.0233879      0.1077440
      8.6378216      0.0208757      0.1035911
      8.6678568      0.0192903      0.0997980
      8.6978920      0.0188486      0.0964276
      8.7279272      0.0194800      0.0933382
      8.7579624      0.0208446      0.0902298
      8.7879976      0.0224128      0.0867278
      8.8180328      0.0235899      0.0824829
      8.8480680      0.0238551      0.0772619
      8.8781032      0.0228827      0.0710106
      8.9081384      0.0206188      0.0638701
      8.9381736      0.0172944      0.0561466
      8.9682088      0.0133732      0.0482388
      8.9982440      0.0094456      0.0405432
      9.0282792      0.0060936      0.0333577
      9.0583144      0.0037583      0.0268083
      9.0883496      0.0026400      0.0208163
      9.1183848      0.0026540      0.0151141
      9.1484200      0.0034528      0.0093075
      9.1784552      0.0045079      0.0029711
      9.2084904      0.0052341     -0.0042457
      9.2385256      0.0051262     -0.0125264
      9.2685608      0.0038765     -0.0218291
      9.2985960      0.0014477     -0.0318779
      9.3286312     -0.0019184     -0.0422057
      9.3586664     -0.0057549     -0.0522409
      9.3887016     -0.0094767     -0.0614177
      9.4187368     -0.0125142     -0.0692875
      9.4487720     -0.0144433     -0.0756055
      9.4788072     -0.0150815     -0.0803739
      9.5088424     -0.0145287     -0.0838318
      9.5388776     -0.0131429     -0.0863950
      9.5689128     -0.0114566     -0.0885575
      9.5989480     -0.0100536     -0.0907790
      9.6289832     -0.0094341     -0.0933825
      9.6590184     -0.0098994     -0.0964841
      9.6890536     -0.0114831     -0.0999727
      9.7190888     -0.0139434     -0.1035413
      9.7491240     -0.0168195     -0.1067638
      9.7791592     -0.0195375     -0.1091994
      9.8091944     -0.0215427     -0.1104989
      9.8392296     -0.0224272     -0.1104908
      9.8692648     -0.0220233     -0.1092249
      9.8993000     -0.0204422     -0.1069652
      9.9293352     -0.0180485     -0.1041333
      9.9593704     -0.0153770     -0.1012147
      9.9894056     -0.0130108     -0.0986509
     10.0194408     -0.0114498     -0.0967412
     10.0494760     -0.0109975     -0.0955777
     10.0795112     -0.0116949     -0.0950284
     10.1095464     -0.0133140     -0.0947725
     10.1395816     -0.0154132     -0.0943797
     10.1696168     -0.0174411     -0.0934157
     10.1996520     -0.0188649     -0.0915490
     10.2296872     -0.0192937     -0.0886343
     10.2597224     -0.0185672     -0.0847528
     10.2897576     -0.0167921     -0.0801993
     10.3197928     -0.0143146     -0.0754191
     10.3498280     -0.0116395     -0.0709083
     10.3798632     -0.0093119     -0.0670999
     10.4098984     -0.0077898     -0.0642628
     10.4399336     -0.0073391     -0.0624365
     10.4699688     -0.0079713     -0.0614163
     10.5000040     -0.0094423     -0.0607950
     10.5300392     -0.0113093     -0.0600499
     10.5600744     -0.0130338     -0.0586566
     10.5901096     -0.0141068     -0.0562041
     10.6201448     -0.0141664     -0.0524840
     10.6501800     -0.0130811     -0.0475334
     10.6802152     -0.0109797     -0.0416218
     10.7102504     -0.0082209     -0.0351839
     10.7402856     -0.0053095     -0.0287146
     10.7703208     -0.0027797     -0.0226495
     10.8003560     -0.0010713     -0.0172591
     10.8303912     -0.0004286     -0.0125818
     10.8604264     -0.0008451     -0.0084125
     10.8904616     -0.0020665     -0.0043487
     10.9204968     -0.0036507      0.0001132
     10.9505320     -0.0050724      0.0054549
     10.9805672     -0.0058461      0.0120142
     11.0106024     -0.0056396      0.0198916
     11.0406376     -0.0043523      0.0289100
     11.0706728     -0.0021391      0.0386364
     11.1007080      0.0006248      0.0484634
     11.1307432      0.0034306      0.0577331
     11.1607784      0.0057536      0.0658766
     11.1908136      0.0071746      0.0725373
     11.2208488      0.0074770      0.0776495
     11.2508840      0.0066972      0.0814549
     11.2809192      0.0051163      0.0844499
     11.3109544      0.0031948      0.0872755
     11.3409896      0.0014665      0.0905729
     11.3710248      0.0004147      0.0948360
     11.4010600      0.0003602      0.1002944
     11.4310952      0.0013870      0.1068523
     11.4611304      0.0033224      0.1140990
     11.4911656      0.0057768      0.1213884
     11.5212008      0.0082333      0.1279708
     11.5512360      0.0101668      0.1331488
     11.5812712      0.0111652      0.1364231
     11.6113064      0.0110242      0.1375947
     11.6413416      0.0097944      0.1368023
     11.6713768      0.0077695      0.1344856
     11.7014120      0.0054184      0.1312828
     11.7314472      0.0032773      0.1278856
     11.7614824      0.0018263      0.1248846
     11.7915176      0.0013789      0.1226392
     11.8215528      0.0020111      0.1212023
     11.8515880      0.0035445      0.1203168
     11.8816232      0.0055890      0.1194834
     11.9116584      0.0076341      0.1180871
     11.9416936      0.0091676      0.1155491
     11.9717288      0.0097947      0.1114730
     12.0017640      0.0093292      0.1057487
     12.0317992      0.0078370      0.0985897
     12.0618344      0.0056195      0.0904952
     12.0918696      0.0031441      0.0821441
     12.1219048      0.0009346      0.0742438
     12.1519400     -0.0005498      0.0673707
     12.1819752     -0.0010214      0.0618358
     12.2120104     -0.0004300      0.0576111
     12.2420456      0.0010258      0.0543313
     12.2720808      0.0029457      0.0513752
     12.3021160      0.0048218      0.0480079
     12.3321512      0.0061573      0.0435524
     12.3621864      0.0065832      0.0375532
     12.3922216      0.0059449      0.0298923
     12.4222568      0.0043385      0.0208316
     12.4522920      0.0020890      0.0109691
     12.4823272     -0.0003249      0.0011181
     12.5123624     -0.0023822     -0.0078657
     12.5423976     -0.0036414     -0.0152708
     12.5724328     -0.0038431     -0.0206876
     12.6024680     -0.0029709     -0.0241021
     12.6325032     -0.0012559     -0.0259027
     12.6625384      0.0008771     -0.0267968
     12.6925736      0.0029083     -0.0276551
     12.7226088      0.0043440     -0.0293184
     12.7526440      0.0048321     -0.0324077
     12.7826792      0.0042442     -0.0371832
     12.8127144      0.0027065     -0.0434831
     12.8427496      0.0005708     -0.0507575
     12.8727848     -0.0016671     -0.0581909
     12.9028200     -0.0034829     -0.0648861
     12.9328552     -0.0044461     -0.0700688
     12.9628904     -0.0043211     -0.0732663
     12.9929256     -0.0031226     -0.0744183
     13.0229608     -0.0011134     -0.0738943
     13.0529960      0.0012561     -0.0724122
     13.0830312      0.0034525     -0.0708748
     13.1130664      0.0049830     -0.0701621
     13.1431016      0.0055106     -0.0709249
     13.1731368      0.0049327     -0.0734292
     13.2031720      0.0034053     -0.0774883
     13.2332072      0.0013069     -0.0824986
     13.2632424     -0.0008496     -0.0875755
     13.2932776     -0.0025372     -0.0917569
     13.3233128     -0.0033378     -0.0942307
     13.3533480     -0.0030411     -0.0945320
     13.3833832     -0.0016941     -0.0926635
     13.4134184      0.0004090     -0.0891087
     13.4434536      0.0027959     -0.0847306
     13.4734888      0.0049261     -0.0805780
     13.5035240      0.0063189     -0.0776391
     13.5335592      0.0066672     -0.0766008
     13.5635944      0.0059112     -0.0776686
     13.5936296      0.0042541     -0.0804929
     13.6236648      0.0021162     -0.0842230
     13.6537000      0.0000373     -0.0876810
     13.6837353     -0.0014502     -0.0896213
     13.7137705     -0.0019475     -0.0890190
     13.7438057     -0.0012852     -0.0853220
     13.7738409      0.0004334     -0.0786070
     13.8038761      0.0028535     -0.0695991
     13.8339113      0.0054480     -0.0595458
     13.8639465      0.0076394     -0.0499650
     13.8939817      0.0089338     -0.0423218
     13.9240169      0.0090370     -0.0377014
     13.9540521      0.0079251     -0.0365545
     13.9840873      0.0058527     -0.0385735
     14.0141225      0.0032964     -0.0427358
     14.0441577      0.0008451     -0.0475080
     14.0741929     -0.0009355     -0.0511749
     14.1042281     -0.0016353     -0.0522222
     14.1342633     -0.0010955     -0.0496896
     14.1642985      0.0005526     -0.0434122
     14.1943337      0.0029170     -0.0340929
     14.2243689      0.0054360     -0.0231791
     14.2544041      0.0075086     -0.0125650
     14.2844393      0.0086366     -0.0041783
     14.3144745      0.0085421      0.0004606
     14.3445097      0.0072352      0.0006079
     14.3745449      0.0050135     -0.0034938
     14.4045801      0.0023948     -0.0106199
     14.4346153     -0.0000041     -0.0187953
     14.4646505     -0.0016124     -0.0257108
     14.4946857     -0.0020414     -0.0292425
     14.5247209     -0.0011794     -0.0279609
     14.5547561      0.0007778     -0.0215151
     14.5847913      0.0033686     -0.0107940
     14.6148265      0.0059702      0.0021851
     14.6448617      0.0079439      0.0146572
     14.6748969      0.0087850      0.0236941
     14.7049321      0.0082445      0.0268772
     14.7349673      0.0063929      0.0229175
     14.7650025      0.0036099      0.0120777
     14.7950377      0.0005023     -0.0037117
     14.8250729     -0.0022322     -0.0210993
     14.8551081     -0.0039645     -0.0359037
     14.8851433     -0.0042796     -0.0439591
     14.9151785     -0.0030760     -0.0420640
     14.9452137     -0.0005947     -0.0288506
     14.9752489      0.0026271     -0.0053927
     15.0052841      0.0058674      0.0245908
     15.0353193      0.0083691      0.0550131
     15.0653545      0.0094923      0.0781653
     15.0953897      0.0088335      0.0858304
     15.1254249      0.0062846      0.0705903
     15.1554601      0.0020195      0.0271065
     15.1854953     -0.0035866     -0.0468523
     15.2155305     -0.0100819     -0.1498241
     15.2455657     -0.0170723     -0.2766282
     15.2756009     -0.0243292     -0.4189236
