 Results from RMCProfile version 6.7.9.5

 (Version 6f format configuration file)                                          

 2 experiments   3 partials

 Partial g(r)'s are printed out below

    99  3 are NR and NPAR

   r (Ang)
   0.06545     0.00000     0.00000     0.00000
   0.13090     0.00000     0.00000     0.00000
   0.19635     0.00000     0.00000     0.00000
   0.26180     0.00000     0.00000     0.00000
   0.32725     0.00000     0.00000     0.00000
   0.39271     0.00000     0.00000     0.00000
   0.45816     0.00000     0.00000     0.00000
   0.52361     0.00000     0.00000     1.11039
   0.58906     0.00000     0.00000     0.87758
   0.65451     0.00000     0.00000     1.42196
   0.71996     0.00000     0.00000     0.00000
   0.78541     0.00000     0.00000     0.00000
   0.85086     0.00000     0.00000     0.00000
   0.91631     0.00000     0.00000     0.00000
   0.98176     0.00000     0.00000     0.31614
   1.04721     0.00000     0.00000     0.00000
   1.11267     0.00000     0.00000     0.00000
   1.17812     0.00000     0.00000     0.00000
   1.24357     0.00000     0.00000     0.00000
   1.30902     0.00000     0.17786     0.00000
   1.37447     1.29059     0.00000     0.64530
   1.43992     1.76393     0.44098     0.88196
   1.50537     0.00000     4.03475     0.13449
   1.57082     0.00000     4.57021     0.12352
   1.63627     0.00000     4.89497     0.00000
   1.70172     0.00000     5.26247     0.31575
   1.76718     0.39039     5.46551     0.39039
   1.83263     0.00000     5.35439     0.18150
   1.89808     0.33841     3.63789     0.67682
   1.96353     0.31623     2.60886     0.07906
   2.02898     0.29615     0.59231     0.44423
   2.09443     0.00000     0.27794     0.34742
   2.15988     0.26135     0.06534     0.19601
   2.22533     0.00000     0.24620     0.12310
   2.29078     0.00000     0.34850     0.11617
   2.35623     0.00000     0.00000     0.10980
   2.42168     0.00000     0.05197     0.00000
   2.48714     0.00000     0.04928     0.59130
   2.55259     0.00000     0.09356     1.63733
   2.61804     0.00000     0.17788     2.04567
   2.68349     0.16931     0.50794     2.07409
   2.74894     0.00000     0.56471     2.21852
   2.81439     0.15393     0.46179     2.38592
   2.87984     0.00000     0.33078     2.71974
   2.94529     0.14055     0.03514     3.51380
   3.01074     1.47958     0.23539     3.49720
   3.07619     5.15380     0.64423     0.64423
   3.14164     3.58245     0.52501     0.86473
   3.20710     2.01522     0.77052     0.50380
   3.27255     1.82157     0.42693     0.45539
   3.33800     1.20370     0.54714     0.71128
   3.40345     1.15785     0.89470     0.60524
   3.46890     1.92517     0.88659     0.53195
   3.53435     0.97607     0.82966     0.78085
   3.59980     0.84681     0.61158     0.68215
   3.66525     0.81684     0.58994     0.47649
   3.73070     1.05124     0.48182     0.45992
   3.79615     1.01530     0.78263     0.48650
   3.86161     0.89941     1.14470     0.65412
   3.92706     0.71156     1.36382     0.69179
   3.99251     0.53544     1.24298     0.76491
   4.05796     0.59235     1.07363     0.72192
   4.12341     0.28685     0.84261     0.86054
   4.18886     0.55591     1.51137     0.59065
   4.25431     1.01050     1.66732     0.94313
   4.31976     1.24147     1.89488     0.91477
   4.38521     0.63405     1.83874     0.87182
   4.45066     0.67709     1.55423     0.92331
   4.51611     0.59783     1.41983     0.74728
   4.58157     0.52278     1.42312     0.91486
   4.64702     0.62108     1.48213     0.95985
   4.71247     0.98828     1.41379     1.08436
   4.77792     0.90798     1.09492     1.08156
   4.84337     0.83163     0.97457     0.76666
   4.90882     0.91080     0.58190     0.86020
   4.97427     0.83771     0.59133     0.85003
   5.03972     1.29615     0.80409     1.06813
   5.10517     1.68418     0.91226     1.45026
   5.17062     1.32257     0.86651     1.41378
   5.23607     1.06735     0.82275     1.35642
   5.30153     0.82425     0.66157     1.34483
   5.36698     1.48154     0.68786     1.18524
   5.43243     1.36343     0.80566     1.27047
   5.49788     1.81522     1.08913     1.11938
   5.56333     0.98487     0.96517     1.43790
   5.62878     1.30845     0.93323     1.22186
   5.69423     1.20334     0.75208     0.94011
   5.75968     1.02912     0.68915     1.00156
   5.82513     1.22173     0.76358     1.01511
   5.89058     0.80820     0.86091     1.22987
   5.95604     1.23736     0.97098     1.15143
   6.02149     1.37874     0.92477     0.83229
   6.08694     0.75690     0.81449     0.81449
   6.15239     0.83752     0.85362     0.70061
   6.21784     0.78844     0.81998     0.88305
   6.28329     0.80298     1.02689     0.77982
   6.34874     0.78651     1.05120     0.93777
   6.41419     0.77054     1.03727     0.72609
   6.47964     0.37753     0.71150     0.66067

 Partial S(Q)'s are printed out below

   611  3 are NQ and NPAR

      Q          S(Q)_1      S(Q)_2      S(Q)_3
  0.4682470    -2.8024985    -0.2263646    -1.4100782
  0.4982822    -2.7508501     0.0484043    -1.3309185
  0.5283159    -2.7074265     0.2985787    -1.2618946
  0.5583480    -2.6721622     0.5210896    -1.2035072
  0.5883784    -2.6446266     0.7136192    -1.1558854
  0.6184069    -2.6240413     0.8746364    -1.1187950
  0.6484336    -2.6093107     1.0034116    -1.0916591
  0.6784584    -2.5990630     1.1000125    -1.0735893
  0.7084810    -2.5917022     1.1652780    -1.0634279
  0.7385015    -2.5854677     1.2007746    -1.0597982
  0.7685198    -2.5784998     1.2087348    -1.0611615
  0.7985357    -2.5689096     1.1919788    -1.0658796
  0.8285491    -2.5548494     1.1538245    -1.0722790
  0.8585601    -2.5345827     1.0979849    -1.0787166
  0.8885684    -2.5065500     1.0284588    -1.0836424
  0.9185740    -2.4694291     0.9494155    -1.0856589
  0.9485769    -2.4221866     0.8650784    -1.0835740
  0.9785768    -2.3641201     0.7796090    -1.0764461
  1.0085738    -2.2948886     0.6969955    -1.0636194
  1.0385677    -2.2145301     0.6209486    -1.0447490
  1.0685584    -2.1234660     0.5548059    -1.0198137
  1.0985458    -2.0224920     0.5014497    -0.9891167
  1.1285300    -1.9127555     0.4632374    -0.9532750
  1.1585106    -1.7957205     0.4419479    -0.9131959
  1.1884878    -1.6731205     0.4387444    -0.8700431
  1.2184613    -1.5469025     0.4541541    -0.8251929
  1.2484312    -1.4191614     0.4880661    -0.7801815
  1.2783972    -1.2920704     0.5397447    -0.7366463
  1.3083593    -1.1678058     0.6078612    -0.6962622
  1.3383174    -1.0484728     0.6905388    -0.6606757
  1.3682715    -0.9360317     0.7854125    -0.6314383
  1.3982214    -0.8322286     0.8897002    -0.6099430
  1.4281670    -0.7385332     1.0002842    -0.5973641
  1.4581083    -0.6560845     1.1137986    -0.5946041
  1.4880452    -0.5856479     1.2267236    -0.6022487
  1.5179775    -0.5275846     1.3354804    -0.6205318
  1.5479052    -0.4818344     1.4365271    -0.6493118
  1.5778281    -0.4479121     1.5264513    -0.6880602
  1.6077463    -0.4249197     1.6020581    -0.7358627
  1.6376596    -0.4115715     1.6604506    -0.7914333
  1.6675679    -0.4062335     1.6991021    -0.8531416
  1.6974711    -0.4069748     1.7159166    -0.9190509
  1.7273691    -0.4116303     1.7092782    -0.9869683
  1.7572618    -0.4178715     1.6780873    -1.0545031
  1.7871493    -0.4232841     1.6217831    -1.1191341
  1.8170312    -0.4254506     1.5403528    -1.1782811
  1.8469077    -0.4220327     1.4343270    -1.2293813
  1.8767785    -0.4108538     1.3047619    -1.2699655
  1.9066436    -0.3899770     1.1532093    -1.2977343
  1.9365029    -0.3577767     0.9816753    -1.3106296
  1.9663562    -0.3130012     0.7925696    -1.3069008
  1.9962036    -0.2548245     0.5886460    -1.2851636
  2.0260449    -0.1828853     0.3729364    -1.2444479
  2.0558801    -0.0973114     0.1486802    -1.1842357
  2.0857090     0.0012700    -0.0807492    -1.1044856
  2.1155315     0.1117382    -0.3119188    -1.0056448
  2.1453476     0.2325007    -0.5414097    -0.8886465
  2.1751571     0.3615287    -0.7658884    -0.7548948
  2.2049601     0.4964077    -0.9821731    -0.6062350
  2.2347563     0.6344000    -1.1872954    -0.4449125
  2.2645457     0.7725183    -1.3785539    -0.2735201
  2.2943282     0.9076073    -1.5535611    -0.0949349
  2.3241037     1.0364319    -1.7102807     0.0877520
  2.3538721     1.1557689    -1.8470560     0.2713117
  2.3836334     1.2624990    -1.9626287     0.4524586
  2.4133874     1.3536972    -2.0561483     0.6279314
  2.4431340     1.4267184    -2.1271723     0.7945743
  2.4728732     1.4792759    -2.1756570     0.9494150
  2.5026049     1.5095096    -2.2019410     1.0897368
  2.5323289     1.5160440    -2.2067202     1.2131439
  2.5620453     1.4980314    -2.1910172     1.3176177
  2.5917538     1.4551814    -2.1561448     1.4015620
  2.6214544     1.3877749    -2.1036656     1.4638368
  2.6511471     1.2966619    -2.0353482     1.5037800
  2.6808317     1.1832446    -1.9531214     1.5212155
  2.7105081     1.0494440    -1.8590282     1.5164484
  2.7401762     0.8976534    -1.7551795     1.4902482
  2.7698360     0.7306793    -1.6437096     1.4438192
  2.7994874     0.5516706    -1.5267339     1.3787605
  2.8291302     0.3640395    -1.4063098     1.2970161
  2.8587645     0.1713760    -1.2844012     1.2008173
  2.8883900    -0.0226422    -1.1628476     1.0926188
  2.9180067    -0.2143404    -1.0433378     0.9750302
  2.9476145    -0.4001372    -0.9273887     0.8507460
  2.9772134    -0.5766309    -0.8163291     0.7224742
  3.0068031    -0.7406799    -0.7112886     0.5928679
  3.0363838    -0.8894746    -0.6131915     0.4644602
  3.0659551    -1.0206000    -0.5227552     0.3396042
  3.0955172    -1.1320858    -0.4404931     0.2204203
  3.1250698    -1.2224441    -0.3667213     0.1087525
  3.1546128    -1.2906936    -0.3015687     0.0061324
  3.1841463    -1.3363698    -0.2449901    -0.0862446
  3.2136701    -1.3595205    -0.1967812    -0.1675343
  3.2431841    -1.3606889    -0.1565961    -0.2372470
  3.2726882    -1.3408829    -0.1239654    -0.2952414
  3.3021823    -1.3015339    -0.0983152    -0.3417074
  3.3316664    -1.2444445    -0.0789865    -0.3771412
  3.3611403    -1.1717284    -0.0652545    -0.4023113
  3.3906040    -1.0857446    -0.0563469    -0.4182188
  3.4200574    -0.9890255    -0.0514615    -0.4260518
  3.4495003    -0.8842049    -0.0497830    -0.4271359
  3.4789327    -0.7739449    -0.0504980    -0.4228836
  3.5083546    -0.6608646    -0.0528090    -0.4147420
  3.5377657    -0.5474743    -0.0559463    -0.4041427
  3.5671661    -0.4361139    -0.0591787    -0.3924538
  3.5965556    -0.3288998    -0.0618224    -0.3809360
  3.6259341    -0.2276803    -0.0632490    -0.3707040
  3.6553016    -0.1340007    -0.0628910    -0.3626946
  3.6846580    -0.0490786    -0.0602471    -0.3576410
  3.7140032     0.0262099    -0.0548852    -0.3560559
  3.7433370     0.0913332    -0.0464454    -0.3582215
  3.7726594     0.1460971    -0.0346409    -0.3641883
  3.8019704     0.1906274    -0.0192594    -0.3737809
  3.8312697     0.2253446    -0.0001619    -0.3866121
  3.8605574     0.2509298     0.0227171    -0.4021028
  3.8898333     0.2682854     0.0493717    -0.4195086
  3.9190974     0.2784896     0.0797262    -0.4379501
  3.9483496     0.2827489     0.1136379    -0.4564482
  3.9775897     0.2823484     0.1508998    -0.4739612
  4.0068177     0.2786019     0.1912439    -0.4894232
  4.0360334     0.2728044     0.2343455    -0.5017823
  4.0652369     0.2661863     0.2798273    -0.5100386
  4.0944281     0.2598734     0.3272643    -0.5132783
  4.1236067     0.2548513     0.3761892    -0.5107059
  4.1527728     0.2519367     0.4260984    -0.5016710
  4.1819262     0.2517560     0.4764579    -0.4856907
  4.2110669     0.2547305     0.5267108    -0.4624661
  4.2401947     0.2610703     0.5762839    -0.4318928
  4.2693097     0.2707751     0.6245959    -0.3940655
  4.2984116     0.2836426     0.6710653    -0.3492763
  4.3275005     0.2992838     0.7151182    -0.2980067
  4.3565761     0.3171434     0.7561972    -0.2409149
  4.3856385     0.3365264     0.7937696    -0.1788168
  4.4146876     0.3566282     0.8273357    -0.1126643
  4.4437232     0.3765674     0.8564365    -0.0435185
  4.4727452     0.3954206     0.8806619     0.0274792
  4.5017536     0.4122579     0.8996570     0.0991369
  4.5307483     0.4261770     0.9131291     0.1702445
  4.5597293     0.4363362     0.9208527     0.2396043
  4.5886963     0.4419841     0.9226741     0.3060614
  4.6176493     0.4424862     0.9185147     0.3685317
  4.6465883     0.4373460     0.9083732     0.4260276
  4.6755131     0.4262222     0.8923264     0.4776801
  4.7044237     0.4089395     0.8705287     0.5227570
  4.7333199     0.3854945     0.8432102     0.5606769
  4.7622018     0.3560550     0.8106735     0.5910187
  4.7910691     0.3209553     0.7732894     0.6135264
  4.8199218     0.2806846     0.7314907     0.6281090
  4.8487599     0.2358721     0.6857659     0.6348366
  4.8775831     0.1872673     0.6366508     0.6339315
  4.9063916     0.1357175     0.5847197     0.6257565
  4.9351850     0.0821425     0.5305765     0.6107989
  4.9639635     0.0275080     0.4748441     0.5896529
  4.9927268    -0.0272022     0.4181544     0.5629992
  5.0214749    -0.0810127     0.3611378     0.5315839
  5.0502077    -0.1329835     0.3044132     0.4961960
  5.0789252    -0.1822339     0.2485773     0.4576458
  5.1076271    -0.2279641     0.1941961     0.4167432
  5.1363135    -0.2694742     0.1417954     0.3742778
  5.1649843    -0.3061794     0.0918531     0.3310007
  5.1936393    -0.3376202     0.0447923     0.2876082
  5.2222785    -0.3634705     0.0009756     0.2447288
  5.2509018    -0.3835395    -0.0392995     0.2029121
  5.2795091    -0.3977704    -0.0758041     0.1626220
  5.3081003    -0.4062355    -0.1083791     0.1242317
  5.3366753    -0.4091268    -0.1369366     0.0880228
  5.3652341    -0.4067440    -0.1614583     0.0541866
  5.3937766    -0.3994803    -0.1819941     0.0228282
  5.4223026    -0.3878048    -0.1986582    -0.0060264
  5.4508121    -0.3722452    -0.2116250    -0.0324218
  5.4793050    -0.3533680    -0.2211237    -0.0564634
  5.5077812    -0.3317601    -0.2274316    -0.0783049
  5.5362406    -0.3080102    -0.2308674    -0.0981373
  5.5646832    -0.2826910    -0.2317837    -0.1161752
  5.5931088    -0.2563437    -0.2305585    -0.1326455
  5.6215173    -0.2294641    -0.2275876    -0.1477750
  5.6499088    -0.2024915    -0.2232758    -0.1617799
  5.6782830    -0.1758002    -0.2180289    -0.1748562
  5.7066400    -0.1496933    -0.2122462    -0.1871717
  5.7349795    -0.1244008    -0.2063123    -0.1988599
  5.7633016    -0.1000789    -0.2005905    -0.2100152
  5.7916061    -0.0768134    -0.1954168    -0.2206911
  5.8198930    -0.0546249    -0.1910936    -0.2308991
  5.8481622    -0.0334765    -0.1878857    -0.2406101
  5.8764135    -0.0132832    -0.1860159    -0.2497577
  5.9046470     0.0060775    -0.1856625    -0.2582421
  5.9328624     0.0247534    -0.1869573    -0.2659364
  5.9610598     0.0429055    -0.1899841    -0.2726931
  5.9892391     0.0606962    -0.1947793    -0.2783513
  6.0174000     0.0782770    -0.2013321    -0.2827450
  6.0455427     0.0957779    -0.2095868    -0.2857108
  6.0736669     0.1132980    -0.2194446    -0.2870956
  6.1017727     0.1308973    -0.2307670    -0.2867640
  6.1298598     0.1485912    -0.2433798    -0.2846044
  6.1579283     0.1663460    -0.2570771    -0.2805349
  6.1859780     0.1840777    -0.2716263    -0.2745075
  6.2140089     0.2016520    -0.2867728    -0.2665112
  6.2420208     0.2188874    -0.3022457    -0.2565738
  6.2700138     0.2355597    -0.3177631    -0.2447622
  6.2979876     0.2514086    -0.3330375    -0.2311815
  6.3259422     0.2661459    -0.3477813    -0.2159725
  6.3538776     0.2794647    -0.3617121    -0.1993085
  6.3817936     0.2910503    -0.3745576    -0.1813904
  6.4096902     0.3005908    -0.3860602    -0.1624417
  6.4375673     0.3077880    -0.3959816    -0.1427022
  6.4654247     0.3123688    -0.4041067    -0.1224217
  6.4932625     0.3140953    -0.4102466    -0.1018532
  6.5210805     0.3127742    -0.4142417    -0.0812461
  6.5488786     0.3082647    -0.4159641    -0.0608402
  6.5766567     0.3004854    -0.4153189    -0.0408596
  6.6044148     0.2894190    -0.4122459    -0.0215073
  6.6321529     0.2751151    -0.4067196    -0.0029609
  6.6598707     0.2576911    -0.3987491     0.0146308
  6.6875682     0.2373315    -0.3883780     0.0311506
  6.7152453     0.2142842    -0.3756824     0.0465139
  6.7429020     0.1888557    -0.3607700     0.0606688
  6.7705382     0.1614047    -0.3437771     0.0735960
  6.7981537     0.1323334    -0.3248667     0.0853059
  6.8257485     0.1020780    -0.3042250     0.0958364
  6.8533225     0.0710986    -0.2820582     0.1052491
  6.8808757     0.0398676    -0.2585892     0.1136246
  6.9084079     0.0088588    -0.2340534     0.1210581
  6.9359190    -0.0214646    -0.2086950     0.1276539
  6.9634090    -0.0506605    -0.1827632     0.1335200
  6.9908778    -0.0783188    -0.1565079     0.1387628
  7.0183253    -0.1040701    -0.1301760     0.1434824
  7.0457515    -0.1275943    -0.1040079     0.1477673
  7.0731561    -0.1486272    -0.0782334     0.1516907
  7.1005393    -0.1669653    -0.0530689     0.1553069
  7.1279008    -0.1824693    -0.0287142     0.1586489
  7.1552405    -0.1950655    -0.0053499     0.1617263
  7.1825585    -0.2047454     0.0168649     0.1645250
  7.2098546    -0.2115637     0.0377942     0.1670070
  7.2371288    -0.2156343     0.0573268     0.1691117
  7.2643809    -0.2171250     0.0753768     0.1707579
  7.2916108    -0.2162511     0.0918844     0.1718467
  7.3188186    -0.2132671     0.1068154     0.1722653
  7.3460040    -0.2084586     0.1201610     0.1718906
  7.3731671    -0.2021325     0.1319367     0.1705948
  7.4003078    -0.1946077     0.1421812     0.1682495
  7.4274258    -0.1862057     0.1509540     0.1647316
  7.4545213    -0.1772407     0.1583339     0.1599280
  7.4815940    -0.1680112     0.1644160     0.1537407
  7.5086440    -0.1587920     0.1693096     0.1460915
  7.5356711    -0.1498267     0.1731351     0.1369260
  7.5626752    -0.1413224     0.1760209     0.1262171
  7.5896563    -0.1334446     0.1781004     0.1139681
  7.6166143    -0.1263142     0.1795093     0.1002143
  7.6435491    -0.1200060     0.1803820     0.0850241
  7.6704605    -0.1145482     0.1808493     0.0684995
  7.6973487    -0.1099237     0.1810356     0.0507749
  7.7242133    -0.1060727     0.1810561     0.0320156
  7.7510545    -0.1028968     0.1810150     0.0124149
  7.7778720    -0.1002635     0.1810036    -0.0078086
  7.8046659    -0.0980126     0.1810985    -0.0284159
  7.8314359    -0.0959625     0.1813609    -0.0491518
  7.8581822    -0.0939176     0.1818355    -0.0697506
  7.8849044    -0.0916758     0.1825501    -0.0899410
  7.9116027    -0.0890356     0.1835159    -0.1094525
  7.9382768    -0.0858041     0.1847280    -0.1280206
  7.9649268    -0.0818034     0.1861657    -0.1453930
  7.9915525    -0.0768774     0.1877940    -0.1613347
  8.0181539    -0.0708973     0.1895648    -0.1756331
  8.0447308    -0.0637662     0.1914191    -0.1881024
  8.0712833    -0.0554230     0.1932881    -0.1985878
  8.0978111    -0.0458447     0.1950959    -0.2069682
  8.1243143    -0.0350482     0.1967614    -0.2131589
  8.1507928    -0.0230899     0.1982008    -0.2171129
  8.1772464    -0.0100651     0.1993297    -0.2188215
  8.2036751     0.0038941     0.2000652    -0.2183142
  8.2300788     0.0186223     0.2003285    -0.2156574
  8.2564574     0.0339247     0.2000463    -0.2109527
  8.2828109     0.0495820     0.1991532    -0.2043338
  8.3091392     0.0653563     0.1975928    -0.1959636
  8.3354421     0.0809969     0.1953195    -0.1860296
  8.3617197     0.0962467     0.1922991    -0.1747402
  8.3879717     0.1108488     0.1885101    -0.1623192
  8.4141983     0.1245530     0.1839437    -0.1490013
  8.4403992     0.1371217     0.1786043    -0.1350264
  8.4665744     0.1483361     0.1725089    -0.1206350
  8.4927238     0.1580013     0.1656874    -0.1060626
  8.5188473     0.1659506     0.1581813    -0.0915357
  8.5449449     0.1720494     0.1500428    -0.0772667
  8.5710164     0.1761985     0.1413339    -0.0634503
  8.5970619     0.1783351     0.1321248    -0.0502601
  8.6230811     0.1784348     0.1224925    -0.0378459
  8.6490741     0.1765106     0.1125192    -0.0263313
  8.6750407     0.1726127     0.1022905    -0.0158126
  8.7009810     0.1668262     0.0918937    -0.0063578
  8.7268947     0.1592684     0.0814162     0.0019932
  8.7527818     0.1500856     0.0709438     0.0092284
  8.7786422     0.1394487     0.0605590     0.0153621
  8.8044760     0.1275490     0.0503401     0.0204329
  8.8302829     0.1145929     0.0403590     0.0245018
  8.8560629     0.1007970     0.0306812     0.0276494
  8.8818159     0.0863829     0.0213639     0.0299723
  8.9075419     0.0715717     0.0124560     0.0315801
  8.9332407     0.0565794     0.0039974     0.0325915
  8.9589123     0.0416123    -0.0039813     0.0331313
  8.9845567     0.0268623    -0.0114588     0.0333258
  9.0101736     0.0125041    -0.0184227     0.0333000
  9.0357631    -0.0013088    -0.0248696     0.0331741
  9.0613251    -0.0144456    -0.0308038     0.0330602
  9.0868595    -0.0268003    -0.0362374     0.0330599
  9.1123662    -0.0382924    -0.0411887     0.0332613
  9.1378452    -0.0488670    -0.0456819     0.0337380
  9.1632963    -0.0584944    -0.0497453     0.0345468
  9.1887195    -0.0671685    -0.0534111     0.0357272
  9.2141147    -0.0749052    -0.0567135     0.0373006
  9.2394819    -0.0817398    -0.0596882     0.0392704
  9.2648209    -0.0877244    -0.0623708     0.0416227
  9.2901317    -0.0929241    -0.0647964     0.0443265
  9.3154141    -0.0974139    -0.0669983     0.0473357
  9.3406683    -0.1012752    -0.0690071     0.0505904
  9.3658939    -0.1045916    -0.0708506     0.0540188
  9.3910910    -0.1074458    -0.0725526     0.0575395
  9.4162595    -0.1099158    -0.0741332     0.0610638
  9.4413994    -0.1120721    -0.0756078     0.0644981
  9.4665104    -0.1139746    -0.0769877     0.0677466
  9.4915927    -0.1156705    -0.0782797     0.0707135
  9.5166460    -0.1171922    -0.0794866     0.0733060
  9.5416703    -0.1185565    -0.0806072     0.0754360
  9.5666656    -0.1197631    -0.0816370     0.0770225
  9.5916317    -0.1207951    -0.0825687     0.0779937
  9.6165686    -0.1216192    -0.0833925     0.0782885
  9.6414762    -0.1221868    -0.0840973     0.0778577
  9.6663545    -0.1224353    -0.0846708     0.0766655
  9.6912033    -0.1222903    -0.0851006     0.0746899
  9.7160225    -0.1216680    -0.0853745     0.0719231
  9.7408122    -0.1204777    -0.0854818     0.0683720
  9.7655722    -0.1186254    -0.0854131     0.0640574
  9.7903025    -0.1160165    -0.0851616     0.0590139
  9.8150029    -0.1125591    -0.0847230     0.0532892
  9.8396735    -0.1081676    -0.0840961     0.0469425
  9.8643140    -0.1027659    -0.0832833     0.0400438
  9.8889245    -0.0962901    -0.0822902     0.0326724
  9.9135049    -0.0886914    -0.0811261     0.0249149
  9.9380551    -0.0799387    -0.0798039     0.0168642
  9.9625751    -0.0700204    -0.0783397     0.0086171
  9.9870646    -0.0589464    -0.0767528     0.0002730
 10.0115238    -0.0467485    -0.0750650    -0.0080679
 10.0359524    -0.0334816    -0.0733006    -0.0163064
 10.0603505    -0.0192234    -0.0714853    -0.0243460
 10.0847180    -0.0040742    -0.0696463    -0.0320941
 10.1090547     0.0118446    -0.0678108    -0.0394634
 10.1333606     0.0283917    -0.0660064    -0.0463733
 10.1576357     0.0454080    -0.0642595    -0.0527507
 10.1818798     0.0627192    -0.0625951    -0.0585311
 10.2060929     0.0801383    -0.0610364    -0.0636590
 10.2302749     0.0974689    -0.0596035    -0.0680883
 10.2544257     0.1145089    -0.0583136    -0.0717828
 10.2785453     0.1310533    -0.0571803    -0.0747162
 10.3026336     0.1468986    -0.0562130    -0.0768722
 10.3266906     0.1618458    -0.0554168    -0.0782437
 10.3507160     0.1757043    -0.0547925    -0.0788332
 10.3747099     0.1882952    -0.0543360    -0.0786517
 10.3986723     0.1994545    -0.0540389    -0.0777182
 10.4226029     0.2090361    -0.0538881    -0.0760593
 10.4465018     0.2169143    -0.0538664    -0.0737083
 10.4703689     0.2229859    -0.0539525    -0.0707042
 10.4942041     0.2271720    -0.0541218    -0.0670911
 10.5180073     0.2294194    -0.0543462    -0.0629175
 10.5417785     0.2297014    -0.0545954    -0.0582350
 10.5655175     0.2280180    -0.0548368    -0.0530981
 10.5892244     0.2243957    -0.0550368    -0.0475631
 10.6128990     0.2188872    -0.0551609    -0.0416873
 10.6365413     0.2115697    -0.0551745    -0.0355288
 10.6601512     0.2025440    -0.0550440    -0.0291453
 10.6837286     0.1919320    -0.0547368    -0.0225941
 10.7072735     0.1798750    -0.0542224    -0.0159314
 10.7307858     0.1665306    -0.0534729    -0.0092121
 10.7542654     0.1520701    -0.0524633    -0.0024891
 10.7777122     0.1366757    -0.0511723     0.0041866
 10.8011262     0.1205370    -0.0495827     0.0107662
 10.8245072     0.1038483    -0.0476814     0.0172034
 10.8478553     0.0868048    -0.0454600     0.0234543
 10.8711704     0.0696003    -0.0429148     0.0294777
 10.8944524     0.0524235    -0.0400468     0.0352349
 10.9177011     0.0354557    -0.0368619     0.0406901
 10.9409166     0.0188677    -0.0333708     0.0458101
 10.9640988     0.0028183    -0.0295886     0.0505645
 10.9872476    -0.0125487    -0.0255346     0.0549255
 11.0103629    -0.0271055    -0.0212323     0.0588682
 11.0334447    -0.0407418    -0.0167085     0.0623705
 11.0564928    -0.0533660    -0.0119933     0.0654130
 11.0795073    -0.0649055    -0.0071194     0.0679793
 11.1024880    -0.0753072    -0.0021217     0.0700559
 11.1254349    -0.0845373     0.0029633     0.0716322
 11.1483479    -0.0925809     0.0080982     0.0727007
 11.1712270    -0.0994410     0.0132448     0.0732572
 11.1940720    -0.1051378     0.0183652     0.0733004
 11.2168830    -0.1097071     0.0234219     0.0728326
 11.2396597    -0.1131991     0.0283785     0.0718591
 11.2624023    -0.1156761     0.0332002     0.0703890
 11.2851105    -0.1172113     0.0378540     0.0684343
 11.3077843    -0.1178861     0.0423093     0.0660109
 11.3304237    -0.1177888     0.0465382     0.0631378
 11.3530286    -0.1170120     0.0505157     0.0598376
 11.3755989    -0.1156507     0.0542198     0.0561358
 11.3981345    -0.1138005     0.0576320     0.0520614
 11.4206355    -0.1115555     0.0607371     0.0476461
 11.4431016    -0.1090066     0.0635233     0.0429244
 11.4655329    -0.1062400     0.0659823     0.0379334
 11.4879292    -0.1033357     0.0681090     0.0327123
 11.5102906    -0.1003663     0.0699017     0.0273022
 11.5326169    -0.0973958     0.0713618     0.0217459
 11.5549080    -0.0944793     0.0724934     0.0160869
 11.5771640    -0.0916619     0.0733034     0.0103699
 11.5993847    -0.0889788     0.0738011     0.0046395
 11.6215701    -0.0864549     0.0739979    -0.0010597
 11.6437200    -0.0841052     0.0739071    -0.0066838
 11.6658345    -0.0819348     0.0735435    -0.0121900
 11.6879135    -0.0799399     0.0729232    -0.0175370
 11.7099568    -0.0781077     0.0720633    -0.0226855
 11.7319645    -0.0764183     0.0709816    -0.0275986
 11.7539365    -0.0748446     0.0696961    -0.0322423
 11.7758726    -0.0733540     0.0682253    -0.0365854
 11.7977729    -0.0719094     0.0665875    -0.0406006
 11.8196372    -0.0704705     0.0648006    -0.0442640
 11.8414656    -0.0689945     0.0628821    -0.0475557
 11.8632578    -0.0674380     0.0608490    -0.0504597
 11.8850139    -0.0657577     0.0587175    -0.0529646
 11.9067339    -0.0639117     0.0565029    -0.0550627
 11.9284175    -0.0618605     0.0542195    -0.0567509
 11.9500648    -0.0595682     0.0518808    -0.0580300
 11.9716757    -0.0570030     0.0494990    -0.0589050
 11.9932502    -0.0541383     0.0470857    -0.0593846
 12.0147881    -0.0509530     0.0446510    -0.0594811
 12.0362894    -0.0474324     0.0422045    -0.0592102
 12.0577540    -0.0435682     0.0397545    -0.0585906
 12.0791820    -0.0393590     0.0373087    -0.0576436
 12.1005731    -0.0348102     0.0348736    -0.0563928
 12.1219273    -0.0299339     0.0324555    -0.0548638
 12.1432447    -0.0247489     0.0300597    -0.0530835
 12.1645250    -0.0192804     0.0276908    -0.0510800
 12.1857683    -0.0135593     0.0253532    -0.0488819
 12.2069745    -0.0076220     0.0230507    -0.0465181
 12.2281434    -0.0015098     0.0207868    -0.0440173
 12.2492752     0.0047321     0.0185645    -0.0414077
 12.2703696     0.0110551     0.0163869    -0.0387164
 12.2914266     0.0174078     0.0142564    -0.0359693
 12.3124462     0.0237373     0.0121756    -0.0331908
 12.3334283     0.0299894     0.0101469    -0.0304035
 12.3543729     0.0361100     0.0081725    -0.0276278
 12.3752798     0.0420455     0.0062544    -0.0248821
 12.3961490     0.0477437     0.0043947    -0.0221824
 12.4169804     0.0531545     0.0025951    -0.0195422
 12.4377740     0.0582306     0.0008575    -0.0169725
 12.4585297     0.0629282    -0.0008166    -0.0144820
 12.4792475     0.0672073    -0.0024257    -0.0120769
 12.4999273     0.0710324    -0.0039686    -0.0097611
 12.5205689     0.0743729    -0.0054441    -0.0075363
 12.5411725     0.0772032    -0.0068513    -0.0054021
 12.5617378     0.0795032    -0.0081896    -0.0033562
 12.5822649     0.0812580    -0.0094584    -0.0013947
 12.6027536     0.0824586    -0.0106576     0.0004877
 12.6232040     0.0831012    -0.0117871     0.0022975
 12.6436159     0.0831878    -0.0128471     0.0040423
 12.6639893     0.0827253    -0.0138381     0.0057303
 12.6843241     0.0817258    -0.0147607     0.0073699
 12.7046203     0.0802062    -0.0156157     0.0089701
 12.7248777     0.0781876    -0.0164040     0.0105395
 12.7450964     0.0756952    -0.0171268     0.0120865
 12.7652763     0.0727578    -0.0177853     0.0136191
 12.7854173     0.0694073    -0.0183806     0.0151444
 12.8055194     0.0656782    -0.0189140     0.0166688
 12.8255824     0.0616074    -0.0193867     0.0181976
 12.8456064     0.0572332    -0.0197999     0.0197350
 12.8655912     0.0525953    -0.0201547     0.0212838
 12.8855369     0.0477339    -0.0204518     0.0228458
 12.9054433     0.0426899    -0.0206921     0.0244211
 12.9253104     0.0375036    -0.0208761     0.0260087
 12.9451381     0.0322150    -0.0210040     0.0276062
 12.9649264     0.0268631    -0.0210759     0.0292098
 12.9846752     0.0214856    -0.0210916     0.0308147
 13.0043844     0.0161187    -0.0210506     0.0324148
 13.0240541     0.0107965    -0.0209522     0.0340029
 13.0436840     0.0055513    -0.0207956     0.0355710
 13.0632742     0.0004129    -0.0205796     0.0371103
 13.0828247    -0.0045910    -0.0203030     0.0386113
 13.1023352    -0.0094357    -0.0199643     0.0400642
 13.1218059    -0.0140988    -0.0195622     0.0414586
 13.1412366    -0.0185605    -0.0190952     0.0427842
 13.1606273    -0.0228039    -0.0185620     0.0440305
 13.1799778    -0.0268145    -0.0179613     0.0451872
 13.1992882    -0.0305805    -0.0172922     0.0462444
 13.2185585    -0.0340925    -0.0165539     0.0471924
 13.2377884    -0.0373437    -0.0157461     0.0480224
 13.2569780    -0.0403293    -0.0148691     0.0487260
 13.2761273    -0.0430469    -0.0139233     0.0492956
 13.2952361    -0.0454959    -0.0129102     0.0497246
 13.3143044    -0.0476778    -0.0118317     0.0500072
 13.3333321    -0.0495956    -0.0106905     0.0501387
 13.3523192    -0.0512538    -0.0094901     0.0501153
 13.3712657    -0.0526586    -0.0082347     0.0499343
 13.3901714    -0.0538170    -0.0069296     0.0495942
 13.4090364    -0.0547374    -0.0055808     0.0490942
 13.4278604    -0.0554288    -0.0041953     0.0484348
 13.4466436    -0.0559014    -0.0027807     0.0476174
 13.4653858    -0.0561656    -0.0013458     0.0466443
 13.4840871    -0.0562326     0.0000999     0.0455186
 13.5027472    -0.0561138     0.0015463     0.0442445
 13.5213662    -0.0558209     0.0029825     0.0428265
 13.5399440    -0.0553659     0.0043970     0.0412701
 13.5584806    -0.0547607     0.0057779     0.0395811
 13.5769758    -0.0540174     0.0071126     0.0377661
 13.5954297    -0.0531478     0.0083887     0.0358319
 13.6138422    -0.0521637     0.0095933     0.0337855
 13.6322132    -0.0510766     0.0107137     0.0316345
 13.6505427    -0.0498977     0.0117372     0.0293863
 13.6688306    -0.0486381     0.0126515     0.0270486
 13.6870769    -0.0473083     0.0134449     0.0246293
 13.7052815    -0.0459185     0.0141060     0.0221359
 13.7234443    -0.0444783     0.0146244     0.0195762
 13.7415654    -0.0429970     0.0149906     0.0169578
 13.7596445    -0.0414834     0.0151963     0.0142880
 13.7776818    -0.0399457     0.0152340     0.0115744
 13.7956771    -0.0383913     0.0150981     0.0088241
 13.8136303    -0.0368274     0.0147842     0.0060441
 13.8315415    -0.0352602     0.0142893     0.0032414
 13.8494106    -0.0336956     0.0136125     0.0004230
 13.8672374    -0.0321384     0.0127543    -0.0024046
 13.8850221    -0.0305931     0.0117171    -0.0052346
 13.9027644    -0.0290631     0.0105052    -0.0080604
 13.9204644    -0.0275515     0.0091249    -0.0108753
 13.9381219    -0.0260601     0.0075840    -0.0136726
 13.9557370    -0.0245903     0.0058925    -0.0164456
 13.9733096    -0.0231427     0.0040620    -0.0191874
 13.9908397    -0.0217170     0.0021059    -0.0218910
 14.0083271    -0.0203121     0.0000394    -0.0245492
 14.0257718    -0.0189262    -0.0021210    -0.0271547
 14.0431739    -0.0175567    -0.0043572    -0.0296998
 14.0605331    -0.0162002    -0.0066498    -0.0321766
 14.0778495    -0.0148528    -0.0089782    -0.0345771
 14.0951231    -0.0135096    -0.0113211    -0.0368928
 14.1123536    -0.0121652    -0.0136560    -0.0391152
 14.1295412    -0.0108137    -0.0159602    -0.0412354
 14.1466858    -0.0094485    -0.0182104    -0.0432443
 14.1637873    -0.0080626    -0.0203831    -0.0451327
 14.1808456    -0.0066485    -0.0224550    -0.0468910
 14.1978607    -0.0051986    -0.0244028    -0.0485099
 14.2148326    -0.0037048    -0.0262040    -0.0499798
 14.2317612    -0.0021589    -0.0278366    -0.0512911
 14.2486464    -0.0005528    -0.0292795    -0.0524344
 14.2654882     0.0011217    -0.0305129    -0.0534003
 14.2822866     0.0028727    -0.0315182    -0.0541799
 14.2990415     0.0047079    -0.0322783    -0.0547645
 14.3157528     0.0066348    -0.0327779    -0.0551457
 14.3324204     0.0086603    -0.0330035    -0.0553159
 14.3490445     0.0107908    -0.0329436    -0.0552678
 14.3656248     0.0130319    -0.0325889    -0.0549950
 14.3821614     0.0153887    -0.0319324    -0.0544919
 14.3986541     0.0178651    -0.0309694    -0.0537536
 14.4151030     0.0204642    -0.0296975    -0.0527764
 14.4315080     0.0231880    -0.0281172    -0.0515575
 14.4478690     0.0260373    -0.0262310    -0.0500951
 14.4641860     0.0290117    -0.0240443    -0.0483890
 14.4804590     0.0321096    -0.0215649    -0.0464398
 14.4966878     0.0353280    -0.0188030    -0.0442497
 14.5128725     0.0386626    -0.0157712    -0.0418220
 14.5290130     0.0421076    -0.0124847    -0.0391616
 14.5451092     0.0456559    -0.0089607    -0.0362745
 14.5611611     0.0492988    -0.0052186    -0.0331684
 14.5771686     0.0530264    -0.0012799    -0.0298522
 14.5931318     0.0568274     0.0028324    -0.0263363
 14.6090505     0.0606889     0.0070931    -0.0226322
 14.6249247     0.0645970     0.0114760    -0.0187529
 14.6407543     0.0685365     0.0159533    -0.0147126
 14.6565394     0.0724908     0.0204961    -0.0105267
 14.6722798     0.0764425     0.0250749    -0.0062117
 14.6879755     0.0803731     0.0296591    -0.0017850
 14.7036264     0.0842632     0.0342180     0.0027349
 14.7192326     0.0880928     0.0387205     0.0073287
 14.7347939     0.0918412     0.0431357     0.0119764
 14.7503104     0.0954869     0.0474327     0.0166576
 14.7657819     0.0990086     0.0515811     0.0213512
 14.7812084     0.1023844     0.0555515     0.0260358
 14.7965899     0.1055924     0.0593148     0.0306900
 14.8119264     0.1086110     0.0628436     0.0352920
 14.8272177     0.1114185     0.0661114     0.0398203
 14.8424639     0.1139940     0.0690933     0.0442536
 14.8576648     0.1163169     0.0717660     0.0485709
 14.8728205     0.1183674     0.0741082     0.0527518
 14.8879309     0.1201265     0.0761002     0.0567763
 14.9029959     0.1215763     0.0777247     0.0606253
 14.9180155     0.1227000     0.0789665     0.0642806
 14.9329897     0.1234821     0.0798125     0.0677249
 14.9479184     0.1239084     0.0802522     0.0709421
 14.9628016     0.1239663     0.0802775     0.0739172
 14.9776391     0.1236448     0.0798825     0.0766366
 14.9924311     0.1229346     0.0790643     0.0790879
 15.0071774     0.1218281     0.0778219     0.0812604
 15.0218780     0.1203198     0.0761573     0.0831448
 15.0365328     0.1184059     0.0740746     0.0847332
 15.0511418     0.1160845     0.0715806     0.0860197
 15.0657049     0.1133560     0.0686843     0.0869998
 15.0802222     0.1102224     0.0653970     0.0876705
 15.0946935     0.1066880     0.0617321     0.0880308
 15.1091189     0.1027591     0.0577055     0.0880812
 15.1234982     0.0984437     0.0533345     0.0878239
 15.1378315     0.0937521     0.0486388     0.0872626
 15.1521186     0.0886963     0.0436393     0.0864027
 15.1663596     0.0832902     0.0383591     0.0852511
 15.1805544     0.0775494     0.0328220     0.0838162
 15.1947030     0.0714912     0.0270538     0.0821077
 15.2088052     0.0651345     0.0210808     0.0801369
 15.2228612     0.0584999     0.0149306     0.0779161
 15.2368707     0.0516089     0.0086313     0.0754589
 15.2508339     0.0444849     0.0022119     0.0727798
 15.2647506     0.0371518    -0.0042983     0.0698945
 15.2786207     0.0296351    -0.0108700     0.0668194

PDF 1 in G'(r) format
  r, PDF (RMC), PDF (Expt)
 CURVES
          99 ,           2
      0.1963528        0.0000000        0.0000000
      0.2618037        0.0000000        0.0000000
      0.3272547        0.0000000        0.0000000
      0.3927056        0.0000000        0.0000000
      0.4581565        0.0000000        0.0000000
      0.5236075        0.3818478        0.0000000
      0.5890584        0.3017893        0.0000000
      0.6545093        0.4889941        0.0000000
      0.7199603        0.0000000        0.0000000
      0.7854112        0.0000000        0.0000000
      0.8508621        0.0000000        0.0000000
      0.9163131        0.0000000        0.0000000
      0.9817640        0.1087156        0.0000000
      1.0472149        0.0000000        0.0000000
      1.1126659        0.0000000        0.0000000
      1.1781168        0.0000000        0.0000000
      1.2435677        0.0000000        0.1336642
      1.3090187        0.0862717        0.4087493
      1.3744696        0.4426642        0.7543131
      1.4399206        0.8189195        1.1485415
      1.5053715        2.0033624        1.5505350
      1.5708224        2.2593201        1.9059448
      1.6362734        2.3743741        2.1587834
      1.7017243        2.6612147        2.2659462
      1.7671752        2.8521484        2.2093322
      1.8326262        2.6596350        2.0010507
      1.8980771        2.0552400        1.6798473
      1.9635280        1.3467408        1.3003390
      2.0289790        0.4907307        0.9192625
      2.0944299        0.2542897        0.5835708
      2.1598808        0.1438015        0.3237554
      2.2253318        0.1617561        0.1531507
      2.2907827        0.2089942        0.0715582
      2.3562336        0.0377600        0.0703735
      2.4216846        0.0252109        0.1367765
      2.4871355        0.2272423        0.2559231
      2.5525864        0.6084378        0.4115305
      2.6180374        0.7897633        0.5860281
      2.6834883        0.9885946        0.7613177
      2.7489392        1.0368424        0.9204588
      2.8143902        1.0708122        1.0498161
      2.8798411        1.0957321        1.1408396
      2.9452920        1.2494348        1.1907984
      3.0107430        1.5699016        1.2022868
      3.0761939        1.4155865        1.1818121
      3.1416448        1.1648096        1.1380301
      3.2070958        0.8917063        1.0801428
      3.2725467        0.6752699        1.0167345
      3.3379976        0.7158872        0.9550757
      3.4034486        0.8401716        0.9007813
      3.4688995        0.9422845        0.8576976
      3.5343504        0.8379181        0.8279539
      3.5998014        0.6760859        0.8121644
      3.6652523        0.5897342        0.8097733
      3.7307032        0.5716841        0.8194883
      3.7961542        0.7205908        0.8397032
      3.8616051        0.9340407        0.8687856
      3.9270560        1.0211481        0.9051459
      3.9925070        0.9575528        0.9470814
      4.0579579        0.8703606        0.9924918
      4.1234088        0.7537136        1.0386326
      4.1888598        1.0313140        1.0820893
      4.2543107        1.3059340        1.1190817
      4.3197617        1.4460680        1.1460852
      4.3852126        1.3001654        1.1606051
      4.4506635        1.1872297        1.1618539
      4.5161145        1.0479480        1.1510787
      4.5815654        1.0943366        1.1313973
      4.6470163        1.1552424        1.1071647
      4.7124673        1.2277219        1.0830542
      4.7779182        1.0583498        1.0631198
      4.8433691        0.8786199        1.0500902
      4.9088201        0.7338626        1.0450422
      4.9742710        0.7224366        1.0474679
      5.0397219        0.9790577        1.0556379
      5.1051729        1.2293082        1.0671130
      5.1706238        1.1327170        1.0792657
      5.2360747        1.0481084        1.0897134
      5.3015257        0.9243574        1.0966243
      5.3669766        0.9946606        1.0988858
      5.4324275        1.0609084        1.0961514
      5.4978785        1.2237312        1.0887822
      5.5633294        1.1311052        1.0777025
      5.6287803        1.0966687        1.0641974
      5.6942313        0.8939286        1.0496821
      5.7596822        0.8547337        1.0354810
      5.8251331        0.9284440        1.0226525
      5.8905841        0.9787723        1.0118836
      5.9560350        1.0785991        1.0034631
      6.0214859        0.9706187        0.9973273
      6.0869369        0.8046378        0.9931542
      6.1523878        0.7982504        0.9904812
      6.2178387        0.8362739        0.9888186
      6.2832897        0.9036285        0.9877401
      6.3487406        0.9669192        0.9869391
      6.4141915        0.8846359        0.9862467
      6.4796425        0.6368934        0.9856162

 Total S(Q)'s: Comparison with input data

   609  2 are NQ and NPAR

       Q      S(Q)_RMC  S(Q)_Expt
      0.5283159      0.2766425      0.1999373
      0.5583480      0.4106850      0.2298475
      0.5883784      0.5251606      0.2305090
      0.6184069      0.6195402      0.2565357
      0.6484336      0.6938558      0.2474724
      0.6784584      0.7486801      0.2646474
      0.7084810      0.7850915      0.2636069
      0.7385015      0.8046242      0.3029983
      0.7685198      0.8092084      0.2803935
      0.7985357      0.8010987      0.3165134
      0.8285491      0.7827957      0.3242744
      0.8585601      0.7569627      0.3528387
      0.8885684      0.7263392      0.3401115
      0.9185740      0.6936542      0.3830234
      0.9485769      0.6615432      0.3893421
      0.9785768      0.6324685      0.4382564
      1.0085738      0.6086487      0.4118919
      1.0385677      0.5919956      0.4648711
      1.0685584      0.5840636      0.4868638
      1.0985458      0.5860103      0.5442779
      1.1285300      0.5985708      0.5432138
      1.1585106      0.6220455      0.6115161
      1.1884878      0.6563019      0.6502125
      1.2184613      0.7007896      0.7342055
      1.2484312      0.7545679      0.7438206
      1.2783972      0.8163454      0.8198889
      1.3083593      0.8845292      0.8923436
      1.3383174      0.9572827      0.9986290
      1.3682715      1.0325898      1.0154129
      1.3982214      1.1083234      1.1345052
      1.4281670      1.1823159      1.1952611
      1.4581083      1.2524296      1.2765756
      1.4880452      1.3166246      1.2583090
      1.5179775      1.3730230      1.3187903
      1.5479052      1.4199656      1.3185571
      1.5778281      1.4560619      1.3357947
      1.6077463      1.4802302      1.2915394
      1.6376596      1.4917275      1.2788005
      1.6675679      1.4901683      1.2367185
      1.6974711      1.4755322      1.2087317
      1.7273691      1.4481600      1.1295654
      1.7572618      1.4087385      1.1126714
      1.7871493      1.3582758      1.0785231
      1.8170312      1.2980665      1.0634851
      1.8469077      1.2296492      0.9789252
      1.8767785      1.1547577      0.9419524
      1.9066436      1.0752666      0.9070040
      1.9365029      0.9931351      0.9084775
      1.9663562      0.9103479      0.8360757
      1.9962036      0.8288582      0.8344206
      2.0260449      0.7505321      0.8139095
      2.0558801      0.6770971      0.8122972
      2.0857090      0.6100965      0.7600058
      2.1155315      0.5508502      0.7759056
      2.1453476      0.5004230      0.7596567
      2.1751571      0.4596022      0.7815941
      2.2049601      0.4288835      0.7273933
      2.2347563      0.4084663      0.7465106
      2.2645457      0.3982584      0.7472951
      2.2943282      0.3978888      0.7775821
      2.3241037      0.4067288      0.7319369
      2.3538721      0.4239204      0.7609251
      2.3836334      0.4484105      0.7546690
      2.4133874      0.4789897      0.7935739
      2.4431340      0.5143351      0.7408128
      2.4728732      0.5530544      0.7779927
      2.5026049      0.5937313      0.7941686
      2.5323289      0.6349689      0.8294398
      2.5620453      0.6754320      0.7882798
      2.5917538      0.7138852      0.8429276
      2.6214544      0.7492265      0.8262057
      2.6511471      0.7805160      0.8698095
      2.6808317      0.8069970      0.8159758
      2.7105081      0.8281123      0.8431003
      2.7401762      0.8435120      0.8216031
      2.7698360      0.8530548      0.8492129
      2.7994874      0.8568033      0.7853049
      2.8291302      0.8550116      0.8107665
      2.8587645      0.8481085      0.7956234
      2.8883900      0.8366750      0.8172699
      2.9180067      0.8214178      0.7497847
      2.9476145      0.8031403      0.7684031
      2.9772134      0.7827111      0.7532565
      3.0068031      0.7610321      0.7831777
      3.0363838      0.7390064      0.7247468
      3.0659551      0.7175085      0.7424671
      3.0955172      0.6973555      0.7324139
      3.1250698      0.6792827      0.7548449
      3.1546128      0.6639221      0.6944434
      3.1841463      0.6517862      0.7490457
      3.2136701      0.6432562      0.7273784
      3.2431841      0.6385754      0.7584574
      3.2726882      0.6378477      0.7123848
      3.3021823      0.6410412      0.7455926
      3.3316664      0.6479968      0.7366845
      3.3611403      0.6584401      0.7711888
      3.3906040      0.6719979      0.7304165
      3.4200574      0.6882178      0.7601068
      3.4495003      0.7065887      0.7670137
      3.4789327      0.7265641      0.7887449
      3.5083546      0.7475852      0.7636740
      3.5377657      0.7691037      0.7908278
      3.5671661      0.7906036      0.8012965
      3.5965556      0.8116210      0.8354474
      3.6259341      0.8317612      0.8125319
      3.6553016      0.8507130      0.8381429
      3.6846580      0.8682593      0.8531816
      3.7140032      0.8842833      0.8943623
      3.7433370      0.8987717      0.8597129
      3.7726594      0.9118131      0.9181836
      3.8019704      0.9235922      0.9130229
      3.8312697      0.9343816      0.9651177
      3.8605574      0.9445286      0.9275593
      3.8898333      0.9544409      0.9847655
      3.9190974      0.9645684      0.9955053
      3.9483496      0.9753850      1.0552443
      3.9775897      0.9873684      1.0206638
      4.0068177      1.0009798      1.0818904
      4.0360334      1.0166451      1.1020108
      4.0652369      1.0347354      1.1614346
      4.0944281      1.0555514      1.1168939
      4.1236067      1.0793087      1.1832290
      4.1527728      1.1061263      1.2055746
      4.1819262      1.1360184      1.2414010
      4.2110669      1.1688896      1.2215499
      4.2401947      1.2045339      1.2839307
      4.2693097      1.2426366      1.3309875
      4.2984116      1.2827806      1.3949996
      4.3275005      1.3244554      1.3686860
      4.3565761      1.3670694      1.4282211
      4.3856385      1.4099646      1.4364003
      4.4146876      1.4524336      1.4812994
      4.4437232      1.4937383      1.4594988
      4.4727452      1.5331291      1.5009093
      4.5017536      1.5698651      1.5025782
      4.5307483      1.6032338      1.5516118
      4.5597293      1.6325699      1.4833252
      4.5886963      1.6572731      1.5373560
      4.6176493      1.6768241      1.5315077
      4.6465883      1.6907977      1.5751113
      4.6755131      1.6988739      1.5102587
      4.7044237      1.7008458      1.5496000
      4.7333199      1.6966245      1.5358035
      4.7622018      1.6862407      1.5745380
      4.7910691      1.6698433      1.5004836
      4.8199218      1.6476948      1.5160782
      4.8487599      1.6201637      1.5191082
      4.8775831      1.5877147      1.5461030
      4.9063916      1.5508959      1.4475589
      4.9351850      1.5103253      1.4664399
      4.9639635      1.4666745      1.4377283
      4.9927268      1.4206524      1.4581343
      5.0214749      1.3729882      1.3604107
      5.0502077      1.3244141      1.3697796
      5.0789252      1.2756490      1.3141227
      5.1076271      1.2273826      1.2908323
      5.1363135      1.1802614      1.2011923
      5.1649843      1.1348754      1.2021215
      5.1936393      1.0917478      1.1570817
      5.2222785      1.0513266      1.1496027
      5.2509018      1.0139776      1.0809341
      5.2795091      0.9799811      1.0625072
      5.3081003      0.9495303      1.0164037
      5.3366753      0.9227318      1.0118871
      5.3652341      0.8996089      0.9438641
      5.3937766      0.8801065      0.9305984
      5.4223026      0.8640977      0.9112271
      5.4508121      0.8513924      0.9127001
      5.4793050      0.8417463      0.8375091
      5.5077812      0.8348716      0.8561141
      5.5362406      0.8304473      0.8300860
      5.5646832      0.8281307      0.8474997
      5.5931088      0.8275678      0.7790392
      5.6215173      0.8284038      0.8118337
      5.6499088      0.8302928      0.7806676
      5.6782830      0.8329066      0.8133906
      5.7066400      0.8359420      0.7555811
      5.7349795      0.8391273      0.7917284
      5.7633016      0.8422267      0.7855322
      5.7916061      0.8450446      0.8093093
      5.8198930      0.8474266      0.7558034
      5.8481622      0.8492605      0.7903458
      5.8764135      0.8504758      0.7717963
      5.9046470      0.8510412      0.8082554
      5.9328624      0.8509617      0.7593839
      5.9610598      0.8502749      0.7796401
      5.9892391      0.8490462      0.7800547
      6.0174000      0.8473639      0.8167204
      6.0455427      0.8453335      0.7715835
      6.0736669      0.8430724      0.8043355
      6.1017727      0.8407047      0.7999956
      6.1298598      0.8383559      0.8243273
      6.1579283      0.8361482      0.7883084
      6.1859780      0.8341967      0.8103892
      6.2140089      0.8326056      0.7991596
      6.2420208      0.8314657      0.8318845
      6.2700138      0.8308524      0.7818216
      6.2979876      0.8308245      0.8166737
      6.3259422      0.8314238      0.8091770
      6.3538776      0.8326752      0.8465817
      6.3817936      0.8345878      0.7922560
      6.4096902      0.8371564      0.8253628
      6.4375673      0.8403631      0.8139798
      6.4654247      0.8441797      0.8466621
      6.4932625      0.8485700      0.7946021
      6.5210805      0.8534927      0.8208288
      6.5488786      0.8589032      0.8225073
      6.5766567      0.8647565      0.8457956
      6.6044148      0.8710092      0.8081858
      6.6321529      0.8776210      0.8446045
      6.6598707      0.8845564      0.8486867
      6.6875682      0.8917855      0.8868101
      6.7152453      0.8992847      0.8481523
      6.7429020      0.9070363      0.8936918
      6.7705382      0.9150290      0.8835210
      6.7981537      0.9232560      0.9299052
      6.8257485      0.9317146      0.8970225
      6.8533225      0.9404048      0.9418182
      6.8808757      0.9493269      0.9284377
      6.9084079      0.9584806      0.9699719
      6.9359190      0.9678624      0.9362651
      6.9634090      0.9774643      0.9867725
      6.9908778      0.9872719      0.9927209
      7.0183253      0.9972628      1.0234146
      7.0457515      1.0074057      1.0020005
      7.0731561      1.0176595      1.0320274
      7.1005393      1.0279727      1.0469580
      7.1279008      1.0382836      1.0806872
      7.1552405      1.0485205      1.0612949
      7.1825585      1.0586027      1.1021325
      7.2098546      1.0684420      1.0931564
      7.2371288      1.0779441      1.1317198
      7.2643809      1.0870106      1.0969701
      7.2916108      1.0955418      1.1391946
      7.3188186      1.1034386      1.1368784
      7.3460040      1.1106057      1.1676400
      7.3731671      1.1169542      1.1386115
      7.4003078      1.1224040      1.1686064
      7.4274258      1.1268868      1.1607236
      7.4545213      1.1303480      1.1938900
      7.4815940      1.1327492      1.1469316
      7.5086440      1.1340694      1.1715742
      7.5356711      1.1343066      1.1716972
      7.5626752      1.1334784      1.1932501
      7.5896563      1.1316224      1.1629149
      7.6166143      1.1287956      1.1724599
      7.6435491      1.1250743      1.1765743
      7.6704605      1.1205519      1.1856788
      7.6973487      1.1153380      1.1257355
      7.7242133      1.1095556      1.1586360
      7.7510545      1.1033385      1.1394201
      7.7778720      1.0968288      1.1658132
      7.8046659      1.0901733      1.1087555
      7.8314359      1.0835204      1.1391307
      7.8581822      1.0770167      1.1294155
      7.8849044      1.0708036      1.1506460
      7.9116027      1.0650140      1.0988124
      7.9382768      1.0597693      1.1341934
      7.9649268      1.0551769      1.1333890
      7.9915525      1.0513271      1.1510217
      8.0181539      1.0482920      1.1033276
      8.0447308      1.0461232      1.1280535
      8.0712833      1.0448511      1.1212458
      8.0978111      1.0444844      1.1424762
      8.1243143      1.0450101      1.0971167
      8.1507928      1.0463941      1.1240392
      8.1772464      1.0485820      1.1192622
      8.2036751      1.0515009      1.1429659
      8.2300788      1.0550615      1.0997263
      8.2564574      1.0591600      1.1217729
      8.2828109      1.0636811      1.1133024
      8.3091392      1.0685008      1.1373785
      8.3354421      1.0734896      1.0861938
      8.3617197      1.0785153      1.1217421
      8.3879717      1.0834464      1.1146505
      8.4141983      1.0881554      1.1414051
      8.4403992      1.0925211      1.0990696
      8.4665744      1.0964317      1.1197346
      8.4927238      1.0997873      1.1164224
      8.5188473      1.1025016      1.1450112
      8.5449449      1.1045041      1.0949807
      8.5710164      1.1057407      1.1239901
      8.5970619      1.1061751      1.1130950
      8.6230811      1.1057890      1.1433015
      8.6490741      1.1045819      1.0928001
      8.6750407      1.1025708      1.1083708
      8.7009810      1.0997893      1.0973715
      8.7268947      1.0962861      1.1119729
      8.7527818      1.0921237      1.0740829
      8.7786422      1.0873763      1.0972589
      8.8044760      1.0821278      1.0897339
      8.8302829      1.0764695      1.1069827
      8.8560629      1.0704977      1.0533714
      8.8818159      1.0643115      1.0795645
      8.9075419      1.0580101      1.0600021
      8.9332407      1.0516905      1.0827045
      8.9589123      1.0454458      1.0252971
      8.9845567      1.0393627      1.0586024
      9.0101736      1.0335199      1.0437791
      9.0357631      1.0279868      1.0629044
      9.0613251      1.0228221      1.0040425
      9.0868595      1.0180730      1.0420848
      9.1123662      1.0137749      1.0195197
      9.1378452      1.0099506      1.0314713
      9.1632963      1.0066109      0.9870687
      9.1887195      1.0037550      1.0029759
      9.2141147      1.0013708      0.9916910
      9.2394819      0.9994363      1.0053060
      9.2648209      0.9979203      0.9493458
      9.2901317      0.9967841      0.9755755
      9.3154141      0.9959829      0.9624711
      9.3406683      0.9954673      0.9832615
      9.3658939      0.9951848      0.9309610
      9.3910910      0.9950817      0.9484010
      9.4162595      0.9951045      0.9360735
      9.4413994      0.9952014      0.9522356
      9.4665104      0.9953237      0.8994818
      9.4915927      0.9954273      0.9233140
      9.5166460      0.9954731      0.9087307
      9.5416703      0.9954286      0.9367741
      9.5666656      0.9952683      0.8876348
      9.5916317      0.9949738      0.9125586
      9.6165686      0.9945346      0.8965974
      9.6414762      0.9939475      0.9230632
      9.6663545      0.9932168      0.8714014
      9.6912033      0.9923538      0.8967859
      9.7160225      0.9913759      0.8893871
      9.7408122      0.9903063      0.9214249
      9.7655722      0.9891727      0.8755735
      9.7903025      0.9880066      0.8937061
      9.8150029      0.9868421      0.8824248
      9.8396735      0.9857147      0.9142871
      9.8643140      0.9846606      0.8662962
      9.8889245      0.9837151      0.8918010
      9.9135049      0.9829118      0.8883861
      9.9380551      0.9822818      0.9065040
      9.9625751      0.9818524      0.8730466
      9.9870646      0.9816470      0.8943250
     10.0115238      0.9816838      0.8877010
     10.0359524      0.9819758      0.9196555
     10.0603505      0.9825305      0.8748684
     10.0847180      0.9833493      0.9030995
     10.1090547      0.9844283      0.8945450
     10.1333606      0.9857578      0.9251539
     10.1576357      0.9873226      0.8863267
     10.1818798      0.9891032      0.9093806
     10.2060929      0.9910754      0.9057577
     10.2302749      0.9932117      0.9287798
     10.2544257      0.9954815      0.8970525
     10.2785453      0.9978524      0.9251289
     10.3026336      1.0002906      0.9168794
     10.3266906      1.0027618      0.9318623
     10.3507160      1.0052324      0.9025320
     10.3747099      1.0076699      0.9272589
     10.3986723      1.0100439      0.9148892
     10.4226029      1.0123264      0.9531408
     10.4465018      1.0144930      0.9069573
     10.4703689      1.0165228      0.9359277
     10.4942041      1.0183993      0.9343425
     10.5180073      1.0201101      0.9610470
     10.5417785      1.0216477      0.9144871
     10.5655175      1.0230091      0.9519134
     10.5892244      1.0241959      0.9461973
     10.6128990      1.0252141      0.9672946
     10.6365413      1.0260737      0.9320568
     10.6601512      1.0267884      0.9575107
     10.6837286      1.0273751      0.9549118
     10.7072735      1.0278534      0.9858723
     10.7307858      1.0282452      0.9460034
     10.7542654      1.0285734      0.9759839
     10.7777122      1.0288620      0.9700277
     10.8011262      1.0291352      0.9926351
     10.8245072      1.0294165      0.9576810
     10.8478553      1.0297284      0.9874100
     10.8711704      1.0300915      0.9773301
     10.8944524      1.0305244      1.0209011
     10.9177011      1.0310429      0.9801715
     10.9409166      1.0316597      1.0096838
     10.9640988      1.0323840      1.0044908
     10.9872476      1.0332216      1.0361368
     11.0103629      1.0341744      0.9995527
     11.0334447      1.0352407      1.0319726
     11.0564928      1.0364148      1.0268660
     11.0795073      1.0376876      1.0550939
     11.1024880      1.0390467      1.0202904
     11.1254349      1.0404765      1.0409754
     11.1483479      1.0419589      1.0487854
     11.1712270      1.0434733      1.0844161
     11.1940720      1.0449974      1.0349230
     11.2168830      1.0465078      1.0779500
     11.2396597      1.0479800      1.0688037
     11.2624023      1.0493895      1.1009084
     11.2851105      1.0507121      1.0588998
     11.3077843      1.0519244      1.0951377
     11.3304237      1.0530044      1.0863926
     11.3530286      1.0539316      1.1132413
     11.3755989      1.0546882      1.0740400
     11.3981345      1.0552587      1.1068919
     11.4206355      1.0556305      1.1028704
     11.4431016      1.0557943      1.1344684
     11.4655329      1.0557439      1.0946695
     11.4879292      1.0554768      1.1251586
     11.5102906      1.0549939      1.1141608
     11.5326169      1.0542995      1.1437423
     11.5549080      1.0534012      1.1015271
     11.5771640      1.0523100      1.1258615
     11.5993847      1.0510397      1.1312844
     11.6215701      1.0496070      1.1561584
     11.6437200      1.0480308      1.1264497
     11.6658345      1.0463322      1.1428835
     11.6879135      1.0445338      1.1271588
     11.7099568      1.0426596      1.1604357
     11.7319645      1.0407343      1.1132708
     11.7539365      1.0387831      1.1345695
     11.7758726      1.0368310      1.1245742
     11.7977729      1.0349029      1.1455939
     11.8196372      1.0330225      1.1148587
     11.8414656      1.0312124      1.1350904
     11.8632578      1.0294938      1.1265504
     11.8850139      1.0278859      1.1529580
     11.9067339      1.0264059      1.0884830
     11.9284175      1.0250687      1.1251038
     11.9500648      1.0238864      1.1154429
     11.9716757      1.0228690      1.1410577
     11.9932502      1.0220235      1.0773373
     12.0147881      1.0213542      1.1098128
     12.0362894      1.0208628      1.0960678
     12.0577540      1.0205484      1.1232744
     12.0791820      1.0204077      1.0751669
     12.1005731      1.0204347      1.0935382
     12.1219273      1.0206217      1.0860168
     12.1432447      1.0209587      1.1054872
     12.1645250      1.0214340      1.0545239
     12.1857683      1.0220346      1.0755529
     12.2069745      1.0227462      1.0633309
     12.2281434      1.0235535      1.0967333
     12.2492752      1.0244407      1.0287851
     12.2703696      1.0253914      1.0593184
     12.2914266      1.0263893      1.0344375
     12.3124462      1.0274182      1.0668558
     12.3334283      1.0284621      1.0194668
     12.3543729      1.0295058      1.0413947
     12.3752798      1.0305349      1.0220082
     12.3961490      1.0315358      1.0461461
     12.4169804      1.0324964      1.0040548
     12.4377740      1.0334055      1.0188141
     12.4585297      1.0342534      1.0160719
     12.4792475      1.0350319      1.0268725
     12.4999273      1.0357342      0.9869754
     12.5205689      1.0363549      1.0081038
     12.5411725      1.0368904      0.9990972
     12.5617378      1.0373382      1.0153613
     12.5822649      1.0376974      0.9610317
     12.6027536      1.0379684      0.9884075
     12.6232040      1.0381529      0.9729133
     12.6436159      1.0382535      0.9953950
     12.6639893      1.0382741      0.9587060
     12.6843241      1.0382195      0.9733100
     12.7046203      1.0380951      0.9575059
     12.7248777      1.0379072      0.9832109
     12.7450964      1.0376622      0.9370641
     12.7652763      1.0373674      0.9595387
     12.7854173      1.0370301      0.9478745
     12.8055194      1.0366578      0.9668291
     12.8255824      1.0362579      0.9395642
     12.8456064      1.0358379      0.9422727
     12.8655912      1.0354051      0.9418061
     12.8855369      1.0349666      0.9704281
     12.9054433      1.0345290      0.9299124
     12.9253104      1.0340986      0.9520727
     12.9451381      1.0336813      0.9272463
     12.9649264      1.0332825      0.9424247
     12.9846752      1.0329070      0.9140179
     13.0043844      1.0325591      0.9335518
     13.0240541      1.0322425      0.9200856
     13.0436840      1.0319606      0.9444774
     13.0632742      1.0317158      0.9106600
     13.0828247      1.0315102      0.9228750
     13.1023352      1.0313454      0.9220535
     13.1218059      1.0312224      0.9239801
     13.1412366      1.0311416      0.9026569
     13.1606273      1.0311030      0.9194077
     13.1799778      1.0311061      0.9138904
     13.1992882      1.0311501      0.9291716
     13.2185585      1.0312335      0.9018833
     13.2377884      1.0313546      0.9128383
     13.2569780      1.0315113      0.9152417
     13.2761273      1.0317011      0.9397104
     13.2952361      1.0319211      0.9026169
     13.3143044      1.0321682      0.9099367
     13.3333321      1.0324390      0.9082638
     13.3523192      1.0327296      0.9320708
     13.3712657      1.0330360      0.8942827
     13.3901714      1.0333539      0.9090158
     13.4090364      1.0336788      0.9057602
     13.4278604      1.0340059      0.9319192
     13.4466436      1.0343301      0.8834182
     13.4653858      1.0346463      0.9076445
     13.4840871      1.0349490      0.9078576
     13.5027472      1.0352328      0.9315511
     13.5213662      1.0354919      0.8920059
     13.5399440      1.0357206      0.9148772
     13.5584806      1.0359131      0.9102984
     13.5769758      1.0360635      0.9301520
     13.5954297      1.0361661      0.8835772
     13.6138422      1.0362150      0.9119026
     13.6322132      1.0362047      0.9116708
     13.6505427      1.0361297      0.9437406
     13.6688306      1.0359848      0.8963849
     13.6870769      1.0357651      0.9349939
     13.7052815      1.0354660      0.9143259
     13.7234443      1.0350836      0.9431674
     13.7415654      1.0346142      0.9022791
     13.7596445      1.0340547      0.9195975
     13.7776818      1.0334029      0.9268100
     13.7956771      1.0326570      0.9524244
     13.8136303      1.0318163      0.9079933
     13.8315415      1.0308805      0.9406395
     13.8494106      1.0298506      0.9315903
     13.8672374      1.0287283      0.9599240
     13.8850221      1.0275163      0.9125359
     13.9027644      1.0262184      0.9402451
     13.9204644      1.0248394      0.9401231
     13.9381219      1.0233852      0.9727534
     13.9557370      1.0218625      0.9214117
     13.9733096      1.0202793      0.9445990
     13.9908397      1.0186446      0.9434129
     14.0083271      1.0169684      0.9751591
     14.0257718      1.0152615      0.9358401
     14.0431739      1.0135359      0.9679596
     14.0605331      1.0118041      0.9554686
     14.0778495      1.0100797      0.9785371
     14.0951231      1.0083766      0.9281773
     14.1123536      1.0067097      0.9681724
     14.1295412      1.0050941      0.9632543
     14.1466858      1.0035453      0.9904629
     14.1637873      1.0020791      0.9435705
     14.1808456      1.0007113      0.9698750
     14.1978607      0.9994578      0.9657130
     14.2148326      0.9983341      0.9996588
     14.2317612      0.9973557      0.9463237
     14.2486464      0.9965373      0.9744537
     14.2654882      0.9958933      0.9730957
     14.2822866      0.9954371      0.9911868
     14.2990415      0.9951813      0.9632118
     14.3157528      0.9951375      0.9766910
     14.3324204      0.9953160      0.9822402
     14.3490445      0.9957260      1.0084165
     14.3656248      0.9963752      0.9750472
     14.3821614      0.9972698      0.9902348
     14.3986541      0.9984144      0.9817262
     14.4151030      0.9998119      1.0158417
     14.4315080      1.0014636      0.9558486
     14.4478690      1.0033687      0.9862701
     14.4641860      1.0055249      0.9816447
     14.4804590      1.0079278      1.0142407
     14.4966878      1.0105712      0.9601065
     14.5128725      1.0134470      1.0003280
     14.5290130      1.0165453      0.9882040
     14.5451092      1.0198544      1.0138767
     14.5611611      1.0233608      0.9616819
     14.5771686      1.0270494      0.9972458
     14.5931318      1.0309033      0.9915339
     14.6090505      1.0349044      1.0310695
     14.6249247      1.0390329      0.9728348
     14.6407543      1.0432679      0.9948137
     14.6565394      1.0475873      0.9940315
     14.6722798      1.0519681      1.0275273
     14.6879755      1.0563863      0.9654386
     14.7036264      1.0608174      1.0093043
     14.7192326      1.0652362      1.0003102
     14.7347939      1.0696173      1.0246455
     14.7503104      1.0739350      0.9645569
     14.7657819      1.0781637      1.0063801
     14.7812084      1.0822780      1.0000633
     14.7965899      1.0862527      1.0233604
     14.8119264      1.0900633      0.9772080
     14.8272177      1.0936858      0.9991486
     14.8424639      1.0970973      1.0003800
     14.8576648      1.1002758      1.0330353
     14.8728205      1.1032003      0.9679322
     14.8879309      1.1058515      1.0084296
     14.9029959      1.1082111      0.9911637
     14.9180155      1.1102626      1.0330779
     14.9329897      1.1119912      0.9774007
     14.9479184      1.1133838      1.0047920
     14.9628016      1.1144290      0.9991079
     14.9776391      1.1151176      1.0347524
     14.9924311      1.1154422      0.9715506
     15.0071774      1.1153974      1.0205954
     15.0218780      1.1149800      1.0039111
     15.0365328      1.1141887      1.0217448
     15.0511418      1.1130243      0.9832891
     15.0657049      1.1114896      1.0136528
     15.0802222      1.1095897      0.9971735
     15.0946935      1.1073314      1.0218580
     15.1091189      1.1047235      0.9728030
     15.1234982      1.1017767      1.0024691
     15.1378315      1.0985034      0.9920856
     15.1521186      1.0949179      1.0084422
     15.1663596      1.0910359      0.9710480
     15.1805544      1.0868747      0.9897689
     15.1947030      1.0824529      0.9814171
     15.2088052      1.0777906      1.0085216
     15.2228612      1.0729088      0.9712502
     15.2368707      1.0678296      0.9920745
     15.2508339      1.0625759      0.9922244
     15.2647506      1.0571715      1.0044081
     15.2786207      1.0516405      0.9905568
