Time       moves_acc moves_gen     G(r)_1     S(Q)_1
h/m/s/.th    WEIGHT PARAMETERS   0.100E+01  0.100E+01
215701.867        3763       94143  0.567E-01  0.999E+00
215713.867        6575      203203  0.631E-01  0.998E+00
215725.867       10744      360889  0.599E-01  0.998E+00
215737.868       16523      504804  0.617E-01  0.998E+00
215749.867       20593      624156  0.528E-01  0.999E+00
215801.867       23806      737897  0.544E-01  0.998E+00
215813.875       28350      870170  0.537E-01  0.999E+00
215825.867       33303     1025710  0.503E-01  0.999E+00
215837.867       38089     1168421  0.501E-01  0.999E+00
215849.868       43902     1386000  0.452E-01  0.919E+00
215901.867       48568     1559978  0.522E-01  0.998E+00
215913.867       53417     1710270  0.483E-01  0.999E+00
215925.867       57581     1870870  0.576E-01  0.998E+00
215937.867       63794     2037224  0.486E-01  0.999E+00
215949.867       67792     2160353  0.478E-01  0.999E+00
220001.868       71737     2302587  0.610E-01  0.998E+00
220013.867       77276     2455752  0.528E-01  0.998E+00
220025.867       82861     2589102  0.515E-01  0.999E+00
220037.867       86865     2745043  0.549E-01  0.998E+00
220049.867       90418     2882902  0.505E-01  0.999E+00
220101.867       95462     3083300  0.595E-01  0.998E+00
220113.867      101186     3258573  0.634E-01  0.998E+00
220125.867      106081     3438582  0.558E-01  0.998E+00
220137.867      109935     3586436  0.567E-01  0.998E+00
220149.867      114724     3730836  0.544E-01  0.998E+00
220201.867      120731     3914551  0.490E-01  0.999E+00
220213.867      126152     4080498  0.413E-01  0.100E+01
220225.867      132225     4265630  0.631E-01  0.998E+00
220237.868      135528     4394411  0.610E-01  0.998E+00
220249.867      139797     4561373  0.584E-01  0.998E+00
220301.867      144282     4746593  0.523E-01  0.998E+00
220313.867      149502     4898177  0.574E-01  0.998E+00
220325.867      152287     5003263  0.546E-01  0.998E+00
220337.867      155199     5105394  0.619E-01  0.998E+00
220349.867      159467     5260962  0.572E-01  0.998E+00
220401.867      164877     5386689  0.538E-01  0.998E+00
220413.867      168105     5501886  0.537E-01  0.998E+00
220425.867      172197     5644167  0.573E-01  0.998E+00
220437.867      178853     5844001  0.572E-01  0.998E+00
220449.867      182896     5967702  0.531E-01  0.998E+00
220501.867      188211     6098657  0.496E-01  0.999E+00
220513.867      191569     6216668  0.547E-01  0.998E+00
220525.868      195827     6366307  0.603E-01  0.998E+00
220537.867      201571     6526050  0.572E-01  0.998E+00
220549.867      205088     6661068  0.554E-01  0.998E+00
220601.867      208531     6795410  0.613E-01  0.998E+00
220613.867      212576     6917356  0.577E-01  0.998E+00
220625.867      216670     7066850  0.593E-01  0.998E+00
220637.867      221475     7258361  0.573E-01  0.998E+00
220649.867      226772     7427715  0.597E-01  0.998E+00
220701.867      231080     7554269  0.594E-01  0.998E+00
220713.867      235227     7709648  0.602E-01  0.998E+00
220725.868      240884     7895217  0.555E-01  0.998E+00
220737.867      244875     8040532  0.496E-01  0.998E+00
220749.867      248714     8186993  0.547E-01  0.998E+00
220801.870      253606     8378114  0.534E-01  0.998E+00
220813.867      257125     8518070  0.492E-01  0.998E+00
220825.867      263195     8670658  0.518E-01  0.999E+00
220837.868      269692     8834719  0.527E-01  0.999E+00
220849.867      273012     8958964  0.513E-01  0.998E+00
220901.867      278093     9119448  0.497E-01  0.999E+00
220913.867      282269     9271028  0.502E-01  0.998E+00
220925.867      288166     9450857  0.520E-01  0.998E+00
220937.867      292752     9593770  0.546E-01  0.998E+00
220949.867      297575     9745620  0.503E-01  0.999E+00
221001.868      302829     9941180  0.576E-01  0.998E+00
221013.867      308559    10132467  0.585E-01  0.998E+00
221025.867      312067    10275820  0.583E-01  0.998E+00
221037.868      314918    10388560  0.612E-01  0.998E+00
221049.867      318695    10534092  0.643E-01  0.998E+00
221101.867      322565    10691340  0.575E-01  0.998E+00
221113.867      328008    10834735  0.564E-01  0.998E+00
221125.867      333008    10994086  0.546E-01  0.998E+00
221137.867      338074    11147130  0.569E-01  0.998E+00
221149.867      344916    11340567  0.500E-01  0.999E+00
221201.867      349486    11512560  0.514E-01  0.998E+00
221213.867      353365    11660093  0.585E-01  0.998E+00
221225.867      358649    11819701  0.647E-01  0.998E+00
221237.867      365899    12043641  0.733E-01  0.998E+00
221249.867      372375    12237574  0.699E-01  0.998E+00
221301.867      376618    12411243  0.689E-01  0.998E+00
221313.867      381069    12548833  0.695E-01  0.998E+00
221325.867      386246    12747312  0.692E-01  0.998E+00
221337.867      389475    12872283  0.666E-01  0.998E+00
221349.867      392970    13027040  0.675E-01  0.998E+00
221401.867      399683    13206000  0.603E-01  0.977E+00
221413.867      405694    13390211  0.736E-01  0.998E+00
221425.867      409951    13546248  0.700E-01  0.998E+00
221437.867      415182    13703700  0.553E-01  0.999E+00
221449.867      419147    13850989  0.672E-01  0.998E+00
221501.867      422746    13953691  0.522E-01  0.999E+00
221513.867      426524    14086066  0.683E-01  0.998E+00
221525.867      430061    14189221  0.569E-01  0.999E+00
221537.867      435816    14367539  0.656E-01  0.998E+00
221549.867      440555    14507766  0.634E-01  0.999E+00
221601.868      443306    14628494  0.656E-01  0.998E+00
221613.867      448171    14777626  0.603E-01  0.998E+00
221625.867      453464    14931525  0.700E-01  0.998E+00
221637.867      459217    15108894  0.690E-01  0.998E+00
221649.867      462929    15248778  0.696E-01  0.998E+00
221701.867      470963    15434313  0.589E-01  0.999E+00
221713.868      476622    15562129  0.645E-01  0.998E+00
221725.867      480870    15683752  0.638E-01  0.998E+00
221737.867      485719    15826440  0.606E-01  0.998E+00
221749.867      490617    15974475  0.644E-01  0.998E+00
221801.867      494613    16129371  0.695E-01  0.998E+00
221813.867      499620    16322226  0.706E-01  0.998E+00
221825.867      504799    16483477  0.647E-01  0.998E+00
221837.867      510359    16643573  0.625E-01  0.999E+00
221849.867      515263    16795873  0.560E-01  0.999E+00
221901.867      518987    16929307  0.645E-01  0.998E+00
221913.867      523427    17098424  0.632E-01  0.998E+00
221925.867      527474    17257205  0.655E-01  0.998E+00
221937.867      531613    17408704  0.675E-01  0.998E+00
221949.867      537401    17547899  0.592E-01  0.999E+00
222001.867      543669    17715692  0.646E-01  0.998E+00
222013.867      548531    17900035  0.622E-01  0.998E+00
222025.868      554117    18112000  0.872E-01  0.129E+01
222037.867      561324    18272490  0.610E-01  0.999E+00
222049.867      565336    18439390  0.582E-01  0.998E+00
222101.867      570703    18573820  0.557E-01  0.999E+00
222113.867      578351    18740026  0.722E-01  0.999E+00
222125.966      584939    18944000  0.787E-01  0.955E+00
222137.867      588011    19025713  0.659E-01  0.999E+00
222149.867      593154    19188528  0.589E-01  0.999E+00
222201.867      599793    19344016  0.712E-01  0.998E+00
222213.867      606687    19533717  0.581E-01  0.999E+00
222225.867      610155    19674655  0.631E-01  0.998E+00
222237.867      614612    19850010  0.655E-01  0.998E+00
222249.867      617981    19983213  0.680E-01  0.998E+00
222301.867      623324    20115709  0.619E-01  0.999E+00
222313.868      627029    20249658  0.652E-01  0.998E+00
222325.867      632586    20428000  0.353E-01  0.587E+00
222337.867      638753    20617457  0.505E-01  0.999E+00
222349.867      644379    20790563  0.598E-01  0.998E+00
222401.868      649759    20945614  0.584E-01  0.999E+00
222413.867      653380    21075055  0.648E-01  0.998E+00
222425.867      659056    21252036  0.646E-01  0.998E+00
222437.867      666197    21435102  0.609E-01  0.998E+00
222449.868      669623    21562000  0.750E-01  0.108E+01
222501.867      677058    21738668  0.690E-01  0.998E+00
222513.867      680837    21880860  0.723E-01  0.998E+00
222525.867      683719    21988447  0.681E-01  0.998E+00
222537.867      687063    22112313  0.751E-01  0.997E+00
222549.867      691796    22256261  0.632E-01  0.998E+00
222601.867      696235    22414412  0.637E-01  0.998E+00
222613.867      702320    22603078  0.585E-01  0.998E+00
222625.867      706569    22774708  0.530E-01  0.998E+00
222637.867      710729    22940423  0.546E-01  0.998E+00
222649.867      715710    23098211  0.575E-01  0.998E+00
222701.868      718823    23221450  0.609E-01  0.998E+00
222713.867      721435    23281967  0.600E-01  0.998E+00
222725.867      724215    23386200  0.647E-01  0.998E+00
222737.867      726807    23493045  0.534E-01  0.998E+00
222749.867      728896    23577920  0.650E-01  0.998E+00
231357.645      732681    23699543  0.628E-01  0.998E+00
231409.645      738253    23883405  0.593E-01  0.998E+00
231421.645      742137    24034809  0.625E-01  0.998E+00
231433.657      745751    24168015  0.614E-01  0.998E+00
231445.645      750119    24298768  0.599E-01  0.998E+00
231457.645      752391    24387656  0.631E-01  0.998E+00
231509.645      755378    24506324  0.579E-01  0.998E+00
231521.645      760889    24682378  0.652E-01  0.998E+00
231533.645      764795    24828388  0.666E-01  0.998E+00
231545.645      768685    24978620  0.657E-01  0.998E+00
231557.645      773881    25137465  0.600E-01  0.998E+00
231609.645      778570    25315790  0.622E-01  0.998E+00
231621.645      785858    25513772  0.514E-01  0.998E+00
231633.645      790910    25672728  0.575E-01  0.998E+00
231645.645      795433    25849358  0.595E-01  0.998E+00
231657.645      801172    25998822  0.598E-01  0.998E+00
231709.650      805706    26174688  0.587E-01  0.998E+00
231721.645      810629    26334898  0.528E-01  0.999E+00
231733.645      815247    26468219  0.587E-01  0.998E+00
231745.645      821023    26624346  0.570E-01  0.998E+00
231757.645      825426    26801551  0.540E-01  0.998E+00
231809.645      828379    26929825  0.545E-01  0.998E+00
231821.645      831854    27069359  0.617E-01  0.998E+00
231833.645      835472    27213313  0.537E-01  0.998E+00
231845.644      841745    27380045  0.538E-01  0.998E+00
231857.645      847404    27583504  0.556E-01  0.998E+00
231909.645      851794    27714300  0.472E-01  0.100E+01
231921.645      858896    27866829  0.538E-01  0.100E+01
231933.645      863743    28002690  0.612E-01  0.998E+00
231945.645      869520    28192388  0.523E-01  0.999E+00
231957.644      872639    28317022  0.582E-01  0.998E+00
232009.645      876036    28415390  0.533E-01  0.999E+00
232021.645      879739    28559882  0.611E-01  0.998E+00
232033.645      884821    28724712  0.502E-01  0.999E+00
232045.645      891922    28879931  0.518E-01  0.100E+01
232057.645      895988    29026470  0.517E-01  0.999E+00
232109.645      901767    29214381  0.540E-01  0.999E+00
232121.645      908895    29374655  0.424E-01  0.100E+01
232133.645      913249    29538815  0.580E-01  0.998E+00
232145.646      915741    29633319  0.586E-01  0.998E+00
232157.645      919975    29776734  0.499E-01  0.999E+00
232209.645      924024    29937145  0.522E-01  0.998E+00
232221.645      930825    30083838  0.426E-01  0.100E+01
232233.645      935285    30262892  0.590E-01  0.998E+00
232245.645      941379    30456777  0.552E-01  0.998E+00
232257.645      946842    30592943  0.607E-01  0.999E+00
232309.645      950625    30743514  0.591E-01  0.998E+00
232321.645      955629    30905073  0.497E-01  0.999E+00
232333.645      961285    31067202  0.660E-01  0.998E+00
232345.645      968097    31241990  0.506E-01  0.999E+00
232357.645      971531    31369139  0.544E-01  0.999E+00
232409.645      975737    31531899  0.574E-01  0.998E+00
232421.645      980790    31685119  0.576E-01  0.998E+00
232433.645      986169    31860255  0.589E-01  0.998E+00
232445.645      990230    32019765  0.574E-01  0.998E+00
232457.645      993865    32166961  0.579E-01  0.998E+00
232509.645      997826    32308058  0.647E-01  0.997E+00
232521.645     1001982    32438453  0.569E-01  0.998E+00
232533.645     1008280    32635074  0.584E-01  0.998E+00
232545.645     1012385    32758476  0.606E-01  0.998E+00
232557.645     1015246    32879551  0.683E-01  0.997E+00
232609.645     1022075    33063296  0.555E-01  0.999E+00
232621.645     1026035    33178480  0.614E-01  0.998E+00
232633.645     1029368    33318096  0.633E-01  0.998E+00
232645.645     1032776    33457419  0.617E-01  0.998E+00
232657.645     1037922    33662044  0.640E-01  0.997E+00
232709.649     1041445    33803650  0.651E-01  0.998E+00
232721.645     1049721    33966977  0.591E-01  0.999E+00
232733.645     1054047    34139986  0.690E-01  0.997E+00
232745.645     1059476    34324546  0.616E-01  0.998E+00
232757.645     1064777    34505912  0.675E-01  0.997E+00
232809.653     1067923    34633177  0.688E-01  0.997E+00
232821.645     1073470    34773909  0.650E-01  0.998E+00
232833.645     1079144    34951493  0.687E-01  0.998E+00
232845.645     1085997    35124347  0.633E-01  0.999E+00
232857.645     1090302    35275206  0.636E-01  0.998E+00
232909.645     1095755    35428481  0.553E-01  0.998E+00
232921.645     1102140    35634000  0.423E-01  0.825E+00
232933.645     1107446    35808645  0.530E-01  0.998E+00
232945.645     1112072    35998484  0.525E-01  0.998E+00
232957.645     1119212    36130649  0.517E-01  0.100E+01
233009.645     1124111    36270284  0.598E-01  0.998E+00
233021.645     1129666    36442055  0.570E-01  0.998E+00
233033.645     1135274    36613386  0.571E-01  0.998E+00
233045.645     1141276    36799956  0.546E-01  0.998E+00
233057.645     1147687    36997736  0.632E-01  0.998E+00
233109.645     1151473    37131079  0.580E-01  0.998E+00
233121.645     1156361    37278828  0.595E-01  0.998E+00
233133.645     1159942    37413631  0.615E-01  0.998E+00
233145.645     1164376    37577611  0.686E-01  0.997E+00
233157.645     1168810    37742653  0.614E-01  0.998E+00
233209.645     1172014    37868458  0.586E-01  0.998E+00
233221.645     1176600    38018718  0.604E-01  0.998E+00
233233.645     1181370    38159976  0.531E-01  0.999E+00
233245.645     1184904    38299621  0.628E-01  0.998E+00
233257.645     1190777    38492393  0.454E-01  0.100E+01
233309.645     1194674    38628595  0.585E-01  0.998E+00
233321.645     1200332    38800274  0.620E-01  0.998E+00
233333.645     1204169    38955120  0.615E-01  0.998E+00
233345.646     1208785    39097968  0.584E-01  0.998E+00
233357.645     1211999    39217211  0.633E-01  0.998E+00
233409.645     1216913    39361795  0.584E-01  0.998E+00
233421.645     1222441    39509085  0.676E-01  0.997E+00
233433.645     1227192    39687288  0.707E-01  0.997E+00
233445.645     1232587    39856637  0.603E-01  0.997E+00
233457.645     1236390    40024422  0.566E-01  0.998E+00
233509.645     1239577    40163322  0.568E-01  0.997E+00
233521.645     1243419    40290998  0.592E-01  0.997E+00
233533.645     1247923    40440990  0.630E-01  0.997E+00
233545.645     1252732    40594803  0.565E-01  0.998E+00
233557.645     1257567    40752518  0.622E-01  0.998E+00
233609.645     1261771    40876831  0.557E-01  0.998E+00
233621.645     1268046    41043685  0.616E-01  0.998E+00
233633.645     1272280    41196041  0.477E-01  0.100E+01
233645.645     1278445    41344399  0.652E-01  0.998E+00
233657.645     1282443    41484015  0.636E-01  0.998E+00
233709.645     1286044    41627374  0.622E-01  0.998E+00
233721.645     1292267    41805924  0.545E-01  0.999E+00
233733.645     1296647    41931178  0.543E-01  0.998E+00
233745.645     1300720    42087799  0.564E-01  0.998E+00
233757.645     1304534    42240900  0.565E-01  0.998E+00
233809.645     1311004    42409360  0.553E-01  0.998E+00
233821.645     1315528    42575285  0.612E-01  0.998E+00
233833.645     1322415    42737835  0.505E-01  0.999E+00
233845.644     1327833    42930858  0.504E-01  0.998E+00
233857.645     1332207    43058989  0.576E-01  0.998E+00
233909.645     1335880    43208606  0.559E-01  0.998E+00
233921.645     1340571    43338543  0.498E-01  0.998E+00
233933.645     1345398    43520792  0.480E-01  0.998E+00
233945.645     1350433    43714009  0.547E-01  0.998E+00
233957.645     1355213    43854036  0.569E-01  0.998E+00
234009.645     1359202    44009342  0.593E-01  0.998E+00
234021.645     1364600    44147008  0.479E-01  0.999E+00
234033.645     1369498    44311366  0.632E-01  0.998E+00
234045.645     1374184    44455890  0.530E-01  0.998E+00
234057.645     1378237    44607082  0.567E-01  0.998E+00
234109.645     1383691    44778327  0.587E-01  0.998E+00
234121.645     1389484    44933901  0.684E-01  0.997E+00
234133.644     1393412    45093470  0.759E-01  0.997E+00
234145.645     1398041    45237863  0.695E-01  0.998E+00
234157.645     1403711    45418569  0.706E-01  0.997E+00
234209.645     1410393    45602112  0.619E-01  0.998E+00
234221.645     1414959    45770391  0.716E-01  0.997E+00
234233.645     1419517    45915929  0.691E-01  0.997E+00
234245.645     1424008    46096071  0.738E-01  0.997E+00
