 Results from RMCProfile version 6.7.9.5

 (Version 6f format configuration file)                                          

 2 experiments   3 partials

 Partial g(r)'s are printed out below

   186  3 are NR and NPAR

   r (Ang)
   0.06545     0.00000     0.00000     0.00000
   0.13090     0.00000     0.00000     0.00000
   0.19635     0.00000     0.00000     0.00000
   0.26180     0.00000     0.00000     0.00000
   0.32725     0.00000     0.00000     0.00000
   0.39271     0.00000     0.00000     0.00000
   0.45816     0.00000     0.00000     0.00000
   0.52361     0.00000     0.00000     0.00000
   0.58906     0.00000     0.00000     0.00000
   0.65451     0.00000     0.00000     0.00000
   0.71996     0.00000     0.00000     0.00000
   0.78541     0.00000     0.00000     0.00000
   0.85086     0.00000     0.00000     0.00000
   0.91631     0.00000     0.00000     0.00000
   0.98176     0.00000     0.00000     0.00000
   1.04721     0.00000     0.00000     0.00000
   1.11267     0.00000     0.00000     0.00000
   1.17812     0.00000     0.00000     0.00000
   1.24357     0.00000     0.00000     0.00000
   1.30902     0.00000     0.00000     0.00000
   1.37447     0.00000     0.00000     0.00000
   1.43992     0.00000     0.00000     0.00000
   1.50537     0.00000     0.00000     0.00000
   1.57082     0.00000     3.90764     0.00000
   1.63627     0.00000     3.60133     0.00000
   1.70172     0.00000     0.00000     0.00000
   1.76718     0.00000     6.17523     0.00000
   1.83263     0.00000     5.74206     0.00000
   1.89808     0.00000     2.67646     0.00000
   1.96353     0.00000     7.50307     0.00000
   2.02898     0.00000     2.34228     0.00000
   2.09443     0.00000     2.19819     0.00000
   2.15988     0.00000     0.00000     0.00000
   2.22533     0.00000     0.00000     0.00000
   2.29078     0.00000     0.00000     0.00000
   2.35623     0.00000     0.00000     0.00000
   2.42168     0.00000     0.00000     0.00000
   2.48714     0.00000     0.00000     0.00000
   2.55259     0.00000     0.00000     0.00000
   2.61804     0.00000     0.00000     1.40688
   2.68349     0.00000     0.00000     0.00000
   2.74894     0.00000     0.00000     2.55218
   2.81439     0.00000     0.00000     1.21743
   2.87984     0.00000     0.00000     2.32545
   2.94529     0.00000     0.00000     2.22325
   3.01074     4.25527     0.00000     3.19146
   3.07619     4.07613     1.01903     3.05710
   3.14164     0.00000     0.97702     1.95403
   3.20710     0.00000     0.00000     2.81264
   3.27255     0.00000     0.00000     0.90042
   3.33800     3.46183     0.00000     4.32729
   3.40345     0.00000     0.83249     0.00000
   3.46890     3.20550     0.80137     1.60275
   3.53435     3.08788     0.77197     0.00000
   3.59980     0.00000     1.48831     0.74415
   3.66525     2.87126     0.00000     0.71782
   3.73070     0.00000     1.38570     0.00000
   3.79615     0.00000     0.66917     2.00750
   3.86161     0.00000     1.29335     0.64667
   3.92706     0.00000     3.12650     1.25060
   3.99251     0.00000     0.60497     0.60497
   4.05796     0.00000     2.34243     0.00000
   4.12341     0.00000     1.70150     0.00000
   4.18886     0.00000     0.54958     1.09916
   4.25431     2.13120     1.06560     1.06560
   4.31976     0.00000     2.06711     0.00000
   4.38521     0.00000     1.00293     0.00000
   4.45066     1.94731     0.48683     0.48683
   4.51611     0.00000     1.41846     0.94564
   4.58157     7.35050     1.83762     3.21584
   4.64702     1.78623     2.23278     0.89311
   4.71247     0.00000     1.73695     0.00000
   4.77792     1.68969     1.26727     0.84485
   4.84337     0.00000     0.82217     0.41108
   4.90882     1.60078     0.80039     0.80039
   4.97427     3.11786     1.16920     0.77947
   5.03972     1.51870     1.13903     0.37968
   5.10517     0.00000     1.11001     1.11001
   5.17062     1.44278     1.44278     0.00000
   5.23607     0.00000     0.35173     0.70347
   5.30153     1.37241     0.00000     0.68621
   5.36698     0.00000     0.66957     0.00000
   5.43243     0.00000     0.65354     1.30707
   5.49788     1.27613     0.00000     1.59517
   5.56333     0.00000     0.62314     0.93471
   5.62878     4.86988     2.43494     3.65241
   5.69423     0.00000     1.18964     1.48706
   5.75968     0.00000     1.74414     0.87207
   5.82513     0.00000     0.85258     2.27356
   5.89058     3.33497     0.55583     2.50123
   5.95604     3.26208     0.54368     2.99024
   6.02149     0.00000     0.26596     1.59577
   6.08694     2.08219     1.04109     0.52055
   6.15239     0.00000     0.25477     1.01906
   6.21784     1.99544     1.24715     0.24943
   6.28329     0.97704     0.24426     0.24426
   6.34874     0.00000     0.47850     0.47850
   6.41419     0.00000     0.23439     0.23439
   6.47964     0.00000     1.14841     0.68904
   6.54509     0.90044     2.02600     0.90044
   6.61054     0.88270     0.88270     1.10338
   6.67600     0.86548     1.29822     0.64911
   6.74145     0.00000     1.69751     0.42438
   6.80690     0.00000     0.83251     0.83251
   6.87235     0.00000     0.20418     0.61255
   6.93780     0.80139     2.00348     1.20209
   7.00325     0.78648     1.17973     0.58986
   7.06870     1.54397     1.15798     0.38599
   7.13415     1.51577     1.32630     0.56842
   7.19960     0.00000     1.48834     0.74417
   7.26505     0.00000     0.54812     0.73082
   7.33050     0.00000     0.53837     0.89729
   7.39596     1.41036     1.23407     0.88148
   7.46141     0.69286     1.55894     1.55894
   7.52686     4.76606     1.87238     3.06390
   7.59231     0.00000     0.83647     1.33836
   7.65776     0.00000     0.98668     1.31558
   7.72321     0.64669     0.32334     0.64669
   7.78866     0.00000     1.27173     0.31793
   7.85411     1.25062     0.93796     0.15633
   7.91956     1.84505     0.92253     1.23003
   7.98501     0.60498     0.45373     0.45373
   8.05046     0.00000     0.74397     0.44638
   8.11592     0.58562     1.46405     0.87843
   8.18137     4.03400     0.57629     2.16107
   8.24682     0.56717     0.56717     0.42538
   8.31227     0.55828     0.97699     0.97699
   8.37772     6.04548     1.51137     3.43493
   8.44317     1.62330     1.08220     0.94693
   8.50862     1.06562     0.00000     0.79921
   8.57407     0.52471     0.78706     0.91823
   8.63952     1.03357     1.42116     1.16277
   8.70497     0.50904     0.50904     1.01809
   8.77043     1.50442     1.37905     1.12832
   8.83588     0.49407     1.48222     0.74111
   8.90133     1.94733     1.33879     1.46050
   8.96678     0.47975     1.07944     1.07944
   9.03223     0.00000     0.47282     0.70924
   9.09768     2.33023     1.28163     1.90302
   9.16313     1.83765     1.37824     0.65083
   9.22858     0.90584     1.24553     1.01907
   9.29403     0.44656     0.89312     0.11164
   9.35948     0.44034     1.10085     0.77059
   9.42493     0.43424     1.19417     0.54280
   9.49039     0.42827     1.17776     0.85655
   9.55584     0.00000     0.73925     0.63364
   9.62129     0.41670     0.72923     0.62505
   9.68674     0.00000     0.82218     1.23327
   9.75219     0.40559     1.01397     0.70978
   9.81764     1.20060     1.30065     0.90045
   9.88309     0.78983     0.69110     0.88856
   9.94854     0.00000     1.26665     0.58461
  10.01399     0.38466     0.96165     0.86548
  10.07944     0.00000     0.94920     0.85428
  10.14489     0.74959     0.93699     1.68658
  10.21035     1.48003     0.92502     1.20252
  10.27580     2.55716     1.18725     2.64849
  10.34125     1.80349     0.72140     0.90175
  10.40670     0.71235     1.15757     0.71235
  10.47215     0.70348     0.70348     0.70348
  10.53760     1.38953     1.30268     1.56322
  10.60305     1.02932     0.77199     0.77199
  10.66850     1.35564     0.84727     0.42364
  10.73395     3.01310     0.83697     1.67395
  10.79940     0.00000     0.99223     0.90954
  10.86486     2.94093     1.14370     1.47047
  10.93031     0.32287     0.72645     0.80717
  10.99576     1.27615     0.79759     0.71783
  11.06121     0.63054     1.10345     0.70936
  11.12666     0.31157     1.01262     1.09051
  11.19211     2.46352     1.15478     1.07779
  11.25756     0.91311     0.58338     1.14139
  11.32301     0.30086     1.15330     0.97780
  11.38846     0.89224     0.74353     1.18965
  11.45391     0.29402     1.39661     1.32311
  11.51936     0.87208     1.30812     0.72673
  11.58482     1.43709     1.00596     0.14371
  11.65027     0.28420     0.78154     0.78154
  11.71572     1.12412     1.12412     0.49180
  11.78117     1.94541     1.04219     1.66750
  11.84662     0.54971     1.23684     0.61842
  11.91207     1.63105     1.22329     1.42717
  11.97752     0.26888     1.27718     0.87386
  12.04297     1.06386     0.66491     0.73140
  12.10842     2.36787     1.18394     1.64436
  12.17387     0.00000     1.23631     0.71576

 Partial S(Q)'s are printed out below

   494  3 are NQ and NPAR

      Q          S(Q)_1      S(Q)_2      S(Q)_3
  0.4682470    -3.6646745    -0.3749387    -1.2414337
  0.4982822    -3.3783196    -0.0702319    -1.3750660
  0.5283174    -3.0813191     0.2089470    -1.5074285
  0.5583526    -2.8070078     0.4301595    -1.6228847
  0.5883878    -2.5831928     0.5707990    -1.7090967
  0.6184230    -2.4298026     0.6198744    -1.7580472
  0.6484582    -2.3574203     0.5784137    -1.7665652
  0.6784934    -2.3668165     0.4585037    -1.7363212
  0.7085286    -2.4494924     0.2811322    -1.6733172
  0.7385638    -2.5891447     0.0731288    -1.5869461
  0.7685990    -2.7638728    -0.1364079    -1.4887374
  0.7986342    -2.9488762    -0.3197656    -1.3909391
  0.8286694    -3.1193487    -0.4539281    -1.3050933
  0.8587046    -3.2532576    -0.5231680    -1.2407611
  0.8887398    -3.3337177    -0.5206454    -1.2045295
  0.9187750    -3.3507152    -0.4488624    -1.1993974
  0.9488102    -3.3020084    -0.3189583    -1.2245937
  0.9788454    -3.1931210    -0.1489724    -1.2758298
  1.0088806    -3.0364418     0.0386854    -1.3459404
  1.0389158    -2.8495364     0.2202251    -1.4258261
  1.0689510    -2.6528643     0.3735543    -1.5055780
  1.0989862    -2.4671522     0.4810664    -1.5756492
  1.1290214    -2.3107181     0.5318072    -1.6279380
  1.1590566    -2.1970404     0.5227717    -1.6566581
  1.1890918    -2.1328490     0.4591899    -1.6589062
  1.2191270    -2.1169579     0.3537871    -1.6348677
  1.2491622    -2.1399870     0.2251266    -1.5876520
  1.2791974    -2.1850267     0.0952500    -1.5227876
  1.3092326    -2.2292026    -0.0130869    -1.4474507
  1.3392678    -2.2460036    -0.0792452    -1.3695284
  1.3693030    -2.2081512    -0.0872566    -1.2966349
  1.3993382    -2.0907310    -0.0277997    -1.2352045
  1.4293734    -1.8742695     0.1006342    -1.1897698
  1.4594086    -1.5474358     0.2915101    -1.1625099
  1.4894438    -1.1090799     0.5309735    -1.1531194
  1.5194790    -0.5693693     0.7994263    -1.1590052
  1.5495142     0.0501273     1.0737598    -1.1757775
  1.5795494     0.7174670     1.3299693    -1.1979669
  1.6095846     1.3924219     1.5458348    -1.2198635
  1.6396198     2.0294797     1.7033525    -1.2363673
  1.6696550     2.5815153     1.7906308    -1.2437277
  1.6996902     3.0038231     1.8030373    -1.2400719
  1.7297254     3.2581553     1.7434725    -1.2256404
  1.7597606     3.3164047     1.6217534    -1.2026923
  1.7897958     3.1635871     1.4531946    -1.1750796
  1.8198311     2.7998370     1.2565707    -1.1475386
  1.8498663     2.2412062     1.0517127    -1.1247825
  1.8799015     1.5191567     0.8570324    -1.1105125
  1.9099367     0.6787522     0.6872736    -1.1064779
  1.9399719    -0.2243394     0.5517578    -1.1117216
  1.9700071    -1.1278083     0.4533288    -1.1221268
  2.0000423    -1.9673275     0.3881190    -1.1303549
  2.0300775    -2.6814666     0.3461558    -1.1262182
  2.0601127    -3.2164988     0.3127330    -1.0974835
  2.0901479    -3.5307011     0.2703761    -1.0310490
  2.1201831    -3.5977895     0.2011677    -0.9143885
  2.1502183    -3.4091933     0.0891540    -0.7371197
  2.1802535    -2.9749693    -0.0774523    -0.4925273
  2.2102887    -2.3232640    -0.3045298    -0.1788671
  2.2403239    -1.4983505    -0.5909734     0.1997114
  2.2703591    -0.5573856    -0.9284093     0.6327536
  2.3003943     0.4338641    -1.3017361     1.1036825
  2.3304295     1.4059898    -1.6904305     1.5906020
  2.3604647     2.2912103    -2.0704723     2.0676797
  2.3904999     3.0285202    -2.4166733     2.5070097
  2.4205351     3.5683077    -2.7051540     2.8807998
  2.4505703     3.8760711    -2.9156988     3.1636879
  2.4806055     3.9349354    -3.0337356     3.3349712
  2.5106407     3.7467724    -3.0517356     3.3805324
  2.5406759     3.3318357    -2.9698926     3.2942689
  2.5707111     2.7269459    -2.7960253     3.0788742
  2.6007463     1.9823810    -2.5447305     2.7458792
  2.6307815     1.1577287    -2.2358959     2.3149299
  2.6608167     0.3170447    -1.8927459     1.8123528
  2.6908519    -0.4762845    -1.5396398     1.2691276
  2.7208871    -1.1645535    -1.1998587     0.7184442
  2.7509223    -1.7002150    -0.8936099     0.1930648
  2.7809575    -2.0494609    -0.6364440    -0.2772691
  2.8109927    -2.1946204    -0.4382261    -0.6681487
  2.8410279    -2.1351925    -0.3027360    -0.9623174
  2.8710631    -1.8874421    -0.2278991    -1.1508360
  2.9010983    -1.4826132    -0.2065817    -1.2334924
  2.9311335    -0.9639278    -0.2278259    -1.2184289
  2.9611687    -0.3826408    -0.2783585    -1.1210355
  2.9912039     0.2064996    -0.3441888    -0.9622257
  3.0212391     0.7499914    -0.4121128    -0.7662712
  3.0512743     1.2001066    -0.4709643    -0.5584091
  3.0813095     1.5188234    -0.5124957    -0.3624561
  3.1113447     1.6808289    -0.5318202    -0.1986559
  3.1413799     1.6753496    -0.5274090    -0.0819606
  3.1714151     1.5066682    -0.5006844    -0.0208985
  3.2014503     1.1933051    -0.4553033    -0.0171203
  3.2314855     0.7659620    -0.3962496    -0.0656452
  3.2615207     0.2644344    -0.3288748    -0.1557602
  3.2915559    -0.2662122    -0.2580183    -0.2724620
  3.3215911    -0.7798423    -0.1873220    -0.3982780
  3.3516263    -1.2334398    -0.1188169    -0.5152728
  3.3816615    -1.5909042    -0.0528230    -0.6070315
  3.4116967    -1.8261156     0.0118483    -0.6604208
  3.4417319    -1.9250001     0.0774347    -0.6669553
  3.4717671    -1.8864253     0.1465905    -0.6236449
  3.5018023    -1.7218678     0.2216834    -0.5332498
  3.5318375    -1.4539085     0.3041317    -0.4039374
  3.5618727    -1.1137239     0.3938830    -0.2483895
  3.5919079    -0.7378310     0.4891159    -0.0824674
  3.6219431    -0.3644108     0.5862121     0.0764217
  3.6519783    -0.0295724     0.6800110     0.2110856
  3.6820135     0.2360846     0.7643170     0.3062587
  3.7120487     0.4102839     0.8325992     0.3500972
  3.7420839     0.4810036     0.8787930     0.3353212
  3.7721191     0.4473565     0.8981010     0.2599039
  3.8021543     0.3193572     0.8876894     0.1272566
  3.8321895     0.1166232     0.8471869    -0.0540877
  3.8622247    -0.1338393     0.7789178    -0.2712463
  3.8922599    -0.4005250     0.6878332    -0.5081235
  3.9222951    -0.6506949     0.5811406    -0.7467919
  3.9523303    -0.8536843     0.4676684    -0.9689834
  3.9823655    -0.9839248     0.3570347    -1.1575506
  4.0124007    -1.0233849     0.2587114    -1.2977727
  4.0424359    -0.9632005     0.1810896    -1.3784001
  4.0724711    -0.8043518     0.1306483    -1.3923674
  4.1025063    -0.5573440     0.1113207    -1.3371361
  4.1325415    -0.2409484     0.1241253    -1.2146683
  4.1625767     0.1198405     0.1671002    -1.0310634
  4.1926119     0.4964066     0.2355447    -0.7959181
  4.2226471     0.8593886     0.3225367    -0.5214883
  4.2526823     1.1815324     0.4196660    -0.2217389
  4.2827175     1.4402269     0.5178992     0.0886310
  4.3127527     1.6194742     0.6084809     0.3951121
  4.3427879     1.7111092     0.6837737     0.6841951
  4.3728231     1.7151677     0.7379501     0.9440252
  4.4028583     1.6393963     0.7674677     1.1648790
  4.4328935     1.4979854     0.7712863     1.3394610
  4.4629287     1.3096896     0.7508140     1.4630324
  4.4929639     1.0955588     0.7096021     1.5333956
  4.5229991     0.8765378     0.6528330     1.5507640
  4.5530343     0.6712029     0.5866662     1.5175481
  4.5830695     0.4938739     0.5175225     1.4380826
  4.6131047     0.3533009     0.4513855     1.3183178
  4.6431399     0.2520486     0.3931959     1.1654865
  4.6731751     0.1866259     0.3463993     0.9877550
  4.7032103     0.1483221     0.3126864     0.7938614
  4.7332455     0.1246340     0.2919431     0.5927401
  4.7632807     0.1011057     0.2824011     0.3931380
  4.7933159     0.0633595     0.2809604     0.2032259
  4.8233511    -0.0009196     0.2836351     0.0302207
  4.8533863    -0.1002720     0.2860669    -0.1199658
  4.8834215    -0.2382187     0.2840437    -0.2430255
  4.9134567    -0.4126188     0.2739661    -0.3364731
  4.9434919    -0.6156966     0.2532161    -0.3997607
  4.9735271    -0.8347291     0.2203939    -0.4342650
  5.0035623    -1.0533120     0.1754080    -0.4431351
  5.0335975    -1.2530576     0.1194222    -0.4310006
  5.0636327    -1.4155354     0.0546760    -0.4035535
  5.0936679    -1.5242386    -0.0157889    -0.3670343
  5.1237031    -1.5663637    -0.0884595    -0.3276621
  5.1537383    -1.5342133    -0.1596964    -0.2910625
  5.1837735    -1.4260753    -0.2260579    -0.2617484
  5.2138087    -1.2464928    -0.2845682    -0.2427085
  5.2438439    -1.0059049    -0.3329113    -0.2351505
  5.2738791    -0.7197073    -0.3695395    -0.2384303
  5.3039143    -0.4068416    -0.3936976    -0.2501811
  5.3339495    -0.0880684    -0.4053751    -0.2666342
  5.3639847     0.2158904    -0.4052042    -0.2831013
  5.3940199     0.4861486    -0.3943253    -0.2945691
  5.4240551     0.7072137    -0.3742437    -0.2963411
  5.4540903     0.8681591    -0.3466947    -0.2846562
  5.4841255     0.9633112    -0.3135331    -0.2572108
  5.5141607     0.9924082    -0.2766530    -0.2135229
  5.5441959     0.9602434    -0.2379384    -0.1550898
  5.5742311     0.8758626    -0.1992383    -0.0853168
  5.6042663     0.7514233    -0.1623563    -0.0092172
  5.6343015     0.6008586    -0.1290425     0.0670867
  5.6643367     0.4384942    -0.1009756     0.1370102
  5.6943719     0.2777656    -0.0797263     0.1942283
  5.7244071     0.1301570    -0.0666985     0.2333917
  5.7544423     0.0044520    -0.0630495     0.2507523
  5.7844775    -0.0936583    -0.0695958     0.2446237
  5.8145127    -0.1616076    -0.0867169     0.2156183
  5.8445479    -0.1996668    -0.1142711     0.1666273
  5.8745831    -0.2104102    -0.1515383     0.1025410
  5.9046183    -0.1980302    -0.1972033     0.0297339
  5.9346535    -0.1676040    -0.2493883    -0.0446284
  5.9646887    -0.1244117    -0.3057387    -0.1133858
  5.9947239    -0.0733848    -0.3635583    -0.1701915
  6.0247591    -0.0187400    -0.4199833    -0.2102364
  6.0547943     0.0361814    -0.4721813    -0.2308047
  6.0848295     0.0888791    -0.5175541    -0.2315906
  6.1148647     0.1375051    -0.5539237    -0.2147331
  6.1448999     0.1805827    -0.5796816    -0.1845603
  6.1749351     0.2167046    -0.5938858    -0.1470640
  6.2049703     0.2442836    -0.5962934    -0.1091623
  6.2350055     0.2614143    -0.5873275    -0.0778306
  6.2650407     0.2658867    -0.5679820    -0.0592005
  6.2950759     0.2553624    -0.5396757    -0.0577322
  6.3251111     0.2276978    -0.5040744    -0.0755587
  6.3551463     0.1813689    -0.4629017    -0.1120864
  6.3851815     0.1159340    -0.4177608    -0.1639038
  6.4152167     0.0324562    -0.3699890    -0.2250212
  6.4452519    -0.0661911    -0.3205595    -0.2874246
  6.4752871    -0.1752048    -0.2700435    -0.3418905
  6.5053223    -0.2879630    -0.2186326    -0.3789784
  6.5353575    -0.3963874    -0.1662186    -0.3900965
  6.5653927    -0.4915392    -0.1125178    -0.3685239
  6.5954279    -0.5644035    -0.0572227    -0.3102755
  6.6254631    -0.6067858    -0.0001601    -0.2147119
  6.6554983    -0.6122231     0.0585655    -0.0848203
  6.6855335    -0.5768063     0.1184634     0.0728703
  6.7155687    -0.4998107     0.1785967     0.2487409
  6.7456039    -0.3840484     0.2375818     0.4308591
  6.7756391    -0.2358853     0.2936477     0.6060081
  6.8056743    -0.0648971     0.3447507     0.7608637
  6.8357095     0.1168182     0.3887315     0.8832024
  6.8657447     0.2956171     0.4234998     0.9630191
  6.8957799     0.4574884     0.4472237     0.9934409
  6.9258151     0.5893169     0.4585061     0.9713486
  6.9558503     0.6801081     0.4565284     0.8976441
  6.9858855     0.7220464     0.4411467     0.7771439
  7.0159207     0.7112778     0.4129312     0.6181136
  7.0459559     0.6483314     0.3731470     0.4314969
  7.0759911     0.5381338     0.3236776     0.2299235
  7.1060263     0.3896096     0.2669021     0.0265979
  7.1360615     0.2149071     0.2055376    -0.1658158
  7.1660967     0.0283218     0.1424634    -0.3362051
  7.1961319    -0.1549730     0.0805442    -0.4758212
  7.2261671    -0.3202661     0.0224660    -0.5788230
  7.2562023    -0.4545866    -0.0294023    -0.6425137
  7.2862375    -0.5477994    -0.0731120    -0.6672669
  7.3162727    -0.5934161    -0.1072009    -0.6561723
  7.3463079    -0.5890511    -0.1307200    -0.6144574
  7.3763431    -0.5364914    -0.1432282    -0.5487658
  7.4063783    -0.4413867    -0.1447594    -0.4663801
  7.4364135    -0.3126052    -0.1357709    -0.3744811
  7.4664487    -0.1613327    -0.1170827    -0.2795196
  7.4964839    -0.0000134    -0.0898135    -0.1867634
  7.5265191     0.1587579    -0.0553198    -0.1000533
  7.5565543     0.3032835    -0.0151401    -0.0217734
  7.5865895     0.4236546     0.0290545     0.0469829
  7.6166247     0.5124146     0.0755065     0.1060981
  7.6466599     0.5649495     0.1224166     0.1560257
  7.6766951     0.5795918     0.1679910     0.1973671
  7.7067303     0.5574564     0.2104942     0.2304960
  7.7367655     0.5020531     0.2483085     0.2552893
  7.7668008     0.4187397     0.2799990     0.2710048
  7.7968360     0.3140887     0.3043814     0.2763224
  7.8268712     0.1952452     0.3205880     0.2695435
  7.8569064     0.0693414     0.3281239     0.2489174
  7.8869416    -0.0569784     0.3269063     0.2130457
  7.9169768    -0.1778918     0.3172822     0.1613046
  7.9470120    -0.2885803     0.3000158     0.0942177
  7.9770472    -0.3852699     0.2762469     0.0137206
  8.0070824    -0.4651618     0.2474178    -0.0767334
  8.0371176    -0.5262897     0.2151751    -0.1722520
  8.0671528    -0.5673527     0.1812529    -0.2667764
  8.0971880    -0.5875637     0.1473481    -0.3535248
  8.1272232    -0.5865496     0.1149987    -0.4255679
  8.1572584    -0.5643215     0.0854772    -0.4764753
  8.1872936    -0.5213209     0.0597102    -0.5009634
  8.2173288    -0.4585281     0.0382315    -0.4954701
  8.2473640    -0.3776076     0.0211731    -0.4585907
  8.2773992    -0.2810524     0.0082950    -0.3913217
  8.3074344    -0.1722888    -0.0009504    -0.2970795
  8.3374696    -0.0557037    -0.0073280    -0.1814861
  8.3675048     0.0634355    -0.0117130    -0.0519407
  8.3975400     0.1791832    -0.0149820     0.0829839
  8.4275752     0.2852377    -0.0179121     0.2142585
  8.4576104     0.3753660    -0.0211019     0.3331570
  8.4876456     0.4438929    -0.0249208     0.4319817
  8.5176808     0.4862087    -0.0294930     0.5046834
  8.5477160     0.4992390    -0.0347152     0.5473173
  8.5777512     0.4818215    -0.0403047     0.5582939
  8.6077864     0.4349400    -0.0458707     0.5384076
  8.6378216     0.3617800    -0.0509967     0.4906490
  8.6678568     0.2675880    -0.0553242     0.4198306
  8.6978920     0.1593335    -0.0586242     0.3320712
  8.7279272     0.0452005    -0.0608472     0.2342010
  8.7579624    -0.0660520    -0.0621452     0.1331494
  8.7879976    -0.1658020    -0.0628614     0.0353803
  8.8180328    -0.2462838    -0.0634894    -0.0535742
  8.8480680    -0.3012446    -0.0646080    -0.1294431
  8.8781032    -0.3264774    -0.0667988    -0.1893887
  8.9081384    -0.3201779    -0.0705590    -0.2320233
  8.9381736    -0.2830912    -0.0762211    -0.2572867
  8.9682088    -0.2184361    -0.0838905    -0.2662183
  8.9982440    -0.1316154    -0.0934109    -0.2606649
  9.0282792    -0.0297406    -0.1043620    -0.2429702
  9.0583144     0.0789814    -0.1160924    -0.2156870
  9.0883496     0.1859417    -0.1277841    -0.1813459
  9.1183848     0.2828382    -0.1385410    -0.1423029
  9.1484200     0.3623362    -0.1474920    -0.1006703
  9.1784552     0.4186233    -0.1538957    -0.0583236
  9.2084904     0.4478167    -0.1572332    -0.0169650
  9.2385256     0.4481911    -0.1572786     0.0217877
  9.2685608     0.4202204    -0.1541358     0.0563174
  9.2985960     0.3664378    -0.1482373     0.0849607
  9.3286312     0.2911407    -0.1403045     0.1060198
  9.3586664     0.1999726    -0.1312712     0.1178459
  9.3887016     0.0994297    -0.1221799     0.1189917
  9.4187368    -0.0036644    -0.1140617     0.1084165
  9.4487720    -0.1026680    -0.1078137     0.0857165
  9.4788072    -0.1915774    -0.1040864     0.0513422
  9.5088424    -0.2653979    -0.1031971     0.0067642
  9.5388776    -0.3204115    -0.1050761    -0.0454526
  9.5689128    -0.3543311    -0.1092554    -0.1016926
  9.5989480    -0.3663451    -0.1148995    -0.1574691
  9.6289832    -0.3570609    -0.1208781    -0.2077364
  9.6590184    -0.3283652    -0.1258713    -0.2473156
  9.6890536    -0.2832201    -0.1284979    -0.2713966
  9.7190888    -0.2254164    -0.1274536    -0.2760638
  9.7491240    -0.1593024    -0.1216447    -0.2587880
  9.7791592    -0.0895066    -0.1103040    -0.2188222
  9.8091944    -0.0206662    -0.0930775    -0.1574461
  9.8392296     0.0428280    -0.0700742    -0.0780193
  9.8692648     0.0970626    -0.0418740     0.0141800
  9.8993000     0.1388037    -0.0094943     0.1123297
  9.9293352     0.1656634     0.0256810     0.2086250
  9.9593704     0.1762271     0.0620017     0.2949786
  9.9894056     0.1701356     0.0976719     0.3637912
 10.0194408     0.1481142     0.1308779     0.4087149
 10.0494760     0.1119443     0.1599141     0.4253256
 10.0795112     0.0643727     0.1832944     0.4116290
 10.1095464     0.0089557     0.1998433     0.3683393
 10.1395816    -0.0501589     0.2087591     0.2988914
 10.1696168    -0.1085040     0.2096484     0.2091753
 10.1996520    -0.1616057     0.2025317     0.1070125
 10.2296872    -0.2053170     0.1878232     0.0014217
 10.2597224    -0.2361468     0.1662906    -0.0982547
 10.2897576    -0.2515570     0.1389987    -0.1832738
 10.3197928    -0.2501987     0.1072451    -0.2463681
 10.3498280    -0.2320625     0.0724918    -0.2824817
 10.3798632    -0.1985211     0.0362971    -0.2892846
 10.4098984    -0.1522536     0.0002513    -0.2674090
 10.4399336    -0.0970494    -0.0340833    -0.2203773
 10.4699688    -0.0375030    -0.0652282    -0.1542268
 10.5000040     0.0213783    -0.0918399    -0.0768680
 10.5300392     0.0746216    -0.1127587     0.0027572
 10.5600744     0.1177489    -0.1270551     0.0756284
 10.5901096     0.1472079    -0.1340727     0.1336093
 10.6201448     0.1607290    -0.1334676     0.1703156
 10.6501800     0.1575699    -0.1252404     0.1817951
 10.6802152     0.1386189    -0.1097567     0.1669449
 10.7102504     0.1063415    -0.0877529     0.1276199
 10.7402856     0.0645698    -0.0603222     0.0684201
 10.7703208     0.0181495    -0.0288769    -0.0038214
 10.8003560    -0.0275233     0.0049131    -0.0807939
 10.8303912    -0.0670335     0.0392080    -0.1536275
 10.8604264    -0.0954928     0.0721056    -0.2138726
 10.8904616    -0.1090479     0.1017649    -0.2544355
 10.9204968    -0.1052958     0.1265363    -0.2703667
 10.9505320    -0.0835621     0.1450885    -0.2594163
 10.9805672    -0.0450112     0.1565191    -0.2222943
 11.0106024     0.0074271     0.1604394    -0.1626084
 11.0406376     0.0693132     0.1570219    -0.0864845
 11.0706728     0.1351104     0.1470029    -0.0019110
 11.1007080     0.1987199     0.1316382     0.0821215
 11.1307432     0.2540825     0.1126100     0.1565929
 11.1607784     0.2957901     0.0918923     0.2134329
 11.1908136     0.3196428     0.0715836     0.2463996
 11.2208488     0.3230948     0.0537209     0.2517654
 11.2508840     0.3055415     0.0400912     0.2287330
 11.2809192     0.2684148     0.0320576     0.1795388
 11.3109544     0.2150744     0.0304185     0.1092330
 11.3409896     0.1505014     0.0353123     0.0251590
 11.3710248     0.0808218     0.0461810    -0.0638099
 11.4010600     0.0127056     0.0617968    -0.1481965
 11.4310952    -0.0473006     0.0803521    -0.2189076
 11.4611304    -0.0934418     0.0996079    -0.2681802
 11.4911656    -0.1213543     0.1170866    -0.2903866
 11.5212008    -0.1285380     0.1302945    -0.2826139
 11.5512360    -0.1146489     0.1369531    -0.2449590
 11.5812712    -0.0815813     0.1352174    -0.1805115
 11.6113064    -0.0333261     0.1238622    -0.0950292
 11.6413416     0.0243845     0.1024166     0.0036564
 11.6713768     0.0846132     0.0712336     0.1064396
 11.7014120     0.1398871     0.0314878     0.2038576
 11.7314472     0.1829342    -0.0149005     0.2870306
 11.7614824     0.2074167    -0.0654086     0.3485246
 11.7915176     0.2085885    -0.1171099     0.3830520
 11.8215528     0.1838108    -0.1669089     0.3879389
 11.8515880     0.1328717    -0.2117932     0.3633189
 11.8816232     0.0580771    -0.2490777     0.3120376
 11.9116584    -0.0359018    -0.2766192     0.2392883
 11.9416936    -0.1424123    -0.2929830     0.1520222
 11.9717288    -0.2534021    -0.2975444     0.0582030
 12.0017640    -0.3601449    -0.2905188    -0.0340135
 12.0317992    -0.4540416    -0.2729167    -0.1170847
 12.0618344    -0.5274206    -0.2464300    -0.1847905
 12.0918696    -0.5742574    -0.2132612    -0.2327734
 12.1219048    -0.5907447    -0.1759134    -0.2588612
 12.1519400    -0.5756531    -0.1369602    -0.2631464
 12.1819752    -0.5304465    -0.0988202    -0.2478238
 12.2120104    -0.4591379    -0.0635563    -0.2168151
 12.2420456    -0.3678959    -0.0327185    -0.1752288
 12.2720808    -0.2644410    -0.0072450    -0.1287232
 12.3021160    -0.1572863     0.0125715    -0.0828447
 12.3321512    -0.0549005     0.0270502    -0.0424166
 12.3621864     0.0351262     0.0370272    -0.0110426
 12.3922216     0.1068275     0.0437125     0.0092229
 12.4222568     0.1564418     0.0485123     0.0180097
 12.4522920     0.1827664     0.0528402     0.0165631
 12.4823272     0.1872463     0.0579345     0.0074882
 12.5123624     0.1737842     0.0647030    -0.0056563
 12.5423976     0.1482883     0.0736111    -0.0188631
 12.5724328     0.1179984     0.0846228    -0.0282184
 12.6024680     0.0906592     0.0972027    -0.0304173
 12.6325032     0.0736223     0.1103749    -0.0231930
 12.6625384     0.0729724     0.1228331    -0.0056141
 12.6925736     0.0927676     0.1330893     0.0217838
 12.7226088     0.1344801     0.1396429     0.0570414
 12.7526440     0.1967002     0.1411541     0.0969874
 12.7826792     0.2751435     0.1366006     0.1375902
 12.8127144     0.3629709     0.1254034     0.1744087
 12.8427496     0.4513963     0.1075067     0.2030890
 12.8727848     0.5305305     0.0834064     0.2198515
 12.9028200     0.5903796     0.0541237     0.2219153
 12.9328552     0.6219014     0.0211281     0.2078128
 12.9628904     0.6180116    -0.0137805     0.1775644
 12.9929256     0.5744356    -0.0486189     0.1326955
 13.0229608     0.4903128    -0.0813789     0.0760981
 13.0529960     0.3684853    -0.1101835     0.0117543
 13.0830312     0.2154290    -0.1334230    -0.0556450
 13.1130664     0.0408249    -0.1498608    -0.1211437
 13.1431016    -0.1431986    -0.1586993    -0.1799804
 13.1731368    -0.3230873    -0.1596034    -0.2280131
 13.2031720    -0.4850518    -0.1526835    -0.2620712
 13.2332072    -0.6163150    -0.1384429    -0.2801978
 13.2632424    -0.7062968    -0.1177007    -0.2817663
 13.2932776    -0.7476182    -0.0915009    -0.2674626
 13.3233128    -0.7368243    -0.0610218    -0.2391451
 13.3533480    -0.6747540    -0.0274937    -0.1996018
 13.3833832    -0.5665139     0.0078628    -0.1522373
 13.4134184    -0.4210567     0.0438763    -0.1007249
 13.4434536    -0.2504007     0.0794389    -0.0486640
 13.4734888    -0.0685652     0.1135009     0.0007240
 13.5035240     0.1096788     0.1450510     0.0448318
 13.5335592     0.2701204     0.1730926     0.0818164
 13.5635944     0.4003594     0.1966264     0.1106550
 13.5936296     0.4908740     0.2146486     0.1311110
 13.6236648     0.5358070     0.2261716     0.1436231
 13.6537000     0.5333965     0.2302715     0.1491381
 13.6837353     0.4860174     0.2261602     0.1489152
 13.7137705     0.3998339     0.2132780     0.1443263
 13.7438057     0.2841080     0.1913948     0.1366795
 13.7738409     0.1502367     0.1607080     0.1270834
 13.8038761     0.0106210     0.1219228     0.1163659
 13.8339113    -0.1225181     0.0762977     0.1050506
 13.8639465    -0.2382587     0.0256465     0.0933872
 13.8939817    -0.3279221    -0.0277141     0.0814239
 13.9240169    -0.3857564    -0.0810721     0.0691054
 13.9540521    -0.4092987    -0.1314801     0.0563769
 13.9840873    -0.3993948    -0.1759560     0.0432761
 14.0141225    -0.3598896    -0.2117095     0.0299956
 14.0441577    -0.2970336    -0.2363722     0.0169071
 14.0741929    -0.2186838    -0.2482107     0.0045414
 14.1042281    -0.1333908    -0.2462974    -0.0064729
 14.1342633    -0.0494767    -0.2306224    -0.0155007
 14.1642985     0.0257985    -0.2021298    -0.0220092
 14.1943337     0.0868945    -0.1626715    -0.0256756
 14.2243689     0.1304124    -0.1148804    -0.0264760
 14.2544041     0.1552452    -0.0619710    -0.0247386
 14.2844393     0.1624568    -0.0074857    -0.0211508
 14.3144745     0.1549194     0.0449908    -0.0167153
 14.3445097     0.1367645     0.0921213    -0.0126546
 14.3745449     0.1127236     0.1310830    -0.0102767
 14.4045801     0.0874435     0.1597838    -0.0108142
 14.4346153     0.0648615     0.1770095    -0.0152573
 14.4646505     0.0477142     0.1824863    -0.0242030
 14.4946857     0.0372361     0.1768547    -0.0377396
 14.5247209     0.0330799     0.1615589    -0.0553842
 14.5547561     0.0334597     0.1386661    -0.0760846
 14.5847913     0.0354940     0.1106346    -0.0982880
 14.6148265     0.0357001     0.0800593    -0.1200730
 14.6448617     0.0305723     0.0494195    -0.1393316
 14.6748969     0.0171696     0.0208577    -0.1539825
 14.7049321    -0.0063637    -0.0039888    -0.1621914
 14.7349673    -0.0404122    -0.0240879    -0.1625741
 14.7650025    -0.0836875    -0.0390361    -0.1543583
 14.7950377    -0.1332401    -0.0490084    -0.1374840
 14.8250729    -0.1846858    -0.0546444    -0.1126305
 14.8551081    -0.2326232    -0.0568892    -0.0811658
 14.8851433    -0.2711982    -0.0568107    -0.0450221
 14.9151785    -0.2947496    -0.0554209    -0.0065117
 14.9452137    -0.2984653    -0.0535224     0.0318964
 14.9752489    -0.2789729    -0.0516017     0.0678148
 15.0052841    -0.2347984    -0.0497818     0.0991623
 15.0353193    -0.1666413    -0.0478394     0.1243520
 15.0653545    -0.0774320    -0.0452820     0.1424184
 15.0953897     0.0278350    -0.0414737     0.1530737
 15.1254249     0.1424783    -0.0357897     0.1566841
 15.1554601     0.2586774    -0.0277771     0.1541745
 15.1854953     0.3681380    -0.0172962     0.1468716
 15.2155305     0.4628066    -0.0046223     0.1363078
 15.2455657     0.5355646     0.0095123     0.1240111
 15.2756009     0.5808352     0.0239435     0.1113076

PDF 1 in D(r) format
  r, PDF (RMC), PDF (Expt)
 CURVES
         186 ,           2
      0.0654509       -0.0518487       -0.0518487
      0.1309019       -0.1036974       -0.1036974
      0.1963528       -0.1555461       -0.1555461
      0.2618037       -0.2073949       -0.2073949
      0.3272547       -0.2592436       -0.2592436
      0.3927056       -0.3110923       -0.3110923
      0.4581565       -0.3629410       -0.3629410
      0.5236075       -0.4147897       -0.4147897
      0.5890584       -0.4666384       -0.4666384
      0.6545093       -0.5184872       -0.5184872
      0.7199603       -0.5703359       -0.5703359
      0.7854112       -0.6221846       -0.6221846
      0.8508621       -0.6740333       -0.6740333
      0.9163131       -0.7258820       -0.7258820
      0.9817640       -0.7777307       -0.7777307
      1.0472149       -0.8295794       -0.8295794
      1.1126659       -0.8814282       -0.8814282
      1.1781168       -0.9805423       -0.9332769
      1.2435677       -1.0352098       -0.8534496
      1.3090187       -1.0672697       -0.6131118
      1.3744696       -1.0457889       -0.2675095
      1.4399206       -0.9162095        0.1694371
      1.5053715       -0.6295871        0.6565243
      1.5708224       -0.1770493        1.1273298
      1.6362734        0.3985017        1.5020358
      1.7017243        1.0182352        1.7065797
      1.7671752        1.5885859        1.6929626
      1.8326262        2.0053152        1.4532894
      1.8980771        2.1472799        1.0222271
      1.9635280        1.8938677        0.4671657
      2.0289790        1.1886282       -0.1297703
      2.0944299        0.1212201       -0.6909222
      2.1598808       -1.0448289       -1.1570597
      2.2253318       -1.9572059       -1.4928737
      2.2907827       -2.3520419       -1.6848480
      2.3562336       -2.2147694       -1.7351978
      2.4216846       -1.7996199       -1.6560100
      2.4871355       -1.4691057       -1.4660184
      2.5525864       -1.4491691       -1.1899441
      2.6180374       -1.6723301       -0.8585565
      2.6834883       -1.8295075       -0.5073901
      2.7489392       -1.6005459       -0.1732126
      2.8143902       -0.8974972        0.1110648
      2.8798411        0.0578928        0.3213035
      2.9452920        0.8769330        0.4451695
      3.0107430        1.2568762        0.4824624
      3.0761939        1.1577937        0.4430559
      3.1416448        0.7860014        0.3435209
      3.2070958        0.4191724        0.2036099
      3.2725467        0.2198579        0.0433831
      3.3379976        0.1710166       -0.1187926
      3.4034486        0.1531188       -0.2675069
      3.4688995        0.0712798       -0.3910444
      3.5343504       -0.0772791       -0.4817000
      3.5998014       -0.2297376       -0.5356468
      3.6652523       -0.3242279       -0.5523286
      3.7307032       -0.3333300       -0.5334799
      3.7961542       -0.2483421       -0.4820485
      3.8616051       -0.0622304       -0.4013945
      3.9270560        0.2021905       -0.2950839
      3.9925070        0.4398282       -0.1673695
      4.0579579        0.4664101       -0.0241362
      4.1234088        0.1305568        0.1261923
      4.1888598       -0.5183058        0.2723982
      4.2543107       -1.1513057        0.4013251
      4.3197617       -1.2902163        0.4999057
      4.3852126       -0.6137076        0.5579204
      4.4506635        0.7594161        0.5706504
      4.5161145        2.2420094        0.5404934
      4.5815654        3.0812622        0.4768946
      4.6470163        2.8230104        0.3945010
      4.7124673        1.6226711        0.3100504
      4.7779182        0.1686239        0.2389058
      4.8433691       -0.7522129        0.1921862
      4.9088201       -0.7597700        0.1751535
      4.9742710       -0.1127599        0.1870475
      5.0397219        0.4894574        0.2221259
      5.1051729        0.3949257        0.2714185
      5.1706238       -0.5553765        0.3246760
      5.2360747       -1.9148132        0.3721221
      5.3015257       -2.9080676        0.4057974
      5.3669766       -2.9021660        0.4204222
      5.4324275       -1.7717456        0.4137823
      5.4978785        0.0482134        0.3866722
      5.5633294        1.8235491        0.3424457
      5.6287803        2.9191937        0.2862556
      5.6942313        3.1033639        0.2241078
      5.7596822        2.6029987        0.1618886
      5.8251331        1.9023203        0.1045309
      5.8905841        1.4137815        0.0554532
      5.9560350        1.2174597        0.0163396
      6.0214859        1.0302871       -0.0127492
      6.0869369        0.4375613       -0.0330101
      6.1523878       -0.7483919       -0.0463926
      6.2178387       -2.2463961       -0.0550755
      6.2832897       -3.3847232       -0.0610231
      6.3487406       -3.5030567       -0.0656874
      6.4141915       -2.4354409       -0.0698832
      6.4796425       -0.7211694       -0.0738326
      6.5450934        0.6651395       -0.0773422
      6.6105443        0.9368510       -0.0800461
      6.6759953        0.0509341       -0.0816346
      6.7414462       -1.2317195       -0.0819946
      6.8068971       -1.8776054       -0.0812235
      6.8723481       -1.3497267       -0.0795316
      6.9377990       -0.0393152       -0.0770901
      7.0032500        1.0024183       -0.0739047
      7.0687009        0.8734636       -0.0697680
      7.1341518       -0.4287672       -0.0643088
      7.1996028       -1.9149558       -0.0571109
      7.2650537       -2.2907782       -0.0478599
      7.3305046       -0.9393748       -0.0364748
      7.3959556        1.5438312       -0.0231996
      7.4614065        3.6961506       -0.0086339
      7.5268574        4.1838550        0.0063070
      7.5923084        2.7188190        0.0205123
      7.6577593        0.2193599        0.0328600
      7.7232102       -1.8846306        0.0424277
      7.7886612       -2.6533757        0.0486684
      7.8541121       -2.1847387        0.0514967
      7.9195630       -1.3322576        0.0512661
      7.9850140       -0.8849347        0.0486557
      8.0504649       -0.9097483        0.0445208
      8.1159158       -0.7882040        0.0397538
      8.1813668        0.1188155        0.0351810
      8.2468177        1.7709091        0.0314893
      8.3122686        3.3309935        0.0291696
      8.3777196        3.7582303        0.0284731
      8.4431705        2.6406529        0.0293933
      8.5086214        0.5863826        0.0316932
      8.5740724       -1.1603921        0.0349786
      8.6395233       -1.5934883        0.0387958
      8.7049742       -0.6363011        0.0427171
      8.7704252        0.8697811        0.0463866
      8.8358761        1.8424123        0.0495222
      8.9013270        1.7528738        0.0518944
      8.9667780        0.9295613        0.0533069
      9.0322289        0.1788367        0.0535976
      9.0976798        0.0746583        0.0526551
      9.1631308        0.5027960        0.0504400
      9.2285817        0.8044053        0.0469993
      9.2940326        0.3660871        0.0424687
      9.3594836       -0.8423039        0.0370656
      9.4249345       -2.2121657        0.0310740
      9.4903854       -2.9506849        0.0248209
      9.5558364       -2.6738067        0.0186461
      9.6212873       -1.6792247        0.0128694
      9.6867382       -0.7098011        0.0077661
      9.7521892       -0.4089207        0.0035531
      9.8176401       -0.8784201        0.0003809
      9.8830911       -1.6409027       -0.0016802
      9.9485420       -1.9966749       -0.0026672
     10.0139929       -1.4991786       -0.0027579
     10.0794439       -0.2304830       -0.0022864
     10.1448948        1.2686442       -0.0017177
     10.2103457        2.3263929       -0.0015722
     10.2757967        2.5051947       -0.0023167
     10.3412476        1.8073723       -0.0042560
     10.4066985        0.6438791       -0.0074601
     10.4721495       -0.3878912       -0.0117477
     10.5376004       -0.7998902       -0.0167238
     10.6030513       -0.4492363       -0.0218611
     10.6685023        0.3939678       -0.0266021
     10.7339532        1.1900280       -0.0304673
     10.7994041        1.4279791       -0.0331461
     10.8648551        0.9255044       -0.0345501
     10.9303060       -0.0505159       -0.0348108
     10.9957569       -0.9364093       -0.0342206
     11.0612079       -1.2207846       -0.0331368
     11.1266588       -0.7718205       -0.0318840
     11.1921097        0.0779017       -0.0306890
     11.2575607        0.7527123       -0.0296615
     11.3230116        0.8129370       -0.0288136
     11.3884625        0.2322136       -0.0280945
     11.4539135       -0.6106792       -0.0274248
     11.5193644       -1.2024267       -0.0267245
     11.5848153       -1.2241502       -0.0259412
     11.6502663       -0.7129084       -0.0250773
     11.7157172        0.0270366       -0.0242068
     11.7811681        0.6594841       -0.0234649
     11.8466191        1.0095221       -0.0230042
     11.9120700        1.0945278       -0.0229319
     11.9775209        1.0194633       -0.0232586
     12.0429719        0.8598163       -0.0238866
     12.1084228        0.6321914       -0.0246458
     12.1738737        0.3489226       -0.0253574

 Total S(Q)'s: Comparison with input data

   494  2 are NQ and NPAR

       Q      S(Q)_RMC  S(Q)_Expt
      0.4682470     -1.2009561     -0.8809821
      0.4982822     -1.0543591     -0.8353799
      0.5283174     -0.9176031     -0.7908817
      0.5583526     -0.8062969     -0.7502589
      0.5883878     -0.7315977     -0.7156275
      0.6184230     -0.6993209     -0.6882954
      0.6484582     -0.7096811     -0.6687016
      0.6784934     -0.7576667     -0.6564458
      0.7085286     -0.8339759     -0.6503999
      0.7385638     -0.9263888     -0.6488810
      0.7685990     -1.0213993     -0.6498639
      0.7986342     -1.1059131     -0.6512066
      0.8286694     -1.1688128     -0.6508616
      0.8587046     -1.2022164     -0.6470522
      0.8887398     -1.2022937     -0.6383975
      0.9187750     -1.1695617     -0.6239781
      0.9488102     -1.1086419     -0.6033411
      0.9788454     -1.0275237     -0.5764539
      1.0088806     -0.9364373     -0.5436172
      1.0389158     -0.8464773     -0.5053587
      1.0689510     -0.7681488     -0.4623219
      1.0989862     -0.7100075     -0.4151711
      1.1290214     -0.6775552     -0.3645248
      1.1590566     -0.6725154     -0.3109251
      1.1890918     -0.6925709     -0.2548479
      1.2191270     -0.7315870     -0.1967458
      1.2491622     -0.7802919     -0.1371166
      1.2791974     -0.8273305     -0.0765815
      1.3092326     -0.8605702     -0.0159572
      1.3392678     -0.8685094      0.0436936
      1.3693030     -0.8416296      0.1010462
      1.3993382     -0.7735447      0.1545403
      1.4293734     -0.6618211      0.2024520
      1.4594086     -0.5083841      0.2430055
      1.4894438     -0.3194724      0.2745150
      1.5194790     -0.1051491      0.2955414
      1.5495142      0.1215724      0.3050448
      1.5795494      0.3458927      0.3025147
      1.6095846      0.5525564      0.2880600
      1.6396198      0.7272139      0.2624453
      1.6696550      0.8576778      0.2270677
      1.6996902      0.9349578      0.1838712
      1.7297254      0.9539821      0.1352084
      1.7597606      0.9139512      0.0836592
      1.7897958      0.8183066      0.0318282
      1.8198311      0.6743389     -0.0178609
      1.8498663      0.4924909     -0.0633507
      1.8799015      0.2854364     -0.1030968
      1.9099367      0.0670336     -0.1361606
      1.9399719     -0.1487482     -0.1622380
      1.9700071     -0.3488330     -0.1816250
      2.0000423     -0.5218972     -0.1951234
      2.0300775     -0.6590244     -0.2038991
      2.0601127     -0.7541269     -0.2093126
      2.0901479     -0.8041276     -0.2127389
      2.1201831     -0.8089172     -0.2154001
      2.1502183     -0.7711223     -0.2182287
      2.1802535     -0.6957274     -0.2217767
      2.2102887     -0.5896004     -0.2261791
      2.2403239     -0.4609676     -0.2311747
      2.2703591     -0.3188779     -0.2361790
      2.3003943     -0.1726860     -0.2403979
      2.3304295     -0.0315740     -0.2429669
      2.3604647      0.0958798     -0.2430976
      2.3904999      0.2020810     -0.2402113
      2.4205351      0.2807505     -0.2340443
      2.4505703      0.3272062     -0.2247104
      2.4806055      0.3385929     -0.2127141
      2.5106407      0.3140529     -0.1989119
      2.5406759      0.2548220     -0.1844288
      2.5707111      0.1642361     -0.1705386
      2.6007463      0.0476260     -0.1585243
      2.6307815     -0.0879114     -0.1495357
      2.6608167     -0.2338766     -0.1444610
      2.6908519     -0.3808614     -0.1438285
      2.7208871     -0.5191549     -0.1477497
      2.7509223     -0.6394286     -0.1559098
      2.7809575     -0.7334527     -0.1676070
      2.8109927     -0.7947819     -0.1818339
      2.8410279     -0.8193471     -0.1973920
      2.8710631     -0.8058864     -0.2130239
      2.9010983     -0.7561602     -0.2275478
      2.9311335     -0.6749093     -0.2399788
      2.9611687     -0.5695412     -0.2496223
      2.9912039     -0.4495519     -0.2561292
      3.0212391     -0.3257235     -0.2595090
      3.0512743     -0.2091619     -0.2600993
      3.0813095     -0.1102600     -0.2584976
      3.1113447     -0.0376888     -0.2554649
      3.1413799      0.0024840     -0.2518150
      3.1714151      0.0074494     -0.2483016
      3.2014503     -0.0219895     -0.2455192
      3.2314855     -0.0814132     -0.2438291
      3.2615207     -0.1631483     -0.2433180
      3.2915559     -0.2569693     -0.2437941
      3.3215911     -0.3510830     -0.2448194
      3.3516263     -0.4333010     -0.2457734
      3.3816615     -0.4922859     -0.2459376
      3.4116967     -0.5187451     -0.2445913
      3.4417319     -0.5064478     -0.2411041
      3.4717671     -0.4529548     -0.2350145
      3.5018023     -0.3599806     -0.2260850
      3.5318375     -0.2333403     -0.2143259
      3.5618727     -0.0824807     -0.1999873
      3.5919079      0.0803673     -0.1835203
      3.6219431      0.2413320     -0.1655127
      3.6519783      0.3862309     -0.1466095
      3.6820135      0.5019536     -0.1274279
      3.7120487      0.5777588     -0.1084774
      3.7420839      0.6063556     -0.0900969
      3.7721191      0.5846572     -0.0724151
      3.8021543      0.5141328     -0.0553386
      3.8321895      0.4007208     -0.0385708
      3.8622247      0.2543126     -0.0216560
      3.8922599      0.0878601     -0.0040442
      3.9222951     -0.0838037      0.0148323
      3.9523303     -0.2453128      0.0354803
      3.9823655     -0.3821507      0.0582756
      4.0124007     -0.4819335      0.0834091
      4.0424359     -0.5354718      0.1108557
      4.0724711     -0.5375123      0.1403699
      4.1025063     -0.4870988      0.1715067
      4.1325415     -0.3875275      0.2036657
      4.1625767     -0.2459176      0.2361513
      4.1926119     -0.0724501      0.2682420
      4.2226471      0.1206337      0.2992587
      4.2526823      0.3201702      0.3286253
      4.2827175      0.5132285      0.3559124
      4.3127527      0.6881715      0.3808621
      4.3427879      0.8355258      0.4033889
      4.3728231      0.9485875      0.4235605
      4.4028583      1.0237245      0.4415595
      4.4328935      1.0603672      0.4576347
      4.4629287      1.0607135      0.4720460
      4.4929639      1.0292027      0.4850130
      4.5229991      0.9718315      0.4966720
      4.5530343      0.8953977      0.5070482
      4.5830695      0.8067582      0.5160447
      4.6131047      0.7121772      0.5234505
      4.6431399      0.6168280      0.5289637
      4.6731751      0.5244842      0.5322280
      4.7032103      0.4374153      0.5328759
      4.7332455      0.3564751      0.5305719
      4.7632807      0.2813502      0.5250522
      4.7933159      0.2109196      0.5161525
      4.8233511      0.1436692      0.5038246
      4.8533863      0.0781001      0.4881365
      4.8834215      0.0130812      0.4692600
      4.9134567     -0.0518979      0.4474473
      4.9434919     -0.1165955      0.4230007
      4.9735271     -0.1800167      0.3962407
      5.0035623     -0.2405297      0.3674775
      5.0335975     -0.2960765      0.3369910
      5.0636327     -0.3444395      0.3050203
      5.0936679     -0.3835264      0.2717658
      5.1237031     -0.4116309      0.2374032
      5.1537383     -0.4276379      0.2021041
      5.1837735     -0.4311484      0.1660632
      5.2138087     -0.4225138      0.1295241
      5.2438439     -0.4027813      0.0927995
      5.2738791     -0.3735656      0.0562828
      5.3039143     -0.3368684      0.0204460
      5.3339495     -0.2948769     -0.0141756
      5.3639847     -0.2497669     -0.0470122
      5.3940199     -0.2035405     -0.0774988
      5.4240551     -0.1579129     -0.1051201
      5.4540903     -0.1142620     -0.1294559
      5.4841255     -0.0736354     -0.1502217
      5.5141607     -0.0368086     -0.1672978
      5.5441959     -0.0043732     -0.1807435
      5.5742311      0.0231647     -0.1907939
      5.6042663      0.0453002     -0.1978390
      5.6343015      0.0614784     -0.2023863
      5.6643367      0.0710886     -0.2050119
      5.6943719      0.0735100     -0.2063054
      5.7244071      0.0682019     -0.2068142
      5.7544423      0.0548263     -0.2069954
      5.7844775      0.0333807     -0.2071788
      5.8145127      0.0043175     -0.2075472
      5.8445479     -0.0313751     -0.2081351
      5.8745831     -0.0721511     -0.2088459
      5.9046183     -0.1159568     -0.2094847
      5.9346535     -0.1603561     -0.2098025
      5.9646887     -0.2027234     -0.2095463
      5.9947239     -0.2404861     -0.2085065
      6.0247591     -0.2713878     -0.2065585
      6.0547943     -0.2937408     -0.2036891
      6.0848295     -0.3066336     -0.2000080
      6.1148647     -0.3100617     -0.1957393
      6.1448999     -0.3049588     -0.1911972
      6.1749351     -0.2931175     -0.1867468
      6.2049703     -0.2769993     -0.1827563
      6.2350055     -0.2594520     -0.1795465
      6.2650407     -0.2433611     -0.1773447
      6.2950759     -0.2312748     -0.1762482
      6.3251111     -0.2250480     -0.1762040
      6.3551463     -0.2255481     -0.1770060
      6.3851815     -0.2324642     -0.1783110
      6.4152167     -0.2442480     -0.1796724
      6.4452519     -0.2582021     -0.1805864
      6.4752871     -0.2707142     -0.1805461
      6.5053223     -0.2776187     -0.1790957
      6.5353575     -0.2746495     -0.1758805
      6.5653927     -0.2579407     -0.1706829
      6.5954279     -0.2245164     -0.1634438
      6.6254631     -0.1727190     -0.1542645
      6.6554983     -0.1025217     -0.1433897
      6.6855335     -0.0156882     -0.1311748
      6.7155687      0.0842453     -0.1180399
      6.7456039      0.1921706     -0.1044188
      6.7756391      0.3017769     -0.0907076
      6.8056743      0.4060552     -0.0772203
      6.8357095      0.4978908     -0.0641568
      6.8657447      0.5706858     -0.0515868
      6.8957799      0.6189499     -0.0394526
      6.9258151      0.6388015     -0.0275879
      6.9558503      0.6283283     -0.0157526
      6.9858855      0.5877729     -0.0036765
      7.0159207      0.5195262      0.0088924
      7.0459559      0.4279304      0.0221420
      7.0759911      0.3189137      0.0361586
      7.1060263      0.1994951      0.0509023
      7.1360615      0.0772080      0.0661994
      7.1660967     -0.0404992      0.0817513
      7.1961319     -0.1468293      0.0971603
      7.2261671     -0.2361178      0.1119681
      7.2562023     -0.3041901      0.1257019
      7.2862375     -0.3485674      0.1379239
      7.3162727     -0.3685143      0.1482756
      7.3463079     -0.3649341      0.1565139
      7.3763431     -0.3401364      0.1625337
      7.4063783     -0.2975106      0.1663737
      7.4364135     -0.2411467      0.1682075
      7.4664487     -0.1754471      0.1683185
      7.4964839     -0.1047688      0.1670645
      7.5265191     -0.0331288      0.1648363
      7.5565543      0.0360057      0.1620143
      7.5865895      0.0998342      0.1589306
      7.6166247      0.1562492      0.1558397
      7.6466599      0.2037869      0.1529013
      7.6766951      0.2415253      0.1501777
      7.7067303      0.2689566      0.1476442
      7.7367655      0.2858604      0.1452109
      7.7668008      0.2922028      0.1427525
      7.7968360      0.2880771      0.1401410
      7.8268712      0.2736942      0.1372768
      7.8569064      0.2494214      0.1341139
      7.8869416      0.2158569      0.1306748
      7.9169768      0.1739238      0.1270546
      7.9470120      0.1249584      0.1234117
      7.9770472      0.0707725      0.1199493
      8.0070824      0.0136656      0.1168879
      8.0371176     -0.0436240      0.1144344
      8.0671528     -0.0980372      0.1127515
      8.0971880     -0.1463765      0.1119330
      8.1272232     -0.1855388      0.1119867
      8.1572584     -0.2127767      0.1128290
      8.1872936     -0.2259606      0.1142917
      8.2173288     -0.2238114      0.1161401
      8.2473640     -0.2060741      0.1180994
      8.2773992     -0.1736093      0.1198871
      8.3074344     -0.1283867      0.1212461
      8.3374696     -0.0733753      0.1219745
      8.3675048     -0.0123366      0.1219473
      8.3975400      0.0504624      0.1211285
      8.4275752      0.1105897      0.1195703
      8.4576104      0.1638102      0.1174010
      8.4876456      0.2064334      0.1148026
      8.5176808      0.2356126      0.1119809
      8.5477160      0.2495668      0.1091333
      8.5777512      0.2477047      0.1064180
      8.6077864      0.2306397      0.1039288
      8.6378216      0.2000974      0.1016797
      8.6678568      0.1587274      0.0996009
      8.6978920      0.1098417      0.0975469
      8.7279272      0.0571070      0.0953156
      8.7579624      0.0042239      0.0926765
      8.7879976     -0.0453755      0.0894023
      8.8180328     -0.0887838      0.0853025
      8.8480680     -0.1238067      0.0802504
      8.8781032     -0.1490707      0.0742040
      8.9081384     -0.1640463      0.0672138
      8.9381736     -0.1689941      0.0594198
      8.9682088     -0.1648462      0.0510347
      8.9982440     -0.1530445      0.0423189
      9.0282792     -0.1353564      0.0335471
      9.0583144     -0.1136925      0.0249744
      9.0883496     -0.0899443      0.0168039
      9.1183848     -0.0658569      0.0091618
      9.1484200     -0.0429451      0.0020834
      9.1784552     -0.0224525     -0.0044889
      9.2084904     -0.0053489     -0.0106938
      9.2385256      0.0076446     -0.0167279
      9.2685608      0.0160173     -0.0228135
      9.2985960      0.0194305     -0.0291626
      9.3286312      0.0176910     -0.0359411
      9.3586664      0.0107458     -0.0432380
      9.3887016     -0.0013004     -0.0510457
      9.4187368     -0.0181472     -0.0592521
      9.4487720     -0.0392481     -0.0676471
      9.4788072     -0.0637613     -0.0759436
      9.5088424     -0.0905145     -0.0838088
      9.5388776     -0.1179993     -0.0909034
      9.5689128     -0.1444063     -0.0969230
      9.5989480     -0.1677073     -0.1016368
      9.6289832     -0.1857837     -0.1049170
      9.6590184     -0.1965960     -0.1067572
      9.6890536     -0.1983777     -0.1072751
      9.7190888     -0.1898354     -0.1066994
      9.7491240     -0.1703311     -0.1053436
      9.7791592     -0.1400227     -0.1035675
      9.8091944     -0.0999422     -0.1017343
      9.8392296     -0.0519937     -0.1001650
      9.8692648      0.0011345     -0.0991002
      9.8993000      0.0561450     -0.0986708
      9.9293352      0.1093796     -0.0988830
      9.9593704      0.1571221     -0.0996203
      9.9894056      0.1959261     -0.1006607
     10.0194408      0.2229354     -0.1017085
     10.0494760      0.2361633     -0.1024352
     10.0795112      0.2346993     -0.1025258
     10.1095464      0.2188192     -0.1017229
     10.1395816      0.1899826     -0.0998640
     10.1696168      0.1507154     -0.0969060
     10.1996520      0.1043852     -0.0929346
     10.2296872      0.0548913     -0.0881560
     10.2597224      0.0062984     -0.0828730
     10.2897576     -0.0375471     -0.0774479
     10.3197928     -0.0733802     -0.0722562
     10.3498280     -0.0988203     -0.0676389
     10.3798632     -0.1125819     -0.0638575
     10.4098984     -0.1145722     -0.0610593
     10.4399336     -0.1058619     -0.0592561
     10.4699688     -0.0885356     -0.0583206
     10.5000040     -0.0654364     -0.0580002
     10.5300392     -0.0398332     -0.0579467
     10.5600744     -0.0150469     -0.0577586
     10.5901096      0.0059216     -0.0570299
     10.6201448      0.0207234     -0.0554000
     10.6501800      0.0279139     -0.0525981
     10.6802152      0.0270996     -0.0484752
     10.7102504      0.0189633     -0.0430222
     10.7402856      0.0051643     -0.0363690
     10.7703208     -0.0118741     -0.0287665
     10.8003560     -0.0292639     -0.0205535
     10.8303912     -0.0440078     -0.0121127
     10.8604264     -0.0533657     -0.0038211
     10.8904616     -0.0551940      0.0039968
     10.9204968     -0.0482164      0.0111098
     10.9505320     -0.0321966      0.0174070
     10.9805672     -0.0079909      0.0229085
     11.0106024      0.0225247      0.0277584
     11.0406376      0.0566456      0.0322013
     11.0706728      0.0911287      0.0365451
     11.1007080      0.1225469      0.0411148
     11.1307432      0.1476713      0.0462050
     11.1607784      0.1638359      0.0520350
     11.1908136      0.1692455      0.0587151
     11.2208488      0.1631915      0.0662270
     11.2508840      0.1461490      0.0744211
     11.2809192      0.1197467      0.0830322
     11.3109544      0.0866071      0.0917103
     11.3409896      0.0500782      0.1000627
     11.3710248      0.0138812      0.1077025
     11.4010600     -0.0182863      0.1142962
     11.4310952     -0.0431488      0.1196045
     11.4611304     -0.0582104      0.1235106
     11.4911656     -0.0620327      0.1260319
     11.5212008     -0.0544021      0.1273149
     11.5512360     -0.0363681      0.1276111
     11.5812712     -0.0101480      0.1272407
     11.6113064      0.0210925      0.1265464
     11.6413416      0.0535608      0.1258436
     11.6713768      0.0832266      0.1253764
     11.7014120      0.1062385      0.1252817
     11.7314472      0.1193248      0.1255697
     11.7614824      0.1201364      0.1261213
     11.7915176      0.1074968      0.1267043
     11.8215528      0.0815329      0.1270062
     11.8515880      0.0436743      0.1266781
     11.8816232     -0.0034785      0.1253858
     11.9116584     -0.0564027      0.1228592
     11.9416936     -0.1109926      0.1189349
     11.9717288     -0.1629533      0.1135844
     12.0017640     -0.2082094      0.1069252
     12.0317992     -0.2432868      0.0992118
     12.0618344     -0.2656287      0.0908080
     12.0918696     -0.2738155      0.0821444
     12.1219048     -0.2676683      0.0736650
     12.1519400     -0.2482269      0.0657713
     12.1819752     -0.2176086      0.0587713
     12.2120104     -0.1787639      0.0528393
     12.2420456     -0.1351565      0.0479932
     12.2720808     -0.0904034      0.0440929
     12.3021160     -0.0479119      0.0408585
     12.3321512     -0.0105516      0.0379094
     12.3621864      0.0196055      0.0348161
     12.3922216      0.0414512      0.0311606
     12.4222568      0.0548994      0.0265959
     12.4522920      0.0608328      0.0208978
     12.4823272      0.0609461      0.0139999
     12.5123624      0.0575057      0.0060094
     12.5423976      0.0530525     -0.0028009
     12.5724328      0.0500814     -0.0120234
     12.6024680      0.0507322     -0.0211648
     12.6325032      0.0565245     -0.0297089
     12.6625384      0.0681655     -0.0371832
     12.6925736      0.0854492     -0.0432223
     12.7226088      0.1072582     -0.0476179
     12.7526440      0.1316662     -0.0503499
     12.7826792      0.1561318     -0.0515929
     12.8127144      0.1777603     -0.0516974
     12.8427496      0.1936096     -0.0511467
     12.8727848      0.2010062     -0.0504961
     12.9028200      0.1978405     -0.0503003
     12.9328552      0.1828115     -0.0510403
     12.9628904      0.1555968     -0.0530574
     12.9929256      0.1169307     -0.0565047
     13.0229608      0.0685833     -0.0613231
     13.0529960      0.0132431     -0.0672441
     13.0830312     -0.0456864     -0.0738209
     13.1130664     -0.1043564     -0.0804842
     13.1431016     -0.1587828     -0.0866151
     13.1731368     -0.2051700     -0.0916273
     13.2031720     -0.2402178     -0.0950459
     13.2332072     -0.2613853     -0.0965738
     13.2632424     -0.2670900     -0.0961365
     13.2932776     -0.2568269     -0.0938970
     13.3233128     -0.2311980     -0.0902408
     13.3533480     -0.1918549     -0.0857296
     13.3833832     -0.1413599     -0.0810300
     13.4134184     -0.0829814     -0.0768270
     13.4434536     -0.0204428     -0.0737312
     13.4734888      0.0423535     -0.0721940
     13.5035240      0.1016037     -0.0724406
     13.5335592      0.1538592     -0.0744319
     13.5635944      0.1962456     -0.0778596
     13.5936296      0.2266276     -0.0821784
     13.6236648      0.2437123     -0.0866700
     13.6537000      0.2470878     -0.0905334
     13.6837353      0.2371982     -0.0929892
     13.7137705      0.2152630     -0.0933859
     13.7438057      0.1831507     -0.0912929
     13.7738409      0.1432197     -0.0865688
     13.8038761      0.0981408     -0.0793936
     13.8339113      0.0507142     -0.0702608
     13.8639465      0.0036941     -0.0599279
     13.8939817     -0.0403682     -0.0493296
     13.9240169     -0.0792564     -0.0394657
     13.9540521     -0.1111897     -0.0312743
     13.9840873     -0.1348904     -0.0255091
     14.0141225     -0.1496176     -0.0226349
     14.0441577     -0.1551698     -0.0227562
     14.0741929     -0.1518585     -0.0255906
     14.1042281     -0.1404579     -0.0304900
     14.1342633     -0.1221345     -0.0365115
     14.1642985     -0.0983623     -0.0425291
     14.1943337     -0.0708278     -0.0473748
     14.2243689     -0.0413291     -0.0499907
     14.2544041     -0.0116755     -0.0495757
     14.2844393      0.0164099     -0.0457041
     14.3144745      0.0413797     -0.0384023
     14.3445097      0.0619386     -0.0281712
     14.3745449      0.0771052     -0.0159469
     14.4045801      0.0862538     -0.0030037
     14.4346153      0.0891356      0.0091924
     14.4646505      0.0858770      0.0191638
     14.4946857      0.0769555      0.0256147
     14.5247209      0.0631557      0.0276121
     14.5547561      0.0455070      0.0247339
     14.5847913      0.0252085      0.0171612
     14.6148265      0.0035465      0.0057010
     14.6448617     -0.0181883     -0.0082686
     14.6748969     -0.0387790     -0.0229281
     14.7049321     -0.0571492     -0.0362125
     14.7349673     -0.0724135     -0.0460528
     14.7650025     -0.0839093     -0.0506385
     14.7950377     -0.0912089     -0.0486716
     14.8250729     -0.0941120     -0.0395841
     14.8551081     -0.0926232     -0.0236893
     14.8851433     -0.0869187     -0.0022481
     14.9151785     -0.0773072      0.0225623
     14.9452137     -0.0641924      0.0477812
     14.9752489     -0.0480409      0.0698883
     15.0052841     -0.0293614      0.0851008
     15.0353193     -0.0086951      0.0897155
     15.0653545      0.0133802      0.0804647
     15.0953897      0.0362378      0.0548477
     15.1254249      0.0591838      0.0114055
     15.1554601      0.0814407     -0.0500910
     15.1854953      0.1021389     -0.1285603
     15.2155305      0.1203220     -0.2216477
     15.2455657      0.1349719     -0.3258789
     15.2756009      0.1450558     -0.4369178
