Time       moves_acc moves_gen     G(r)_1     S(Q)_1
h/m/s/.th    WEIGHT PARAMETERS   0.100E+01  0.100E+01
125331.818       37161      445807  0.224E-01  0.102E+01
125343.818       76567      905614  0.229E-01  0.102E+01
125355.818      111179     1341815  0.237E-01  0.101E+01
125407.818      137779     1690382  0.230E-01  0.101E+01
125419.820      162739     2038959  0.227E-01  0.101E+01
125431.820      191026     2395225  0.223E-01  0.101E+01
125443.818      221209     2785097  0.225E-01  0.101E+01
125455.818      248101     3148999  0.229E-01  0.101E+01
125507.818      277453     3544224  0.258E-01  0.101E+01
125519.818      305230     3917540  0.232E-01  0.101E+01
125531.818      334183     4309303  0.234E-01  0.101E+01
125543.818      365649     4707196  0.239E-01  0.101E+01
125555.818      394975     5103625  0.250E-01  0.101E+01
125607.818      424990     5501486  0.227E-01  0.101E+01
125619.818      454502     5897533  0.259E-01  0.101E+01
125631.818      485772     6290507  0.240E-01  0.101E+01
125643.818      517818     6685522  0.243E-01  0.101E+01
125655.818      545809     7080649  0.243E-01  0.101E+01
125707.818      574435     7476662  0.238E-01  0.101E+01
125719.818      602055     7871314  0.233E-01  0.101E+01
125731.818      631285     8267208  0.229E-01  0.101E+01
125743.818      658805     8664807  0.242E-01  0.101E+01
125755.818      686151     9061527  0.246E-01  0.101E+01
125807.818      714585     9458892  0.234E-01  0.101E+01
125819.818      742097     9856353  0.247E-01  0.101E+01
125831.818      770622    10257060  0.236E-01  0.101E+01
125843.818      798467    10653680  0.241E-01  0.101E+01
125855.818      829539    11051205  0.227E-01  0.101E+01
125907.818      858018    11447628  0.229E-01  0.101E+01
125919.818      884988    11841981  0.229E-01  0.101E+01
125931.818      914421    12238866  0.219E-01  0.101E+01
125943.818      942652    12638086  0.231E-01  0.101E+01
125955.818      970925    13036951  0.238E-01  0.101E+01
130007.818      999773    13435790  0.223E-01  0.101E+01
130019.818     1028031    13831336  0.223E-01  0.101E+01
130031.818     1055166    14229554  0.223E-01  0.101E+01
130043.818     1082089    14626599  0.250E-01  0.101E+01
130055.818     1109789    15023166  0.245E-01  0.101E+01
130107.818     1138710    15422000  0.341E-01  0.149E+01
130119.818     1167110    15817261  0.239E-01  0.101E+01
130131.818     1195586    16215551  0.242E-01  0.101E+01
130143.818     1223286    16614947  0.222E-01  0.101E+01
130155.818     1253595    17015568  0.216E-01  0.101E+01
130207.818     1280941    17413127  0.235E-01  0.101E+01
130219.818     1309237    17809876  0.254E-01  0.101E+01
130231.818     1338147    18208079  0.262E-01  0.101E+01
130243.818     1366498    18602290  0.236E-01  0.101E+01
130255.818     1397861    18999030  0.249E-01  0.101E+01
130307.818     1425106    19395582  0.242E-01  0.101E+01
130319.818     1453866    19792546  0.235E-01  0.101E+01
130331.818     1482742    20189888  0.241E-01  0.101E+01
130343.818     1513046    20585884  0.243E-01  0.101E+01
130355.818     1543614    20982957  0.233E-01  0.101E+01
130407.818     1570931    21380295  0.230E-01  0.101E+01
130419.818     1598723    21776055  0.218E-01  0.101E+01
130431.818     1626050    22172372  0.223E-01  0.101E+01
130443.818     1654858    22569206  0.240E-01  0.101E+01
130455.818     1684963    22966083  0.228E-01  0.101E+01
130507.818     1713875    23362203  0.242E-01  0.101E+01
130519.818     1743448    23803207  0.221E-01  0.101E+01
130531.818     1777492    24299185  0.221E-01  0.101E+01
130543.818     1814335    24797871  0.244E-01  0.101E+01
130555.818     1842206    25197386  0.229E-01  0.101E+01
130607.818     1870721    25595337  0.233E-01  0.101E+01
130619.818     1898653    25992559  0.235E-01  0.101E+01
130631.818     1925987    26390531  0.232E-01  0.101E+01
130643.818     1952961    26791636  0.243E-01  0.101E+01
130655.818     1982819    27188639  0.217E-01  0.101E+01
130707.818     2013445    27586454  0.217E-01  0.101E+01
130719.818     2042394    27983004  0.238E-01  0.101E+01
130731.818     2071029    28381009  0.243E-01  0.101E+01
130743.818     2098748    28780758  0.236E-01  0.101E+01
130755.818     2126801    29178687  0.230E-01  0.101E+01
130807.818     2154255    29581030  0.244E-01  0.101E+01
130819.818     2181236    29978655  0.225E-01  0.101E+01
130831.818     2208300    30375582  0.234E-01  0.101E+01
130843.818     2236320    30774987  0.236E-01  0.101E+01
130855.818     2263930    31173141  0.228E-01  0.101E+01
130907.818     2292698    31572562  0.219E-01  0.101E+01
130919.818     2320691    31969297  0.224E-01  0.101E+01
130931.818     2350724    32369063  0.232E-01  0.101E+01
130943.818     2378853    32768221  0.253E-01  0.101E+01
130955.818     2407300    33167152  0.223E-01  0.101E+01
131007.818     2435616    33564727  0.223E-01  0.101E+01
131019.818     2465392    33963566  0.214E-01  0.101E+01
131031.818     2490680    34334508  0.241E-01  0.101E+01
131043.818     2516887    34698681  0.238E-01  0.101E+01
131055.818     2543239    35075177  0.215E-01  0.101E+01
131107.818     2570558    35474842  0.231E-01  0.101E+01
131119.818     2599971    35873851  0.246E-01  0.101E+01
131131.818     2627154    36274108  0.242E-01  0.101E+01
131143.818     2656048    36672178  0.229E-01  0.101E+01
131155.818     2684428    37070747  0.214E-01  0.101E+01
131207.818     2712570    37472486  0.238E-01  0.101E+01
131219.818     2741552    37871476  0.218E-01  0.101E+01
131231.818     2770077    38270474  0.228E-01  0.101E+01
131243.818     2798278    38670072  0.227E-01  0.101E+01
131255.818     2827142    39070461  0.245E-01  0.101E+01
131307.818     2854554    39452535  0.214E-01  0.101E+01
131319.818     2881879    39848865  0.232E-01  0.101E+01
131331.818     2908819    40247490  0.238E-01  0.101E+01
131343.818     2935003    40644912  0.239E-01  0.101E+01
131355.818     2962577    41042474  0.231E-01  0.101E+01
131407.820     2991143    41440707  0.236E-01  0.101E+01
131419.818     3020553    41841022  0.226E-01  0.101E+01
131431.818     3048627    42240457  0.232E-01  0.101E+01
131443.818     3077811    42641042  0.223E-01  0.101E+01
131455.818     3106848    43039224  0.224E-01  0.101E+01
131507.818     3135124    43436960  0.215E-01  0.101E+01
131519.818     3162577    43834788  0.230E-01  0.101E+01
131531.818     3190690    44232488  0.232E-01  0.101E+01
131543.818     3218080    44630145  0.239E-01  0.101E+01
131555.818     3246072    45027870  0.216E-01  0.101E+01
131607.818     3274446    45424672  0.230E-01  0.101E+01
131619.818     3302614    45823723  0.245E-01  0.101E+01
131631.818     3330479    46221605  0.232E-01  0.101E+01
131643.818     3362087    46622339  0.218E-01  0.101E+01
131655.818     3392316    47020928  0.216E-01  0.101E+01
131707.818     3420547    47420709  0.231E-01  0.101E+01
131719.820     3447607    47819510  0.215E-01  0.101E+01
131731.818     3477010    48218000  0.139E-01  0.662E+00
131743.818     3506009    48617995  0.220E-01  0.101E+01
131755.818     3534612    49016269  0.216E-01  0.101E+01
131807.818     3561267    49418264  0.216E-01  0.101E+01
131819.818     3590206    49816970  0.223E-01  0.101E+01
131831.818     3616831    50213997  0.240E-01  0.101E+01
131843.818     3643892    50612017  0.217E-01  0.101E+01
131855.818     3672112    51010466  0.225E-01  0.101E+01
131907.818     3699760    51408201  0.235E-01  0.101E+01
131919.818     3728257    51806090  0.230E-01  0.101E+01
131931.818     3755335    52203514  0.232E-01  0.101E+01
131943.818     3785724    52599687  0.225E-01  0.101E+01
131955.818     3816977    52998708  0.218E-01  0.101E+01
132007.818     3844631    53396527  0.237E-01  0.101E+01
132019.818     3873559    53797451  0.228E-01  0.101E+01
132031.818     3900879    54197728  0.233E-01  0.101E+01
132043.818     3929778    54597035  0.231E-01  0.101E+01
132055.818     3959584    54994827  0.227E-01  0.101E+01
132107.818     3989179    55394335  0.246E-01  0.101E+01
132119.818     4017781    55793107  0.237E-01  0.101E+01
132131.817     4049349    56231958  0.225E-01  0.101E+01
132143.818     4078438    56642144  0.206E-01  0.101E+01
132155.818     4108272    57051134  0.229E-01  0.101E+01
132207.818     4136436    57458416  0.226E-01  0.101E+01
132219.818     4164788    57864467  0.213E-01  0.102E+01
132231.818     4193037    58269727  0.229E-01  0.101E+01
132243.818     4221340    58675370  0.232E-01  0.101E+01
132255.818     4251415    59083190  0.232E-01  0.101E+01
132307.818     4280045    59489715  0.226E-01  0.101E+01
132319.818     4308313    59894891  0.222E-01  0.101E+01
132331.818     4337686    60303162  0.207E-01  0.101E+01
132343.818     4368347    60712262  0.225E-01  0.101E+01
132355.819     4396777    61116433  0.229E-01  0.101E+01
132407.820     4434242    61619893  0.210E-01  0.101E+01
132419.817     4470539    62122341  0.214E-01  0.101E+01
132431.818     4498479    62530375  0.220E-01  0.101E+01
132443.818     4528188    62939350  0.220E-01  0.101E+01
132455.818     4556981    63347998  0.222E-01  0.101E+01
132507.818     4586122    63756212  0.229E-01  0.101E+01
132519.818     4616110    64163636  0.218E-01  0.101E+01
132531.818     4646938    64571359  0.212E-01  0.101E+01
132543.818     4676235    64979915  0.210E-01  0.101E+01
132555.824     4705092    65387310  0.213E-01  0.101E+01
132607.818     4732918    65795423  0.209E-01  0.101E+01
132619.818     4760415    66202638  0.223E-01  0.101E+01
132631.818     4789091    66610582  0.211E-01  0.101E+01
132643.818     4819129    67018656  0.209E-01  0.101E+01
132655.818     4847004    67427610  0.221E-01  0.101E+01
132707.818     4875218    67826489  0.211E-01  0.101E+01
132719.818     4904235    68222583  0.206E-01  0.101E+01
132731.817     4934697    68655344  0.243E-01  0.101E+01
132743.818     4960935    69052431  0.224E-01  0.101E+01
132755.818     4988027    69449978  0.215E-01  0.101E+01
132807.818     5017264    69847995  0.212E-01  0.101E+01
132819.818     5044539    70244549  0.205E-01  0.101E+01
132831.820     5072339    70642356  0.209E-01  0.101E+01
132843.818     5101191    71039789  0.202E-01  0.101E+01
132855.818     5129500    71437500  0.215E-01  0.101E+01
132907.818     5156492    71833987  0.199E-01  0.101E+01
132919.824     5183442    72231243  0.208E-01  0.101E+01
132931.818     5212584    72630474  0.220E-01  0.101E+01
132943.818     5239358    73030308  0.202E-01  0.101E+01
132955.824     5266063    73426603  0.220E-01  0.101E+01
133007.820     5291735    73822696  0.224E-01  0.101E+01
133019.818     5319088    74221408  0.196E-01  0.101E+01
133031.818     5344659    74621320  0.223E-01  0.101E+01
133043.818     5371091    75019372  0.209E-01  0.101E+01
133055.824     5398172    75416555  0.219E-01  0.101E+01
133107.818     5426179    75816051  0.222E-01  0.101E+01
133119.818     5452693    76211188  0.219E-01  0.101E+01
133131.818     5480383    76608805  0.200E-01  0.101E+01
133143.818     5509477    77006290  0.241E-01  0.101E+01
133155.820     5536184    77405482  0.239E-01  0.101E+01
133207.818     5563310    77803051  0.221E-01  0.101E+01
133219.820     5590667    78199925  0.221E-01  0.101E+01
133231.818     5618237    78595534  0.201E-01  0.101E+01
133243.818     5646902    78992857  0.218E-01  0.101E+01
133255.818     5675363    79390000  0.236E-01  0.108E+01
133307.818     5703025    79785052  0.209E-01  0.101E+01
133319.824     5733012    80228483  0.193E-01  0.101E+01
133331.824     5766367    80728251  0.217E-01  0.101E+01
133343.818     5794982    81124927  0.211E-01  0.101E+01
133355.818     5821014    81521268  0.201E-01  0.101E+01
133407.824     5848144    81932814  0.205E-01  0.101E+01
133419.818     5881373    82434687  0.205E-01  0.101E+01
133431.820     5917093    82937769  0.212E-01  0.101E+01
133443.824     5955332    83440905  0.193E-01  0.101E+01
133455.818     5990210    83940432  0.221E-01  0.101E+01
133507.819     6027113    84443461  0.218E-01  0.102E+01
133519.818     6058405    84873243  0.221E-01  0.101E+01
133531.824     6087559    85270966  0.189E-01  0.101E+01
133543.818     6114476    85667409  0.210E-01  0.101E+01
133555.818     6141379    86066329  0.199E-01  0.101E+01
133607.818     6168109    86462513  0.208E-01  0.101E+01
133619.818     6194826    86859958  0.207E-01  0.101E+01
133631.820     6223150    87258931  0.198E-01  0.101E+01
133643.818     6249526    87659724  0.208E-01  0.102E+01
133655.818     6277213    88057354  0.211E-01  0.101E+01
133707.818     6303777    88454328  0.210E-01  0.101E+01
133719.818     6331244    88851418  0.206E-01  0.101E+01
133731.824     6359083    89248361  0.212E-01  0.101E+01
133743.818     6386833    89646799  0.214E-01  0.101E+01
133755.824     6415464    90045123  0.209E-01  0.101E+01
133807.818     6441646    90444151  0.219E-01  0.101E+01
133819.818     6469004    90842558  0.203E-01  0.101E+01
133831.824     6496953    91239473  0.229E-01  0.101E+01
133843.820     6523493    91640119  0.225E-01  0.101E+01
133855.818     6550326    92035359  0.220E-01  0.101E+01
133907.820     6577816    92434071  0.198E-01  0.101E+01
133919.818     6604260    92831021  0.208E-01  0.101E+01
133931.818     6631969    93230204  0.195E-01  0.101E+01
133943.818     6659191    93629247  0.194E-01  0.101E+01
133955.820     6685670    94025982  0.199E-01  0.101E+01
134007.818     6712405    94424005  0.206E-01  0.101E+01
134019.818     6739637    94820338  0.206E-01  0.101E+01
134031.818     6766623    95217253  0.210E-01  0.101E+01
134043.820     6792046    95615694  0.197E-01  0.101E+01
134055.818     6818860    96016075  0.209E-01  0.101E+01
134107.818     6845406    96413405  0.226E-01  0.101E+01
134119.818     6872220    96810020  0.217E-01  0.101E+01
134131.818     6899681    97207897  0.217E-01  0.101E+01
134143.820     6927833    97606605  0.209E-01  0.101E+01
134155.820     6957649    98003807  0.191E-01  0.101E+01
134207.818     6983924    98401289  0.210E-01  0.101E+01
134219.818     7010238    98798883  0.202E-01  0.101E+01
134231.818     7036022    99196575  0.215E-01  0.101E+01
134243.818     7062780    99593204  0.220E-01  0.101E+01
134255.818     7090897    99992561  0.197E-01  0.101E+01
134307.818     7118738   100390003  0.207E-01  0.101E+01
134319.818     7145273   100786068  0.204E-01  0.101E+01
134331.818     7171666   101182533  0.206E-01  0.101E+01
134343.818     7199377   101579143  0.203E-01  0.101E+01
134355.818     7227995   101974888  0.187E-01  0.101E+01
134407.818     7255539   102370242  0.208E-01  0.101E+01
134419.818     7281451   102766071  0.188E-01  0.101E+01
134431.818     7310637   103164332  0.203E-01  0.101E+01
134443.818     7336955   103559162  0.222E-01  0.101E+01
134455.818     7364773   103955707  0.192E-01  0.101E+01
134507.818     7390217   104352256  0.213E-01  0.101E+01
134519.824     7417382   104749648  0.194E-01  0.101E+01
134531.818     7443924   105146727  0.203E-01  0.101E+01
134543.820     7473137   105544738  0.200E-01  0.101E+01
134555.818     7498918   105943271  0.195E-01  0.101E+01
134607.818     7525461   106339770  0.210E-01  0.101E+01
134619.818     7551507   106736653  0.216E-01  0.101E+01
134631.820     7580444   107135907  0.206E-01  0.101E+01
134643.818     7607953   107531587  0.207E-01  0.101E+01
134655.820     7635157   107927993  0.206E-01  0.101E+01
134707.818     7661066   108326861  0.205E-01  0.101E+01
134719.818     7687231   108725061  0.208E-01  0.101E+01
134731.824     7715654   109124025  0.208E-01  0.101E+01
134743.818     7743657   109523339  0.211E-01  0.101E+01
134755.818     7773222   109934912  0.203E-01  0.101E+01
134807.824     7800411   110342752  0.212E-01  0.101E+01
134819.818     7827988   110740455  0.195E-01  0.101E+01
134831.818     7854553   111137601  0.205E-01  0.101E+01
134843.818     7881734   111537271  0.212E-01  0.101E+01
134855.818     7910390   111935151  0.202E-01  0.101E+01
134907.818     7938470   112333172  0.206E-01  0.101E+01
134919.818     7965704   112728250  0.199E-01  0.101E+01
134931.818     7994826   113124979  0.210E-01  0.101E+01
134943.818     8022778   113521407  0.192E-01  0.101E+01
134955.818     8050355   113918921  0.211E-01  0.101E+01
135007.824     8079731   114317461  0.211E-01  0.101E+01
135019.818     8106853   114714570  0.210E-01  0.101E+01
135031.818     8133445   115112258  0.196E-01  0.101E+01
135043.827     8161133   115508444  0.200E-01  0.101E+01
135055.818     8189826   115906094  0.204E-01  0.101E+01
135107.824     8216409   116304251  0.224E-01  0.101E+01
135119.818     8243334   116704173  0.199E-01  0.101E+01
135131.818     8270365   117101600  0.232E-01  0.101E+01
135143.817     8306411   117604886  0.224E-01  0.101E+01
135155.817     8339675   118108718  0.208E-01  0.101E+01
135207.817     8375123   118612152  0.222E-01  0.101E+01
135219.817     8409683   119112584  0.207E-01  0.101E+01
135231.818     8443323   119610563  0.236E-01  0.101E+01
135243.818     8469880   120010308  0.209E-01  0.101E+01
135255.818     8500548   120408678  0.201E-01  0.101E+01
135307.818     8526504   120804221  0.209E-01  0.101E+01
135319.818     8554951   121212081  0.219E-01  0.101E+01
