 Results from RMCProfile version 6.7.9.5

 (Version 6f format configuration file)                                          

 2 experiments   3 partials

 Partial g(r)'s are printed out below

   128  3 are NR and NPAR

   r (Ang)
   0.06545     0.00000     0.00000     0.00000
   0.13090     0.00000     0.00000     0.00000
   0.19635     0.00000     0.00000     0.00000
   0.26180     0.00000     0.00000     0.00000
   0.32725     0.00000     0.00000     0.00000
   0.39271     0.00000     0.00000     0.00000
   0.45816     0.00000     0.00000     0.00000
   0.52361     0.00000     0.00000     0.00000
   0.58906     0.00000     0.00000     0.00000
   0.65451     0.00000     0.00000     0.00000
   0.71996     0.00000     0.00000     0.00000
   0.78541     0.00000     0.00000     0.00000
   0.85086     0.00000     0.00000     0.00000
   0.91631     0.00000     0.00000     0.00000
   0.98176     0.00000     0.00000     0.00000
   1.04721     0.00000     0.00000     0.00000
   1.11267     0.00000     0.00000     0.00000
   1.17812     0.00000     0.23168     0.00000
   1.24357     0.00000     0.41589     0.00000
   1.30902     0.00000     0.75069     0.00000
   1.37447     0.00000     2.38319     0.00000
   1.43992     0.00000     1.39596     0.17234
   1.50537     0.00000     2.41255     0.47305
   1.57082     0.00000     5.08312     0.72409
   1.63627     0.00000     4.32430     0.93426
   1.70172     0.00000     5.55291     0.98718
   1.76718     0.00000     3.91343     1.02985
   1.83263     0.00000     3.73468     1.38321
   1.89808     0.00000     3.12450     1.48786
   1.96353     0.00000     2.50259     1.20495
   2.02898     0.00000     1.79687     1.64930
   2.09443     0.00000     0.95314     1.30345
   2.15988     0.00000     0.13789     0.76603
   2.22533     0.00000     0.06495     1.37111
   2.29078     0.00000     0.06129     0.88529
   2.35623     0.00000     0.52139     2.38165
   2.42168     0.00000     0.00000     1.15780
   2.48714     0.00000     0.00000     0.80881
   2.55259     0.00000     0.09873     1.37118
   2.61804     0.00000     0.23463     1.30348
   2.68349     0.00000     0.31265     1.68732
   2.74894     0.00000     0.63844     1.70252
   2.81439     0.00000     1.09637     1.53402
   2.87984     0.41884     1.04711     1.16345
   2.94529     3.87087     0.81570     1.07112
   3.01074     2.42702     0.88707     0.94621
   3.07619     1.10124     0.95169     0.75531
   3.14164     1.87705     0.58658     0.94142
   3.20710     2.92698     0.93813     1.00763
   3.27255     2.37860     1.17128     1.10120
   3.33800     2.39016     0.72167     1.02637
   3.40345     1.49942     0.27767     0.77131
   3.46890     0.57735     0.45440     0.62368
   3.53435     0.92694     0.38623     0.85828
   3.59980     6.61223     0.24821     3.55763
   3.66525     0.00000     0.47884     0.47884
   3.73070     0.08319     0.57774     0.25677
   3.79615     0.16070     0.98206     0.47119
   3.86161     0.54355     1.50985     0.57518
   3.92706     0.22525     1.56423     0.81108
   3.99251     0.29057     1.29140     0.85197
   4.05796     0.28127     1.03522     0.80300
   4.12341     0.20431     1.00262     0.71466
   4.18886     0.39595     1.24650     0.79434
   4.25431     0.95964     1.31507     1.14525
   4.31976     0.80668     1.24104     1.05336
   4.38521     0.72257     1.52207     1.05932
   4.45066     0.40919     1.13664     1.19077
   4.51611     0.85161     1.18279     0.70091
   4.58157     0.60680     1.28714     0.95344
   4.64702     0.96517     0.98304     1.27431
   4.71247     1.14711     1.10076     0.86902
   4.77792     1.16662     1.12717     0.98627
   4.84337     0.98722     0.94608     1.12738
   4.90882     0.72080     0.84094     0.88988
   4.97427     0.74876     0.87095     1.09771
   5.03972     0.95738     1.02577     1.15381
   5.10517     1.11070     1.08602     1.11070
   5.17062     1.29932     0.92636     0.92235
   5.23607     0.92916     0.91508     1.00372
   5.30153     1.15355     1.14439     1.23340
   5.36698     1.12559     0.88215     0.93054
   5.43243     1.49099     0.89372     1.08991
   5.49788     0.95770     0.90449     1.13505
   5.56333     1.38424     1.08079     0.94685
   5.62878     1.53497     0.91367     0.93623
   5.69423     1.28562     0.97215     1.09119
   5.75968     0.83771     0.83383     0.94803
   5.82513     0.95549     1.06166     1.05323
   5.89058     0.96775     0.90842     0.89606
   5.95604     1.07716     1.12431     0.86640
   6.02149     1.21355     0.95806     1.16308
   6.08694     0.71881     1.00702     0.87777
   6.15239     0.91773     0.88374     1.09523
   6.21784     0.95841     0.98171     1.01683
   6.28329     1.11453     0.98580     0.97766
   6.34874     1.26403     1.06932     0.94873
   6.41419     1.09765     0.96161     0.86867
   6.47964     0.82737     1.08018     1.13210
   6.54509     0.78388     1.00613     1.10123
   6.61054     0.92742     0.95686     1.03864
   6.67600     0.98726     1.06088     0.97828
   6.74145     1.17202     1.01207     0.93579
   6.80690     0.77472     0.99964     0.95645
   6.87235     1.00521     1.12371     1.11236
   6.93780     0.74576     1.06251     1.00979
   7.00325     1.15685     0.99028     0.99101
   7.06870     1.01966     0.87547     1.09433
   7.13415     0.88728     0.94163     1.01115
   7.19960     0.98292     1.08593     1.03422
   7.26505     0.81172     1.18223     1.03598
   7.33050     1.05587     1.10735     1.05747
   7.39596     0.80441     0.88203     0.99310
   7.46141     0.93595     0.87240     0.96933
   7.52686     1.26720     1.07304     1.05979
   7.59231     0.96422     1.02672     1.03540
   7.65776     1.06628     1.11345     0.98121
   7.72321     1.04829     0.97064     0.93469
   7.78866     0.87804     1.11876     1.00741
   7.85411     1.18258     0.95419     0.90379
   7.91956     0.92310     1.01541     1.09405
   7.98501     1.07148     1.00388     1.06498
   8.05046     1.19706     1.02733     1.16353
   8.11592     1.19541     1.09384     0.88983
   8.18137     1.03796     0.90341     1.02515
   8.24682     1.07263     1.08777     0.96165
   8.31227     1.12284     0.92639     1.01898
   8.37772     0.95688     1.23277     1.25263

 Partial S(Q)'s are printed out below

   494  3 are NQ and NPAR

      Q          S(Q)_1      S(Q)_2      S(Q)_3
  0.4682470    -2.7299931     0.2433177    -0.0291325
  0.4982822    -2.7692740     0.1826914    -0.1347070
  0.5283174    -2.7797670     0.1486598    -0.2138812
  0.5583526    -2.7628799     0.1403785    -0.2672765
  0.5883878    -2.7209945     0.1560916    -0.2964557
  0.6184230    -2.6573143     0.1932476    -0.3038073
  0.6484582    -2.5756804     0.2486462    -0.2923982
  0.6784934    -2.4803664     0.3186059    -0.2658049
  0.7085286    -2.3758608     0.3991455    -0.2279311
  0.7385638    -2.2666502     0.4861709    -0.1828196
  0.7685990    -2.1570120     0.5756571    -0.1344682
  0.7986342    -2.0508278     0.6638192    -0.0866586
  0.8286694    -1.9514242     0.7472624    -0.0428035
  0.8587046    -1.8614503     0.8231074    -0.0058203
  0.8887398    -1.7827940     0.8890846     0.0219645
  0.9187750    -1.7165423     0.9435941     0.0388787
  0.9488102    -1.6629836     0.9857316     0.0439317
  0.9788454    -1.6216517     1.0152777     0.0368084
  1.0088806    -1.5914075     1.0326565     0.0178309
  1.0389158    -1.5705505     1.0388626    -0.0121084
  1.0689510    -1.5569566     1.0353656    -0.0516367
  1.0989862    -1.5482292     1.0239946    -0.0990090
  1.1290214    -1.5418591     1.0068115    -0.1522267
  1.1590566    -1.5353808     0.9859786    -0.2091611
  1.1890918    -1.5265182     0.9636285    -0.2676744
  1.2191270    -1.5133119     0.9417419    -0.3257328
  1.2491622    -1.4942207     0.9220393    -0.3815049
  1.2791974    -1.4681933     0.9058922    -0.4334426
  1.3092326    -1.4347063     0.8942569    -0.4803403
  1.3392678    -1.3937683     0.8876327    -0.5213708
  1.3693030    -1.3458891     0.8860471    -0.5560973
  1.3993382    -1.2920194     0.8890669    -0.5844619
  1.4293734    -1.2334630     0.8958322    -0.6067535
  1.4594086    -1.1717686     0.9051138    -0.6235574
  1.4894438    -1.1086077     0.9153860    -0.6356906
  1.5194790    -1.0456470     0.9249144    -0.6441282
  1.5495142    -0.9844221     0.9318503    -0.6499238
  1.5795494    -0.9262210     0.9343293    -0.6541312
  1.6095846    -0.8719841     0.9305661    -0.6577298
  1.6396198    -0.8222269     0.9189441    -0.6615598
  1.6696551    -0.7769906     0.8980925    -0.6662690
  1.6996903    -0.7358221     0.8669494    -0.6722746
  1.7297255    -0.6977867     0.8248081    -0.6797413
  1.7597607    -0.6615120     0.7713438    -0.6885771
  1.7897959    -0.6252610     0.7066228    -0.6984445
  1.8198311    -0.5870298     0.6310922    -0.7087881
  1.8498663    -0.5446659     0.5455527    -0.7188738
  1.8799015    -0.4959995     0.4511173    -0.7278397
  1.9099367    -0.4389811     0.3491574    -0.7347518
  1.9399719    -0.3718174     0.2412412    -0.7386645
  1.9700071    -0.2930984     0.1290671    -0.7386793
  2.0000423    -0.2019080     0.0143952    -0.7340002
  2.0300775    -0.0979130    -0.1010178    -0.7239814
  2.0601127     0.0185768    -0.2154791    -0.7081659
  2.0901479     0.1465784    -0.3274124    -0.6863120
  2.1201831     0.2844399    -0.4353998    -0.6584072
  2.1502183     0.4298772    -0.5382128    -0.6246695
  2.1802535     0.5800439    -0.6348321    -0.5855355
  2.2102887     0.7316300    -0.7244546    -0.5416373
  2.2403239     0.8809845    -0.8064900    -0.4937700
  2.2703591     1.0242576    -0.8805481    -0.4428513
  2.3003943     1.1575543    -0.9464175    -0.3898766
  2.3304295     1.2770928    -1.0040397    -0.3358728
  2.3604647     1.3793597    -1.0534792    -0.2818512
  2.3904999     1.4612549    -1.0948926    -0.2287658
  2.4205351     1.5202198    -1.1284991    -0.1774758
  2.4505703     1.5543419    -1.1545539    -0.1287165
  2.4806055     1.5624322    -1.1733261    -0.0830784
  2.5106407     1.5440711    -1.1850828    -0.0409961
  2.5406759     1.4996221    -1.1900786    -0.0027463
  2.5707111     1.4302116    -1.1885525     0.0315441
  2.6007463     1.3376786    -1.1807302     0.0618837
  2.6307815     1.2244950    -1.1668320     0.0883942
  2.6608167     1.0936618    -1.1470843     0.1112843
  2.6908519     0.9485865    -1.1217345     0.1308214
  2.7208871     0.7929482    -1.0910660     0.1473019
  2.7509223     0.6305557    -1.0554136     0.1610238
  2.7809575     0.4652068    -1.0151758     0.1722628
  2.8109927     0.3005540    -0.9708245     0.1812533
  2.8410279     0.1399835    -0.9229093     0.1881751
  2.8710631    -0.0134883    -0.8720573     0.1931472
  2.9010983    -0.1572961    -0.8189664     0.1962286
  2.9311335    -0.2893829    -0.7643933     0.1974251
  2.9611687    -0.4082303    -0.7091366     0.1967021
  2.9912039    -0.5128641    -0.6540150     0.1940019
  3.0212391    -0.6028334    -0.5998423     0.1892637
  3.0512743    -0.6781688    -0.5474010     0.1824450
  3.0813095    -0.7393211    -0.4974150     0.1735428
  3.1113447    -0.7870858    -0.4505234     0.1626122
  3.1413799    -0.8225174    -0.4072577     0.1497814
  3.1714151    -0.8468401    -0.3680223     0.1352614
  3.2014503    -0.8613583    -0.3330802     0.1193505
  3.2314855    -0.8673732    -0.3025456     0.1024308
  3.2615207    -0.8661081    -0.2763819     0.0849602
  3.2915559    -0.8586484    -0.2544068     0.0674559
  3.3215911    -0.8458960    -0.2363041     0.0504745
  3.3516263    -0.8285415    -0.2216407     0.0345869
  3.3816615    -0.8070553    -0.2098888     0.0203504
  3.4116967    -0.7816940    -0.2004513     0.0082804
  3.4417319    -0.7525244    -0.1926901    -0.0011776
  3.4717671    -0.7194601    -0.1859542    -0.0076733
  3.5018023    -0.6823079    -0.1796081    -0.0109725
  3.5318375    -0.6408217    -0.1730574    -0.0109731
  3.5618727    -0.5947588    -0.1657712    -0.0077135
  3.5919079    -0.5439348    -0.1572999    -0.0013744
  3.6219431    -0.4882745    -0.1472881     0.0077272
  3.6519783    -0.4278540    -0.1354818     0.0191516
  3.6820135    -0.3629328    -0.1217299     0.0323564
  3.7120487    -0.2939725    -0.1059799     0.0467225
  3.7420839    -0.2216426    -0.0882695     0.0615839
  3.7721191    -0.1468114    -0.0687133     0.0762607
  3.8021543    -0.0705240    -0.0474867     0.0900925
  3.8321895     0.0060321    -0.0248083     0.1024707
  3.8622247     0.0815707    -0.0009210     0.1128681
  3.8922599     0.1547589     0.0239261     0.1208640
  3.9222951     0.2242723     0.0494941     0.1261633
  3.9523303     0.2888517     0.0755679     0.1286084
  3.9823655     0.3473573     0.1019670     0.1281842
  4.0124007     0.3988179     0.1285516     0.1250148
  4.0424359     0.4424707     0.1552252     0.1193529
  4.0724711     0.4777925     0.1819326     0.1115621
  4.1025063     0.5045173     0.2086545     0.1020943
  4.1325415     0.5226419     0.2353983     0.0914619
  4.1625767     0.5324183     0.2621874     0.0802074
  4.1926119     0.5343336     0.2890473     0.0688726
  4.2226471     0.5290788     0.3159931     0.0579682
  4.2526823     0.5175085     0.3430158     0.0479463
  4.2827175     0.5005936     0.3700705     0.0391763
  4.3127527     0.4793699     0.3970672     0.0319275
  4.3427879     0.4548857     0.4238642     0.0263564
  4.3728231     0.4281510     0.4502649     0.0225028
  4.4028583     0.4000909     0.4760186     0.0202912
  4.4328935     0.3715062     0.5008245     0.0195402
  4.4629287     0.3430431     0.5243402     0.0199777
  4.4929639     0.3151724     0.5461922     0.0212608
  4.5229991     0.2881809     0.5659898     0.0230002
  4.5530343     0.2621733     0.5833401     0.0247865
  4.5830695     0.2370856     0.5978640     0.0262172
  4.6131047     0.2127077     0.6092126     0.0269228
  4.6431399     0.1887144     0.6170814     0.0265905
  4.6731751     0.1647028     0.6212241     0.0249839
  4.7032103     0.1402330     0.6214632     0.0219578
  4.7332455     0.1148703     0.6176968     0.0174669
  4.7632807     0.0882262     0.6099037     0.0115688
  4.7933159     0.0599954     0.5981428     0.0044200
  4.8233511     0.0299874     0.5825508    -0.0037335
  4.8533863    -0.0018495     0.5633354    -0.0125710
  4.8834215    -0.0354135     0.5407663    -0.0217169
  4.9134567    -0.0704435     0.5151637    -0.0307632
  4.9434919    -0.1065234     0.4868851    -0.0392932
  4.9735271    -0.1430961     0.4563121    -0.0469064
  5.0035623    -0.1794853     0.4238364    -0.0532420
  5.0335975    -0.2149252     0.3898469    -0.0579994
  5.0636327    -0.2485950     0.3547185    -0.0609550
  5.0936679    -0.2796571     0.3188025    -0.0619752
  5.1237031    -0.3072967     0.2824196    -0.0610225
  5.1537383    -0.3307600     0.2458557    -0.0581572
  5.1837735    -0.3493901     0.2093596    -0.0535328
  5.2138087    -0.3626572     0.1731444    -0.0473863
  5.2438439    -0.3701833     0.1373903    -0.0400237
  5.2738791    -0.3717588     0.1022490    -0.0318017
  5.3039143    -0.3673513     0.0678505    -0.0231073
  5.3339495    -0.3571052     0.0343092    -0.0143355
  5.3639847    -0.3413340     0.0017314    -0.0058676
  5.3940199    -0.3205048    -0.0297791     0.0019497
  5.4240551    -0.2952157    -0.0601151     0.0088220
  5.4540903    -0.2661690    -0.0891625     0.0145221
  5.4841255    -0.2341402    -0.1167983     0.0188997
  5.5141607    -0.1999462    -0.1428905     0.0218871
  5.5441959    -0.1644122    -0.1672999     0.0234987
  5.5742311    -0.1283416    -0.1898840     0.0238268
  5.6042663    -0.0924882    -0.2105023     0.0230316
  5.6343015    -0.0575334    -0.2290225     0.0213280
  5.6643367    -0.0240682    -0.2453277     0.0189692
  5.6943719     0.0074183    -0.2593237     0.0162282
  5.7244071     0.0365447    -0.2709456     0.0133788
  5.7544423     0.0630368    -0.2801635     0.0106763
  5.7844775     0.0867218    -0.2869874     0.0083408
  5.8145127     0.1075184    -0.2914688     0.0065423
  5.8445479     0.1254223    -0.2937024     0.0053897
  5.8745831     0.1404903    -0.2938233     0.0049232
  5.9046183     0.1528229    -0.2920037     0.0051127
  5.9346535     0.1625473    -0.2884470     0.0058587
  5.9646887     0.1698016    -0.2833801     0.0069997
  5.9947239     0.1747214    -0.2770449     0.0083225
  6.0247591     0.1774301    -0.2696881     0.0095756
  6.0547943     0.1780323    -0.2615522     0.0104863
  6.0848295     0.1766118    -0.2528657     0.0107776
  6.1148647     0.1732326    -0.2438345     0.0101873
  6.1448999     0.1679445    -0.2346352     0.0084849
  6.1749351     0.1607911    -0.2254097     0.0054877
  6.2049703     0.1518198    -0.2162624     0.0010736
  6.2350055     0.1410930    -0.2072594    -0.0048087
  6.2650407     0.1286998    -0.1984296    -0.0121340
  6.2950759     0.1147662    -0.1897692    -0.0207995
  6.3251111     0.0994635    -0.1812471    -0.0306269
  6.3551463     0.0830143    -0.1728118    -0.0413699
  6.3851815     0.0656945    -0.1643998    -0.0527243
  6.4152167     0.0478314    -0.1559445    -0.0643420
  6.4452519     0.0297986    -0.1473845    -0.0758469
  6.4752871     0.0120060    -0.1386715    -0.0868520
  6.5053223    -0.0051135    -0.1297772    -0.0969776
  6.5353575    -0.0211194    -0.1206983    -0.1058682
  6.5653927    -0.0355824    -0.1114595    -0.1132083
  6.5954279    -0.0481026    -0.1021145    -0.1187360
  6.6254631    -0.0583295    -0.0927446    -0.1222536
  6.6554983    -0.0659786    -0.0834553    -0.1236345
  6.6855335    -0.0708479    -0.0743709    -0.1228271
  6.7155687    -0.0728293    -0.0656275    -0.1198541
  6.7456039    -0.0719171    -0.0573648    -0.1148092
  6.7756391    -0.0682113    -0.0497175    -0.1078496
  6.8056743    -0.0619160    -0.0428066    -0.0991865
  6.8357095    -0.0533329    -0.0367315    -0.0890732
  6.8657447    -0.0428498    -0.0315624    -0.0777918
  6.8957799    -0.0309250    -0.0273356    -0.0656399
  6.9258151    -0.0180681    -0.0240494    -0.0529163
  6.9558503    -0.0048181    -0.0216633    -0.0399094
  6.9858855     0.0082797    -0.0200988    -0.0268853
  7.0159207     0.0206970    -0.0192428    -0.0140797
  7.0459559     0.0319457    -0.0189532    -0.0016908
  7.0759911     0.0415977    -0.0190660     0.0101241
  7.1060263     0.0493029    -0.0194040     0.0212498
  7.1360615     0.0548026    -0.0197860     0.0316119
  7.1660967     0.0579379    -0.0200370     0.0411732
  7.1961319     0.0586543    -0.0199971     0.0499278
  7.2261671     0.0570002    -0.0195301     0.0578946
  7.2562023     0.0531209    -0.0185310     0.0651094
  7.2862375     0.0472481    -0.0169304     0.0716173
  7.3162727     0.0396855    -0.0146984     0.0774647
  7.3463079     0.0307916    -0.0118448     0.0826925
  7.3763431     0.0209604    -0.0084172     0.0873312
  7.4063783     0.0106012    -0.0044977     0.0913960
  7.4364135     0.0001184    -0.0001962     0.0948852
  7.4664487    -0.0101067     0.0043571     0.0977798
  7.4964839    -0.0197330     0.0090203     0.1000440
  7.5265191    -0.0284728     0.0136497     0.1016292
  7.5565543    -0.0361020     0.0181087     0.1024773
  7.5865896    -0.0424661     0.0222777     0.1025263
  7.6166248    -0.0474818     0.0260609     0.1017155
  7.6466600    -0.0511356     0.0293933     0.0999919
  7.6766952    -0.0534777     0.0322443     0.0973151
  7.7067304    -0.0546133     0.0346204     0.0936622
  7.7367656    -0.0546911     0.0365639     0.0890319
  7.7668008    -0.0538911     0.0381511     0.0834464
  7.7968360    -0.0524102     0.0394865     0.0769534
  7.8268712    -0.0504490     0.0406965     0.0696250
  7.8569064    -0.0481994     0.0419210     0.0615566
  7.8869416    -0.0458333     0.0433041     0.0528637
  7.9169768    -0.0434937     0.0449846     0.0436780
  7.9470120    -0.0412893     0.0470862     0.0341428
  7.9770472    -0.0392907     0.0497096     0.0244078
  8.0070824    -0.0375301     0.0529246     0.0146241
  8.0371176    -0.0360043     0.0567648     0.0049385
  8.0671528    -0.0346790     0.0612240    -0.0045099
  8.0971880    -0.0334959     0.0662552    -0.0135944
  8.1272232    -0.0323806     0.0717718    -0.0222030
  8.1572584    -0.0312514     0.0776508    -0.0302406
  8.1872936    -0.0300278     0.0837388    -0.0376291
  8.2173288    -0.0286389     0.0898589    -0.0443078
  8.2473640    -0.0270293     0.0958197    -0.0502317
  8.2773992    -0.0251647     0.1014244    -0.0553703
  8.3074344    -0.0230342     0.1064805    -0.0597046
  8.3374696    -0.0206507     0.1108089    -0.0632253
  8.3675048    -0.0180492     0.1142528    -0.0659295
  8.3975400    -0.0152829     0.1166842    -0.0678192
  8.4275752    -0.0124170     0.1180095    -0.0688993
  8.4576104    -0.0095223     0.1181729    -0.0691762
  8.4876456    -0.0066668     0.1171574    -0.0686578
  8.5176808    -0.0039085     0.1149841    -0.0673535
  8.5477160    -0.0012874     0.1117089    -0.0652750
  8.5777512     0.0011802     0.1074181    -0.0624383
  8.6077864     0.0035057     0.1022218    -0.0588655
  8.6378216     0.0057312     0.0962471    -0.0545867
  8.6678568     0.0079281     0.0896300    -0.0496422
  8.6978920     0.0101949     0.0825084    -0.0440848
  8.7279272     0.0126513     0.0750140    -0.0379806
  8.7579624     0.0154306     0.0672670    -0.0314100
  8.7879976     0.0186696     0.0593708    -0.0244676
  8.8180328     0.0224978     0.0514087    -0.0172610
  8.8480680     0.0270257     0.0434428    -0.0099088
  8.8781032     0.0323329     0.0355142    -0.0025379
  8.9081384     0.0384580     0.0276452     0.0047205
  8.9381736     0.0453891     0.0198430     0.0117348
  8.9682088     0.0530574     0.0121045     0.0183779
  8.9982440     0.0613333     0.0044224     0.0245316
  9.0282792     0.0700268    -0.0032090     0.0300916
  9.0583144     0.0788899    -0.0107876     0.0349708
  9.0883496     0.0876244    -0.0182982     0.0391032
  9.1183848     0.0958920    -0.0257081     0.0424458
  9.1484200     0.1033279    -0.0329640     0.0449799
  9.1784552     0.1095566    -0.0399906     0.0467107
  9.2084904     0.1142099    -0.0466918     0.0476662
  9.2385256     0.1169448    -0.0529521     0.0478948
  9.2685608     0.1174623    -0.0586421     0.0474610
  9.2985960     0.1155242    -0.0636232     0.0464418
  9.3286312     0.1109678    -0.0677559     0.0449212
  9.3586664     0.1037182    -0.0709066     0.0429851
  9.3887016     0.0937963    -0.0729572     0.0407161
  9.4187368     0.0813227    -0.0738122     0.0381891
  9.4487720     0.0665165    -0.0734069     0.0354672
  9.4788072     0.0496903    -0.0717134     0.0325988
  9.5088424     0.0312401    -0.0687452     0.0296157
  9.5388776     0.0116304    -0.0645602     0.0265332
  9.5689128    -0.0086228    -0.0592604     0.0233505
  9.5989480    -0.0289730    -0.0529906     0.0200536
  9.6289832    -0.0488651    -0.0459334     0.0166182
  9.6590184    -0.0677583    -0.0383037     0.0130144
  9.6890536    -0.0851484    -0.0303392     0.0092116
  9.7190888    -0.1005886    -0.0222918     0.0051837
  9.7491240    -0.1137074    -0.0144161     0.0009144
  9.7791592    -0.1242227    -0.0069587    -0.0035984
  9.8091944    -0.1319526    -0.0001475    -0.0083386
  9.8392296    -0.1368203     0.0058183    -0.0132692
  9.8692648    -0.1388546     0.0107771    -0.0183308
  9.8993000    -0.1381850     0.0146111    -0.0234423
  9.9293352    -0.1350325     0.0172509    -0.0285023
  9.9593704    -0.1296958     0.0186779    -0.0333926
  9.9894056    -0.1225342     0.0189231    -0.0379830
 10.0194408    -0.1139480     0.0180642    -0.0421368
 10.0494760    -0.1043571     0.0162203    -0.0457181
 10.0795112    -0.0941798     0.0135441    -0.0485985
 10.1095464    -0.0838117     0.0102129    -0.0506646
 10.1395816    -0.0736069     0.0064182    -0.0518242
 10.1696168    -0.0638621     0.0023555    -0.0520126
 10.1996520    -0.0548041    -0.0017866    -0.0511970
 10.2296872    -0.0465814    -0.0058361    -0.0493797
 10.2597224    -0.0392609    -0.0096461    -0.0465993
 10.2897576    -0.0328288    -0.0131015    -0.0429299
 10.3197928    -0.0271967    -0.0161235    -0.0384791
 10.3498280    -0.0222114    -0.0186721    -0.0333832
 10.3798632    -0.0176684    -0.0207458    -0.0278014
 10.4098984    -0.0133281    -0.0223789    -0.0219088
 10.4399336    -0.0089343    -0.0236365    -0.0158883
 10.4699688    -0.0042328    -0.0246085    -0.0099218
 10.5000040     0.0010101    -0.0254007    -0.0041825
 10.5300392     0.0069900    -0.0261261     0.0011737
 10.5600744     0.0138499    -0.0268958     0.0060147
 10.5901096     0.0216680    -0.0278091     0.0102379
 10.6201448     0.0304500    -0.0289459     0.0137737
 10.6501800     0.0401255    -0.0303597     0.0165880
 10.6802152     0.0505483    -0.0320717     0.0186816
 10.7102504     0.0615015    -0.0340687     0.0200882
 10.7402856     0.0727068    -0.0363015     0.0208710
 10.7703208     0.0838372    -0.0386869     0.0211168
 10.8003560     0.0945321    -0.0411116     0.0209295
 10.8303912     0.1044155    -0.0434377     0.0204228
 10.8604264     0.1131141    -0.0455110     0.0197123
 10.8904616     0.1202760    -0.0471690     0.0189081
 10.9204968     0.1255888    -0.0482512     0.0181076
 10.9505320     0.1287948    -0.0486085     0.0173898
 10.9805672     0.1297047    -0.0481127     0.0168107
 11.0106024     0.1282069    -0.0466645     0.0164009
 11.0406376     0.1242737    -0.0442007     0.0161642
 11.0706728     0.1179627    -0.0406991     0.0160790
 11.1007080     0.1094150    -0.0361811     0.0161005
 11.1307432     0.0988479    -0.0307120     0.0161658
 11.1607784     0.0865459    -0.0243995     0.0161989
 11.1908136     0.0728470    -0.0173890     0.0161174
 11.2208488     0.0581278    -0.0098570     0.0158396
 11.2508840     0.0427864    -0.0020038     0.0152911
 11.2809192     0.0272256     0.0059565     0.0144114
 11.3109544     0.0118357     0.0138060     0.0131595
 11.3409896    -0.0030213     0.0213326     0.0115177
 11.3710248    -0.0170251     0.0283406     0.0094941
 11.4010600    -0.0299087     0.0346590     0.0071237
 11.4310952    -0.0414657     0.0401494     0.0044666
 11.4611304    -0.0515553     0.0447111     0.0016056
 11.4911656    -0.0601028     0.0482851    -0.0013587
 11.5212008    -0.0670974     0.0508552    -0.0043139
 11.5512360    -0.0725863     0.0524467    -0.0071426
 11.5812712    -0.0766663     0.0531235    -0.0097294
 11.6113064    -0.0794728     0.0529824    -0.0119691
 11.6413416    -0.0811685     0.0521467    -0.0137727
 11.6713768    -0.0819297     0.0507574    -0.0150736
 11.7014120    -0.0819343     0.0489650    -0.0158325
 11.7314472    -0.0813495     0.0469196    -0.0160394
 11.7614824    -0.0803216     0.0447626    -0.0157151
 11.7915176    -0.0789675     0.0426187    -0.0149099
 11.8215528    -0.0773690     0.0405886    -0.0137001
 11.8515880    -0.0755697     0.0387446    -0.0121838
 11.8816232    -0.0735748     0.0371266    -0.0104737
 11.9116584    -0.0713539     0.0357415    -0.0086900
 11.9416936    -0.0688461     0.0345637    -0.0069520
 11.9717288    -0.0659674     0.0335382    -0.0053702
 12.0017640    -0.0626200     0.0325850    -0.0040380
 12.0317992    -0.0587021     0.0316058    -0.0030254
 12.0618344    -0.0541189     0.0304907    -0.0023734
 12.0918696    -0.0487927     0.0291266    -0.0020906
 12.1219048    -0.0426720     0.0274052    -0.0021519
 12.1519400    -0.0357400     0.0252308    -0.0024995
 12.1819752    -0.0280196     0.0225278    -0.0030463
 12.2120104    -0.0195776     0.0192463    -0.0036809
 12.2420456    -0.0105246     0.0153671    -0.0042756
 12.2720808    -0.0010139     0.0109041    -0.0046944
 12.3021160     0.0087638     0.0059055    -0.0048030
 12.3321512     0.0185870     0.0004530    -0.0044784
 12.3621864     0.0282127    -0.0053414    -0.0036189
 12.3922216     0.0373870    -0.0113396    -0.0021526
 12.4222568     0.0458563    -0.0173834    -0.0000443
 12.4522920     0.0533798    -0.0233017     0.0026992
 12.4823272     0.0597405    -0.0289179     0.0060267
 12.5123624     0.0647561    -0.0340582     0.0098424
 12.5423976     0.0682882    -0.0385593     0.0140089
 12.5724328     0.0702490    -0.0422763     0.0183529
 12.6024680     0.0706062    -0.0450885     0.0226730
 12.6325032     0.0693850    -0.0469054     0.0267499
 12.6625384     0.0666671    -0.0476702     0.0303581
 12.6925736     0.0625872    -0.0473619     0.0332782
 12.7226088     0.0573269    -0.0459966     0.0353097
 12.7526440     0.0511065    -0.0436256     0.0362830
 12.7826792     0.0441750    -0.0403332     0.0360705
 12.8127144     0.0367982    -0.0362329     0.0345946
 12.8427496     0.0292473    -0.0314618     0.0318350
 12.8727848     0.0217867    -0.0261746     0.0278311
 12.9028200     0.0146620    -0.0205374     0.0226826
 12.9328552     0.0080903    -0.0147206     0.0165460
 12.9628904     0.0022512    -0.0088920     0.0096282
 12.9929256    -0.0027198    -0.0032110     0.0021774
 13.0229608    -0.0067360     0.0021773    -0.0055290
 13.0529960    -0.0097604     0.0071472    -0.0131978
 13.0830312    -0.0118058     0.0115955    -0.0205345
 13.1130664    -0.0129310     0.0154444    -0.0272584
 13.1431016    -0.0132355     0.0186428    -0.0331169
 13.1731368    -0.0128523     0.0211666    -0.0378981
 13.2031720    -0.0119386     0.0230174    -0.0414421
 13.2332072    -0.0106667     0.0242209    -0.0436486
 13.2632424    -0.0092131     0.0248240    -0.0444820
 13.2932776    -0.0077492     0.0248914    -0.0439725
 13.3233128    -0.0064311     0.0245012    -0.0422142
 13.3533480    -0.0053923     0.0237414    -0.0393587
 13.3833832    -0.0047363     0.0227049    -0.0356066
 13.4134184    -0.0045320     0.0214854    -0.0311957
 13.4434536    -0.0048113     0.0201736    -0.0263872
 13.4734888    -0.0055685     0.0188532    -0.0214507
 13.5035240    -0.0067614     0.0175979    -0.0166492
 13.5335593    -0.0083158     0.0164686    -0.0122236
 13.5635945    -0.0101304     0.0155117    -0.0083799
 13.5936297    -0.0120834     0.0147572    -0.0052770
 13.6236649    -0.0140411     0.0142183    -0.0030184
 13.6537001    -0.0158655     0.0138915    -0.0016468
 13.6837353    -0.0174234     0.0137567    -0.0011421
 13.7137705    -0.0185940     0.0137784    -0.0014232
 13.7438057    -0.0192765     0.0139077    -0.0023536
 13.7738409    -0.0193960     0.0140842    -0.0037497
 13.8038761    -0.0189080     0.0142387    -0.0053929
 13.8339113    -0.0178014     0.0142960    -0.0070422
 13.8639465    -0.0160988     0.0141786    -0.0084499
 13.8939817    -0.0138560     0.0138096    -0.0093765
 13.9240169    -0.0111590     0.0131167    -0.0096055
 13.9540521    -0.0081192     0.0120358    -0.0089571
 13.9840873    -0.0048676     0.0105144    -0.0072999
 14.0141225    -0.0015478     0.0085149    -0.0045595
 14.0441577     0.0016917     0.0060174    -0.0007237
 14.0741929     0.0047055     0.0030225     0.0041548
 14.1042281     0.0073591    -0.0004474     0.0099606
 14.1342633     0.0095362    -0.0043467     0.0165207
 14.1642985     0.0111449    -0.0086068     0.0236128
 14.1943337     0.0121225    -0.0131368     0.0309770
 14.2243689     0.0124392    -0.0178250     0.0383287
 14.2544041     0.0121000    -0.0225426     0.0453734
 14.2844393     0.0111439    -0.0271466     0.0518220
 14.3144745     0.0096430    -0.0314855     0.0574057
 14.3445097     0.0076979    -0.0354042     0.0618893
 14.3745449     0.0054335    -0.0387505     0.0650832
 14.4045801     0.0029920    -0.0413821     0.0668524
 14.4346153     0.0005257    -0.0431722     0.0671226
 14.4646505    -0.0018104    -0.0440173     0.0658826
 14.4946857    -0.0038676    -0.0438419     0.0631838
 14.5247209    -0.0055105    -0.0426048     0.0591357
 14.5547561    -0.0066248    -0.0403019     0.0538990
 14.5847913    -0.0071237    -0.0369700     0.0476756
 14.6148265    -0.0069524    -0.0326868     0.0406970
 14.6448617    -0.0060924    -0.0275703     0.0332108
 14.6748969    -0.0045628    -0.0217764     0.0254678
 14.7049321    -0.0024206    -0.0154941     0.0177086
 14.7349673     0.0002409    -0.0089391     0.0101515
 14.7650025     0.0032962    -0.0023462     0.0029823
 14.7950377     0.0065917     0.0040402    -0.0036532
 14.8250729     0.0099532     0.0099755    -0.0096550
 14.8551081     0.0131927     0.0152262    -0.0149703
 14.8851433     0.0161174     0.0195794    -0.0195929
 14.9151785     0.0185380     0.0228536    -0.0235592
 14.9452137     0.0202777     0.0249070    -0.0269417
 14.9752489     0.0211806     0.0256452    -0.0298407
 15.0052841     0.0211196     0.0250268    -0.0323738
 15.0353193     0.0200033     0.0230663    -0.0346652
 15.0653545     0.0177807     0.0198352    -0.0368347
 15.0953897     0.0144458     0.0154603    -0.0389874
 15.1254249     0.0100390     0.0101187    -0.0412043
 15.1554601     0.0046479     0.0040318    -0.0435356
 15.1854953    -0.0015948    -0.0025445    -0.0459958
 15.2155305    -0.0085148    -0.0093304    -0.0485612
 15.2455657    -0.0159013    -0.0160341    -0.0511710
 15.2756009    -0.0235136    -0.0223652    -0.0537306

PDF 1 in T(r) format
  r, PDF (RMC), PDF (Expt)
 CURVES
         128 ,           2
      0.0000000        0.0000000        0.0000000
      0.0654509        0.0000000        0.0000000
      0.1309019        0.0000000        0.0000000
      0.1963528        0.0000000        0.0000000
      0.2618037        0.0000000        0.0000000
      0.3272547        0.0000000        0.0000000
      0.3927056        0.0000000        0.0000000
      0.4581565        0.0000000        0.0000000
      0.5236075        0.0000000        0.0000000
      0.5890584        0.0000000        0.0000000
      0.6545093        0.0000000        0.0000000
      0.7199603        0.0000000        0.0000000
      0.7854112        0.0000000        0.0000000
      0.8508621        0.0000000        0.0000000
      0.9163131        0.0000000        0.0000000
      0.9817640        0.0000000        0.0000000
      1.0472149        0.0000000        0.0000000
      1.1126659        0.0000000        0.0000000
      1.1781168        0.0754675        0.0000000
      1.2435677        0.1562265        0.1316760
      1.3090187        0.3637542        0.4238625
      1.3744696        0.7402056        0.8213135
      1.4399206        1.2752477        1.3101088
      1.5053715        1.9037068        1.8490447
      1.5708224        2.5269391        2.3716990
      1.6362734        3.0421417        2.7982537
      1.7017243        3.3646636        3.0546463
      1.7671752        3.4404194        3.0928779
      1.8326262        3.2551565        2.9050534
      1.8980771        2.8445560        2.5258398
      1.9635280        2.2976515        2.0226272
      2.0289790        1.7399451        1.4775399
      2.0944299        1.2923134        0.9682367
      2.1598808        1.0223408        0.5539479
      2.2253318        0.9181678        0.2699826
      2.2907827        0.9060543        0.1298570
      2.3562336        0.9043108        0.1313560
      2.4216846        0.8789081        0.2623924
      2.4871355        0.8626453        0.5042328
      2.5525864        0.9251722        0.8321558
      2.6180374        1.1169108        1.2153921
      2.6834883        1.4282961        1.6184072
      2.7489392        1.7924695        2.0044334
      2.8143902        2.1257260        2.3405596
      2.8798411        2.3729421        2.6026470
      2.9452920        2.5256821        2.7783616
      3.0107430        2.6061152        2.8675033
      3.0761939        2.6374555        2.8799456
      3.1416448        2.6284531        2.8322592
      3.2070958        2.5818765        2.7441969
      3.2725467        2.5126097        2.6358189
      3.3379976        2.4523644        2.5254918
      3.4034486        2.4322263        2.4286263
      3.4688995        2.4573583        2.3569375
      3.5343504        2.4982796        2.3181306
      3.5998014        2.5103731        2.3160325
      3.6652523        2.4686782        2.3511994
      3.7307032        2.3905208        2.4218968
      3.7961542        2.3272644        2.5251770
      3.8616051        2.3311774        2.6576797
      3.9270560        2.4229844        2.8158390
      3.9925070        2.5837831        2.9954021
      4.0579579        2.7741302        3.1904842
      4.1234088        2.9617230        3.3926614
      4.1888598        3.1350633        3.5907160
      4.2543107        3.2956340        3.7714916
      4.3197617        3.4406725        3.9219209
      4.3852126        3.5551750        4.0317843
      4.4506635        3.6207806        4.0963630
      4.5161145        3.6321600        4.1180547
      4.5815654        3.6045816        4.1063047
      4.6470163        3.5652426        4.0757598
      4.7124673        3.5364434        4.0431579
      4.7779182        3.5258118        4.0238620
      4.8433691        3.5311269        4.0289911
      4.9088201        3.5527559        4.0638072
      4.9742710        3.5995700        4.1275499
      5.0397219        3.6813241        4.2144770
      5.1051729        3.7948243        4.3156183
      5.1706238        3.9186134        4.4207245
      5.2360747        4.0237567        4.5200193
      5.3015257        4.0930108        4.6055433
      5.3669766        4.1317657        4.6720168
      5.4324275        4.1605994        4.7172256
      5.4978785        4.1956801        4.7419643
      5.5633294        4.2345445        4.7495865
      5.6287803        4.2602022        4.7452451
      5.6942313        4.2598476        4.7349460
      5.7596822        4.2408403        4.7245755
      5.8251331        4.2287360        4.7190665
      5.8905841        4.2483577        4.7218376
      5.9560350        4.3045030        4.7345727
      6.0214859        4.3794964        4.7573326
      6.0869369        4.4496665        4.7889204
      6.1523878        4.5057071        4.8273866
      6.2178387        4.5584864        4.8705524
      6.2832897        4.6254154        4.9164535
      6.3487406        4.7105614        4.9636379
      6.4141915        4.7975912        5.0112909
      6.4796425        4.8627691        5.0591902
      6.5450934        4.8964317        5.1075293
      6.6105443        4.9130295        5.1566741
      6.6759953        4.9398774        5.2069343
      6.7414462        4.9941966        5.2584231
      6.8068971        5.0689904        5.3110428
      6.8723481        5.1405164        5.3645835
      6.9377990        5.1904908        5.4188737
      7.0032500        5.2226500        5.4739079
      7.0687009        5.2584376        5.5298932
      7.1341518        5.3158532        5.5872011
      7.1996028        5.3912485        5.6462477
      7.2650537        5.4614316        5.7073475
      7.3305046        5.5048138        5.7705812
      7.3959556        5.5224649        5.8357052
      7.4614065        5.5394222        5.9021196
      7.5268574        5.5842235        5.9689092
      7.5923084        5.6645300        6.0349632
      7.6577593        5.7606215        6.0991596
      7.7232102        5.8426829        6.1605761
      7.7886612        5.8964521        6.2186654
      7.8541121        5.9343975        6.2733426
      7.9195630        5.9829219        6.3249606
      7.9850140        6.0579076        6.3741990
      8.0504649        6.1511521        6.4219127
      8.1159158        6.2395032        6.4689945
      8.1813668        6.3068966        6.5162703
      8.2468177        6.3573840        6.5644273
      8.3122686        6.4062768        6.6139564
      8.3777196        6.4584223        6.6651086

 Total S(Q)'s: Comparison with input data

   495  2 are NQ and NPAR

       Q      S(Q)_RMC  S(Q)_Expt
      0.0000000      0.0000000      0.0000000
      0.4682470     -0.3428138     -0.6992504
      0.4982822     -0.4119885     -0.6593428
      0.5283174     -0.4554701     -0.6307593
      0.5583526     -0.4740838     -0.6130796
      0.5883878     -0.4695456     -0.6054467
      0.6184230     -0.4443450     -0.6066165
      0.6484582     -0.4015993     -0.6150213
      0.6784934     -0.3448866     -0.6288458
      0.7085286     -0.2780666     -0.6461097
      0.7385638     -0.2050964     -0.6647553
      0.7685990     -0.1298524     -0.6827350
      0.7986342     -0.0559639     -0.6980950
      0.8286694      0.0133322     -0.7090529
      0.8587046      0.0753111     -0.7140646
      0.8887398      0.1278490     -0.7118795
      0.9187750      0.1694781     -0.7015809
      0.9488102      0.1994069     -0.6826117
      0.9788454      0.2175065     -0.6547838
      1.0088806      0.2242651     -0.6182724
      1.0389158      0.2207146     -0.5735955
      1.0689510      0.2083333     -0.5215811
      1.0989862      0.1889334     -0.4633228
      1.1290214      0.1645361     -0.4001277
      1.1590566      0.1372452     -0.3334575
      1.1890918      0.1091223     -0.2648680
      1.2191270      0.0820732     -0.1959473
      1.2491622      0.0577479     -0.1282568
      1.2791974      0.0374622     -0.0632771
      1.3092326      0.0221403     -0.0023598
      1.3392678      0.0122839      0.0533113
      1.3693030      0.0079659      0.1027509
      1.3993382      0.0088492      0.1451920
      1.4293734      0.0142278      0.1800971
      1.4594086      0.0230869      0.2071585
      1.4894438      0.0341784      0.2262912
      1.5194790      0.0461064      0.2376170
      1.5495142      0.0574176      0.2414439
      1.5795494      0.0666917      0.2382394
      1.6095846      0.0726265      0.2286018
      1.6396198      0.0741130      0.2132297
      1.6696551      0.0702965      0.1928918
      1.6996903      0.0606224      0.1683977
      1.7297255      0.0448616      0.1405714
      1.7597607      0.0231182      0.1102284
      1.7897959     -0.0041825      0.0781559
      1.8198311     -0.0363236      0.0450976
      1.8498663     -0.0723415      0.0117423
      1.8799015     -0.1110832     -0.0212836
      1.9099367     -0.1512716     -0.0534202
      1.9399719     -0.1915770     -0.0841759
      1.9700071     -0.2306870     -0.1131267
      2.0000423     -0.2673752     -0.1399141
      2.0300775     -0.3005614     -0.1642426
      2.0601127     -0.3293619     -0.1858767
      2.0901479     -0.3531276     -0.2046385
      2.1201831     -0.3714674     -0.2204054
      2.1502183     -0.3842571     -0.2331096
      2.1802535     -0.3916326     -0.2427365
      2.2102887     -0.3939704     -0.2493261
      2.2403239     -0.3918545     -0.2529721
      2.2703591     -0.3860344     -0.2538228
      2.3003943     -0.3773754     -0.2520808
      2.3304295     -0.3668054     -0.2480012
      2.3604647     -0.3552604     -0.2418892
      2.3904999     -0.3436326     -0.2340951
      2.4205351     -0.3327237     -0.2250084
      2.4505703     -0.3232059     -0.2150487
      2.4806055     -0.3155920     -0.2046552
      2.5106407     -0.3102170     -0.1942744
      2.5406759     -0.3072303     -0.1843463
      2.5707111     -0.3066003     -0.1752901
      2.6007463     -0.3081284     -0.1674890
      2.6307815     -0.3114728     -0.1612759
      2.6608167     -0.3161796     -0.1569211
      2.6908519     -0.3217189     -0.1546205
      2.7208871     -0.3275239     -0.1544874
      2.7509223     -0.3330293     -0.1565476
      2.7809575     -0.3377089     -0.1607374
      2.8109927     -0.3411077     -0.1669061
      2.8410279     -0.3428682     -0.1748216
      2.8710631     -0.3427488     -0.1841808
      2.9010983     -0.3406345     -0.1946218
      2.9311335     -0.3365379     -0.2057399
      2.9611687     -0.3305923     -0.2171054
      2.9912039     -0.3230367     -0.2282817
      3.0212391     -0.3141945     -0.2388447
      3.0512743     -0.3044472     -0.2484007
      3.0813095     -0.2942045     -0.2566029
      3.1113447     -0.2838746     -0.2631647
      3.1413799     -0.2738338     -0.2678711
      3.1714151     -0.2643999     -0.2705849
      3.2014503     -0.2558102     -0.2712495
      3.2314855     -0.2482045     -0.2698874
      3.2615207     -0.2416152     -0.2665947
      3.2915559     -0.2359655     -0.2615313
      3.3215911     -0.2310733     -0.2549087
      3.3516263     -0.2266634     -0.2469746
      3.3816615     -0.2223849     -0.2379965
      3.4116967     -0.2178342     -0.2282442
      3.4417319     -0.2125799     -0.2179730
      3.4717671     -0.2061916     -0.2074075
      3.5018023     -0.1982662     -0.1967287
      3.5318375     -0.1884548     -0.1860630
      3.5618727     -0.1764843     -0.1754751
      3.5919079     -0.1621756     -0.1649646
      3.6219431     -0.1454560     -0.1544672
      3.6519783     -0.1263647     -0.1438586
      3.6820135     -0.1050521     -0.1329635
      3.7120487     -0.0817728     -0.1215668
      3.7420839     -0.0568721     -0.1094272
      3.7721191     -0.0307683     -0.0962934
      3.8021543     -0.0039304     -0.0819195
      3.8321895      0.0231465     -0.0660818
      3.8622247      0.0499667     -0.0485933
      3.8922599      0.0760589     -0.0293168
      3.9222951      0.1009990     -0.0081756
      3.9523303      0.1244302      0.0148402
      3.9823655      0.1460775      0.0396693
      4.0124007      0.1657583      0.0661798
      4.0424359      0.1833863      0.0941731
      4.0724711      0.1989698      0.1233906
      4.1025063      0.2126049      0.1535246
      4.1325415      0.2244628      0.1842300
      4.1625767      0.2347736      0.2151384
      4.1926119      0.2438067      0.2458729
      4.2226471      0.2518497      0.2760623
      4.2526823      0.2591864      0.3053545
      4.2827175      0.2660760      0.3334284
      4.3127527      0.2727345      0.3600034
      4.3427879      0.2793189      0.3848456
      4.3728231      0.2859161      0.4077716
      4.4028583      0.2925362      0.4286486
      4.4328935      0.2991114      0.4473914
      4.4629287      0.3054990      0.4639576
      4.4929639      0.3114905      0.4783388
      4.5229991      0.3168237      0.4905519
      4.5530343      0.3211993      0.5006286
      4.5830695      0.3242991      0.5086043
      4.6131047      0.3258058      0.5145090
      4.6431399      0.3254224      0.5183581
      4.6731751      0.3228914      0.5201461
      4.7032103      0.3180110      0.5198425
      4.7332455      0.3106482      0.5173907
      4.7632807      0.3007485      0.5127096
      4.7933159      0.2883407      0.5056982
      4.8233511      0.2735380      0.4962435
      4.8533863      0.2565333      0.4842298
      4.8834215      0.2375916      0.4695501
      4.9134567      0.2170379      0.4521190
      4.9434919      0.1952426      0.4318845
      4.9735271      0.1726050      0.4088406
      5.0035623      0.1495355      0.3830374
      5.0335975      0.1264382      0.3545897
      5.0636327      0.1036941      0.3236821
      5.0936679      0.0816469      0.2905714
      5.1237031      0.0605904      0.2555854
      5.1537383      0.0407603      0.2191169
      5.1837735      0.0223289      0.1816160
      5.2138087      0.0054037      0.1435772
      5.2438439     -0.0099707      0.1055252
      5.2738791     -0.0238070      0.0679977
      5.3039143     -0.0361666      0.0315276
      5.3339495     -0.0471499     -0.0033760
      5.3639847     -0.0568842     -0.0362452
      5.3940199     -0.0655114     -0.0666705
      5.4240551     -0.0731763     -0.0943142
      5.4540903     -0.0800155     -0.1189224
      5.4841255     -0.0861479     -0.1403324
      5.5141607     -0.0916681     -0.1584763
      5.5441959     -0.0966417     -0.1733808
      5.5742311     -0.1011036     -0.1851625
      5.6042663     -0.1050593     -0.1940200
      5.6343015     -0.1084881     -0.2002219
      5.6643367     -0.1113494     -0.2040926
      5.6943719     -0.1135897     -0.2059959
      5.7244071     -0.1151513     -0.2063175
      5.7544423     -0.1159814     -0.2054474
      5.7844775     -0.1160405     -0.2037628
      5.8145127     -0.1153099     -0.2016126
      5.8445479     -0.1137984     -0.1993040
      5.8745831     -0.1115461     -0.1970923
      5.9046183     -0.1086264     -0.1951733
      5.9346535     -0.1051452     -0.1936802
      5.9646887     -0.1012382     -0.1926826
      5.9947239     -0.0970653     -0.1921904
      6.0247591     -0.0928033     -0.1921594
      6.0547943     -0.0886369     -0.1925003
      6.0848295     -0.0847492     -0.1930890
      6.1148647     -0.0813114     -0.1937786
      6.1448999     -0.0784728     -0.1944110
      6.1749351     -0.0763521     -0.1948293
      6.2049703     -0.0750298     -0.1948876
      6.2350055     -0.0745433     -0.1944608
      6.2650407     -0.0748832     -0.1934511
      6.2950759     -0.0759934     -0.1917925
      6.3251111     -0.0777729     -0.1894524
      6.3551463     -0.0800805     -0.1864308
      6.3851815     -0.0827420     -0.1827572
      6.4152167     -0.0855587     -0.1784848
      6.4452519     -0.0883175     -0.1736839
      6.4752871     -0.0908020     -0.1684335
      6.5053223     -0.0928038     -0.1628126
      6.5353575     -0.0941326     -0.1568925
      6.5653927     -0.0946260     -0.1507285
      6.5954279     -0.0941576     -0.1443547
      6.6254631     -0.0926428     -0.1377789
      6.6554983     -0.0900427     -0.1309811
      6.6855335     -0.0863646     -0.1239137
      6.7155687     -0.0816615     -0.1165040
      6.7456039     -0.0760280     -0.1086596
      6.7756391     -0.0695943     -0.1002749
      6.8056743     -0.0625194     -0.0912396
      6.8357095     -0.0549816     -0.0814483
      6.8657447     -0.0471695     -0.0708101
      6.8957799     -0.0392725     -0.0592581
      6.9258151     -0.0314712     -0.0467581
      6.9558503     -0.0239296     -0.0333156
      6.9858855     -0.0167879     -0.0189807
      7.0159207     -0.0101572     -0.0038508
      7.0459559     -0.0041168      0.0119293
      7.0759911      0.0012879      0.0281706
      7.1060263      0.0060440      0.0446450
      7.1360615      0.0101685      0.0610937
      7.1660967      0.0137046      0.0772369
      7.1961319      0.0167153      0.0927857
      7.2261671      0.0192778      0.1074542
      7.2562023      0.0214765      0.1209727
      7.2862375      0.0233959      0.1330998
      7.3162727      0.0251149      0.1436335
      7.3463079      0.0267009      0.1524207
      7.3763431      0.0282061      0.1593644
      7.4063783      0.0296645      0.1644277
      7.4364135      0.0310907      0.1676360
      7.4664487      0.0324803      0.1690744
      7.4964839      0.0338116      0.1688843
      7.5265191      0.0350491      0.1672553
      7.5565543      0.0361470      0.1644160
      7.5865896      0.0370547      0.1606229
      7.6166248      0.0377217      0.1561476
      7.6466600      0.0381025      0.1512644
      7.6766952      0.0381615      0.1462371
      7.7067304      0.0378770      0.1413077
      7.7367656      0.0372439      0.1366860
      7.7668008      0.0362755      0.1325418
      7.7968360      0.0350036      0.1289985
      7.8268712      0.0334777      0.1261313
      7.8569064      0.0317626      0.1239661
      7.8869416      0.0299349      0.1224822
      7.9169768      0.0280788      0.1216178
      7.9470120      0.0262809      0.1212768
      7.9770472      0.0246255      0.1213376
      8.0070824      0.0231893      0.1216630
      8.0371176      0.0220366      0.1221101
      8.0671528      0.0212157      0.1225408
      8.0971880      0.0207562      0.1228306
      8.1272232      0.0206666      0.1228764
      8.1572584      0.0209348      0.1226024
      8.1872936      0.0215284      0.1219640
      8.2173288      0.0223970      0.1209491
      8.2473640      0.0234758      0.1195775
      8.2773992      0.0246891      0.1178971
      8.3074344      0.0259558      0.1159793
      8.3374696      0.0271941      0.1139118
      8.3675048      0.0283263      0.1117910
      8.3975400      0.0292840      0.1097134
      8.4275752      0.0300113      0.1077671
      8.4576104      0.0304689      0.1060239
      8.4876456      0.0306352      0.1045325
      8.5176808      0.0305074      0.1033134
      8.5477160      0.0301010      0.1023557
      8.5777512      0.0294480      0.1016158
      8.6077864      0.0285941      0.1010187
      8.6378216      0.0275951      0.1004614
      8.6678568      0.0265125      0.0998180
      8.6978920      0.0254089      0.0989470
      8.7279272      0.0243432      0.0976994
      8.7579624      0.0233663      0.0959278
      8.7879976      0.0225175      0.0934954
      8.8180328      0.0218213      0.0902846
      8.8480680      0.0212853      0.0862052
      8.8781032      0.0209002      0.0812003
      8.9081384      0.0206393      0.0752506
      8.9381736      0.0204608      0.0683772
      8.9682088      0.0203103      0.0606412
      8.9982440      0.0201246      0.0521412
      9.0282792      0.0198355      0.0430094
      9.0583144      0.0193750      0.0334043
      9.0883496      0.0186797      0.0235035
      9.1183848      0.0176955      0.0134940
      9.1484200      0.0163811      0.0035631
      9.1784552      0.0147120     -0.0061113
      9.2084904      0.0126817     -0.0153692
      9.2385256      0.0103034     -0.0240769
      9.2685608      0.0076096     -0.0321321
      9.2985960      0.0046508     -0.0394686
      9.3286312      0.0014926     -0.0460580
      9.3586664     -0.0017871     -0.0519090
      9.3887016     -0.0051030     -0.0570648
      9.4187368     -0.0083666     -0.0615982
      9.4487720     -0.0114915     -0.0656052
      9.4788072     -0.0143977     -0.0691968
      9.5088424     -0.0170164     -0.0724907
      9.5388776     -0.0192935     -0.0756020
      9.5689128     -0.0211921     -0.0786348
      9.5989480     -0.0226947     -0.0816743
      9.6289832     -0.0238033     -0.0847810
      9.6590184     -0.0245387     -0.0879852
      9.6890536     -0.0249389     -0.0912856
      9.7190888     -0.0250560     -0.0946483
      9.7491240     -0.0249528     -0.0980092
      9.7791592     -0.0246980     -0.1012784
      9.8091944     -0.0243623     -0.1043457
      9.8392296     -0.0240131     -0.1070887
      9.8692648     -0.0237106     -0.1093811
      9.8993000     -0.0235038     -0.1111015
      9.9293352     -0.0234277     -0.1121427
      9.9593704     -0.0235010     -0.1124193
      9.9894056     -0.0237251     -0.1118749
     10.0194408     -0.0240845     -0.1104870
     10.0494760     -0.0245481     -0.1082703
     10.0795112     -0.0250714     -0.1052769
     10.1095464     -0.0255994     -0.1015953
     10.1395816     -0.0260711     -0.0973455
     10.1696168     -0.0264231     -0.0926738
     10.1996520     -0.0265944     -0.0877441
     10.2296872     -0.0265303     -0.0827289
     10.2597224     -0.0261862     -0.0777997
     10.2897576     -0.0255311     -0.0731163
     10.3197928     -0.0245493     -0.0688176
     10.3498280     -0.0232420     -0.0650129
     10.3798632     -0.0216273     -0.0617750
     10.4098984     -0.0197395     -0.0591356
     10.4399336     -0.0176271     -0.0570826
     10.4699688     -0.0153498     -0.0555604
     10.5000040     -0.0129754     -0.0544728
     10.5300392     -0.0105756     -0.0536882
     10.5600744     -0.0082216     -0.0530469
     10.5901096     -0.0059806     -0.0523708
     10.6201448     -0.0039114     -0.0514731
     10.6501800     -0.0020614     -0.0501700
     10.6802152     -0.0004643     -0.0482915
     10.7102504      0.0008618     -0.0456915
     10.7402856      0.0019150     -0.0422569
     10.7703208      0.0027089     -0.0379145
     10.8003560      0.0032713     -0.0326361
     10.8303912      0.0036418     -0.0264401
     10.8604264      0.0038690     -0.0193913
     10.8904616      0.0040068     -0.0115973
     10.9204968      0.0041104     -0.0032028
     10.9505320      0.0042328      0.0056189
     10.9805672      0.0044210      0.0146749
     11.0106024      0.0047126      0.0237644
     11.0406376      0.0051337      0.0326893
     11.0706728      0.0056969      0.0412657
     11.1007080      0.0064006      0.0493337
     11.1307432      0.0072294      0.0567661
     11.1607784      0.0081549      0.0634748
     11.1908136      0.0091379      0.0694149
     11.2208488      0.0101314      0.0745856
     11.2508840      0.0110831      0.0790289
     11.2809192      0.0119398      0.0828251
     11.3109544      0.0126509      0.0860859
     11.3409896      0.0131714      0.0889461
     11.3710248      0.0134656      0.0915524
     11.4010600      0.0135095      0.0940530
     11.4310952      0.0132923      0.0965861
     11.4611304      0.0128177      0.0992690
     11.4911656      0.0121036      0.1021890
     11.5212008      0.0111810      0.1053958
     11.5512360      0.0100926      0.1088963
     11.5812712      0.0088901      0.1126528
     11.6113064      0.0076307      0.1165829
     11.6413416      0.0063742      0.1205638
     11.6713768      0.0051790      0.1244386
     11.7014120      0.0040987      0.1280247
     11.7314472      0.0031787      0.1311251
     11.7614824      0.0024540      0.1335400
     11.7915176      0.0019464      0.1350795
     11.8215528      0.0016645      0.1355759
     11.8515880      0.0016021      0.1348950
     11.8816232      0.0017401      0.1329454
     11.9116584      0.0020471      0.1296862
     11.9416936      0.0024819      0.1251306
     11.9717288      0.0029966      0.1193476
     12.0017640      0.0035394      0.1124598
     12.0317992      0.0040583      0.1046377
     12.0618344      0.0045046      0.0960918
     12.0918696      0.0048356      0.0870617
     12.1219048      0.0050179      0.0778031
     12.1519400      0.0050289      0.0685743
     12.1819752      0.0048583      0.0596221
     12.2120104      0.0045088      0.0511679
     12.2420456      0.0039953      0.0433958
     12.2720808      0.0033439      0.0364423
     12.3021160      0.0025899      0.0303889
     12.3321512      0.0017754      0.0252583
     12.3621864      0.0009458      0.0210137
     12.3922216      0.0001474      0.0175616
     12.4222568     -0.0005765      0.0147588
     12.4522920     -0.0011881      0.0124218
     12.4823272     -0.0016579      0.0103389
     12.5123624     -0.0019666      0.0082842
     12.5423976     -0.0021064      0.0060327
     12.5724328     -0.0020813      0.0033755
     12.6024680     -0.0019069      0.0001336
     12.6325032     -0.0016091     -0.0038293
     12.6625384     -0.0012224     -0.0085969
     12.6925736     -0.0007871     -0.0141939
     12.7226088     -0.0003467     -0.0205825
     12.7526440      0.0000552     -0.0276635
     12.7826792      0.0003783     -0.0352811
     12.8127144      0.0005880     -0.0432313
     12.8427496      0.0006584     -0.0512733
     12.8727848      0.0005740     -0.0591443
     12.9028200      0.0003306     -0.0665748
     12.9328552     -0.0000636     -0.0733057
     12.9628904     -0.0005894     -0.0791044
     12.9929256     -0.0012167     -0.0837802
     13.0229608     -0.0019076     -0.0871967
     13.0529960     -0.0026179     -0.0892818
     13.0830312     -0.0033009     -0.0900334
     13.1130664     -0.0039100     -0.0895213
     13.1431016     -0.0044021     -0.0878843
     13.1731368     -0.0047407     -0.0853230
     13.2031720     -0.0048980     -0.0820887
     13.2332072     -0.0048573     -0.0784690
     13.2632424     -0.0046141     -0.0747704
     13.2932776     -0.0041765     -0.0712996
     13.3233128     -0.0035644     -0.0683444
     13.3533480     -0.0028089     -0.0661547
     13.3833832     -0.0019497     -0.0649263
     13.4134184     -0.0010326     -0.0647867
     13.4434536     -0.0001067     -0.0657854
     13.4734888      0.0007792     -0.0678888
     13.5035240      0.0015797     -0.0709792
     13.5335593      0.0022561     -0.0748607
     13.5635945      0.0027788     -0.0792682
     13.5936297      0.0031293     -0.0838827
     13.6236649      0.0033016     -0.0883494
     13.6537001      0.0033026     -0.0922988
     13.6837353      0.0031514     -0.0953698
     13.7137705      0.0028779     -0.0972330
     13.7438057      0.0025208     -0.0976123
     13.7738409      0.0021245     -0.0963049
     13.8038761      0.0017362     -0.0931969
     13.8339113      0.0014018     -0.0882746
     13.8639465      0.0011632     -0.0816297
     13.8939817      0.0010543     -0.0734582
     13.9240169      0.0010987     -0.0640541
     13.9540521      0.0013075     -0.0537950
     13.9840873      0.0016782     -0.0431242
     14.0141225      0.0021942     -0.0325265
     14.0441577      0.0028262     -0.0225014
     14.0741929      0.0035334     -0.0135343
     14.1042281      0.0042662     -0.0060668
     14.1342633      0.0049699     -0.0004686
     14.1642985      0.0055884      0.0029871
     14.1943337      0.0060682      0.0041442
     14.2243689      0.0063625      0.0029783
     14.2544041      0.0064353     -0.0003960
     14.2844393      0.0062642     -0.0057258
     14.3144745      0.0058429     -0.0126278
     14.3445097      0.0051823     -0.0206056
     14.3745449      0.0043111     -0.0290725
     14.4045801      0.0032743     -0.0373827
     14.4346153      0.0021309     -0.0448658
     14.4646505      0.0009505     -0.0508656
     14.4946857     -0.0001906     -0.0547801
     14.5247209     -0.0012154     -0.0561000
     14.5547561     -0.0020505     -0.0544455
     14.5847913     -0.0026323     -0.0495969
     14.6148265     -0.0029121     -0.0415197
     14.6448617     -0.0028600     -0.0303800
     14.6748969     -0.0024691     -0.0165520
     14.7049321     -0.0017572     -0.0006136
     14.7349673     -0.0007677      0.0166672
     14.7650025      0.0004310      0.0343564
     14.7950377      0.0017486      0.0513876
     14.8250729      0.0030762      0.0666029
     14.8551081      0.0042921      0.0788011
     14.8851433      0.0052683      0.0867885
     14.9151785      0.0058779      0.0894328
     14.9452137      0.0060024      0.0857152
     14.9752489      0.0055398      0.0747797
     15.0052841      0.0044114      0.0559768
     15.0353193      0.0025683      0.0288986
     15.0653545     -0.0000041     -0.0065945
     15.0953897     -0.0032825     -0.0503595
     15.1254249     -0.0072049     -0.1019674
     15.1554601     -0.0116710     -0.1607127
     15.1854953     -0.0165452     -0.2256342
     15.2155305     -0.0216617     -0.2955479
     15.2455657     -0.0268310     -0.3690882
     15.2756009     -0.0318480     -0.4447586
