 Results from RMCProfile version 6.7.9.5

 (Version 6f format configuration file)                                          

 2 experiments   3 partials

 Partial g(r)'s are printed out below

   348  3 are NR and NPAR

   r (Ang)
   0.06545     0.00000     0.00000     0.00000
   0.13090     0.00000     0.00000     0.00000
   0.19635     0.00000     0.00000     0.00000
   0.26180     0.00000     0.00000     0.00000
   0.32725     0.00000     0.00000     0.00000
   0.39271     0.00000     0.00000     0.00000
   0.45816     0.00000     0.00000     0.00000
   0.52361     0.00000     0.00000     0.00000
   0.58906     0.00000     0.00000     0.00000
   0.65451     0.00000     0.00000     0.00000
   0.71996     0.00000     0.00000     0.00000
   0.78541     0.00000     0.00000     0.00000
   0.85086     0.00000     0.00000     0.00000
   0.91631     0.00000     0.00000     0.00000
   0.98176     0.00000     0.00000     0.00000
   1.04721     0.00000     0.00000     0.00000
   1.11267     0.00000     0.00000     0.00000
   1.17812     0.00000     6.62932     0.00000
   1.24357     0.00000     0.50758     0.00000
   1.30902     0.00000     0.22905     0.00000
   1.37447     0.00000     0.04617     0.00000
   1.43992     0.00000     1.12883     0.02817
   1.50537     0.00000     8.17274     0.45108
   1.57082     0.00000     8.09513     1.02386
   1.63627     0.00000     2.27509     1.02542
   1.70172     0.00000     1.63157     0.73626
   1.76718     0.00000     3.90577     0.91188
   1.83263     0.00000     6.82207     1.56539
   1.89808     0.00000     3.91027     2.31461
   1.96353     0.00000     0.87107     2.15531
   2.02898     0.00000     0.18717     1.70279
   2.09443     0.00000     0.06629     1.30506
   2.15988     0.00000     0.02182     1.21465
   2.22533     0.00000     0.03523     1.17080
   2.29078     0.00000     0.02216     0.97405
   2.35623     0.00000     0.01833     2.56216
   2.42168     0.00000     0.00744     0.34117
   2.48714     0.00000     0.02350     0.44150
   2.55259     0.00000     0.01339     0.68812
   2.61804     0.00000     0.11667     1.04408
   2.68349     0.00000     0.40178     1.77460
   2.74894     0.00000     0.94660     2.04092
   2.81439     0.00000     0.75808     1.34048
   2.87984     3.02265     0.45580     0.81534
   2.94529     1.80863     0.44247     0.72226
   3.01074     2.14600     0.58063     0.80721
   3.07619     3.35268     1.00943     1.09888
   3.14164     2.80971     1.15047     1.06985
   3.20710     1.81248     0.92730     0.90735
   3.27255     1.20011     0.69237     0.62731
   3.33800     0.89891     0.58850     0.54397
   3.40345     1.00461     0.59997     0.59007
   3.46890     1.43376     0.77449     1.74047
   3.53435     2.18759     0.86130     0.30749
   3.59980     2.79233     0.83139     0.34826
   3.66525     0.21979     0.64611     0.38377
   3.73070     0.22878     0.71661     0.44283
   3.79615     0.39372     0.86262     0.60707
   3.86161     0.58237     1.12906     0.68559
   3.92706     0.90475     1.26049     0.82582
   3.99251     0.82085     1.14654     0.82004
   4.05796     0.53441     0.92885     0.78582
   4.12341     0.43926     0.89019     0.78340
   4.18886     0.47514     1.04074     0.90561
   4.25431     0.93725     1.37608     0.99577
   4.31976     1.15727     1.50689     1.12863
   4.38521     1.12600     1.48417     1.07164
   4.45066     0.90607     1.18982     1.02340
   4.51611     0.69548     1.05292     1.04193
   4.58157     0.62334     1.07293     1.07291
   4.64702     0.94640     1.17959     1.05034
   4.71247     1.08193     1.18765     1.16013
   4.77792     1.07025     1.07954     1.14776
   4.84337     0.90577     0.95139     1.02169
   4.90882     0.74723     0.81396     0.96190
   4.97427     0.73472     0.82853     0.97925
   5.03972     0.98246     0.97430     1.05116
   5.10517     1.28175     1.06496     1.07594
   5.17062     1.32530     1.08983     1.11770
   5.23607     1.21635     1.03730     1.08248
   5.30153     1.01965     0.93529     1.02370
   5.36698     0.98288     0.86870     1.00497
   5.43243     1.15356     0.95037     1.08235
   5.49788     1.33695     1.12894     1.07703
   5.56333     1.40108     1.11005     1.11837
   5.62878     1.24077     1.06649     1.07362
   5.69423     1.00350     0.92328     0.99818
   5.75968     0.87087     0.87218     0.96814
   5.82513     0.94696     0.90239     0.99729
   5.89058     1.12292     1.03958     1.02155
   5.95604     1.26485     1.04760     1.04534
   6.02149     1.12573     1.03738     1.01146
   6.08694     0.94382     0.94573     0.97169
   6.15239     0.87490     0.88193     0.94302
   6.21784     0.89102     0.93905     0.95463
   6.28329     0.97228     1.00503     0.98664
   6.34874     1.15487     1.08145     1.04865
   6.41419     1.15956     1.02945     1.00961
   6.47964     0.89218     0.98660     0.98341
   6.54509     0.83523     0.94083     0.94645
   6.61054     0.76976     0.94059     0.94585
   6.67600     0.91322     0.96987     0.98900
   6.74145     1.04462     1.08518     1.02259
   6.80690     1.02463     1.05311     0.99766
   6.87235     0.92062     0.96419     0.98834
   6.93780     0.84921     0.95847     0.98192
   7.00325     0.76376     0.96109     0.94072
   7.06870     0.83890     0.95501     0.97453
   7.13415     0.96009     1.00042     1.03737
   7.19960     1.08568     1.07544     1.03325
   7.26505     0.98613     1.00657     1.03187
   7.33050     0.81561     0.95431     0.99559
   7.39596     0.83828     0.93111     0.94787
   7.46141     0.87148     0.95690     0.95283
   7.52686     1.00559     0.99833     1.04847
   7.59231     1.09379     1.03946     1.04137
   7.65776     1.04753     1.04358     1.01069
   7.72321     0.93472     0.97381     0.99339
   7.78866     0.92194     0.91341     0.99482
   7.85411     0.95075     0.96613     0.98707
   7.91956     1.01172     0.96483     1.00668
   7.98501     1.09055     1.04736     1.00674
   8.05046     1.09343     1.04184     0.99990
   8.11592     0.98270     0.99486     1.00313
   8.18137     0.95406     0.96598     0.97929
   8.24682     0.90748     0.91949     0.97734
   8.31227     1.02899     0.97325     0.99097
   8.37772     1.07649     1.03661     1.03568
   8.44317     1.11185     1.00776     1.02624
   8.50862     1.05002     1.00456     1.00729
   8.57407     0.99389     0.98869     0.97031
   8.63952     0.92226     0.92838     0.97132
   8.70497     1.02305     0.97012     0.99513
   8.77043     1.03795     1.03054     0.99799
   8.83588     1.11607     1.06915     1.03545
   8.90133     1.10118     1.04431     1.02765
   8.96678     1.02395     0.99350     0.98691
   9.03223     0.93181     0.98878     0.96156
   9.09768     0.94853     0.96705     0.98112
   9.16313     1.03570     1.02948     1.02265
   9.22858     1.07341     1.05982     1.03152
   9.29403     1.06237     1.04646     0.99962
   9.35948     1.00724     1.01993     1.00887
   9.42493     0.90662     0.97079     0.97632
   9.49039     0.95265     0.95793     0.98447
   9.55584     0.98656     1.01602     0.99327
   9.62129     1.06012     1.04167     1.02255
   9.68674     1.03412     1.04980     1.01999
   9.75219     1.04647     1.02276     1.00066
   9.81764     0.92023     0.98368     0.97418
   9.88309     0.93357     0.94896     0.96461
   9.94854     0.98626     0.98573     0.98900
  10.01399     1.03865     1.01261     1.02811
  10.07944     1.06282     1.06362     1.02702
  10.14489     1.04240     1.02691     1.01310
  10.21035     0.93911     0.98199     0.99833
  10.27580     0.96228     0.96497     0.97763
  10.34125     0.99832     0.98013     0.99289
  10.40670     1.05262     1.01093     1.00269
  10.47215     1.06643     1.03307     1.02402
  10.53760     1.04280     1.01949     1.01410
  10.60305     0.96714     0.99530     0.99759
  10.66850     0.93903     0.95771     0.96640
  10.73395     0.91103     0.96865     0.98368
  10.79940     0.99583     0.99971     0.99559
  10.86486     1.03978     1.04325     1.01629
  10.93031     1.04384     1.02519     1.00012
  10.99576     0.99602     0.99836     0.99888
  11.06121     0.90240     0.96923     0.98853
  11.12666     0.96711     0.95950     0.96820
  11.19211     0.98125     0.97988     1.00530
  11.25756     1.03383     1.02176     1.02845
  11.32301     1.06391     1.02506     1.02274
  11.38846     1.00842     0.99997     1.00652
  11.45391     0.95677     0.96386     1.00262
  11.51936     0.92716     0.96685     0.97695
  11.58482     0.96935     0.99323     0.98858
  11.65027     1.05446     1.01884     1.00752
  11.71572     1.08785     1.02285     1.01045
  11.78117     1.07496     1.03310     0.99725
  11.84662     0.95132     0.97748     1.00344
  11.91207     0.95395     0.97260     0.97391
  11.97752     0.96090     0.97265     0.99415
  12.04297     1.05268     1.01413     1.01580
  12.10842     1.03857     1.01787     1.04180
  12.17387     0.99149     1.01687     1.00215
  12.23932     0.99947     1.00195     0.99945
  12.30478     0.95062     0.99045     0.99039
  12.37023     0.95648     0.98351     0.98996
  12.43568     1.01495     1.00807     0.99119
  12.50113     1.01991     1.02787     0.99448
  12.56658     1.02765     1.03247     1.02651
  12.63203     1.02682     0.99948     0.98386
  12.69748     0.98143     0.97622     1.00146
  12.76293     0.98738     0.96712     0.99714
  12.82838     0.95235     0.98917     1.00074
  12.89383     1.06181     1.02148     1.00765
  12.95928     1.04077     1.03024     1.00228
  13.02474     0.98495     1.02265     1.00050
  13.09019     0.97816     1.00702     0.99939
  13.15564     0.97247     0.96477     0.98567
  13.22109     0.98009     0.98169     1.00618
  13.28654     1.00653     1.03332     1.01069
  13.35199     1.05222     1.03496     1.01768
  13.41744     1.01046     1.02254     1.01840
  13.48289     1.00036     0.98945     1.00621
  13.54834     0.98977     0.95607     0.99532
  13.61379     0.98278     0.98290     0.97836
  13.67925     1.01547     0.99380     1.00110
  13.74470     1.00429     1.01268     1.01664
  13.81015     1.06462     1.01835     1.01836
  13.87560     0.99415     0.99465     0.98685
  13.94105     0.95446     0.97919     0.97550
  14.00650     0.96031     0.98652     0.99113
  14.07195     1.02186     0.99572     1.00118
  14.13740     1.04313     1.02115     1.01772
  14.20285     1.04444     1.00996     1.01191
  14.26830     0.99336     1.00928     1.01140
  14.33375     0.98149     0.98933     1.00439
  14.39921     0.97622     0.98660     0.98422
  14.46466     1.00393     0.99423     1.00340
  14.53011     1.01246     1.01050     1.00593
  14.59556     1.02949     1.03155     1.00715
  14.66101     1.03648     1.02845     0.99668
  14.72646     0.97603     0.98594     0.98939
  14.79191     0.97297     0.99033     0.99006
  14.85736     0.97963     1.00270     0.99929
  14.92281     1.01291     0.99412     0.98084
  14.98826     1.03218     1.03794     0.99706
  15.05371     1.00023     1.02785     1.01496
  15.11917     0.99716     0.98049     0.99770
  15.18462     0.95920     0.99664     1.00090
  15.25007     0.95821     0.99298     0.98140
  15.31552     1.00804     0.99096     1.00901
  15.38097     1.00804     1.00664     1.02119
  15.44642     1.03762     1.00952     1.01421
  15.51187     1.01661     0.99993     1.00099
  15.57732     0.99329     0.98484     0.98965
  15.64277     0.97032     0.97204     0.99261
  15.70822     0.97281     0.99801     0.99720
  15.77368     1.04341     1.01487     1.02017
  15.83913     1.02373     1.01978     0.99813
  15.90458     1.03409     0.99950     0.99825
  15.97003     0.99203     0.99087     0.99546
  16.03548     0.95738     0.98964     0.99144
  16.10093     0.98199     0.98716     1.00008
  16.16638     1.00618     0.99120     0.98316
  16.23183     1.04445     1.02219     1.00519
  16.29728     1.01798     1.00282     1.01379
  16.36273     0.99321     0.99628     0.98890
  16.42818     0.95849     0.97796     0.99775
  16.49364     0.98155     0.98182     0.99962
  16.55909     1.00590     0.99820     0.99365
  16.62454     1.03444     1.01971     1.01385
  16.68999     1.01450     1.01820     1.00240
  16.75544     1.00989     1.00275     1.00156
  16.82089     0.96480     0.98468     0.98227
  16.88634     0.96769     0.97849     0.99039
  16.95179     0.96628     0.99377     1.01021
  17.01724     1.00205     1.02264     1.01057
  17.08269     1.02632     1.03291     1.01655
  17.14814     0.99724     1.01001     0.99371
  17.21360     0.97795     0.99066     0.98035
  17.27905     0.97210     0.97046     0.99065
  17.34450     0.98980     0.99423     0.99231
  17.40995     1.04063     1.00303     1.00077
  17.47540     1.03171     1.00505     1.01351
  17.54085     1.01236     1.00243     1.01304
  17.60630     1.01419     0.98097     1.00265
  17.67175     0.96720     0.99145     0.99584
  17.73720     0.99725     0.98701     0.98623
  17.80265     0.98975     1.00670     1.00314
  17.86811     1.02639     1.02939     1.00509
  17.93356     1.00307     1.01000     1.00603
  17.99901     0.97756     1.00456     1.00666
  18.06446     0.99888     0.98713     0.98721
  18.12991     0.98340     0.98338     0.98942
  18.19536     0.98526     0.99463     0.99136
  18.26081     1.02266     1.02126     1.00245
  18.32626     1.03243     1.02580     1.01204
  18.39171     0.99617     0.99440     0.98883
  18.45716     0.98606     0.99137     0.99345
  18.52261     0.97066     0.98243     0.98619
  18.58807     1.00305     0.99879     1.00119
  18.65352     0.98987     1.00136     1.02205
  18.71897     1.02724     1.01836     1.00533
  18.78442     1.01484     1.00538     1.00372
  18.84987     1.01009     0.97635     0.98759
  18.91532     0.98531     0.98989     0.99787
  18.98077     1.00103     0.99788     0.99542
  19.04622     0.98650     1.01116     1.01122
  19.11167     1.01970     1.01455     1.00802
  19.17712     1.00377     1.00550     0.99405
  19.24257     1.00352     0.98588     1.00260
  19.30803     0.99099     0.98213     0.99523
  19.37348     0.97967     0.98337     0.99622
  19.43893     1.00818     0.99753     1.01132
  19.50438     1.02547     1.00102     1.00646
  19.56983     1.02860     1.01559     1.00821
  19.63528     1.00163     0.99699     0.99487
  19.70073     0.97395     0.99105     0.99373
  19.76618     0.95892     1.00017     1.00192
  19.83163     0.99043     1.00574     0.99632
  19.89708     1.00674     1.00644     1.01000
  19.96253     1.02296     1.00471     1.01068
  20.02799     0.98265     1.00083     0.99290
  20.09344     0.98458     0.99551     1.00041
  20.15889     0.99401     0.98179     0.98638
  20.22434     0.99877     1.00005     0.98611
  20.28979     1.00654     1.01151     0.99373
  20.35524     1.00203     1.01456     1.00815
  20.42069     0.99132     1.01361     1.00331
  20.48614     1.00803     0.99956     0.99458
  20.55159     0.98243     0.98425     0.99894
  20.61704     0.97457     0.99170     0.99278
  20.68250     0.99764     1.00943     0.99890
  20.74795     1.00588     1.00675     1.00557
  20.81340     1.02162     1.00966     1.00498
  20.87885     0.99198     1.00057     1.00295
  20.94430     0.98685     0.98700     1.00202
  21.00975     0.98150     0.99041     0.98870
  21.07520     0.98779     1.00090     1.00020
  21.14065     1.01291     1.00665     1.00836
  21.20610     1.01503     0.99508     1.00659
  21.27155     1.01929     0.99989     1.00425
  21.33700     0.99460     0.98553     0.99107
  21.40246     0.97399     0.97973     0.98572
  21.46791     1.01216     0.99137     0.98748
  21.53336     0.99977     0.99840     1.00552
  21.59881     1.01532     1.01548     1.01005
  21.66426     1.03867     0.99727     0.99671
  21.72971     0.98485     0.99888     1.00064
  21.79516     0.97943     0.99151     0.99366
  21.86061     1.00665     0.99191     1.00208
  21.92606     1.00956     0.99864     1.00009
  21.99151     1.01422     1.00245     0.99952
  22.05696     1.03010     1.01530     0.99762
  22.12242     0.99432     1.00250     0.99993
  22.18787     0.98376     0.98555     0.99265
  22.25332     0.97214     0.98825     0.99366
  22.31877     0.98155     1.00213     0.99646
  22.38422     1.00413     1.01639     1.01387
  22.44967     1.02919     1.01468     1.00629
  22.51512     0.99934     0.99913     1.00076
  22.58057     0.97176     0.99240     1.00133
  22.64602     0.97236     0.98222     0.98638
  22.71147     0.97619     0.98928     0.99039
  22.77693     0.96523     0.97405     0.98797

 Partial S(Q)'s are printed out below

   494  3 are NQ and NPAR

      Q          S(Q)_1      S(Q)_2      S(Q)_3
  0.4682470    -2.1880084     0.6188518    -0.9730126
  0.4982822    -2.0206437     0.7528637    -0.8757234
  0.5283174    -1.9794292     0.7994509    -0.8252555
  0.5583526    -2.0293683     0.7797980    -0.8092602
  0.5883878    -2.1121667     0.7339795    -0.8046423
  0.6184230    -2.1733712     0.7021952    -0.7886710
  0.6484582    -2.1834285     0.7088893    -0.7482372
  0.6784934    -2.1451638     0.7555272    -0.6838336
  0.7085286    -2.0865423     0.8237536    -0.6072972
  0.7385638    -2.0436931     0.8863632    -0.5349562
  0.7685990    -2.0426137     0.9206657    -0.4795274
  0.7986342    -2.0875833     0.9184360    -0.4443089
  0.8286694    -2.1606134     0.8886153    -0.4219656
  0.8587046    -2.2310924     0.8522940    -0.3981166
  0.8887398    -2.2704404     0.8327590    -0.3579155
  0.9187750    -2.2648361     0.8452308    -0.2926890
  0.9488102    -2.2204697     0.8906947    -0.2038431
  0.9788454    -2.1594566     0.9561975    -0.1025346
  1.0088806    -2.1087877     1.0211071    -0.0054203
  1.0389158    -2.0876039     1.0663627     0.0716264
  1.0689510    -2.0985011     1.0826702     0.1192260
  1.0989862    -2.1264694     1.0742714     0.1374130
  1.1290214    -2.1455231     1.0569440     0.1347965
  1.1590566    -2.1297200     1.0513453     0.1245523
  1.1890918    -2.0635576     1.0746538     0.1190433
  1.2191270    -1.9473309     1.1339696     0.1252674
  1.2491622    -1.7955375     1.2239957     0.1428244
  1.2791974    -1.6296078     1.3296069     0.1649449
  1.3092326    -1.4686671     1.4318970     0.1818658
  1.3392678    -1.3226468     1.5150022     0.1849691
  1.3693030    -1.1906813     1.5709168     0.1699587
  1.3993382    -1.0650735     1.6005929     0.1379152
  1.4293734    -0.9384560     1.6113033     0.0940581
  1.4594086    -0.8103413     1.6118074     0.0449979
  1.4894438    -0.6896691     1.6076402    -0.0041983
  1.5194790    -0.5919807     1.5985746    -0.0518736
  1.5495142    -0.5325026     1.5791871    -0.0999150
  1.5795494    -0.5184545     1.5420194    -0.1522935
  1.6095846    -0.5443614     1.4817144    -0.2128178
  1.6396198    -0.5928203     1.3981727    -0.2831573
  1.6696550    -0.6406637     1.2973174    -0.3619634
  1.6996902    -0.6679273     1.1891786    -0.4453463
  1.7297254    -0.6656322     1.0841996    -0.5283492
  1.7597606    -0.6388078     0.9894057    -0.6066580
  1.7897958    -0.6032386     0.9060708    -0.6777737
  1.8198311    -0.5772243     0.8298078    -0.7412032
  1.8498663    -0.5719376     0.7529462    -0.7977334
  1.8799015    -0.5847070     0.6681040    -0.8482733
  1.9099367    -0.5983807     0.5714208    -0.8929072
  1.9399719    -0.5873195     0.4641387    -0.9306299
  1.9700071    -0.5276571     0.3519766    -0.9598449
  2.0000423    -0.4075214     0.2426752    -0.9793009
  2.0300775    -0.2328025     0.1428107    -0.9889135
  2.0601127    -0.0258642     0.0551959    -0.9899849
  2.0901479     0.1824418    -0.0221465    -0.9846498
  2.1201831     0.3642435    -0.0951437    -0.9747858
  2.1502183     0.5048612    -0.1714216    -0.9609238
  2.1802535     0.6075159    -0.2575864    -0.9417372
  2.2102887     0.6905712    -0.3570480    -0.9144386
  2.2403239     0.7784784    -0.4690654    -0.8759929
  2.2703591     0.8902410    -0.5891479    -0.8246521
  2.3003943     1.0302502    -0.7104506    -0.7611300
  2.3304295     1.1853377    -0.8255338    -0.6888480
  2.3604647     1.3292743    -0.9278921    -0.6130704
  2.3904999     1.4328257    -1.0129124    -0.5392294
  2.4205351     1.4751727    -1.0782322    -0.4711074
  2.4505703     1.4519757    -1.1236813    -0.4096366
  2.4806055     1.3768122    -1.1510239    -0.3528326
  2.5106407     1.2755061    -1.1636115    -0.2969106
  2.5406759     1.1758135    -1.1659109    -0.2381364
  2.5707111     1.0967924    -1.1628142    -0.1746449
  2.6007463     1.0422062    -1.1587149    -0.1074715
  2.6307815     1.0005169    -1.1565113    -0.0403610
  2.6608167     0.9512165    -1.1568631     0.0215660
  2.6908519     0.8746095    -1.1580560     0.0737400
  2.7208871     0.7608179    -1.1566637     0.1138643
  2.7509223     0.6142472    -1.1488822     0.1427273
  2.7809575     0.4517912    -1.1320880     0.1637792
  2.8109927     0.2957611    -1.1059985     0.1816592
  2.8410279     0.1647294    -1.0729099     0.2002834
  2.8710631     0.0662718    -1.0368450     0.2212747
  2.9010983    -0.0053422    -1.0019112     0.2433599
  2.9311335    -0.0656602    -0.9705615     0.2629589
  2.9611687    -0.1324211    -0.9425468     0.2757067
  2.9912039    -0.2171893    -0.9150979     0.2782868
  3.0212391    -0.3198890    -0.8843491     0.2698531
  3.0512743    -0.4285605    -0.8474365     0.2525028
  3.0813095    -0.5243765    -0.8043378     0.2306511
  3.1113447    -0.5897091    -0.7585529     0.2095845
  3.1413799    -0.6157727    -0.7161658     0.1937587
  3.1714151    -0.6066034    -0.6835280     0.1854638
  3.2014503    -0.5777362    -0.6644473     0.1842959
  3.2314855    -0.5501921    -0.6580774     0.1875418
  3.2615207    -0.5423254    -0.6585112     0.1912515
  3.2915559    -0.5628996    -0.6564337     0.1915593
  3.3215911    -0.6081503    -0.6423469     0.1857945
  3.3516263    -0.6638620    -0.6101767     0.1730698
  3.3816615    -0.7113901    -0.5598328     0.1542668
  3.4116967    -0.7350058    -0.4976356     0.1315561
  3.4417319    -0.7275404    -0.4343289     0.1077007
  3.4717671    -0.6921868    -0.3813556     0.0853883
  3.5018023    -0.6400355    -0.3467853     0.0667410
  3.5318375    -0.5847221    -0.3324540     0.0530398
  3.5618727    -0.5366680    -0.3334176     0.0446206
  3.5919079    -0.4993768    -0.3399200     0.0408918
  3.6219431    -0.4691794    -0.3410882     0.0404577
  3.6519783    -0.4382120    -0.3288967     0.0413711
  3.6820135    -0.3990032    -0.3008664     0.0415378
  3.7120487    -0.3484415    -0.2605005     0.0392386
  3.7420839    -0.2893158    -0.2153900     0.0336473
  3.7721191    -0.2288417    -0.1738555     0.0251639
  3.8021543    -0.1750166    -0.1415454     0.0153928
  3.8321895    -0.1326344    -0.1193678     0.0066981
  3.8622247    -0.1009052    -0.1035225     0.0014360
  3.8922599    -0.0738301    -0.0874957     0.0011167
  3.9222951    -0.0431710    -0.0650674     0.0058192
  3.9523303    -0.0026216    -0.0329978     0.0141215
  3.9823655     0.0487923     0.0077442     0.0236160
  4.0124007     0.1057297     0.0526711     0.0318459
  4.0424359     0.1585265     0.0959970     0.0373004
  4.0724711     0.1973680     0.1333466     0.0400596
  4.1025063     0.2168295     0.1637262     0.0417955
  4.1325415     0.2187523     0.1898926     0.0450963
  4.1625767     0.2121031     0.2169805     0.0523665
  4.1926119     0.2097481     0.2500287     0.0647493
  4.2226471     0.2234041     0.2915229     0.0815306
  4.2526823     0.2588333     0.3400553     0.1002999
  4.2827175     0.3132733     0.3906975     0.1178278
  4.3127527     0.3761800     0.4369243     0.1313131
  4.3427879     0.4329991     0.4732450     0.1394813
  4.3728231     0.4704447     0.4973960     0.1430605
  4.4028583     0.4811824     0.5111477     0.1444123
  4.4328935     0.4661012     0.5193938     0.1464522
  4.4629287     0.4333873     0.5279389     0.1513025
  4.4929639     0.3949265     0.5409643     0.1592500
  4.5229991     0.3616100     0.5592775     0.1684697
  4.5530343     0.3394708     0.5800947     0.1756629
  4.5830695     0.3281265     0.5984242     0.1773712
  4.6131047     0.3219629     0.6094170     0.1714385
  4.6431399     0.3133385     0.6106285     0.1580094
  4.6731751     0.2962994     0.6031852     0.1396353
  4.7032103     0.2691919     0.5913339     0.1204161
  4.7332455     0.2351435     0.5805641     0.1045055
  4.7632807     0.2003669     0.5751212     0.0945694
  4.7933159     0.1711845     0.5759969     0.0908142
  4.8233511     0.1511661     0.5802811     0.0909688
  4.8533863     0.1396327     0.5821767     0.0912176
  4.8834215     0.1321027     0.5752689     0.0876987
  4.9134567     0.1223715     0.5551101     0.0779598
  4.9434919     0.1052082     0.5210493     0.0617975
  4.9735271     0.0784498     0.4765636     0.0411724
  5.0035623     0.0436072     0.4279738     0.0192819
  5.0335975     0.0048211     0.3820976    -0.0007855
  5.0636327    -0.0332459     0.3438083    -0.0172353
  5.0936679    -0.0675451     0.3144755    -0.0301032
  5.1237031    -0.0978113     0.2918599    -0.0409527
  5.1537383    -0.1262700     0.2714159    -0.0519129
  5.1837735    -0.1560863     0.2483807    -0.0645156
  5.2138087    -0.1893462     0.2197445    -0.0788672
  5.2438439    -0.2255596     0.1853073    -0.0935310
  5.2738791    -0.2614164     0.1474663    -0.1061709
  5.3039143    -0.2919270     0.1099431    -0.1146662
  5.3339495    -0.3124384     0.0760966    -0.1181927
  5.3639847    -0.3206069     0.0475976    -0.1177691
  5.3940199    -0.3174311     0.0240224    -0.1159980
  5.4240551    -0.3068729     0.0034662    -0.1160716
  5.4540903    -0.2942292    -0.0161948    -0.1204360
  5.4841255    -0.2839699    -0.0360459    -0.1296657
  5.5141607    -0.2779861    -0.0555000    -0.1420259
  5.5441959    -0.2749947    -0.0725884    -0.1539339
  5.5742311    -0.2713267    -0.0850240    -0.1611693
  5.6042663    -0.2627146    -0.0915112    -0.1603859
  5.6343015    -0.2462717    -0.0926557    -0.1503591
  5.6643367    -0.2217990    -0.0910090    -0.1325035
  5.6943719    -0.1918772    -0.0901788    -0.1104799
  5.7244071    -0.1607562    -0.0933780    -0.0890474
  5.7544423    -0.1325780    -0.1020482    -0.0725896
  5.7844775    -0.1097344    -0.1151851    -0.0638320
  5.8145127    -0.0920682    -0.1296885    -0.0631703
  5.8445479    -0.0772132    -0.1416196    -0.0687768
  5.8745831    -0.0618556    -0.1478452    -0.0773684
  5.9046183    -0.0432979    -0.1473763    -0.0853060
  5.9346535    -0.0206151    -0.1418336    -0.0896288
  5.9646887     0.0050801    -0.1348424    -0.0887104
  5.9947239     0.0313031    -0.1306078    -0.0824106
  6.0247591     0.0554027    -0.1322636    -0.0717899
  6.0547943     0.0756836    -0.1406676    -0.0585890
  6.0848295     0.0919046    -0.1541187    -0.0446979
  6.1148647     0.1049521    -0.1690760    -0.0317738
  6.1448999     0.1159165    -0.1815509    -0.0210543
  6.1749351     0.1251078    -0.1885875    -0.0133173
  6.2049703     0.1315857    -0.1892458    -0.0089003
  6.2350055     0.1335174    -0.1847452    -0.0077184
  6.2650407     0.1292519    -0.1777931    -0.0092764
  6.2950759     0.1186005    -0.1714497    -0.0127208
  6.3251111     0.1036513    -0.1680328    -0.0169808
  6.3551463     0.0886031    -0.1684885    -0.0210049
  6.3851815     0.0785254    -0.1723983    -0.0240317
  6.4152167     0.0774594    -0.1784984    -0.0257864
  6.4452519     0.0866250    -0.1853747    -0.0264999
  6.4752871     0.1035352    -0.1919717    -0.0267132
  6.5053223     0.1224959    -0.1977078    -0.0269293
  6.5353575     0.1364155    -0.2022270    -0.0272632
  6.5653927     0.1392969    -0.2050246    -0.0272611
  6.5954279     0.1284685    -0.2052486    -0.0260024
  6.6254631     0.1056744    -0.2018692    -0.0224771
  6.6554983     0.0765724    -0.1941863    -0.0160942
  6.6855335     0.0488068    -0.1824259    -0.0070975
  6.7155687     0.0293795    -0.1680729     0.0033217
  6.7456039     0.0223082    -0.1536722     0.0133101
  6.7756391     0.0274350    -0.1420647     0.0209634
  6.8056743     0.0407796    -0.1353087     0.0250346
  6.8357095     0.0562254    -0.1337324     0.0254514
  6.8657447     0.0678281    -0.1355654     0.0234089
  6.8957799     0.0718398    -0.1373861     0.0209698
  6.9258151     0.0677183    -0.1352879     0.0203070
  6.9558503     0.0578406    -0.1263400     0.0228796
  6.9858855     0.0461728    -0.1097641     0.0288720
  7.0159207     0.0365323    -0.0873275     0.0371265
  7.0459559     0.0311739    -0.0627606     0.0456037
  7.0759911     0.0302177    -0.0404047     0.0521847
  7.1060263     0.0320310    -0.0236217     0.0554912
  7.1360615     0.0342612    -0.0136062     0.0553924
  7.1660967     0.0349819    -0.0090807     0.0530001
  7.1961319     0.0334298    -0.0069878     0.0501693
  7.2261671     0.0300636    -0.0038787     0.0487274
  7.2562023     0.0260168     0.0025956     0.0497603
  7.2862375     0.0222967     0.0127203     0.0532489
  7.3162727     0.0191660     0.0246795     0.0581880
  7.3463079     0.0160129     0.0354465     0.0631050
  7.3763431     0.0117457     0.0422008     0.0667259
  7.4063783     0.0054726     0.0436530     0.0684808
  7.4364135    -0.0029136     0.0406977     0.0686292
  7.4664487    -0.0125703     0.0361137     0.0679695
  7.4964839    -0.0220681     0.0334406     0.0672953
  7.5265191    -0.0301150     0.0355160     0.0668797
  7.5565543    -0.0362810     0.0432971     0.0662558
  7.5865895    -0.0413485     0.0554639     0.0644179
  7.6166247    -0.0470769     0.0689599     0.0603635
  7.6466599    -0.0554497     0.0802254     0.0537212
  7.6766951    -0.0677206     0.0865920     0.0451537
  7.7067303    -0.0836864     0.0872538     0.0363098
  7.7367655    -0.1015272     0.0834315     0.0292974
  7.7668008    -0.1183110     0.0777037     0.0258730
  7.7968360    -0.1309681     0.0728382     0.0266850
  7.8268712    -0.1373370     0.0706553     0.0309087
  7.8569064    -0.1368551     0.0714154     0.0364574
  7.8869416    -0.1306312     0.0739625     0.0407135
  7.9169768    -0.1209091     0.0765086     0.0414962
  7.9470120    -0.1101889     0.0776530     0.0378738
  7.9770472    -0.1004033     0.0771407     0.0304827
  8.0070824    -0.0924826     0.0760002     0.0212192
  8.0371176    -0.0864376     0.0760030     0.0124329
  8.0671528    -0.0818281     0.0787106     0.0059637
  8.0971880    -0.0783098     0.0845741     0.0024267
  8.1272232    -0.0759335     0.0925290     0.0010468
  8.1572584    -0.0750249     0.1003017     0.0001012
  8.1872936    -0.0757154     0.1053124    -0.0022315
  8.2173288    -0.0774069     0.1057791    -0.0069958
  8.2473640    -0.0785194     0.1015218    -0.0139447
  8.2773992    -0.0767558     0.0940955    -0.0216186
  8.3074344    -0.0698675     0.0861757    -0.0279834
  8.3374696    -0.0566302     0.0804564    -0.0313508
  8.3675048    -0.0375894     0.0785452    -0.0311739
  8.3975400    -0.0151788     0.0803421    -0.0283644
  8.4275752     0.0069371     0.0841760    -0.0249838
  8.4576104     0.0251096     0.0876316    -0.0234321
  8.4876456     0.0370646     0.0886868    -0.0254763
  8.5176808     0.0428047     0.0866408    -0.0315330
  8.5477160     0.0446376     0.0824053    -0.0405064
  8.5777512     0.0462623     0.0780218    -0.0502444
  8.6077864     0.0512431     0.0756227    -0.0584092
  8.6378216     0.0614834     0.0763152    -0.0633838
  8.6678568     0.0763388     0.0795116    -0.0648269
  8.6978920     0.0927690     0.0830366    -0.0636524
  8.7279272     0.1065047     0.0839927    -0.0614663
  8.7579624     0.1137818     0.0800166    -0.0597348
  8.7879976     0.1129420     0.0703687    -0.0590725
  8.8180328     0.1052381     0.0563569    -0.0589778
  8.8480680     0.0944916     0.0408795    -0.0581356
  8.8781032     0.0857154     0.0272622    -0.0551417
  8.9081384     0.0832331     0.0178845    -0.0493087
  8.9381736     0.0890323     0.0131992    -0.0411645
  8.9682088     0.1019958     0.0115878    -0.0323930
  8.9982440     0.1183005     0.0101336    -0.0252126
  9.0282792     0.1328107     0.0059880    -0.0214494
  9.0583144     0.1409080    -0.0022689    -0.0217107
  9.0883496     0.1400518    -0.0138854    -0.0250340
  9.1183848     0.1304996    -0.0261696    -0.0291892
  9.1484200     0.1149743    -0.0356291    -0.0315288
  9.1784552     0.0974826    -0.0395478    -0.0300388
  9.2084904     0.0818028    -0.0373181    -0.0241446
  9.2385256     0.0702370    -0.0309267    -0.0149278
  9.2685608     0.0630631    -0.0243373    -0.0046533
  9.2985960     0.0587965    -0.0219777     0.0041907
  9.3286312     0.0550433    -0.0269329     0.0099318
  9.3586664     0.0495203    -0.0395883     0.0123831
  9.3887016     0.0408205    -0.0573054     0.0128545
  9.4187368     0.0286796    -0.0752984     0.0135021
  9.4487720     0.0137572    -0.0883916     0.0163034
  9.4788072    -0.0028403    -0.0929724     0.0221081
  9.5088424    -0.0200017    -0.0883670     0.0301898
  9.5388776    -0.0368096    -0.0770939     0.0385038
  9.5689128    -0.0524751    -0.0638955     0.0445514
  9.5989480    -0.0661599    -0.0539363     0.0464810
  9.6289832    -0.0769099    -0.0508760     0.0439467
  9.6590184    -0.0838479    -0.0555643     0.0383438
  9.6890536    -0.0865992    -0.0658403     0.0323009
  9.7190888    -0.0857409    -0.0774713     0.0286326
  9.7491240    -0.0829860    -0.0858243     0.0291889
  9.7791592    -0.0808876    -0.0875934     0.0340882
  9.8091944    -0.0820635    -0.0819227     0.0416618
  9.8392296    -0.0881918    -0.0705369     0.0491398
  9.8692648    -0.0991941    -0.0569038     0.0537881
  9.8993000    -0.1130117    -0.0448273     0.0540181
  9.9293352    -0.1261623    -0.0370594     0.0499997
  9.9593704    -0.1349418    -0.0344604     0.0435183
  9.9894056    -0.1368265    -0.0359701     0.0371429
 10.0194408    -0.1315014    -0.0393036     0.0330638
 10.0494760    -0.1210473    -0.0420057     0.0321023
 10.0795112    -0.1091511    -0.0423975     0.0333234
 10.1095464    -0.0996156    -0.0400492     0.0344241
 10.1395816    -0.0947647    -0.0356634     0.0327411
 10.1696168    -0.0944208    -0.0305150     0.0264532
 10.1996520    -0.0959201    -0.0257709     0.0154680
 10.2296872    -0.0952066    -0.0220169     0.0016096
 10.2597224    -0.0885825    -0.0191793    -0.0119877
 10.2897576    -0.0743920    -0.0168118    -0.0220433
 10.3197928    -0.0539099    -0.0145415    -0.0263849
 10.3498280    -0.0310195    -0.0124046    -0.0247869
 10.3798632    -0.0107631    -0.0108819    -0.0190579
 10.4098984     0.0026659    -0.0106178    -0.0123437
 10.4399336     0.0076659    -0.0119824    -0.0079301
 10.4699688     0.0059643    -0.0147247    -0.0080221
 10.5000040     0.0020107    -0.0179298    -0.0129731
 10.5300392     0.0012404    -0.0203362    -0.0212471
 10.5600744     0.0078995    -0.0208869    -0.0300979
 10.5901096     0.0233149    -0.0192540    -0.0366678
 10.6201448     0.0453209    -0.0160716    -0.0390603
 10.6501800     0.0690833    -0.0127351    -0.0369753
 10.6802152     0.0889867    -0.0108272    -0.0316938
 10.7102504     0.1008156    -0.0114119    -0.0254679
 10.7402856     0.1033431    -0.0145175    -0.0206016
 10.7703208     0.0986923    -0.0190566    -0.0186066
 10.8003560     0.0913497    -0.0232449    -0.0197508
 10.8303912     0.0862642    -0.0253529    -0.0231325
 10.8604264     0.0868339    -0.0244664    -0.0271859
 10.8904616     0.0936072    -0.0209154    -0.0303621
 10.9204968     0.1042065    -0.0161677    -0.0316881
 10.9505320     0.1144575    -0.0122158    -0.0309933
 10.9805672     0.1202059    -0.0107149    -0.0287667
 11.0106024     0.1190355    -0.0122439    -0.0257686
 11.0406376     0.1111732    -0.0160187    -0.0226184
 11.0706728     0.0992387    -0.0201915    -0.0195571
 11.1007080     0.0870054    -0.0226167    -0.0164744
 11.1307432     0.0777493    -0.0217573    -0.0131463
 11.1607784     0.0729190    -0.0173393    -0.0095237
 11.1908136     0.0716826    -0.0104723    -0.0058924
 11.2208488     0.0715016    -0.0031826    -0.0028013
 11.2508840     0.0694210     0.0024363    -0.0007837
 11.2809192     0.0634623     0.0050870    -0.0000119
 11.3109544     0.0534835     0.0047702    -0.0000753
 11.3409896     0.0411381     0.0027146    -0.0000227
 11.3710248     0.0289877     0.0007768     0.0013105
 11.4010600     0.0192130     0.0005855     0.0048091
 11.4310952     0.0125411     0.0028175     0.0106306
 11.4611304     0.0078994     0.0069284     0.0180098
 11.4911656     0.0029560     0.0114542     0.0254281
 11.5212008    -0.0047081     0.0147405     0.0311035
 11.5512360    -0.0163515     0.0157630     0.0336201
 11.5812712    -0.0313427     0.0146579     0.0324483
 11.6113064    -0.0473112     0.0127117     0.0281463
 11.6413416    -0.0611307     0.0118018     0.0221633
 11.6713768    -0.0703008     0.0135295     0.0163242
 11.7014120    -0.0740950     0.0184324     0.0122037
 11.7314472    -0.0739368     0.0256346     0.0106335
 11.7614824    -0.0728064     0.0331072     0.0115220
 11.7915176    -0.0739180     0.0384436     0.0140287
 11.8215528    -0.0792468     0.0398282     0.0169859
 11.8515880    -0.0885682     0.0367860     0.0193716
 11.8816232    -0.0994558     0.0303922     0.0206311
 11.9116584    -0.1082676     0.0228502     0.0207365
 11.9416936    -0.1117057     0.0166163     0.0199984
 11.9717288    -0.1082715     0.0134417     0.0187626
 12.0017640    -0.0989735     0.0137326     0.0171642
 12.0317992    -0.0869587     0.0164870     0.0150699
 12.0618344    -0.0762119     0.0198170     0.0122334
 12.0918696    -0.0698770     0.0218106     0.0085688
 12.1219048    -0.0689260     0.0213529     0.0043806
 12.1519400    -0.0717581     0.0185536     0.0004016
 12.1819752    -0.0749083     0.0146105    -0.0024193
 12.2120104    -0.0745623     0.0111940    -0.0033080
 12.2420456    -0.0682217     0.0096463    -0.0020640
 12.2720808    -0.0557974     0.0103624     0.0007311
 12.3021160    -0.0396564     0.0126293     0.0038207
 12.3321512    -0.0236064     0.0149834     0.0056918
 12.3621864    -0.0112641     0.0159132     0.0051509
 12.3922216    -0.0045204     0.0145734     0.0018237
 12.4222568    -0.0027723     0.0111835    -0.0036434
 12.4522920    -0.0032480     0.0069255    -0.0097860
 12.4823272    -0.0022733     0.0033928    -0.0148675
 12.5123624     0.0030856     0.0018474    -0.0175581
 12.5423976     0.0137292     0.0026298    -0.0174708
 12.5724328     0.0281479     0.0049984    -0.0153274
 12.6024680     0.0431177     0.0074742    -0.0126768
 12.6325032     0.0551486     0.0085351    -0.0112694
 12.6625384     0.0620357     0.0073414    -0.0123385
 12.6925736     0.0638176     0.0041523    -0.0160789
 12.7226088     0.0627185     0.0002374    -0.0215382
 12.7526440     0.0621019    -0.0026876    -0.0269663
 12.7826792     0.0649093    -0.0032478    -0.0304837
 12.8127144     0.0722827    -0.0010617    -0.0308022
 12.8427496     0.0829910     0.0030477    -0.0277106
 12.8727848     0.0939182     0.0073889    -0.0221428
 12.9028200     0.1013964     0.0101492    -0.0158098
 12.9328552     0.1027915     0.0102211    -0.0105583
 12.9628904     0.0976316     0.0077363    -0.0077123
 12.9929256     0.0877787     0.0040587    -0.0076538
 13.0229608     0.0765693     0.0012236    -0.0097837
 13.0529960     0.0673141     0.0010633    -0.0128462
 13.0830312     0.0618365     0.0044001    -0.0154559
 13.1130664     0.0597114     0.0106671    -0.0166011
 13.1431016     0.0585518     0.0181292    -0.0159308
 13.1731368     0.0552157     0.0246158    -0.0137420
 13.2031720     0.0473846     0.0284432    -0.0107214
 13.2332072     0.0347896     0.0291228    -0.0075926
 13.2632424     0.0195087     0.0275385    -0.0048401
 13.2932776     0.0051728     0.0255155    -0.0026218
 13.3233128    -0.0045890     0.0249734    -0.0008739
 13.3533480    -0.0077827     0.0270435     0.0004853
 13.3833832    -0.0050254     0.0315522     0.0013917
 13.4134184     0.0005934     0.0371076     0.0016181
 13.4434536     0.0047364     0.0417565     0.0009223
 13.4734888     0.0036151     0.0439177    -0.0007192
 13.5035240    -0.0044162     0.0431633    -0.0029317
 13.5335592    -0.0181683     0.0404823    -0.0049410
 13.5635944    -0.0341379     0.0378839    -0.0057930
 13.5936296    -0.0480193     0.0374985    -0.0047237
 13.6236648    -0.0565467     0.0405671    -0.0015215
 13.6537000    -0.0588543     0.0467765     0.0032952
 13.6837353    -0.0567509     0.0542586     0.0085924
 13.7137705    -0.0537832     0.0602876     0.0130117
 13.7438057    -0.0535053     0.0623969     0.0154903
 13.7738409    -0.0577354     0.0594449     0.0156917
 13.8038761    -0.0655985     0.0521607     0.0141554
 13.8339113    -0.0738140     0.0429165     0.0120805
 13.8639465    -0.0781378     0.0348008     0.0108223
 13.8939817    -0.0753381     0.0303722     0.0113089
 13.9240169    -0.0648286     0.0306192     0.0136294
 13.9540521    -0.0492034     0.0345742     0.0169842
 13.9840873    -0.0333819     0.0397517     0.0200295
 14.0141225    -0.0226806     0.0432287     0.0214792
 14.0441577    -0.0206094     0.0429062     0.0207029
 14.0741929    -0.0273395     0.0384047     0.0180518
 14.1042281    -0.0395237     0.0312057     0.0147559
 14.1342633    -0.0515853     0.0239731     0.0124185
 14.1642985    -0.0579579     0.0193506     0.0123185
 14.1943337    -0.0553437     0.0187632     0.0148238
 14.2243689    -0.0440328     0.0217569     0.0191854
 14.2544041    -0.0277195     0.0261782     0.0238203
 14.2844393    -0.0118895     0.0291287     0.0269823
 14.3144745    -0.0014706     0.0282814     0.0275380
 14.3445097     0.0012424     0.0229747     0.0255062
 14.3745449    -0.0025091     0.0145849     0.0221059
 14.4045801    -0.0086045     0.0059847     0.0192654
 14.4346153    -0.0119679     0.0002997     0.0187779
 14.4646505    -0.0089034    -0.0005053     0.0214608
 14.4946857     0.0012026     0.0034188     0.0266913
 14.5247209     0.0155883     0.0097592     0.0325497
 14.5547561     0.0293862     0.0149686     0.0365496
 14.5847913     0.0379087     0.0158005     0.0366751
 14.6148265     0.0389232     0.0108005     0.0322977
 14.6448617     0.0338641     0.0010876     0.0245677
 14.6748969     0.0273657    -0.0099629     0.0160780
 14.7049321     0.0252422    -0.0180626     0.0098924
 14.7349673     0.0317522    -0.0198528     0.0083103
 14.7650025     0.0473626    -0.0144705     0.0118683
 14.7950377     0.0680847    -0.0041341     0.0190144
 14.8250729     0.0868243     0.0065807     0.0266323
 14.8551081     0.0963264     0.0125620     0.0312538
 14.8851433     0.0925536     0.0103866     0.0305019
 14.9151785     0.0770522     0.0000339     0.0241868
 14.9452137     0.0571636    -0.0146798     0.0145818
 14.9752489     0.0437558    -0.0272469     0.0057104
 15.0052841     0.0471501    -0.0308699     0.0018580
 15.0353193     0.0727136    -0.0212719     0.0058399
 15.0653545     0.1178364     0.0011542     0.0176807
 15.0953897     0.1715967     0.0307401     0.0342330
 15.1254249     0.2174620     0.0578294     0.0499358
 15.1554601     0.2382495     0.0716174     0.0584932
 15.1854953     0.2216943     0.0636193     0.0549140
 15.2155305     0.1646902     0.0305843     0.0372080
 15.2455657     0.0747043    -0.0241615     0.0071496
 15.2756009    -0.0321546    -0.0914242    -0.0301550

PDF 1 in G'(r) format
  r, PDF (RMC), PDF (Expt)
 CURVES
         348 ,           2
      0.0654509        0.0000000        0.0000000
      0.1309019        0.0000000        0.0000000
      0.1963528        0.0000000        0.0000000
      0.2618037        0.0000000        0.0000000
      0.3272547        0.0000000        0.0000000
      0.3927056        0.0000000        0.0000000
      0.4581565        0.0000000        0.0000000
      0.5236075        0.0000000        0.0000000
      0.5890584        0.0000000        0.0000000
      0.6545093        0.0000000        0.0000000
      0.7199603        0.0000000        0.0000000
      0.7854112        0.0000000        0.0000000
      0.8508621        0.0000000        0.0000000
      0.9163131        0.0000000        0.0000000
      0.9817640        0.0000000        0.0000000
      1.0472149        0.0000000        0.0000000
      1.1126659        0.0000000        0.0000000
      1.1781168        0.3588168        0.0000000
      1.2435677        0.4954586        0.1336642
      1.3090187        0.8603739        0.4087493
      1.3744696        1.3132359        0.7543131
      1.4399206        1.7244641        1.1485415
      1.5053715        2.0558641        1.5505350
      1.5708224        2.3376202        1.9059448
      1.6362734        2.5857483        2.1587834
      1.7017243        2.7481270        2.2659462
      1.7671752        2.7299090        2.2093322
      1.8326262        2.4725890        2.0010507
      1.8980771        2.0145636        1.6798473
      1.9635280        1.4806282        1.3003390
      2.0289790        1.0101717        0.9192625
      2.0944299        0.6824066        0.5835708
      2.1598808        0.4930455        0.3237554
      2.2253318        0.3896904        0.1531507
      2.2907827        0.3269546        0.0715582
      2.3562336        0.2948957        0.0703735
      2.4216846        0.3061479        0.1367765
      2.4871355        0.3653531        0.2559231
      2.5525864        0.4551170        0.4115305
      2.6180374        0.5503638        0.5860281
      2.6834883        0.6424022        0.7613177
      2.7489392        0.7449234        0.9204588
      2.8143902        0.8736509        1.0498161
      2.8798411        1.0191485        1.1408396
      2.9452920        1.1410221        1.1907984
      3.0107430        1.1928462        1.2022868
      3.0761939        1.1582388        1.1818121
      3.1416448        1.0665779        1.1380301
      3.2070958        0.9732985        1.0801428
      3.2725467        0.9200825        1.0167345
      3.3379976        0.9075781        0.9550757
      3.4034486        0.9023665        0.9007813
      3.4688995        0.8705843        0.8576976
      3.5343504        0.8086532        0.8279539
      3.5998014        0.7456112        0.8121644
      3.6652523        0.7170905        0.8097733
      3.7307032        0.7351410        0.8194883
      3.7961542        0.7801411        0.8397032
      3.8616051        0.8203501        0.8687856
      3.9270560        0.8403370        0.9051459
      3.9925070        0.8528782        0.9470814
      4.0579579        0.8847731        0.9924918
      4.1234088        0.9503702        1.0386326
      4.1888598        1.0366418        1.0820893
      4.2543107        1.1123287        1.1190817
      4.3197617        1.1520613        1.1460852
      4.3852126        1.1539587        1.1606051
      4.4506635        1.1363657        1.1618539
      4.5161145        1.1186555        1.1510787
      4.5815654        1.1046538        1.1313973
      4.6470163        1.0834086        1.1071647
      4.7124673        1.0451390        1.0830542
      4.7779182        0.9961261        1.0631198
      4.8433691        0.9577541        1.0500902
      4.9088201        0.9500178        1.0450422
      4.9742710        0.9744228        1.0474679
      5.0397219        1.0119684        1.0556379
      5.1051729        1.0383457        1.0671130
      5.1706238        1.0430809        1.0792657
      5.2360747        1.0360006        1.0897134
      5.3015257        1.0358976        1.0966243
      5.3669766        1.0520653        1.0988858
      5.4324275        1.0753177        1.0961514
      5.4978785        1.0861786        1.0887822
      5.5633294        1.0724567        1.0777025
      5.6287803        1.0403215        1.0641974
      5.6942313        1.0092235        1.0496821
      5.7596822        0.9955742        1.0354810
      5.8251331        0.9998278        1.0226525
      5.8905841        1.0080290        1.0118836
      5.9560350        1.0056603        1.0034631
      6.0214859        0.9908595        0.9973273
      6.0869369        0.9752574        0.9931542
      6.1523878        0.9723167        0.9904812
      6.2178387        0.9843288        0.9888186
      6.2832897        1.0000383        0.9877401
      6.3487406        1.0048296        0.9869391
      6.4141915        0.9939153        0.9862467
      6.4796425        0.9764451        0.9856162
      6.5450934        0.9669583        0.9850831
      6.6105443        0.9721676        0.9847145
      6.6759953        0.9851451        0.9845639
      6.7414462        0.9920430        0.9846464
      6.8068971        0.9850160        0.9849370
      6.8723481        0.9694874        0.9853913
      6.9377990        0.9592059        0.9859733
      7.0032500        0.9637012        0.9866786
      7.0687009        0.9795797        0.9875407
      7.1341518        0.9935061        0.9886210
      7.1996028        0.9940950        0.9899864
      7.2650537        0.9819655        0.9916841
      7.3305046        0.9690050        0.9937189
      7.3959556        0.9676813        0.9960403
      7.4614065        0.9800967        0.9985393
      7.5268574        0.9964867        1.0010578
      7.5923084        1.0042132        1.0034105
      7.6577593        0.9989256        1.0054168
      7.7232102        0.9878865        1.0069347
      7.7886612        0.9827874        1.0078879
      7.8541121        0.9889035        1.0082768
      7.9195630        1.0005333        1.0081716
      7.9850140        1.0066856        1.0076919
      8.0504649        1.0015447        1.0069810
      8.1159158        0.9899796        1.0061833
      8.1813668        0.9830571        1.0054282
      8.2468177        0.9877583        1.0048201
      8.3122686        1.0004086        1.0044299
      8.3777196        1.0099076        1.0042903
      8.4431705        1.0078657        1.0043946
      8.5086214        0.9964284        1.0047020
      8.5740724        0.9866305        1.0051498
      8.6395233        0.9886730        1.0056686
      8.7049742        1.0028070        1.0061946
      8.7704252        1.0189680        1.0066765
      8.8358761        1.0254609        1.0070750
      8.9013270        1.0189486        1.0073594
      8.9667780        1.0069343        1.0075046
      9.0322289        1.0007260        1.0074908
      9.0976798        1.0053467        1.0073061
      9.1631308        1.0154123        1.0069488
      9.2285817        1.0204710        1.0064289
      9.2940326        1.0147586        1.0057682
      9.3594836        1.0024798        1.0049992
      9.4249345        0.9939257        1.0041619
      9.4903854        0.9960764        1.0033015
      9.5558364        1.0062546        1.0024632
      9.6212873        1.0145382        1.0016885
      9.6867382        1.0126904        1.0010121
      9.7521892        1.0015421        1.0004599
      9.8176401        0.9902466        1.0000490
      9.8830911        0.9881783        0.9997854
      9.9485420        0.9967825        0.9996616
     10.0139929        1.0085740        0.9996523
     10.0794439        1.0139646        0.9997136
     10.1448948        1.0096264        0.9997863
     10.2103457        1.0009245        0.9998056
     10.2757967        0.9964849        0.9997154
     10.3412476        1.0000824        0.9994805
     10.4066985        1.0072966        0.9990951
     10.4721495        1.0098655        0.9985839
     10.5376004        1.0035845        0.9979966
     10.6030513        0.9924272        0.9973973
     10.6685023        0.9851021        0.9968523
     10.7339532        0.9872144        0.9964170
     10.7994041        0.9961956        0.9961255
     10.8648551        1.0036158        0.9959858
     10.9303060        1.0027668        0.9959797
     10.9957569        0.9946366        0.9960714
     11.0612079        0.9868969        0.9962183
     11.1266588        0.9868715        0.9963827
     11.1921097        0.9948839        0.9965386
     11.2575607        1.0039884        0.9966740
     11.3230116        1.0062842        0.9967877
     11.3884625        1.0000729        0.9968859
     11.4539135        0.9914022        0.9969775
     11.5193644        0.9886323        0.9970714
     11.5848153        0.9949375        0.9971733
     11.6502663        1.0054624        0.9972828
     11.7157172        1.0116259        0.9973918
     11.7811681        1.0086653        0.9974858
     11.8466191        0.9996928        0.9975487
     11.9120700        0.9927592        0.9975699
     11.9775209        0.9936914        0.9975487
     12.0429719        1.0011461        0.9974962
     12.1084228        1.0081681        0.9974306
     12.1738737        1.0086311        0.9973706
     12.2393247        1.0026420        0.9973294
     12.3047756        0.9961174        0.9973116
     12.3702265        0.9951359        0.9973140
     12.4356775        1.0003609        0.9973288
     12.5011284        1.0066095        0.9973466
     12.5665794        1.0078183        0.9973586
     12.6320303        1.0027226        0.9973585
     12.6974812        0.9960029        0.9973439
     12.7629322        0.9939049        0.9973167
     12.8283831        0.9984371        0.9972826
     12.8938340        1.0055256        0.9972497
     12.9592850        1.0088178        0.9972247
     13.0247359        1.0056083        0.9972114
     13.0901868        0.9993998        0.9972099
     13.1556378        0.9966969        0.9972187
     13.2210887        1.0009320        0.9972367
     13.2865396        1.0090828        0.9972651
     13.3519906        1.0141302        0.9973063
     13.4174415        1.0112167        0.9973628
     13.4828924        1.0019945        0.9974340
     13.5483434        0.9932643        0.9975154
     13.6137943        0.9911226        0.9975994
     13.6792452        0.9958396        0.9976772
     13.7446962        1.0019768        0.9977406
     13.8101471        1.0035154        0.9977842
     13.8755980        0.9992940        0.9978068
     13.9410490        0.9938733        0.9978108
     14.0064999        0.9931561        0.9978019
     14.0719508        0.9988356        0.9977874
     14.1374018        1.0067456        0.9977742
     14.2028527        1.0105796        0.9977680
     14.2683036        1.0075582        0.9977727
     14.3337546        1.0008910        0.9977911
     14.3992055        0.9968304        0.9978259
     14.4646564        0.9990285        0.9978789
     14.5301074        1.0053164        0.9979501
     14.5955583        1.0097741        0.9980367
     14.6610092        1.0081490        0.9981329
     14.7264602        1.0016809        0.9982319
     14.7919111        0.9959079        0.9983290
     14.8573620        0.9956125        0.9984234
     14.9228130        1.0005442        0.9985184
     14.9882639        1.0057754        0.9986181
     15.0537148        1.0062839        0.9987249
     15.1191658        1.0015225        0.9988371
     15.1846167        0.9958148        0.9989493
     15.2500676        0.9942839        0.9990550
     15.3155186        0.9981090        0.9991490
     15.3809695        1.0034816        0.9992285
     15.4464205        1.0051922        0.9992931
     15.5118714        1.0015128        0.9993435
     15.5773223        0.9958519        0.9993811
     15.6427733        0.9936364        0.9994083
     15.7082242        0.9972688        0.9994293
     15.7736751        1.0037959        0.9994500
     15.8391261        1.0074606        0.9994768
     15.9045770        1.0048488        0.9995151
     15.9700279        0.9979625        0.9995674
     16.0354789        0.9924317        0.9996329
     16.1009298        0.9924953        0.9997081
     16.1663807        0.9973115        0.9997877
     16.2318317        1.0019252        0.9998655
     16.2972826        1.0019500        0.9999355
     16.3627335        0.9976320        0.9999930
     16.4281845        0.9935446        1.0000353
     16.4936354        0.9942013        1.0000631
     16.5590863        0.9996587        1.0000796
     16.6245373        1.0052392        1.0000905
     16.6899882        1.0057395        1.0001019
     16.7554391        1.0003275        1.0001189
     16.8208901        0.9935916        1.0001452
     16.8863410        0.9916275        1.0001820
     16.9517919        0.9965655        1.0002287
     17.0172429        1.0044634        1.0002820
     17.0826938        1.0085674        1.0003367
     17.1481447        1.0051610        1.0003859
     17.2135957        0.9968615        1.0004233
     17.2790466        0.9904260        1.0004447
     17.3444975        0.9909681        1.0004502
     17.4099485        0.9976512        1.0004434
     17.4753994        1.0045960        1.0004308
     17.5408503        1.0061223        1.0004192
     17.6063013        1.0016409        1.0004144
     17.6717522        0.9959105        1.0004212
     17.7372031        0.9945562        1.0004431
     17.8026541        0.9989557        1.0004828
     17.8681050        1.0050765        1.0005415
     17.9335559        1.0072287        1.0006177
     17.9990069        1.0032712        1.0007069
     18.0644578        0.9965576        1.0008023
     18.1299088        0.9929050        1.0008963
     18.1953597        0.9953679        1.0009823
     18.2608106        1.0015413        1.0010555
     18.3262616        1.0057851        1.0011133
     18.3917125        1.0043092        1.0011547
     18.4571634        0.9985208        1.0011794
     18.5226144        0.9936640        1.0011887
     18.5880653        0.9940577        1.0011851
     18.6535162        0.9992727        1.0011723
     18.7189672        1.0046567        1.0011550
     18.7844181        1.0056330        1.0011369
     18.8498690        1.0017964        1.0011213
     18.9153200        0.9970953        1.0011100
     18.9807709        0.9960237        1.0011048
     19.0462218        0.9993970        1.0011074
     19.1116728        1.0036268        1.0011186
     19.1771237        1.0041482        1.0011381
     19.2425746        0.9998087        1.0011632
     19.3080256        0.9941264        1.0011898
     19.3734765        0.9921965        1.0012133
     19.4389274        0.9960389        1.0012306
     19.5043784        1.0026499        1.0012404
     19.5698293        1.0065850        1.0012437
     19.6352802        1.0047730        1.0012419
     19.7007312        0.9992030        1.0012363
     19.7661821        0.9950419        1.0012277
     19.8316330        0.9958953        1.0012165
     19.8970840        1.0005367        1.0012036
     19.9625349        1.0041051        1.0011905
     20.0279858        1.0026879        1.0011788
     20.0934368        0.9970847        1.0011696
     20.1588877        0.9922500        1.0011631
     20.2243386        0.9928358        1.0011586
     20.2897896        0.9988506        1.0011542
     20.3552405        1.0054268        1.0011478
     20.4206914        1.0070177        1.0011372
     20.4861424        1.0023203        1.0011206
     20.5515933        0.9954934        1.0010978
     20.6170442        0.9925219        1.0010696
     20.6824952        0.9959323        1.0010387
     20.7479461        1.0025786        1.0010081
     20.8133970        1.0064867        1.0009806
     20.8788480        1.0042103        1.0009571
     20.9442989        0.9978814        1.0009368
     21.0097499        0.9932087        1.0009174
     21.0752008        0.9942340        1.0008970
     21.1406517        0.9996086        1.0008743
     21.2061027        1.0038031        1.0008495
     21.2715536        1.0022078        1.0008238
     21.3370045        0.9955168        1.0007988
     21.4024555        0.9893613        1.0007757
     21.4679064        0.9894001        1.0007557
     21.5333573        0.9962056        1.0007395
     21.5988083        1.0045592        1.0007271
     21.6642592        1.0078895        1.0007182
     21.7297101        1.0039784        1.0007114
     21.7951611        0.9968611        1.0007048
     21.8606120        0.9931852        1.0006960
     21.9260629        0.9962357        1.0006828
     21.9915139        1.0029715        1.0006633
     22.0569648        1.0067889        1.0006368
     22.1224157        1.0036131        1.0006032
     22.1878667        0.9958595        1.0005635
     22.2533176        0.9905754        1.0005196
     22.3187685        0.9931992        1.0004742
     22.3842195        1.0023577        1.0004298
     22.4496704        1.0104151        1.0003886
     22.5151213        1.0095947        1.0003512
     22.5805723        0.9986299        1.0003174
     22.6460232        0.9842880        1.0002861
     22.7114741        0.9763367        1.0002565
     22.7769251        0.9800129        1.0002279

 Total S(Q)'s: Comparison with input data

   494  2 are NQ and NPAR

       Q      S(Q)_RMC  S(Q)_Expt
      0.4682470      0.6209521      0.1629682
      0.4982822      0.7480406      0.2088308
      0.5283174      0.7950433      0.2344523
      0.5583526      0.7824689      0.2432883
      0.5883878      0.7476694      0.2433291
      0.6184230      0.7272753      0.2433721
      0.6484582      0.7427067      0.2496603
      0.6784934      0.7940217      0.2640797
      0.7085286      0.8634630      0.2843652
      0.7385638      0.9260390      0.3059322
      0.7685990      0.9619238      0.3243712
      0.7986342      0.9652614      0.3375008
      0.8286694      0.9459883      0.3461915
      0.8587046      0.9245161      0.3537681
      0.8887398      0.9221345      0.3644058
      0.9187750      0.9515733      0.3813146
      0.9488102      1.0117680      0.4055142
      0.9788454      1.0888159      0.4356769
      1.0088806      1.1623644      0.4690215
      1.0389158      1.2144351      0.5027950
      1.0689510      1.2368502      0.5356620
      1.0989862      1.2342465      0.5684112
      1.1290214      1.2216827      0.6037109
      1.1590566      1.2181473      0.6450636
      1.1890918      1.2388759      0.6954213
      1.2191270      1.2896688      0.7560257
      1.2491622      1.3653390      0.8258958
      1.2791974      1.4525563      0.9020828
      1.3092326      1.5355212      0.9804948
      1.3392678      1.6018764      1.0568943
      1.3693030      1.6464093      1.1276668
      1.3993382      1.6712700      1.1901260
      1.4293734      1.6830411      1.2423728
      1.4594086      1.6883285      1.2829365
      1.4894438      1.6900302      1.3104977
      1.5194790      1.6859474      1.3239136
      1.5495142      1.6701961      1.3225655
      1.5795494      1.6365581      1.3068533
      1.6095846      1.5820614      1.2785479
      1.6396198      1.5090607      1.2407527
      1.6696550      1.4248555      1.1973924
      1.6996902      1.3390636      1.1523652
      1.7297254      1.2599911      1.1086652
      1.7597606      1.1916689      1.0678133
      1.7897958      1.1328746      1.0298225
      1.8198311      1.0785193      0.9937048
      1.8498663      1.0227008      0.9583006
      1.8799015      0.9619828      0.9230797
      1.9099367      0.8973973      0.8885813
      1.9399719      0.8342784      0.8563197
      1.9700071      0.7800312      0.8282151
      2.0000423      0.7408716      0.8058130
      2.0300775      0.7190109      0.7896362
      2.0601127      0.7115404      0.7789549
      2.0901479      0.7114897      0.7720650
      2.1201831      0.7105706      0.7669508
      2.1502183      0.7023905      0.7620400
      2.1802535      0.6847522      0.7567335
      2.2102887      0.6601012      0.7514976
      2.2403239      0.6340231      0.7475071
      2.2703591      0.6125477      0.7460202
      2.3003943      0.5995012      0.7477753
      2.3304295      0.5950630      0.7526745
      2.3604647      0.5960919      0.7598748
      2.3904999      0.5979570      0.7682138
      2.4205351      0.5969424      0.7767460
      2.4505703      0.5920679      0.7851191
      2.4806055      0.5854825      0.7936025
      2.5106407      0.5812791      0.8027545
      2.5406759      0.5833231      0.8128908
      2.5707111      0.5931426      0.8236218
      2.6007463      0.6088941      0.8337060
      2.6307815      0.6259104      0.8413239
      2.6608167      0.6386029      0.8446880
      2.6908519      0.6428626      0.8427387
      2.7208871      0.6378722      0.8356219
      2.7509223      0.6265014      0.8247275
      2.7809575      0.6140991      0.8122462
      2.8109927      0.6062140      0.8004120
      2.8410279      0.6062558      0.7907342
      2.8710631      0.6141271      0.7835350
      2.9010983      0.6264174      0.7779807
      2.9311335      0.6380465      0.7725877
      2.9611687      0.6445998      0.7659830
      2.9912039      0.6443020      0.7575915
      3.0212391      0.6387501      0.7479562
      3.0512743      0.6321003      0.7385574
      3.0813095      0.6291021      0.7312135
      3.1113447      0.6328911      0.7273243
      3.1413799      0.6435511      0.7272872
      3.1714151      0.6580984      0.7303350
      3.2014503      0.6718899      0.7348640
      3.2314855      0.6808073      0.7391077
      3.2615207      0.6832182      0.7418650
      3.2915559      0.6808125      0.7429721
      3.3215911      0.6779230      0.7433234
      3.3516263      0.6796222      0.7444430
      3.3816615      0.6894465      0.7478022
      3.4116967      0.7077667      0.7541871
      3.4417319      0.7315479      0.7633863
      3.4717671      0.7556176      0.7743290
      3.5018023      0.7748943      0.7856003
      3.5318375      0.7865955      0.7960968
      3.5618727      0.7914525      0.8055317
      3.5919079      0.7933948      0.8145662
      3.6219431      0.7978441      0.8245193
      3.6519783      0.8093688      0.8367910
      3.6820135      0.8297293      0.8522625
      3.7120487      0.8571672      0.8709391
      3.7420839      0.8872393      0.8919884
      3.7721191      0.9148130      0.9141444
      3.8021543      0.9363320      0.9362829
      3.8321895      0.9513490      0.9578986
      3.8622247      0.9626527      0.9792637
      3.8922599      0.9749481      1.0011993
      3.9222951      0.9926886      1.0245746
      3.9523303      1.0180354      1.0497796
      3.9823655      1.0498573      1.0764353
      4.0124007      1.0842189      1.1035002
      4.0424359      1.1161413      1.1297435
      4.0724711      1.1418509      1.1543804
      4.1025063      1.1605128      1.1775698
      4.1325415      1.1746692      1.2005165
      4.1625767      1.1891713      1.2250859
      4.1926119      1.2090572      1.2530503
      4.2226471      1.2372913      1.2852631
      4.2526823      1.2733473      1.3211110
      4.2827175      1.3132515      1.3584987
      4.3127527      1.3510720      1.3944121
      4.3427879      1.3812177      1.4258679
      4.3728231      1.4005683      1.4508899
      4.4028583      1.4095403      1.4691316
      4.4328935      1.4116621      1.4818970
      4.4629287      1.4118793      1.4915509
      4.4929639      1.4143517      1.5005536
      4.5229991      1.4207066      1.5105060
      4.5530343      1.4294910      1.5215805
      4.5830695      1.4370290      1.5325562
      4.6131047      1.4392668      1.5414217
      4.6431399      1.4337611      1.5462823
      4.6731751      1.4209175      1.5461837
      4.7032103      1.4039229      1.5415073
      4.7332455      1.3874035      1.5337769
      4.7632807      1.3753979      1.5249620
      4.7933159      1.3695397      1.5165775
      4.8233511      1.3682468      1.5089585
      4.8533863      1.3672790      1.5010181
      4.8834215      1.3614302      1.4905934
      4.9134567      1.3466383      1.4752434
      4.9434919      1.3216229      1.4531811
      4.9735271      1.2883748      1.4239700
      5.0035623      1.2513180      1.3887176
      5.0335975      1.2155298      1.3497026
      5.0636327      1.1847889      1.3095983
      5.0936679      1.1602686      1.2706051
      5.1237031      1.1403906      1.2338269
      5.1537383      1.1218370      1.1991112
      5.1837735      1.1012295      1.1653768
      5.2138087      1.0767148      1.1312622
      5.2438439      1.0487735      1.0958117
      5.2738791      1.0199383      1.0589270
      5.3039143      0.9935969      1.0214286
      5.3339495      0.9724580      0.9847450
      5.3639847      0.9573826      0.9503960
      5.3940199      0.9470994      0.9195054
      5.4240551      0.9389090      0.8925391
      5.4540903      0.9300340      0.8693458
      5.4841255      0.9189858      0.8494387
      5.5141607      0.9063224      0.8323527
      5.5441959      0.8944501      0.8178953
      5.5742311      0.8865573      0.8061772
      5.6042663      0.8851531      0.7974249
      5.6343015      0.8908586      0.7916862
      5.6643367      0.9019837      0.7885937
      5.6943719      0.9150781      0.7873212
      5.7244071      0.9262199      0.7867752
      5.7544423      0.9324938      0.7859494
      5.7844775      0.9330406      0.7842877
      5.8145127      0.9292549      0.7818921
      5.8445479      0.9240804      0.7794716
      5.8745831      0.9207330      0.7780436
      5.9046183      0.9214051      0.7785042
      5.9346535      0.9264870      0.7812405
      5.9646887      0.9345891      0.7859449
      5.9947239      0.9432950      0.7917027
      6.0247591      0.9502664      0.7973143
      6.0547943      0.9541986      0.8017176
      6.0848295      0.9552255      0.8043429
      6.1148647      0.9546464      0.8052645
      6.1448999      0.9541571      0.8051060
      6.1749351      0.9549767      0.8047526
      6.2049703      0.9572844      0.8049986
      6.2350055      0.9602043      0.8062713
      6.2650407      0.9623111      0.8085260
      6.2950759      0.9623817      0.8113318
      6.3251111      0.9600171      0.8140883
      6.3551463      0.9558382      0.8162721
      6.3851815      0.9511771      0.8176198
      6.4152167      0.9474324      0.8181941
      6.4452519      0.9454193      0.8183422
      6.4752871      0.9450385      0.8185928
      6.5053223      0.9454250      0.8195490
      6.5353575      0.9454990      0.8218098
      6.5653927      0.9446356      0.8259175
      6.5954279      0.9431076      0.8323039
      6.6254631      0.9420603      0.8412085
      6.6554983      0.9430040      0.8525733
      6.6855335      0.9470531      0.8659567
      6.7155687      0.9542752      0.8805304
      6.7456039      0.9634858      0.8952116
      6.7756391      0.9726250      0.9089322
      6.8056743      0.9795847      0.9209760
      6.8357095      0.9831347      0.9312654
      6.8657447      0.9835278      0.9404664
      6.8957799      0.9824920      0.9498355
      6.9258151      0.9825769      0.9608249
      6.9558503      0.9861123      0.9745667
      6.9858855      0.9942176      0.9914239
      7.0159207      1.0062904      1.0107856
      7.0459559      1.0202056      1.0312072
      7.0759911      1.0331492      1.0508622
      7.1060263      1.0427372      1.0681474
      7.1360615      1.0479428      1.0822134
      7.1660967      1.0494386      1.0932155
      7.1961319      1.0492148      1.1021835
      7.2261671      1.0496513      1.1105619
      7.2562023      1.0524548      1.1196056
      7.2862375      1.0579292      1.1298737
      7.3162727      1.0648932      1.1410229
      7.3463079      1.0712674      1.1519801
      7.3763431      1.0750590      1.1614090
      7.4063783      1.0752939      1.1682687
      7.4364135      1.0724769      1.1722231
      7.4664487      1.0683748      1.1737275
      7.4964839      1.0652217      1.1737643
      7.5265191      1.0647091      1.1733527
      7.5565543      1.0672141      1.1730575
      7.5865895      1.0716170      1.1727257
      7.6166247      1.0757893      1.1715743
      7.6466599      1.0775375      1.1686002
      7.6766951      1.0755805      1.1631311
      7.7067303      1.0701292      1.1552693
      7.7367655      1.0628121      1.1460195
      7.7668008      1.0559853      1.1370230
      7.7968360      1.0517394      1.1299935
      7.8268712      1.0510436      1.1260837
      7.8569064      1.0534029      1.1254461
      7.8869416      1.0571666      1.1271801
      7.9169768      1.0603337      1.1296919
      7.9470120      1.0614768      1.1313245
      7.9770472      1.0603605      1.1309961
      8.0070824      1.0579765      1.1285849
      8.0371176      1.0559904      1.1249049
      8.0671528      1.0558675      1.1212924
      8.0971880      1.0580971      1.1189891
      8.1272232      1.0618877      1.1185921
      8.1572584      1.0654882      1.1198070
      8.1872936      1.0669984      1.1216089
      8.2173288      1.0652971      1.1227307
      8.2473640      1.0606521      1.1222597
      8.2773992      1.0547126      1.1200740
      8.3074344      1.0498604      1.1169208
      8.3374696      1.0481924      1.1140991
      8.3675048      1.0505831      1.1128840
      8.3975400      1.0562542      1.1139437
      8.4275752      1.0630594      1.1170058
      8.4576104      1.0683776      1.1209225
      8.4876456      1.0702313      1.1241087
      8.5176808      1.0681379      1.1251654
      8.5477160      1.0633111      1.1234231
      8.5777512      1.0581140      1.1191709
      8.6077864      1.0549945      1.1134818
      8.6378216      1.0553712      1.1077166
      8.6678568      1.0589664      1.1029289
      8.6978920      1.0638905      1.0994350
      8.7279272      1.0674556      1.0967314
      8.7579624      1.0673671      1.0937889
      8.7879976      1.0627714      1.0895791
      8.8180328      1.0546896      1.0835889
      8.8480680      1.0456335      1.0760845
      8.8781032      1.0385566      1.0680020
      8.9081384      1.0355892      1.0605134
      8.9381736      1.0371091      1.0544679
      8.9682088      1.0415613      1.0499653
      8.9982440      1.0461141      1.0462667
      9.0282792      1.0478793      1.0420916
      9.0583144      1.0451693      1.0361800
      9.0883496      1.0382453      1.0278693
      9.1183848      1.0292239      1.0174252
      9.1484200      1.0211752      1.0059692
      9.1784552      1.0167949      0.9950219
      9.2084904      1.0172213      0.9858557
      9.2385256      1.0215128      0.9789394
      9.2685608      1.0270152      0.9737252
      9.2985960      1.0304713      0.9688817
      9.3286312      1.0294000      0.9628838
      9.3586664      1.0231596      0.9547076
      9.3887016      1.0132397      0.9443309
      9.4187368      1.0026580      0.9328124
      9.4487720      0.9947178      0.9219066
      9.4788072      0.9916530      0.9133669
      9.5088424      0.9937306      0.9082310
      9.5388776      0.9991829      0.9063917
      9.5689128      1.0049851      0.9066375
      9.5989480      1.0081387      0.9071509
      9.6289832      1.0069129      0.9062550
      9.6590184      1.0015252      0.9030944
      9.6890536      0.9939920      0.8979650
      9.7190888      0.9872356      0.8921581
      9.7491240      0.9838464      0.8873894
      9.7791592      0.9850320      0.8850628
      9.8091944      0.9901860      0.8856806
      9.8392296      0.9972322      0.8886503
      9.8692648      1.0035616      0.8925594
      9.8993000      1.0071351      0.8957922
      9.9293352      1.0072717      0.8972159
      9.9593704      1.0048018      0.8966407
      9.9894056      1.0015547      0.8948629
     10.0194408      0.9994458      0.8932816
     10.0494760      0.9995927      0.8932684
     10.0795112      1.0018574      0.8955674
     10.1095464      1.0050060      0.8999871
     10.1395816      1.0073844      0.9055075
     10.1696168      1.0077782      0.9107430
     10.1996520      1.0060453      0.9145486
     10.2296872      1.0032225      0.9164965
     10.2597224      1.0010561      0.9170194
     10.2897576      1.0011737      0.9171677
     10.3197928      1.0042854      0.9181034
     10.3498280      1.0097869      0.9205668
     10.3798632      1.0159605      0.9245581
     10.4098984      1.0206945      0.9293728
     10.4399336      1.0224056      0.9339642
     10.4699688      1.0207527      0.9374572
     10.5000040      1.0168192      0.9395717
     10.5300392      1.0126749      0.9407572
     10.5600744      1.0105031      0.9419794
     10.5901096      1.0116727      0.9442597
     10.6201448      1.0161577      0.9481877
     10.6501800      1.0225577      0.9536370
     10.6802152      1.0287038      0.9598224
     10.7102504      1.0325846      0.9656774
     10.7402856      1.0331839      0.9703785
     10.7703208      1.0308727      0.9737710
     10.8003560      1.0271917      0.9764914
     10.8303912      1.0241364      0.9797166
     10.8604264      1.0232699      0.9846446
     10.8904616      1.0250587      0.9919361
     10.9204968      1.0287187      1.0013747
     10.9505320      1.0326279      1.0119079
     10.9805672      1.0351049      1.0220643
     11.0106024      1.0351941      1.0305703
     11.0406376      1.0331015      1.0368946
     11.0706728      1.0300888      1.0414739
     11.1007080      1.0278800      1.0455121
     11.1307432      1.0278581      1.0504332
     11.1607784      1.0304207      1.0572279
     11.1908136      1.0347889      1.0659827
     11.2208488      1.0393569      1.0758096
     11.2508840      1.0424204      1.0852140
     11.2809192      1.0429523      1.0927472
     11.3109544      1.0410699      1.0976559
     11.3409896      1.0379793      1.1002385
     11.3710248      1.0354194      1.1017421
     11.4010600      1.0348578      1.1038339
     11.4310952      1.0368012      1.1078713
     11.4611304      1.0405389      1.1142887
     11.4911656      1.0444397      1.1223707
     11.5212008      1.0466745      1.1305192
     11.5512360      1.0460443      1.1369028
     11.5812712      1.0425411      1.1402127
     11.6113064      1.0373862      1.1401969
     11.6413416      1.0325236      1.1377420
     11.6713768      1.0297851      1.1344673
     11.7014120      1.0300973      1.1320095
     11.7314472      1.0330779      1.1313104
     11.7614824      1.0372015      1.1322203
     11.7915176      1.0404619      1.1335881
     11.8215528      1.0412390      1.1337956
     11.8515880      1.0389893      1.1314978
     11.8816232      1.0344587      1.1262414
     11.9116584      1.0293293      1.1186867
     11.9416936      1.0254636      1.1103380
     11.9717288      1.0240862      1.1029007
     12.0017640      1.0252680      1.0975534
     12.0317992      1.0279390      1.0944537
     12.0618344      1.0304171      1.0926968
     12.0918696      1.0312074      1.0907383
     12.1219048      1.0297078      1.0870892
     12.1519400      1.0264973      1.0809718
     12.1819752      1.0230757      1.0726452
     12.2120104      1.0211720      1.0632602
     12.2420456      1.0219337      1.0543189
     12.2720808      1.0253674      1.0469885
     12.3021160      1.0302903      1.0415865
     12.3321512      1.0348210      1.0374684
     12.3621864      1.0371972      1.0333679
     12.3922216      1.0365566      1.0280248
     12.4222568      1.0333313      1.0208078
     12.4522920      1.0290721      1.0120366
     12.4823272      1.0257778      1.0028518
     12.5123624      1.0250195      0.9946869
     12.5423976      1.0272497      0.9885893
     12.5724328      1.0316020      0.9847106
     12.6024680      1.0362750      0.9822127
     12.6325032      1.0393315      0.9796479
     12.6625384      1.0395629      0.9756465
     12.6925736      1.0370345      0.9695952
     12.7226088      1.0330701      0.9619836
     12.7526440      1.0296792      0.9542355
     12.7826792      1.0286780      0.9480826
     12.8127144      1.0308901      0.9447486
     12.8427496      1.0357782      0.9443187
     12.8727848      1.0416678      0.9455979
     12.9028200      1.0464637      0.9465545
     12.9328552      1.0485431      0.9451782
     12.9628904      1.0474340      0.9403866
     12.9929256      1.0439849      0.9325739
     13.0229608      1.0399598      0.9235359
     13.0529960      1.0372458      0.9157755
     13.0830312      1.0370300      0.9114665
     13.1130664      1.0393126      0.9115184
     13.1431016      1.0429644      0.9151533
     13.1731368      1.0462928      0.9201955
     13.2031720      1.0478486      0.9239668
     13.2332072      1.0470998      0.9244109
     13.2632424      1.0446641      0.9209633
     13.2932776      1.0419935      0.9147843
     13.3233128      1.0406619      0.9082449
     13.3533480      1.0415871      0.9038849
     13.3833832      1.0445575      0.9032960
     13.4134184      1.0482911      0.9064228
     13.4434536      1.0510156      0.9115971
     13.4734888      1.0513076      0.9162961
     13.5035240      1.0488071      0.9182934
     13.5335592      1.0444633      0.9166915
     13.5635944      1.0401783      0.9123666
     13.5936296      1.0379847      0.9076159
     13.6236648      1.0391158      0.9051508
     13.6537000      1.0433894      0.9068780
     13.6837353      1.0492001      0.9130162
     13.7137705      1.0541520      0.9219536
     13.7438057      1.0560750      0.9309298
     13.7738409      1.0539888      0.9372485
     13.8038761      1.0485822      0.9394854
     13.8339113      1.0419793      0.9381401
     13.8639465      1.0368705      0.9354216
     13.8939817      1.0353685      0.9342435
     13.9240169      1.0380840      0.9368666
     13.9540521      1.0438288      0.9438037
     13.9840873      1.0500937      0.9534987
     14.0141225      1.0541092      0.9629579
     14.0441577      1.0540401      0.9690789
     14.0741929      1.0497938      0.9700940
     14.1042281      1.0430843      0.9664660
     14.1342633      1.0367091      0.9607989
     14.1642985      1.0333424      0.9567568
     14.1943337      1.0343662      0.9574383
     14.2243689      1.0392529      0.9639265
     14.2544041      1.0457818      0.9746867
     14.2844393      1.0510081      0.9861337
     14.3144745      1.0525704      0.9941705
     14.3445097      1.0497616      0.9960447
     14.3745449      1.0438810      0.9916897
     14.4045801      1.0376899      0.9839041
     14.4346153      1.0341894      0.9772143
     14.4646505      1.0352457      0.9758624
     14.4946857      1.0406765      0.9817845
     14.5247209      1.0482273      0.9935118
     14.5547561      1.0544898      1.0065686
     14.5847913      1.0563942      1.0153009
     14.6148265      1.0526371      1.0154124
     14.6448617      1.0444022      1.0061092
     14.6748969      1.0350109      0.9908371
     14.7049321      1.0285917      0.9761498
     14.7349673      1.0282928      0.9690464
     14.7650025      1.0347973      0.9738326
     14.7950377      1.0458130      0.9898709
     14.8250729      1.0568355      1.0113217
     14.8551081      1.0629514      1.0291993
     14.8851433      1.0609923      1.0350827
     14.9151785      1.0511474      1.0250261
     14.9452137      1.0373053      1.0019668
     14.9752489      1.0258653      0.9753864
     15.0052841      1.0233638      0.9580031
     15.0353193      1.0337614      0.9604889
     15.0653545      1.0564295      0.9861310
     15.0953897      1.0856684      1.0275867
     15.1254249      1.1120536      1.0672852
     15.1554601      1.1252402      1.0817649
     15.1854953      1.1172980      1.0487731
     15.2155305      1.0854345      0.9548303
     15.2455657      1.0331506      0.8006318
     15.2756009      0.9694172      0.6022792
