 Results from RMCProfile version 6.7.9.5

 (Version 6f format configuration file)                                          

 1 experiments   3 partials

 Partial g(r)'s are printed out below

   245  3 are NR and NPAR

   r (Ang)
   0.06545     0.00000     0.00000     0.00000
   0.13090     0.00000     0.00000     0.00000
   0.19635     0.00000     0.00000     0.00000
   0.26180     0.00000     0.00000     0.00000
   0.32725     0.00000     0.00000     0.00000
   0.39271     0.00000     0.00000     0.00000
   0.45816     0.00000     0.00000     0.00000
   0.52361     0.00000     0.00000     0.00000
   0.58906     0.00000     0.00000     0.00000
   0.65451     0.00000     0.00000     0.00000
   0.71996     0.00000     0.00000     0.00000
   0.78541     0.00000     0.00000     0.00000
   0.85086     0.00000     0.00000     0.00000
   0.91631     0.00000     0.00000     0.00000
   0.98176     0.00000     0.00000     0.00000
   1.04721     0.00000     0.00000     0.00000
   1.11267     0.00000     0.00000     0.00000
   1.17812     0.00000     0.00000     0.00000
   1.24357     0.00000     0.00000     0.00000
   1.30902     0.00000     0.00000     0.00000
   1.37447     0.00000     0.00000     0.00000
   1.43992     0.00000     2.95568     0.77998
   1.50537     0.00000     9.09958     2.65327
   1.57082     0.00000     7.85374     2.10069
   1.63627     0.00000     9.27961     2.61750
   1.70172     0.00000     7.83604     2.17661
   1.76718     0.00000     7.08077     1.83248
   1.83263     0.00000     0.00000     1.30882
   1.89808     0.00000     0.00000     1.22012
   1.96353     0.00000     0.00000     1.37678
   2.02898     0.00000     0.00000     0.95697
   2.09443     0.00000     0.00000     1.13444
   2.15988     0.00000     0.00000     1.21786
   2.22533     0.00000     0.00000     1.27289
   2.29078     0.00000     0.00789     1.20120
   2.35623     0.00000     0.01492     1.02335
   2.42168     0.00000     0.08474     0.99707
   2.48714     0.00000     0.11381     1.09948
   2.55259     0.00000     0.22881     1.03746
   2.61804     0.00000     0.32626     1.02254
   2.68349     0.00000     0.50607     1.01359
   2.74894     0.00000     0.58090     1.10859
   2.81439     0.00000     0.65876     1.05239
   2.87984     0.49862     0.66412     1.02510
   2.94529     2.23099     0.56809     1.07088
   3.01074     2.40878     0.66702     1.06601
   3.07619     1.92281     0.77022     1.07372
   3.14164     1.79325     0.71329     0.94121
   3.20710     2.28369     0.72877     0.91932
   3.27255     2.47127     0.70377     0.86355
   3.33800     1.78149     0.86228     0.57692
   3.40345     2.07063     0.85804     0.53704
   3.46890     1.95200     0.76058     0.57211
   3.53435     1.66850     0.90506     0.58432
   3.59980     1.34032     0.82132     0.55046
   3.66525     0.59103     0.85082     0.59581
   3.73070     0.84383     0.96703     0.65256
   3.79615     0.68872     0.91960     0.65328
   3.86161     0.84305     0.94701     0.70641
   3.92706     0.85809     0.99627     0.69382
   3.99251     0.85094     0.95088     0.78053
   4.05796     0.71322     1.05878     0.85881
   4.12341     0.80750     1.02787     0.78542
   4.18886     0.72590     1.13525     0.87688
   4.25431     0.95964     1.09373     0.90052
   4.31976     0.89532     1.09413     0.92234
   4.38521     0.98923     1.11339     0.89932
   4.45066     0.81838     1.21887     0.90447
   4.51611     0.84350     1.09243     0.96182
   4.58157     0.88261     1.14825     0.97010
   4.64702     0.84261     1.13147     0.96217
   4.71247     1.00558     1.02567     1.02527
   4.77792     0.82605     1.02860     0.97012
   4.84337     0.76862     1.07867     1.04132
   4.90882     0.90615     1.02603     1.02062
   4.97427     0.88915     0.96239     1.04422
   5.03972     0.85969     0.86092     1.06463
   5.10517     0.88856     0.89619     1.03750
   5.17062     0.79815     0.96194     1.03467
   5.23607     0.91106     0.96523     1.00292
   5.30153     0.92402     0.90176     1.07127
   5.36698     0.89587     0.93022     1.05250
   5.43243     1.07621     0.95425     1.00902
   5.49788     1.09999     0.97688     1.03453
   5.56333     0.99943     0.92995     0.97550
   5.62878     1.00765     1.02870     0.98698
   5.69423     1.03564     0.95410     1.07442
   5.75968     0.96736     0.98497     1.10390
   5.82513     1.06762     0.93367     1.04012
   5.89058     1.03926     0.96555     1.08884
   5.95604     1.10514     1.00866     0.97970
   6.02149     1.03562     1.03939     1.03058
   6.08694     1.12509     1.01268     1.03652
   6.15239     1.16683     0.99016     1.06718
   6.21784     0.97553     1.04548     1.03839
   6.28329     1.02235     1.03955     1.00952
   6.34874     0.99317     1.01719     1.02482
   6.41419     1.02929     1.04083     0.99192
   6.47964     1.13862     1.03767     1.03816
   6.54509     0.99626     0.99575     1.00589
   6.61054     1.12047     0.98466     1.01074
   6.67600     1.15799     1.06208     1.00591
   6.74145     0.94635     0.99418     1.03210
   6.80690     1.00321     1.01358     0.97296
   6.87235     1.00170     0.95053     0.99667
   6.93780     0.92103     1.04797     1.01586
   7.00325     1.15348     1.03861     1.04263
   7.06870     1.00642     1.02195     0.99768
   7.13415     1.07904     1.04722     1.07072
   7.19960     0.99249     1.02667     0.96333
   7.26505     0.94648     1.04121     1.04427
   7.33050     0.97583     0.95873     1.00796
   7.39596     1.03424     1.00165     1.04099
   7.46141     1.03400     1.07863     1.01536
   7.52686     0.92558     1.03656     1.02779
   7.59231     0.92404     1.00727     1.02238
   7.65776     1.01269     1.02967     1.04317
   7.72321     0.89576     1.02132     1.02695
   7.78866     0.95167     1.04314     1.00977
   7.85411     1.01632     1.00099     0.97620
   7.91956     1.02069     1.01885     0.97071
   7.98501     0.98327     0.98338     1.05373
   8.05046     0.90098     1.02624     0.97716
   8.11592     0.97692     0.99844     1.03953
   8.18137     1.04044     0.98315     1.00190
   8.24682     0.93156     1.01084     0.98240
   8.31227     0.98398     0.98839     0.98860
   8.37772     0.99459     1.01490     1.01221
   8.44317     1.02564     1.00155     1.02974
   8.50862     1.04420     0.98563     1.00422
   8.57407     1.00582     0.97458     1.00813
   8.63952     0.97069     1.00592     1.00014
   8.70497     0.99981     0.95533     0.98789
   8.77043     1.03010     0.98635     0.97590
   8.83588     1.01913     0.98399     0.99921
   8.90133     1.04178     0.98055     0.98509
   8.96678     0.99782     0.96835     0.99191
   9.03223     0.96719     0.97213     1.03656
   9.09768     1.05526     1.01574     1.03573
   9.16313     1.02053     1.01854     0.98987
   9.22858     1.05078     0.98761     0.98123
   9.29403     0.94220     1.00923     0.94874
   9.35948     0.97250     0.98854     0.95492
   9.42493     1.04098     0.99351     0.99540
   9.49039     0.96239     1.00331     0.99875
   9.55584     0.99997     1.01365     0.97377
   9.62129     1.11329     1.03077     0.95115
   9.68674     1.04893     0.98599     1.03426
   9.75219     1.01751     0.96322     0.96591
   9.81764     0.96794     0.98480     1.00084
   9.88309     1.02799     1.02098     0.98720
   9.94854     0.96102     1.00592     0.99059
  10.01399     1.04748     1.00190     0.98761
  10.07944     1.04206     0.96691     1.01402
  10.14489     0.95472     1.01725     0.98445
  10.21035     1.01392     1.00346     0.96034
  10.27580     0.94309     1.01699     0.99410
  10.34125     0.95284     0.97279     0.96604
  10.40670     0.97602     1.01719     1.02018
  10.47215     0.94727     0.99130     1.02335
  10.53760     0.97725     0.97268     0.98304
  10.60305     0.97258     0.99313     1.01853
  10.66850     0.89092     0.97407     0.98457
  10.73395     1.01935     0.99960     0.98268
  10.79940     1.03824     0.98681     0.97507
  10.86486     0.97812     0.98549     1.00411
  10.93031     1.08552     0.97372     0.99629
  10.99576     1.00286     0.98888     1.00607
  11.06121     0.96669     0.99312     1.01420
  11.12666     1.01013     0.99686     1.00431
  11.19211     0.96402     1.01003     1.00750
  11.25756     0.95676     1.02217     1.01447
  11.32301     1.03217     1.01071     0.97722
  11.38846     0.98846     1.02116     0.98329
  11.45391     0.98728     0.99090     0.96703
  11.51936     1.03967     0.99965     0.99889
  11.58482     0.94784     0.98900     1.01668
  11.65027     1.05787     0.99501     0.96801
  11.71572     0.93883     1.00595     0.98533
  11.78117     0.99636     0.99241     1.00369
  11.84662     1.00424     0.99977     1.03312
  11.91207     0.95010     1.01041     1.00631
  11.97752     0.99855     0.99854     0.99418
  12.04297     1.03221     1.01455     1.02430
  12.10842     1.01544     0.97396     1.01665
  12.17387     1.06482     1.05293     1.00043
  12.23932     0.97506     1.03507     1.00000
  12.30478     1.04884     0.99290     1.01870
  12.37023     0.99021     0.96456     0.98925
  12.43568     0.97660     1.01040     1.01373
  12.50113     1.04791     0.98369     0.99836
  12.56658     1.05378     1.01543     1.01425
  12.63203     0.94233     1.02673     1.01365
  12.69748     1.08244     0.99100     1.02560
  12.76293     1.05106     0.99357     1.02148
  12.82838     1.03533     0.99328     1.01410
  12.89383     1.02584     0.99542     1.00633
  12.95928     0.94262     1.01573     0.99940
  13.02474     0.98582     1.00798     0.95809
  13.09019     0.98758     0.98899     1.00735
  13.15564     0.97204     1.00071     1.00190
  13.22109     1.00029     1.00480     0.99628
  13.28654     0.99889     1.00455     1.01468
  13.35199     0.99098     0.98264     1.03895
  13.41744     0.97674     1.01426     1.00281
  13.48289     1.03553     1.03428     1.01020
  13.54834     0.96427     1.02431     0.99776
  13.61379     1.01660     0.99817     0.98930
  13.67925     1.01397     1.00679     0.99360
  13.74470     1.01572     1.00731     0.99448
  13.81015     0.94280     1.00951     1.01878
  13.87560     1.04218     0.99700     1.02255
  13.94105     0.96433     1.00598     1.00998
  14.00650     0.95534     0.98267     0.98238
  14.07195     1.00161     1.01224     1.00594
  14.13740     1.00311     0.99667     0.99582
  14.20285     1.02013     0.99983     0.99653
  14.26830     1.00673     1.02485     1.00961
  14.33375     1.01527     0.97883     0.99274
  14.39921     1.01324     0.98393     0.98714
  14.46466     1.00726     0.99187     1.01113
  14.53011     1.00212     0.99061     0.98967
  14.59556     1.02732     0.99729     1.00339
  14.66101     0.97738     0.98109     0.99195
  14.72646     1.00303     1.01516     0.98908
  14.79191     0.95789     1.00468     0.99911
  14.85736     1.01017     0.98778     1.00799
  14.92281     1.03401     1.00164     0.99562
  14.98826     0.94253     0.99383     1.00578
  15.05371     1.00078     0.99672     0.99321
  15.11917     1.02614     0.99735     0.97574
  15.18462     1.00153     1.01607     0.99720
  15.25007     0.95525     0.99651     0.98224
  15.31552     1.00000     0.99189     0.99048
  15.38097     1.03066     1.00570     0.99873
  15.44642     1.02680     0.99286     0.98959
  15.51187     0.98309     1.00291     1.00676
  15.57732     1.03348     0.98768     1.01045
  15.64277     0.94981     0.99128     0.98744
  15.70822     0.98682     0.98757     0.99553
  15.77368     1.01655     0.98971     1.00246
  15.83913     1.01476     0.99013     0.99717
  15.90458     0.95215     0.99149     0.99127
  15.97003     1.01116     1.01699     0.99763
  16.03548     0.98363     1.00001     0.98741

PDF 1 in D(r) format
  r, PDF (RMC), PDF (Expt)
 CURVES
         245 ,           2
      0.0654509       -0.0517669       -0.0518487
      0.1309019       -0.1035338       -0.1036974
      0.1963528       -0.1553008       -0.1555461
      0.2618037       -0.2070677       -0.2073949
      0.3272547       -0.2588346       -0.2592436
      0.3927056       -0.3106015       -0.3110923
      0.4581565       -0.3623685       -0.3629410
      0.5236075       -0.4141354       -0.4147897
      0.5890584       -0.4659023       -0.4666384
      0.6545093       -0.5176692       -0.5184872
      0.7199603       -0.5694362       -0.5703359
      0.7854112       -0.6212031       -0.6221846
      0.8508621       -0.6729700       -0.6740333
      0.9163131       -0.7247369       -0.7258820
      0.9817640       -0.7765038       -0.7777307
      1.0472149       -0.8282708       -0.8295794
      1.1126659       -0.8800377       -0.8814282
      1.1781168       -0.9742277       -0.9332769
      1.2435677       -1.3691647       -0.8534496
      1.3090187       -1.3436015       -0.6131118
      1.3744696       -0.4431273       -0.2675095
      1.4399206        1.3782543        0.1694371
      1.5053715        3.5999775        0.6565243
      1.5708224        5.3405734        1.1273298
      1.6362734        5.8289615        1.5020358
      1.7017243        4.8467948        1.7065797
      1.7671752        2.8528508        1.6929626
      1.8326262        0.7094673        1.4532894
      1.8980771       -0.8052089        1.0222271
      1.9635280       -1.3843554        0.4671657
      2.0289790       -1.2528067       -0.1297703
      2.0944299       -0.9084189       -0.6909222
      2.1598808       -0.7581074       -1.1570597
      2.2253318       -0.8993744       -1.4928737
      2.2907827       -1.1592043       -1.6848480
      2.3562336       -1.3066688       -1.7351978
      2.4216846       -1.2501903       -1.6560100
      2.4871355       -1.0782850       -1.4660184
      2.5525864       -0.9459337       -1.1899441
      2.6180374       -0.9263980       -0.8585565
      2.6834883       -0.9550988       -0.5073901
      2.7489392       -0.8991810       -0.1732126
      2.8143902       -0.6802033        0.1110648
      2.8798411       -0.3433541        0.3213035
      2.9452920       -0.0221745        0.4451695
      3.0107430        0.1626805        0.4824624
      3.0761939        0.1842106        0.4430559
      3.1416448        0.1096572        0.3435209
      3.2070958        0.0318498        0.2036099
      3.2725467       -0.0050908        0.0433831
      3.3379976       -0.0270181       -0.1187926
      3.4034486       -0.0900759       -0.2675069
      3.4688995       -0.2218107       -0.3910444
      3.5343504       -0.3937591       -0.4817000
      3.5998014       -0.5431836       -0.5356468
      3.6652523       -0.6195404       -0.5523286
      3.7307032       -0.6154717       -0.5334799
      3.7961542       -0.5611978       -0.4820485
      3.8616051       -0.4939043       -0.4013945
      3.9270560       -0.4310863       -0.2950839
      3.9925070       -0.3673670       -0.1673695
      4.0579579       -0.2908898       -0.0241362
      4.1234088       -0.2002667        0.1261923
      4.1888598       -0.1073693        0.2723982
      4.2543107       -0.0272478        0.4013251
      4.3197617        0.0323946        0.4999057
      4.3852126        0.0725236        0.5579204
      4.4506635        0.0964970        0.5706504
      4.5161145        0.1049920        0.5404934
      4.5815654        0.0975418        0.4768946
      4.6470163        0.0772331        0.3945010
      4.7124673        0.0511422        0.3100504
      4.7779182        0.0243640        0.2389058
      4.8433691       -0.0060153        0.1921862
      4.9088201       -0.0487520        0.1751535
      4.9742710       -0.1076043        0.1870475
      5.0397219       -0.1713911        0.2221259
      5.1051729       -0.2161033        0.2714185
      5.1706238       -0.2202990        0.3246760
      5.2360747       -0.1820893        0.3721221
      5.3015257       -0.1226336        0.4057974
      5.3669766       -0.0716078        0.4204222
      5.4324275       -0.0458820        0.4137823
      5.4978785       -0.0392223        0.3866722
      5.5633294       -0.0315395        0.3424457
      5.6287803       -0.0088780        0.2862556
      5.6942313        0.0242964        0.2241078
      5.7596822        0.0516581        0.1618886
      5.8251331        0.0636648        0.1045309
      5.8905841        0.0695472        0.0554532
      5.9560350        0.0896066        0.0163396
      6.0214859        0.1336553       -0.0127492
      6.0869369        0.1861351       -0.0330101
      6.1523878        0.2143968       -0.0463926
      6.2178387        0.1960024       -0.0550755
      6.2832897        0.1418140       -0.0610231
      6.3487406        0.0923169       -0.0656874
      6.4141915        0.0865317       -0.0698832
      6.4796425        0.1279139       -0.0738326
      6.5450934        0.1772939       -0.0773422
      6.6105443        0.1822239       -0.0800461
      6.6759953        0.1211661       -0.0816346
      6.7414462        0.0261268       -0.0819946
      6.8068971       -0.0373167       -0.0812235
      6.8723481       -0.0193447       -0.0795316
      6.9377990        0.0738481       -0.0770901
      7.0032500        0.1817426       -0.0739047
      7.0687009        0.2332204       -0.0697680
      7.1341518        0.1987581       -0.0643088
      7.1996028        0.1105807       -0.0571109
      7.2650537        0.0358074       -0.0478599
      7.3305046        0.0247935       -0.0364748
      7.3959556        0.0754673       -0.0231996
      7.4614065        0.1400251       -0.0086339
      7.5268574        0.1656625        0.0063070
      7.5923084        0.1349113        0.0205123
      7.6577593        0.0741868        0.0328600
      7.7232102        0.0271184        0.0424277
      7.7886612        0.0177371        0.0486684
      7.8541121        0.0343332        0.0514967
      7.9195630        0.0448134        0.0512661
      7.9850140        0.0272774        0.0486557
      8.0504649       -0.0114995        0.0445208
      8.1159158       -0.0440620        0.0397538
      8.1813668       -0.0472619        0.0351810
      8.2468177       -0.0212701        0.0314893
      8.3122686        0.0127698        0.0291696
      8.3777196        0.0317007        0.0284731
      8.4431705        0.0273851        0.0293933
      8.5086214        0.0075520        0.0316932
      8.5740724       -0.0169412        0.0349786
      8.6395233       -0.0431600        0.0387958
      8.7049742       -0.0736349        0.0427171
      8.7704252       -0.1041427        0.0463866
      8.8358761       -0.1172758        0.0495222
      8.9013270       -0.0929382        0.0518944
      8.9667780       -0.0295322        0.0533069
      9.0322289        0.0441667        0.0535976
      9.0976798        0.0820555        0.0526551
      9.1631308        0.0533941        0.0504400
      9.2285817       -0.0297674        0.0469993
      9.2940326       -0.1151153        0.0424687
      9.3594836       -0.1448851        0.0370656
      9.4249345       -0.0982586        0.0310740
      9.4903854       -0.0080608        0.0248209
      9.5558364        0.0628627        0.0186461
      9.6212873        0.0683766        0.0128694
      9.6867382        0.0126632        0.0077661
      9.7521892       -0.0555315        0.0035531
      9.8176401       -0.0828601        0.0003809
      9.8830911       -0.0531258       -0.0016802
      9.9485420        0.0023656       -0.0026672
     10.0139929        0.0328722       -0.0027579
     10.0794439        0.0104206       -0.0022864
     10.1448948       -0.0487514       -0.0017177
     10.2103457       -0.1000772       -0.0015722
     10.2757967       -0.1090598       -0.0023167
     10.3412476       -0.0793314       -0.0042560
     10.4066985       -0.0474124       -0.0074601
     10.4721495       -0.0499036       -0.0117477
     10.5376004       -0.0917369       -0.0167238
     10.6030513       -0.1421971       -0.0218611
     10.6685023       -0.1611147       -0.0266021
     10.7339532       -0.1321612       -0.0304673
     10.7994041       -0.0750564       -0.0331461
     10.8648551       -0.0273907       -0.0345501
     10.9303060       -0.0128207       -0.0348108
     10.9957569       -0.0232517       -0.0342206
     11.0612079       -0.0295203       -0.0331368
     11.1266588       -0.0100185       -0.0318840
     11.1921097        0.0284865       -0.0306890
     11.2575607        0.0560917       -0.0296615
     11.3230116        0.0461744       -0.0288136
     11.3884625       -0.0003572       -0.0280945
     11.4539135       -0.0542234       -0.0274248
     11.5193644       -0.0811003       -0.0267245
     11.5848153       -0.0689476       -0.0259412
     11.6502663       -0.0358884       -0.0250773
     11.7157172       -0.0121829       -0.0242068
     11.7811681       -0.0122821       -0.0234649
     11.8466191       -0.0215043       -0.0230042
     11.9120700       -0.0092857       -0.0229319
     11.9775209        0.0419543       -0.0232586
     12.0429719        0.1170052       -0.0238866
     12.1084228        0.1747435       -0.0246458
     12.1738737        0.1774738       -0.0253574
     12.2393247        0.1200370       -0.0258934
     12.3047756        0.0359266       -0.0262058
     12.3702265       -0.0243589       -0.0263212
     12.4356775       -0.0263744       -0.0263143
     12.5011284        0.0277186       -0.0262769
     12.5665794        0.1040819       -0.0262952
     12.6320303        0.1611178       -0.0264328
     12.6974812        0.1735977       -0.0267167
     12.7629322        0.1415445       -0.0271299
     12.8283831        0.0824207       -0.0276147
     12.8938340        0.0172069       -0.0280922
     12.9592850       -0.0381151       -0.0284915
     13.0247359       -0.0727691       -0.0287729
     13.0901868       -0.0788516       -0.0289324
     13.1556378       -0.0529279       -0.0289854
     13.2210887       -0.0012541       -0.0289409
     13.2865396        0.0580978       -0.0287861
     13.3519906        0.1018834       -0.0284911
     13.4174415        0.1147254       -0.0280304
     13.4828924        0.0988641       -0.0274073
     13.5483434        0.0719063       -0.0266666
     13.6137943        0.0532030       -0.0258888
     13.6792452        0.0493226       -0.0251708
     13.7446962        0.0504874       -0.0246014
     13.8101471        0.0409916       -0.0242406
     13.8755980        0.0147742       -0.0241073
     13.9410490       -0.0173157       -0.0241769
     14.0064999       -0.0352134       -0.0243891
     14.0719508       -0.0262643       -0.0246652
     14.1374018        0.0030619       -0.0249274
     14.2028527        0.0304476       -0.0251127
     14.2683036        0.0338240       -0.0251755
     14.3337546        0.0076268       -0.0250812
     14.3992055       -0.0334850       -0.0247990
     14.4646564       -0.0659027       -0.0243048
     14.5301074       -0.0739528       -0.0235949
     14.5955583       -0.0592918       -0.0227000
     14.6610092       -0.0366730       -0.0216851
     14.7264602       -0.0212060       -0.0206269
     14.7919111       -0.0182259       -0.0195808
     14.8573620       -0.0231420       -0.0185555
     14.9228130       -0.0291897       -0.0175150
     14.9882639       -0.0345181       -0.0164078
     15.0537148       -0.0419235       -0.0152058
     15.1191658       -0.0524778       -0.0139287
     15.1846167       -0.0605953       -0.0126392
     15.2500676       -0.0568160       -0.0114166
     15.3155186       -0.0369236       -0.0103254
     15.3809695       -0.0091216       -0.0094004
     15.4464205        0.0085091       -0.0086500
     15.5118714        0.0000910       -0.0080674
     15.5773223       -0.0352786       -0.0076377
     15.6427733       -0.0805896       -0.0073324
     15.7082242       -0.1111252       -0.0071016
     15.7736751       -0.1107407       -0.0068728
     15.8391261       -0.0821519       -0.0065646
     15.9045770       -0.0437444       -0.0061094
     15.9700279       -0.0158435       -0.0054732
     16.0354789       -0.0072051       -0.0046632
