 Results from RMCProfile version 6.7.9.5

 (Version 6f format configuration file)                                          

 1 experiments   3 partials

 Partial g(r)'s are printed out below

   348  3 are NR and NPAR

   r (Ang)
   0.06545     0.00000     0.00000     0.00000
   0.13090     0.00000     0.00000     0.00000
   0.19635     0.00000     0.00000     0.00000
   0.26180     0.00000     0.00000     0.00000
   0.32725     0.00000     0.00000     0.00000
   0.39271     0.00000     0.00000     0.00000
   0.45816     0.00000     0.00000     0.00000
   0.52361     0.00000     0.00000     0.00000
   0.58906     0.00000     0.00000     0.00000
   0.65451     0.00000     0.00000     0.00000
   0.71996     0.00000     0.00000     0.02859
   0.78541     0.00000     0.00000     0.04805
   0.85086     0.00000     0.00000     0.04094
   0.91631     0.00000     0.00000     0.05296
   0.98176     0.00000     0.00000     0.06151
   1.04721     0.00000     0.00000     0.06758
   1.11267     0.00000     0.00000     0.08382
   1.17812     0.00000     0.09497     0.00000
   1.24357     0.00000     0.36937     0.01917
   1.30902     0.00000     0.88043     0.11247
   1.37447     0.00000     1.51189     0.24327
   1.43992     0.00000     2.21121     0.42187
   1.50537     0.00000     2.98624     0.51029
   1.57082     0.00000     3.61525     0.67896
   1.63627     0.00000     4.00479     0.88046
   1.70172     0.00000     4.19335     0.94716
   1.76718     0.00000     4.07614     0.96851
   1.83263     0.00000     3.62884     1.01976
   1.89808     0.00000     2.98038     1.02062
   1.96353     0.00000     2.26449     0.94987
   2.02898     0.00000     1.72935     0.62307
   2.09443     0.00000     1.12205     0.53066
   2.15988     0.00000     0.73793     0.34325
   2.22533     0.00000     0.49992     0.20958
   2.29078     0.00000     0.45502     0.06781
   2.35623     0.00000     0.51717     0.00534
   2.42168     0.00000     0.00500     0.39188
   2.48714     0.00000     0.03789     0.68792
   2.55259     0.00000     0.05846     1.11049
   2.61804     0.00000     0.20091     1.41260
   2.68349     0.00000     0.32752     1.73987
   2.74894     0.00000     0.48271     1.97980
   2.81439     0.00000     0.66581     2.09845
   2.87984     0.36998     0.72951     2.08639
   2.94529     1.68183     0.67212     1.65798
   3.01074     1.53286     0.80968     1.56705
   3.07619     1.82317     0.89324     1.24567
   3.14164     1.92984     0.81040     1.18230
   3.20710     1.84062     0.81185     1.05669
   3.27255     1.84342     0.76465     0.93731
   3.33800     1.98487     0.70998     0.76651
   3.40345     2.05421     0.61211     0.70275
   3.46890     2.29016     0.52471     0.58776
   3.53435     2.60935     0.46089     0.42851
   3.59980     2.43044     0.47481     0.45655
   3.66525     0.52146     0.92037     0.76157
   3.73070     0.69883     0.87362     0.76385
   3.79615     0.70708     0.93728     0.73259
   3.86161     0.81144     0.93820     0.75669
   3.92706     0.77711     0.99838     0.79610
   3.99251     0.71552     1.10102     0.79998
   4.05796     0.80865     1.14497     0.82121
   4.12341     0.80361     1.18128     0.90348
   4.18886     0.88758     1.23232     0.91857
   4.25431     0.89887     1.25621     0.98473
   4.31976     0.85012     1.30165     1.01948
   4.38521     0.83396     1.29737     1.07332
   4.45066     0.82423     1.30682     1.07043
   4.51611     0.86296     1.26778     1.06726
   4.58157     0.83572     1.23322     1.07866
   4.64702     0.91155     1.19126     1.02515
   4.71247     0.84208     1.14323     1.05295
   4.77792     0.88257     1.13458     0.98728
   4.84337     0.83914     1.06978     1.06254
   4.90882     0.88418     1.02807     1.08424
   4.97427     0.93594     1.02487     1.06788
   5.03972     0.88216     1.04284     1.09112
   5.10517     1.06850     1.00503     1.08665
   5.17062     0.94417     1.02358     1.15637
   5.23607     1.02841     1.02167     1.14873
   5.30153     1.04437     1.00024     1.18702
   5.36698     1.07132     1.00702     1.17420
   5.43243     1.06135     1.00574     1.17120
   5.49788     0.99409     1.01489     1.17438
   5.56333     1.02509     1.00961     1.13206
   5.62878     1.03976     1.00430     1.09044
   5.69423     1.05171     0.97819     1.07833
   5.75968     1.08379     0.95476     1.06111
   5.82513     0.99985     0.98868     1.01730
   5.89058     1.02948     0.97781     0.99183
   5.95604     1.09185     0.95231     0.97057
   6.02149     1.04908     0.95839     0.96962
   6.08694     1.06258     0.95726     0.95168
   6.15239     1.08904     0.96216     0.92801
   6.21784     1.03778     0.95565     0.96227
   6.28329     1.11599     0.96739     0.90064
   6.34874     1.08161     0.93155     0.96752
   6.41419     1.04417     0.97923     0.92589
   6.47964     1.03146     0.94524     0.97438
   6.54509     0.99066     0.98251     0.94356
   6.61054     1.00691     0.95578     0.97010
   6.67600     1.02494     0.98676     0.92389
   6.74145     0.94016     0.98156     0.97456
   6.80690     1.01338     0.95613     0.97287
   6.87235     0.94882     1.00625     0.94312
   6.93780     0.92619     0.99557     0.97378
   7.00325     0.92076     0.99169     0.97682
   7.06870     1.01271     0.97223     0.97811
   7.13415     0.94757     0.99564     0.96956
   7.19960     0.94047     1.01266     0.95431
   7.26505     0.98174     0.98451     0.97905
   7.33050     0.97291     0.99945     0.96661
   7.39596     0.97693     0.99844     0.97912
   7.46141     0.95051     1.00469     0.99665
   7.52686     0.96573     1.01160     0.98724
   7.59231     0.98431     0.99804     1.00090
   7.65776     0.96854     1.01153     0.99626
   7.72321     0.96870     1.02958     0.97447
   7.78866     0.98493     1.00414     1.01047
   7.85411     1.02771     0.98700     1.00956
   7.91956     0.99695     0.99107     1.02179
   7.98501     1.00792     1.01395     0.97906
   8.05046     1.00589     1.00432     0.99775
   8.11592     0.98533     0.99953     1.01369
   8.18137     0.98693     0.99191     1.01792
   8.24682     0.99516     0.99885     1.00575
   8.31227     1.01810     0.98657     1.01401
   8.37772     1.01463     0.99334     1.00224
   8.44317     1.01033     0.99712     1.00527
   8.50862     1.01404     1.00409     0.99581
   8.57407     1.00334     1.01015     0.98913
   8.63952     0.99673     0.99824     1.00798
   8.70497     1.01618     1.01711     0.97957
   8.77043     1.01763     1.00599     0.99257
   8.83588     1.04488     0.99358     0.99824
   8.90133     0.99303     1.01545     0.99372
   8.96678     0.96059     1.01161     1.01965
   9.03223     1.01059     1.00652     1.00057
   9.09768     0.99540     1.01067     1.00073
   9.16313     1.03226     1.00379     0.99461
   9.22858     1.00271     0.99820     1.01781
   9.29403     1.04628     0.98368     1.01022
   9.35948     1.00790     1.01479     0.98870
   9.42493     1.00764     0.99366     1.01073
   9.49039     0.99893     0.98146     1.03076
   9.55584     0.98339     0.99341     1.01782
   9.62129     1.04199     0.98675     0.99969
   9.68674     1.01623     1.00234     0.98671
   9.75219     0.98315     0.99556     1.00952
   9.81764     0.97970     1.00725     0.99641
   9.88309     0.96973     0.99951     1.01225
   9.94854     0.98977     0.99868     1.00377
  10.01399     1.01152     0.99444     0.99631
  10.07944     1.01894     0.99079     0.99845
  10.14489     0.98671     1.00054     1.00246
  10.21035     0.96466     1.00659     1.00217
  10.27580     0.98366     0.99034     1.01893
  10.34125     0.96638     1.00633     1.00469
  10.40670     1.02108     0.99371     0.99428
  10.47215     1.00044     0.99629     1.00190
  10.53760     0.96772     1.01206     0.99617
  10.60305     1.03357     0.99400     0.98207
  10.66850     0.99905     0.99626     0.99832
  10.73395     1.00801     0.99546     0.99108
  10.79940     0.98987     1.00391     0.98953
  10.86486     0.97504     0.99756     1.00565
  10.93031     0.99587     0.99018     1.00382
  10.99576     1.01565     1.00448     0.97609
  11.06121     1.00367     1.01550     0.97439
  11.12666     0.97553     1.00749     0.99697
  11.19211     0.99789     0.99925     0.99766
  11.25756     0.98267     1.00755     0.99077
  11.32301     0.98669     1.00827     0.98953
  11.38846     1.02002     0.99118     0.99545
  11.45391     0.98060     0.99909     1.00863
  11.51936     0.99305     0.98656     1.02078
  11.58482     1.06770     0.97850     0.99304
  11.65027     0.99901     1.00035     1.00376
  11.71572     0.99378     0.99881     1.00824
  11.78117     0.98736     1.01392     0.98275
  11.84662     0.99587     0.99690     1.00531
  11.91207     1.00821     1.00384     0.99116
  11.97752     1.00368     1.00495     0.99379
  12.04297     0.99679     0.99880     1.00653
  12.10842     1.00066     0.99193     1.01459
  12.17387     1.03212     1.00007     0.99271
  12.23932     0.99405     1.01131     0.99043
  12.30478     0.98924     0.99042     1.01920
  12.37023     0.97237     1.00907     1.00476
  12.43568     1.02993     0.98522     1.01406
  12.50113     1.00917     1.00324     0.99445
  12.56658     0.99905     1.01925     0.97811
  12.63203     1.00505     0.99899     1.00025
  12.69748     1.02991     0.99807     0.99107
  12.76293     1.00373     0.99515     1.01160
  12.82838     1.01709     0.99214     1.00311
  12.89383     0.99425     1.00254     1.00312
  12.95928     0.95941     1.00465     1.01182
  13.02474     1.00372     1.00278     0.99722
  13.09019     0.99979     0.99466     1.00691
  13.15564     1.02432     0.99723     0.99358
  13.22109     0.97611     1.01445     0.98758
  13.28654     0.98292     0.99701     1.01290
  13.35199     0.99149     1.01044     0.98703
  13.41744     1.02847     0.99426     0.99488
  13.48289     1.00291     1.00727     0.98696
  13.54834     1.01753     0.99166     1.00128
  13.61379     1.00402     0.99938     1.00231
  13.67925     0.99938     0.99336     1.01042
  13.74470     0.99050     0.99121     1.01675
  13.81015     0.98387     0.99213     1.01623
  13.87560     1.00257     1.01308     0.98156
  13.94105     0.96876     1.00638     1.00540
  14.00650     0.99130     1.00244     1.00041
  14.07195     0.99994     1.00394     0.99300
  14.13740     1.00431     1.00119     0.99518
  14.20285     0.99852     1.00135     0.99845
  14.26830     0.99877     0.99701     1.00417
  14.33375     1.01785     0.99805     0.99567
  14.39921     1.02676     0.98963     1.00501
  14.46466     1.02220     0.99519     0.99849
  14.53011     0.99902     1.00269     0.99352
  14.59556     0.99389     0.99750     1.01010
  14.66101     0.99473     1.00300     1.00186
  14.72646     1.00273     0.99849     1.00084
  14.79191     0.99361     0.99778     1.00637
  14.85736     1.01137     1.01031     0.98127
  14.92281     0.97443     1.00699     1.00591
  14.98826     0.98166     1.01113     0.99443
  15.05371     1.01096     0.99440     1.00642
  15.11917     0.97563     1.00555     1.00726
  15.18462     1.01043     0.99773     1.00297
  15.25007     1.01472     0.99454     1.00458
  15.31552     0.98533     1.00267     1.00859
  15.38097     1.00168     1.00412     1.00190
  15.44642     0.98763     1.00932     0.99399
  15.51187     1.01107     1.00210     0.99862
  15.57732     1.02287     0.99310     1.00033
  15.64277     0.99635     1.00576     0.99695
  15.70822     1.01106     0.99888     1.00188
  15.77368     0.98593     1.00274     1.00222
  15.83913     1.00296     1.00334     0.99715
  15.90458     0.98099     1.00361     1.00818
  15.97003     1.00656     0.99495     1.00726
  16.03548     1.01772     1.00074     0.99081
  16.10093     1.02242     0.99793     0.99255
  16.16638     1.01261     0.99441     1.00388
  16.23183     1.01764     0.98746     1.00942
  16.29728     1.01624     0.99825     0.99122
  16.36273     1.00013     0.99837     1.00762
  16.42818     0.98638     1.00086     1.00763
  16.49364     0.99091     1.01269     0.99218
  16.55909     0.99724     1.00551     0.99760
  16.62454     0.99988     1.00280     0.99438
  16.68999     1.00889     0.99285     1.00592
  16.75544     0.96534     1.00619     1.00668
  16.82089     1.00143     0.99894     0.99394
  16.88634     0.98455     1.00375     1.00543
  16.95179     0.99590     1.00381     0.99547
  17.01724     0.98825     1.00187     1.00554
  17.08269     0.99101     1.00505     0.99038
  17.14814     1.02343     0.99769     0.99292
  17.21360     0.99846     0.99630     1.00145
  17.27905     0.99208     0.99510     1.00699
  17.34450     1.00231     1.00085     0.99634
  17.40995     0.99307     1.00566     0.99038
  17.47540     1.01579     0.99646     0.99619
  17.54085     1.00145     1.00228     0.98838
  17.60630     1.00186     0.98907     1.00865
  17.67175     1.01744     0.98819     1.00394
  17.73720     1.00884     0.98924     1.00743
  17.80265     0.99084     1.00089     0.99662
  17.86811     1.01479     0.98930     1.00211
  17.93356     0.98489     1.00811     0.99319
  17.99901     0.97345     1.00427     0.99871
  18.06446     0.98256     1.00401     1.00062
  18.12991     0.99943     0.99410     1.00852
  18.19536     0.98211     0.99572     1.01104
  18.26081     1.00547     1.00059     0.99126
  18.32626     0.99209     1.00296     0.99236
  18.39171     1.00610     0.99575     1.00079
  18.45716     0.99099     0.99855     1.00380
  18.52261     1.01015     0.99462     0.99897
  18.58807     1.01210     0.99785     0.98924
  18.65352     1.01366     1.00004     0.99360
  18.71897     1.00873     0.99603     0.99974
  18.78442     0.99811     1.00512     0.99447
  18.84987     0.98109     1.00327     1.00619
  18.91532     0.98936     1.00641     0.99654
  18.98077     1.00263     1.00249     0.99512
  19.04622     0.98458     1.00284     1.00292
  19.11167     1.01985     1.00401     0.98531
  19.17712     1.02581     0.98728     0.99899
  19.24257     0.98601     1.00800     0.99798
  19.30803     0.99238     1.00035     1.00419
  19.37348     1.00451     1.00106     0.99690
  19.43893     1.00465     0.99743     1.00248
  19.50438     1.01512     0.99079     1.00800
  19.56983     0.99231     1.00268     1.00178
  19.63528     0.99532     0.99924     1.00165
  19.70073     1.01244     0.99340     1.00532
  19.76618     1.00026     1.00135     1.00247
  19.83163     0.99058     1.00320     1.00227
  19.89708     0.99928     0.99861     1.00531
  19.96253     1.01017     0.99855     0.99903
  20.02799     0.99045     1.00649     0.99909
  20.09344     1.00422     0.99998     1.00012
  20.15889     0.99030     1.00731     0.99896
  20.22434     1.00415     0.99586     1.00980
  20.28979     1.00373     1.00005     0.99750
  20.35524     0.98946     1.00218     1.00122
  20.42069     0.98118     1.00290     1.00872
  20.48614     1.00444     1.00003     0.99998
  20.55159     1.00066     1.00289     0.99938
  20.61704     1.00440     0.99988     0.99845
  20.68250     1.02025     1.00534     0.98396
  20.74795     1.00212     0.99588     1.00725
  20.81340     1.01467     0.99872     0.99531
  20.87885     0.98720     1.00494     1.00245
  20.94430     1.00691     0.99590     1.00208
  21.00975     0.99724     0.99640     1.00485
  21.07520     0.98545     1.00434     1.00072
  21.14065     1.01265     0.99807     0.99526
  21.20610     1.00138     0.99534     1.00159
  21.27155     1.00342     1.00457     0.99462
  21.33700     1.01343     0.99877     0.99631
  21.40246     0.98550     1.00329     0.99725
  21.46791     0.98816     1.00490     1.00044
  21.53336     0.99578     1.00304     0.99274
  21.59881     1.00924     0.99515     0.99989
  21.66426     0.99575     0.99520     1.00710
  21.72971     1.00631     0.99579     1.00528
  21.79516     1.00198     0.99691     1.00303
  21.86061     0.99187     1.00658     0.99585
  21.92606     1.01317     1.00119     0.99315
  21.99151     0.99614     1.00379     0.99921
  22.05696     0.99952     0.99233     1.01002
  22.12242     0.98900     1.00029     0.99902
  22.18787     0.99505     1.00770     0.99021
  22.25332     0.98827     1.00125     1.00209
  22.31877     1.01375     0.99130     1.00188
  22.38422     1.00402     0.99952     0.99422
  22.44967     0.99599     0.99739     1.00371
  22.51512     0.98621     1.00316     1.00525
  22.58057     0.99992     1.00149     0.99487
  22.64602     0.99042     0.99694     1.00607
  22.71147     0.99718     0.99250     1.00694
  22.77693     1.00965     0.99576     1.00085

PDF 1 in G'(r) format
  r, PDF (RMC), PDF (Expt)
 CURVES
         348 ,           2
      0.0654509        0.0000000        0.0000000
      0.1309019        0.0000000        0.0000000
      0.1963528        0.0000000        0.0000000
      0.2618037        0.0000000        0.0000000
      0.3272547        0.0000000        0.0000000
      0.3927056        0.0000000        0.0000000
      0.4581565        0.0000000        0.0000000
      0.5236075        0.0000000        0.0000000
      0.5890584        0.0000000        0.0000000
      0.6545093        0.0000000        0.0000000
      0.7199603        0.0098306        0.0000000
      0.7854112        0.0165227        0.0000000
      0.8508621        0.0140797        0.0000000
      0.9163131        0.0182115        0.0000000
      0.9817640        0.0211535        0.0000000
      1.0472149        0.0232409        0.0000000
      1.1126659        0.0288231        0.0000000
      1.1781168        0.0460671        0.0000000
      1.2435677        0.1857619        0.1336642
      1.3090187        0.4657405        0.4087493
      1.3744696        0.8170211        0.7543131
      1.4399206        1.2176559        1.1485415
      1.5053715        1.6239987        1.5505350
      1.5708224        1.9871116        1.9059448
      1.6362734        2.2453558        2.1587834
      1.7017243        2.3597544        2.2659462
      1.7671752        2.3102441        2.2093322
      1.8326262        2.1109007        2.0010507
      1.8980771        1.7966497        1.6798473
      1.9635280        1.4250684        1.3003390
      2.0289790        1.0531071        0.9192625
      2.0944299        0.7267495        0.5835708
      2.1598808        0.4759811        0.3237554
      2.2253318        0.3145682        0.1531507
      2.2907827        0.2440317        0.0715582
      2.3562336        0.2526951        0.0703735
      2.4216846        0.1371851        0.1367765
      2.4871355        0.2549468        0.2559231
      2.5525864        0.4102391        0.4115305
      2.6180374        0.5832275        0.5860281
      2.6834883        0.7571887        0.7613177
      2.7489392        0.9149729        0.9204588
      2.8143902        1.0445913        1.0498161
      2.8798411        1.1346278        1.1408396
      2.9452920        1.1838528        1.1907984
      3.0107430        1.1938264        1.2022868
      3.0761939        1.1735041        1.1818121
      3.1416448        1.1297711        1.1380301
      3.2070958        1.0720152        1.0801428
      3.2725467        1.0085493        1.0167345
      3.3379976        0.9474896        0.9550757
      3.4034486        0.8899529        0.9007813
      3.4688995        0.8483729        0.8576976
      3.5343504        0.8172472        0.8279539
      3.5998014        0.8030385        0.8121644
      3.6652523        0.7975271        0.8097733
      3.7307032        0.8059749        0.8194883
      3.7961542        0.8275169        0.8397032
      3.8616051        0.8540997        0.8687856
      3.9270560        0.8909708        0.9051459
      3.9925070        0.9315544        0.9470814
      4.0579579        0.9761011        0.9924918
      4.1234088        1.0211496        1.0386326
      4.1888598        1.0654571        1.0820893
      4.2543107        1.1017302        1.1190817
      4.3197617        1.1273827        1.1460852
      4.3852126        1.1410573        1.1606051
      4.4506635        1.1429852        1.1618539
      4.5161145        1.1295816        1.1510787
      4.5815654        1.1120765        1.1313973
      4.6470163        1.0862912        1.1071647
      4.7124673        1.0606732        1.0830542
      4.7779182        1.0408213        1.0631198
      4.8433691        1.0278396        1.0500902
      4.9088201        1.0227736        1.0450422
      4.9742710        1.0244526        1.0474679
      5.0397219        1.0319571        1.0556379
      5.1051729        1.0439523        1.0671130
      5.1706238        1.0556624        1.0792657
      5.2360747        1.0665157        1.0897134
      5.3015257        1.0720207        1.0966243
      5.3669766        1.0755091        1.0988858
      5.4324275        1.0721499        1.0961514
      5.4978785        1.0661811        1.0887822
      5.5633294        1.0543683        1.0777025
      5.6287803        1.0399911        1.0641974
      5.6942313        1.0251985        1.0496821
      5.7596822        1.0134006        1.0354810
      5.8251331        1.0004343        1.0226525
      5.8905841        0.9914696        1.0118836
      5.9560350        0.9824560        1.0034631
      6.0214859        0.9777631        0.9973273
      6.0869369        0.9733580        0.9931542
      6.1523878        0.9721212        0.9904812
      6.2178387        0.9719781        0.9888186
      6.2832897        0.9698545        0.9877401
      6.3487406        0.9695877        0.9869391
      6.4141915        0.9719924        0.9862467
      6.4796425        0.9700066        0.9856162
      6.5450934        0.9705128        0.9850831
      6.6105443        0.9694505        0.9847145
      6.6759953        0.9716728        0.9845639
      6.7414462        0.9720692        0.9846464
      6.8068971        0.9716802        0.9849370
      6.8723481        0.9747166        0.9853913
      6.9377990        0.9762080        0.9859733
      7.0032500        0.9744429        0.9866786
      7.0687009        0.9811762        0.9875407
      7.1341518        0.9784497        0.9886210
      7.1996028        0.9802468        0.9899864
      7.2650537        0.9821565        0.9916841
      7.3305046        0.9836154        0.9937189
      7.3959556        0.9881197        0.9960403
      7.4614065        0.9926541        0.9985393
      7.5268574        0.9953753        1.0010578
      7.5923084        0.9966767        1.0034105
      7.6577593        0.9989260        1.0054168
      7.7232102        1.0002159        1.0069347
      7.7886612        1.0030319        1.0078879
      7.8541121        1.0017236        1.0082768
      7.9195630        1.0026420        1.0081716
      7.9850140        1.0009220        1.0076919
      8.0504649        1.0023276        1.0069810
      8.1159158        1.0019695        1.0061833
      8.1813668        1.0000041        1.0054282
      8.2468177        1.0005920        1.0048201
      8.3122686        1.0014011        1.0044299
      8.3777196        1.0000444        1.0042903
      8.4431705        1.0021816        1.0043946
      8.5086214        1.0029455        1.0047020
      8.5740724        1.0017562        1.0051498
      8.6395233        1.0013271        1.0056686
      8.7049742        1.0040426        1.0061946
      8.7704252        1.0033649        1.0066765
      8.8358761        1.0039572        1.0070750
      8.9013270        1.0041415        1.0073594
      8.9667780        1.0056486        1.0075046
      9.0322289        1.0051685        1.0074908
      9.0976798        1.0046432        1.0073061
      9.1631308        1.0055035        1.0069488
      9.2285817        1.0057181        1.0064289
      9.2940326        1.0035181        1.0057682
      9.3594836        1.0046414        1.0049992
      9.4249345        1.0019222        1.0041619
      9.4903854        1.0014025        1.0033015
      9.5558364        1.0000930        1.0024632
      9.6212873        1.0006492        1.0016885
      9.6867382        0.9993408        1.0010121
      9.7521892        0.9982379        1.0004599
      9.8176401        0.9988133        1.0000490
      9.8830911        0.9987977        0.9997854
      9.9485420        0.9989102        0.9996616
     10.0139929        0.9980046        0.9996523
     10.0794439        0.9982410        0.9997136
     10.1448948        0.9988365        0.9997863
     10.2103457        0.9978953        0.9998056
     10.2757967        0.9990283        0.9997154
     10.3412476        0.9989336        0.9994805
     10.4066985        0.9985917        0.9990951
     10.4721495        0.9989327        0.9985839
     10.5376004        0.9990112        0.9979966
     10.6030513        0.9966641        0.9973973
     10.6685023        0.9974457        0.9968523
     10.7339532        0.9960998        0.9964170
     10.7994041        0.9965604        0.9961255
     10.8648551        0.9964884        0.9959858
     10.9303060        0.9958445        0.9959797
     10.9957569        0.9966264        0.9960714
     11.0612079        0.9993361        0.9962183
     11.1266588        0.9984056        0.9963827
     11.1921097        0.9984692        0.9965386
     11.2575607        0.9975216        0.9966740
     11.3230116        0.9981350        0.9967877
     11.3884625        0.9975828        0.9968859
     11.4539135        0.9992096        0.9969775
     11.5193644        0.9994364        0.9970714
     11.5848153        0.9987569        0.9971733
     11.6502663        1.0012922        0.9972828
     11.7157172        1.0011922        0.9973918
     11.7811681        0.9986580        0.9974858
     11.8466191        0.9996160        0.9975487
     11.9120700        1.0002252        0.9975699
     11.9775209        1.0008939        0.9975487
     12.0429719        1.0011163        0.9974962
     12.1084228        1.0012159        0.9974306
     12.1738737        1.0030214        0.9973706
     12.2393247        1.0011803        0.9973294
     12.3047756        1.0001158        0.9973116
     12.3702265        1.0013115        0.9973140
     12.4356775        1.0027822        0.9973288
     12.5011284        1.0012310        0.9973466
     12.5665794        1.0016496        0.9973586
     12.6320303        1.0004576        0.9973585
     12.6974812        1.0011091        0.9973439
     12.7629322        1.0022756        0.9973167
     12.8283831        1.0001805        0.9972826
     12.8938340        1.0013208        0.9972497
     12.9592850        0.9993773        0.9972247
     13.0247359        1.0010285        0.9972114
     13.0901868        0.9997510        0.9972099
     13.1556378        1.0006084        0.9972187
     13.2210887        0.9986545        0.9972367
     13.2865396        1.0000669        0.9972651
     13.3519906        0.9991462        0.9973063
     13.4174415        1.0003244        0.9973628
     13.4828924        0.9995402        0.9974340
     13.5483434        0.9993905        0.9975154
     13.6137943        1.0011808        0.9975994
     13.6792452        1.0002556        0.9976772
     13.7446962        0.9998720        0.9977406
     13.8101471        0.9990053        0.9977842
     13.8755980        1.0004424        0.9978068
     13.9410490        0.9996055        0.9978108
     14.0064999        0.9998384        0.9978019
     14.0719508        0.9994930        0.9977874
     14.1374018        0.9996565        0.9977742
     14.2028527        0.9998699        0.9977680
     14.2683036        0.9997713        0.9977727
     14.3337546        1.0006166        0.9977911
     14.3992055        1.0012744        0.9978259
     14.4646564        1.0009462        0.9978789
     14.5301074        0.9989106        0.9979501
     14.5955583        1.0012180        0.9980367
     14.6610092        1.0011938        0.9981329
     14.7264602        1.0000248        0.9982319
     14.7919111        1.0000198        0.9983290
     14.8573620        1.0005033        0.9984234
     14.9228130        1.0010498        0.9985184
     14.9882639        1.0003478        0.9986181
     15.0537148        1.0013667        0.9987249
     15.1191658        1.0010206        0.9988371
     15.1846167        1.0017017        0.9989493
     15.2500676        1.0014415        0.9990550
     15.3155186        1.0017386        0.9991490
     15.3809695        1.0029420        0.9992285
     15.4464205        1.0003400        0.9992931
     15.5118714        1.0024405        0.9993435
     15.5773223        1.0006779        0.9993811
     15.6427733        1.0011188        0.9994083
     15.7082242        1.0019931        0.9994293
     15.7736751        0.9996844        0.9994500
     15.8391261        1.0011454        0.9994768
     15.9045770        1.0013150        0.9995151
     15.9700279        1.0011674        0.9995674
     16.0354789        1.0002308        0.9996329
     16.1009298        1.0002712        0.9997081
     16.1663807        1.0007785        0.9997877
     16.2318317        1.0001753        0.9998655
     16.2972826        0.9989088        0.9999355
     16.3627335        1.0018539        0.9999930
     16.4281845        1.0007101        1.0000353
     16.4936354        1.0019139        1.0000631
     16.5590863        1.0013739        1.0000796
     16.6245373        0.9994027        1.0000905
     16.6899882        1.0000838        1.0001019
     16.7554391        0.9993700        1.0001189
     16.8208901        0.9976453        1.0001452
     16.8863410        1.0010431        1.0001820
     16.9517919        0.9995879        1.0002287
     17.0172429        1.0008035        1.0002820
     17.0826938        0.9976052        1.0003367
     17.1481447        1.0004541        1.0003859
     17.2135957        0.9984413        1.0004233
     17.2790466        0.9986698        1.0004447
     17.3444975        0.9995497        1.0004502
     17.4099485        0.9982543        1.0004434
     17.4753994        0.9996740        1.0004308
     17.5408503        0.9973570        1.0004192
     17.6063013        0.9979921        1.0004144
     17.6717522        0.9986099        1.0004212
     17.7372031        0.9988520        1.0004431
     17.8026541        0.9977047        1.0004828
     17.8681050        0.9980662        1.0005415
     17.9335559        0.9990069        1.0006177
     17.9990069        0.9970856        1.0007069
     18.0644578        0.9991730        1.0008023
     18.1299088        0.9999691        1.0008963
     18.1953597        0.9986607        1.0009823
     18.2608106        0.9982174        1.0010555
     18.3262616        0.9974599        1.0011133
     18.3917125        0.9992537        1.0011547
     18.4571634        0.9990625        1.0011794
     18.5226144        0.9987735        1.0011887
     18.5880653        0.9973268        1.0011851
     18.6535162        1.0001560        1.0011723
     18.7189672        0.9994781        1.0011550
     18.7844181        1.0002595        1.0011369
     18.8498690        1.0004778        1.0011213
     18.9153200        1.0000997        1.0011100
     18.9807709        0.9999783        1.0011048
     19.0462218        0.9997452        1.0011074
     19.1116728        1.0002859        1.0011186
     19.1771237        0.9979016        1.0011381
     19.2425746        1.0007909        1.0011632
     19.3080256        1.0003075        1.0011898
     19.3734765        1.0002187        1.0012133
     19.4389274        1.0004021        1.0012306
     19.5043784        1.0008685        1.0012404
     19.5698293        1.0005976        1.0012437
     19.6352802        0.9993971        1.0012419
     19.7007312        1.0007564        1.0012363
     19.7661821        1.0015460        1.0012277
     19.8316330        1.0007229        1.0012165
     19.8970840        1.0010310        1.0012036
     19.9625349        1.0007006        1.0011905
     20.0279858        1.0012023        1.0011788
     20.0934368        1.0007556        1.0011696
     20.1588877        1.0015299        1.0011631
     20.2243386        1.0020693        1.0011586
     20.2897896        0.9997989        1.0011542
     20.3552405        0.9996745        1.0011478
     20.4206914        1.0011846        1.0011372
     20.4861424        1.0007677        1.0011206
     20.5515933        1.0013043        1.0010978
     20.6170442        1.0001620        1.0010696
     20.6824952        1.0005401        1.0010387
     20.7479461        1.0008569        1.0010081
     20.8133970        1.0002778        1.0009806
     20.8788480        1.0010490        1.0009571
     20.9442989        0.9999051        1.0009368
     21.0097499        0.9994494        1.0009174
     21.0752008        0.9998634        1.0008970
     21.1406517        0.9995958        1.0008743
     21.2061027        0.9985215        1.0008495
     21.2715536        1.0009494        1.0008238
     21.3370045        1.0004292        1.0007988
     21.4024555        0.9981672        1.0007757
     21.4679064        1.0005061        1.0007557
     21.5333573        0.9982540        1.0007395
     21.5988083        0.9991877        1.0007271
     21.6642592        0.9993829        1.0007182
     21.7297101        1.0008515        1.0007114
     21.7951611        0.9998808        1.0007048
     21.8606120        1.0003761        1.0006960
     21.9260629        1.0004774        1.0006828
     21.9915139        1.0009027        1.0006633
     22.0569648        0.9996403        1.0006368
     22.1224157        0.9979236        1.0006032
     22.1878667        0.9995242        1.0005635
     22.2533176        0.9993205        1.0005196
     22.3187685        0.9987779        1.0004742
     22.3842195        0.9984660        1.0004298
     22.4496704        0.9993209        1.0003886
     22.5151213        1.0009777        1.0003512
     22.5805723        0.9989414        1.0003174
     22.6460232        0.9989607        1.0002861
     22.7114741        0.9982696        1.0002565
     22.7769251        0.9998862        1.0002279
