 Results from RMCProfile version 6.7.9.5

 (Version 6f format configuration file)                                          

 2 experiments   3 partials

 Partial g(r)'s are printed out below

   128  3 are NR and NPAR

   r (Ang)
   0.06545     0.00000     0.00000     0.00000
   0.13090     0.00000     0.00000     0.00000
   0.19635     0.00000     0.00000     0.00000
   0.26180     0.00000     0.00000     0.00000
   0.32725     0.00000     0.00000     0.00000
   0.39271     0.00000     0.00000     0.00000
   0.45816     0.00000     0.00000     0.00000
   0.52361     0.00000     0.00000     0.00000
   0.58906     0.00000     0.00000     0.00000
   0.65451     0.00000     0.00000     0.00000
   0.71996     0.00000     0.00000     0.00000
   0.78541     0.00000     0.00000     0.00000
   0.85086     0.00000     0.00000     0.00000
   0.91631     0.00000     0.00000     0.00000
   0.98176     0.00000     0.00000     0.00000
   1.04721     0.00000     0.00000     0.00000
   1.11267     0.00000     0.00000     0.00000
   1.17812     0.00000     0.56739     0.00000
   1.24357     0.00000     0.76387     0.00000
   1.30902     0.00000     1.37882     0.00000
   1.37447     0.00000     2.29286     0.00000
   1.43992     0.00000     3.03883     0.00000
   1.50537     0.00000     3.82300     0.00000
   1.57082     0.00000     3.98989     0.43427
   1.63627     0.00000     4.85380     0.20012
   1.70172     0.00000     4.89563     0.55506
   1.76718     0.00000     5.04416     0.17157
   1.83263     0.00000     4.33856     0.15954
   1.89808     0.00000     3.17004     0.74362
   1.96353     0.00000     2.45152     0.13897
   2.02898     0.00000     0.95663     0.65077
   2.09443     0.00000     0.08978     0.85503
   2.15988     0.00000     0.00000     0.68914
   2.22533     0.00000     0.00000     0.54100
   2.29078     0.00000     0.00000     0.91896
   2.35623     0.00000     0.00000     1.73723
   2.42168     0.00000     0.06715     1.55324
   2.48714     0.00000     0.00000     1.47257
   2.55259     0.00000     0.00000     1.72697
   2.61804     0.00000     0.34476     1.71988
   2.68349     0.00000     0.38284     2.08347
   2.74894     0.00000     0.41694     2.26908
   2.81439     0.00000     0.89500     1.75888
   2.87984     1.25653     0.61734     1.93828
   2.94529     4.53826     0.27240     0.92655
   3.01074     3.19345     0.82552     0.82759
   3.07619     3.42609     0.49943     1.24575
   3.14164     2.58094     0.87787     0.97722
   3.20710     1.46349     0.95728     0.88565
   3.27255     1.08118     0.88260     0.90061
   3.33800     1.35096     0.56555     1.10609
   3.40345     1.39946     0.81601     0.87893
   3.46890     1.44338     0.78551     0.89060
   3.53435     1.76119     0.34682     1.45847
   3.59980     0.62548     0.21275     2.02618
   3.66525     0.08619     1.20199     0.23932
   3.73070     0.41597     1.04700     0.34650
   3.79615     0.32140     1.09320     0.48339
   3.86161     0.38825     1.24134     0.50307
   3.92706     0.22525     1.22584     0.48645
   3.99251     0.43585     1.03773     0.67233
   4.05796     0.91412     0.90886     0.58573
   4.12341     0.68103     1.15821     0.69335
   4.18886     0.72590     1.09985     0.91616
   4.25431     0.83169     1.37092     0.74016
   4.31976     1.05489     1.51965     0.86148
   4.38521     0.72257     1.49510     0.89168
   4.45066     0.87684     1.23274     0.91975
   4.51611     1.02193     1.00416     1.26111
   4.58157     0.66196     1.29465     0.74031
   4.64702     1.34051     1.00310     0.96774
   4.71247     1.14711     0.97543     1.10995
   4.77792     0.96373     0.81087     1.31448
   4.84337     0.93786     0.83947     1.11930
   4.90882     0.81691     0.84992     1.15636
   4.97427     1.31032     0.90729     0.84460
   5.03972     1.45887     0.88388     0.99158
   5.10517     1.02185     0.98226     1.13080
   5.17062     1.25601     1.09013     1.28274
   5.23607     1.18257     1.00558     1.25087
   5.30153     1.19475     0.88282     1.12485
   5.36698     0.96479     1.02550     0.96736
   5.43243     1.29481     1.02763     1.03498
   5.49788     1.07262     1.01634     1.31186
   5.56333     1.15977     1.14526     0.93491
   5.62878     1.16950     1.09392     0.87947
   5.69423     0.99993     0.93531     1.10726
   5.75968     1.18676     0.93791     0.96917
   5.82513     1.09199     0.85892     1.15281
   5.89058     1.06786     1.01020     1.03468
   5.95604     1.10980     0.96591     1.02717
   6.02149     0.89419     0.92330     1.13797
   6.08694     0.90632     1.09490     0.94007
   6.15239     0.82596     0.74917     0.94849
   6.21784     0.86856     1.00853     0.88705
   6.28329     1.17319     1.06744     0.84152
   6.34874     0.97675     1.12372     1.03697
   6.41419     0.59104     1.03389     1.04196
   6.47964     0.74463     1.05063     0.84234
   6.54509     0.72982     1.08489     0.93816
   6.61054     1.11290     0.85622     0.98099
   6.67600     0.96128     0.94555     0.82959
   6.74145     0.96819     0.85795     0.96684
   6.80690     1.02463     1.00304     1.02929
   6.87235     0.98069     0.96735     0.87363
   6.93780     1.08256     0.94100     0.96855
   7.00325     0.89715     0.97970     0.95053
   7.06870     1.06601     0.86706     1.00808
   7.13415     1.04654     0.97504     1.02126
   7.19960     0.75953     0.98018     0.98210
   7.26505     1.03110     1.00737     1.15738
   7.33050     0.92658     1.07009     1.04705
   7.39596     0.82558     0.94323     0.96003
   7.46141     0.95675     1.09654     0.86626
   7.52686     0.87887     0.96632     0.87964
   7.59231     0.86378     1.09322     1.02257
   7.65776     1.08603     0.97387     1.09654
   7.72321     0.97064     0.93102     1.13194
   7.78866     0.93530     1.05827     0.84800
   7.85411     1.23889     0.84917     0.88604
   7.91956     1.05234     0.90426     1.09359
   7.98501     0.94435     1.08717     1.07574
   8.05046     1.32212     0.94194     1.00871
   8.11592     1.16025     0.86104     1.01691
   8.18137     0.86497     1.01207     0.98469
   8.24682     0.86832     0.90341     1.00064
   8.31227     0.77091     0.99185     0.96168
   8.37772     0.98988     1.00447     0.97725

 Partial S(Q)'s are printed out below

   494  3 are NQ and NPAR

      Q          S(Q)_1      S(Q)_2      S(Q)_3
  0.4682470    -1.9470185     0.4465998    -0.5808967
  0.4982822    -1.8586792     0.5546285    -0.5404279
  0.5283174    -1.7894570     0.6402568    -0.5078609
  0.5583526    -1.7392438     0.7036882    -0.4833553
  0.5883878    -1.7072298     0.7459365    -0.4667978
  0.6184230    -1.6919609     0.7687436    -0.4578191
  0.6484582    -1.6914207     0.7744706    -0.4558175
  0.6784934    -1.7031299     0.7659677    -0.4599924
  0.7085286    -1.7242599     0.7464301    -0.4693825
  0.7385638    -1.7517558     0.7192454    -0.4829092
  0.7685990    -1.7824628     0.6878403    -0.4994226
  0.7986342    -1.8132518     0.6555334    -0.5177491
  0.8286694    -1.8411380     0.6253986    -0.5367377
  0.8587046    -1.8633897     0.6001476    -0.5553035
  0.8887398    -1.8776216     0.5820322    -0.5724682
  0.9187750    -1.8818716     0.5727730    -0.5873943
  0.9488102    -1.8746568     0.5735147    -0.5994129
  0.9788454    -1.8550093     0.5848088    -0.6080443
  1.0088806    -1.8224897     0.6066241    -0.6130103
  1.0389158    -1.7771807     0.6383815    -0.6142387
  1.0689510    -1.7196598     0.6790123    -0.6118596
  1.0989862    -1.6509554     0.7270341    -0.6061935
  1.1290214    -1.5724874     0.7806409    -0.5977331
  1.1590566    -1.4859962     0.8378026    -0.5871181
  1.1890918    -1.3934631     0.8963679    -0.5751054
  1.2191270    -1.2970252     0.9541663    -0.5625354
  1.2491622    -1.1988892     1.0091038    -0.5502949
  1.2791974    -1.1012470     1.0592489    -0.5392799
  1.3092326    -1.0061952     1.1029048    -0.5303576
  1.3392678    -0.9156632     1.1386651    -0.5243302
  1.3693030    -0.8313495     1.1654517    -0.5219013
  1.3993382    -0.7546699     1.1825348    -0.5236462
  1.4293734    -0.6867183     1.1895333    -0.5299862
  1.4594086    -0.6282395     1.1863999    -0.5411694
  1.4894438    -0.5796161     1.1733892    -0.5572564
  1.5194790    -0.5408670     1.1510159    -0.5781131
  1.5495142    -0.5116587     1.1200015    -0.6034098
  1.5795494    -0.4913272     1.0812172    -0.6326264
  1.6095846    -0.4789093     1.0356241    -0.6650643
  1.6396198    -0.4731822     0.9842143    -0.6998639
  1.6696551    -0.4727091     0.9279578    -0.7360267
  1.6996903    -0.4758903     0.8677554    -0.7724432
  1.7297255    -0.4810169     0.8044022    -0.8079228
  1.7597607    -0.4863260     0.7385612    -0.8412280
  1.7897959    -0.4900562     0.6707491    -0.8711089
  1.8198311    -0.4905021     0.6013340    -0.8963395
  1.8498663    -0.4860649     0.5305438    -0.9157531
  1.8799015    -0.4753012     0.4584844    -0.9282765
  1.9099367    -0.4569651     0.3851668    -0.9329622
  1.9399719    -0.4300458     0.3105390    -0.9290172
  1.9700071    -0.3937989     0.2345219    -0.9158276
  2.0000423    -0.3477698     0.1570457    -0.8929789
  2.0300775    -0.2918106     0.0780852    -0.8602713
  2.0601127    -0.2260882    -0.0023095    -0.8177282
  2.0901479    -0.1510848    -0.0839879    -0.7656003
  2.1201831    -0.0675903    -0.1666813    -0.7043621
  2.1502183     0.0233147    -0.2499939    -0.6347037
  2.1802535     0.1202821    -0.3334026    -0.5575156
  2.2102887     0.2217287    -0.4162658    -0.4738691
  2.2403239     0.3258746    -0.4978400    -0.3849910
  2.2703591     0.4307883    -0.5773049    -0.2922342
  2.3003943     0.5344361    -0.6537923    -0.1970455
  2.3304295     0.6347364    -0.7264203    -0.1009299
  2.3604647     0.7296151    -0.7943285    -0.0054142
  2.3904999     0.8170632    -0.8567135     0.0879905
  2.4205351     0.8951924    -0.9128613     0.1778252
  2.4505703     0.9622887    -0.9621768     0.2627182
  2.4806055     1.0168611    -1.0042061     0.3414174
  2.5106407     1.0576849    -1.0386535     0.4128189
  2.5406759     1.0838372    -1.0653892     0.4759914
  2.5707111     1.0947230    -1.0844507     0.5301958
  2.6007463     1.0900923    -1.0960349     0.5748981
  2.6307815     1.0700459    -1.1004842     0.6097777
  2.6608167     1.0350310    -1.0982653     0.6347285
  2.6908519     0.9858251    -1.0899444     0.6498544
  2.7208871     0.9235102    -1.0761576     0.6554588
  2.7509223     0.8494379    -1.0575813     0.6520293
  2.7809575     0.7651858    -1.0349017     0.6402165
  2.8109927     0.6725078    -1.0087865     0.6208099
  2.8410279     0.5732802    -0.9798600     0.5947101
  2.8710631     0.4694446    -0.9486831     0.5628994
  2.9010983     0.3629515    -0.9157385     0.5264108
  2.9311335     0.2557054    -0.8814225     0.4862975
  2.9611687     0.1495135    -0.8460427     0.4436030
  2.9912039     0.0460414    -0.8098220     0.3993333
  3.0212391    -0.0532248    -0.7729087     0.3544327
  3.0512743    -0.1470069    -0.7353901     0.3097615
  3.0813095    -0.2342544    -0.6973105     0.2660797
  3.1113447    -0.3141535    -0.6586905     0.2240342
  3.1413799    -0.3861267    -0.6195475     0.1841507
  3.1714151    -0.4498239    -0.5799142     0.1468306
  3.2014503    -0.5051046    -0.5398564     0.1123528
  3.2314855    -0.5520133    -0.4994853     0.0808790
  3.2615207    -0.5907506    -0.4589670     0.0524632
  3.2915559    -0.6216400    -0.4185255     0.0270642
  3.3215911    -0.6450939    -0.3784413     0.0045603
  3.3516263    -0.6615798    -0.3390438    -0.0152339
  3.3816615    -0.6715892    -0.3006990    -0.0325506
  3.4116967    -0.6756093    -0.2637928    -0.0476510
  3.4417319    -0.6741016    -0.2287116    -0.0608096
  3.4717671    -0.6674842    -0.1958199    -0.0722978
  3.5018023    -0.6561229    -0.1654387    -0.0823717
  3.5318375    -0.6403274    -0.1378236    -0.0912606
  3.5618727    -0.6203539    -0.1131456    -0.0991591
  3.5919079    -0.5964143    -0.0914762    -0.1062211
  3.6219431    -0.5686883    -0.0727760    -0.1125582
  3.6519783    -0.5373405    -0.0568898    -0.1182389
  3.6820135    -0.5025374    -0.0435478    -0.1232917
  3.7120487    -0.4644662    -0.0323722    -0.1277096
  3.7420839    -0.4233510    -0.0228909    -0.1314569
  3.7721191    -0.3794671    -0.0145562    -0.1344763
  3.8021543    -0.3331507    -0.0067681    -0.1366978
  3.8321895    -0.2848045     0.0010991    -0.1380466
  3.8622247    -0.2348973     0.0096673    -0.1384524
  3.8922599    -0.1839581     0.0195256    -0.1378558
  3.9222951    -0.1325653     0.0312014    -0.1362161
  3.9523303    -0.0813306     0.0451345    -0.1335152
  3.9823655    -0.0308798     0.0616552    -0.1297625
  4.0124007     0.0181699     0.0809668    -0.1249960
  4.0424359     0.0652329     0.1031349    -0.1192830
  4.0724711     0.1097782     0.1280830    -0.1127190
  4.1025063     0.1513504     0.1555948    -0.1054246
  4.1325415     0.1895876     0.1853238    -0.0975423
  4.1625767     0.2242338     0.2168087    -0.0892311
  4.1926119     0.2551471     0.2494941    -0.0806612
  4.2226471     0.2823000     0.2827564    -0.0720081
  4.2526823     0.3057744     0.3159318    -0.0634470
  4.2827175     0.3257496     0.3483460    -0.0551465
  4.3127527     0.3424849     0.3793445    -0.0472637
  4.3427879     0.3562968     0.4083202    -0.0399390
  4.3728231     0.3675335     0.4347390    -0.0332929
  4.4028583     0.3765468     0.4581606    -0.0274222
  4.4328935     0.3836640     0.4782538    -0.0223984
  4.4629287     0.3891613     0.4948063    -0.0182659
  4.4929639     0.3932411     0.5077273    -0.0150420
  4.5229991     0.3960132     0.5170445    -0.0127173
  4.5530343     0.3974832     0.5228946    -0.0112565
  4.5830695     0.3975478     0.5255081    -0.0106003
  4.6131047     0.3959977     0.5251900    -0.0106677
  4.6431399     0.3925291     0.5222973    -0.0113583
  4.6731751     0.3867617     0.5172139    -0.0125552
  4.7032103     0.3782644     0.5103262    -0.0141282
  4.7332455     0.3665854     0.5019981    -0.0159368
  4.7632807     0.3512870     0.4925501    -0.0178336
  4.7933159     0.3319808     0.4822406    -0.0196679
  4.8233511     0.3083641     0.4712526    -0.0212884
  4.8533863     0.2802520     0.4596855    -0.0225477
  4.8834215     0.2476062     0.4475528    -0.0233048
  4.9134567     0.2105565     0.4347853    -0.0234293
  4.9434919     0.1694143     0.4212406    -0.0228047
  4.9735271     0.1246769     0.4067172    -0.0213317
  5.0035623     0.0770215     0.3909725    -0.0189318
  5.0335975     0.0272894     0.3737445    -0.0155500
  5.0636327    -0.0235393     0.3547753    -0.0111578
  5.0936679    -0.0743800     0.3338343    -0.0057555
  5.1237031    -0.1240846     0.3107413     0.0006263
  5.1537383    -0.1714880     0.2853866     0.0079258
  5.1837735    -0.2154571     0.2577484     0.0160495
  5.2138087    -0.2549401     0.2279044     0.0248736
  5.2438439    -0.2890133     0.1960391     0.0342456
  5.2738791    -0.3169239     0.1624450     0.0439873
  5.3039143    -0.3381247     0.1275172     0.0538991
  5.3339495    -0.3522998     0.0917428     0.0637652
  5.3639847    -0.3593801     0.0556849     0.0733591
  5.3940199    -0.3595469     0.0199614     0.0824510
  5.4240551    -0.3532231    -0.0147794     0.0908148
  5.4540903    -0.3410534    -0.0478852     0.0982356
  5.4841255    -0.3238727    -0.0787279     0.1045174
  5.5141607    -0.3026662    -0.1067309     0.1094902
  5.5441959    -0.2785214    -0.1313949     0.1130161
  5.5742311    -0.2525753    -0.1523203     0.1149953
  5.6042663    -0.2259596    -0.1692258     0.1153696
  5.6343015    -0.1997467    -0.1819614     0.1141257
  5.6643367    -0.1748982    -0.1905160     0.1112953
  5.6943719    -0.1522210    -0.1950183     0.1069547
  5.7244071    -0.1323310    -0.1957324     0.1012219
  5.7544423    -0.1156268    -0.1930458     0.0942519
  5.7844775    -0.1022762    -0.1874536     0.0862306
  5.8145127    -0.0922147    -0.1795370     0.0773673
  5.8445479    -0.0851561    -0.1699382     0.0678864
  5.8745831    -0.0806155    -0.1593333     0.0580175
  5.9046183    -0.0779432    -0.1484040     0.0479869
  5.9346535    -0.0763664    -0.1378087     0.0380074
  5.9646887    -0.0750386    -0.1281564     0.0282705
  5.9947239    -0.0730921    -0.1199819     0.0189386
  6.0247591    -0.0696912    -0.1137257     0.0101391
  6.0547943    -0.0640845    -0.1097185     0.0019604
  6.0848295    -0.0556509    -0.1081700    -0.0055507
  6.1148647    -0.0439399    -0.1091645    -0.0123884
  6.1448999    -0.0287009    -0.1126614    -0.0185862
  6.1749351    -0.0099027    -0.1185011    -0.0242124
  6.2049703     0.0122605    -0.1264167    -0.0293641
  6.2350055     0.0373743    -0.1360488    -0.0341596
  6.2650407     0.0648221    -0.1469651    -0.0387293
  6.2950759     0.0938147    -0.1586814    -0.0432066
  6.3251111     0.1234284    -0.1706850    -0.0477177
  6.3551463     0.1526514    -0.1824573    -0.0523726
  6.3851815     0.1804354    -0.1934967    -0.0572564
  6.4152167     0.2057483    -0.2033392    -0.0624219
  6.4452519     0.2276275    -0.2115763    -0.0678845
  6.4752871     0.2452288    -0.2178697    -0.0736184
  6.5053223     0.2578697    -0.2219624    -0.0795555
  6.5353575     0.2650643    -0.2236853    -0.0855866
  6.5653927     0.2665473    -0.2229597    -0.0915651
  6.5954279     0.2622878    -0.2197957    -0.0973127
  6.6254631     0.2524898    -0.2142868    -0.1026270
  6.6554983     0.2375814    -0.2066011    -0.1072909
  6.6855335     0.2181928    -0.1969698    -0.1110831
  6.7155687     0.1951233    -0.1856740    -0.1137888
  6.7456039     0.1693015    -0.1730296    -0.1152108
  6.7756391     0.1417380    -0.1593725    -0.1151799
  6.8056743     0.1134760    -0.1450436    -0.1135644
  6.8357095     0.0855401    -0.1303748    -0.1102778
  6.8657447     0.0588880    -0.1156769    -0.1052845
  6.8957799     0.0343658    -0.1012292    -0.0986032
  6.9258151     0.0126707    -0.0872717    -0.0903080
  6.9558503    -0.0056778    -0.0739996    -0.0805270
  6.9858855    -0.0203567    -0.0615605    -0.0694376
  7.0159207    -0.0312477    -0.0500543    -0.0572608
  7.0459559    -0.0384339    -0.0395351    -0.0442524
  7.0759911    -0.0421865    -0.0300152    -0.0306933
  7.1060263    -0.0429412    -0.0214708    -0.0168781
  7.1360615    -0.0412672    -0.0138480    -0.0031042
  7.1660967    -0.0378293    -0.0070709     0.0103402
  7.1961319    -0.0333467    -0.0010484     0.0231866
  7.2261671    -0.0285496     0.0043184     0.0351960
  7.2562023    -0.0241369     0.0091296     0.0461673
  7.2862375    -0.0207371     0.0134811     0.0559427
  7.3162727    -0.0188742     0.0174598     0.0644124
  7.3463079    -0.0189412     0.0211408     0.0715151
  7.3763431    -0.0211809     0.0245850     0.0772380
  7.4063783    -0.0256770     0.0278391     0.0816128
  7.4364135    -0.0323542     0.0309356     0.0847110
  7.4664487    -0.0409868     0.0338945     0.0866362
  7.4964839    -0.0512171     0.0367252     0.0875166
  7.5265191    -0.0625798     0.0394298     0.0874952
  7.5565543    -0.0745326     0.0420050     0.0867210
  7.5865896    -0.0864898     0.0444456     0.0853394
  7.6166248    -0.0978586     0.0467469     0.0834843
  7.6466600    -0.1080735     0.0489065     0.0812709
  7.6766952    -0.1166293     0.0509260     0.0787899
  7.7067304    -0.1231089     0.0528119     0.0761044
  7.7367656    -0.1272059     0.0545756     0.0732479
  7.7668008    -0.1287391     0.0562327     0.0702248
  7.7968360    -0.1276605     0.0578026     0.0670133
  7.8268712    -0.1240538     0.0593061     0.0635693
  7.8569064    -0.1181267     0.0607645     0.0598326
  7.8869416    -0.1101945     0.0621970     0.0557336
  7.9169768    -0.1006591     0.0636193     0.0512013
  7.9470120    -0.0899824     0.0650418     0.0461709
  7.9770472    -0.0786576     0.0664684     0.0405918
  8.0070824    -0.0671788     0.0678956     0.0344339
  8.0371176    -0.0560116     0.0693127     0.0276940
  8.0671528    -0.0455666     0.0707012     0.0203991
  8.0971880    -0.0361765     0.0720366     0.0126093
  8.1272232    -0.0280787     0.0732892     0.0044179
  8.1572584    -0.0214043     0.0744257    -0.0040504
  8.1872936    -0.0161740     0.0754118    -0.0126431
  8.2173288    -0.0123009     0.0762134    -0.0211856
  8.2473640    -0.0096001     0.0767995    -0.0294879
  8.2773992    -0.0078041     0.0771436    -0.0373529
  8.3074344    -0.0065834     0.0772254    -0.0445853
  8.3374696    -0.0055701     0.0770317    -0.0510005
  8.3675048    -0.0043841     0.0765575    -0.0564336
  8.3975400    -0.0026598     0.0758057    -0.0607472
  8.4275752    -0.0000709     0.0747866    -0.0638383
  8.4576104     0.0036473     0.0735170    -0.0656439
  8.4876456     0.0086790     0.0720184    -0.0661437
  8.5176808     0.0151154     0.0703156    -0.0653623
  8.5477160     0.0229473     0.0684342    -0.0633677
  8.5777512     0.0320642     0.0663983    -0.0602690
  8.6077864     0.0422600     0.0642289    -0.0562110
  8.6378216     0.0532437     0.0619414    -0.0513679
  8.6678568     0.0646568     0.0595443    -0.0459352
  8.6978920     0.0760929     0.0570381    -0.0401209
  8.7279272     0.0871217     0.0544149    -0.0341359
  8.7579624     0.0973135     0.0516579    -0.0281846
  8.7879976     0.1062636     0.0487430    -0.0224555
  8.8180328     0.1136151     0.0456395    -0.0171136
  8.8480680     0.1190791     0.0423119    -0.0122930
  8.8781032     0.1224500     0.0387228    -0.0080920
  8.9081384     0.1236162     0.0348351    -0.0045696
  8.9381736     0.1225650     0.0306149    -0.0017444
  8.9682088     0.1193816     0.0260344     0.0004051
  8.9982440     0.1142425     0.0210748     0.0019372
  9.0282792     0.1074032     0.0157285     0.0029428
  9.0583144     0.0991823     0.0100013     0.0035391
  9.0883496     0.0899409     0.0039137     0.0038622
  9.1183848     0.0800612    -0.0024982     0.0040591
  9.1484200     0.0699234    -0.0091824     0.0042787
  9.1784552     0.0598837    -0.0160717     0.0046636
  9.2084904     0.0502544    -0.0230848     0.0053419
  9.2385256     0.0412862    -0.0301286     0.0064197
  9.2685608     0.0331565    -0.0371001     0.0079754
  9.2985960     0.0259609    -0.0438893     0.0100551
  9.3286312     0.0197112    -0.0503830     0.0126696
  9.3586664     0.0143385    -0.0564674     0.0157937
  9.3887016     0.0097010    -0.0620320     0.0193669
  9.4187368     0.0055978    -0.0669728     0.0232959
  9.4487720     0.0017848    -0.0711952     0.0274589
  9.4788072    -0.0020054    -0.0746172     0.0317111
  9.5088424    -0.0060429    -0.0771712     0.0358913
  9.5388776    -0.0105793    -0.0788062     0.0398292
  9.5689128    -0.0158283    -0.0794888     0.0433533
  9.5989480    -0.0219478    -0.0792045     0.0462983
  9.6289832    -0.0290270    -0.0779572     0.0485128
  9.6590184    -0.0370761    -0.0757696     0.0498657
  9.6890536    -0.0460228    -0.0726820     0.0502520
  9.7190888    -0.0557130    -0.0687515     0.0495973
  9.7491240    -0.0659168    -0.0640504     0.0478612
  9.7791592    -0.0763402    -0.0586644     0.0450384
  9.8091944    -0.0866399    -0.0526908     0.0411597
  9.8392296    -0.0964424    -0.0462367     0.0362902
  9.8692648    -0.1053647    -0.0394162     0.0305273
  9.8993000    -0.1130360    -0.0323489     0.0239966
  9.9293352    -0.1191193    -0.0251575     0.0168476
  9.9593704    -0.1233309    -0.0179653     0.0092482
  9.9894056    -0.1254570    -0.0108946     0.0013791
 10.0194408    -0.1253674    -0.0040641    -0.0065725
 10.0494760    -0.1230228     0.0024129    -0.0144185
 10.0795112    -0.1184786     0.0084305    -0.0219761
 10.1095464    -0.1118823     0.0138925    -0.0290729
 10.1395816    -0.1034660     0.0187138    -0.0355514
 10.1696168    -0.0935342     0.0228224    -0.0412732
 10.1996520    -0.0824473     0.0261613    -0.0461221
 10.2296872    -0.0706022     0.0286892    -0.0500066
 10.2597224    -0.0584107     0.0303824    -0.0528609
 10.2897576    -0.0462777     0.0312351    -0.0546459
 10.3197928    -0.0345793     0.0312602    -0.0553491
 10.3498280    -0.0236432     0.0304892    -0.0549836
 10.3798632    -0.0137321     0.0289717    -0.0535865
 10.4098984    -0.0050311     0.0267745    -0.0512176
 10.4399336     0.0023605     0.0239802    -0.0479562
 10.4699688     0.0084320     0.0206849    -0.0438993
 10.5000040     0.0132591     0.0169959    -0.0391581
 10.5300392     0.0169961     0.0130285    -0.0338552
 10.5600744     0.0198638     0.0089029    -0.0281216
 10.5901096     0.0221336     0.0047402    -0.0220933
 10.6201448     0.0241088     0.0006589    -0.0159087
 10.6501800     0.0261031    -0.0032287    -0.0097047
 10.6802152     0.0284203    -0.0068206    -0.0036146
 10.7102504     0.0313328    -0.0100280     0.0022351
 10.7402856     0.0350636    -0.0127780     0.0077273
 10.7703208     0.0397701    -0.0150160     0.0127569
 10.8003560     0.0455330    -0.0167072     0.0172328
 10.8303912     0.0523483    -0.0178369     0.0210797
 10.8604264     0.0601260    -0.0184107     0.0242398
 10.8904616     0.0686925    -0.0184530     0.0266741
 10.9204968     0.0777984    -0.0180054     0.0283628
 10.9505320     0.0871313    -0.0171239     0.0293057
 10.9805672     0.0963315    -0.0158756     0.0295216
 11.0106024     0.1050107    -0.0143350     0.0290480
 11.0406376     0.1127730    -0.0125797     0.0279390
 11.0706728     0.1192352    -0.0106867     0.0262640
 11.1007080     0.1240481    -0.0087280     0.0241046
 11.1307432     0.1269144    -0.0067670     0.0215524
 11.1607784     0.1276046    -0.0048554     0.0187052
 11.1908136     0.1259694    -0.0030310     0.0156642
 11.2208488     0.1219470    -0.0013158     0.0125298
 11.2508840     0.1155668     0.0002847     0.0093988
 11.2809192     0.1069470     0.0017806     0.0063604
 11.3109544     0.0962890     0.0031969     0.0034939
 11.3409896     0.0838668     0.0045705     0.0008659
 11.3710248     0.0700129     0.0059481    -0.0014717
 11.4010600     0.0551022     0.0073816    -0.0034828
 11.4310952     0.0395331     0.0089243    -0.0051475
 11.4611304     0.0237095     0.0106267    -0.0064623
 11.4911656     0.0080221     0.0125320    -0.0074383
 11.5212008    -0.0071685     0.0146719    -0.0081003
 11.5512360    -0.0215463     0.0170635    -0.0084838
 11.5812712    -0.0348508     0.0197062    -0.0086327
 11.6113064    -0.0468853     0.0225801    -0.0085960
 11.6413416    -0.0575203     0.0256449    -0.0084242
 11.6713768    -0.0666935     0.0288406    -0.0081667
 11.7014120    -0.0744055     0.0320887    -0.0078679
 11.7314472    -0.0807127     0.0352950    -0.0075653
 11.7614824    -0.0857171     0.0383531    -0.0072868
 11.7915176    -0.0895538     0.0411489    -0.0070495
 11.8215528    -0.0923778     0.0435654    -0.0068591
 11.8515880    -0.0943505     0.0454885    -0.0067096
 11.8816232    -0.0956265     0.0468124    -0.0065846
 11.9116584    -0.0963420     0.0474446    -0.0064586
 11.9416936    -0.0966056     0.0473114    -0.0062994
 11.9717288    -0.0964917     0.0463614    -0.0060712
 12.0017640    -0.0960368     0.0445692    -0.0057369
 12.0317992    -0.0952391     0.0419373    -0.0052621
 12.0618344    -0.0940614     0.0384967    -0.0046181
 12.0918696    -0.0924367     0.0343067    -0.0037845
 12.1219048    -0.0902765     0.0294531    -0.0027518
 12.1519400    -0.0874804     0.0240448    -0.0015233
 12.1819752    -0.0839469     0.0182102    -0.0001158
 12.2120104    -0.0795852     0.0120915     0.0014402
 12.2420456    -0.0743252     0.0058396     0.0031012
 12.2720808    -0.0681270    -0.0003923     0.0048127
 12.3021160    -0.0609886    -0.0064548     0.0065115
 12.3321512    -0.0529502    -0.0122084     0.0081290
 12.3621864    -0.0440968    -0.0175287     0.0095952
 12.3922216    -0.0345567    -0.0223114     0.0108423
 12.4222568    -0.0244974    -0.0264758     0.0118093
 12.4522920    -0.0141193    -0.0299675     0.0124456
 12.4823272    -0.0036459    -0.0327598     0.0127147
 12.5123624     0.0066868    -0.0348534     0.0125969
 12.5423976     0.0166427    -0.0362755     0.0120915
 12.5724328     0.0259977    -0.0370769     0.0112175
 12.6024680     0.0345517    -0.0373288     0.0100136
 12.6325032     0.0421394    -0.0371181     0.0085366
 12.6625384     0.0486392    -0.0365425     0.0068594
 12.6925736     0.0539786    -0.0357052     0.0050670
 12.7226088     0.0581387    -0.0347090     0.0032528
 12.7526440     0.0611530    -0.0336516     0.0015130
 12.7826792     0.0631052    -0.0326202    -0.0000585
 12.8127144     0.0641225    -0.0316879    -0.0013755
 12.8427496     0.0643669    -0.0309100    -0.0023645
 12.8727848     0.0640242    -0.0303221    -0.0029698
 12.9028200     0.0632913    -0.0299389    -0.0031569
 12.9328552     0.0623632    -0.0297540    -0.0029155
 12.9628904     0.0614198    -0.0297415    -0.0022609
 12.9929256     0.0606140    -0.0298576    -0.0012341
 13.0229608     0.0600608    -0.0300440     0.0000999
 13.0529960     0.0598299    -0.0302314     0.0016542
 13.0830312     0.0599404    -0.0303438     0.0033248
 13.1130664     0.0603588    -0.0303028     0.0049956
 13.1431016     0.0610010    -0.0300321     0.0065445
 13.1731368     0.0617372    -0.0294617     0.0078500
 13.2031720     0.0623999    -0.0285316     0.0087981
 13.2332072     0.0627947    -0.0271952     0.0092893
 13.2632424     0.0627132    -0.0254218     0.0092444
 13.2932776     0.0619469    -0.0231978     0.0086098
 13.3233128     0.0603017    -0.0205280     0.0073617
 13.3533480     0.0576118    -0.0174352     0.0055085
 13.3833832     0.0537521    -0.0139594     0.0030918
 13.4134184     0.0486489    -0.0101557     0.0001856
 13.4434536     0.0422876    -0.0060926    -0.0031065
 13.4734888     0.0347169    -0.0018488    -0.0066556
 13.5035240     0.0260493     0.0024899    -0.0103128
 13.5335593     0.0164586     0.0068336    -0.0139169
 13.5635945     0.0061729     0.0110918    -0.0173016
 13.5936297    -0.0045352     0.0151765    -0.0203041
 13.6236649    -0.0153613     0.0190047    -0.0227731
 13.6537001    -0.0259839     0.0225011    -0.0245774
 13.6837353    -0.0360806     0.0255996    -0.0256122
 13.7137705    -0.0453437     0.0282453    -0.0258054
 13.7438057    -0.0534968     0.0303948    -0.0251217
 13.7738409    -0.0603084     0.0320170    -0.0235653
 13.8038761    -0.0656041     0.0330930    -0.0211802
 13.8339113    -0.0692753     0.0336155    -0.0180487
 13.8639465    -0.0712848     0.0335884    -0.0142879
 13.8939817    -0.0716682     0.0330258    -0.0100442
 13.9240169    -0.0705314     0.0319512    -0.0054866
 13.9540521    -0.0680448     0.0303961    -0.0007982
 13.9840873    -0.0644333     0.0283998     0.0038324
 14.0141225    -0.0599636     0.0260078     0.0082211
 14.0441577    -0.0549295     0.0232714     0.0121969
 14.0741929    -0.0496360     0.0202474     0.0156109
 14.1042281    -0.0443820     0.0169969     0.0183435
 14.1342633    -0.0394444     0.0135852     0.0203110
 14.1642985    -0.0350631     0.0100814     0.0214692
 14.1943337    -0.0314283     0.0065576     0.0218157
 14.2243689    -0.0286710     0.0030884     0.0213902
 14.2544041    -0.0268560    -0.0002503     0.0202718
 14.2844393    -0.0259799    -0.0033819     0.0185744
 14.3144745    -0.0259719    -0.0062309     0.0164410
 14.3445097    -0.0266993    -0.0087248     0.0140352
 14.3745449    -0.0279755    -0.0107954     0.0115324
 14.4045801    -0.0295717    -0.0123814     0.0091098
 14.4346153    -0.0312309    -0.0134309     0.0069364
 14.4646505    -0.0326828    -0.0139033     0.0051635
 14.4946857    -0.0336599    -0.0137717     0.0039155
 14.5247209    -0.0339129    -0.0130252     0.0032829
 14.5547561    -0.0332258    -0.0116705     0.0033161
 14.5847913    -0.0314278    -0.0097330     0.0040222
 14.6148265    -0.0284036    -0.0072575     0.0053634
 14.6448617    -0.0241004    -0.0043083     0.0072582
 14.6748969    -0.0185312    -0.0009679     0.0095848
 14.7049321    -0.0117746     0.0026643     0.0121868
 14.7349673    -0.0039713     0.0064749     0.0148810
 14.7650025     0.0046832     0.0103394     0.0174665
 14.7950377     0.0139478     0.0141267     0.0197352
 14.8250729     0.0235482     0.0177032     0.0214829
 14.8551081     0.0331902     0.0209379     0.0225201
 14.8851433     0.0425739     0.0237075     0.0226828
 14.9151785     0.0514079     0.0259014     0.0218419
 14.9452137     0.0594227     0.0274264     0.0199109
 14.9752489     0.0663822     0.0282110     0.0168521
 15.0052841     0.0720937     0.0282086     0.0126801
 15.0353193     0.0764149     0.0274004     0.0074631
 15.0653545     0.0792579     0.0257964     0.0013208
 15.0953897     0.0805907     0.0234362    -0.0055791
 15.1254249     0.0804352     0.0203874    -0.0130273
 15.1554601     0.0788629     0.0167437    -0.0207821
 15.1854953     0.0759882     0.0126214    -0.0285787
 15.2155305     0.0719597     0.0081551    -0.0361414
 15.2455657     0.0669507     0.0034923    -0.0431949
 15.2756009     0.0611484    -0.0012127    -0.0494771

PDF 1 in G'(r) format
  r, PDF (RMC), PDF (Expt)
 CURVES
         128 ,           2
      0.0000000        0.0000000        0.0000000
      0.0654509        0.0000000        0.0000000
      0.1309019        0.0000000        0.0000000
      0.1963528        0.0000000        0.0000000
      0.2618037        0.0000000        0.0000000
      0.3272547        0.0000000        0.0000000
      0.3927056        0.0000000        0.0000000
      0.4581565        0.0000000        0.0000000
      0.5236075        0.0000000        0.0000000
      0.5890584        0.0000000        0.0000000
      0.6545093        0.0000000        0.0000000
      0.7199603        0.0000000        0.0000000
      0.7854112        0.0000000        0.0000000
      0.8508621        0.0000000        0.0000000
      0.9163131        0.0000000        0.0000000
      0.9817640        0.0000000        0.0000000
      1.0472149        0.0000000        0.0000000
      1.1126659        0.0000000        0.0000000
      1.1781168        0.2752188        0.0000000
      1.2435677        0.3705259        0.1336642
      1.3090187        0.6688143        0.4087493
      1.3744696        1.1121845        0.7543131
      1.4399206        1.4740243        1.1485415
      1.5053715        1.8543999        1.5505350
      1.5708224        2.0846908        1.9059448
      1.6362734        2.4232201        2.1587834
      1.7017243        2.5655685        2.2659462
      1.7671752        2.5057395        2.2093322
      1.8326262        2.1593396        2.0010507
      1.8980771        1.7933925        1.6798473
      1.9635280        1.2369325        1.3003390
      2.0289790        0.6878188        0.9192625
      2.0944299        0.3375817        0.5835708
      2.1598808        0.2369869        0.3237554
      2.2253318        0.1860438        0.1531507
      2.2907827        0.3160175        0.0715582
      2.3562336        0.5974118        0.0703735
      2.4216846        0.5667120        0.1367765
      2.4871355        0.5063967        0.2559231
      2.5525864        0.5938825        0.4115305
      2.6180374        0.7586746        0.5860281
      2.6834883        0.9021790        0.7613177
      2.7489392        0.9825503        0.9204588
      2.8143902        1.0389858        1.0498161
      2.8798411        1.1809263        1.1408396
      2.9452920        1.2270280        1.1907984
      3.0107430        1.2312644        1.2022868
      3.0761939        1.2566830        1.1818121
      3.1416448        1.2033454        1.1380301
      3.2070958        1.0192329        1.0801428
      3.2725467        0.9227597        1.0167345
      3.3379976        0.8857807        0.9550757
      3.4034486        0.9374469        0.9007813
      3.4688995        0.9341789        0.8576976
      3.5343504        0.9710279        0.8279539
      3.5998014        0.9069605        0.8121644
      3.6652523        0.6800863        0.8097733
      3.7307032        0.6981695        0.8194883
      3.7961542        0.7514772        0.8397032
      3.8616051        0.8415375        0.8687856
      3.9270560        0.8004226        0.9051459
      3.9925070        0.8091223        0.9470814
      4.0579579        0.7986402        0.9924918
      4.1234088        0.9167259        1.0386326
      4.1888598        0.9727174        1.0820893
      4.2543107        1.0617724        1.1190817
      4.3197617        1.2138136        1.1460852
      4.3852126        1.1554532        1.1606051
      4.4506635        1.0642323        1.1618539
      4.5161145        1.0955628        1.1510787
      4.5815654        0.9957971        1.1313973
      4.6470163        1.0486550        1.1071647
      4.7124673        1.0510568        1.0830542
      4.7779182        1.0102016        1.0631198
      4.8433691        0.9525283        1.0500902
      4.9088201        0.9496564        1.0450422
      4.9742710        0.9546707        1.0474679
      5.0397219        1.0192690        1.0556379
      5.1051729        1.0401104        1.0671130
      5.1706238        1.1847384        1.0792657
      5.2360747        1.1202085        1.0897134
      5.3015257        1.0194053        1.0966243
      5.3669766        0.9951206        1.0988858
      5.4324275        1.0758570        1.0961514
      5.4978785        1.1275898        1.0887822
      5.5633294        1.0754074        1.0777025
      5.6287803        1.0331032        1.0641974
      5.6942313        1.0054924        1.0496821
      5.7596822        0.9912274        1.0354810
      5.8251331        0.9998513        1.0226525
      5.8905841        1.0284784        1.0118836
      5.9560350        1.0115891        1.0034631
      6.0214859        0.9921446        0.9973273
      6.0869369        1.0093992        0.9931542
      6.1523878        0.8308472        0.9904812
      6.2178387        0.9428139        0.9888186
      6.2832897        1.0078366        0.9877401
      6.3487406        1.0687472        0.9869391
      6.4141915        0.9609168        0.9862467
      6.4796425        0.9266624        0.9856162
      6.5450934        0.9736944        0.9850831
      6.6105443        0.9430283        0.9847145
      6.6759953        0.9083659        0.9845639
      6.7414462        0.9142532        0.9846464
      6.8068971        1.0157606        0.9849370
      6.8723481        0.9374011        0.9853913
      6.9377990        0.9746875        0.9859733
      7.0032500        0.9555525        0.9866786
      7.0687009        0.9495847        0.9875407
      7.1341518        1.0031606        0.9886210
      7.1996028        0.9430983        0.9899864
      7.2650537        1.0630171        0.9916841
      7.3305046        1.0376205        0.9937189
      7.3959556        0.9288833        0.9960403
      7.4614065        0.9934401        0.9985393
      7.5268574        0.9215536        1.0010578
      7.5923084        1.0296783        1.0034105
      7.6577593        1.0352390        1.0054168
      7.7232102        1.0068890        1.0069347
      7.7886612        0.9649270        1.0078879
      7.8541121        0.9285089        1.0082768
      7.9195630        0.9946995        1.0081716
      7.9850140        1.0588091        1.0076919
      8.0504649        1.0299335        1.0069810
      8.1159158        0.9658213        1.0061833
      8.1813668        0.9774964        1.0054282
      8.2468177        0.9308475        1.0048201
      8.3122686        0.9436823        1.0044299
      8.3777196        0.9926144        1.0042903

 Total S(Q)'s: Comparison with input data

   495  2 are NQ and NPAR

       Q      S(Q)_RMC  S(Q)_Expt
      0.0000000***************      0.0000000
      0.4682470      0.7674500      0.2271120
      0.4982822      0.8488779      0.2271106
      0.5283174      0.9134529      0.1999420
      0.5583526      0.9612372      0.2298477
      0.5883878      0.9929002      0.2305229
      0.6184230      1.0096625      0.2565282
      0.6484582      1.0132212      0.2474925
      0.6784934      1.0056582      0.2646457
      0.7085286      0.9893378      0.2636886
      0.7385638      0.9667967      0.3029387
      0.7685990      0.9406320      0.2805120
      0.7986342      0.9133924      0.3165444
      0.8286694      0.8874753      0.3244117
      0.8587046      0.8650363      0.3527661
      0.8887398      0.8479121      0.3403984
      0.9187750      0.8375609      0.3830725
      0.9488102      0.8350217      0.3897791
      0.9788454      0.8408926      0.4379873
      1.0088806      0.8553291      0.4125052
      1.0389158      0.8780611      0.4651582
      1.0689510      0.9084267      0.4877043
      1.0989862      0.9454207      0.5442605
      1.1290214      0.9877547      0.5444532
      1.1590566      1.0339264      0.6122928
      1.1890918      1.0822931      0.6520703
      1.2191270      1.1311473      0.7344390
      1.2491622      1.1787910      0.7458428
      1.2791974      1.2236041      0.8219906
      1.3092326      1.2641068      0.8956982
      1.3392678      1.2990110      0.9992039
      1.3693030      1.3272613      1.0198287
      1.3993382      1.3480637      1.1369383
      1.4293734      1.3609013      1.1987705
      1.4594086      1.3655383      1.2757277
      1.4894438      1.3620123      1.2613224
      1.5194790      1.3506155      1.3187779
      1.5495142      1.3318684      1.3195413
      1.5795494      1.3064860      1.3330965
      1.6095846      1.2753395      1.2907113
      1.6396198      1.2394150      1.2758884
      1.6696551      1.1997720      1.2346597
      1.6996903      1.1575028      1.2025490
      1.7297255      1.1136945      1.1281665
      1.7597607      1.0693961      1.1096771
      1.7897959      1.0255893      1.0771284
      1.8198311      0.9831658      1.0551994
      1.8498663      0.9429109      0.9751018
      1.8799015      0.9054920      0.9381422
      1.9099367      0.8714534      0.9071732
      1.9399719      0.8412153      0.8997299
      1.9700071      0.8150779      0.8358655
      2.0000423      0.7932276      0.8316845
      2.0300775      0.7757463      0.8136838
      2.0601127      0.7626215      0.8046218
      2.0901479      0.7537577      0.7624509
      2.1201831      0.7489869      0.7732897
      2.1502183      0.7480788      0.7633512
      2.1802535      0.7507504      0.7720520
      2.2102887      0.7566739      0.7309090
      2.2403239      0.7654833      0.7466612
      2.2703591      0.7767810      0.7533610
      2.3003943      0.7901428      0.7680510
      2.3304295      0.8051228      0.7382436
      2.3604647      0.8212586      0.7595078
      2.3904999      0.8380765      0.7638416
      2.4205351      0.8550982      0.7806353
      2.4505703      0.8718474      0.7502910
      2.4806055      0.8878587      0.7822772
      2.5106407      0.9026865      0.8038701
      2.5406759      0.9159155      0.8176890
      2.5707111      0.9271716      0.8044652
      2.6007463      0.9361330      0.8377921
      2.6307815      0.9425405      0.8400853
      2.6608167      0.9462078      0.8520570
      2.6908519      0.9470289      0.8252383
      2.7208871      0.9449847      0.8355018
      2.7509223      0.9401460      0.8317003
      2.7809575      0.9326735      0.8250412
      2.8109927      0.9228148      0.7952607
      2.8410279      0.9108978      0.8046475
      2.8710631      0.8973203      0.8046591
      2.9010983      0.8825370      0.7881810
      2.9311335      0.8670436      0.7580689
      2.9611687      0.8513589      0.7614488
      2.9912039      0.8360056      0.7674275
      3.0212391      0.8214908      0.7546413
      3.0512743      0.8082864      0.7336678
      3.0813095      0.7968122      0.7372516
      3.1113447      0.7874198      0.7444021
      3.1413799      0.7803802      0.7215999
      3.1714151      0.7758756      0.7253841
      3.2014503      0.7739940      0.7364089
      3.2314855      0.7747295      0.7460286
      3.2615207      0.7779856      0.7300181
      3.2915559      0.7835843      0.7334640
      3.3215911      0.7912771      0.7397794
      3.3516263      0.8007605      0.7598267
      3.3816615      0.8116931      0.7430905
      3.4116967      0.8237145      0.7514350
      3.4417319      0.8364640      0.7651283
      3.4717671      0.8495998      0.7832348
      3.5018023      0.8628156      0.7695356
      3.5318375      0.8758558      0.7850247
      3.5618727      0.8885264      0.7992730
      3.5919079      0.9007038      0.8295553
      3.6219431      0.9123379      0.8160021
      3.6519783      0.9234522      0.8348138
      3.6820135      0.9341394      0.8515543
      3.7120487      0.9445531      0.8908179
      3.7420839      0.9548962      0.8619162
      3.7721191      0.9654070      0.9157841
      3.8021543      0.9763432      0.9146423
      3.8321895      0.9879650      0.9630835
      3.8622247      1.0005182      0.9320670
      3.8922599      1.0142184      0.9858803
      3.9222951      1.0292365      1.0032217
      3.9523303      1.0456874      1.0498876
      3.9823655      1.0636211      1.0317469
      4.0124007      1.0830176      1.0860654
      4.0424359      1.1037852      1.1159377
      4.0724711      1.1257633      1.1497825
      4.1025063      1.1487277      1.1360799
      4.1325415      1.1723992      1.1903178
      4.1625767      1.1964557      1.2179571
      4.1926119      1.2205450      1.2339687
      4.2226471      1.2442995      1.2467250
      4.2526823      1.2673510      1.3043125
      4.2827175      1.2893452      1.3606306
      4.3127527      1.3099548      1.3820155
      4.3427879      1.3288912      1.3998934
      4.3728231      1.3459135      1.4327633
      4.4028583      1.3608351      1.4627508
      4.4328935      1.3735266      1.4678083
      4.4629287      1.3839170      1.4864653
      4.4929639      1.3919910      1.5020508
      4.5229991      1.3977841      1.5377427
      4.5530343      1.4013755      1.5003461
      4.5830695      1.4028799      1.5257260
      4.6131047      1.4024373      1.5325652
      4.6431399      1.4002034      1.5687459
      4.6731751      1.3963395      1.5174391
      4.7032103      1.3910042      1.5466481
      4.7332455      1.3843449      1.5376183
      4.7632807      1.3764929      1.5691261
      4.7933159      1.3675591      1.5021966
      4.8233511      1.3576322      1.5165270
      4.8533863      1.3467799      1.5241521
      4.8834215      1.3350503      1.5238322
      4.9134567      1.3224771      1.4525735
      4.9434919      1.3090846      1.4576649
      4.9735271      1.2948940      1.4447909
      5.0035623      1.2799306      1.4203126
      5.0335975      1.2642303      1.3644243
      5.0636327      1.2478452      1.3436087
      5.0936679      1.2308490      1.3021866
      5.1237031      1.2133401      1.2410630
      5.1537383      1.1954433      1.2017483
      5.1837735      1.1773097      1.1732049
      5.2138087      1.1591145      1.1519503
      5.2438439      1.1410525      1.0994289
      5.2738791      1.1233331      1.0666408
      5.3039143      1.1061731      1.0246492
      5.3339495      1.0897884      1.0124874
      5.3639847      1.0743862      0.9496015
      5.3940199      1.0601560      0.9300686
      5.4240551      1.0472624      0.9113801
      5.4540903      1.0358376      0.9012217
      5.4841255      1.0259759      0.8412658
      5.5141607      1.0177300      0.8495638
      5.5441959      1.0111089      0.8353429
      5.5742311      1.0060774      0.8233614
      5.6042663      1.0025585      0.7922807
      5.6343015      1.0004369      0.7976393
      5.6643367      0.9995644      0.7972777
      5.6943719      0.9997667      0.7810034
      5.7244071      1.0008511      0.7777528
      5.7544423      1.0026146      0.7875956
      5.7844775      1.0048523      0.8026780
      5.8145127      1.0073655      0.7678041
      5.8445479      1.0099685      0.7845018
      5.8745831      1.0124954      0.7739033
      5.9046183      1.0148045      0.8036679
      5.9346535      1.0167818      0.7617320
      5.9646887      1.0183425      0.7797114
      5.9947239      1.0194315      0.7885107
      6.0247591      1.0200219      0.8036412
      6.0547943      1.0201121      0.7830277
      6.0848295      1.0197228      0.8025579
      6.1148647      1.0188922      0.8114376
      6.1448999      1.0176712      0.8051858
      6.1749351      1.0161192      0.8014051
      6.2049703      1.0142991      0.8030301
      6.2350055      1.0122735      0.8226581
      6.2650407      1.0101019      0.7927703
      6.2950759      1.0078382      0.8112737
      6.3251111      1.0055298      0.8112523
      6.3551463      1.0032173      0.8400595
      6.3851815      1.0009355      0.7979428
      6.4152167      0.9987146      0.8226456
      6.4452519      0.9965830      0.8239859
      6.4752871      0.9945692      0.8271839
      6.5053223      0.9927046      0.8062118
      6.5353575      0.9910255      0.8216877
      6.5653927      0.9895752      0.8360446
      6.5954279      0.9884048      0.8212965
      6.6254631      0.9875735      0.8344818
      6.6554983      0.9871476      0.8478426
      6.6855335      0.9871988      0.8813296
      6.7155687      0.9878016      0.8540074
      6.7456039      0.9890291      0.8920922
      6.7756391      0.9909496      0.8942695
      6.8056743      0.9936214      0.9198193
      6.8357095      0.9970885      0.9141463
      6.8657447      1.0013762      0.9356852
      6.8957799      1.0064873      0.9506577
      6.9258151      1.0123992      0.9493381
      6.9558503      1.0190621      0.9711091
      6.9858855      1.0263986      0.9913418
      7.0159207      1.0343044      1.0186134
      7.0459559      1.0426510      1.0058961
      7.0759911      1.0512897      1.0345337
      7.1060263      1.0600561      1.0553733
      7.1360615      1.0687766      1.0742551
      7.1660967      1.0772753      1.0782190
      7.1961319      1.0853811      1.0976649
      7.2261671      1.0929348      1.1155840
      7.2562023      1.0997962      1.1085768
      7.2862375      1.1058501      1.1286791
      7.3162727      1.1110113      1.1375355
      7.3463079      1.1152278      1.1628306
      7.3763431      1.1184834      1.1441410
      7.4063783      1.1207973      1.1664564
      7.4364135      1.1222226      1.1727203
      7.4664487      1.1228433      1.1727004
      7.4964839      1.1227692      1.1602715
      7.5265191      1.1221302      1.1716519
      7.5565543      1.1210685      1.1872848
      7.5865896      1.1197320      1.1685276
      7.6166248      1.1182657      1.1720049
      7.6466600      1.1168048      1.1782862
      7.6766952      1.1154678      1.1687309
      7.7067304      1.1143507      1.1381723
      7.7367656      1.1135231      1.1495302
      7.7668008      1.1130251      1.1544720
      7.7968360      1.1128667      1.1277389
      7.8268712      1.1130286      1.1319886
      7.8569064      1.1134648      1.1318927
      7.8869416      1.1141069      1.1418246
      7.9169768      1.1148692      1.1080666
      7.9470120      1.1156555      1.1339017
      7.9770472      1.1163660      1.1415766
      8.0070824      1.1169042      1.1239981
      8.0371176      1.1171839      1.1198802
      8.0671528      1.1171354      1.1227921
      8.0971880      1.1167105      1.1364507
      8.1272232      1.1158863      1.1030304
      8.1572584      1.1146672      1.1226115
      8.1872936      1.1130852      1.1288825
      8.2173288      1.1111989      1.1207658
      8.2473640      1.1090901      1.1134298
      8.2773992      1.1068595      1.1155869
      8.3074344      1.1046209      1.1308347
      8.3374696      1.1024941      1.0944454
      8.3675048      1.1005986      1.1197357
      8.3975400      1.0990455      1.1252254
      8.4275752      1.0979310      1.1198918
      8.4576104      1.0973302      1.1119161
      8.4876456      1.0972921      1.1172976
      8.5176808      1.0978358      1.1372815
      8.5477160      1.0989487      1.1021961
      8.5777512      1.1005863      1.1205560
      8.6077864      1.1026734      1.1261711
      8.6378216      1.1051081      1.1154663
      8.6678568      1.1077658      1.1032333
      8.6978920      1.1105057      1.1000475
      8.7279272      1.1131779      1.1054963
      8.7579624      1.1156305      1.0804208
      8.7879976      1.1177177      1.0942792
      8.8180328      1.1193067      1.0986872
      8.8480680      1.1202850      1.0725238
      8.8781032      1.1205653      1.0732324
      8.9081384      1.1200903      1.0648497
      8.9381736      1.1188350      1.0671898
      8.9682088      1.1168078      1.0385388
      8.9982440      1.1140499      1.0508127
      9.0282792      1.1106326      1.0562875
      9.0583144      1.1066534      1.0178543
      9.0883496      1.1022309      1.0354221
      9.1183848      1.0974985      1.0231734
      9.1484200      1.0925977      1.0120286
      9.1784552      1.0876711      0.9961459
      9.2084904      1.0828554      0.9950315
      9.2385256      1.0782754      0.9978700
      9.2685608      1.0740382      0.9570603
      9.2985960      1.0702293      0.9705967
      9.3286312      1.0669096      0.9732186
      9.3586664      1.0641136      0.9490281
      9.3887016      1.0618499      0.9442086
      9.4187368      1.0601026      0.9400556
      9.4487720      1.0588338      0.9336798
      9.4788072      1.0579879      0.9112314
      9.5088424      1.0574960      0.9140554
      9.5388776      1.0572811      0.9279451
      9.5689128      1.0572641      0.8960677
      9.5989480      1.0573680      0.9069186
      9.6289832      1.0575237      0.9098008
      9.6590184      1.0576732      0.8897411
      9.6890536      1.0577734      0.8913296
      9.7190888      1.0577973      0.8969263
      9.7491240      1.0577353      0.9037819
      9.7791592      1.0575942      0.8852667
      9.8091944      1.0573962      0.8859789
      9.8392296      1.0571756      0.9038123
      9.8692648      1.0569760      0.8742599
      9.8993000      1.0568461      0.8902778
      9.9293352      1.0568354      0.8992584
      9.9593704      1.0569903      0.8820608
      9.9894056      1.0573503      0.8912172
     10.0194408      1.0579445      0.8998255
     10.0494760      1.0587891      0.8955990
     10.0795112      1.0598863      0.8945014
     10.1095464      1.0612235      0.9002798
     10.1395816      1.0627739      0.9121579
     10.1696168      1.0644981      0.8977630
     10.1996520      1.0663465      0.9069967
     10.2296872      1.0682630      0.9210991
     10.2597224      1.0701881      0.9061784
     10.2897576      1.0720632      0.9211949
     10.3197928      1.0738346      0.9265054
     10.3498280      1.0754569      0.9105357
     10.3798632      1.0768966      0.9229119
     10.4098984      1.0781337      0.9332326
     10.4399336      1.0791642      0.9231783
     10.4699688      1.0799994      0.9311786
     10.5000040      1.0806661      0.9431226
     10.5300392      1.0812045      0.9375794
     10.5600744      1.0816655      0.9399720
     10.5901096      1.0821076      0.9505946
     10.6201448      1.0825927      0.9541016
     10.6501800      1.0831815      0.9460639
     10.6802152      1.0839298      0.9579034
     10.7102504      1.0848839      0.9737059
     10.7402856      1.0860768      0.9591583
     10.7703208      1.0875259      0.9723012
     10.8003560      1.0892305      0.9838724
     10.8303912      1.0911712      0.9683670
     10.8604264      1.0933099      0.9821195
     10.8904616      1.0955918      1.0061984
     10.9204968      1.0979472      0.9910984
     10.9505320      1.1002954      1.0073654
     10.9805672      1.1025489      1.0243477
     11.0106024      1.1046179      1.0104893
     11.0406376      1.1064157      1.0300167
     11.0706728      1.1078632      1.0430160
     11.1007080      1.1088940      1.0301322
     11.1307432      1.1094578      1.0425231
     11.1607784      1.1095240      1.0675501
     11.1908136      1.1090835      1.0516201
     11.2208488      1.1081496      1.0719611
     11.2508840      1.1067579      1.0847296
     11.2809192      1.1049642      1.0736718
     11.3109544      1.1028424      1.0892687
     11.3409896      1.1004802      1.0992891
     11.3710248      1.0979748      1.0880918
     11.4010600      1.0954281      1.1023282
     11.4310952      1.0929408      1.1180196
     11.4611304      1.0906079      1.1087737
     11.4911656      1.0885131      1.1191219
     11.5212008      1.0867251      1.1287533
     11.5512360      1.0852939      1.1154189
     11.5812712      1.0842489      1.1252665
     11.6113064      1.0835970      1.1442657
     11.6413416      1.0833236      1.1355609
     11.6713768      1.0833932      1.1366574
     11.7014120      1.0837524      1.1459647
     11.7314472      1.0843329      1.1256311
     11.7614824      1.0850560      1.1302386
     11.7915176      1.0858375      1.1365794
     11.8215528      1.0865921      1.1237817
     11.8515880      1.0872389      1.1309930
     11.8816232      1.0877058      1.1384876
     11.9116584      1.0879334      1.1053533
     11.9416936      1.0878784      1.1196862
     11.9717288      1.0875156      1.1249071
     12.0017640      1.0868390      1.0916744
     12.0317992      1.0858621      1.1028681
     12.0618344      1.0846161      1.1062911
     12.0918696      1.0831483      1.0852988
     12.1219048      1.0815186      1.0909685
     12.1519400      1.0797960      1.0825627
     12.1819752      1.0780542      1.0681162
     12.2120104      1.0763674      1.0752932
     12.2420456      1.0748058      1.0570375
     12.2720808      1.0734316      1.0487935
     12.3021160      1.0722961      1.0507958
     12.3321512      1.0714365      1.0335574
     12.3621864      1.0708744      1.0325806
     12.3922216      1.0706152      1.0340470
     12.4222568      1.0706484      1.0128406
     12.4522920      1.0709486      1.0178602
     12.4823272      1.0714782      1.0145228
     12.5123624      1.0721896      0.9986854
     12.5423976      1.0730289      1.0042922
     12.5724328      1.0739398      0.9876037
     12.6024680      1.0748668      0.9799534
     12.6325032      1.0757589      0.9836742
     12.6625384      1.0765731      0.9697222
     12.6925736      1.0772762      0.9658999
     12.7226088      1.0778471      0.9693184
     12.7526440      1.0782773      0.9488248
     12.7826792      1.0785711      0.9538953
     12.8127144      1.0787445      0.9546650
     12.8427496      1.0788235      0.9414639
     12.8727848      1.0788419      0.9533462
     12.9028200      1.0788381      0.9442463
     12.9328552      1.0788520      0.9404351
     12.9628904      1.0789218      0.9337542
     12.9929256      1.0790808      0.9239408
     13.0229608      1.0793545      0.9277585
     13.0529960      1.0797586      0.9277407
     13.0830312      1.0802975      0.9202320
     13.1130664      1.0809635      0.9221678
     13.1431016      1.0817373      0.9106679
     13.1731368      1.0825889      0.9173889
     13.2031720      1.0834794      0.9185867
     13.2332072      1.0843641      0.9095795
     13.2632424      1.0851949      0.9242223
     13.2932776      1.0859244      0.9135011
     13.3233128      1.0865088      0.9093678
     13.3533480      1.0869116      0.9184536
     13.3833832      1.0871063      0.9029067
     13.4134184      1.0870791      0.9147122
     13.4434536      1.0868297      0.9015748
     13.4734888      1.0863728      0.9064409
     13.5035240      1.0857370      0.9174629
     13.5335593      1.0849641      0.9056191
     13.5635945      1.0841063      0.9178020
     13.5936297      1.0832235      0.9011021
     13.6236649      1.0823796      0.9128576
     13.6537001      1.0816381      0.9242702
     13.6837353      1.0810582      0.9198959
     13.7137705      1.0806906      0.9275778
     13.7438057      1.0805738      0.9146938
     13.7738409      1.0807308      0.9287166
     13.8038761      1.0811671      0.9311652
     13.8339113      1.0818695      0.9319787
     13.8639465      1.0828059      0.9430553
     13.8939817      1.0839268      0.9296768
     13.9240169      1.0851672      0.9502973
     13.9540521      1.0864505      0.9397102
     13.9840873      1.0876923      0.9468065
     14.0141225      1.0888058      0.9564076
     14.0441577      1.0897068      0.9579377
     14.0741929      1.0903194      0.9624110
     14.1042281      1.0905812      0.9521151
     14.1342633      1.0904474      0.9731280
     14.1642985      1.0898956      0.9604791
     14.1943337      1.0889272      0.9731778
     14.2243689      1.0875697      0.9715716
     14.2544041      1.0858761      0.9707083
     14.2844393      1.0839232      0.9795643
     14.3144745      1.0818090      0.9743511
     14.3445097      1.0796475      0.9933550
     14.3745449      1.0775642      0.9848887
     14.4045801      1.0756887      0.9936880
     14.4346153      1.0741485      0.9769431
     14.4646505      1.0730613      0.9908476
     14.4946857      1.0725289      0.9840308
     14.5247209      1.0726301      0.9956151
     14.5547561      1.0734162      0.9875894
     14.5847913      1.0749064      0.9944683
     14.6148265      1.0770856      1.0021223
     14.6448617      1.0799039      0.9921700
     14.6748969      1.0832768      1.0019379
     14.7049321      1.0870892      0.9969583
     14.7349673      1.0911988      1.0037323
     14.7650025      1.0954428      0.9939023
     14.7950377      1.0996448      1.0063420
     14.8250729      1.1036228      0.9937668
     14.8551081      1.1071978      1.0087193
     14.8851433      1.1102022      0.9939447
     14.9151785      1.1124883      1.0081441
     14.9452137      1.1139349      0.9968753
     14.9752489      1.1144540      1.0097439
     15.0052841      1.1139951      1.0037021
     15.0353193      1.1125481      1.0080153
     15.0653545      1.1101442      1.0022306
     15.0953897      1.1068545      1.0026332
     15.1254249      1.1027877      0.9933877
     15.1554601      1.0980845      0.9924434
     15.1854953      1.0929121      0.9858052
     15.2155305      1.0874559      0.9891402
     15.2455657      1.0819117      0.9918393
     15.2756009      1.0764767      0.9958905
