 Results from RMCProfile version 6.7.9.5

 (Version 6f format configuration file)                                          

 2 experiments   3 partials

 Partial g(r)'s are printed out below

    99  3 are NR and NPAR

   r (Ang)
   0.06545     0.00000     0.00000     0.00000
   0.13090     0.00000     0.00000     0.00000
   0.19635     0.00000     0.00000     0.00000
   0.26180     0.00000     0.00000     0.00000
   0.32725     0.00000     0.00000     0.00000
   0.39271     0.00000     0.00000     0.00000
   0.45816     0.00000     0.00000     0.00000
   0.52361     0.00000     0.00000     0.00000
   0.58906     0.00000     0.00000     0.00000
   0.65451     0.00000     0.00000     0.00000
   0.71996     0.00000     0.00000     0.00000
   0.78541     0.00000     0.00000     0.00000
   0.85086     0.00000     0.00000     0.00000
   0.91631     0.00000     0.00000     0.00000
   0.98176     0.00000     0.00000     0.00000
   1.04721     0.00000     0.00000     0.00000
   1.11267     0.00000     0.00000     0.00000
   1.17812     0.00000     0.00000     0.00000
   1.24357     0.00000     0.00000     0.00000
   1.30902     0.00000     0.00000     0.00000
   1.37447     0.00000     0.00000     0.00000
   1.43992     0.00000     0.00000     0.00000
   1.50537     0.00000     0.00000     0.00000
   1.57082     0.00000     0.00000     0.00000
   1.63627     0.00000     0.00000     0.00000
   1.70172     0.00000     0.00000     0.00000
   1.76718     0.00000    31.62188     0.00000
   1.83263     0.00000     0.00000     0.00000
   1.89808     0.00000     0.00000     0.00000
   1.96353     0.00000     0.00000     0.00000
   2.02898     0.00000     0.00000     0.00000
   2.09443     0.00000     0.00000     0.00000
   2.15988     0.00000     0.00000     0.00000
   2.22533     0.00000     0.00000     0.00000
   2.29078     0.00000     0.00000     0.00000
   2.35623     0.00000     0.00000     0.00000
   2.42168     0.00000     0.00000     0.00000
   2.48714     0.00000     0.00000     0.00000
   2.55259     0.00000     0.00000     0.00000
   2.61804     0.00000     0.00000     0.00000
   2.68349     0.00000     0.00000     0.00000
   2.74894     0.00000     0.00000     0.00000
   2.81439     0.00000     0.00000     9.35125
   2.87984     0.00000     0.00000     8.93104
   2.94529     0.00000     0.00000     0.00000
   3.01074     0.00000     0.00000     2.72378
   3.07619     0.00000     0.00000     0.00000
   3.14164    20.01229     0.00000     0.00000
   3.20710     0.00000     0.00000     4.80096
   3.27255     0.00000     0.00000     0.00000
   3.33800     0.00000     0.00000     0.00000
   3.40345     0.00000     8.52599     0.00000
   3.46890     0.00000     0.00000     0.00000
   3.53435     0.00000     0.00000     1.97654
   3.59980     0.00000     3.81064     3.81064
   3.66525     0.00000     0.00000     0.00000
   3.73070     0.00000     0.00000     0.00000
   3.79615     0.00000     0.00000     0.00000
   3.86161     0.00000     0.00000     0.00000
   3.92706     0.00000     0.00000     3.20201
   3.99251     0.00000     0.00000     0.00000
   4.05796     0.00000     2.99876     0.00000
   4.12341     0.00000     0.00000     0.00000
   4.18886     0.00000     2.81427     0.00000
   4.25431     0.00000     5.45669     0.00000
   4.31976     5.29260     0.00000     0.00000
   4.38521     0.00000     7.70368     2.56789
   4.45066     0.00000     0.00000     0.00000
   4.51611     9.68477     0.00000     0.00000
   4.58157     0.00000     0.00000     0.00000
   4.64702     0.00000     2.28671     0.00000
   4.71247     0.00000     0.00000     0.00000
   4.77792     0.00000     0.00000     0.00000
   4.84337     0.00000     0.00000     0.00000
   4.90882     0.00000     2.04930     2.04930
   4.97427    11.97437     0.00000     5.98719
   5.03972     0.00000     0.00000     0.00000
   5.10517     3.78939     0.00000     3.78939
   5.17062     0.00000     1.84703     1.84703
   5.23607     0.00000     0.00000     0.00000
   5.30153     0.00000     0.00000     1.75695
   5.36698     0.00000     0.00000     0.00000
   5.43243     3.34660     3.34660     0.00000
   5.49788     0.00000     1.63370     3.26739
   5.56333     0.00000     0.00000     1.59548
   5.62878     3.11719     0.00000     1.55859
   5.69423     0.00000     0.00000     1.52297
   5.75968     0.00000     0.00000     1.48855
   5.82513     0.00000     1.45529     1.45529
   5.89058     0.00000     1.42313     0.71157
   5.95604     0.00000     2.78405     1.39203
   6.02149     0.00000     1.36193     0.00000
   6.08694     2.66560     0.00000     1.99920
   6.15239     0.00000     3.91378     0.00000
   6.21784     0.00000     0.00000     0.00000
   6.28329     0.00000     0.00000     0.00000
   6.34874     0.00000     0.00000     1.22515
   6.41419     0.00000     1.20027     1.20027
   6.47964     0.00000     0.00000     1.17614

 Partial S(Q)'s are printed out below

   611  3 are NQ and NPAR

      Q          S(Q)_1      S(Q)_2      S(Q)_3
  0.4682470    -2.2862817    -0.1251080    -0.8233074
  0.4982822    -1.6480791     0.1578514    -1.0414678
  0.5283159    -1.1204549     0.4047363    -1.2513743
  0.5583480    -0.7109093     0.6121619    -1.4501318
  0.5883784    -0.4235214     0.7778167    -1.6349937
  0.6184069    -0.2588949     0.9004944    -1.8034121
  0.6484336    -0.2142025     0.9800963    -1.9530892
  0.6784584    -0.2833272     1.0176040    -2.0820248
  0.7084810    -0.4570948     1.0150247    -2.1885621
  0.7385015    -0.7235909     0.9753097    -2.2714281
  0.7685198    -1.0685512     0.9022505    -2.3297687
  0.7985357    -1.4758138     0.8003550    -2.3631769
  0.8285491    -1.9278183     0.6747075    -2.3717123
  0.8585601    -2.4061384     0.5308174    -2.3559125
  0.8885684    -2.8920306     0.3744612    -2.3167935
  0.9185740    -3.3669839     0.2115206    -2.2558406
  0.9485769    -3.8132529     0.0478239    -2.1749874
  0.9785768    -4.2143613    -0.1110067    -2.0765849
  1.0085738    -4.5555595    -0.2596982    -1.9633591
  1.0385677    -4.8242241    -0.3934548    -1.8383584
  1.0685584    -5.0101897    -0.5080697    -1.7048920
  1.0985458    -5.1060022    -0.6000168    -1.5664596
  1.1285300    -5.1070888    -0.6665213    -1.4266741
  1.1585106    -5.0118412    -0.7056072    -1.2891794
  1.1884878    -4.8216098    -0.7161222    -1.1575642
  1.2184613    -4.5406114    -0.6977385    -1.0352751
  1.2484312    -4.1757540    -0.6509332    -0.9255297
  1.2783972    -3.7363855    -0.5769459    -0.8312331
  1.3083593    -3.2339755    -0.4777194    -0.7548999
  1.3383174    -2.6817392    -0.3558234    -0.6985828
  1.3682715    -2.0942173    -0.2143648    -0.6638117
  1.3982214    -1.4868236    -0.0568877    -0.6515433
  1.4281670    -0.8753753     0.1127331    -0.6621240
  1.4581083    -0.2756194     0.2904028    -0.6952674
  1.4880452     0.2972301     0.4719173    -0.7500469
  1.5179775     0.8289313     0.6530713    -0.8249044
  1.5479052     1.3066167     0.8297607    -0.9176750
  1.5778281     1.7191476     0.9980773    -1.0256282
  1.6077463     2.0574118     1.1543919    -1.1455239
  1.6376596     2.3145549     1.2954266    -1.2736834
  1.6675679     2.4861426     1.4183132    -1.4060722
  1.6974711     2.5702472     1.5206371    -1.5383952
  1.7273691     2.5674595     1.6004674    -1.6661994
  1.7572618     2.4808270     1.6563725    -1.7849838
  1.7871493     2.3157203     1.6874219    -1.8903126
  1.8170312     2.0796346     1.6931758    -1.9779293
  1.8469077     1.7819325     1.6736627    -2.0438686
  1.8767785     1.4335378     1.6293485    -2.0845636
  1.9066436     1.0465891     1.5610967    -2.0969447
  1.9365029     0.6340654     1.4701228    -2.0785283
  1.9663562     0.2093950     1.3579457    -2.0274922
  1.9962036    -0.2139413     1.2263358    -1.9427366
  2.0260449    -0.6227989     1.0772636    -1.8239269
  2.0558801    -1.0047416     0.9128497    -1.6715193
  2.0857090    -1.3483837     0.7353174    -1.4867670
  2.1155315    -1.6436951     0.5469496    -1.2717066
  2.1453476    -1.8822599     0.3500507    -1.0291249
  2.1751571    -2.0574827     0.1469138    -0.7625070
  2.2049601    -2.1647374    -0.0602061    -0.4759669
  2.2347563    -2.2014558    -0.2691130    -0.1741613
  2.2645457    -2.1671548    -0.4776856     0.1378102
  2.2943282    -2.0634035    -0.6838876     0.4545175
  2.3241037    -1.8937310    -0.8857740     0.7703204
  2.3538721    -1.6634819    -1.0814945     1.0794960
  2.3836334    -1.3796221    -1.2692933     1.3763683
  2.4133874    -1.0505043    -1.4475089     1.6554383
  2.4431340    -0.6855995    -1.6145730     1.9115102
  2.4728732    -0.2952044    -1.7690101     2.1398103
  2.5026049     0.1098671    -1.9094388     2.3360972
  2.5323289     0.5185983    -2.0345752     2.4967590
  2.5620453     0.9200808    -2.1432393     2.6188954
  2.5917538     1.3038133    -2.2343640     2.7003835
  2.6214544     1.6599806    -2.3070074     2.7399248
  2.6511471     1.9797042    -2.3603684     2.7370719
  2.6808317     2.2552589    -2.3938039     2.6922359
  2.7105081     2.4802504    -2.4068488     2.6066728
  2.7401762     2.6497495    -2.3992359     2.4824502
  2.7698360     2.7603808    -2.3709172     2.3223949
  2.7994874     2.8103651    -2.3220828     2.1300227
  2.8291302     2.7995158    -2.2531785     1.9094530
  2.8587645     2.7291911    -2.1649195     1.6653098
  2.8883900     2.6022043    -2.0583001     1.4026114
  2.9180067     2.4226981    -1.9345971     1.1266526
  2.9476145     2.1959863    -1.7953676     0.8428817
  2.9772134     1.9283691    -1.6424394     0.5567762
  3.0068031     1.6269288    -1.4778935     0.2737187
  3.0363838     1.2993128    -1.3040392    -0.0011219
  3.0659551     0.9535097    -1.1233819    -0.2629021
  3.0955172     0.5976261    -0.9385825    -0.5072059
  3.1250698     0.2396708    -0.7524112    -0.7301341
  3.1546128    -0.1126495    -0.5676951    -0.9283795
  3.1841463    -0.4521145    -0.3872611    -1.0992859
  3.2136701    -0.7721536    -0.2138762    -1.2408904
  3.2431841    -1.0669816    -0.0501860    -1.3519466
  3.2726882    -1.3317065     0.1013468    -1.4319314
  3.3021823    -1.5624059     0.2385020    -1.4810323
  3.3316664    -1.7561721     0.3593567    -1.5001182
  3.3611403    -1.9111266     0.4623359    -1.4906947
  3.3906040    -2.0264049     0.5462553    -1.4548438
  3.4200574    -2.1021129     0.6103548    -1.3951519
  3.4495003    -2.1392593     0.6543234    -1.3146270
  3.4789327    -2.1396665     0.6783114    -1.2166080
  3.5083546    -2.1058640     0.6829327    -1.1046687
  3.5377657    -2.0409686     0.6692537    -0.9825192
  3.5671661    -1.9485561     0.6387708    -0.8539063
  3.5965556    -1.8325288     0.5933759    -0.7225179
  3.6259341    -1.6969833     0.5353117    -0.5918910
  3.6553016    -1.5460827     0.4671158    -0.4653276
  3.6846580    -1.3839359     0.3915576    -0.3458201
  3.7140032    -1.2144897     0.3115673    -0.2359867
  3.7433370    -1.0414337     0.2301609    -0.1380203
  3.7726594    -0.8681220     0.1503611    -0.0536496
  3.8019704    -0.6975117     0.0751184     0.0158853
  3.8312697    -0.5321201     0.0072334     0.0698431
  3.8605574    -0.3740005    -0.0507177     0.1079781
  3.8898333    -0.2247352    -0.0964512     0.1305234
  3.9190974    -0.0854455    -0.1280371     0.1381617
  3.9483496     0.0431828    -0.1439499     0.1319851
  3.9775897     0.1608619    -0.1431096     0.1134452
  4.0068177     0.2676524    -0.1249096     0.0842948
  4.0360334     0.3639068    -0.0892329     0.0465246
  4.0652369     0.4502069    -0.0364539     0.0022950
  4.0944281     0.5272990     0.0325727    -0.0461337
  4.1236067     0.5960288     0.1165353    -0.0964716
  4.1527728     0.6572793     0.2137023    -0.1464661
  4.1819262     0.7119133     0.3219694    -0.1939668
  4.2110669     0.7607224     0.4389171    -0.2369835
  4.2401947     0.8043854     0.5618758    -0.2737377
  4.2693097     0.8434351     0.6879979    -0.3027060
  4.2984116     0.8782362     0.8143337    -0.3226546
  4.3275005     0.9089735     0.9379096    -0.3326635
  4.3565761     0.9356508     1.0558054    -0.3321412
  4.3856385     0.9580996     1.1652304    -0.3208292
  4.4146876     0.9759969     1.2635942    -0.2987967
  4.4437232     0.9888913     1.3485716    -0.2664264
  4.4727452     0.9962346     1.4181591    -0.2243911
  4.5017536     0.9974193     1.4707222    -0.1736241
  4.5307483     0.9918179     1.5050315    -0.1152820
  4.5597293     0.9788244     1.5202882    -0.0507040
  4.5886963     0.9578943     1.5161362     0.0186333
  4.6176493     0.9285830     1.4926634     0.0911625
  4.6465883     0.8905793     1.4503900     0.1652723
  4.6755131     0.8437343     1.3902463     0.2393545
  4.7044237     0.7880838     1.3135394     0.3118475
  4.7333199     0.7238632     1.2219110     0.3812770
  4.7622018     0.6515146     1.1172870     0.4462918
  4.7910691     0.5716860     1.0018215     0.5056948
  4.8199218     0.4852229     0.8778354     0.5584669
  4.8487599     0.3931518     0.7477537     0.6037854
  4.8775831     0.2966573     0.6140405     0.6410346
  4.9063916     0.1970534     0.4791370     0.6698105
  4.9351850     0.0957496     0.3454006     0.6899184
  4.9639635    -0.0057863     0.2150503     0.7013643
  4.9927268    -0.1060669     0.0901166     0.7043410
  5.0214749    -0.2036256    -0.0276000     0.6992088
  5.0502077    -0.2970555    -0.1365629     0.6864730
  5.0789252    -0.3850464    -0.2355246     0.6667579
  5.1076271    -0.4664182    -0.3235420     0.6407784
  5.1363135    -0.5401500    -0.3999822     0.6093116
  5.1649843    -0.6054036    -0.4645199     0.5731673
  5.1936393    -0.6615409    -0.5171250     0.5331610
  5.2222785    -0.7081346    -0.5580428     0.4900873
  5.2509018    -0.7449715    -0.5877672     0.4446973
  5.2795091    -0.7720503    -0.6070072     0.3976786
  5.3081003    -0.7895708    -0.6166502     0.3496399
  5.3366753    -0.7979189    -0.6177204     0.3010998
  5.3652341    -0.7976451    -0.6113373     0.2524798
  5.3937766    -0.7894386    -0.5986722     0.2041023
  5.4223026    -0.7740979    -0.5809074     0.1561933
  5.4508121    -0.7524997    -0.5591967     0.1088883
  5.4793050    -0.7255655    -0.5346305     0.0622432
  5.5077812    -0.6942289    -0.5082051     0.0162478
  5.5362406    -0.6594042    -0.4807978    -0.0291586
  5.5646832    -0.6219566    -0.4531483    -0.0740685
  5.5931088    -0.5826764    -0.4258467    -0.1185882
  5.6215173    -0.5422571    -0.3993280    -0.1628177
  5.6499088    -0.5012780    -0.3738738    -0.2068329
  5.6782830    -0.4601928    -0.3496197    -0.2506678
  5.7066400    -0.4193229    -0.3265688    -0.2942998
  5.7349795    -0.3788577    -0.3046109    -0.3376370
  5.7633016    -0.3388592    -0.2835442    -0.3805087
  5.7916061    -0.2992726    -0.2631021    -0.4226606
  5.8198930    -0.2599415    -0.2429809    -0.4637521
  5.8481622    -0.2206273    -0.2228680    -0.5033592
  5.8764135    -0.1810315    -0.2024710    -0.5409808
  5.9046470    -0.1408208    -0.1815444    -0.5760485
  5.9328624    -0.0996531    -0.1599138    -0.6079406
  5.9610598    -0.0572043    -0.1374967    -0.6359987
  5.9892391    -0.0131938    -0.1143192    -0.6595474
  6.0174000     0.0325911    -0.0905274    -0.6779152
  6.0455427     0.0802741    -0.0663928    -0.6904576
  6.0736669     0.1298716    -0.0423130    -0.6965797
  6.1017727     0.1812793    -0.0188053    -0.6957594
  6.1298598     0.2342630     0.0035044    -0.6875689
  6.1579283     0.2884547     0.0238988    -0.6716947
  6.1859780     0.3433540     0.0415907    -0.6479549
  6.2140089     0.3983347     0.0557491    -0.6163133
  6.2420208     0.4526568     0.0655285    -0.5768902
  6.2700138     0.5054830     0.0701000    -0.5299684
  6.2979876     0.5558996     0.0686840    -0.4759954
  6.3259422     0.6029410     0.0605830    -0.4155803
  6.3538776     0.6456169     0.0452134    -0.3494868
  6.3817936     0.6829417     0.0221348    -0.2786208
  6.4096902     0.7139647    -0.0089240    -0.2040147
  6.4375673     0.7378001    -0.0480424    -0.1268065
  6.4654247     0.7536568    -0.0950914    -0.0482170
  6.4932625     0.7608650    -0.1497222     0.0304776
  6.5210805     0.7589011    -0.2113614     0.1079735
  6.5488786     0.7474089    -0.2792122     0.1829697
  6.5766567     0.7262155    -0.3522629     0.2541986
  6.6044148     0.6953433    -0.4293021     0.3204562
  6.6321529     0.6550163    -0.5089394     0.3806309
  6.6598707     0.6056612    -0.5896328     0.4337316
  6.6875682     0.5479022    -0.6697214     0.4789115
  6.7152453     0.4825510    -0.7474615     0.5154900
  6.7429020     0.4105912    -0.8210672     0.5429695
  6.7705382     0.3331581    -0.8887531     0.5610485
  6.7981537     0.2515137    -0.9487773     0.5696296
  6.8257485     0.1670188    -0.9994861     0.5688224
  6.8533225     0.0811020    -1.0393560     0.5589412
  6.8808757    -0.0047735    -1.0670340     0.5404974
  6.9084079    -0.0891438    -1.0813746     0.5141875
  6.9359190    -0.1705782    -1.0814718     0.4808758
  6.9634090    -0.2477123    -1.0666858     0.4415726
  6.9908778    -0.3192801    -1.0366641     0.3974101
  7.0183253    -0.3841419    -0.9913546     0.3496132
  7.0457515    -0.4413104    -0.9310130     0.2994698
  7.0731561    -0.4899723    -0.8562015     0.2482982
  7.1005393    -0.5295044    -0.7677808     0.1974148
  7.1279008    -0.5594865    -0.6668947     0.1481011
  7.1552405    -0.5797073    -0.5549474     0.1015718
  7.1825585    -0.5901665    -0.4335753     0.0589452
  7.2098546    -0.5910702    -0.3046122     0.0212154
  7.2371288    -0.5828223    -0.1700506    -0.0107718
  7.2643809    -0.5660108    -0.0319991    -0.0363394
  7.2916108    -0.5413891     0.1073638    -0.0549956
  7.3188186    -0.5098547     0.2458357    -0.0664450
  7.3460040    -0.4724234     0.3812384    -0.0705947
  7.3731671    -0.4302025     0.5114643    -0.0675565
  7.4003078    -0.3843614     0.6345204    -0.0576422
  7.4274258    -0.3361012     0.7485705    -0.0413551
  7.4545213    -0.2866255     0.8519722    -0.0193763
  7.4815940    -0.2371104     0.9433097     0.0074531
  7.5086440    -0.1886771     1.0214204     0.0381546
  7.5356711    -0.1423661     1.0854158     0.0716369
  7.5626752    -0.0991145     1.1346955     0.1067249
  7.5896563    -0.0597366     1.1689539     0.1421888
  7.6166143    -0.0249079     1.1881804     0.1767763
  7.6435491     0.0048465     1.1926531     0.2092441
  7.6704605     0.0291595     1.1829248     0.2383892
  7.6973487     0.0478252     1.1598038     0.2630799
  7.7242133     0.0607982     1.1243291     0.2822840
  7.7510545     0.0681882     1.0777403     0.2950952
  7.7778720     0.0702515     1.0214441     0.3007560
  7.8046659     0.0673786     0.9569776     0.2986772
  7.8314359     0.0600791     0.8859692     0.2884531
  7.8581822     0.0489637     0.8100988     0.2698726
  7.8849044     0.0347251     0.7310583     0.2429253
  7.9116027     0.0181163     0.6505121     0.2078028
  7.9382768    -0.0000705     0.5700602     0.1648959
  7.9649268    -0.0190263     0.4912042     0.1147865
  7.9915525    -0.0379463     0.4153164     0.0582352
  8.0181539    -0.0560508     0.3436134    -0.0038350
  8.0447308    -0.0726042     0.2771341    -0.0703584
  8.0712833    -0.0869317     0.2167238    -0.1401504
  8.0978111    -0.0984349     0.1630225    -0.2119327
  8.1243143    -0.1066034     0.1164601    -0.2843613
  8.1507928    -0.1110248     0.0772557    -0.3560555
  8.1772464    -0.1113915     0.0454239    -0.4256277
  8.2036751    -0.1075042     0.0207844    -0.4917129
  8.2300788    -0.0992729     0.0029780    -0.5529980
  8.2564574    -0.0867155    -0.0085146    -0.6082490
  8.2828109    -0.0699529    -0.0143503    -0.6563369
  8.3091392    -0.0492027    -0.0152976    -0.6962611
  8.3354421    -0.0247704    -0.0122094    -0.7271695
  8.3617197     0.0029605    -0.0059946    -0.7483751
  8.3879717     0.0335409     0.0024116    -0.7593700
  8.4141983     0.0664675     0.0120756    -0.7598340
  8.4403992     0.1011966     0.0220937    -0.7496403
  8.4665744     0.1371571     0.0316176    -0.7288569
  8.4927238     0.1737631     0.0398770    -0.6977431
  8.5188473     0.2104265     0.0462010    -0.6567437
  8.5449449     0.2465684     0.0500334    -0.6064781
  8.5710164     0.2816300     0.0509468    -0.5477266
  8.5970619     0.3150809     0.0486501    -0.4814139
  8.6230811     0.3464275     0.0429940    -0.4085894
  8.6490741     0.3752191     0.0339707    -0.3304062
  8.6750407     0.4010523     0.0217099    -0.2480973
  8.7009810     0.4235744     0.0064713    -0.1629520
  8.7268947     0.4424846    -0.0113670    -0.0762905
  8.7527818     0.4575349    -0.0313234     0.0105604
  8.7786422     0.4685285    -0.0528299     0.0962923
  8.8044760     0.4753186    -0.0752520     0.1796386
  8.8302829     0.4778046    -0.0979099     0.2593962
  8.8560629     0.4759297    -0.1201007     0.3344464
  8.8818159     0.4696763    -0.1411213     0.4037727
  8.9075419     0.4590626    -0.1602903     0.4664765
  8.9332407     0.4441383    -0.1769701     0.5217905
  8.9589123     0.4249811    -0.1905866     0.5690881
  8.9845567     0.4016933    -0.2006475     0.6078911
  9.0101736     0.3743991    -0.2067579     0.6378735
  9.0357631     0.3432425    -0.2086333     0.6588629
  9.0613251     0.3083862    -0.2061090     0.6708384
  9.0868595     0.2700103    -0.1991471     0.6739258
  9.1123662     0.2283132    -0.1878386     0.6683909
  9.1378452     0.1835119    -0.1724033     0.6546297
  9.1632963     0.1358437    -0.1531854     0.6331567
  9.1887195     0.0855677    -0.1306462     0.6045916
  9.2141147     0.0329677    -0.1053531     0.5696445
  9.2394819    -0.0216462    -0.0779663     0.5291001
  9.2648209    -0.0779344    -0.0492232     0.4838009
  9.2901317    -0.1355262    -0.0199197     0.4346305
  9.3154141    -0.1940174     0.0091087     0.3824960
  9.3406683    -0.2529699     0.0370080     0.3283123
  9.3658939    -0.3119102     0.0629264     0.2729849
  9.3910910    -0.3703308     0.0860361     0.2173956
  9.4162595    -0.4276911     0.1055536     0.1623879
  9.4413994    -0.4834204     0.1207595     0.1087543
  9.4665104    -0.5369216     0.1310170     0.0572257
  9.4915927    -0.5875767     0.1357878     0.0084612
  9.5166460    -0.6347529     0.1346465    -0.0369594
  9.5416703    -0.6778105     0.1272920    -0.0785412
  9.5666656    -0.7161115     0.1135559    -0.1158787
  9.5916317    -0.7490296     0.0934083    -0.1486581
  9.6165686    -0.7759605     0.0669599    -0.1766575
  9.6414762    -0.7963335     0.0344615    -0.1997460
  9.6663545    -0.8096226    -0.0037000    -0.2178811
  9.6912033    -0.8153587    -0.0470089    -0.2311043
  9.7160225    -0.8131407    -0.0948303    -0.2395363
  9.7408122    -0.8026473    -0.1464226    -0.2433700
  9.7655722    -0.7836468    -0.2009522    -0.2428637
  9.7903025    -0.7560072    -0.2575105    -0.2383329
  9.8150029    -0.7197036    -0.3151322    -0.2301419
  9.8396735    -0.6748258    -0.3728145    -0.2186949
  9.8643140    -0.6215825    -0.4295380    -0.2044273
  9.8889245    -0.5603049    -0.4842866    -0.1877964
  9.9135049    -0.4914472    -0.5360681    -0.1692731
  9.9380551    -0.4155855    -0.5839342    -0.1493333
  9.9625751    -0.3334142    -0.6269989    -0.1284499
  9.9870646    -0.2457403    -0.6644563    -0.1070858
 10.0115238    -0.1534749    -0.6955960    -0.0856868
 10.0359524    -0.0576234    -0.7198165    -0.0646758
 10.0603505     0.0407271    -0.7366370    -0.0444475
 10.0847180     0.1404222    -0.7457057    -0.0253641
 10.1090547     0.2402558    -0.7468059    -0.0077515
 10.1333606     0.3389875    -0.7398597     0.0081034
 10.1576357     0.4353612    -0.7249284     0.0219551
 10.1818798     0.5281238    -0.7022100     0.0336002
 10.2060929     0.6160456    -0.6720351     0.0428788
 10.2302749     0.6979392    -0.6348587     0.0496737
 10.2544257     0.7726793    -0.5912510     0.0539104
 10.2785453     0.8392217    -0.5418858     0.0555560
 10.3026336     0.8966205    -0.4875261     0.0546171
 10.3266906     0.9440450    -0.4290101     0.0511382
 10.3507160     0.9807939    -0.3672337     0.0451997
 10.3747099     1.0063086    -0.3031342     0.0369149
 10.3986723     1.0201835    -0.2376724     0.0264274
 10.4226029     1.0221739    -0.1718144     0.0139084
 10.4465018     1.0122016    -0.1065148    -0.0004464
 10.4703689     0.9903578    -0.0426987    -0.0164198
 10.4942041     0.9569030     0.0187534    -0.0337761
 10.5180073     0.9122640     0.0770216    -0.0522641
 10.5417785     0.8570282     0.1313596    -0.0716204
 10.5655175     0.7919358     0.1811064    -0.0915720
 10.5892244     0.7178683     0.2256972    -0.1118393
 10.6128990     0.6358356     0.2646705    -0.1321391
 10.6365413     0.5469604     0.2976747    -0.1521872
 10.6601512     0.4524613     0.3244716    -0.1717011
 10.6837286     0.3536336     0.3449382    -0.1904028
 10.7072735     0.2518295     0.3590659    -0.2080211
 10.7307858     0.1484370     0.3669579    -0.2242943
 10.7542654     0.0448584     0.3688247    -0.2389727
 10.7777122    -0.0575110     0.3649774    -0.2518207
 10.8011262    -0.1573050     0.3558198    -0.2626192
 10.8245072    -0.2532067     0.3418382    -0.2711678
 10.8478553    -0.3439685     0.3235911    -0.2772872
 10.8711704    -0.4284313     0.3016965    -0.2808207
 10.8944524    -0.5055409     0.2768200    -0.2816363
 10.9177011    -0.5743637     0.2496607    -0.2796286
 10.9409166    -0.6340995     0.2209382    -0.2747203
 10.9640988    -0.6840927     0.1913790    -0.2668634
 10.9872476    -0.7238406     0.1617028    -0.2560408
 11.0103629    -0.7529993     0.1326103    -0.2422667
 11.0334447    -0.7713868     0.1047707    -0.2255876
 11.0564928    -0.7789838     0.0788105    -0.2060829
 11.0795073    -0.7759317     0.0553033    -0.1838643
 11.1024880    -0.7625279     0.0347614    -0.1590761
 11.1254349    -0.7392190     0.0176274    -0.1318941
 11.1483479    -0.7065914     0.0042688    -0.1025249
 11.1712270    -0.6653601    -0.0050270    -0.0712046
 11.1940720    -0.6163552    -0.0100556    -0.0381963
 11.2168830    -0.5605072    -0.0106972    -0.0037887
 11.2396597    -0.4988311    -0.0069167     0.0317071
 11.2624023    -0.4324087     0.0012383     0.0679599
 11.2851105    -0.3623708     0.0136396     0.1046224
 11.3077843    -0.2898788     0.0300833     0.1413344
 11.3304237    -0.2161060     0.0502948     0.1777265
 11.3530286    -0.1422190     0.0739356     0.2134246
 11.3755989    -0.0693604     0.1006102     0.2480539
 11.3981345     0.0013691     0.1298745     0.2812436
 11.4206355     0.0689269     0.1612446     0.3126310
 11.4431016     0.1323428     0.1942057     0.3418662
 11.4655329     0.1907333     0.2282216     0.3686168
 11.4879292     0.2433128     0.2627441     0.3925717
 11.5102906     0.2894042     0.2972222     0.4134457
 11.5326169     0.3284466     0.3311115     0.4309831
 11.5549080     0.3600020     0.3638826     0.4449615
 11.5771640     0.3837586     0.3950296     0.4551949
 11.5993847     0.3995335     0.4240772     0.4615366
 11.6215701     0.4072726     0.4505882     0.4638815
 11.6437200     0.4070481     0.4741686     0.4621677
 11.6658345     0.3990552     0.4944733     0.4563781
 11.6879135     0.3836061     0.5112100     0.4465412
 11.7099568     0.3611224     0.5241423     0.4327305
 11.7319645     0.3321267     0.5330917     0.4150651
 11.7539365     0.2972318     0.5379390     0.3937075
 11.7758726     0.2571300     0.5386243     0.3688628
 11.7977729     0.2125802     0.5351462     0.3407759
 11.8196372     0.1643952     0.5275601     0.3097290
 11.8414656     0.1134285     0.5159758     0.2760381
 11.8632578     0.0605601     0.5005540     0.2400494
 11.8850139     0.0066828     0.4815027     0.2021349
 11.9067339    -0.0473109     0.4590724     0.1626883
 11.9284175    -0.1005429     0.4335513     0.1221195
 11.9500648    -0.1521614     0.4052595     0.0808501
 11.9716757    -0.2013535     0.3745439     0.0393079
 11.9932502    -0.2473556     0.3417720    -0.0020782
 12.0147881    -0.2894643     0.3073260    -0.0428837
 12.0362894    -0.3270443     0.2715970    -0.0826937
 12.0577540    -0.3595370     0.2349790    -0.1211076
 12.0791820    -0.3864661     0.1978633    -0.1577448
 12.1005731    -0.4074430     0.1606334    -0.1922484
 12.1219273    -0.4221700     0.1236596    -0.2242899
 12.1432447    -0.4304429     0.0872950    -0.2535731
 12.1645250    -0.4321512     0.0518704    -0.2798373
 12.1857683    -0.4272781     0.0176919    -0.3028603
 12.2069745    -0.4158979    -0.0149635    -0.3224607
 12.2281434    -0.3981736    -0.0458494    -0.3384997
 12.2492752    -0.3743519    -0.0747526    -0.3508825
 12.2703696    -0.3447586    -0.1014942    -0.3595586
 12.2914266    -0.3097916    -0.1259307    -0.3645221
 12.3124462    -0.2699144    -0.1479541    -0.3658111
 12.3334283    -0.2256482    -0.1674916    -0.3635065
 12.3543729    -0.1775632    -0.1845052    -0.3577304
 12.3752798    -0.1262707    -0.1989901    -0.3486438
 12.3961490    -0.0724133    -0.2109735    -0.3364440
 12.4169804    -0.0166564    -0.2205123    -0.3213614
 12.4377740     0.0403213    -0.2276907    -0.3036564
 12.4585297     0.0978365    -0.2326181    -0.2836148
 12.4792475     0.1552104    -0.2354257    -0.2615444
 12.4999273     0.2117768    -0.2362639    -0.2377703
 12.5205689     0.2668901    -0.2352992    -0.2126306
 12.5411725     0.3199330    -0.2327107    -0.1864715
 12.5617378     0.3703229    -0.2286874    -0.1596433
 12.5822649     0.4175182    -0.2234246    -0.1324954
 12.6027536     0.4610238    -0.2171212    -0.1053718
 12.6232040     0.5003952    -0.2099766    -0.0786071
 12.6436159     0.5352430    -0.2021880    -0.0525225
 12.6639893     0.5652352    -0.1939476    -0.0274214
 12.6843241     0.5900998    -0.1854405    -0.0035866
 12.7046203     0.6096258    -0.1768425     0.0187232
 12.7248777     0.6236639    -0.1683178     0.0392763
 12.7450964     0.6321261    -0.1600183     0.0578699
 12.7652763     0.6349849    -0.1520811     0.0743324
 12.7854173     0.6322713    -0.1446285     0.0885247
 12.8055194     0.6240731    -0.1377666     0.1003412
 12.8255824     0.6105313    -0.1315849     0.1097104
 12.8456064     0.5918373    -0.1261563     0.1165949
 12.8655912     0.5682285    -0.1215367     0.1209909
 12.8855369     0.5399849    -0.1177657     0.1229277
 12.9054433     0.5074239    -0.1148667     0.1224662
 12.9253104     0.4708959    -0.1128480     0.1196976
 12.9451381     0.4307792    -0.1117030     0.1147410
 12.9649264     0.3874754    -0.1114118     0.1077416
 12.9846752     0.3414041    -0.1119422     0.0988678
 13.0043844     0.2929980    -0.1132507     0.0883087
 13.0240541     0.2426981    -0.1152839     0.0762708
 13.0436840     0.1909491    -0.1179802     0.0629753
 13.0632742     0.1381945    -0.1212707     0.0486543
 13.0828247     0.0848727    -0.1250812     0.0335482
 13.1023352     0.0314128    -0.1293329     0.0179017
 13.1218059    -0.0217688    -0.1339445     0.0019612
 13.1412366    -0.0742721    -0.1388332    -0.0140288
 13.1606273    -0.1257164    -0.1439158    -0.0298290
 13.1799778    -0.1757429    -0.1491104    -0.0452074
 13.1992882    -0.2240166    -0.1543371    -0.0599430
 13.2185585    -0.2702290    -0.1595190    -0.0738277
 13.2377884    -0.3140988    -0.1645835    -0.0866690
 13.2569780    -0.3553734    -0.1694626    -0.0982915
 13.2761273    -0.3938297    -0.1740940    -0.1085394
 13.2952361    -0.4292744    -0.1784215    -0.1172772
 13.3143044    -0.4615443    -0.1823952    -0.1243914
 13.3333321    -0.4905057    -0.1859724    -0.1297911
 13.3523192    -0.5160547    -0.1891171    -0.1334087
 13.3712657    -0.5381156    -0.1918006    -0.1351998
 13.3901714    -0.5566407    -0.1940015    -0.1351436
 13.4090364    -0.5716087    -0.1957053    -0.1332421
 13.4278604    -0.5830235    -0.1969042    -0.1295198
 13.4466436    -0.5909130    -0.1975974    -0.1240226
 13.4653858    -0.5953273    -0.1977900    -0.1168168
 13.4840871    -0.5963370    -0.1974931    -0.1079877
 13.5027472    -0.5940316    -0.1967230    -0.0976381
 13.5213662    -0.5885179    -0.1955011    -0.0858864
 13.5399440    -0.5799181    -0.1938528    -0.0728652
 13.5584806    -0.5683678    -0.1918075    -0.0587188
 13.5769758    -0.5540149    -0.1893978    -0.0436017
 13.5954297    -0.5370171    -0.1866585    -0.0276761
 13.6138422    -0.5175411    -0.1836268    -0.0111100
 13.6322132    -0.4957604    -0.1803410     0.0059251
 13.6505427    -0.4718541    -0.1768403     0.0232558
 13.6688306    -0.4460054    -0.1731640     0.0407097
 13.6870769    -0.4184004    -0.1693515     0.0581164
 13.7052815    -0.3892267    -0.1654410     0.0753101
 13.7234443    -0.3586724    -0.1614697     0.0921311
 13.7415654    -0.3269253    -0.1574730     0.1084272
 13.7596445    -0.2941714    -0.1534844     0.1240555
 13.7776818    -0.2605946    -0.1495349     0.1388836
 13.7956771    -0.2263757    -0.1456528     0.1527907
 13.8136303    -0.1916920    -0.1418635     0.1656687
 13.8315415    -0.1567161    -0.1381893     0.1774226
 13.8494106    -0.1216163    -0.1346491     0.1879717
 13.8672374    -0.0865554    -0.1312583     0.1972496
 13.8850221    -0.0516908    -0.1280291     0.2052045
 13.9027644    -0.0171738    -0.1249697     0.2117993
 13.9204644     0.0168502    -0.1220850     0.2170114
 13.9381219     0.0502424    -0.1193765     0.2208327
 13.9557370     0.0828705    -0.1168421     0.2232687
 13.9733096     0.1146091    -0.1144763     0.2243385
 13.9908397     0.1453394    -0.1122706     0.2240735
 14.0083271     0.1749498    -0.1102132     0.2225169
 14.0257718     0.2033359    -0.1082898     0.2197227
 14.0431739     0.2304004    -0.1064831     0.2157549
 14.0605331     0.2560534    -0.1047735     0.2106860
 14.0778495     0.2802123    -0.1031393     0.2045961
 14.0951231     0.3028021    -0.1015565     0.1975718
 14.1123536     0.3237553    -0.0999999     0.1897047
 14.1295412     0.3430119    -0.0984425     0.1810906
 14.1466858     0.3605199    -0.0968562     0.1718278
 14.1637873     0.3762347    -0.0952121     0.1620162
 14.1808456     0.3901198    -0.0934806     0.1517563
 14.1978607     0.4021463    -0.0916318     0.1411475
 14.2148326     0.4122935    -0.0896356     0.1302877
 14.2317612     0.4205483    -0.0874622     0.1192718
 14.2486464     0.4269057    -0.0850823     0.1081911
 14.2654882     0.4313686    -0.0824670     0.0971323
 14.2822866     0.4339478    -0.0795886     0.0861767
 14.2990415     0.4346618    -0.0764205     0.0753995
 14.3157528     0.4335371    -0.0729373     0.0648698
 14.3324204     0.4306074    -0.0691155     0.0546490
 14.3490445     0.4259145    -0.0649330     0.0447918
 14.3656248     0.4195069    -0.0603699     0.0353447
 14.3821614     0.4114407    -0.0554084     0.0263466
 14.3986541     0.4017785    -0.0500328     0.0178285
 14.4151030     0.3905898    -0.0442301     0.0098135
 14.4315080     0.3779502    -0.0379896     0.0023171
 14.4478690     0.3639412    -0.0313032    -0.0046532
 14.4641860     0.3486498    -0.0241658    -0.0110966
 14.4804590     0.3321684    -0.0165748    -0.0170197
 14.4966878     0.3145936    -0.0085307    -0.0224353
 14.5128725     0.2960265    -0.0000367    -0.0273626
 14.5290130     0.2765717     0.0089011    -0.0318259
 14.5451092     0.2563369     0.0182734    -0.0358547
 14.5611611     0.2354325     0.0280683    -0.0394829
 14.5771686     0.2139706     0.0382708    -0.0427480
 14.5931318     0.1920648     0.0488633    -0.0456906
 14.6090505     0.1698294     0.0598251    -0.0483538
 14.6249247     0.1473789     0.0711331    -0.0507824
 14.6407543     0.1248271     0.0827614    -0.0530224
 14.6565394     0.1022869     0.0946817    -0.0551201
 14.6722798     0.0798693     0.1068632    -0.0571218
 14.6879755     0.0576829     0.1192731    -0.0590731
 14.7036264     0.0358336     0.1318761    -0.0610181
 14.7192326     0.0144236     0.1446354    -0.0629993
 14.7347939    -0.0064489     0.1575121    -0.0650565
 14.7503104    -0.0266905     0.1704660    -0.0672270
 14.7657819    -0.0462125     0.1834552    -0.0695448
 14.7812084    -0.0649320     0.1964369    -0.0720403
 14.7965899    -0.0827720     0.2093672    -0.0747400
 14.8119264    -0.0996619     0.2222016    -0.0776664
 14.8272177    -0.1155375     0.2348947    -0.0808376
 14.8424639    -0.1303419     0.2474013    -0.0842672
 14.8576648    -0.1440253     0.2596758    -0.0879643
 14.8728205    -0.1565451     0.2716727    -0.0919332
 14.8879309    -0.1678665     0.2833473    -0.0961738
 14.9029959    -0.1779621     0.2946551    -0.1006814
 14.9180155    -0.1868126     0.3055527    -0.1054467
 14.9329897    -0.1944058     0.3159978    -0.1104562
 14.9479184    -0.2007376     0.3259492    -0.1156923
 14.9628016    -0.2058112     0.3353674    -0.1211334
 14.9776391    -0.2096372     0.3442147    -0.1267542
 14.9924311    -0.2122335     0.3524551    -0.1325262
 15.0071774    -0.2136247     0.3600549    -0.1384177
 15.0218780    -0.2138422     0.3669827    -0.1443942
 15.0365328    -0.2129239     0.3732095    -0.1504191
 15.0511418    -0.2109134     0.3787089    -0.1564534
 15.0657049    -0.2078601     0.3834574    -0.1624568
 15.0802222    -0.2038186     0.3874342    -0.1683875
 15.0946935    -0.1988481     0.3906217    -0.1742030
 15.1091189    -0.1930123     0.3930051    -0.1798603
 15.1234982    -0.1863786     0.3945732    -0.1853161
 15.1378315    -0.1790177     0.3953175    -0.1905276
 15.1521186    -0.1710032     0.3952333    -0.1954526
 15.1663596    -0.1624110     0.3943188    -0.2000496
 15.1805544    -0.1533186     0.3925756    -0.2042787
 15.1947030    -0.1438050     0.3900087    -0.2081016
 15.2088052    -0.1339500     0.3866263    -0.2114818
 15.2228612    -0.1238333     0.3824398    -0.2143850
 15.2368707    -0.1135347     0.3774638    -0.2167794
 15.2508339    -0.1031332     0.3717160    -0.2186358
 15.2647506    -0.0927064     0.3652169    -0.2199278
 15.2786207    -0.0823304     0.3579901    -0.2206322

PDF 1 in G'(r) format
  r, PDF (RMC), PDF (Expt)
 CURVES
          99 ,           2
      0.0654509        0.0000000        0.0000000
      0.1309019        0.0000000        0.0000000
      0.1963528        0.0000000        0.0000000
      0.2618037        0.0000000        0.0000000
      0.3272547        0.0000000        0.0000000
      0.3927056        0.0000000        0.0000000
      0.4581565        0.0000000        0.0000000
      0.5236075        0.0000000        0.0000000
      0.5890584        0.0000000        0.0000000
      0.6545093        0.0000000        0.0000000
      0.7199603        0.0000000        0.0000000
      0.7854112        0.0000000        0.0000000
      0.8508621        0.0000000        0.0000000
      0.9163131        0.0000000        0.0000000
      0.9817640        0.0000000        0.0000000
      1.0472149        0.0000000        0.0000000
      1.1126659        0.0000000        0.0000000
      1.1781168        0.0000000        0.0000000
      1.2435677        0.0000000        0.1336642
      1.3090187        0.0000000        0.4087493
      1.3744696        0.0000000        0.7543131
      1.4399206        0.0000000        1.1485415
      1.5053715        0.0000000        1.5505350
      1.5708224        0.0000000        1.9059448
      1.6362734        0.0000000        2.1587834
      1.7017243        0.0000000        2.2659462
      1.7671752       15.3386258        2.2093322
      1.8326262        0.0000000        2.0010507
      1.8980771        0.0000000        1.6798473
      1.9635280        0.0000000        1.3003390
      2.0289790        0.0000000        0.9192625
      2.0944299        0.0000000        0.5835708
      2.1598808        0.0000000        0.3237554
      2.2253318        0.0000000        0.1531507
      2.2907827        0.0000000        0.0715582
      2.3562336        0.0000000        0.0703735
      2.4216846        0.0000000        0.1367765
      2.4871355        0.0000000        0.2559231
      2.5525864        0.0000000        0.4115305
      2.6180374        0.0000000        0.5860281
      2.6834883        0.0000000        0.7613177
      2.7489392        0.0000000        0.9204588
      2.8143902        3.2157715        1.0498161
      2.8798411        3.0712674        1.1408396
      2.9452920        0.0000000        1.1907984
      3.0107430        0.9366722        1.2022868
      3.0761939        0.0000000        1.1818121
      3.1416448        3.4230927        1.1380301
      3.2070958        1.6509852        1.0801428
      3.2725467        0.0000000        1.0167345
      3.3379976        0.0000000        0.9550757
      3.4034486        4.1356479        0.9007813
      3.4688995        0.0000000        0.8576976
      3.5343504        0.6797050        0.8279539
      3.5998014        3.1588291        0.8121644
      3.6652523        0.0000000        0.8097733
      3.7307032        0.0000000        0.8194883
      3.7961542        0.0000000        0.8397032
      3.8616051        0.0000000        0.8687856
      3.9270560        1.1011281        0.9051459
      3.9925070        0.0000000        0.9470814
      4.0579579        1.4545908        0.9924918
      4.1234088        0.0000000        1.0386326
      4.1888598        1.3651012        1.0820893
      4.2543107        2.6468440        1.1190817
      4.3197617        0.9052961        1.1460852
      4.3852126        4.6198424        1.1606051
      4.4506635        0.0000000        1.1618539
      4.5161145        1.6565748        1.1510787
      4.5815654        0.0000000        1.1313973
      4.6470163        1.1091997        1.1071647
      4.7124673        0.0000000        1.0830542
      4.7779182        0.0000000        1.0631198
      4.8433691        0.0000000        1.0500902
      4.9088201        1.6987697        1.0450422
      4.9742710        4.1071248        1.0474679
      5.0397219        0.0000000        1.0556379
      5.1051729        1.9512967        1.0671130
      5.1706238        1.5310998        1.0792657
      5.2360747        0.0000000        1.0897134
      5.3015257        0.6041918        1.0966243
      5.3669766        0.0000000        1.0988858
      5.4324275        2.1957467        1.0961514
      5.4978785        1.9160593        1.0887822
      5.5633294        0.5486654        1.0777025
      5.6287803        1.0691738        1.0641974
      5.6942313        0.5237296        1.0496821
      5.7596822        0.5118944        1.0354810
      5.8251331        1.2063654        1.0226525
      5.8905841        0.9350082        1.0118836
      5.9560350        1.8291435        1.0034631
      6.0214859        0.6606230        0.9973273
      6.0869369        1.1434478        0.9931542
      6.1523878        1.8984321        0.9904812
      6.2178387        0.0000000        0.9888186
      6.2832897        0.0000000        0.9877401
      6.3487406        0.4213113        0.9869391
      6.4141915        0.9949644        0.9862467
      6.4796425        0.4044607        0.9856162

 Total S(Q)'s: Comparison with input data

   611  2 are NQ and NPAR

       Q      S(Q)_RMC  S(Q)_Expt
      0.4682470      0.2939885      0.2077988
      0.4982822      0.4653836      0.2271120
      0.5283159      0.6032043      0.1999373
      0.5583480      0.7055214      0.2298475
      0.5883784      0.7714605      0.2305090
      0.6184069      0.8012094      0.2565357
      0.6484336      0.7959940      0.2474724
      0.6784584      0.7580247      0.2646474
      0.7084810      0.6904139      0.2636069
      0.7385015      0.5970691      0.3029983
      0.7685198      0.4825628      0.2803935
      0.7985357      0.3519863      0.3165134
      0.8285491      0.2107889      0.3242744
      0.8585601      0.0646100      0.3528387
      0.8885684     -0.0808919      0.3401115
      0.9185740     -0.2202081      0.3830234
      0.9485769     -0.3481412      0.3893421
      0.9785768     -0.4599543      0.4382564
      1.0085738     -0.5515040      0.4118919
      1.0385677     -0.6193534      0.4648711
      1.0685584     -0.6608609      0.4868638
      1.0985458     -0.6742447      0.5442779
      1.1285300     -0.6586191      0.5432138
      1.1585106     -0.6140036      0.6115161
      1.1884878     -0.5413043      0.6502125
      1.2184613     -0.4422688      0.7342055
      1.2484312     -0.3194165      0.7438206
      1.2783972     -0.1759468      0.8198889
      1.3083593     -0.0156286      0.8923436
      1.3383174      0.1573251      0.9986290
      1.3682715      0.3383942      1.0154129
      1.3982214      0.5228940      1.1345052
      1.4281670      0.7061203      1.1952611
      1.4581083      0.8834918      1.2765756
      1.4880452      1.0506856      1.2583090
      1.5179775      1.2037615      1.3187903
      1.5479052      1.3392725      1.3185571
      1.5778281      1.4543563      1.3357947
      1.6077463      1.5468082      1.2915394
      1.6376596      1.6151309      1.2788005
      1.6675679      1.6585619      1.2367185
      1.6974711      1.6770774      1.2087317
      1.7273691      1.6713732      1.1295654
      1.7572618      1.6428239      1.1126714
      1.7871493      1.5934222      1.0785231
      1.8170312      1.5257006      1.0634851
      1.8469077      1.4426381      0.9789252
      1.8767785      1.3475557      0.9419524
      1.9066436      1.2440041      0.9070040
      1.9365029      1.1356471      0.9084775
      1.9663562      1.0261450      0.8360757
      1.9962036      0.9190407      0.8344206
      2.0260449      0.8176534      0.8139095
      2.0558801      0.7249820      0.8122972
      2.0857090      0.6436216      0.7600058
      2.1155315      0.5756948      0.7759056
      2.1453476      0.5228005      0.7596567
      2.1751571      0.4859808      0.7815941
      2.2049601      0.4657059      0.7273933
      2.2347563      0.4618791      0.7465106
      2.2645457      0.4738582      0.7472951
      2.2943282      0.5004952      0.7775821
      2.3241037      0.5401902      0.7319369
      2.3538721      0.5909587      0.7609251
      2.3836334      0.6505089      0.7546690
      2.4133874      0.7163270      0.7935739
      2.4431340      0.7857668      0.7408128
      2.4728732      0.8561413      0.7779927
      2.5026049      0.9248122      0.7941686
      2.5323289      0.9892758      0.8294398
      2.5620453      1.0472413      0.7882798
      2.5917538      1.0967000      0.8429276
      2.6214544      1.1359833      0.8262057
      2.6511471      1.1638073      0.8698095
      2.6808317      1.1793040      0.8159758
      2.7105081      1.1820371      0.8431003
      2.7401762      1.1720041      0.8216031
      2.7698360      1.1496230      0.8492129
      2.7994874      1.1157063      0.7853049
      2.8291302      1.0714225      0.8107665
      2.8587645      1.0182471      0.7956234
      2.8883900      0.9579047      0.8172699
      2.9180067      0.8923055      0.7497847
      2.9476145      0.8234766      0.7684031
      2.9772134      0.7534928      0.7532565
      3.0068031      0.6844071      0.7831777
      3.0363838      0.6181849      0.7247468
      3.0659551      0.5566429      0.7424671
      3.0955172      0.5013958      0.7324139
      3.1250698      0.4538106      0.7548449
      3.1546128      0.4149715      0.6944434
      3.1841463      0.3856556      0.7490457
      3.2136701      0.3663199      0.7273784
      3.2431841      0.3570991      0.7584574
      3.2726882      0.3578154      0.7123848
      3.3021823      0.3679982      0.7455926
      3.3316664      0.3869134      0.7366845
      3.3611403      0.4136006      0.7711888
      3.3906040      0.4469172      0.7304165
      3.4200574      0.4855870      0.7601068
      3.4495003      0.5282521      0.7670137
      3.4789327      0.5735256      0.7887449
      3.5083546      0.6200436      0.7636740
      3.5377657      0.6665143      0.7908278
      3.5671661      0.7117635      0.8012965
      3.5965556      0.7547733      0.8354474
      3.6259341      0.7947143      0.8125319
      3.6553016      0.8309700      0.8381429
      3.6846580      0.8631516      0.8531816
      3.7140032      0.8911052      0.8943623
      3.7433370      0.9149084      0.8597129
      3.7726594      0.9348593      0.9181836
      3.8019704      0.9514567      0.9130229
      3.8312697      0.9653737      0.9651177
      3.8605574      0.9774241      0.9275593
      3.8898333      0.9885253      0.9847655
      3.9190974      0.9996563      0.9955053
      3.9483496      1.0118153      1.0552443
      3.9775897      1.0259762      1.0206638
      4.0068177      1.0430464      1.0818904
      4.0360334      1.0638275      1.1020108
      4.0652369      1.0889803      1.1614346
      4.0944281      1.1189951      1.1168939
      4.1236067      1.1541680      1.1832290
      4.1527728      1.1945846      1.2055746
      4.1819262      1.2401113      1.2414010
      4.2110669      1.2903943      1.2215499
      4.2401947      1.3448663      1.2839307
      4.2693097      1.4027612      1.3309875
      4.2984116      1.4631348      1.3949996
      4.3275005      1.5248926      1.3686860
      4.3565761      1.5868223      1.4282211
      4.3856385      1.6476303      1.4364003
      4.4146876      1.7059810      1.4812994
      4.4437232      1.7605378      1.4594988
      4.4727452      1.8100036      1.5009093
      4.5017536      1.8531608      1.5025782
      4.5307483      1.8889080      1.5516118
      4.5597293      1.9162934      1.4833252
      4.5886963      1.9345435      1.5373560
      4.6176493      1.9430858      1.5315077
      4.6465883      1.9415654      1.5751113
      4.6755131      1.9298550      1.5102587
      4.7044237      1.9080577      1.5496000
      4.7333199      1.8765030      1.5358035
      4.7622018      1.8357363      1.5745380
      4.7910691      1.7865014      1.5004836
      4.8199218      1.7297184      1.5160782
      4.8487599      1.6664562      1.5191082
      4.8775831      1.5979010      1.5461030
      4.9063916      1.5253227      1.4475589
      4.9351850      1.4500389      1.4664399
      4.9639635      1.3733791      1.4377283
      4.9927268      1.2966490      1.4581343
      5.0214749      1.2210967      1.3604107
      5.0502077      1.1478819      1.3697796
      5.0789252      1.0780486      1.3141227
      5.1076271      1.0125020      1.2908323
      5.1363135      0.9519908      1.2011923
      5.1649843      0.8970948      1.2021215
      5.1936393      0.8482181      1.1570817
      5.2222785      0.8055880      1.1496027
      5.2509018      0.7692598      1.0809341
      5.2795091      0.7391262      1.0625072
      5.3081003      0.7149321      1.0164037
      5.3366753      0.6962927      1.0118871
      5.3652341      0.6827160      0.9438641
      5.3937766      0.6736267      0.9305984
      5.4223026      0.6683925      0.9112271
      5.4508121      0.6663503      0.9127001
      5.4793050      0.6668330      0.8375091
      5.5077812      0.6691939      0.8561141
      5.5362406      0.6728303      0.8300860
      5.5646832      0.6772035      0.8474997
      5.5931088      0.6818556      0.7790392
      5.6215173      0.6864226      0.8118337
      5.6499088      0.6906428      0.7806676
      5.6782830      0.6943609      0.8133906
      5.7066400      0.6975283      0.7555811
      5.7349795      0.7001978      0.7917284
      5.7633016      0.7025152      0.7855322
      5.7916061      0.7047067      0.8093093
      5.8198930      0.7070636      0.7558034
      5.8481622      0.7099239      0.7903458
      5.8764135      0.7136530      0.7717963
      5.9046470      0.7186224      0.8082554
      5.9328624      0.7251891      0.7593839
      5.9610598      0.7336749      0.7796401
      5.9892391      0.7443473      0.7800547
      6.0174000      0.7574029      0.8167204
      6.0455427      0.7729527      0.7715835
      6.0736669      0.7910112      0.8043355
      6.1017727      0.8114893      0.7999956
      6.1298598      0.8341904      0.8243273
      6.1579283      0.8588114      0.7883084
      6.1859780      0.8849474      0.8103892
      6.2140089      0.9121007      0.7991596
      6.2420208      0.9396932      0.8318845
      6.2700138      0.9670823      0.7818216
      6.2979876      0.9935798      0.8166737
      6.3259422      1.0184727      0.8091770
      6.3538776      1.0410458      0.8465817
      6.3817936      1.0606055      0.7922560
      6.4096902      1.0765025      0.8253628
      6.4375673      1.0881555      0.8139798
      6.4654247      1.0950719      0.8466621
      6.4932625      1.0968675      0.7946021
      6.5210805      1.0932824      0.8208288
      6.5488786      1.0841950      0.8225073
      6.5766567      1.0696303      0.8457956
      6.6044148      1.0497658      0.8081858
      6.6321529      1.0249320      0.8446045
      6.6598707      0.9956090      0.8486867
      6.6875682      0.9624181      0.8868101
      6.7152453      0.9261098      0.8481523
      6.7429020      0.8875474      0.8936918
      6.7705382      0.8476877      0.8835210
      6.7981537      0.8075579      0.9299052
      6.8257485      0.7682305      0.8970225
      6.8533225      0.7307970      0.9418182
      6.8808757      0.6963398      0.9284377
      6.9084079      0.6659046      0.9699719
      6.9359190      0.6404727      0.9362651
      6.9634090      0.6209352      0.9867725
      6.9908778      0.6080692      0.9927209
      7.0183253      0.6025158      1.0234146
      7.0457515      0.6047630      1.0020005
      7.0731561      0.6151306      1.0320274
      7.1005393      0.6337601      1.0469580
      7.1279008      0.6606096      1.0806872
      7.1552405      0.6954515      1.0612949
      7.1825585      0.7378770      1.1021325
      7.2098546      0.7873030      1.0931564
      7.2371288      0.8429847      1.1317198
      7.2643809      0.9040317      1.0969701
      7.2916108      0.9694274      1.1391946
      7.3188186      1.0380518      1.1368784
      7.3460040      1.1087063      1.1676400
      7.3731671      1.1801408      1.1386115
      7.4003078      1.2510814      1.1686064
      7.4274258      1.3202587      1.1607236
      7.4545213      1.3864361      1.1938900
      7.4815940      1.4484364      1.1469316
      7.5086440      1.5051674      1.1715742
      7.5356711      1.5556449      1.1716972
      7.5626752      1.5990132      1.1932501
      7.5896563      1.6345618      1.1629149
      7.6166143      1.6617395      1.1724599
      7.6435491      1.6801638      1.1765743
      7.6704605      1.6896262      1.1856788
      7.6973487      1.6900947      1.1257355
      7.7242133      1.6817102      1.1586360
      7.7510545      1.6647813      1.1394201
      7.7778720      1.6397737      1.1658132
      7.8046659      1.6072971      1.1087555
      7.8314359      1.5680890      1.1391307
      7.8581822      1.5229962      1.1294155
      7.8849044      1.4729541      1.1506460
      7.9116027      1.4189650      1.0988124
      7.9382768      1.3620748      1.1341934
      7.9649268      1.3033503      1.1333890
      7.9915525      1.2438563      1.1510217
      8.0181539      1.1846339      1.1033276
      8.0447308      1.1266793      1.1280535
      8.0712833      1.0709251      1.1212458
      8.0978111      1.0182240      1.1424762
      8.1243143      0.9693338      1.0971167
      8.1507928      0.9249063      1.1240392
      8.1772464      0.8854781      1.1192622
      8.2036751      0.8514655      1.1429659
      8.2300788      0.8231611      1.0997263
      8.2564574      0.8007342      1.1217729
      8.2828109      0.7842340      1.1133024
      8.3091392      0.7735944      1.1373785
      8.3354421      0.7686425      1.0861938
      8.3617197      0.7691082      1.1217421
      8.3879717      0.7746354      1.1146505
      8.4141983      0.7847956      1.1414051
      8.4403992      0.7991009      1.0990696
      8.4665744      0.8170188      1.1197346
      8.4927238      0.8379862      1.1164224
      8.5188473      0.8614241      1.1450112
      8.5449449      0.8867509      1.0949807
      8.5710164      0.9133950      1.1239901
      8.5970619      0.9408068      1.1130950
      8.6230811      0.9684684      1.1433015
      8.6490741      0.9959025      1.0928001
      8.6750407      1.0226789      1.1083708
      8.7009810      1.0484200      1.0973715
      8.7268947      1.0728036      1.1119729
      8.7527818      1.0955647      1.0740829
      8.7786422      1.1164952      1.0972589
      8.8044760      1.1354422      1.0897339
      8.8302829      1.1523045      1.1069827
      8.8560629      1.1670286      1.0533714
      8.8818159      1.1796030      1.0795645
      8.9075419      1.1900524      1.0600021
      8.9332407      1.1984306      1.0827045
      8.9589123      1.2048139      1.0252971
      8.9845567      1.2092942      1.0586024
      9.0101736      1.2119722      1.0437791
      9.0357631      1.2129512      1.0629044
      9.0613251      1.2123316      1.0040425
      9.0868595      1.2102061      1.0420848
      9.1123662      1.2066559      1.0195197
      9.1378452      1.2017474      1.0314713
      9.1632963      1.1955314      0.9870687
      9.1887195      1.1880415      1.0029759
      9.2141147      1.1792952      0.9916910
      9.2394819      1.1692952      1.0053060
      9.2648209      1.1580316      0.9493458
      9.2901317      1.1454855      0.9755755
      9.3154141      1.1316329      0.9624711
      9.3406683      1.1164489      0.9832615
      9.3658939      1.0999129      0.9309610
      9.3910910      1.0820134      0.9484010
      9.4162595      1.0627527      0.9360735
      9.4413994      1.0421522      0.9522356
      9.4665104      1.0202564      0.8994818
      9.4915927      0.9971365      0.9233140
      9.5166460      0.9728939      0.9087307
      9.5416703      0.9476621      0.9367741
      9.5666656      0.9216080      0.8876348
      9.5916317      0.8949320      0.9125586
      9.6165686      0.8678677      0.8965974
      9.6414762      0.8406793      0.9230632
      9.6663545      0.8136591      0.8714014
      9.6912033      0.7871230      0.8967859
      9.7160225      0.7614064      0.8893871
      9.7408122      0.7368574      0.9214249
      9.7655722      0.7138312      0.8755735
      9.7903025      0.6926826      0.8937061
      9.8150029      0.6737589      0.8824248
      9.8396735      0.6573921      0.9142871
      9.8643140      0.6438913      0.8662962
      9.8889245      0.6335354      0.8918010
      9.9135049      0.6265661      0.8883861
      9.9380551      0.6231811      0.9065040
      9.9625751      0.6235289      0.8730466
      9.9870646      0.6277031      0.8943250
     10.0115238      0.6357392      0.8877010
     10.0359524      0.6476114      0.9196555
     10.0603505      0.6632314      0.8748684
     10.0847180      0.6824479      0.9030995
     10.1090547      0.7050475      0.8945450
     10.1333606      0.7307571      0.9251539
     10.1576357      0.7592478      0.8863267
     10.1818798      0.7901393      0.9093806
     10.2060929      0.8230058      0.9057577
     10.2302749      0.8573833      0.9287798
     10.2544257      0.8927770      0.8970525
     10.2785453      0.9286702      0.9251289
     10.3026336      0.9645333      0.9168794
     10.3266906      0.9998329      0.9318623
     10.3507160      1.0340421      0.9025320
     10.3747099      1.0666496      0.9272589
     10.3986723      1.0971696      0.9148892
     10.4226029      1.1251502      0.9531408
     10.4465018      1.1501825      0.9069573
     10.4703689      1.1719079      0.9359277
     10.4942041      1.1900251      0.9343425
     10.5180073      1.2042956      0.9610470
     10.5417785      1.2145486      0.9144871
     10.5655175      1.2206839      0.9519134
     10.5892244      1.2226743      0.9461973
     10.6128990      1.2205664      0.9672946
     10.6365413      1.2144792      0.9320568
     10.6601512      1.2046028      0.9575107
     10.6837286      1.1911947      0.9549118
     10.7072735      1.1745753      0.9858723
     10.7307858      1.1551220      0.9460034
     10.7542654      1.1332627      0.9759839
     10.7777122      1.1094681      0.9700277
     10.8011262      1.0842429      0.9926351
     10.8245072      1.0581172      0.9576810
     10.8478553      1.0316370      0.9874100
     10.8711704      1.0053543      0.9773301
     10.8944524      0.9798176      1.0209011
     10.9177011      0.9555619      0.9801715
     10.9409166      0.9330998      1.0096838
     10.9640988      0.9129123      1.0044908
     10.9872476      0.8954403      1.0361368
     11.0103629      0.8810778      0.9995527
     11.0334447      0.8701643      1.0319726
     11.0564928      0.8629799      1.0268660
     11.0795073      0.8597402      1.0550939
     11.1024880      0.8605931      1.0202904
     11.1254349      0.8656165      1.0409754
     11.1483479      0.8748173      1.0487854
     11.1712270      0.8881316      1.0844161
     11.1940720      0.9054257      1.0349230
     11.2168830      0.9264996      1.0779500
     11.2396597      0.9510896      1.0688037
     11.2624023      0.9788737      1.1009084
     11.2851105      1.0094768      1.0588998
     11.3077843      1.0424775      1.0951377
     11.3304237      1.0774150      1.0863926
     11.3530286      1.1137967      1.1132413
     11.3755989      1.1511066      1.0740400
     11.3981345      1.1888134      1.1068919
     11.4206355      1.2263793      1.1028704
     11.4431016      1.2632684      1.1344684
     11.4655329      1.2989551      1.0946695
     11.4879292      1.3329322      1.1251586
     11.5102906      1.3647185      1.1141608
     11.5326169      1.3938660      1.1437423
     11.5549080      1.4199666      1.1015271
     11.5771640      1.4426576      1.1258615
     11.5993847      1.4616267      1.1312844
     11.6215701      1.4766163      1.1561584
     11.6437200      1.4874265      1.1264497
     11.6658345      1.4939175      1.1428835
     11.6879135      1.4960105      1.1271588
     11.7099568      1.4936883      1.1604357
     11.7319645      1.4869947      1.1132708
     11.7539365      1.4760327      1.1345695
     11.7758726      1.4609619      1.1245742
     11.7977729      1.4419959      1.1455939
     11.8196372      1.4193975      1.1148587
     11.8414656      1.3934747      1.1350904
     11.8632578      1.3645750      1.1265504
     11.8850139      1.3330799      1.1529580
     11.9067339      1.2993990      1.0884830
     11.9284175      1.2639632      1.1251038
     11.9500648      1.2272186      1.1154429
     11.9716757      1.1896195      1.1410577
     11.9932502      1.1516223      1.0773373
     12.0147881      1.1136786      1.1098128
     12.0362894      1.0762296      1.0960678
     12.0577540      1.0396996      1.1232744
     12.0791820      1.0044909      1.0751669
     12.1005731      0.9709786      1.0935382
     12.1219273      0.9395063      1.0860168
     12.1432447      0.9103819      1.1054872
     12.1645250      0.8838747      1.0545239
     12.1857683      0.8602121      1.0755529
     12.2069745      0.8395784      1.0633309
     12.2281434      0.8221129      1.0967333
     12.2492752      0.8079095      1.0287851
     12.2703696      0.7970164      1.0593184
     12.2914266      0.7894373      1.0344375
     12.3124462      0.7851323      1.0668558
     12.3334283      0.7840196      1.0194668
     12.3543729      0.7859782      1.0413947
     12.3752798      0.7908504      1.0220082
     12.3961490      0.7984453      1.0461461
     12.4169804      0.8085423      1.0040548
     12.4377740      0.8208949      1.0188141
     12.4585297      0.8352348      1.0160719
     12.4792475      0.8512764      1.0268725
     12.4999273      0.8687210      0.9869754
     12.5205689      0.8872613      1.0081038
     12.5411725      0.9065856      0.9990972
     12.5617378      0.9263822      1.0153613
     12.5822649      0.9463436      0.9610317
     12.6027536      0.9661702      0.9884075
     12.6232040      0.9855742      0.9729133
     12.6436159      1.0042831      0.9953950
     12.6639893      1.0220423      0.9587060
     12.6843241      1.0386183      0.9733100
     12.7046203      1.0538009      0.9575059
     12.7248777      1.0674050      0.9832109
     12.7450964      1.0792724      0.9370641
     12.7652763      1.0892726      0.9595387
     12.7854173      1.0973040      0.9478745
     12.8055194      1.1032937      0.9668291
     12.8255824      1.1071979      0.9395642
     12.8456064      1.1090009      0.9422727
     12.8655912      1.1087152      0.9418061
     12.8855369      1.1063794      0.9704281
     12.9054433      1.1020573      0.9299124
     12.9253104      1.0958363      0.9520727
     12.9451381      1.0878253      0.9272463
     12.9649264      1.0781524      0.9424247
     12.9846752      1.0669631      0.9140179
     13.0043844      1.0544174      0.9335518
     13.0240541      1.0406877      0.9200856
     13.0436840      1.0259561      0.9444774
     13.0632742      1.0104115      0.9106600
     13.0828247      0.9942477      0.9228750
     13.1023352      0.9776605      0.9220535
     13.1218059      0.9608451      0.9239801
     13.1412366      0.9439944      0.9026569
     13.1606273      0.9272960      0.9194077
     13.1799778      0.9109308      0.9138904
     13.1992882      0.8950710      0.9291716
     13.2185585      0.8798780      0.9018833
     13.2377884      0.8655016      0.9128383
     13.2569780      0.8520781      0.9152417
     13.2761273      0.8397295      0.9397104
     13.2952361      0.8285628      0.9026169
     13.3143044      0.8186690      0.9099367
     13.3333321      0.8101231      0.9082638
     13.3523192      0.8029836      0.9320708
     13.3712657      0.7972924      0.8942827
     13.3901714      0.7930755      0.9090158
     13.4090364      0.7903427      0.9057602
     13.4278604      0.7890887      0.9319192
     13.4466436      0.7892933      0.8834182
     13.4653858      0.7909228      0.9076445
     13.4840871      0.7939304      0.9078576
     13.5027472      0.7982574      0.9315511
     13.5213662      0.8038344      0.8920059
     13.5399440      0.8105828      0.9148772
     13.5584806      0.8184153      0.9102984
     13.5769758      0.8272378      0.9301520
     13.5954297      0.8369506      0.8835772
     13.6138422      0.8474494      0.9119026
     13.6322132      0.8586269      0.9116708
     13.6505427      0.8703740      0.9437406
     13.6688306      0.8825807      0.8963849
     13.6870769      0.8951378      0.9349939
     13.7052815      0.9079375      0.9143259
     13.7234443      0.9208747      0.9431674
     13.7415654      0.9338477      0.9022791
     13.7596445      0.9467593      0.9195975
     13.7776818      0.9595176      0.9268100
     13.7956771      0.9720362      0.9524244
     13.8136303      0.9842354      0.9079933
     13.8315415      0.9960423      0.9406395
     13.8494106      1.0073910      0.9315903
     13.8672374      1.0182235      0.9599240
     13.8850221      1.0284890      0.9125359
     13.9027644      1.0381450      0.9402451
     13.9204644      1.0471564      0.9401231
     13.9381219      1.0554960      0.9727534
     13.9557370      1.0631441      0.9214117
     13.9733096      1.0700884      0.9445990
     13.9908397      1.0763236      0.9434129
     14.0083271      1.0818511      0.9751591
     14.0257718      1.0866786      0.9358401
     14.0431739      1.0908199      0.9679596
     14.0605331      1.0942939      0.9554686
     14.0778495      1.0971248      0.9785371
     14.0951231      1.0993409      0.9281773
     14.1123536      1.1009746      0.9681724
     14.1295412      1.1020616      0.9632543
     14.1466858      1.1026405      0.9904629
     14.1637873      1.1027519      0.9435705
     14.1808456      1.1024386      0.9698750
     14.1978607      1.1017443      0.9657130
     14.2148326      1.1007137      0.9996588
     14.2317612      1.0993917      0.9463237
     14.2486464      1.0978231      0.9744537
     14.2654882      1.0960520      0.9730957
     14.2822866      1.0941219      0.9911868
     14.2990415      1.0920747      0.9632118
     14.3157528      1.0899508      0.9766910
     14.3324204      1.0877887      0.9822402
     14.3490445      1.0856250      1.0084165
     14.3656248      1.0834936      0.9750472
     14.3821614      1.0814262      0.9902348
     14.3986541      1.0794518      0.9817262
     14.4151030      1.0775964      1.0158417
     14.4315080      1.0758835      0.9558486
     14.4478690      1.0743336      0.9862701
     14.4641860      1.0729643      0.9816447
     14.4804590      1.0717904      1.0142407
     14.4966878      1.0708238      0.9601065
     14.5128725      1.0700736      1.0003280
     14.5290130      1.0695464      0.9882040
     14.5451092      1.0692459      1.0138767
     14.5611611      1.0691737      0.9616819
     14.5771686      1.0693287      0.9972458
     14.5931318      1.0697078      0.9915339
     14.6090505      1.0703058      1.0310695
     14.6249247      1.0711156      0.9728348
     14.6407543      1.0721283      0.9948137
     14.6565394      1.0733335      0.9940315
     14.6722798      1.0747195      1.0275273
     14.6879755      1.0762730      0.9654386
     14.7036264      1.0779801      1.0093043
     14.7192326      1.0798257      1.0003102
     14.7347939      1.0817941      1.0246455
     14.7503104      1.0838688      0.9645569
     14.7657819      1.0860331      1.0063801
     14.7812084      1.0882699      1.0000633
     14.7965899      1.0905620      1.0233604
     14.8119264      1.0928922      0.9772080
     14.8272177      1.0952431      0.9991486
     14.8424639      1.0975979      1.0003800
     14.8576648      1.0999399      1.0330353
     14.8728205      1.1022528      0.9679322
     14.8879309      1.1045209      1.0084296
     14.9029959      1.1067290      0.9911637
     14.9180155      1.1088624      1.0330779
     14.9329897      1.1109074      0.9774007
     14.9479184      1.1128508      1.0047920
     14.9628016      1.1146803      0.9991079
     14.9776391      1.1163844      1.0347524
     14.9924311      1.1179525      0.9715506
     15.0071774      1.1193750      1.0205954
     15.0218780      1.1206429      1.0039111
     15.0365328      1.1217485      1.0217448
     15.0511418      1.1226849      0.9832891
     15.0657049      1.1234460      1.0136528
     15.0802222      1.1240268      0.9971735
     15.0946935      1.1244232      1.0218580
     15.1091189      1.1246321      0.9728030
     15.1234982      1.1246512      1.0024691
     15.1378315      1.1244792      0.9920856
     15.1521186      1.1241155      1.0084422
     15.1663596      1.1235608      0.9710480
     15.1805544      1.1228161      0.9897689
     15.1947030      1.1218837      0.9814171
     15.2088052      1.1207663      1.0085216
     15.2228612      1.1194677      0.9712502
     15.2368707      1.1179922      0.9920745
     15.2508339      1.1163449      0.9922244
     15.2647506      1.1145316      1.0044081
     15.2786207      1.1125588      0.9905568
