 Results from RMCProfile version 6.7.9.5

 (Version 6f format configuration file)                                          

 1 experiments   3 partials

 Partial g(r)'s are printed out below

   245  3 are NR and NPAR

   r (Ang)
   0.06545     0.00000     0.00000     0.00000
   0.13090     0.00000     0.00000     0.00000
   0.19635     0.00000     1.06052     0.00000
   0.26180     0.00000     0.59895     0.00000
   0.32725     0.00000     0.38404     0.00000
   0.39271     0.00000     0.26697     0.00000
   0.45816     0.00000     0.19626     0.00000
   0.52361     0.00000     0.15032     0.00000
   0.58906     0.00000     0.11880     0.00000
   0.65451     0.00000     0.09625     0.00000
   0.71996     0.00000     0.07956     0.00000
   0.78541     0.00000     0.06686     0.00000
   0.85086     0.00000     0.05697     0.00000
   0.91631     0.00000     0.04913     0.00000
   0.98176     0.00000     0.04280     0.00000
   1.04721     0.00000     0.03762     0.00000
   1.11267     0.00000     0.03332     0.00000
   1.17812     0.00000     0.02972     0.00000
   1.24357     0.00000     0.29346     0.00000
   1.30902     0.00000     0.77049     0.12013
   1.37447     0.00000     1.33222     0.32689
   1.43992     0.00000     2.04966     0.45671
   1.50537     0.00000     2.49438     0.99925
   1.57082     0.00000     2.90958     1.43499
   1.63627     0.18533     3.65238     1.75309
   1.70172     0.22846     3.27713     1.52132
   1.76718     0.31778     2.93320     1.62168
   1.83263     0.29549     2.96088     1.67956
   1.89808     0.41320     2.70295     1.04001
   1.96353     0.42902     1.84082     1.21747
   2.02898     0.16071     1.31303     0.65011
   2.09443     0.15083     0.65846     0.55380
   2.15988     0.10637     0.27420     0.35305
   2.22533     0.06680     0.12499     0.28270
   2.29078     0.06304     0.11795     0.18047
   2.35623     0.05959     0.08919     0.20025
   2.42168     0.00000     0.14776     0.12638
   2.48714     0.05348     0.19345     0.33948
   2.55259     0.27925     0.34198     0.49924
   2.61804     0.33786     0.52377     0.81702
   2.68349     0.55129     0.73921     1.00637
   2.74894     0.83180     0.89555     1.14429
   2.81439     0.98151     0.97942     1.18006
   2.87984     1.15680     0.99511     1.23130
   2.94529     1.08689     1.04652     1.21516
   3.01074     1.51461     1.05614     1.38095
   3.07619     1.67809     1.09889     1.25319
   3.14164     1.40779     1.10375     1.10974
   3.20710     1.09360     0.90671     1.12095
   3.27255     1.35920     0.95942     0.96122
   3.33800     1.14312     0.84440     0.95715
   3.40345     1.05674     0.75167     1.08066
   3.46890     1.04473     0.77501     0.93419
   3.53435     0.97991     0.78291     0.87683
   3.59980     1.07225     0.75789     0.72767
   3.66525     0.73879     0.75564     0.89195
   3.73070     0.83194     0.78272     0.78105
   3.79615     1.07899     0.79033     0.86007
   3.86161     0.77650     0.93257     0.83669
   3.92706     1.09406     0.91512     0.85175
   3.99251     1.01698     0.96562     0.91705
   4.05796     0.94426     0.98735     0.94522
   4.12341     1.01181     1.00965     1.01960
   4.18886     0.98044     1.19706     0.99502
   4.25431     1.05104     1.17191     1.14665
   4.31976     1.18786     1.23176     1.07686
   4.38521     0.97202     1.25964     1.07065
   4.45066     1.11066     1.16662     1.07473
   4.51611     1.03815     1.25242     1.10842
   4.58157     1.15843     1.12450     1.10444
   4.64702     1.13369     1.14846     1.09452
   4.71247     0.94599     1.11307     1.10327
   4.77792     1.10865     1.08459     1.07325
   4.84337     0.95196     1.05371     0.96545
   4.90882     1.09836     1.07033     0.97576
   4.97427     1.25684     1.05402     1.03679
   5.03972     1.02902     1.04144     0.98896
   5.10517     1.17417     1.12100     1.07436
   5.17062     1.11989     1.03414     1.02115
   5.23607     1.03173     1.09876     1.12645
   5.30153     1.07115     1.05712     1.11785
   5.36698     1.28064     1.07877     1.08361
   5.43243     1.01455     1.10467     1.13300
   5.49788     1.14924     1.06897     1.05578
   5.56333     1.12236     1.09863     1.03508
   5.62878     1.03898     1.06671     1.05923
   5.69423     1.10706     1.03851     1.07058
   5.75968     1.03218     1.02251     1.03025
   5.82513     0.90187     0.98020     1.11160
   5.89058     0.98682     1.01563     1.01108
   5.95604     1.04918     1.01553     1.03193
   6.02149     0.87594     0.98561     1.05618
   6.08694     0.94650     0.98457     0.99136
   6.15239     0.81285     0.98772     1.08678
   6.21784     0.98836     0.94249     1.03739
   6.28329     0.98883     0.98880     0.98669
   6.34874     1.06704     0.98286     0.98791
   6.41419     1.05342     0.98898     1.01489
   6.47964     0.84313     0.96812     0.95232
   6.54509     1.01170     0.99124     0.98623
   6.61054     0.97663     0.98681     0.98282
   6.67600     0.96499     1.00367     1.01169
   6.74145     0.92815     0.97429     1.00120
   6.80690     0.97108     1.00196     1.02381
   6.87235     1.00170     0.93491     0.94337
   6.93780     1.01726     0.97908     1.00436
   7.00325     0.93088     1.00630     1.00498
   7.06870     1.00311     0.97949     0.97987
   7.13415     1.07579     0.97457     0.99191
   7.19960     0.96696     0.98241     1.01924
   7.26505     1.04051     0.96635     0.98223
   7.33050     0.92042     0.99909     0.97933
   7.39596     1.04029     0.98752     0.99218
   7.46141     1.06075     1.02364     0.97337
   7.52686     0.98106     1.05253     0.98995
   7.59231     0.94700     0.93567     1.02654
   7.65776     1.01833     1.03445     0.97887
   7.72321     1.01224     0.99693     1.00032
   7.78866     1.00075     1.02650     1.05892
   7.85411     0.88760     1.00478     1.00063
   7.91956     0.99695     1.02903     1.02749
   7.98501     0.98067     1.02388     0.95969
   8.05046     1.07455     1.03086     0.95622
   8.11592     0.98445     1.01618     1.03089
   8.18137     0.99842     0.99259     0.98001
   8.24682     0.96318     1.03333     1.00690
   8.31227     0.92652     1.02846     1.00302
   8.37772     1.01109     1.02069     0.99562
   8.44317     1.05349     0.95572     1.01260
   8.50862     0.96651     1.00890     1.04827
   8.57407     1.05082     0.99075     1.02728
   8.63952     0.93301     0.99681     0.98695
   8.70497     1.00854     0.98133     1.04064
   8.77043     1.08171     1.01770     1.01392
   8.83588     0.99159     0.99687     1.02375
   8.90133     1.06057     0.98435     0.99264
   8.96678     1.05749     1.00082     0.97564
   9.03223     1.00572     1.04656     0.94136
   9.09768     1.04526     1.00264     1.03732
   9.16313     1.06979     1.00017     0.99754
   9.22858     0.98086     1.02092     0.96555
   9.29403     1.01880     0.99369     1.01969
   9.35948     1.01215     0.99586     1.01582
   9.42493     0.99070     1.00484     0.99944
   9.49039     1.03952     0.99102     1.02960
   9.55584     0.98367     0.97524     1.01870
   9.62129     1.03287     0.98876     1.02757
   9.68674     0.96607     0.99523     1.03260
   9.75219     0.97054     0.97671     1.01532
   9.81764     1.03488     1.00526     0.99756
   9.88309     1.00597     1.02706     0.96668
   9.94854     0.97105     1.01025     1.00144
  10.01399     0.99304     0.98310     0.99948
  10.07944     0.99484     1.01221     1.00478
  10.14489     1.01741     1.01844     0.98705
  10.21035     0.93617     1.00503     1.00130
  10.27580     0.95562     1.01728     0.96908
  10.34125     0.96676     1.02451     1.00537
  10.40670     0.98213     1.01433     1.00075
  10.47215     0.99705     0.99078     1.01945
  10.53760     1.07259     0.99040     0.96788
  10.60305     0.98435     0.98628     0.96000
  10.66850     1.07114     1.00250     1.01374
  10.73395     0.91455     1.00106     1.00606
  10.79940     1.00136     1.01408     0.98755
  10.86486     0.98933     0.99106     1.01929
  10.93031     1.00521     0.98130     1.00195
  10.99576     0.96592     0.98297     0.99381
  11.06121     1.05051     0.98385     0.98982
  11.12666     1.01013     1.00831     1.01280
  11.19211     1.06570     0.99095     0.98521
  11.25756     0.99200     0.98923     0.97411
  11.32301     1.00250     0.97139     1.02712
  11.38846     1.00504     0.99875     0.99122
  11.45391     0.95954     1.00844     0.98589
  11.51936     1.04964     1.00977     0.99613
  11.58482     1.06000     0.98056     0.98490
  11.65027     1.00669     0.98964     0.98782
  11.71572     1.02560     0.98733     0.97592
  11.78117     0.96299     1.00999     1.00545
  11.84662     0.96534     1.01326     1.00552
  11.91207     0.97108     1.01903     1.00669
  11.97752     0.99970     0.98347     0.98625
  12.04297     0.97176     0.99984     0.99515
  12.10842     0.98497     1.01411     0.99200
  12.17387     0.96437     0.99349     1.02137
  12.23932     0.95518     1.02835     0.98409
  12.30478     1.02590     0.97873     1.02124
  12.37023     0.94264     0.98917     0.97979
  12.43568     0.98088     1.01321     1.02329
  12.50113     0.97064     0.99972     0.99547
  12.56658     1.01293     1.00919     1.00990
  12.63203     0.98172     0.98661     0.99198
  12.69748     0.96445     0.99592     0.99889
  12.76293     1.01145     0.95887     1.01572
  12.82838     1.01925     1.03362     1.02440
  12.89383     1.00793     0.99709     0.96375
  12.95928     0.99187     0.97869     1.00210
  13.02474     1.00533     0.97836     1.00564
  13.09019     1.02812     0.99919     0.99008
  13.15564     0.98446     1.01026     0.99715
  13.22109     1.01165     1.02082     0.99013
  13.28654     0.99327     0.97058     0.99883
  13.35199     1.02439     0.98840     0.99206
  13.41744     0.97766     1.00170     0.98286
  13.48289     0.95090     1.03173     1.00913
  13.54834     1.01564     0.97749     1.01601
  13.61379     1.00143     0.99706     1.00604
  13.67925     0.94502     0.99262     0.98895
  13.74470     1.02973     0.99018     1.00244
  13.81015     0.98877     1.00375     1.03075
  13.87560     1.03703     0.96451     0.97913
  13.94105     1.00263     1.02745     0.99644
  14.00650     1.03966     0.98295     0.96826
  14.07195     1.01748     1.00717     0.98131
  14.13740     0.97083     1.00035     1.00377
  14.20285     0.98979     0.99811     1.00312
  14.26830     1.01973     0.98978     0.99919
  14.33375     1.01849     1.00406     0.98909
  14.39921     1.01883     0.99097     0.99124
  14.46466     0.97168     0.98913     0.98721
  14.53011     1.02092     1.01327     1.00447
  14.59556     1.02654     0.99296     1.00360
  14.66101     0.99200     0.98546     0.99983
  14.72646     1.00837     1.00279     0.98185
  14.79191     0.98208     0.98187     1.00611
  14.85736     1.00417     1.02838     0.99634
  14.92281     0.97013     1.01123     0.99187
  14.98826     0.98818     0.98754     0.99991
  15.05371     1.01464     1.00027     1.00722
  15.11917     1.00371     0.97538     0.99077
  15.18462     1.00942     1.01210     1.00957
  15.25007     1.00220     1.00343     0.99863
  15.31552     1.00352     0.99258     0.98835
  15.38097     1.02787     0.97700     1.02313
  15.44642     0.99352     1.01630     0.98617
  15.51187     0.98859     0.98854     0.98266
  15.57732     0.94962     1.01528     1.02550
  15.64277     1.02011     0.99820     1.01222
  15.70822     0.95800     1.01147     0.98595
  15.77368     0.99328     0.99447     1.00294
  15.83913     0.99300     1.01769     0.96578
  15.90458     1.02343     0.99824     1.00668
  15.97003     0.99235     1.00852     0.99925
  16.03548     1.00035     0.99147     0.99912

PDF 1 in D(r) format
  r, PDF (RMC), PDF (Expt)
 CURVES
         245 ,           2
      0.0654509       -0.0518903       -0.0518487
      0.1309019       -0.1037806       -0.1036974
      0.1963528       -0.0755904       -0.1555461
      0.2618037       -0.1472588       -0.2073949
      0.3272547       -0.2111194       -0.2592436
      0.3927056       -0.2710241       -0.3110923
      0.4581565       -0.3286529       -0.3629410
      0.5236075       -0.3848535       -0.4147897
      0.5890584       -0.4400997       -0.4666384
      0.6545093       -0.4946766       -0.5184872
      0.7199603       -0.5487661       -0.5703359
      0.7854112       -0.6024897       -0.6221846
      0.8508621       -0.6559318       -0.6740333
      0.9163131       -0.7091525       -0.7258820
      0.9817640       -0.7621960       -0.7777307
      1.0472149       -0.8150955       -0.8295794
      1.1126659       -0.8678764       -0.8814282
      1.1781168       -0.9205584       -0.9332769
      1.2435677       -0.8455730       -0.8534496
      1.3090187       -0.6070680       -0.6131118
      1.3744696       -0.2630261       -0.2675095
      1.4399206        0.1726941        0.1694371
      1.5053715        0.6606625        0.6565243
      1.5708224        1.1268130        1.1273298
      1.6362734        1.5150361        1.5020358
      1.7017243        1.7081912        1.7065797
      1.7671752        1.6926850        1.6929626
      1.8326262        1.4572181        1.4532894
      1.8980771        1.0297180        1.0222271
      1.9635280        0.4738394        0.4671657
      2.0289790       -0.1267301       -0.1297703
      2.0944299       -0.6902151       -0.6909222
      2.1598808       -1.1551018       -1.1570597
      2.2253318       -1.4874975       -1.4928737
      2.2907827       -1.6771170       -1.6848480
      2.3562336       -1.7278976       -1.7351978
      2.4216846       -1.6506727       -1.6560100
      2.4871355       -1.4615153       -1.4660184
      2.5525864       -1.1839054       -1.1899441
      2.6180374       -0.8500665       -0.8585565
      2.6834883       -0.4982545       -0.5073901
      2.7489392       -0.1665526       -0.1732126
      2.8143902        0.1135721        0.1110648
      2.8798411        0.3209744        0.3213035
      2.9452920        0.4452467        0.4451695
      3.0107430        0.4854219        0.4824624
      3.0761939        0.4486928        0.4430559
      3.1416448        0.3494265        0.3435209
      3.2070958        0.2074699        0.2036099
      3.2725467        0.0449740        0.0433831
      3.3379976       -0.1176143       -0.1187926
      3.4034486       -0.2646400       -0.2675069
      3.4688995       -0.3860308       -0.3910444
      3.5343504       -0.4759961       -0.4817000
      3.5998014       -0.5311884       -0.5356468
      3.6652523       -0.5498342       -0.5523286
      3.7307032       -0.5320429       -0.5334799
      3.7961542       -0.4802597       -0.4820485
      3.8616051       -0.3987996       -0.4013945
      3.9270560       -0.2925551       -0.2950839
      3.9925070       -0.1660944       -0.1673695
      4.0579579       -0.0242840       -0.0241362
      4.1234088        0.1257732        0.1261923
      4.1888598        0.2731127        0.2723982
      4.2543107        0.4034001        0.4013251
      4.3197617        0.5019914        0.4999057
      4.3852126        0.5581863        0.5579204
      4.4506635        0.5684422        0.5706504
      4.5161145        0.5370592        0.5404934
      4.5815654        0.4744832        0.4768946
      4.6470163        0.3945780        0.3945010
      4.7124673        0.3121598        0.3100504
      4.7779182        0.2411374        0.2389058
      4.8433691        0.1928070        0.1921862
      4.9088201        0.1739735        0.1751535
      4.9742710        0.1853725        0.1870475
      5.0397219        0.2214155        0.2221259
      5.1051729        0.2718815        0.2714185
      5.1706238        0.3250354        0.3246760
      5.2360747        0.3707182        0.3721221
      5.3015257        0.4020352        0.4057974
      5.3669766        0.4153160        0.4204222
      5.4324275        0.4091726        0.4137823
      5.4978785        0.3838142        0.3866722
      5.5633294        0.3411389        0.3424457
      5.6287803        0.2851439        0.2862556
      5.6942313        0.2217877        0.2241078
      5.7596822        0.1578791        0.1618886
      5.8251331        0.0994188        0.1045309
      5.8905841        0.0502890        0.0554532
      5.9560350        0.0119167        0.0163396
      6.0214859       -0.0161778       -0.0127492
      6.0869369       -0.0355399       -0.0330101
      6.1523878       -0.0481744       -0.0463926
      6.2178387       -0.0562455       -0.0550755
      6.2832897       -0.0618271       -0.0610231
      6.3487406       -0.0665298       -0.0656874
      6.4141915       -0.0711586       -0.0698832
      6.4796425       -0.0757066       -0.0738326
      6.5450934       -0.0797578       -0.0773422
      6.6105443       -0.0829931       -0.0800461
      6.6759953       -0.0853711       -0.0816346
      6.7414462       -0.0868731       -0.0819946
      6.8068971       -0.0871568       -0.0812235
      6.8723481       -0.0855925       -0.0795316
      6.9377990       -0.0817804       -0.0770901
      7.0032500       -0.0760933       -0.0739047
      7.0687009       -0.0696326       -0.0697680
      7.1341518       -0.0634378       -0.0643088
      7.1996028       -0.0575133       -0.0571109
      7.2650537       -0.0505464       -0.0478599
      7.3305046       -0.0407281       -0.0364748
      7.3959556       -0.0271737       -0.0231996
      7.4614065       -0.0108561       -0.0086339
      7.5268574        0.0057388        0.0063070
      7.5923084        0.0200326        0.0205123
      7.6577593        0.0307746        0.0328600
      7.7232102        0.0383853        0.0424277
      7.7886612        0.0440309        0.0486684
      7.8541121        0.0482871        0.0514967
      7.9195630        0.0505564        0.0512661
      7.9850140        0.0497258        0.0486557
      8.0504649        0.0454638        0.0445208
      8.1159158        0.0390016        0.0397538
      8.1813668        0.0326793        0.0351810
      8.2468177        0.0285915        0.0314893
      8.3122686        0.0274136        0.0291696
      8.3777196        0.0283183        0.0284731
      8.4431705        0.0299632        0.0293933
      8.5086214        0.0316610        0.0316932
      8.5740724        0.0337643        0.0349786
      8.6395233        0.0370353        0.0387958
      8.7049742        0.0416532        0.0427171
      8.7704252        0.0467802        0.0463866
      8.8358761        0.0510574        0.0495222
      8.9013270        0.0535581        0.0518944
      8.9667780        0.0543376        0.0533069
      9.0322289        0.0541092        0.0535976
      9.0976798        0.0533707        0.0526551
      9.1631308        0.0517976        0.0504400
      9.2285817        0.0484756        0.0469993
      9.2940326        0.0427949        0.0424687
      9.3594836        0.0352332        0.0370656
      9.4249345        0.0273249        0.0310740
      9.4903854        0.0207823        0.0248209
      9.5558364        0.0164320        0.0186461
      9.6212873        0.0137795        0.0128694
      9.6867382        0.0115125        0.0077661
      9.7521892        0.0085322        0.0035531
      9.8176401        0.0047311        0.0003809
      9.8830911        0.0009877       -0.0016802
      9.9485420       -0.0015411       -0.0026672
     10.0139929       -0.0022580       -0.0027579
     10.0794439       -0.0015102       -0.0022864
     10.1448948       -0.0003359       -0.0017177
     10.2103457        0.0001513       -0.0015722
     10.2757967       -0.0007128       -0.0023167
     10.3412476       -0.0029983       -0.0042560
     10.4066985       -0.0063801       -0.0074601
     10.4721495       -0.0104396       -0.0117477
     10.5376004       -0.0148403       -0.0167238
     10.6030513       -0.0193224       -0.0218611
     10.6685023       -0.0236096       -0.0266021
     10.7339532       -0.0273650       -0.0304673
     10.7994041       -0.0302509       -0.0331461
     10.8648551       -0.0320546       -0.0345501
     10.9303060       -0.0327822       -0.0348108
     10.9957569       -0.0326520       -0.0342206
     11.0612079       -0.0319840       -0.0331368
     11.1266588       -0.0310548       -0.0318840
     11.1921097       -0.0300153       -0.0306890
     11.2575607       -0.0289223       -0.0296615
     11.3230116       -0.0278470       -0.0288136
     11.3884625       -0.0269466       -0.0280945
     11.4539135       -0.0264011       -0.0274248
     11.5193644       -0.0262368       -0.0267245
     11.5848153       -0.0261878       -0.0259412
     11.6502663       -0.0257756       -0.0250773
     11.7157172       -0.0246321       -0.0242068
     11.7811681       -0.0228645       -0.0234649
     11.8466191       -0.0211495       -0.0230042
     11.9120700       -0.0203959       -0.0229319
     11.9775209       -0.0211448       -0.0232586
     12.0429719       -0.0231376       -0.0238866
     12.1084228       -0.0254131       -0.0246458
     12.1738737       -0.0269126       -0.0253574
     12.2393247       -0.0271649       -0.0258934
     12.3047756       -0.0265301       -0.0262058
     12.3702265       -0.0258251       -0.0263212
     12.4356775       -0.0256532       -0.0263143
     12.5011284       -0.0259985       -0.0262769
     12.5665794       -0.0264028       -0.0262952
     12.6320303       -0.0265172       -0.0264328
     12.6974812       -0.0264869       -0.0267167
     12.7629322       -0.0267870       -0.0271299
     12.8283831       -0.0276634       -0.0276147
     12.8938340       -0.0287375       -0.0280922
     12.9592850       -0.0292238       -0.0284915
     13.0247359       -0.0286405       -0.0287729
     13.0901868       -0.0273747       -0.0289324
     13.1556378       -0.0265140       -0.0289854
     13.2210887       -0.0269729       -0.0289409
     13.2865396       -0.0286232       -0.0287861
     13.3519906       -0.0302270       -0.0284911
     13.4174415       -0.0303394       -0.0280304
     13.4828924       -0.0284935       -0.0274073
     13.5483434       -0.0256666       -0.0266666
     13.6137943       -0.0235771       -0.0258888
     13.6792452       -0.0233504       -0.0251708
     13.7446962       -0.0246610       -0.0246014
     13.8101471       -0.0260886       -0.0242406
     13.8755980       -0.0263868       -0.0241073
     13.9410490       -0.0255650       -0.0241769
     14.0064999       -0.0248243       -0.0243891
     14.0719508       -0.0253904       -0.0246652
     14.1374018       -0.0272731       -0.0249274
     14.2028527       -0.0290822       -0.0251127
     14.2683036       -0.0291226       -0.0251755
     14.3337546       -0.0268540       -0.0250812
     14.3992055       -0.0234448       -0.0247990
     14.4646564       -0.0209013       -0.0243048
     14.5301074       -0.0204838       -0.0235949
     14.5955583       -0.0217415       -0.0227000
     14.6610092       -0.0229661       -0.0216851
     14.7264602       -0.0226405       -0.0206269
     14.7919111       -0.0206157       -0.0195808
     14.8573620       -0.0180358       -0.0185555
     14.9228130       -0.0161691       -0.0175150
     14.9882639       -0.0152663       -0.0164078
     15.0537148       -0.0144931       -0.0152058
     15.1191658       -0.0129454       -0.0139287
     15.1846167       -0.0107287       -0.0126392
     15.2500676       -0.0090149       -0.0114166
     15.3155186       -0.0089605       -0.0103254
     15.3809695       -0.0104867       -0.0094004
     15.4464205       -0.0121193       -0.0086500
     15.5118714       -0.0121498       -0.0080674
     15.5773223       -0.0101319       -0.0076377
     15.6427733       -0.0073369       -0.0073324
     15.7082242       -0.0056727       -0.0071016
     15.7736751       -0.0059690       -0.0068728
     15.8391261       -0.0071738       -0.0065646
     15.9045770       -0.0072571       -0.0061094
     15.9700279       -0.0050877       -0.0054732
     16.0354789       -0.0016075       -0.0046632
