 Results from RMCProfile version 6.7.9.5

 (Version 6f format configuration file)                                          

 2 experiments   3 partials

 Partial g(r)'s are printed out below

    99  3 are NR and NPAR

   r (Ang)
   0.06545     0.00000     0.00000     0.00000
   0.13090     0.00000     0.00000     0.00000
   0.19635     0.00000     0.00000     0.00000
   0.26180     0.00000     0.00000     0.00000
   0.32725     0.00000     0.00000     0.00000
   0.39271     0.00000     0.00000     0.00000
   0.45816     0.00000     0.00000     0.00000
   0.52361     0.00000     0.00000     0.00000
   0.58906     0.00000     0.00000     0.00000
   0.65451     0.00000     0.00000     0.00000
   0.71996     0.00000     0.00000     0.00000
   0.78541     0.00000     0.00000     0.00000
   0.85086     0.00000     0.00000     0.00000
   0.91631     0.00000     0.00000     0.00000
   0.98176     0.00000     0.00000     0.00000
   1.04721     0.00000     0.00000     0.00000
   1.11267     0.00000     0.00000     0.00000
   1.17812     0.00000     0.00000     0.00000
   1.24357     0.00000     0.00000     0.00000
   1.30902     0.00000     0.00000     0.00000
   1.37447     0.00000     0.00000     0.00000
   1.43992     0.00000     0.00000     0.00000
   1.50537     0.00000     2.01738     0.00000
   1.57082     0.00000     3.95262     0.00000
   1.63627     0.00000     5.57799     0.00000
   1.70172     0.00000     6.42021     0.21050
   1.76718     0.00000     6.34390     0.39039
   1.83263     0.00000     4.99138     0.54451
   1.89808     0.00000     3.29948     0.42301
   1.96353     0.00000     1.42302     0.86962
   2.02898     0.00000     0.22212     0.51827
   2.09443     0.00000     0.00000     0.13897
   2.15988     0.00000     0.00000     0.00000
   2.22533     0.00000     0.00000     0.06155
   2.29078     0.00000     0.00000     0.00000
   2.35623     0.00000     0.00000     0.00000
   2.42168     0.00000     0.00000     0.00000
   2.48714     0.00000     0.00000     0.34493
   2.55259     0.00000     0.04678     0.98240
   2.61804     0.00000     0.04447     1.46754
   2.68349     0.00000     0.12698     2.37038
   2.74894     0.16135     0.20168     2.74290
   2.81439     0.00000     0.19241     3.46343
   2.87984     0.29403     0.40429     3.16078
   2.94529     0.14055     0.42166     3.33811
   3.01074     0.67254     0.40352     3.02642
   3.07619     4.25189     0.57980     0.70865
   3.14164     3.82951     0.64855     0.64855
   3.20710     2.84501     0.74089     0.68162
   3.27255     2.73235     0.62616     0.68309
   3.33800     2.07912     0.82070     0.46507
   3.40345     1.99992     0.71050     0.39472
   3.46890     1.11457     0.88659     0.37997
   3.53435     0.78085     0.82966     0.51244
   3.59980     0.47045     0.91738     0.61158
   3.66525     0.54456     0.97567     0.40842
   3.73070     0.52562     1.09504     0.43802
   3.79615     0.67687     0.99415     0.52880
   3.86161     0.73588     1.06294     0.57235
   3.92706     0.94874     1.08710     0.53367
   3.99251     0.38246     1.26210     0.51631
   4.05796     0.59235     1.38832     0.59235
   4.12341     0.78883     1.61351     0.39441
   4.18886     0.41693     1.51137     0.93809
   4.25431     0.74103     1.54943     0.79156
   4.31976     0.84943     1.56818     1.02912
   4.38521     0.50724     1.63267     1.14129
   4.45066     0.55398     1.81583     0.76942
   4.51611     0.71739     1.43478     1.19565
   4.58157     0.87130     1.36504     1.07460
   4.64702     1.07278     1.12924     1.04455
   4.71247     1.09809     0.90592     1.22163
   4.77792     1.70914     0.66763     1.20174
   4.84337     1.24744     0.74067     1.26044
   4.90882     1.36620     0.67045     1.37885
   4.97427     1.47832     0.62828     1.39208
   5.03972     1.10413     0.85210     1.27215
   5.10517     1.30991     0.77191     1.28652
   5.17062     1.68741     0.76390     1.26556
   5.23607     1.51207     0.96728     1.17853
   5.30153     1.25806     1.00862     1.21468
   5.36698     1.39689     0.92067     1.22757
   5.43243     1.07422     1.06389     1.24981
   5.49788     1.00845     0.99837     1.27065
   5.56333     1.10305     0.88638     1.38866
   5.62878     1.19300     0.98134     1.15451
   5.69423     0.97771     0.93070     1.26914
   5.75968     0.99237     0.91886     1.15776
   5.82513     1.07799     0.93426     0.97918
   5.89058     1.01903     1.11567     0.79941
   5.95604     1.06550     1.08269     0.71320
   6.02149     1.14335     1.09291     0.72300
   6.08694     1.15180     1.02017     0.77335
   6.15239     1.25627     1.03079     0.78920
   6.21784     0.88305     1.11958     0.81998
   6.28329     0.67945     1.15043     0.87247
   6.34874     0.60501     1.14952     0.91508
   6.41419     0.74091     1.02986     0.98541
   6.47964     0.98738     1.18341     0.73328

 Partial S(Q)'s are printed out below

   611  3 are NQ and NPAR

      Q          S(Q)_1      S(Q)_2      S(Q)_3
  0.4682470    -2.5207449     0.0616292    -1.2612071
  0.4982822    -2.7133128    -0.0524458    -1.2884227
  0.5283159    -2.8979793    -0.1538150    -1.3218513
  0.5583480    -3.0720145    -0.2410322    -1.3608556
  0.5883784    -3.2327937    -0.3129976    -1.4045313
  0.6184069    -3.3778423    -0.3689700    -1.4517277
  0.6484336    -3.5048788    -0.4085689    -1.5010772
  0.6784584    -3.6118582    -0.4317673    -1.5510341
  0.7084810    -3.6970121    -0.4388756    -1.5999209
  0.7385015    -3.7588855    -0.4305173    -1.6459801
  0.7685198    -3.7963703    -0.4075971    -1.6874319
  0.7985357    -3.8087319    -0.3712632    -1.7225333
  0.8285491    -3.7956312    -0.3228649    -1.7496384
  0.8585601    -3.7571379    -0.2639066    -1.7672578
  0.8885684    -3.6937373    -0.1960006    -1.7741142
  0.9185740    -3.6063274    -0.1208189    -1.7691926
  0.9485769    -3.4962088    -0.0400464    -1.7517840
  0.9785768    -3.3650643     0.0446626    -1.7215199
  1.0085738    -3.2149311     0.1317251    -1.6783971
  1.0385677    -3.0481633     0.2196645    -1.6227915
  1.0685584    -2.8673879     0.3071397    -1.5554597
  1.0985458    -2.6754530     0.3929682    -1.4775294
  1.1285300    -2.4753700     0.4761411    -1.3904768
  1.1585106    -2.2702519     0.5558321    -1.2960931
  1.1884878    -2.0632472     0.6313985    -1.1964400
  1.2184613    -1.8574728     0.7023753    -1.0937957
  1.2484312    -1.6559465     0.7684631    -0.9905928
  1.2783972    -1.4615210     0.8295105    -0.8893500
  1.3083593    -1.2768208     0.8854913    -0.7925988
  1.3383174    -1.1041849     0.9364784    -0.7028093
  1.3682715    -0.9456146     0.9826150    -0.6223145
  1.3982214    -0.8027302     1.0240843    -0.5532384
  1.4281670    -0.6767361     1.0610797    -0.4974277
  1.4581083    -0.5683961     1.0937756    -0.4563906
  1.4880452    -0.4780199     1.1223008    -0.4312445
  1.5179775    -0.4054603     1.1467155    -0.4226732
  1.5479052    -0.3501222     1.1669924    -0.4308969
  1.5778281    -0.3109830     1.1830028    -0.4556542
  1.6077463    -0.2866239     1.1945088    -0.4961987
  1.6376596    -0.2752715     1.2011611    -0.5513077
  1.6675679    -0.2748482     1.2025034    -0.6193069
  1.6974711    -0.2830310     1.1979821    -0.6981062
  1.7273691    -0.2973164     1.1869628    -0.7852494
  1.7572618    -0.3150903     1.1687512    -0.8779739
  1.7871493    -0.3337005     1.1426184    -0.9732804
  1.8170312    -0.3505304     1.1078310    -1.0680104
  1.8469077    -0.3630716     1.0636821    -1.1589280
  1.8767785    -0.3689937     1.0095251    -1.2428064
  1.9066436    -0.3662094     0.9448071    -1.3165140
  1.9365029    -0.3529324     0.8691017    -1.3770992
  1.9663562    -0.3277286     0.7821395    -1.4218713
  1.9962036    -0.2895563     0.6838351    -1.4484752
  2.0260449    -0.2377967     0.5743106    -1.4549575
  2.0558801    -0.1722733     0.4539131    -1.4398222
  2.0857090    -0.0932585     0.3232265    -1.4020754
  2.1155315    -0.0014691     0.1830766    -1.3412559
  2.1453476     0.1019507     0.0345298    -1.2574529
  2.1751571     0.2154572    -0.1211156    -1.1513091
  2.2049601     0.3371464    -0.2823455    -1.0240088
  2.2347563     0.4648018    -0.4474521    -0.8772529
  2.2645457     0.5959517    -0.6145624    -0.7132199
  2.2943282     0.7279319    -0.7816727    -0.5345149
  2.3241037     0.8579543    -0.9466872    -0.3441077
  2.3538721     0.9831785    -1.1074602    -0.1452622
  2.3836334     1.1007841    -1.2618416     0.0585423
  2.4133874     1.2080430    -1.4077225     0.2636935
  2.4431340     1.3023889    -1.5430822     0.4665324
  2.4728732     1.3814824    -1.6660327     0.6634398
  2.5026049     1.4432701    -1.7748614     0.8509201
  2.5323289     1.4860360    -1.8680705     1.0256827
  2.5620453     1.5084446    -1.9444109     1.1847158
  2.5917538     1.5095737    -2.0029111     1.3253532
  2.6214544     1.4889372    -2.0428993     1.4453308
  2.6511471     1.4464963    -2.0640187     1.5428333
  2.6808317     1.3826599    -2.0662357     1.6165273
  2.7105081     1.2982746    -2.0498396     1.6655837
  2.7401762     1.1946029    -2.0154359     1.6896854
  2.7698360     1.0732931    -1.9639312     1.6890238
  2.7994874     0.9363391    -1.8965119     1.6642812
  2.8291302     0.7860333    -1.8146160     1.6166028
  2.8587645     0.6249128    -1.7198998     1.5475572
  2.8883900     0.4557014    -1.6141999     1.4590879
  2.9180067     0.2812474    -1.4994911     1.3534567
  2.9476145     0.1044609    -1.3778423     1.2331810
  2.9772134    -0.0717498    -1.2513712     1.1009667
  3.0068031    -0.2445397    -1.1221978     0.9596388
  3.0363838    -0.4111850    -0.9924002     0.8120715
  3.0659551    -0.5691378    -0.8639712     0.6611195
  3.0955172    -0.7160737    -0.7387794     0.5095525
  3.1250698    -0.8499337    -0.6185325     0.3599949
  3.1546128    -0.9689579    -0.5047473     0.2148710
  3.1841463    -1.0717111    -0.3987239     0.0763581
  3.2136701    -1.1571009    -0.3015263    -0.0536514
  3.2431841    -1.2243857    -0.2139689    -0.1735795
  3.2726882    -1.2731757    -0.1366101    -0.2821823
  3.3021823    -1.3034248    -0.0697514    -0.3785592
  3.3316664    -1.3154157    -0.0134431    -0.4621533
  3.3611403    -1.3097376     0.0325041    -0.5327424
  3.3906040    -1.2872587     0.0685027    -0.5904204
  3.4200574    -1.2490929     0.0951670    -0.6355725
  3.4495003    -1.1965636     0.1132877    -0.6688427
  3.4789327    -1.1311642     0.1238037    -0.6910961
  3.5083546    -1.0545175     0.1277715    -0.7033772
  3.5377657    -0.9683341     0.1263329    -0.7068654
  3.5671661    -0.8743727     0.1206830    -0.7028291
  3.5965556    -0.7744005     0.1120374    -0.6925805
  3.6259341    -0.6701577     0.1016016    -0.6774310
  3.6553016    -0.5633247     0.0905419    -0.6586498
  3.6846580    -0.4554933     0.0799586    -0.6374269
  3.7140032    -0.3481425     0.0708625    -0.6148395
  3.7433370    -0.2426194     0.0641556    -0.5918257
  3.7726594    -0.1401245     0.0606142    -0.5691627
  3.8019704    -0.0417028     0.0608776    -0.5474532
  3.8312697     0.0517614     0.0654397    -0.5271167
  3.8605574     0.1395441     0.0746460    -0.5083895
  3.8898333     0.2210775     0.0886929    -0.4913289
  3.9190974     0.2959427     0.1076324    -0.4758250
  3.9483496     0.3638587     0.1313789    -0.4616173
  3.9775897     0.4246693     0.1597194    -0.4483154
  4.0068177     0.4783283     0.1923263    -0.4354240
  4.0360334     0.5248836     0.2287720    -0.4223704
  4.0652369     0.5644612     0.2685447    -0.4085336
  4.0944281     0.5972483     0.3110656    -0.3932747
  4.1236067     0.6234787     0.3557059    -0.3759659
  4.1527728     0.6434182     0.4018041    -0.3560196
  4.1819262     0.6573523     0.4486826    -0.3329142
  4.2110669     0.6655755     0.4956632    -0.3062176
  4.2401947     0.6683828     0.5420813    -0.2756068
  4.2693097     0.6660635     0.5872987    -0.2408835
  4.2984116     0.6588968     0.6307145    -0.2019850
  4.3275005     0.6471505     0.6717738    -0.1589905
  4.3565761     0.6310804     0.7099748    -0.1121223
  4.3856385     0.6109323     0.7448738    -0.0617420
  4.4146876     0.5869450     0.7760884    -0.0083430
  4.4437232     0.5593546     0.8032987     0.0474620
  4.4727452     0.5283992     0.8262471     0.1049575
  4.5017536     0.4943239     0.8447367     0.1633436
  4.5307483     0.4573862     0.8586288     0.2217583
  4.5597293     0.4178599     0.8678389     0.2793005
  4.5886963     0.3760398     0.8723328     0.3350547
  4.6176493     0.3322437     0.8721217     0.3881156
  4.6465883     0.2868142     0.8672580     0.4376122
  4.6755131     0.2401191     0.8578303     0.4827307
  4.7044237     0.1925494     0.8439590     0.5227358
  4.7333199     0.1445170     0.8257925     0.5569890
  4.7622018     0.0964499     0.8035039     0.5849641
  4.7910691     0.0487870     0.7772878     0.6062599
  4.8199218     0.0019710     0.7473583     0.6206083
  4.8487599    -0.0435590     0.7139474     0.6278794
  4.8775831    -0.0873759     0.6773037     0.6280822
  4.9063916    -0.1290731     0.6376916     0.6213619
  4.9351850    -0.1682732     0.5953914     0.6079935
  4.9639635    -0.2046360     0.5506989     0.5883720
  4.9927268    -0.2378659     0.5039251     0.5629996
  5.0214749    -0.2677189     0.4553967     0.5324706
  5.0502077    -0.2940074     0.4054552     0.4974541
  5.0789252    -0.3166044     0.3544562     0.4586756
  5.1076271    -0.3354455     0.3027687     0.4168971
  5.1363135    -0.3505296     0.2507728     0.3728978
  5.1649843    -0.3619173     0.1988575     0.3274540
  5.1936393    -0.3697281     0.1474176     0.2813209
  5.2222785    -0.3741354     0.0968500     0.2352151
  5.2509018    -0.3753604     0.0475491     0.1897990
  5.2795091    -0.3736640    -0.0000980     0.1456672
  5.3081003    -0.3693385    -0.0457170     0.1033362
  5.3366753    -0.3626976    -0.0889527     0.0632352
  5.3652341    -0.3540665    -0.1294744     0.0257016
  5.3937766    -0.3437713    -0.1669827    -0.0090222
  5.4223026    -0.3321291    -0.2012150    -0.0407882
  5.4508121    -0.3194385    -0.2319516    -0.0695399
  5.4793050    -0.3059706    -0.2590207    -0.0953068
  5.5077812    -0.2919615    -0.2823026    -0.1181967
  5.5362406    -0.2776058    -0.3017339    -0.1383856
  5.5646832    -0.2630525    -0.3173094    -0.1561070
  5.5931088    -0.2484016    -0.3290843    -0.1716387
  5.6215173    -0.2337036    -0.3371734    -0.1852905
  5.6499088    -0.2189599    -0.3417507    -0.1973895
  5.6782830    -0.2041261    -0.3430469    -0.2082675
  5.7066400    -0.1891161    -0.3413449    -0.2182477
  5.7349795    -0.1738086    -0.3369754    -0.2276324
  5.7633016    -0.1580546    -0.3303104    -0.2366923
  5.7916061    -0.1416862    -0.3217555    -0.2456569
  5.8198930    -0.1245260    -0.3117422    -0.2547070
  5.8481622    -0.1063977    -0.3007183    -0.2639687
  5.8764135    -0.0871362    -0.2891388    -0.2735096
  5.9046470    -0.0665977    -0.2774560    -0.2833375
  5.9328624    -0.0446696    -0.2661096    -0.2934000
  5.9610598    -0.0212790    -0.2555170    -0.3035877
  5.9892391     0.0035991    -0.2460642    -0.3137378
  6.0174000     0.0299362    -0.2380973    -0.3236404
  6.0455427     0.0576453    -0.2319146    -0.3330458
  6.0736669     0.0865786    -0.2277602    -0.3416728
  6.1017727     0.1165265    -0.2258189    -0.3492186
  6.1298598     0.1472190    -0.2262117    -0.3553688
  6.1579283     0.1783293    -0.2289938    -0.3598079
  6.1859780     0.2094788    -0.2341535    -0.3622295
  6.2140089     0.2402445    -0.2416128    -0.3623470
  6.2420208     0.2701680    -0.2512297    -0.3599025
  6.2700138     0.2987651    -0.2628019    -0.3546760
  6.2979876     0.3255380    -0.2760715    -0.3464926
  6.3259422     0.3499870    -0.2907316    -0.3352293
  6.3538776     0.3716233    -0.3064340    -0.3208196
  6.3817936     0.3899818    -0.3227967    -0.3032567
  6.4096902     0.4046334    -0.3394137    -0.2825958
  6.4375673     0.4151974    -0.3558640    -0.2589535
  6.4654247     0.4213517    -0.3717217    -0.2325071
  6.4932625     0.4228432    -0.3865654    -0.2034909
  6.5210805     0.4194955    -0.3999877    -0.1721923
  6.5488786     0.4112149    -0.4116047    -0.1389457
  6.5766567     0.3979955    -0.4210639    -0.1041257
  6.6044148     0.3799204    -0.4280520    -0.0681398
  6.6321529     0.3571626    -0.4323014    -0.0314195
  6.6598707     0.3299822    -0.4335955     0.0055885
  6.6875682     0.2987222    -0.4317731     0.0424313
  6.7152453     0.2638021    -0.4267311     0.0786591
  6.7429020     0.2257098    -0.4184257     0.1138340
  6.7705382     0.1849916    -0.4068731     0.1475387
  6.7981537     0.1422408    -0.3921477     0.1793840
  6.8257485     0.0980853    -0.3743801     0.2090161
  6.8533225     0.0531746    -0.3537530     0.2361229
  6.8808757     0.0081663    -0.3304968     0.2604386
  6.9084079    -0.0362879    -0.3048840     0.2817479
  6.9359190    -0.0795555    -0.2772227     0.2998885
  6.9634090    -0.1210355    -0.2478494     0.3147528
  6.9908778    -0.1601709    -0.2171220     0.3262876
  7.0183253    -0.1964590    -0.1854120     0.3344938
  7.0457515    -0.2294604    -0.1530970     0.3394236
  7.0731561    -0.2588068    -0.1205529     0.3411778
  7.1005393    -0.2842065    -0.0881470     0.3399014
  7.1279008    -0.3054480    -0.0562308     0.3357789
  7.1552405    -0.3224020    -0.0251346     0.3290288
  7.1825585    -0.3350206     0.0048389     0.3198974
  7.2098546    -0.3433359     0.0334183     0.3086524
  7.2371288    -0.3474549     0.0603679     0.2955765
  7.2643809    -0.3475547     0.0854906     0.2809608
  7.2916108    -0.3438748     0.1086292     0.2650982
  7.3188186    -0.3367086     0.1296677     0.2482775
  7.3460040    -0.3263943     0.1485317     0.2307776
  7.3731671    -0.3133042     0.1651866     0.2128622
  7.4003078    -0.2978346     0.1796370     0.1947753
  7.4274258    -0.2803948     0.1919233     0.1767374
  7.4545213    -0.2613965     0.2021194     0.1589424
  7.4815940    -0.2412438     0.2103287     0.1415554
  7.5086440    -0.2203239     0.2166803     0.1247112
  7.5356711    -0.1989981     0.2213244     0.1085135
  7.5626752    -0.1775954     0.2244282     0.0930356
  7.5896563    -0.1564053     0.2261709     0.0783208
  7.6166143    -0.1356743     0.2267392     0.0643843
  7.6435491    -0.1156020     0.2263233     0.0512156
  7.6704605    -0.0963399     0.2251120     0.0387812
  7.6973487    -0.0779913     0.2232895     0.0270277
  7.7242133    -0.0606125     0.2210313     0.0158859
  7.7510545    -0.0442161     0.2185017     0.0052741
  7.7778720    -0.0287745     0.2158507    -0.0048973
  7.8046659    -0.0142255     0.2132122    -0.0147221
  7.8314359    -0.0004778     0.2107022    -0.0242943
  7.8581822     0.0125818     0.2084181    -0.0337043
  7.8849044     0.0250815     0.2064376    -0.0430349
  7.9116027     0.0371569     0.2048190    -0.0523588
  7.9382768     0.0489442     0.2036016    -0.0617351
  7.9649268     0.0605723     0.2028060    -0.0712076
  7.9915525     0.0721567     0.2024355    -0.0808022
  8.0181539     0.0837934     0.2024775    -0.0905264
  8.0447308     0.0955535     0.2029050    -0.1003679
  8.0712833     0.1074792     0.2036782    -0.1102948
  8.0978111     0.1195806     0.2047468    -0.1202559
  8.1243143     0.1318340     0.2060516    -0.1301815
  8.1507928     0.1441807     0.2075266    -0.1399850
  8.1772464     0.1565280     0.2091007    -0.1495645
  8.2036751     0.1687507     0.2107002    -0.1588055
  8.2300788     0.1806938     0.2122496    -0.1675832
  8.2564574     0.1921767     0.2136739    -0.1757653
  8.2828109     0.2029976     0.2148997    -0.1832155
  8.3091392     0.2129397     0.2158564    -0.1897965
  8.3354421     0.2217765     0.2164775    -0.1953734
  8.3617197     0.2292794     0.2167013    -0.1998168
  8.3879717     0.2352237     0.2164714    -0.2030063
  8.4141983     0.2393958     0.2157376    -0.2048332
  8.4403992     0.2416001     0.2144559    -0.2052036
  8.4665744     0.2416649     0.2125888    -0.2040409
  8.4927238     0.2394486     0.2101054    -0.2012876
  8.5188473     0.2348446     0.2069816    -0.1969076
  8.5449449     0.2277856     0.2031994    -0.1908875
  8.5710164     0.2182467     0.1987472    -0.1832372
  8.5970619     0.2062484     0.1936194    -0.1739908
  8.6230811     0.1918567     0.1878164    -0.1632061
  8.6490741     0.1751841     0.1813437    -0.1509650
  8.6750407     0.1563877     0.1742124    -0.1373715
  8.7009810     0.1356674     0.1664384    -0.1225514
  8.7268947     0.1132627     0.1580425    -0.1066496
  8.7527818     0.0894479     0.1490500    -0.0898289
  8.7786422     0.0645275     0.1394905    -0.0722666
  8.8044760     0.0388300     0.1293977    -0.0541526
  8.8302829     0.0127017     0.1188095    -0.0356860
  8.8560629    -0.0135003     0.1077674    -0.0170719
  8.8818159    -0.0394156     0.0963168     0.0014814
  8.9075419    -0.0646869     0.0845065     0.0197662
  8.9332407    -0.0889678     0.0723884     0.0375783
  8.9589123    -0.1119296     0.0600176     0.0547205
  8.9845567    -0.1332673     0.0474521     0.0710051
  9.0101736    -0.1527062     0.0347522     0.0862577
  9.0357631    -0.1700063     0.0219802     0.1003188
  9.0613251    -0.1849672     0.0092002     0.1130470
  9.0868595    -0.1974314    -0.0035226     0.1243206
  9.1123662    -0.2072866    -0.0161225     0.1340393
  9.1378452    -0.2144675    -0.0285337     0.1421257
  9.1632963    -0.2189558    -0.0406912     0.1485260
  9.1887195    -0.2207802    -0.0525312     0.1532105
  9.2141147    -0.2200141    -0.0639922     0.1561738
  9.2394819    -0.2167735    -0.0750152     0.1574345
  9.2648209    -0.2112135    -0.0855451     0.1570341
  9.2901317    -0.2035240    -0.0955310     0.1550363
  9.3154141    -0.1939250    -0.1049268     0.1515253
  9.3406683    -0.1826611    -0.1136922     0.1466041
  9.3658939    -0.1699960    -0.1217931     0.1403924
  9.3910910    -0.1562059    -0.1292020     0.1330241
  9.4162595    -0.1415740    -0.1358987     0.1246452
  9.4413994    -0.1263840    -0.1418702     0.1154107
  9.4665104    -0.1109140    -0.1471112     0.1054822
  9.4915927    -0.0954315    -0.1516239     0.0950247
  9.5166460    -0.0801874    -0.1554183     0.0842041
  9.5416703    -0.0654119    -0.1585115     0.0731844
  9.5666656    -0.0513101    -0.1609278     0.0621251
  9.5916317    -0.0380588    -0.1626979     0.0511784
  9.6165686    -0.0258038    -0.1638584     0.0404873
  9.6414762    -0.0146581    -0.1644514     0.0301833
  9.6663545    -0.0047011    -0.1645232     0.0203847
  9.6912033     0.0040218    -0.1641238     0.0111950
  9.7160225     0.0114984    -0.1633057     0.0027017
  9.7408122     0.0177484    -0.1621232    -0.0050246
  9.7655722     0.0228214    -0.1606312    -0.0119307
  9.7903025     0.0267939    -0.1588840    -0.0179808
  9.8150029     0.0297662    -0.1569349    -0.0231570
  9.8396735     0.0318587    -0.1548346    -0.0274582
  9.8643140     0.0332077    -0.1526307    -0.0308997
  9.8889245     0.0339613    -0.1503668    -0.0335121
  9.9135049     0.0342746    -0.1480816    -0.0353401
  9.9380551     0.0343053    -0.1458086    -0.0364408
  9.9625751     0.0342095    -0.1435754    -0.0368821
  9.9870646     0.0341372    -0.1414034    -0.0367411
 10.0115238     0.0342285    -0.1393075    -0.0361017
 10.0359524     0.0346099    -0.1372964    -0.0350529
 10.0603505     0.0353914    -0.1353721    -0.0336865
 10.0847180     0.0366635    -0.1335305    -0.0320951
 10.1090547     0.0384954    -0.1317617    -0.0303705
 10.1333606     0.0409333    -0.1300503    -0.0286012
 10.1576357     0.0439996    -0.1283761    -0.0268707
 10.1818798     0.0476928    -0.1267148    -0.0252563
 10.2060929     0.0519874    -0.1250386    -0.0238271
 10.2302749     0.0568353    -0.1233172    -0.0226432
 10.2544257     0.0621667    -0.1215186    -0.0217544
 10.2785453     0.0678926    -0.1196098    -0.0211994
 10.3026336     0.0739068    -0.1175580    -0.0210054
 10.3266906     0.0800890    -0.1153311    -0.0211879
 10.3507160     0.0863075    -0.1128990    -0.0217504
 10.3747099     0.0924228    -0.1102340    -0.0226847
 10.3986723     0.0982907    -0.1073116    -0.0239718
 10.4226029     0.1037663    -0.1041113    -0.0255817
 10.4465018     0.1087069    -0.1006168    -0.0274752
 10.4703689     0.1129758    -0.0968168    -0.0296042
 10.4942041     0.1164452    -0.0927052    -0.0319137
 10.5180073     0.1189994    -0.0882811    -0.0343423
 10.5417785     0.1205371    -0.0835490    -0.0368242
 10.5655175     0.1209741    -0.0785190    -0.0392906
 10.5892244     0.1202450    -0.0732061    -0.0416712
 10.6128990     0.1183043    -0.0676305    -0.0438956
 10.6365413     0.1151282    -0.0618168    -0.0458950
 10.6601512     0.1107143    -0.0557937    -0.0476038
 10.6837286     0.1050820    -0.0495936    -0.0489606
 10.7072735     0.0982722    -0.0432515    -0.0499095
 10.7307858     0.0903463    -0.0368050    -0.0504017
 10.7542654     0.0813850    -0.0302931    -0.0503958
 10.7777122     0.0714865    -0.0237555    -0.0498592
 10.8011262     0.0607648    -0.0172323    -0.0487685
 10.8245072     0.0493471    -0.0107627    -0.0471096
 10.8478553     0.0373718    -0.0043846    -0.0448787
 10.8711704     0.0249852     0.0018658    -0.0420816
 10.8944524     0.0123393     0.0079550    -0.0387341
 10.9177011    -0.0004112     0.0138527    -0.0348612
 10.9409166    -0.0131120     0.0195319    -0.0304972
 10.9640988    -0.0256114     0.0249695    -0.0256845
 10.9872476    -0.0377635     0.0301468    -0.0204731
 11.0103629    -0.0494300     0.0350492    -0.0149197
 11.0334447    -0.0604830     0.0396664    -0.0090863
 11.0564928    -0.0708068     0.0439930    -0.0030398
 11.0795073    -0.0802993     0.0480273     0.0031500
 11.1024880    -0.0888737     0.0517721     0.0094110
 11.1254349    -0.0964594     0.0552340     0.0156703
 11.1483479    -0.1030026     0.0584229     0.0218553
 11.1712270    -0.1084668     0.0613520     0.0278949
 11.1940720    -0.1128326     0.0640371     0.0337207
 11.2168830    -0.1160975     0.0664959     0.0392679
 11.2396597    -0.1182751     0.0687478     0.0444765
 11.2624023    -0.1193943     0.0708134     0.0492920
 11.2851105    -0.1194979     0.0727136     0.0536661
 11.3077843    -0.1186416     0.0744692     0.0575574
 11.3304237    -0.1168916     0.0761005     0.0609318
 11.3530286    -0.1143237     0.0776266     0.0637630
 11.3755989    -0.1110207     0.0790651     0.0660326
 11.3981345    -0.1070710     0.0804316     0.0677300
 11.4206355    -0.1025661     0.0817396     0.0688526
 11.4431016    -0.0975993     0.0829996     0.0694054
 11.4655329    -0.0922633     0.0842196     0.0694006
 11.4879292    -0.0866484     0.0854047     0.0688573
 11.5102906    -0.0808414     0.0865568     0.0678009
 11.5326169    -0.0749234     0.0876748     0.0662623
 11.5549080    -0.0689692     0.0887550     0.0642776
 11.5771640    -0.0630454     0.0897904     0.0618867
 11.5993847    -0.0572103     0.0907720     0.0591329
 11.6215701    -0.0515127     0.0916882     0.0560621
 11.6437200    -0.0459919     0.0925255     0.0527215
 11.6658345    -0.0406773     0.0932688     0.0491594
 11.6879135    -0.0355884     0.0939021     0.0454238
 11.7099568    -0.0307353     0.0944082     0.0415618
 11.7319645    -0.0261191     0.0947701     0.0376191
 11.7539365    -0.0217326     0.0949705     0.0336389
 11.7758726    -0.0175612     0.0949932     0.0296617
 11.7977729    -0.0135837     0.0948226     0.0257246
 11.8196372    -0.0097738     0.0944449     0.0218605
 11.8414656    -0.0061008     0.0938481     0.0180987
 11.8632578    -0.0025313     0.0930222     0.0144635
 11.8850139     0.0009695     0.0919600     0.0109749
 11.9067339     0.0044370     0.0906568     0.0076484
 11.9284175     0.0079054     0.0891111     0.0044945
 11.9500648     0.0114068     0.0873243     0.0015196
 11.9716757     0.0149700     0.0853009    -0.0012745
 11.9932502     0.0186194     0.0830489    -0.0038897
 12.0147881     0.0223742     0.0805791    -0.0063317
 12.0362894     0.0262477     0.0779053    -0.0086095
 12.0577540     0.0302467     0.0750444    -0.0107347
 12.0791820     0.0343708     0.0720156    -0.0127213
 12.1005731     0.0386127     0.0688406    -0.0145850
 12.1219273     0.0429576     0.0655430    -0.0163428
 12.1432447     0.0473836     0.0621480    -0.0180122
 12.1645250     0.0518619     0.0586823    -0.0196111
 12.1857683     0.0563571     0.0551731    -0.0211570
 12.2069745     0.0608282     0.0516482    -0.0226663
 12.2281434     0.0652287     0.0481354    -0.0241545
 12.2492752     0.0695080     0.0446617    -0.0256350
 12.2703696     0.0736122     0.0412536    -0.0271194
 12.2914266     0.0774849     0.0379359    -0.0286168
 12.3124462     0.0810685     0.0347321    -0.0301337
 12.3334283     0.0843053     0.0316631    -0.0316739
 12.3543729     0.0871389     0.0287479    -0.0332380
 12.3752798     0.0895146     0.0260024    -0.0348240
 12.3961490     0.0913814     0.0234397    -0.0364267
 12.4169804     0.0926925     0.0210700    -0.0380381
 12.4377740     0.0934065     0.0188999    -0.0396475
 12.4585297     0.0934883     0.0169328    -0.0412416
 12.4792475     0.0929097     0.0151687    -0.0428048
 12.4999273     0.0916504     0.0136043    -0.0443196
 12.5205689     0.0896983     0.0122330    -0.0457668
 12.5411725     0.0870501     0.0110451    -0.0471257
 12.5617378     0.0837114     0.0100279    -0.0483750
 12.5822649     0.0796969     0.0091659    -0.0494928
 12.6027536     0.0750303     0.0084413    -0.0504569
 12.6232040     0.0697442     0.0078342    -0.0512457
 12.6436159     0.0638798     0.0073227    -0.0518383
 12.6639893     0.0574862     0.0068835    -0.0522147
 12.6843241     0.0506199     0.0064923    -0.0523569
 12.7046203     0.0433442     0.0061242    -0.0522483
 12.7248777     0.0357284     0.0057540    -0.0518749
 12.7450964     0.0278465     0.0053565    -0.0512250
 12.7652763     0.0197765     0.0049073    -0.0502898
 12.7854173     0.0115994     0.0043827    -0.0490633
 12.8055194     0.0033978     0.0037605    -0.0475428
 12.8255824    -0.0047449     0.0030202    -0.0457286
 12.8456064    -0.0127460     0.0021429    -0.0436245
 12.8655912    -0.0205243     0.0011124    -0.0412375
 12.8855369    -0.0280013    -0.0000852    -0.0385780
 12.9054433    -0.0351025    -0.0014611    -0.0356592
 12.9253104    -0.0417580    -0.0030234    -0.0324976
 12.9451381    -0.0479036    -0.0047775    -0.0291126
 12.9649264    -0.0534818    -0.0067254    -0.0255260
 12.9846752    -0.0584423    -0.0088661    -0.0217621
 13.0043844    -0.0627426    -0.0111954    -0.0178473
 13.0240541    -0.0663487    -0.0137060    -0.0138097
 13.0436840    -0.0692354    -0.0163878    -0.0096787
 13.0632742    -0.0713864    -0.0192277    -0.0054850
 13.0828247    -0.0727947    -0.0222098    -0.0012599
 13.1023352    -0.0734626    -0.0253160     0.0029649
 13.1218059    -0.0734011    -0.0285258     0.0071579
 13.1412366    -0.0726302    -0.0318168     0.0112879
 13.1606273    -0.0711783    -0.0351649     0.0153243
 13.1799778    -0.0690817    -0.0385447     0.0192377
 13.1992882    -0.0663843    -0.0419296     0.0230002
 13.2185585    -0.0631363    -0.0452926     0.0265856
 13.2377884    -0.0593941    -0.0486060     0.0299694
 13.2569780    -0.0552193    -0.0518423     0.0331297
 13.2761273    -0.0506775    -0.0549744     0.0360466
 13.2952361    -0.0458378    -0.0579754     0.0387031
 13.3143044    -0.0407717    -0.0608199     0.0410848
 13.3333321    -0.0355521    -0.0634835     0.0431802
 13.3523192    -0.0302522    -0.0659431     0.0449805
 13.3712657    -0.0249451    -0.0681779     0.0464800
 13.3901714    -0.0197020    -0.0701686     0.0476758
 13.4090364    -0.0145921    -0.0718985     0.0485679
 13.4278604    -0.0096812    -0.0733531     0.0491590
 13.4466436    -0.0050314    -0.0745205     0.0494545
 13.4653858    -0.0006999    -0.0753913     0.0494624
 13.4840871     0.0032614    -0.0759589     0.0491930
 13.5027472     0.0068066    -0.0762196     0.0486586
 13.5213662     0.0098960    -0.0761722     0.0478738
 13.5399440     0.0124969    -0.0758184     0.0468546
 13.5584806     0.0145835    -0.0751625     0.0456188
 13.5769758     0.0161374    -0.0742115     0.0441851
 13.5954297     0.0171478    -0.0729747     0.0425735
 13.6138422     0.0176108    -0.0714639     0.0408047
 13.6322132     0.0175304    -0.0696932     0.0388998
 13.6505427     0.0169173    -0.0676784     0.0368800
 13.6688306     0.0157893    -0.0654374     0.0347668
 13.6870769     0.0141708    -0.0629896     0.0325812
 13.7052815     0.0120922    -0.0603557     0.0303438
 13.7234443     0.0095896    -0.0575576     0.0280747
 13.7415654     0.0067043    -0.0546181     0.0257928
 13.7596445     0.0034821    -0.0515607     0.0235162
 13.7776818    -0.0000275    -0.0484093     0.0212618
 13.7956771    -0.0037716    -0.0451879     0.0190451
 13.8136303    -0.0076948    -0.0419205     0.0168801
 13.8315415    -0.0117399    -0.0386307     0.0147795
 13.8494106    -0.0158485    -0.0353418     0.0127543
 13.8672374    -0.0199620    -0.0320762     0.0108138
 13.8850221    -0.0240220    -0.0288554     0.0089658
 13.9027644    -0.0279711    -0.0256999     0.0072163
 13.9204644    -0.0317536    -0.0226288     0.0055699
 13.9381219    -0.0353161    -0.0196600     0.0040295
 13.9557370    -0.0386078    -0.0168098     0.0025964
 13.9733096    -0.0415817    -0.0140928     0.0012706
 13.9908397    -0.0441945    -0.0115219     0.0000508
 14.0083271    -0.0464072    -0.0091085    -0.0010658
 14.0257718    -0.0481854    -0.0068618    -0.0020828
 14.0431739    -0.0495000    -0.0047895    -0.0030052
 14.0605331    -0.0503268    -0.0028973    -0.0038384
 14.0778495    -0.0506473    -0.0011890    -0.0045890
 14.0951231    -0.0504485     0.0003332    -0.0052639
 14.1123536    -0.0497230     0.0016689    -0.0058706
 14.1295412    -0.0484689     0.0028195    -0.0064169
 14.1466858    -0.0466900     0.0037877    -0.0069109
 14.1637873    -0.0443955     0.0045780    -0.0073604
 14.1808456    -0.0415998     0.0051962    -0.0077736
 14.1978607    -0.0383223     0.0056492    -0.0081582
 14.2148326    -0.0345871     0.0059455    -0.0085217
 14.2317612    -0.0304227     0.0060941    -0.0088712
 14.2486464    -0.0258619     0.0061053    -0.0092133
 14.2654882    -0.0209406     0.0059901    -0.0095540
 14.2822866    -0.0156986     0.0057599    -0.0098987
 14.2990415    -0.0101779     0.0054269    -0.0102521
 14.3157528    -0.0044231     0.0050034    -0.0106180
 14.3324204     0.0015194     0.0045022    -0.0109997
 14.3490445     0.0076017     0.0039360    -0.0113995
 14.3656248     0.0137753     0.0033174    -0.0118188
 14.3821614     0.0199911     0.0026591    -0.0122584
 14.3986541     0.0262001     0.0019734    -0.0127182
 14.4151030     0.0323539     0.0012721    -0.0131974
 14.4315080     0.0384048     0.0005668    -0.0136942
 14.4478690     0.0443068    -0.0001316    -0.0142064
 14.4641860     0.0500156    -0.0008128    -0.0147311
 14.4804590     0.0554887    -0.0014672    -0.0152646
 14.4966878     0.0606866    -0.0020859    -0.0158028
 14.5128725     0.0655722    -0.0026608    -0.0163412
 14.5290130     0.0701114    -0.0031847    -0.0168748
 14.5451092     0.0742737    -0.0036513    -0.0173982
 14.5611611     0.0780316    -0.0040550    -0.0179061
 14.5771686     0.0813617    -0.0043912    -0.0183926
 14.5931318     0.0842439    -0.0046563    -0.0188521
 14.6090505     0.0866621    -0.0048473    -0.0192786
 14.6249247     0.0886040    -0.0049622    -0.0196666
 14.6407543     0.0900613    -0.0050000    -0.0200103
 14.6565394     0.0910293    -0.0049602    -0.0203044
 14.6722798     0.0915071    -0.0048434    -0.0205439
 14.6879755     0.0914977    -0.0046505    -0.0207240
 14.7036264     0.0910073    -0.0043835    -0.0208402
 14.7192326     0.0900457    -0.0040447    -0.0208887
 14.7347939     0.0886259    -0.0036372    -0.0208661
 14.7503104     0.0867638    -0.0031645    -0.0207693
 14.7657819     0.0844783    -0.0026305    -0.0205961
 14.7812084     0.0817906    -0.0020396    -0.0203447
 14.7965899     0.0787244    -0.0013965    -0.0200139
 14.8119264     0.0753055    -0.0007061    -0.0196031
 14.8272177     0.0715613     0.0000265    -0.0191124
 14.8424639     0.0675208     0.0007959    -0.0185425
 14.8576648     0.0632143     0.0015967    -0.0178946
 14.8728205     0.0586729     0.0024235    -0.0171706
 14.8879309     0.0539286     0.0032710    -0.0163730
 14.9029959     0.0490137     0.0041336    -0.0155047
 14.9180155     0.0439607     0.0050063    -0.0145692
 14.9329897     0.0388018     0.0058840    -0.0135707
 14.9479184     0.0335691     0.0067617    -0.0125135
 14.9628016     0.0282940     0.0076348    -0.0114025
 14.9776391     0.0230072     0.0084988    -0.0102429
 14.9924311     0.0177383     0.0093497    -0.0090403
 15.0071774     0.0125158     0.0101837    -0.0078005
 15.0218780     0.0073667     0.0109972    -0.0065296
 15.0365328     0.0023168     0.0117871    -0.0052339
 15.0511418    -0.0026101     0.0125506    -0.0039196
 15.0657049    -0.0073917     0.0132852    -0.0025932
 15.0802222    -0.0120076     0.0139888    -0.0012612
 15.0946935    -0.0164394     0.0146597     0.0000701
 15.1091189    -0.0206706     0.0152964     0.0013941
 15.1234982    -0.0246867     0.0158980     0.0027047
 15.1378315    -0.0284752     0.0164635     0.0039959
 15.1521186    -0.0320258     0.0169928     0.0052615
 15.1663596    -0.0353301     0.0174855     0.0064961
 15.1805544    -0.0383817     0.0179419     0.0076943
 15.1947030    -0.0411762     0.0183624     0.0088508
 15.2088052    -0.0437111     0.0187477     0.0099610
 15.2228612    -0.0459857     0.0190987     0.0110204
 15.2368707    -0.0480012     0.0194164     0.0120250
 15.2508339    -0.0497602     0.0197021     0.0129712
 15.2647506    -0.0512670     0.0199572     0.0138557
 15.2786207    -0.0525274     0.0201833     0.0146758

PDF 1 in D(r) format
  r, PDF (RMC), PDF (Expt)
 CURVES
          99 ,           2
      0.0654509       -0.0607512       -0.0518487
      0.1309019       -0.1215023       -0.1036974
      0.1963528       -0.1822535       -0.1555461
      0.2618037       -0.2430047       -0.2073949
      0.3272547       -0.3037559       -0.2592436
      0.3927056       -0.3645070       -0.3110923
      0.4581565       -0.4252582       -0.3629410
      0.5236075       -0.4860094       -0.4147897
      0.5890584       -0.5467605       -0.4666384
      0.6545093       -0.6075117       -0.5184872
      0.7199603       -0.6682629       -0.5703359
      0.7854112       -0.7290141       -0.6221846
      0.8508621       -0.7897652       -0.6740333
      0.9163131       -0.8505164       -0.7258820
      0.9817640       -0.9112676       -0.7777307
      1.0472149       -0.9720187       -0.8295794
      1.1126659       -1.0327699       -0.8814282
      1.1781168       -1.0935211       -0.9332769
      1.2435677       -1.1542722       -0.8534496
      1.3090187       -1.2150234       -0.6131118
      1.3744696       -1.2757746       -0.2675095
      1.4399206       -1.3365258        0.1694371
      1.5053715       -0.0299629        0.6565243
      1.5708224        1.3374055        1.1273298
      1.6362734        2.5905547        1.5020358
      1.7017243        3.4538014        1.7065797
      1.7671752        3.6273920        1.6929626
      1.8326262        2.7359182        1.4532894
      1.8980771        1.3141592        1.0222271
      1.9635280       -0.0194934        0.4671657
      2.0289790       -1.3447286       -0.1297703
      2.0944299       -1.8511334       -0.6909222
      2.1598808       -2.0047886       -1.1570597
      2.2253318       -2.0218198       -1.4928737
      2.2907827       -2.1262910       -1.6848480
      2.3562336       -2.1870422       -1.7351978
      2.4216846       -2.2477933       -1.6560100
      2.4871355       -2.0347155       -1.4660184
      2.5525864       -1.5151069       -1.1899441
      2.6180374       -1.1512580       -0.8585565
      2.6834883       -0.3070172       -0.5073901
      2.7489392        0.1752258       -0.1732126
      2.8143902        0.7428307        0.1110648
      2.8798411        0.8910563        0.3213035
      2.9452920        1.0292854        0.4451695
      3.0107430        0.9823380        0.4824624
      3.0761939        0.7201630        0.4430559
      3.1416448        0.5617754        0.3435209
      3.2070958        0.2393795        0.2036099
      3.2725467        0.0182311        0.0433831
      3.3379976       -0.2675196       -0.1187926
      3.4034486       -0.5608503       -0.2675069
      3.4688995       -0.8005552       -0.3910444
      3.5343504       -0.9440762       -0.4817000
      3.5998014       -0.8828716       -0.5356468
      3.6652523       -0.9972970       -0.5523286
      3.7307032       -0.7905705       -0.5334799
      3.7961542       -0.7757107       -0.4820485
      3.8616051       -0.5796192       -0.4013945
      3.9270560       -0.4624984       -0.2950839
      3.9925070       -0.5367058       -0.1673695
      4.0579579       -0.0811949       -0.0241362
      4.1234088        0.2036842        0.1261923
      4.1888598        0.4938730        0.2723982
      4.2543107        0.5944265        0.4013251
      4.3197617        1.0419255        0.4999057
      4.3852126        1.1038204        0.5579204
      4.4506635        0.9920694        0.5706504
      4.5161145        0.9634386        0.5404934
      4.5815654        0.7684710        0.4768946
      4.6470163        0.3901701        0.3945010
      4.7124673        0.2071540        0.3100504
      4.7779182        0.1306217        0.2389058
      4.8433691        0.0274000        0.1921862
      4.9088201        0.1506694        0.1751535
      4.9742710        0.1677960        0.1870475
      5.0397219        0.1855196        0.2221259
      5.1051729        0.1938346        0.2714185
      5.1706238        0.4529596        0.3246760
      5.2360747        0.6469458        0.3721221
      5.3015257        0.6010739        0.4057974
      5.3669766        0.5363483        0.4204222
      5.4324275        0.6534395        0.4137823
      5.4978785        0.4783085        0.3866722
      5.5633294        0.4965998        0.3424457
      5.6287803        0.4027909        0.2862556
      5.6942313        0.2913764        0.2241078
      5.7596822        0.0726571        0.1618886
      5.8251331       -0.1389914        0.1045309
      5.8905841       -0.0525870        0.0554532
      5.9560350       -0.2615686        0.0163396
      6.0214859       -0.1434771       -0.0127492
      6.0869369       -0.2383833       -0.0330101
      6.1523878       -0.0783567       -0.0463926
      6.2178387       -0.1379633       -0.0550755
      6.2832897       -0.1499880       -0.0610231
      6.3487406       -0.1428448       -0.0656874
      6.4141915       -0.2074916       -0.0698832
      6.4796425       -0.0295811       -0.0738326

 Total S(Q)'s: Comparison with input data

   611  2 are NQ and NPAR

       Q      S(Q)_RMC  S(Q)_Expt
      0.4682470     -0.8115642     -0.7699752
      0.4982822     -0.9064564     -0.7512039
      0.5283159     -0.9961215     -0.7776161
      0.5583480     -1.0792106     -0.7485452
      0.5883784     -1.1544668     -0.7479022
      0.6184069     -1.2207445     -0.7226057
      0.6484336     -1.2770280     -0.7314147
      0.6784584     -1.3224480     -0.7147216
      0.7084810     -1.3562960     -0.7157328
      0.7385015     -1.3780367     -0.6774466
      0.7685198     -1.3873175     -0.6994172
      0.7985357     -1.3839751     -0.6643108
      0.8285491     -1.3680390     -0.6567675
      0.8585601     -1.3397324     -0.6290046
      0.8885684     -1.2994691     -0.6413747
      0.9185740     -1.2478474     -0.5996667
      0.9485769     -1.1856409     -0.5935253
      0.9785768     -1.1137862     -0.5459834
      1.0085738     -1.0333671     -0.5716081
      1.0385677     -0.9455969     -0.5201153
      1.0685584     -0.8517974     -0.4987397
      1.0985458     -0.7533765     -0.4429364
      1.1285300     -0.6518040     -0.4439706
      1.1585106     -0.5485856     -0.3775846
      1.1884878     -0.4452368     -0.3399739
      1.2184613     -0.3432567     -0.2583374
      1.2484312     -0.2441010     -0.2489920
      1.2783972     -0.1491573     -0.1750579
      1.3083593     -0.0597204     -0.1046360
      1.3383174      0.0230297     -0.0013325
      1.3682715      0.0980479      0.0149805
      1.3982214      0.1644413      0.1307315
      1.4281670      0.2214837      0.1897829
      1.4581083      0.2686260      0.2688160
      1.4880452      0.3055043      0.2510619
      1.5179775      0.3319427      0.3098464
      1.5479052      0.3479536      0.3096197
      1.5778281      0.3537338      0.3263737
      1.6077463      0.3496566      0.2833600
      1.6376596      0.3362606      0.2709785
      1.6675679      0.3142359      0.2300771
      1.6974711      0.2844061      0.2028755
      1.7273691      0.2477094      0.1259303
      1.7572618      0.2051764      0.1095103
      1.7871493      0.1579069      0.0763201
      1.8170312      0.1070458      0.0617040
      1.8469077      0.0537585     -0.0204835
      1.8767785     -0.0007941     -0.0564190
      1.9066436     -0.0554787     -0.0903869
      1.9365029     -0.1092130     -0.0889548
      1.9663562     -0.1609862     -0.1593252
      1.9962036     -0.2098781     -0.1609339
      2.0260449     -0.2550755     -0.1808695
      2.0558801     -0.2958854     -0.1824367
      2.0857090     -0.3317455     -0.2332609
      2.1155315     -0.3622316     -0.2178072
      2.1453476     -0.3870608     -0.2336002
      2.1751571     -0.4060927     -0.2122783
      2.2049601     -0.4193257     -0.2649585
      2.2347563     -0.4268917     -0.2463775
      2.2645457     -0.4290467     -0.2456150
      2.2943282     -0.4261597     -0.2161778
      2.3241037     -0.4186988     -0.2605423
      2.3538721     -0.4072156     -0.2323674
      2.3836334     -0.3923280     -0.2384480
      2.4133874     -0.3747030     -0.2006347
      2.4431340     -0.3550373     -0.2519154
      2.4728732     -0.3340394     -0.2157787
      2.5026049     -0.3124118     -0.2000566
      2.5323289     -0.2908334     -0.1657750
      2.5620453     -0.2699440     -0.2057802
      2.5917538     -0.2503300     -0.1526656
      2.6214544     -0.2325123     -0.1689183
      2.6511471     -0.2169359     -0.1265379
      2.6808317     -0.2039625     -0.1788612
      2.7105081     -0.1938651     -0.1524978
      2.7401762     -0.1868250     -0.1733918
      2.7698360     -0.1829319     -0.1465566
      2.7994874     -0.1821853     -0.2086717
      2.8291302     -0.1844995     -0.1839244
      2.8587645     -0.1897092     -0.1986426
      2.8883900     -0.1975778     -0.1776034
      2.9180067     -0.2078069     -0.2431953
      2.9476145     -0.2200467     -0.2250992
      2.9772134     -0.2339076     -0.2398208
      3.0068031     -0.2489719     -0.2107392
      3.0363838     -0.2648058     -0.2675308
      3.0659551     -0.2809711     -0.2503076
      3.0955172     -0.2970365     -0.2600787
      3.1250698     -0.3125878     -0.2382771
      3.1546128     -0.3272371     -0.2969839
      3.1841463     -0.3406310     -0.2439136
      3.2136701     -0.3524571     -0.2649729
      3.2431841     -0.3624485     -0.2347659
      3.2726882     -0.3703879     -0.2795459
      3.3021823     -0.3761089     -0.2472697
      3.3316664     -0.3794960     -0.2559279
      3.3611403     -0.3804836     -0.2223917
      3.3906040     -0.3790529     -0.2620201
      3.4200574     -0.3752284     -0.2331627
      3.4495003     -0.3690725     -0.2264497
      3.4789327     -0.3606800     -0.2053282
      3.5083546     -0.3501716     -0.2296956
      3.5377657     -0.3376877     -0.2033037
      3.5671661     -0.3233811     -0.1931287
      3.5965556     -0.3074112     -0.1599359
      3.6259341     -0.2899372     -0.1822085
      3.6553016     -0.2711129     -0.1573160
      3.6846580     -0.2510819     -0.1426993
      3.7140032     -0.2299736     -0.1026739
      3.7433370     -0.2079002     -0.1363512
      3.7726594     -0.1849552     -0.0795210
      3.8019704     -0.1612121     -0.0845368
      3.8312697     -0.1367256     -0.0339036
      3.8605574     -0.1115320     -0.0704084
      3.8898333     -0.0856522     -0.0148071
      3.9190974     -0.0590947     -0.0043686
      3.9483496     -0.0318595      0.0536944
      3.9775897     -0.0039424      0.0200841
      4.0068177      0.0246599      0.0795929
      4.0360334      0.0539453      0.0991487
      4.0652369      0.0839009      0.1569054
      4.0944281      0.1144986      0.1136143
      4.1236067      0.1456905      0.1780884
      4.1527728      0.1774055      0.1998070
      4.1819262      0.2095459      0.2346283
      4.2110669      0.2419853      0.2153341
      4.2401947      0.2745674      0.2759647
      4.2693097      0.3071056      0.3217014
      4.2984116      0.3393841      0.3839175
      4.3275005      0.3711593      0.3583421
      4.3565761      0.4021628      0.4162069
      4.3856385      0.4321055      0.4241567
      4.4146876      0.4606819      0.4677961
      4.4437232      0.4875756      0.4466071
      4.4727452      0.5124656      0.4868558
      4.5017536      0.5350325      0.4884779
      4.5307483      0.5549655      0.5361358
      4.5597293      0.5719693      0.4697651
      4.5886963      0.5857705      0.5222799
      4.6176493      0.5961249      0.5165957
      4.6465883      0.6028229      0.5589760
      4.6755131      0.6056954      0.4959429
      4.7044237      0.6046184      0.5341805
      4.7333199      0.5995171      0.5207710
      4.7622018      0.5903682      0.5584187
      4.7910691      0.5772024      0.4864420
      4.8199218      0.5601046      0.5015991
      4.8487599      0.5392138      0.5045442
      4.8775831      0.5147211      0.5307815
      4.9063916      0.4868674      0.4350022
      4.9351850      0.4559395      0.4533535
      4.9639635      0.4222654      0.4254474
      4.9927268      0.3862088      0.4452809
      5.0214749      0.3481628      0.3502990
      5.0502077      0.3085433      0.3594051
      5.0789252      0.2677815      0.3053096
      5.1076271      0.2263169      0.2826727
      5.1363135      0.1845892      0.1955476
      5.1649843      0.1430311      0.1964508
      5.1936393      0.1020615      0.1526746
      5.2222785      0.0620781      0.1454055
      5.2509018      0.0234515      0.0786634
      5.2795091     -0.0134804      0.0607535
      5.3081003     -0.0484173      0.0159435
      5.3366753     -0.0811002      0.0115535
      5.3652341     -0.1113146     -0.0545610
      5.3937766     -0.1388925     -0.0674545
      5.4223026     -0.1637134     -0.0862823
      5.4508121     -0.1857045     -0.0848506
      5.4793050     -0.2048396     -0.1579321
      5.5077812     -0.2211376     -0.1398491
      5.5362406     -0.2346598     -0.1651469
      5.5646832     -0.2455067     -0.1482218
      5.5931088     -0.2538136     -0.2147615
      5.6215173     -0.2597466     -0.1828871
      5.6499088     -0.2634974     -0.2131788
      5.6782830     -0.2652782     -0.1813739
      5.7066400     -0.2653161     -0.2375615
      5.7349795     -0.2638480     -0.2024283
      5.7633016     -0.2611148     -0.2084507
      5.7916061     -0.2573566     -0.1853407
      5.8198930     -0.2528078     -0.2373454
      5.8481622     -0.2476923     -0.2037721
      5.8764135     -0.2422198     -0.2218013
      5.9046470     -0.2365822     -0.1863651
      5.9328624     -0.2309506     -0.2338654
      5.9610598     -0.2254731     -0.2141775
      5.9892391     -0.2202731     -0.2137745
      6.0174000     -0.2154484     -0.1781375
      6.0455427     -0.2110705     -0.2220080
      6.0736669     -0.2071852     -0.1901750
      6.1017727     -0.2038132     -0.1943931
      6.1298598     -0.2009513     -0.1707440
      6.1579283     -0.1985746     -0.2057523
      6.1859780     -0.1966379     -0.1842911
      6.2140089     -0.1950791     -0.1952056
      6.2420208     -0.1938212     -0.1633988
      6.2700138     -0.1927758     -0.2120572
      6.2979876     -0.1918456     -0.1781829
      6.3259422     -0.1909279     -0.1854693
      6.3538776     -0.1899175     -0.1491140
      6.3817936     -0.1887095     -0.2019155
      6.4096902     -0.1872021     -0.1697376
      6.4375673     -0.1852993     -0.1808012
      6.4654247     -0.1829129     -0.1490358
      6.4932625     -0.1799647     -0.1996352
      6.5210805     -0.1763881     -0.1741444
      6.5488786     -0.1721293     -0.1725130
      6.5766567     -0.1671484     -0.1498781
      6.6044148     -0.1614201     -0.1864327
      6.6321529     -0.1549336     -0.1510357
      6.6598707     -0.1476930     -0.1470681
      6.6875682     -0.1397166     -0.1100143
      6.7152453     -0.1310362     -0.1475875
      6.7429020     -0.1216966     -0.1033256
      6.7705382     -0.1117541     -0.1132110
      6.7981537     -0.1012752     -0.0681282
      6.8257485     -0.0903352     -0.1000884
      6.8533225     -0.0790168     -0.0565495
      6.8808757     -0.0674079     -0.0695545
      6.9084079     -0.0556009     -0.0291856
      6.9359190     -0.0436897     -0.0619468
      6.9634090     -0.0317694     -0.0128564
      6.9908778     -0.0199337     -0.0070749
      7.0183253     -0.0082740      0.0227577
      7.0457515      0.0031223      0.0019444
      7.0731561      0.0141728      0.0311288
      7.1005393      0.0248014      0.0456406
      7.1279008      0.0349391      0.0784234
      7.1552405      0.0445249      0.0595752
      7.1825585      0.0535060      0.0992671
      7.2098546      0.0618390      0.0905428
      7.2371288      0.0694893      0.1280243
      7.2643809      0.0764317      0.0942495
      7.2916108      0.0826504      0.1352893
      7.3188186      0.0881384      0.1330382
      7.3460040      0.0928975      0.1629367
      7.3731671      0.0969378      0.1347226
      7.4003078      0.1002770      0.1638760
      7.4274258      0.1029398      0.1562144
      7.4545213      0.1049575      0.1884502
      7.4815940      0.1063668      0.1428093
      7.5086440      0.1072093      0.1667605
      7.5356711      0.1075303      0.1668800
      7.5626752      0.1073785      0.1878283
      7.5896563      0.1068047      0.1583442
      7.6166143      0.1058611      0.1676214
      7.6435491      0.1046005      0.1716204
      7.6704605      0.1030757      0.1804694
      7.6973487      0.1013385      0.1222078
      7.7242133      0.0994391      0.1541853
      7.7510545      0.0974255      0.1355085
      7.7778720      0.0953432      0.1611612
      7.8046659      0.0932342      0.1057042
      7.8314359      0.0911370      0.1352273
      7.8581822      0.0890861      0.1257847
      7.8849044      0.0871118      0.1464195
      7.9116027      0.0852399      0.0960401
      7.9382768      0.0834917      0.1304285
      7.9649268      0.0818837      0.1296466
      7.9915525      0.0804280      0.1467846
      8.0181539      0.0791323      0.1004286
      8.0447308      0.0779995      0.1244609
      8.0712833      0.0770287      0.1178442
      8.0978111      0.0762150      0.1384789
      8.1243143      0.0755498      0.0943920
      8.1507928      0.0750211      0.1205592
      8.1772464      0.0746142      0.1159162
      8.2036751      0.0743116      0.1389549
      8.2300788      0.0740938      0.0969284
      8.2564574      0.0739395      0.1183564
      8.2828109      0.0738262      0.1101236
      8.3091392      0.0737305      0.1335242
      8.3354421      0.0736285      0.0837756
      8.3617197      0.0734962      0.1183265
      8.3879717      0.0733100      0.1114339
      8.4141983      0.0730470      0.1374378
      8.4403992      0.0726854      0.0962901
      8.4665744      0.0722046      0.1163753
      8.4927238      0.0715856      0.1131560
      8.5188473      0.0708113      0.1409428
      8.5449449      0.0698668      0.0923159
      8.5710164      0.0687390      0.1205115
      8.5970619      0.0674173      0.1099220
      8.6230811      0.0658934      0.1392810
      8.6490741      0.0641615      0.0901965
      8.6750407      0.0622179      0.1053304
      8.7009810      0.0600615      0.0946396
      8.7268947      0.0576934      0.1088313
      8.7527818      0.0551168      0.0720045
      8.7786422      0.0523369      0.0945303
      8.8044760      0.0493608      0.0872163
      8.8302829      0.0461973      0.1039812
      8.8560629      0.0428569      0.0518740
      8.8818159      0.0393513      0.0773323
      8.9075419      0.0356934      0.0583187
      8.9332407      0.0318970      0.0803841
      8.9589123      0.0279769      0.0245874
      8.9845567      0.0239484      0.0569583
      9.0101736      0.0198272      0.0425509
      9.0357631      0.0156295      0.0611396
      9.0613251      0.0113713      0.0039291
      9.0868595      0.0070689      0.0409041
      9.1123662      0.0027386      0.0189721
      9.1378452     -0.0016038      0.0305883
      9.1632963     -0.0059425     -0.0125685
      9.1887195     -0.0102621      0.0028924
      9.2141147     -0.0145475     -0.0080759
      9.2394819     -0.0187843      0.0051571
      9.2648209     -0.0229581     -0.0492330
      9.2901317     -0.0270554     -0.0237393
      9.3154141     -0.0310627     -0.0364760
      9.3406683     -0.0349675     -0.0162689
      9.3658939     -0.0387573     -0.0671021
      9.3910910     -0.0424204     -0.0501514
      9.4162595     -0.0459456     -0.0621330
      9.4413994     -0.0493220     -0.0464243
      9.4665104     -0.0525395     -0.0976981
      9.4915927     -0.0555884     -0.0745345
      9.5166460     -0.0584596     -0.0887086
      9.5416703     -0.0611447     -0.0614520
      9.5666656     -0.0636359     -0.1092127
      9.5916317     -0.0659262     -0.0849882
      9.6165686     -0.0680093     -0.1005016
      9.6414762     -0.0698799     -0.0747782
      9.6663545     -0.0715334     -0.1249907
      9.6912033     -0.0729665     -0.1003183
      9.7160225     -0.0741766     -0.1075095
      9.7408122     -0.0751625     -0.0763706
      9.7655722     -0.0759239     -0.1209356
      9.7903025     -0.0764620     -0.1033118
      9.8150029     -0.0767790     -0.1142765
      9.8396735     -0.0768786     -0.0833082
      9.8643140     -0.0767656     -0.1299526
      9.8889245     -0.0764461     -0.1051634
      9.9135049     -0.0759276     -0.1084825
      9.9380551     -0.0752188     -0.0908729
      9.9625751     -0.0743294     -0.1233916
      9.9870646     -0.0732703     -0.1027102
     10.0115238     -0.0720533     -0.1091483
     10.0359524     -0.0706912     -0.0780904
     10.0603505     -0.0691973     -0.1216209
     10.0847180     -0.0675857     -0.0941819
     10.1090547     -0.0658708     -0.1024963
     10.1333606     -0.0640673     -0.0727463
     10.1576357     -0.0621898     -0.1104841
     10.1818798     -0.0602529     -0.0880769
     10.2060929     -0.0582710     -0.0915982
     10.2302749     -0.0562578     -0.0692220
     10.2544257     -0.0542264     -0.1000592
     10.2785453     -0.0521891     -0.0727705
     10.3026336     -0.0501570     -0.0807886
     10.3266906     -0.0481404     -0.0662261
     10.3507160     -0.0461479     -0.0947334
     10.3747099     -0.0441871     -0.0707003
     10.3986723     -0.0422640     -0.0827229
     10.4226029     -0.0403829     -0.0455446
     10.4465018     -0.0385469     -0.0904323
     10.4703689     -0.0367573     -0.0622747
     10.4942041     -0.0350140     -0.0638154
     10.5180073     -0.0333153     -0.0378601
     10.5417785     -0.0316583     -0.0831137
     10.5655175     -0.0300386     -0.0467375
     10.5892244     -0.0284507     -0.0522932
     10.6128990     -0.0268881     -0.0317878
     10.6365413     -0.0253436     -0.0660370
     10.6601512     -0.0238089     -0.0412972
     10.6837286     -0.0222757     -0.0438232
     10.7072735     -0.0207350     -0.0137314
     10.7307858     -0.0191780     -0.0524817
     10.7542654     -0.0175957     -0.0233423
     10.7777122     -0.0159799     -0.0291314
     10.8011262     -0.0143224     -0.0071583
     10.8245072     -0.0126160     -0.0411317
     10.8478553     -0.0108543     -0.0122368
     10.8711704     -0.0090319     -0.0220338
     10.8944524     -0.0071446      0.0203147
     10.9177011     -0.0051894     -0.0192722
     10.9409166     -0.0031648      0.0094121
     10.9640988     -0.0010707      0.0043648
     10.9872476      0.0010917      0.0351229
     11.0103629      0.0033196     -0.0004348
     11.0334447      0.0056086      0.0310756
     11.0564928      0.0079530      0.0261123
     11.0795073      0.0103457      0.0535481
     11.1024880      0.0127784      0.0197212
     11.1254349      0.0152415      0.0398258
     11.1483479      0.0177244      0.0474167
     11.1712270      0.0202156      0.0820478
     11.1940720      0.0227028      0.0339432
     11.2168830      0.0251734      0.0757630
     11.2396597      0.0276140      0.0668733
     11.2624023      0.0300113      0.0980773
     11.2851105      0.0323519      0.0572473
     11.3077843      0.0346225      0.0924685
     11.3304237      0.0368104      0.0839687
     11.3530286      0.0389031      0.1100642
     11.3755989      0.0408890      0.0719627
     11.3981345      0.0427573      0.1038929
     11.4206355      0.0444980      0.0999843
     11.4431016      0.0461026      0.1306958
     11.4655329      0.0475633      0.0920135
     11.4879292      0.0488739      0.1216472
     11.5102906      0.0500293      0.1109579
     11.5326169      0.0510261      0.1397095
     11.5549080      0.0518618      0.0986786
     11.5771640      0.0525357      0.1223303
     11.5993847      0.0530482      0.1276011
     11.6215701      0.0534009      0.1517772
     11.6437200      0.0535970      0.1229020
     11.6658345      0.0536404      0.1388748
     11.6879135      0.0535364      0.1235912
     11.7099568      0.0532910      0.1559345
     11.7319645      0.0529112      0.1100929
     11.7539365      0.0524047      0.1307940
     11.7758726      0.0517795      0.1210792
     11.7977729      0.0510444      0.1415091
     11.8196372      0.0502082      0.1116362
     11.8414656      0.0492801      0.1313003
     11.8632578      0.0482692      0.1229999
     11.8850139      0.0471844      0.1486666
     11.9067339      0.0460346      0.0860005
     11.9284175      0.0448284      0.1215939
     11.9500648      0.0435737      0.1122040
     11.9716757      0.0422783      0.1371002
     11.9932502      0.0409492      0.0751675
     12.0147881      0.0395928      0.1067319
     12.0362894      0.0382149      0.0933725
     12.0577540      0.0368206      0.1198158
     12.0791820      0.0354143      0.0730580
     12.1005731      0.0339997      0.0909139
     12.1219273      0.0325799      0.0836035
     12.1432447      0.0311572      0.1025276
     12.1645250      0.0297333      0.0529942
     12.1857683      0.0283096      0.0734332
     12.2069745      0.0268866      0.0615541
     12.2281434      0.0254646      0.0940194
     12.2492752      0.0240435      0.0279775
     12.2703696      0.0226229      0.0576542
     12.2914266      0.0212021      0.0334713
     12.3124462      0.0197804      0.0649801
     12.3334283      0.0183569      0.0189207
     12.3543729      0.0169308      0.0402333
     12.3752798      0.0155013      0.0213907
     12.3961490      0.0140678      0.0448514
     12.4169804      0.0126299      0.0039411
     12.4377740      0.0111876      0.0182862
     12.4585297      0.0097410      0.0156210
     12.4792475      0.0082906      0.0261186
     12.4999273      0.0068374     -0.0126592
     12.5205689      0.0053827      0.0078765
     12.5411725      0.0039282     -0.0008774
     12.5617378      0.0024759      0.0149304
     12.5822649      0.0010286     -0.0378750
     12.6027536     -0.0004111     -0.0112673
     12.6232040     -0.0018398     -0.0263268
     12.6436159     -0.0032540     -0.0044758
     12.6639893     -0.0046498     -0.0401354
     12.6843241     -0.0060233     -0.0259412
     12.7046203     -0.0073701     -0.0413019
     12.7248777     -0.0086860     -0.0163181
     12.7450964     -0.0099666     -0.0611702
     12.7652763     -0.0112074     -0.0393261
     12.7854173     -0.0124042     -0.0506631
     12.8055194     -0.0135528     -0.0322402
     12.8255824     -0.0146492     -0.0587402
     12.8456064     -0.0156897     -0.0561077
     12.8655912     -0.0166709     -0.0565613
     12.8855369     -0.0175897     -0.0287422
     12.9054433     -0.0184433     -0.0681212
     12.9253104     -0.0192297     -0.0465826
     12.9451381     -0.0199469     -0.0707125
     12.9649264     -0.0205939     -0.0559600
     12.9846752     -0.0211698     -0.0835698
     13.0043844     -0.0216744     -0.0645840
     13.0240541     -0.0221080     -0.0776724
     13.0436840     -0.0224715     -0.0539649
     13.0632742     -0.0227663     -0.0868335
     13.0828247     -0.0229942     -0.0749612
     13.1023352     -0.0231576     -0.0757596
     13.1218059     -0.0232591     -0.0738871
     13.1412366     -0.0233022     -0.0946121
     13.1606273     -0.0232901     -0.0783312
     13.1799778     -0.0232270     -0.0836937
     13.1992882     -0.0231168     -0.0688412
     13.2185585     -0.0229639     -0.0953639
     13.2377884     -0.0227729     -0.0847163
     13.2569780     -0.0225483     -0.0823803
     13.2761273     -0.0222949     -0.0585981
     13.2952361     -0.0220173     -0.0946509
     13.3143044     -0.0217200     -0.0875365
     13.3333321     -0.0214076     -0.0891624
     13.3523192     -0.0210844     -0.0660234
     13.3712657     -0.0207545     -0.1027513
     13.3901714     -0.0204217     -0.0884316
     13.4090364     -0.0200896     -0.0915958
     13.4278604     -0.0197613     -0.0661707
     13.4466436     -0.0194399     -0.1133110
     13.4653858     -0.0191277     -0.0897644
     13.4840871     -0.0188268     -0.0895572
     13.5027472     -0.0185389     -0.0665285
     13.5213662     -0.0182653     -0.1049642
     13.5399440     -0.0180067     -0.0827346
     13.5584806     -0.0177637     -0.0871850
     13.5769758     -0.0175361     -0.0678883
     13.5954297     -0.0173237     -0.1131565
     13.6138422     -0.0171257     -0.0856257
     13.6322132     -0.0169409     -0.0858510
     13.6505427     -0.0167681     -0.0546810
     13.6688306     -0.0166054     -0.1007081
     13.6870769     -0.0164509     -0.0631822
     13.7052815     -0.0163025     -0.0832704
     13.7234443     -0.0161579     -0.0552381
     13.7415654     -0.0160144     -0.0949793
     13.7596445     -0.0158696     -0.0781467
     13.7776818     -0.0157209     -0.0711366
     13.7956771     -0.0155655     -0.0462408
     13.8136303     -0.0154009     -0.0894254
     13.8315415     -0.0152245     -0.0576951
     13.8494106     -0.0150339     -0.0664904
     13.8672374     -0.0148268     -0.0389516
     13.8850221     -0.0146010     -0.0850102
     13.9027644     -0.0143546     -0.0580784
     13.9204644     -0.0140858     -0.0581970
     13.9381219     -0.0137933     -0.0264822
     13.9557370     -0.0134758     -0.0763834
     13.9733096     -0.0131324     -0.0538467
     13.9908397     -0.0127625     -0.0549995
     14.0083271     -0.0123657     -0.0241440
     14.0257718     -0.0119421     -0.0623599
     14.0431739     -0.0114919     -0.0311415
     14.0605331     -0.0110157     -0.0432820
     14.0778495     -0.0105145     -0.0208608
     14.0951231     -0.0099894     -0.0698077
     14.1123536     -0.0094418     -0.0309346
     14.1295412     -0.0088735     -0.0357148
     14.1466858     -0.0082864     -0.0092695
     14.1637873     -0.0076826     -0.0548463
     14.1808456     -0.0070645     -0.0292798
     14.1978607     -0.0064345     -0.0333251
     14.2148326     -0.0057954     -0.0003316
     14.2317612     -0.0051498     -0.0521704
     14.2486464     -0.0045006     -0.0248296
     14.2654882     -0.0038507     -0.0261495
     14.2822866     -0.0032029     -0.0085659
     14.2990415     -0.0025602     -0.0357561
     14.3157528     -0.0019254     -0.0226550
     14.3324204     -0.0013013     -0.0172615
     14.3490445     -0.0006907      0.0081804
     14.3656248     -0.0000961     -0.0242527
     14.3821614      0.0004800     -0.0094912
     14.3986541      0.0010352     -0.0177611
     14.4151030      0.0015675      0.0153973
     14.4315080      0.0020749     -0.0429127
     14.4478690      0.0025556     -0.0133447
     14.4641860      0.0030082     -0.0178403
     14.4804590      0.0034313      0.0138411
     14.4966878      0.0038239     -0.0387742
     14.5128725      0.0041851      0.0003188
     14.5290130      0.0045144     -0.0114651
     14.5451092      0.0048115      0.0134874
     14.5611611      0.0050761     -0.0372431
     14.5771686      0.0053086     -0.0026770
     14.5931318      0.0055093     -0.0082286
     14.6090505      0.0056787      0.0301978
     14.6249247      0.0058177     -0.0264030
     14.6407543      0.0059273     -0.0050408
     14.6565394      0.0060086     -0.0058011
     14.6722798      0.0060631      0.0267550
     14.6879755      0.0060923     -0.0335917
     14.7036264      0.0060978      0.0090432
     14.7192326      0.0060814      0.0003014
     14.7347939      0.0060451      0.0239541
     14.7503104      0.0059907     -0.0344487
     14.7657819      0.0059204      0.0062011
     14.7812084      0.0058362      0.0000615
     14.7965899      0.0057402      0.0227050
     14.8119264      0.0056346     -0.0221526
     14.8272177      0.0055215     -0.0008275
     14.8424639      0.0054030      0.0003693
     14.8576648      0.0052811      0.0321084
     14.8728205      0.0051579     -0.0311681
     14.8879309      0.0050353      0.0081931
     14.9029959      0.0049151     -0.0085884
     14.9180155      0.0047991      0.0321499
     14.9329897      0.0046890     -0.0219653
     14.9479184      0.0045862      0.0046575
     14.9628016      0.0044922     -0.0008671
     14.9776391      0.0044082      0.0337774
     14.9924311      0.0043354     -0.0276512
     15.0071774      0.0042747      0.0200176
     15.0218780      0.0042270      0.0038014
     15.0365328      0.0041929      0.0211348
     15.0511418      0.0041730     -0.0162421
     15.0657049      0.0041677      0.0132697
     15.0802222      0.0041773     -0.0027472
     15.0946935      0.0042017      0.0212448
     15.1091189      0.0042410     -0.0264340
     15.1234982      0.0042950      0.0023998
     15.1378315      0.0043634     -0.0076924
     15.1521186      0.0044456      0.0082054
     15.1663596      0.0045412     -0.0281397
     15.1805544      0.0046495     -0.0099441
     15.1947030      0.0047698     -0.0180615
     15.2088052      0.0049011      0.0082825
     15.2228612      0.0050425     -0.0279432
     15.2368707      0.0051930     -0.0077031
     15.2508339      0.0053515     -0.0075575
     15.2647506      0.0055169      0.0042844
     15.2786207      0.0056880     -0.0091783
