 Results from RMCProfile version 6.7.9.5

 (Version 6f format configuration file)                                          

 2 experiments   3 partials

 Partial g(r)'s are printed out below

    99  3 are NR and NPAR

   r (Ang)
   0.06545     0.00000     0.00000     0.00000
   0.13090     0.00000     0.00000     0.00000
   0.19635     0.00000     0.00000     0.00000
   0.26180     0.00000     0.00000     0.00000
   0.32725     0.00000     0.00000     0.00000
   0.39271     0.00000     0.00000     0.00000
   0.45816     0.00000     0.00000     0.00000
   0.52361     0.00000     0.00000     0.00000
   0.58906     0.00000     0.00000     0.00000
   0.65451     0.00000     0.00000     0.00000
   0.71996     0.00000     0.00000     0.00000
   0.78541     0.00000     0.00000     0.00000
   0.85086     0.00000     0.00000     0.00000
   0.91631     0.00000     0.00000     0.00000
   0.98176     0.00000     0.00000     0.31614
   1.04721     0.00000     0.00000     0.00000
   1.11267     0.00000     0.00000     0.00000
   1.17812     0.00000     0.00000     0.00000
   1.24357     0.00000     0.00000     0.59120
   1.30902     0.00000     0.35571     0.71143
   1.37447     0.00000     0.96794     0.80662
   1.43992     0.00000     1.61693     1.02896
   1.50537     0.53797     1.88289     1.61390
   1.57082     0.00000     2.84094     1.23519
   1.63627     0.00000     3.41510     1.47988
   1.70172     0.00000     3.36798     1.68399
   1.76718     0.39039     3.41594     1.07358
   1.83263     0.36301     2.17806     2.26881
   1.89808     0.00000     2.79187     1.09983
   1.96353     0.00000     1.97641     0.86962
   2.02898     0.00000     1.33270     0.59231
   2.09443     0.00000     0.90329     0.55587
   2.15988     0.00000     0.39202     0.45736
   2.22533     0.00000     0.36930     0.18465
   2.29078     0.00000     0.17425     0.29042
   2.35623     0.21961     0.27451     0.16471
   2.42168     0.00000     0.36382     0.46777
   2.48714     0.19710     0.24638     0.49275
   2.55259     0.93561     0.42103     0.56137
   2.61804     0.17788     0.62259     0.84495
   2.68349     0.50794     0.76191     0.88889
   2.74894     1.93616     0.52438     0.92775
   2.81439     1.53930     0.80813     1.03903
   2.87984     0.73507     1.10260     1.21286
   2.94529     1.40552     1.05414     1.37038
   3.01074     2.01762     0.84067     1.17694
   3.07619     1.54614     0.93413     1.38508
   3.14164     1.23533     0.80296     1.32798
   3.20710     1.18542     1.18542     0.94834
   3.27255     1.02463     1.02463     1.05309
   3.33800     1.09427     1.01220     0.90278
   3.40345     1.05259     0.92102     0.86839
   3.46890     0.60795     1.01325     1.01325
   3.53435     1.17128     0.82966     0.65885
   3.59980     0.84681     0.72920     1.03499
   3.66525     0.45380     0.70339     1.20256
   3.73070     0.96363     0.74463     0.87603
   3.79615     1.35373     0.90954     0.80378
   3.86161     0.65412     0.77676     0.77676
   3.92706     0.79062     0.83015     0.88945
   3.99251     0.76491     0.97526     0.74579
   4.05796     1.33278     1.14767     0.87001
   4.12341     0.93225     1.09360     1.00396
   4.18886     0.97283     1.26816     0.81649
   4.25431     1.41470     1.11155     1.14523
   4.31976     1.17613     1.24147     1.11079
   4.38521     1.45831     1.04618     0.98277
   4.45066     0.73864     1.21569     1.06180
   4.51611     0.53804     1.31522     1.09103
   4.58157     1.21982     1.32147     0.76965
   4.64702     1.35509     1.11512     1.04455
   4.71247     1.15299     0.97455     1.01573
   4.77792     1.33526     1.13498     0.98810
   4.84337     1.19547     0.93558     1.01355
   4.90882     1.11320     0.97405     1.02465
   4.97427     1.18265     0.78844     1.34280
   5.03972     0.96011     1.00812     0.98412
   5.10517     0.84209     0.91226     1.05261
   5.17062     1.41378     0.96912     1.04893
   5.23607     1.33418     1.16741     0.93393
   5.30153     1.17130     0.78087     1.11707
   5.36698     1.43922     1.06883     0.93126
   5.43243     0.90895     1.00191     1.16718
   5.49788     0.76643     1.00845     1.03871
   5.56333     1.33942     0.92577     0.99471
   5.62878     1.23148     1.04868     0.87551
   5.69423     1.01531     0.95891     1.00591
   5.75968     1.17614     0.91886     0.94643
   5.82513     1.04206     0.99714     1.13189
   5.89058     0.63250     1.04539     1.12445
   5.95604     0.79053     0.91943     0.94520
   6.02149     0.77344     1.01724     0.97521
   6.08694     0.59236     1.06130     1.06130
   6.15239     0.57982     1.03079     1.10327
   6.21784     0.72536     1.03286     1.04074
   6.28329     0.71033     1.07322     0.94196
   6.34874     0.81676     1.02095     0.96802
   6.41419     0.59273     1.03727     0.99282
   6.47964     0.72602     0.97286     0.92204

 Partial S(Q)'s are printed out below

   611  3 are NQ and NPAR

      Q          S(Q)_1      S(Q)_2      S(Q)_3
  0.4682470    -2.5627996     0.0022800    -1.2941002
  0.4982822    -2.3783501    -0.0232034    -1.3020222
  0.5283159    -2.2259782    -0.0450494    -1.3058820
  0.5583480    -2.1075976    -0.0628335    -1.3052496
  0.5883784    -2.0240803    -0.0762165    -1.2997631
  0.6184069    -1.9752470    -0.0849492    -1.2891375
  0.6484336    -1.9598876    -0.0888759    -1.2731705
  0.6784584    -1.9758125    -0.0879350    -1.2517485
  0.7084810    -2.0199306    -0.0821576    -1.2248497
  0.7385015    -2.0883538    -0.0716643    -1.1925459
  0.7685198    -2.1765231    -0.0566602    -1.1550028
  0.7985357    -2.2793525    -0.0374279    -1.1124782
  0.8285491    -2.3913872    -0.0143195    -1.0653180
  0.8585601    -2.5069699     0.0122525    -1.0139510
  0.8885684    -2.6204119     0.0418258    -0.9588820
  0.9185740    -2.7261617     0.0738988    -0.9006827
  0.9485769    -2.8189682     0.1079410    -0.8399819
  0.9785768    -2.8940322     0.1434049    -0.7774541
  1.0085738    -2.9471432     0.1797355    -0.7138069
  1.0385677    -2.9747957     0.2163811    -0.6497682
  1.0685584    -2.9742844     0.2528021    -0.5860725
  1.0985458    -2.9437730     0.2884793    -0.5234468
  1.1285300    -2.8823375     0.3229211    -0.4625971
  1.1585106    -2.7899806     0.3556693    -0.4041953
  1.1884878    -2.6676190     0.3863037    -0.3488656
  1.2184613    -2.5170440     0.4144454    -0.2971737
  1.2484312    -2.3408562     0.4397589    -0.2496157
  1.2783972    -2.1423774     0.4619529    -0.2066091
  1.3083593    -1.9255426     0.4807803    -0.1684854
  1.3383174    -1.6947752     0.4960365    -0.1354843
  1.3682715    -1.4548501     0.5075580    -0.1077504
  1.3982214    -1.2107481     0.5152195    -0.0853313
  1.4281670    -0.9675076     0.5189309    -0.0681780
  1.4581083    -0.7300760     0.5186342    -0.0561476
  1.4880452    -0.5031672     0.5143001    -0.0490080
  1.5179775    -0.2911283     0.5059250    -0.0464439
  1.5479052    -0.0978199     0.4935277    -0.0480653
  1.5778281     0.0734868     0.4771476    -0.0534173
  1.6077463     0.2201940     0.4568421    -0.0619911
  1.6376596     0.3404389     0.4326856    -0.0732359
  1.6675679     0.4331320     0.4047688    -0.0865724
  1.6974711     0.4979721     0.3731983    -0.1014053
  1.7273691     0.5354372     0.3380974    -0.1171377
  1.7572618     0.5467515     0.2996070    -0.1331837
  1.7871493     0.5338317     0.2578871    -0.1489818
  1.8170312     0.4992131     0.2131186    -0.1640063
  1.8469077     0.4459585     0.1655052    -0.1777787
  1.8767785     0.3775535     0.1152755    -0.1898774
  1.9066436     0.2977911     0.0626849    -0.1999455
  1.9365029     0.2106497     0.0080171    -0.2076971
  1.9663562     0.1201680    -0.0484149    -0.2129224
  1.9962036     0.0303211    -0.1062683    -0.2154899
  2.0260449    -0.0550986    -0.1651704    -0.2153472
  2.0558801    -0.1325926    -0.2247203    -0.2125198
  2.0857090    -0.1990557    -0.2844906    -0.2071080
  2.1155315    -0.2518612    -0.3440304    -0.1992824
  2.1453476    -0.2889292    -0.4028698    -0.1892770
  2.1751571    -0.3087774    -0.4605243    -0.1773819
  2.2049601    -0.3105516    -0.5165011    -0.1639339
  2.2347563    -0.2940366    -0.5703058    -0.1493073
  2.2645457    -0.2596470    -0.6214499    -0.1339030
  2.2943282    -0.2083994    -0.6694586    -0.1181375
  2.3241037    -0.1418663    -0.7138792    -0.1024328
  2.3538721    -0.0621138    -0.7542893    -0.0872049
  2.3836334     0.0283738    -0.7903057    -0.0728540
  2.4133874     0.1267811    -0.8215915    -0.0597550
  2.4431340     0.2300566    -0.8478644    -0.0482489
  2.4728732     0.3350126    -0.8689029    -0.0386355
  2.5026049     0.4384276    -0.8845520    -0.0311670
  2.5323289     0.5371465    -0.8947275    -0.0260435
  2.5620453     0.6281774    -0.8994197    -0.0234096
  2.5917538     0.7087801    -0.8986943    -0.0233527
  2.6214544     0.7765457    -0.8926929    -0.0259023
  2.6511471     0.8294637    -0.8816315    -0.0310317
  2.6808317     0.8659755    -0.8657968    -0.0386599
  2.7105081     0.8850128    -0.8455422    -0.0486557
  2.7401762     0.8860201    -0.8212806    -0.0608420
  2.7698360     0.8689608    -0.7934774    -0.0750015
  2.7994874     0.8343079    -0.7626412    -0.0908833
  2.8291302     0.7830188    -0.7293139    -0.1082092
  2.8587645     0.7164962    -0.6940599    -0.1266811
  2.8883900     0.6365371    -0.6574547    -0.1459881
  2.9180067     0.5452701    -0.6200734    -0.1658134
  2.9476145     0.4450848    -0.5824787    -0.1858413
  2.9772134     0.3385559    -0.5452098    -0.2057631
  3.0068031     0.2283622    -0.5087717    -0.2252830
  3.0363838     0.1172065    -0.4736246    -0.2441231
  3.0659551     0.0077355    -0.4401754    -0.2620272
  3.0955172    -0.0975353    -0.4087698    -0.2787645
  3.1250698    -0.1962907    -0.3796859    -0.2941317
  3.1546128    -0.2864769    -0.3531300    -0.3079543
  3.1841463    -0.3663529    -0.3292331    -0.3200875
  3.2136701    -0.4345303    -0.3080500    -0.3304159
  3.2431841    -0.4900013    -0.2895601    -0.3388527
  3.2726882    -0.5321545    -0.2736692    -0.3453379
  3.3021823    -0.5607777    -0.2602142    -0.3498363
  3.3316664    -0.5760483    -0.2489685    -0.3523353
  3.3611403    -0.5785122    -0.2396489    -0.3528419
  3.3906040    -0.5690524    -0.2319239    -0.3513798
  3.4200574    -0.5488475    -0.2254235    -0.3479870
  3.4495003    -0.5193232    -0.2197486    -0.3427125
  3.4789327    -0.4820976    -0.2144820    -0.3356141
  3.5083546    -0.4389222    -0.2091990    -0.3267560
  3.5377657    -0.3916214    -0.2034787    -0.3162071
  3.5671661    -0.3420315    -0.1969139    -0.3040394
  3.5965556    -0.2919415    -0.1891217    -0.2903266
  3.6259341    -0.2430382    -0.1797522    -0.2751444
  3.6553016    -0.1968560    -0.1684975    -0.2585695
  3.6846580    -0.1547334    -0.1550982    -0.2406802
  3.7140032    -0.1177783    -0.1393495    -0.2215569
  3.7433370    -0.0868406    -0.1211058    -0.2012832
  3.7726594    -0.0624957    -0.1002835    -0.1799464
  3.8019704    -0.0450363    -0.0768624    -0.1576392
  3.8312697    -0.0344751    -0.0508858    -0.1344608
  3.8605574    -0.0305550    -0.0224589    -0.1105177
  3.8898333    -0.0327695     0.0082539    -0.0859250
  3.9190974    -0.0403895     0.0410333    -0.0608068
  3.9483496    -0.0524974     0.0756107    -0.0352973
  3.9775897    -0.0680259     0.1116736    -0.0095397
  4.0068177    -0.0858009     0.1488734     0.0163129
  4.0360334    -0.1045865     0.1868330     0.0420991
  4.0652369    -0.1231311     0.2251542     0.0676504
  4.0944281    -0.1402119     0.2634265     0.0927922
  4.1236067    -0.1546782     0.3012352     0.1173467
  4.1527728    -0.1654907     0.3381689     0.1411348
  4.1819262    -0.1717560     0.3738278     0.1639787
  4.2110669    -0.1727554     0.4078304     0.1857053
  4.2401947    -0.1679673     0.4398196     0.2061488
  4.2693097    -0.1570828     0.4694689     0.2251538
  4.2984116    -0.1400132     0.4964866     0.2425787
  4.3275005    -0.1168908     0.5206198     0.2582981
  4.3565761    -0.0880623     0.5416570     0.2722056
  4.3856385    -0.0540749     0.5594300     0.2842160
  4.4146876    -0.0156567     0.5738149     0.2942672
  4.4437232     0.0263089     0.5847316     0.3023214
  4.4727452     0.0708125     0.5921433     0.3083659
  4.5017536     0.1167525     0.5960545     0.3124137
  4.5307483     0.1629703     0.5965088     0.3145023
  4.5597293     0.2082872     0.5935858     0.3146937
  4.5886963     0.2515408     0.5873977     0.3130719
  4.6176493     0.2916209     0.5780860     0.3097418
  4.6465883     0.3275020     0.5658168     0.3048255
  4.6755131     0.3582736     0.5507777     0.2984605
  4.7044237     0.3831657     0.5331729     0.2907954
  4.7333199     0.4015698     0.5132198     0.2819870
  4.7622018     0.4130542     0.4911455     0.2721963
  4.7910691     0.4173743     0.4671828     0.2615853
  4.8199218     0.4144757     0.4415674     0.2503126
  4.8487599     0.4044933     0.4145350     0.2385309
  4.8775831     0.3877431     0.3863193     0.2263831
  4.9063916     0.3647096     0.3571494     0.2140002
  4.9351850     0.3360287     0.3272487     0.2014987
  4.9639635     0.3024658     0.2968334     0.1889786
  4.9927268     0.2648912     0.2661115     0.1765226
  5.0214749     0.2242528     0.2352826     0.1641956
  5.0502077     0.1815478     0.2045367     0.1520438
  5.0789252     0.1377925     0.1740548     0.1400964
  5.1076271     0.0939941     0.1440085     0.1283656
  5.1363135     0.0511223     0.1145595     0.1168492
  5.1649843     0.0100838     0.0858605     0.1055320
  5.1936393    -0.0283013     0.0580544     0.0943882
  5.2222785    -0.0633193     0.0312747     0.0833848
  5.2509018    -0.0943786     0.0056449     0.0724837
  5.2795091    -0.1210222    -0.0187213     0.0616452
  5.3081003    -0.1429347    -0.0417207     0.0508308
  5.3366753    -0.1599455    -0.0632614     0.0400060
  5.3652341    -0.1720273    -0.0832627     0.0291433
  5.3937766    -0.1792908    -0.1016566     0.0182241
  5.4223026    -0.1819747    -0.1183881     0.0072410
  5.4508121    -0.1804330    -0.1334165    -0.0038009
  5.4793050    -0.1751189    -0.1467156    -0.0148827
  5.5077812    -0.1665664    -0.1582751    -0.0259713
  5.5362406    -0.1553705    -0.1681008    -0.0370197
  5.5646832    -0.1421658    -0.1762154    -0.0479669
  5.5931088    -0.1276052    -0.1826584    -0.0587400
  5.6215173    -0.1123387    -0.1874867    -0.0692549
  5.6499088    -0.0969934    -0.1907738    -0.0794188
  5.6782830    -0.0821543    -0.1926098    -0.0891327
  5.7066400    -0.0683485    -0.1930999    -0.0982939
  5.7349795    -0.0560305    -0.1923640    -0.1067990
  5.7633016    -0.0455712    -0.1905344    -0.1145470
  5.7916061    -0.0372497    -0.1877543    -0.1214424
  5.8198930    -0.0312487    -0.1841758    -0.1273984
  5.8481622    -0.0276521    -0.1799570    -0.1323391
  5.8764135    -0.0264474    -0.1752598    -0.1362028
  5.9046470    -0.0275298    -0.1702469    -0.1389439
  5.9328624    -0.0307093    -0.1650788    -0.1405349
  5.9610598    -0.0357214    -0.1599109    -0.1409672
  5.9892391    -0.0422381    -0.1548906    -0.1402526
  6.0174000    -0.0498817    -0.1501546    -0.1384233
  6.0455427    -0.0582395    -0.1458258    -0.1355314
  6.0736669    -0.0668789    -0.1420114    -0.1316483
  6.1017727    -0.0753627    -0.1388003    -0.1268635
  6.1298598    -0.0832646    -0.1362617    -0.1212819
  6.1579283    -0.0901826    -0.1344435    -0.1150225
  6.1859780    -0.0957529    -0.1333718    -0.1082150
  6.2140089    -0.0996604    -0.1330500    -0.1009970
  6.2420208    -0.1016489    -0.1334591    -0.0935106
  6.2700138    -0.1015280    -0.1345584    -0.0858993
  6.2979876    -0.0991783    -0.1362864    -0.0783043
  6.3259422    -0.0945541    -0.1385628    -0.0708613
  6.3538776    -0.0876838    -0.1412897    -0.0636973
  6.3817936    -0.0786672    -0.1443547    -0.0569275
  6.4096902    -0.0676723    -0.1476336    -0.0506527
  6.4375673    -0.0549281    -0.1509929    -0.0449573
  6.4654247    -0.0407172    -0.1542934    -0.0399071
  6.4932625    -0.0253660    -0.1573938    -0.0355482
  6.5210805    -0.0092347    -0.1601534    -0.0319063
  6.5488786     0.0072948    -0.1624361    -0.0289864
  6.5766567     0.0238298    -0.1641132    -0.0267732
  6.6044148     0.0399790    -0.1650669    -0.0252317
  6.6321529     0.0553639    -0.1651925    -0.0243091
  6.6598707     0.0696290    -0.1644014    -0.0239362
  6.6875682     0.0824524    -0.1626228    -0.0240297
  6.7152453     0.0935537    -0.1598055    -0.0244952
  6.7429020     0.1027014    -0.1559192    -0.0252297
  6.7705382     0.1097183    -0.1509547    -0.0261245
  6.7981537     0.1144852    -0.1449247    -0.0270689
  6.8257485     0.1169433    -0.1378627    -0.0279532
  6.8533225     0.1170938    -0.1298231    -0.0286714
  6.8808757     0.1149967    -0.1208790    -0.0291248
  6.9084079     0.1107677    -0.1111210    -0.0292243
  6.9359190     0.1045734    -0.1006550    -0.0288931
  6.9634090     0.0966255    -0.0895999    -0.0280684
  6.9908778     0.0871735    -0.0780845    -0.0267035
  7.0183253     0.0764969    -0.0662450    -0.0247687
  7.0457515     0.0648968    -0.0542222    -0.0222521
  7.0731561     0.0526870    -0.0421577    -0.0191600
  7.1005393     0.0401850    -0.0301916    -0.0155162
  7.1279008     0.0277036    -0.0184593    -0.0113619
  7.1552405     0.0155422    -0.0070888    -0.0067540
  7.1825585     0.0039795     0.0038019    -0.0017635
  7.2098546    -0.0067332     0.0141068     0.0035258
  7.2371288    -0.0163781     0.0237341     0.0090206
  7.2643809    -0.0247750     0.0326077     0.0146195
  7.2916108    -0.0317853     0.0406679     0.0202164
  7.3188186    -0.0373134     0.0478727     0.0257031
  7.3460040    -0.0413082     0.0541978     0.0309719
  7.3731671    -0.0437620     0.0596364     0.0359185
  7.4003078    -0.0447094     0.0641986     0.0404445
  7.4274258    -0.0442240     0.0679111     0.0444600
  7.4545213    -0.0424153     0.0708151     0.0478856
  7.4815940    -0.0394235     0.0729650     0.0506542
  7.5086440    -0.0354146     0.0744270     0.0527127
  7.5356711    -0.0305745     0.0752765     0.0540233
  7.5626752    -0.0251032     0.0755960     0.0545638
  7.5896563    -0.0192081     0.0754730     0.0543286
  7.6166143    -0.0130983     0.0749976     0.0533281
  7.6435491    -0.0069786     0.0742599     0.0515884
  7.6704605    -0.0010437     0.0733482     0.0491506
  7.6973487     0.0045264     0.0723466     0.0460699
  7.7242133     0.0095712     0.0713330     0.0424133
  7.7510545     0.0139530     0.0703777     0.0382588
  7.7778720     0.0175600     0.0695417     0.0336928
  7.8046659     0.0203079     0.0688757     0.0288084
  7.8314359     0.0221415     0.0684189     0.0237030
  7.8581822     0.0230346     0.0681987     0.0184761
  7.8849044     0.0229893     0.0682307     0.0132269
  7.9116027     0.0220352     0.0685183     0.0080525
  7.9382768     0.0202268     0.0690532     0.0030456
  7.9649268     0.0176408     0.0698163    -0.0017076
  7.9915525     0.0143735     0.0707785    -0.0061283
  8.0181539     0.0105366     0.0719018    -0.0101475
  8.0447308     0.0062537     0.0731407    -0.0137065
  8.0712833     0.0016562     0.0744435    -0.0167579
  8.0978111    -0.0031207     0.0757542    -0.0192662
  8.1243143    -0.0079419     0.0770142    -0.0212083
  8.1507928    -0.0126763     0.0781636    -0.0225729
  8.1772464    -0.0171999     0.0791431    -0.0233610
  8.2036751    -0.0213994     0.0798957    -0.0235843
  8.2300788    -0.0251743     0.0803682    -0.0232655
  8.2564574    -0.0284393     0.0805124    -0.0224363
  8.2828109    -0.0311259     0.0802864    -0.0211368
  8.3091392    -0.0331835     0.0796557    -0.0194140
  8.3354421    -0.0345795     0.0785940    -0.0173203
  8.3617197    -0.0352999     0.0770838    -0.0149120
  8.3879717    -0.0353481     0.0751167    -0.0122480
  8.4141983    -0.0347445     0.0726937    -0.0093883
  8.4403992    -0.0335244     0.0698248    -0.0063924
  8.4665744    -0.0317366     0.0665293    -0.0033182
  8.4927238    -0.0294416     0.0628345    -0.0002206
  8.5188473    -0.0267085     0.0587759     0.0028491
  8.5449449    -0.0236134     0.0543955     0.0058446
  8.5710164    -0.0202365     0.0497416     0.0087247
  8.5970619    -0.0166600     0.0448670     0.0114543
  8.6230811    -0.0129652     0.0398283     0.0140044
  8.6490741    -0.0092308     0.0346847     0.0163523
  8.6750407    -0.0055310     0.0294964     0.0184811
  8.7009810    -0.0019332     0.0243237     0.0203803
  8.7268947     0.0015027     0.0192257     0.0220446
  8.7527818     0.0047261     0.0142592     0.0234736
  8.7786422     0.0076960     0.0094775     0.0246712
  8.8044760     0.0103814     0.0049298     0.0256452
  8.8302829     0.0127619     0.0006602     0.0264056
  8.8560629     0.0148268    -0.0032932     0.0269649
  8.8818159     0.0165751    -0.0068982     0.0273366
  8.9075419     0.0180145    -0.0101295     0.0275344
  8.9332407     0.0191605    -0.0129684     0.0275721
  8.9589123     0.0200352    -0.0154035     0.0274623
  8.9845567     0.0206656    -0.0174299     0.0272159
  9.0101736     0.0210831    -0.0190493     0.0268423
  9.0357631     0.0213211    -0.0202698     0.0263482
  9.0613251     0.0214142    -0.0211052     0.0257380
  9.0868595     0.0213964    -0.0215745     0.0250136
  9.1123662     0.0213004    -0.0217015     0.0241743
  9.1378452     0.0211557    -0.0215138     0.0232171
  9.1632963     0.0209882    -0.0210420     0.0221370
  9.1887195     0.0208193    -0.0203195     0.0209273
  9.2141147     0.0206650    -0.0193811     0.0195802
  9.2394819     0.0205358    -0.0182627     0.0180875
  9.2648209     0.0204366    -0.0170004     0.0164407
  9.2901317     0.0203663    -0.0156298     0.0146320
  9.3154141     0.0203185    -0.0141855     0.0126552
  9.3406683     0.0202817    -0.0127007     0.0105056
  9.3658939     0.0202399    -0.0112063     0.0081814
  9.3910910     0.0201736    -0.0097310     0.0056835
  9.4162595     0.0200600    -0.0083007     0.0030165
  9.4413994     0.0198749    -0.0069384     0.0001889
  9.4665104     0.0195925    -0.0056639    -0.0027865
  9.4915927     0.0191876    -0.0044941    -0.0058929
  9.5166460     0.0186356    -0.0034428    -0.0091088
  9.5416703     0.0179141    -0.0025206    -0.0124083
  9.5666656     0.0170034    -0.0017355    -0.0157618
  9.5916317     0.0158874    -0.0010926    -0.0191355
  9.6165686     0.0145545    -0.0005948    -0.0224923
  9.6414762     0.0129977    -0.0002429    -0.0257924
  9.6663545     0.0112153    -0.0000355    -0.0289937
  9.6912033     0.0092109     0.0000300    -0.0320526
  9.7160225     0.0069940    -0.0000423    -0.0349249
  9.7408122     0.0045791    -0.0002475    -0.0375665
  9.7655722     0.0019864    -0.0005798    -0.0399343
  9.7903025    -0.0007594    -0.0010329    -0.0419870
  9.8150029    -0.0036287    -0.0016003    -0.0436860
  9.8396735    -0.0065885    -0.0022754    -0.0449964
  9.8643140    -0.0096023    -0.0030515    -0.0458872
  9.8889245    -0.0126314    -0.0039221    -0.0463330
  9.9135049    -0.0156353    -0.0048808    -0.0463134
  9.9380551    -0.0185728    -0.0059214    -0.0458145
  9.9625751    -0.0214028    -0.0070377    -0.0448290
  9.9870646    -0.0240848    -0.0082239    -0.0433562
 10.0115238    -0.0265801    -0.0094738    -0.0414025
 10.0359524    -0.0288524    -0.0107816    -0.0389813
 10.0603505    -0.0308683    -0.0121408    -0.0361131
 10.0847180    -0.0325980    -0.0135449    -0.0328248
 10.1090547    -0.0340158    -0.0149869    -0.0291500
 10.1333606    -0.0351005    -0.0164591    -0.0251278
 10.1576357    -0.0358356    -0.0179531    -0.0208030
 10.1818798    -0.0362096    -0.0194600    -0.0162247
 10.2060929    -0.0362160    -0.0209697    -0.0114460
 10.2302749    -0.0358533    -0.0224714    -0.0065230
 10.2544257    -0.0351248    -0.0239534    -0.0015140
 10.2785453    -0.0340386    -0.0254030     0.0035215
 10.3026336    -0.0326072    -0.0268069     0.0085236
 10.3266906    -0.0308471    -0.0281507     0.0134331
 10.3507160    -0.0287784    -0.0294198     0.0181923
 10.3747099    -0.0264246    -0.0305989     0.0227458
 10.3986723    -0.0238119    -0.0316726     0.0270417
 10.4226029    -0.0209688    -0.0326253     0.0310316
 10.4465018    -0.0179257    -0.0334418     0.0346723
 10.4703689    -0.0147144    -0.0341073     0.0379254
 10.4942041    -0.0113676    -0.0346077     0.0407585
 10.5180073    -0.0079185    -0.0349300     0.0431453
 10.5417785    -0.0044005    -0.0350625     0.0450658
 10.5655175    -0.0008468    -0.0349950     0.0465068
 10.5892244     0.0027100    -0.0347193     0.0474616
 10.6128990     0.0062379    -0.0342291     0.0479301
 10.6365413     0.0097059    -0.0335204     0.0479186
 10.6601512     0.0130842    -0.0325918     0.0474398
 10.6837286     0.0163442    -0.0314443     0.0465121
 10.7072735     0.0194586    -0.0300817     0.0451591
 10.7307858     0.0224017    -0.0285106     0.0434096
 10.7542654     0.0251493    -0.0267403     0.0412965
 10.7777122     0.0276784    -0.0247826     0.0388566
 10.8011262     0.0299679    -0.0226524     0.0361294
 10.8245072     0.0319981    -0.0203667     0.0331571
 10.8478553     0.0337509    -0.0179450     0.0299833
 10.8711704     0.0352099    -0.0154088     0.0266527
 10.8944524     0.0363603    -0.0127816     0.0232102
 10.9177011     0.0371890    -0.0100880     0.0197001
 10.9409166     0.0376850    -0.0073544     0.0161661
 10.9640988     0.0378389    -0.0046076     0.0126499
 10.9872476     0.0376436    -0.0018749     0.0091912
 11.0103629     0.0370942     0.0008160     0.0058270
 11.0334447     0.0361883     0.0034381     0.0025914
 11.0564928     0.0349258     0.0059648    -0.0004851
 11.0795073     0.0333096     0.0083708    -0.0033756
 11.1024880     0.0313455     0.0106320    -0.0060570
 11.1254349     0.0290425     0.0127262    -0.0085102
 11.1483479     0.0264128     0.0146335    -0.0107203
 11.1712270     0.0234722     0.0163359    -0.0126763
 11.1940720     0.0202398     0.0178185    -0.0143715
 11.2168830     0.0167386     0.0190690    -0.0158026
 11.2396597     0.0129952     0.0200780    -0.0169705
 11.2624023     0.0090399     0.0208395    -0.0178791
 11.2851105     0.0049065     0.0213503    -0.0185359
 11.3077843     0.0006323     0.0216108    -0.0189510
 11.3304237    -0.0037424     0.0216241    -0.0191372
 11.3530286    -0.0081740     0.0213968    -0.0191094
 11.3755989    -0.0126166     0.0209381    -0.0188844
 11.3981345    -0.0170221     0.0202601    -0.0184806
 11.4206355    -0.0213406     0.0193775    -0.0179175
 11.4431016    -0.0255211     0.0183073    -0.0172150
 11.4655329    -0.0295123     0.0170686    -0.0163940
 11.4879292    -0.0332626     0.0156821    -0.0154749
 11.5102906    -0.0367217     0.0141700    -0.0144784
 11.5326169    -0.0398405     0.0125557    -0.0134244
 11.5549080    -0.0425724     0.0108630    -0.0123321
 11.5771640    -0.0448735     0.0091165    -0.0112198
 11.5993847    -0.0467040     0.0073405    -0.0101046
 11.6215701    -0.0480282     0.0055593    -0.0090024
 11.6437200    -0.0488159     0.0037962    -0.0079274
 11.6658345    -0.0490424     0.0020738    -0.0068927
 11.6879135    -0.0486892     0.0004135    -0.0059096
 11.7099568    -0.0477448    -0.0011650    -0.0049877
 11.7319645    -0.0462049    -0.0026436    -0.0041352
 11.7539365    -0.0440725    -0.0040062    -0.0033586
 11.7758726    -0.0413584    -0.0052386    -0.0026630
 11.7977729    -0.0380812    -0.0063293    -0.0020519
 11.8196372    -0.0342673    -0.0072686    -0.0015275
 11.8414656    -0.0299506    -0.0080496    -0.0010907
 11.8632578    -0.0251725    -0.0086676    -0.0007411
 11.8850139    -0.0199814    -0.0091203    -0.0004775
 11.9067339    -0.0144320    -0.0094079    -0.0002973
 11.9284175    -0.0085852    -0.0095326    -0.0001976
 11.9500648    -0.0025068    -0.0094990    -0.0001742
 11.9716757     0.0037326    -0.0093136    -0.0002227
 11.9932502     0.0100592    -0.0089848    -0.0003380
 12.0147881     0.0163964    -0.0085224    -0.0005146
 12.0362894     0.0226660    -0.0079380    -0.0007468
 12.0577540     0.0287894    -0.0072442    -0.0010285
 12.0791820     0.0346883    -0.0064548    -0.0013534
 12.1005731     0.0402860    -0.0055841    -0.0017154
 12.1219273     0.0455084    -0.0046472    -0.0021082
 12.1432447     0.0502852    -0.0036593    -0.0025255
 12.1645250     0.0545504    -0.0026358    -0.0029610
 12.1857683     0.0582441    -0.0015919    -0.0034087
 12.2069745     0.0613125    -0.0005424    -0.0038627
 12.2281434     0.0637093     0.0004983    -0.0043171
 12.2492752     0.0653958     0.0015167    -0.0047665
 12.2703696     0.0663423     0.0025001    -0.0052053
 12.2914266     0.0665279     0.0034368    -0.0056285
 12.3124462     0.0659410     0.0043165    -0.0060312
 12.3334283     0.0645796     0.0051297    -0.0064086
 12.3543729     0.0624516     0.0058686    -0.0067564
 12.3752798     0.0595742     0.0065267    -0.0070706
 12.3961490     0.0559743     0.0070987    -0.0073472
 12.4169804     0.0516879     0.0075809    -0.0075830
 12.4377740     0.0467595     0.0079711    -0.0077746
 12.4585297     0.0412420     0.0082681    -0.0079195
 12.4792475     0.0351957     0.0084723    -0.0080151
 12.4999273     0.0286875     0.0085854    -0.0080597
 12.5205689     0.0217904     0.0086099    -0.0080516
 12.5411725     0.0145822     0.0085498    -0.0079897
 12.5617378     0.0071446     0.0084098    -0.0078737
 12.5822649    -0.0004377     0.0081956    -0.0077034
 12.6027536    -0.0080783     0.0079135    -0.0074794
 12.6232040    -0.0156899     0.0075705    -0.0072026
 12.6436159    -0.0231857     0.0071740    -0.0068748
 12.6639893    -0.0304804     0.0067320    -0.0064982
 12.6843241    -0.0374911     0.0062523    -0.0060756
 12.7046203    -0.0441387     0.0057433    -0.0056104
 12.7248777    -0.0503482     0.0052132    -0.0051065
 12.7450964    -0.0560505     0.0046699    -0.0045685
 12.7652763    -0.0611823     0.0041214    -0.0040015
 12.7854173    -0.0656875     0.0035752    -0.0034110
 12.8055194    -0.0695177     0.0030386    -0.0028031
 12.8255824    -0.0726324     0.0025183    -0.0021842
 12.8456064    -0.0749997     0.0020205    -0.0015612
 12.8655912    -0.0765968     0.0015510    -0.0009411
 12.8855369    -0.0774097     0.0011148    -0.0003314
 12.9054433    -0.0774336     0.0007164     0.0002606
 12.9253104    -0.0766729     0.0003596     0.0008274
 12.9451381    -0.0751407     0.0000475     0.0013613
 12.9649264    -0.0728589    -0.0002174     0.0018551
 12.9846752    -0.0698579    -0.0004331     0.0023015
 13.0043844    -0.0661755    -0.0005985     0.0026938
 13.0240541    -0.0618570    -0.0007128     0.0030255
 13.0436840    -0.0569545    -0.0007760     0.0032907
 13.0632742    -0.0515258    -0.0007886     0.0034840
 13.0828247    -0.0456338    -0.0007515     0.0036007
 13.1023352    -0.0393460    -0.0006659     0.0036369
 13.1218059    -0.0327332    -0.0005338     0.0035896
 13.1412366    -0.0258689    -0.0003572     0.0034566
 13.1606273    -0.0188281    -0.0001385     0.0032365
 13.1799778    -0.0116870     0.0001197     0.0029292
 13.1992882    -0.0045214     0.0004144     0.0025353
 13.2185585     0.0025937     0.0007427     0.0020568
 13.2377884     0.0095852     0.0011014     0.0014964
 13.2569780     0.0163824     0.0014873     0.0008580
 13.2761273     0.0229182     0.0018971     0.0001466
 13.2952361     0.0291292     0.0023277    -0.0006320
 13.3143044     0.0349568     0.0027757    -0.0014709
 13.3333321     0.0403478     0.0032380    -0.0023623
 13.3523192     0.0452545     0.0037115    -0.0032978
 13.3712657     0.0496354     0.0041931    -0.0042680
 13.3901714     0.0534552     0.0046799    -0.0052630
 13.4090364     0.0566858     0.0051691    -0.0062724
 13.4278604     0.0593054     0.0056579    -0.0072852
 13.4466436     0.0612994     0.0061439    -0.0082902
 13.4653858     0.0626600     0.0066244    -0.0092760
 13.4840871     0.0633864     0.0070971    -0.0102311
 13.5027472     0.0634843     0.0075597    -0.0111440
 13.5213662     0.0629658     0.0080102    -0.0120036
 13.5399440     0.0618492     0.0084463    -0.0127988
 13.5584806     0.0601587     0.0088662    -0.0135192
 13.5769758     0.0579237     0.0092680    -0.0141549
 13.5954297     0.0551784     0.0096497    -0.0146966
 13.6138422     0.0519617     0.0100096    -0.0151358
 13.6322132     0.0483162     0.0103461    -0.0154649
 13.6505427     0.0442876     0.0106574    -0.0156773
 13.6688306     0.0399247     0.0109418    -0.0157676
 13.6870769     0.0352782     0.0111978    -0.0157312
 13.7052815     0.0304002     0.0114238    -0.0155649
 13.7234443     0.0253441     0.0116183    -0.0152669
 13.7415654     0.0201632     0.0117798    -0.0148362
 13.7596445     0.0149109     0.0119067    -0.0142735
 13.7776818     0.0096397     0.0119978    -0.0135807
 13.7956771     0.0044008     0.0120515    -0.0127607
 13.8136303    -0.0007564     0.0120667    -0.0118181
 13.8315415    -0.0057846     0.0120420    -0.0107584
 13.8494106    -0.0106394     0.0119764    -0.0095883
 13.8672374    -0.0152792     0.0118687    -0.0083156
 13.8850221    -0.0196658     0.0117180    -0.0069493
 13.9027644    -0.0237647     0.0115235    -0.0054991
 13.9204644    -0.0275451     0.0112844    -0.0039757
 13.9381219    -0.0309804     0.0110002    -0.0023905
 13.9557370    -0.0340480     0.0106706    -0.0007555
 13.9733096    -0.0367296     0.0102953     0.0009168
 13.9908397    -0.0390112     0.0098744     0.0026135
 14.0083271    -0.0408829     0.0094080     0.0043213
 14.0257718    -0.0423391     0.0088966     0.0060269
 14.0431739    -0.0433783     0.0083408     0.0077171
 14.0605331    -0.0440030     0.0077415     0.0093785
 14.0778495    -0.0442194     0.0070998     0.0109982
 14.0951231    -0.0440372     0.0064172     0.0125635
 14.1123536    -0.0434696     0.0056953     0.0140624
 14.1295412    -0.0425328     0.0049359     0.0154833
 14.1466858    -0.0412458     0.0041411     0.0168153
 14.1637873    -0.0396301     0.0033134     0.0180484
 14.1808456    -0.0377096     0.0024554     0.0191734
 14.1978607    -0.0355097     0.0015698     0.0201821
 14.2148326    -0.0330577     0.0006598     0.0210674
 14.2317612    -0.0303820    -0.0002715     0.0218231
 14.2486464    -0.0275119    -0.0012205     0.0224442
 14.2654882    -0.0244773    -0.0021838     0.0229271
 14.2822866    -0.0213084    -0.0031574     0.0232691
 14.2990415    -0.0180355    -0.0041377     0.0234688
 14.3157528    -0.0146884    -0.0051206     0.0235261
 14.3324204    -0.0112964    -0.0061022     0.0234419
 14.3490445    -0.0078882    -0.0070782     0.0232185
 14.3656248    -0.0044911    -0.0080446     0.0228592
 14.3821614    -0.0011315    -0.0089973     0.0223685
 14.3986541     0.0021658    -0.0099322     0.0217518
 14.4151030     0.0053777    -0.0108452     0.0210157
 14.4315080     0.0084825    -0.0117325     0.0201675
 14.4478690     0.0114608    -0.0125902     0.0192154
 14.4641860     0.0142948    -0.0134146     0.0181685
 14.4804590     0.0169687    -0.0142021     0.0170365
 14.4966878     0.0194691    -0.0149494     0.0158295
 14.5128725     0.0217842    -0.0156533     0.0145584
 14.5290130     0.0239046    -0.0163108     0.0132343
 14.5451092     0.0258229    -0.0169193     0.0118685
 14.5611611     0.0275336    -0.0174763     0.0104727
 14.5771686     0.0290333    -0.0179796     0.0090586
 14.5931318     0.0303203    -0.0184274     0.0076377
 14.6090505     0.0313950    -0.0188179     0.0062217
 14.6249247     0.0322593    -0.0191498     0.0048218
 14.6407543     0.0329167    -0.0194223     0.0034492
 14.6565394     0.0333721    -0.0196344     0.0021143
 14.6722798     0.0336320    -0.0197859     0.0008275
 14.6879755     0.0337038    -0.0198767    -0.0004017
 14.7036264     0.0335963    -0.0199069    -0.0015643
 14.7192326     0.0333190    -0.0198770    -0.0026519
 14.7347939     0.0328822    -0.0197878    -0.0036569
 14.7503104     0.0322971    -0.0196404    -0.0045726
 14.7657819     0.0315752    -0.0194361    -0.0053930
 14.7812084     0.0307284    -0.0191766    -0.0061128
 14.7965899     0.0297689    -0.0188635    -0.0067280
 14.8119264     0.0287090    -0.0184989    -0.0072351
 14.8272177     0.0275612    -0.0180852    -0.0076317
 14.8424639     0.0263376    -0.0176246    -0.0079163
 14.8576648     0.0250503    -0.0171199    -0.0080882
 14.8728205     0.0237110    -0.0165738    -0.0081478
 14.8879309     0.0223311    -0.0159892    -0.0080962
 14.9029959     0.0209215    -0.0153689    -0.0079355
 14.9180155     0.0194926    -0.0147162    -0.0076684
 14.9329897     0.0180541    -0.0140342    -0.0072985
 14.9479184     0.0166152    -0.0133261    -0.0068301
 14.9628016     0.0151843    -0.0125950    -0.0062684
 14.9776391     0.0137693    -0.0118442    -0.0056188
 14.9924311     0.0123771    -0.0110770    -0.0048878
 15.0071774     0.0110140    -0.0102965    -0.0040819
 15.0218780     0.0096856    -0.0095058    -0.0032084
 15.0365328     0.0083967    -0.0087081    -0.0022750
 15.0511418     0.0071513    -0.0079064    -0.0012895
 15.0657049     0.0059528    -0.0071036    -0.0002601
 15.0802222     0.0048039    -0.0063024     0.0008048
 15.0946935     0.0037065    -0.0055056     0.0018967
 15.1091189     0.0026619    -0.0047158     0.0030071
 15.1234982     0.0016710    -0.0039354     0.0041272
 15.1378315     0.0007339    -0.0031666     0.0052487
 15.1521186    -0.0001498    -0.0024117     0.0063631
 15.1663596    -0.0009807    -0.0016726     0.0074622
 15.1805544    -0.0017600    -0.0009511     0.0085380
 15.1947030    -0.0024895    -0.0002490     0.0095829
 15.2088052    -0.0031710     0.0004323     0.0105894
 15.2228612    -0.0038067     0.0010915     0.0115506
 15.2368707    -0.0043990     0.0017274     0.0124600
 15.2508339    -0.0049505     0.0023388     0.0133113
 15.2647506    -0.0054640     0.0029251     0.0140990
 15.2786207    -0.0059424     0.0034854     0.0148179

PDF 1 in G'(r) format
  r, PDF (RMC), PDF (Expt)
 CURVES
          99 ,           2
      0.0654509        0.0000000        0.0000000
      0.1309019        0.0000000        0.0000000
      0.1963528        0.0000000        0.0000000
      0.2618037        0.0000000        0.0000000
      0.3272547        0.0000000        0.0000000
      0.3927056        0.0000000        0.0000000
      0.4581565        0.0000000        0.0000000
      0.5236075        0.0000000        0.0000000
      0.5890584        0.0000000        0.0000000
      0.6545093        0.0000000        0.0000000
      0.7199603        0.0000000        0.0000000
      0.7854112        0.0000000        0.0000000
      0.8508621        0.0000000        0.0000000
      0.9163131        0.0000000        0.0000000
      0.9817640        0.1087192        0.0000000
      1.0472149        0.0000000        0.0000000
      1.1126659        0.0000000        0.0000000
      1.1781168        0.0000000        0.0000000
      1.2435677        0.2033122        0.1336642
      1.3090187        0.4171999        0.4087493
      1.3744696        0.7469067        0.7543131
      1.4399206        1.1381676        1.1485415
      1.5053715        1.5603453        1.5505350
      1.5708224        1.8028086        1.9059448
      1.6362734        2.1654552        2.1587834
      1.7017243        2.2127950        2.2659462
      1.7671752        2.0929155        2.2093322
      1.8326262        1.8988164        2.0010507
      1.8980771        1.7324524        1.6798473
      1.9635280        1.2577392        1.3003390
      2.0289790        0.8501325        0.9192625
      2.0944299        0.6293141        0.5835708
      2.1598808        0.3474388        0.3237554
      2.2253318        0.2426351        0.1531507
      2.2907827        0.1843966        0.0715582
      2.3562336        0.2273575        0.0703735
      2.4216846        0.3373405        0.1367765
      2.4871355        0.3226755        0.2559231
      2.5525864        0.5573058        0.4115305
      2.6180374        0.6229981        0.5860281
      2.6834883        0.7621395        0.7613177
      2.7489392        0.9045691        0.9204588
      2.8143902        1.0125972        1.0498161
      2.8798411        1.0776525        1.1408396
      2.9452920        1.2229955        1.1907984
      3.0107430        1.1576215        1.2022868
      3.0761939        1.1938901        1.1818121
      3.1416448        1.0574656        1.1380301
      3.2070958        1.1038883        1.0801428
      3.2725467        1.0344200        1.0167345
      3.3379976        0.9886080        0.9550757
      3.4034486        0.9254229        0.9007813
      3.4688995        0.9439239        0.8576976
      3.5343504        0.8293476        0.8279539
      3.5998014        0.8544737        0.8121644
      3.6652523        0.8323625        0.8097733
      3.7307032        0.8272747        0.8194883
      3.7961542        0.9491444        0.8397032
      3.8616051        0.7557862        0.8687856
      3.9270560        0.8437806        0.9051459
      3.9925070        0.8603666        0.9470814
      4.0579579        1.0838481        0.9924918
      4.1234088        1.0351779        1.0386326
      4.1888598        1.0623173        1.0820893
      4.2543107        1.1749837        1.1190817
      4.3197617        1.1853560        1.1460852
      4.3852126        1.0948662        1.1606051
      4.4506635        1.0811713        1.1618539
      4.5161145        1.1051896        1.1510787
      4.5815654        1.1143139        1.1313973
      4.6470163        1.1318961        1.1071647
      4.7124673        1.0192366        1.0830542
      4.7779182        1.1187215        1.0631198
      4.8433691        1.0068461        1.0500902
      4.9088201        1.0152526        1.0450422
      4.9742710        1.0465100        1.0474679
      5.0397219        0.9916531        1.0556379
      5.1051729        0.9485242        1.0671130
      5.1706238        1.0726241        1.0792657
      5.2360747        1.1156415        1.0897134
      5.3015257        0.9632677        1.0966243
      5.3669766        1.0848696        1.0988858
      5.4324275        1.0428472        1.0961514
      5.4978785        0.9774613        1.0887822
      5.5633294        1.0202326        1.0777025
      5.6287803        1.0203947        1.0641974
      5.6942313        0.9847205        1.0496821
      5.7596822        0.9723467        1.0354810
      5.8251331        1.0511675        1.0226525
      5.8905841        1.0019568        1.0118836
      5.9560350        0.9062447        1.0034631
      6.0214859        0.9610884        0.9973273
      6.0869369        0.9810937        0.9931542
      6.1523878        0.9785798        0.9904812
      6.2178387        0.9829740        0.9888186
      6.2832897        0.9660111        0.9877401
      6.3487406        0.9678238        0.9869391
      6.4141915        0.9459470        0.9862467
      6.4796425        0.9131625        0.9856162

 Total S(Q)'s: Comparison with input data

   611  2 are NQ and NPAR

       Q      S(Q)_RMC  S(Q)_Expt
      0.4682470      0.1465820      0.1953920
      0.4982822      0.1630467      0.1430544
      0.5283159      0.1771858      0.0977766
      0.5583480      0.1890258      0.0603910
      0.5883784      0.1987066      0.0315603
      0.6184069      0.2064776      0.0117679
      0.6484336      0.2126909      0.0013117
      0.6784584      0.2177901      0.0003034
      0.7084810      0.2222963      0.0086712
      0.7385015      0.2267913      0.0261668
      0.7685198      0.2318985      0.0523768
      0.7985357      0.2382621      0.0867365
      0.8285491      0.2465254      0.1285470
      0.8585601      0.2573086      0.1769951
      0.8885684      0.2711869      0.2311745
      0.9185740      0.2886698      0.2901080
      0.9485769      0.3101821      0.3527714
      0.9785768      0.3360472      0.4181159
      1.0085738      0.3664727      0.4850911
      1.0385677      0.4015402      0.5526664
      1.0685584      0.4411983      0.6198511
      1.0985458      0.4852592      0.6857118
      1.1285300      0.5333995      0.7493884
      1.1585106      0.5851657      0.8101070
      1.1884878      0.6399824      0.8671901
      1.2184613      0.6971648      0.9200637
      1.2484312      0.7559349      0.9682619
      1.2783972      0.8154396      1.0114288
      1.3083593      0.8747718      1.0493172
      1.3383174      0.9329933      1.0817854
      1.3682715      0.9891584      1.1087913
      1.3982214      1.0423378      1.1303855
      1.4281670      1.0916431      1.1467017
      1.4581083      1.1362488      1.1579474
      1.4880452      1.1754144      1.1643924
      1.5179775      1.2085028      1.1663576
      1.5479052      1.2349971      1.1642043
      1.5778281      1.2545132      1.1583221
      1.6077463      1.2668095      1.1491193
      1.6376596      1.2717929      1.1370128
      1.6675679      1.2695204      1.1224193
      1.6974711      1.2601967      1.1057476
      1.7273691      1.2441688      1.0873926
      1.7572618      1.2219158      1.0677297
      1.7871493      1.1940363      1.0471111
      1.8170312      1.1612325      1.0258634
      1.8469077      1.1242916      1.0042854
      1.8767785      1.0840658      0.9826481
      1.9066436      1.0414505      0.9611948
      1.9365029      0.9973619      0.9401418
      1.9663562      0.9527150      0.9196801
      1.9962036      0.9084012      0.8999770
      2.0260449      0.8652680      0.8811781
      2.0558801      0.8240995      0.8634092
      2.0857090      0.7855997      0.8467779
      2.1155315      0.7503778      0.8313754
      2.1453476      0.7189373      0.8172776
      2.1751571      0.6916667      0.8045458
      2.2049601      0.6688355      0.7932275
      2.2347563      0.6505916      0.7833562
      2.2645457      0.6369631      0.7749510
      2.2943282      0.6278632      0.7680165
      2.3241037      0.6230975      0.7625417
      2.3538721      0.6223744      0.7584994
      2.3836334      0.6253171      0.7558451
      2.4133874      0.6314786      0.7545168
      2.4431340      0.6403565      0.7544341
      2.4728732      0.6514101      0.7554987
      2.5026049      0.6640767      0.7575941
      2.5323289      0.6777887      0.7605872
      2.5620453      0.6919892      0.7643292
      2.5917538      0.7061478      0.7686582
      2.6214544      0.7197733      0.7734013
      2.6511471      0.7324265      0.7783783
      2.6808317      0.7437293      0.7834051
      2.7105081      0.7533731      0.7882978
      2.7401762      0.7611231      0.7928774
      2.7698360      0.7668221      0.7969740
      2.7994874      0.7703907      0.8004319
      2.8291302      0.7718255      0.8031135
      2.8587645      0.7711950      0.8049040
      2.8883900      0.7686345      0.8057152
      2.9180067      0.7643379      0.8054884
      2.9476145      0.7585498      0.8041973
      2.9772134      0.7515550      0.8018495
      3.0068031      0.7436686      0.7984875
      3.0363838      0.7352252      0.7941885
      3.0659551      0.7265682      0.7890636
      3.0955172      0.7180397      0.7832555
      3.1250698      0.7099706      0.7769354
      3.1546128      0.7026721      0.7702999
      3.1841463      0.6964285      0.7635658
      3.2136701      0.6914901      0.7569649
      3.2431841      0.6880693      0.7507388
      3.2726882      0.6863369      0.7451327
      3.3021823      0.6864205      0.7403892
      3.3316664      0.6884040      0.7367422
      3.3611403      0.6923290      0.7344113
      3.3906040      0.6981969      0.7335963
      3.4200574      0.7059728      0.7344721
      3.4495003      0.7155895      0.7371849
      3.4789327      0.7269526      0.7418488
      3.5083546      0.7399464      0.7485432
      3.5377657      0.7544396      0.7573119
      3.5671661      0.7702906      0.7681624
      3.5965556      0.7873538      0.7810664
      3.6259341      0.8054844      0.7959620
      3.6553016      0.8245430      0.8127557
      3.6846580      0.8443995      0.8313261
      3.7140032      0.8649360      0.8515279
      3.7433370      0.8860491      0.8731963
      3.7726594      0.9076509      0.8961519
      3.8019704      0.9296692      0.9202062
      3.8312697      0.9520467      0.9451662
      3.8605574      0.9747398      0.9708400
      3.8898333      0.9977158      0.9970407
      3.9190974      1.0209503      1.0235909
      3.9483496      1.0444239      1.0503264
      3.9775897      1.0681182      1.0770985
      4.0068177      1.0920125      1.1037761
      4.0360334      1.1160796      1.1302470
      4.0652369      1.1402825      1.1564178
      4.0944281      1.1645713      1.1822130
      4.1236067      1.1888804      1.2075739
      4.1527728      1.2131265      1.2324561
      4.1819262      1.2372074      1.2568264
      4.2110669      1.2610014      1.2806594
      4.2401947      1.2843674      1.3039339
      4.2693097      1.3071466      1.3266288
      4.2984116      1.3291639      1.3487188
      4.3275005      1.3502308      1.3701708
      4.3565761      1.3701488      1.3909403
      4.3856385      1.3887136      1.4109682
      4.4146876      1.4057191      1.4301787
      4.4437232      1.4209623      1.4484772
      4.4727452      1.4342484      1.4657497
      4.5017536      1.4453956      1.4818630
      4.5307483      1.4542398      1.4966657
      4.5597293      1.4606391      1.5099900
      4.5886963      1.4644784      1.5216549
      4.6176493      1.4656720      1.5314700
      4.6465883      1.4641676      1.5392398
      4.6755131      1.4599472      1.5447693
      4.7044237      1.4530296      1.5478690
      4.7333199      1.4434700      1.5483617
      4.7622018      1.4313601      1.5460877
      4.7910691      1.4168266      1.5409113
      4.8199218      1.4000292      1.5327265
      4.8487599      1.3811577      1.5214620
      4.8775831      1.3604287      1.5070856
      4.9063916      1.3380813      1.4896085
      4.9351850      1.3143726      1.4690875
      4.9639635      1.2895728      1.4456269
      4.9927268      1.2639602      1.4193789
      5.0214749      1.2378159      1.3905431
      5.0502077      1.2114187      1.3593642
      5.0789252      1.1850401      1.3261290
      5.1076271      1.1589400      1.2911621
      5.1363135      1.1333619      1.2548203
      5.1649843      1.1085295      1.2174866
      5.1936393      1.0846439      1.1795625
      5.2222785      1.0618802      1.1414610
      5.2509018      1.0403867      1.1035978
      5.2795091      1.0202830      1.0663834
      5.3081003      1.0016597      1.0302146
      5.3366753      0.9845790      0.9954666
      5.3652341      0.9690749      0.9624853
      5.3937766      0.9551553      0.9315805
      5.4223026      0.9428034      0.9030196
      5.4508121      0.9319803      0.8770227
      5.4793050      0.9226275      0.8537590
      5.5077812      0.9146700      0.8333434
      5.5362406      0.9080196      0.8158357
      5.5646832      0.9025776      0.8012405
      5.5931088      0.8982382      0.7895081
      5.6215173      0.8948915      0.7805378
      5.6499088      0.8924266      0.7741811
      5.6782830      0.8907338      0.7702466
      5.7066400      0.8897071      0.7685065
      5.7349795      0.8892463      0.7687023
      5.7633016      0.8892584      0.7705530
      5.7916061      0.8896590      0.7737620
      5.8198930      0.8903732      0.7780256
      5.8481622      0.8913357      0.7830402
      5.8764135      0.8924915      0.7885105
      5.9046470      0.8937953      0.7941567
      5.9328624      0.8952112      0.7997206
      5.9610598      0.8967120      0.8049720
      5.9892391      0.8982782      0.8097137
      6.0174000      0.8998971      0.8137848
      6.0455427      0.9015617      0.8170644
      6.0736669      0.9032695      0.8194728
      6.1017727      0.9050214      0.8209721
      6.1298598      0.9068206      0.8215657
      6.1579283      0.9086717      0.8212965
      6.1859780      0.9105798      0.8202444
      6.2140089      0.9125497      0.8185221
      6.2420208      0.9145856      0.8162712
      6.2700138      0.9166905      0.8136567
      6.2979876      0.9188660      0.8108617
      6.3259422      0.9211124      0.8080808
      6.3538776      0.9234284      0.8055149
      6.3817936      0.9258120      0.8033643
      6.4096902      0.9282600      0.8018231
      6.4375673      0.9307690      0.8010738
      6.4654247      0.9333355      0.8012818
      6.4932625      0.9359564      0.8025914
      6.5210805      0.9386295      0.8051214
      6.5488786      0.9413537      0.8089628
      6.5766567      0.9441296      0.8141765
      6.6044148      0.9469594      0.8207917
      6.6321529      0.9498473      0.8288061
      6.6598707      0.9527994      0.8381862
      6.6875682      0.9558234      0.8488687
      6.7152453      0.9589287      0.8607626
      6.7429020      0.9621260      0.8737522
      6.7705382      0.9654266      0.8877003
      6.7981537      0.9688421      0.9024520
      6.8257485      0.9723840      0.9178391
      6.8533225      0.9760625      0.9336845
      6.8808757      0.9798863      0.9498065
      6.9084079      0.9838620      0.9660232
      6.9359190      0.9879930      0.9821569
      6.9634090      0.9922796      0.9980379
      6.9908778      0.9967179      1.0135083
      7.0183253      1.0012999      1.0284249
      7.0457515      1.0060130      1.0426617
      7.0731561      1.0108399      1.0561122
      7.1005393      1.0157588      1.0686904
      7.1279008      1.0207434      1.0803316
      7.1552405      1.0257632      1.0909930
      7.1825585      1.0307842      1.1006525
      7.2098546      1.0357693      1.1093079
      7.2371288      1.0406790      1.1169759
      7.2643809      1.0454723      1.1236894
      7.2916108      1.0501076      1.1294956
      7.3188186      1.0545437      1.1344535
      7.3460040      1.0587403      1.1386312
      7.3731671      1.0626597      1.1421027
      7.4003078      1.0662671      1.1449458
      7.4274258      1.0695318      1.1472389
      7.4545213      1.0724277      1.1490589
      7.4815940      1.0749344      1.1504785
      7.5086440      1.0770372      1.1515649
      7.5356711      1.0787278      1.1523777
      7.5626752      1.0800046      1.1529679
      7.5896563      1.0808724      1.1533772
      7.6166143      1.0813428      1.1536376
      7.6435491      1.0814335      1.1537713
      7.6704605      1.0811681      1.1537912
      7.6973487      1.0805756      1.1537019
      7.7242133      1.0796894      1.1535003
      7.7510545      1.0785468      1.1531772
      7.7778720      1.0771881      1.1527187
      7.8046659      1.0756554      1.1521079
      7.8314359      1.0739918      1.1513266
      7.8581822      1.0722403      1.1503567
      7.8849044      1.0704430      1.1491821
      7.9116027      1.0686398      1.1477902
      7.9382768      1.0668681      1.1461728
      7.9649268      1.0651614      1.1443274
      7.9915525      1.0635491      1.1422583
      8.0181539      1.0620555      1.1399763
      8.0447308      1.0606999      1.1374998
      8.0712833      1.0594961      1.1348539
      8.0978111      1.0584523      1.1320705
      8.1243143      1.0575709      1.1291870
      8.1507928      1.0568493      1.1262460
      8.1772464      1.0562797      1.1232934
      8.2036751      1.0558496      1.1203773
      8.2300788      1.0555428      1.1175466
      8.2564574      1.0553394      1.1148489
      8.2828109      1.0552171      1.1123292
      8.3091392      1.0551517      1.1100279
      8.3354421      1.0551179      1.1079796
      8.3617197      1.0550903      1.1062114
      8.3879717      1.0550440      1.1047418
      8.4141983      1.0549553      1.1035797
      8.4403992      1.0548027      1.1027234
      8.4665744      1.0545671      1.1021603
      8.4927238      1.0542327      1.1018670
      8.5188473      1.0537872      1.1018092
      8.5449449      1.0532219      1.1019420
      8.5710164      1.0525325      1.1022114
      8.5970619      1.0517185      1.1025548
      8.6230811      1.0507834      1.1029026
      8.6490741      1.0497345      1.1031799
      8.6750407      1.0485828      1.1033082
      8.7009810      1.0473422      1.1032073
      8.7268947      1.0460294      1.1027976
      8.7527818      1.0446631      1.1020018
      8.7786422      1.0432635      1.1007473
      8.8044760      1.0418519      1.0989678
      8.8302829      1.0404495      1.0966056
      8.8560629      1.0390774      1.0936127
      8.8818159      1.0377556      1.0899527
      8.9075419      1.0365025      1.0856016
      8.9332407      1.0353344      1.0805492
      8.9589123      1.0342651      1.0747988
      8.9845567      1.0333053      1.0683680
      9.0101736      1.0324627      1.0612887
      9.0357631      1.0317415      1.0536061
      9.0613251      1.0311423      1.0453780
      9.0868595      1.0306625      1.0366741
      9.1123662      1.0302958      1.0275742
      9.1378452      1.0300330      1.0181667
      9.1632963      1.0298617      1.0085465
      9.1887195      1.0297673      0.9988136
      9.2141147      1.0297329      0.9890704
      9.2394819      1.0297399      0.9794198
      9.2648209      1.0297689      0.9699630
      9.2901317      1.0297998      0.9607974
      9.3154141      1.0298124      0.9520145
      9.3406683      1.0297871      0.9436984
      9.3658939      1.0297055      0.9359235
      9.3910910      1.0295508      0.9287538
      9.4162595      1.0293080      0.9222411
      9.4413994      1.0289648      0.9164247
      9.4665104      1.0285115      0.9113304
      9.4915927      1.0279414      0.9069703
      9.5166460      1.0272511      0.9033433
      9.5416703      1.0264403      0.9004350
      9.5666656      1.0255122      0.8982186
      9.5916317      1.0244730      0.8966557
      9.6165686      1.0233320      0.8956979
      9.6414762      1.0221016      0.8952877
      9.6663545      1.0207965      0.8953606
      9.6912033      1.0194335      0.8958465
      9.7160225      1.0180314      0.8966716
      9.7408122      1.0166104      0.8977605
      9.7655722      1.0151915      0.8990377
      9.7903025      1.0137961      0.9004298
      9.8150029      1.0124458      0.9018670
      9.8396735      1.0111615      0.9032846
      9.8643140      1.0099632      0.9046250
      9.8889245      1.0088695      0.9058383
      9.9135049      1.0078974      0.9068836
      9.9380551      1.0070617      0.9077297
      9.9625751      1.0063750      0.9083559
      9.9870646      1.0058474      0.9087517
     10.0115238      1.0054861      0.9089173
     10.0359524      1.0052957      0.9088629
     10.0603505      1.0052779      0.9086085
     10.0847180      1.0054318      0.9081831
     10.1090547      1.0057536      0.9076233
     10.1333606      1.0062371      0.9069727
     10.1576357      1.0068739      0.9062803
     10.1818798      1.0076534      0.9055993
     10.2060929      1.0085633      0.9049853
     10.2302749      1.0095899      0.9044951
     10.2544257      1.0107182      0.9041849
     10.2785453      1.0119324      0.9041089
     10.3026336      1.0132165      0.9043183
     10.3266906      1.0145540      0.9048592
     10.3507160      1.0159289      0.9057722
     10.3747099      1.0173255      0.9070908
     10.3986723      1.0187289      0.9088411
     10.4226029      1.0201252      0.9110407
     10.4465018      1.0215016      0.9136988
     10.4703689      1.0228468      0.9168155
     10.4942041      1.0241508      0.9203822
     10.5180073      1.0254052      0.9243818
     10.5417785      1.0266031      0.9287889
     10.5655175      1.0277393      0.9335709
     10.5892244      1.0288097      0.9386883
     10.6128990      1.0298121      0.9440961
     10.6365413      1.0307451      0.9497448
     10.6601512      1.0316087      0.9555812
     10.6837286      1.0324039      0.9615503
     10.7072735      1.0331323      0.9675961
     10.7307858      1.0337962      0.9736629
     10.7542654      1.0343982      0.9796970
     10.7777122      1.0349413      0.9856473
     10.8011262      1.0354284      0.9914669
     10.8245072      1.0358622      0.9971138
     10.8478553      1.0362453      1.0025519
     10.8711704      1.0365797      1.0077517
     10.8944524      1.0368670      1.0126906
     10.9177011      1.0371083      1.0173539
     10.9409166      1.0373038      1.0217341
     10.9640988      1.0374533      1.0258317
     10.9872476      1.0375560      1.0296544
     11.0103629      1.0376104      1.0332170
     11.0334447      1.0376147      1.0365409
     11.0564928      1.0375664      1.0396533
     11.0795073      1.0374630      1.0425861
     11.1024880      1.0373017      1.0453756
     11.1254349      1.0370800      1.0480609
     11.1483479      1.0367953      1.0506828
     11.1712270      1.0364455      1.0532830
     11.1940720      1.0360288      1.0559027
     11.2168830      1.0355443      1.0585814
     11.2396597      1.0349918      1.0613559
     11.2624023      1.0343722      1.0642593
     11.2851105      1.0336871      1.0673197
     11.3077843      1.0329396      1.0705598
     11.3304237      1.0321338      1.0739958
     11.3530286      1.0312750      1.0776372
     11.3755989      1.0303699      1.0814860
     11.3981345      1.0294264      1.0855366
     11.4206355      1.0284533      1.0897757
     11.4431016      1.0274607      1.0941824
     11.4655329      1.0264595      1.0987284
     11.4879292      1.0254615      1.1033786
     11.5102906      1.0244790      1.1080913
     11.5326169      1.0235249      1.1128193
     11.5549080      1.0226122      1.1175105
     11.5771640      1.0217540      1.1221090
     11.5993847      1.0209629      1.1265560
     11.6215701      1.0202514      1.1307910
     11.6437200      1.0196311      1.1347530
     11.6658345      1.0191128      1.1383814
     11.6879135      1.0187059      1.1416177
     11.7099568      1.0184188      1.1444062
     11.7319645      1.0182582      1.1466950
     11.7539365      1.0182290      1.1484376
     11.7758726      1.0183346      1.1495934
     11.7977729      1.0185763      1.1501284
     11.8196372      1.0189534      1.1500165
     11.8414656      1.0194631      1.1492396
     11.8632578      1.0201009      1.1477878
     11.8850139      1.0208599      1.1456604
     11.9067339      1.0217316      1.1428655
     11.9284175      1.0227055      1.1394199
     11.9500648      1.0237695      1.1353491
     11.9716757      1.0249100      1.1306868
     11.9932502      1.0261120      1.1254747
     12.0147881      1.0273595      1.1197612
     12.0362894      1.0286356      1.1136012
     12.0577540      1.0299227      1.1070551
     12.0791820      1.0312029      1.1001876
     12.1005731      1.0324582      1.0930668
     12.1219273      1.0336709      1.0857634
     12.1432447      1.0348236      1.0783487
     12.1645250      1.0358999      1.0708946
     12.1857683      1.0368841      1.0634715
     12.2069745      1.0377619      1.0561476
     12.2281434      1.0385204      1.0489881
     12.2492752      1.0391483      1.0420534
     12.2703696      1.0396363      1.0353991
     12.2914266      1.0399769      1.0290747
     12.3124462      1.0401647      1.0231227
     12.3334283      1.0401965      1.0175786
     12.3543729      1.0400714      1.0124699
     12.3752798      1.0397904      1.0078163
     12.3961490      1.0393569      1.0036289
     12.4169804      1.0387766      0.9999107
     12.4377740      1.0380569      0.9966566
     12.4585297      1.0372074      0.9938534
     12.4792475      1.0362394      0.9914804
     12.4999273      1.0351656      0.9895101
     12.5205689      1.0340006      0.9879082
     12.5411725      1.0327597      0.9866350
     12.5617378      1.0314596      0.9856457
     12.5822649      1.0301173      0.9848917
     12.6027536      1.0287505      0.9843212
     12.6232040      1.0273774      0.9838803
     12.6436159      1.0260156      0.9835141
     12.6639893      1.0246829      0.9831675
     12.6843241      1.0233964      0.9827863
     12.7046203      1.0221725      0.9823183
     12.7248777      1.0210265      0.9817140
     12.7450964      1.0199726      0.9809277
     12.7652763      1.0190237      0.9799180
     12.7854173      1.0181912      0.9786487
     12.8055194      1.0174848      0.9770894
     12.8255824      1.0169125      0.9752162
     12.8456064      1.0164804      0.9730117
     12.8655912      1.0161927      0.9704655
     12.8855369      1.0160517      0.9675745
     12.9054433      1.0160580      0.9643426
     12.9253104      1.0162099      0.9607810
     12.9451381      1.0165042      0.9569079
     12.9649264      1.0169358      0.9527480
     12.9846752      1.0174981      0.9483322
     13.0043844      1.0181826      0.9436973
     13.0240541      1.0189799      0.9388852
     13.0436840      1.0198790      0.9339422
     13.0632742      1.0208679      0.9289183
     13.0828247      1.0219339      0.9238665
     13.1023352      1.0230634      0.9188418
     13.1218059      1.0242423      0.9139004
     13.1412366      1.0254564      0.9090990
     13.1606273      1.0266911      0.9044935
     13.1799778      1.0279321      0.9001387
     13.1992882      1.0291653      0.8960867
     13.2185585      1.0303770      0.8923870
     13.2377884      1.0315542      0.8890849
     13.2569780      1.0326845      0.8862215
     13.2761273      1.0337566      0.8838323
     13.2952361      1.0347601      0.8819477
     13.3143044      1.0356858      0.8805914
     13.3333321      1.0365256      0.8797810
     13.3523192      1.0372728      0.8795271
     13.3712657      1.0379221      0.8798335
     13.3901714      1.0384695      0.8806967
     13.4090364      1.0389122      0.8821065
     13.4278604      1.0392492      0.8840458
     13.4466436      1.0394803      0.8864908
     13.4653858      1.0396071      0.8894114
     13.4840871      1.0396323      0.8927716
     13.5027472      1.0395595      0.8965302
     13.5213662      1.0393937      0.9006409
     13.5399440      1.0391408      0.9050532
     13.5584806      1.0388075      0.9097134
     13.5769758      1.0384015      0.9145645
     13.5954297      1.0379308      0.9195478
     13.6138422      1.0374042      0.9246032
     13.6322132      1.0368306      0.9296702
     13.6505427      1.0362195      0.9346886
     13.6688306      1.0355801      0.9395993
     13.6870769      1.0349220      0.9443451
     13.7052815      1.0342545      0.9488716
     13.7234443      1.0335865      0.9531274
     13.7415654      1.0329267      0.9570655
     13.7596445      1.0322834      0.9606431
     13.7776818      1.0316642      0.9638229
     13.7956771      1.0310761      0.9665730
     13.8136303      1.0305255      0.9688676
     13.8315415      1.0300179      0.9706871
     13.8494106      1.0295580      0.9720187
     13.8672374      1.0291498      0.9728561
     13.8850221      1.0287962      0.9731998
     13.9027644      1.0284994      0.9730573
     13.9204644      1.0282607      0.9724424
     13.9381219      1.0280804      0.9713757
     13.9557370      1.0279581      0.9698838
     13.9733096      1.0278924      0.9679994
     13.9908397      1.0278814      0.9657605
     14.0083271      1.0279223      0.9632102
     14.0257718      1.0280117      0.9603960
     14.0431739      1.0281456      0.9573695
     14.0605331      1.0283194      0.9541853
     14.0778495      1.0285281      0.9509008
     14.0951231      1.0287665      0.9475752
     14.1123536      1.0290288      0.9442691
     14.1295412      1.0293093      0.9410434
     14.1466858      1.0296020      0.9379588
     14.1637873      1.0299009      0.9350752
     14.1808456      1.0302001      0.9324506
     14.1978607      1.0304937      0.9301408
     14.2148326      1.0307761      0.9281984
     14.2317612      1.0310420      0.9266725
     14.2486464      1.0312862      0.9256079
     14.2654882      1.0315041      0.9250446
     14.2822866      1.0316914      0.9250172
     14.2990415      1.0318444      0.9255548
     14.3157528      1.0319599      0.9266801
     14.3324204      1.0320350      0.9284096
     14.3490445      1.0320677      0.9307530
     14.3656248      1.0320565      0.9337132
     14.3821614      1.0320003      0.9372861
     14.3986541      1.0318987      0.9414606
     14.4151030      1.0317521      0.9462185
     14.4315080      1.0315611      0.9515348
     14.4478690      1.0313271      0.9573777
     14.4641860      1.0310519      0.9637087
     14.4804590      1.0307380      0.9704832
     14.4966878      1.0303882      0.9776507
     14.5128725      1.0300056      0.9851550
     14.5290130      1.0295940      0.9929348
     14.5451092      1.0291573      1.0009242
     14.5611611      1.0286997      1.0090530
     14.5771686      1.0282258      1.0172478
     14.5931318      1.0277402      1.0254317
     14.6090505      1.0272476      1.0335258
     14.6249247      1.0267531      1.0414492
     14.6407543      1.0262613      1.0491197
     14.6565394      1.0257773      1.0564550
     14.6722798      1.0253057      1.0633724
     14.6879755      1.0248513      1.0697903
     14.7036264      1.0244184      1.0756282
     14.7192326      1.0240115      1.0808076
     14.7347939      1.0236344      1.0852526
     14.7503104      1.0232909      1.0888902
     14.7657819      1.0229844      1.0916512
     14.7812084      1.0227179      1.0934704
     14.7965899      1.0224941      1.0942870
     14.8119264      1.0223153      1.0940453
     14.8272177      1.0221833      1.0926951
     14.8424639      1.0220995      1.0901914
     14.8576648      1.0220650      1.0864957
     14.8728205      1.0220803      1.0815753
     14.8879309      1.0221456      1.0754041
     14.9029959      1.0222606      1.0679623
     14.9180155      1.0224247      1.0592370
     14.9329897      1.0226366      1.0492218
     14.9479184      1.0228951      1.0379170
     14.9628016      1.0231981      1.0253295
     14.9776391      1.0235436      1.0114729
     14.9924311      1.0239290      0.9963670
     15.0071774      1.0243516      0.9800379
     15.0218780      1.0248083      0.9625179
     15.0365328      1.0252957      0.9438448
     15.0511418      1.0258105      0.9240620
     15.0657049      1.0263489      0.9032183
     15.0802222      1.0269072      0.8813671
     15.0946935      1.0274815      0.8585664
     15.1091189      1.0280678      0.8348783
     15.1234982      1.0286620      0.8103685
     15.1378315      1.0292603      0.7851062
     15.1521186      1.0298586      0.7591633
     15.1663596      1.0304529      0.7326143
     15.1805544      1.0310395      0.7055356
     15.1947030      1.0316147      0.6780051
     15.2088052      1.0321747      0.6501019
     15.2228612      1.0327163      0.6219059
     15.2368707      1.0332361      0.5934969
     15.2508339      1.0337311      0.5649550
     15.2647506      1.0341985      0.5363595
     15.2786207      1.0346357      0.5077886
