 Results from RMCProfile version 6.7.9.5

 (Version 6f format configuration file)                                          

 2 experiments   3 partials

 Partial g(r)'s are printed out below

   128  3 are NR and NPAR

   r (Ang)
   0.06545     0.00000     0.00000     0.00000
   0.13090     0.00000     0.00000    11.88542
   0.19635     0.00000     0.00000     0.00000
   0.26180     0.00000     3.56070     0.00000
   0.32725     0.00000     0.00000     1.93484
   0.39271     0.00000     1.58710     2.69000
   0.45816     0.00000     1.16675     2.96631
   0.52361     0.00000     2.68094     1.51466
   0.58906     0.00000     2.11885     1.19709
   0.65451     0.00000     2.28881     0.00000
   0.71996     0.00000     0.94593     1.20245
   0.78541     1.87603     1.19239     1.01050
   0.85086     0.00000     1.69348     1.72219
   0.91631     1.37852     2.04441     0.99003
   0.98176     1.20091     2.28987     0.21562
   1.04721     0.00000     1.78904     0.18952
   1.11267     0.00000     0.59431     0.33577
   1.17812     0.00000    16.78720     0.29950
   1.24357     0.00000     0.00000     0.00000
   1.30902     0.00000     0.14314     0.12131
   1.37447     0.00000     0.00000     0.44012
   1.43992     0.00000     0.23660     1.30332
   1.50537     2.04357     2.27304     3.66915
   1.57082     3.75369     2.78345     3.11706
   1.63627     2.16215     2.29041     2.32923
   1.70172     1.59924     1.01646     1.43568
   1.76718     1.48298     1.57096     2.13011
   1.83263     1.03422     2.48329     2.35207
   1.89808     3.85652     2.92780     1.67336
   1.96353     2.40248     2.16325     1.72543
   2.02898     1.68750     1.19174     1.21194
   2.09443     0.79184     0.89474     0.66347
   2.15988     1.24097     1.05167     0.75756
   2.22533     0.46762     0.39629     0.62970
   2.29078     0.88257     0.32722     0.23769
   2.35623     0.62566     6.93710     0.14978
   2.42168     0.59230     0.04183     0.14179
   2.48714     0.00000     0.11897     0.26886
   2.55259     0.17771     0.22590     0.57431
   2.61804     1.01359     0.50107     1.18291
   2.68349     1.12554     1.09011     1.78991
   2.74894     1.53227     1.03882     1.29303
   2.81439     1.31565     0.80525     1.07611
   2.87984     1.25653     0.88738     0.55148
   2.94529     1.33478     0.70698     0.95862
   3.01074     1.14964     1.35316     1.23848
   3.07619     1.71305     1.06288     1.31816
   3.14164     1.64242     1.46644     1.51657
   3.20710     1.46349     1.12099     1.33403
   3.27255     0.97306     0.64138     0.75708
   3.33800     1.03920     0.77059     1.00756
   3.40345     1.09958     0.78360     1.05892
   3.46890     1.34715     1.08049     1.07117
   3.53435     1.76119     1.21760     0.96529
   3.59980     0.71484     1.07907     0.77008
   3.66525     0.43096     0.91305     0.74282
   3.73070     0.99833     0.86367     0.55268
   3.79615     0.80350     0.91926     0.70690
   3.86161     1.47534     0.97062     0.98986
   3.92706     1.72691     1.14533     1.01106
   3.99251     1.16226     0.95419     1.09557
   4.05796     0.91412     1.08753     0.90901
   4.12341     1.02154     0.85128     0.96598
   4.18886     0.79189     1.23034     1.11375
   4.25431     1.53543     0.92169     1.17164
   4.31976     1.61336     1.23579     1.29238
   4.38521     1.38492     1.41604     1.20004
   4.45066     1.16912     1.15178     1.22798
   4.51611     1.19225     1.09458     1.00916
   4.58157     1.48941     1.12196     1.10929
   4.64702     1.66223     1.01106     1.13602
   4.71247     1.56424     1.28144     1.02979
   4.77792     1.31879     1.37553     0.97445
   4.84337     0.88850     1.22357     0.94829
   4.90882     1.20134     1.10971     0.88866
   4.97427     1.49751     1.17984     0.97466
   5.03972     1.41328     0.97554     0.94133
   5.10517     1.06628     1.20483     0.99711
   5.17062     1.42925     1.34887     1.18976
   5.23607     1.35151     1.27062     1.08438
   5.30153     1.23594     1.01250     1.04297
   5.36698     1.20598     1.12422     1.12595
   5.43243     0.98092     1.09730     1.13421
   5.49788     1.68555     1.14437     1.02483
   5.56333     1.27201     1.29991     1.24939
   5.62878     1.02332     1.16145     1.08271
   5.69423     1.39275     0.97602     1.16696
   5.75968     1.25657     1.02052     1.07792
   5.82513     1.02374     0.99771     0.96193
   5.89058     1.10123     1.09586     1.16236
   5.95604     1.40357     1.00966     1.07835
   6.02149     1.18161     1.17052     1.07224
   6.08694     1.00008     1.14548     1.01564
   6.15239     1.00950     1.03698     0.98316
   6.21784     1.19801     1.04699     0.97332
   6.28329     1.26118     0.93209     1.04267
   6.34874     1.03421     1.02252     1.06771
   6.41419     1.15393     1.09121     1.13193
   6.47964     1.18590     1.16860     1.03491
   6.54509     0.67576     1.09381     0.86386
   6.61054     0.92742     1.05541     1.11327
   6.67600     0.98726     1.00180     0.97493
   6.74145     0.73888     0.99863     1.07045
   6.80690     1.09960     1.13836     1.05445
   6.87235     1.27490     1.05445     1.26337
   6.93780     1.20284     1.05503     0.88978
   7.00325     1.06242     0.89535     0.93257
   7.06870     0.95014     1.00159     1.01940
   7.13415     0.84178     1.12790     0.92726
   7.19960     1.31800     1.13588     1.05486
   7.26505     0.98723     1.07833     1.02413
   7.33050     1.14206     0.93589     1.09104
   7.39596     0.99493     0.93734     0.91978
   7.46141     1.14394     1.09723     0.93733
   7.52686     1.02194     0.87471     1.00917
   7.59231     0.92404     1.06398     1.00266
   7.65776     1.52044     1.12954     1.10968
   7.72321     1.06770     1.13515     0.95502
   7.78866     0.91622     0.96652     0.93561
   7.85411     0.75084     0.90276     0.93019
   7.91956     1.08926     0.94657     0.98781
   7.98501     1.07148     1.06194     1.11841
   8.05046     1.26853     1.15451     1.12275
   8.11592     1.12509     1.00561     1.08894
   8.18137     1.00337     0.98225     0.90696
   8.24682     0.62996     0.75029     0.92319
   8.31227     0.87146     0.87345     0.95084
   8.37772     1.51782     1.61135     1.46923

 Partial S(Q)'s are printed out below

   494  3 are NQ and NPAR

      Q          S(Q)_1      S(Q)_2      S(Q)_3
  0.4682470     5.1280974     4.4130006     0.9292967
  0.4982822     3.9471890     3.7824279     0.6084119
  0.5283174     2.8686756     3.2170270     0.3361294
  0.5583526     1.9015149     2.7207691     0.1134777
  0.5883878     1.0512591     2.2954374    -0.0601370
  0.6184230     0.3201682     1.9407514    -0.1867782
  0.6484582    -0.2925758     1.6545558    -0.2697767
  0.6784934    -0.7905665     1.4330640    -0.3134918
  0.7085286    -1.1798012     1.2711407    -0.3230467
  0.7385638    -1.4682576     1.1626108    -0.3040543
  0.7685990    -1.6654387     1.1005802    -0.2623434
  0.7986342    -1.7819067     1.0777523    -0.2037008
  0.8286694    -1.8288239     1.0867293    -0.1336385
  0.8587046    -1.8175200     1.1202858    -0.0571959
  0.8887398    -1.7590997     1.1716046     0.0212164
  0.9187750    -1.6641032     1.2344684     0.0979260
  0.9488102    -1.5422299     1.3034033     0.1700603
  0.9788454    -1.4021303     1.3737711     0.2355611
  1.0088806    -1.2512685     1.4418116     0.2931544
  1.0389158    -1.0958540     1.5046398     0.3422819
  1.0689510    -0.9408389     1.5601999     0.3830012
  1.0989862    -0.7899728     1.6071865     0.4158618
  1.1290214    -0.6459074     1.6449391     0.4417677
  1.1590566    -0.5103376     1.6733189     0.4618353
  1.1890918    -0.3841705     1.6925776     0.4772549
  1.2191270    -0.2677065     1.7032265     0.4891651
  1.2491622    -0.1608241     1.7059134     0.4985464
  1.2791974    -0.0631553     1.7013142     0.5061394
  1.3092326     0.0257573     1.6900446     0.5123913
  1.3392678     0.1063285     1.6725953     0.5174319
  1.3693030     0.1788303     1.6492919     0.5210798
  1.3993382     0.2433252     1.6202803     0.5228748
  1.4293734     0.2996359     1.5855361     0.5221339
  1.4594086     0.3473480     1.5448937     0.5180261
  1.4894438     0.3858435     1.4980921     0.5096583
  1.5194790     0.4143599     1.4448324     0.4961668
  1.5495142     0.4320691     1.3848410     0.4768077
  1.5795494     0.4381679     1.3179328     0.4510387
  1.6095846     0.4319733     1.2440700     0.4185878
  1.6396198     0.4130153     1.1634115     0.3795030
  1.6696551     0.3811197     1.0763483     0.3341799
  1.6996903     0.3364755     0.9835237     0.2833669
  1.7297255     0.2796816     0.8858358     0.2281441
  1.7597607     0.2117690     0.7844217     0.1698815
  1.7897959     0.1341983     0.6806258     0.1101753
  1.8198311     0.0488304     0.5759527     0.0507690
  1.8498663    -0.0421268     0.4720089    -0.0065369
  1.8799015    -0.1361935     0.3704363    -0.0599816
  1.9099367    -0.2307107     0.2728424    -0.1079391
  1.9399719    -0.3229448     0.1807306    -0.1490081
  1.9700071    -0.4101995     0.0954354    -0.1820897
  2.0000423    -0.4899281     0.0180671    -0.2064492
  2.0300775    -0.5598400    -0.0505325    -0.2217567
  2.0601127    -0.6179976    -0.1098196    -0.2281066
  2.0901479    -0.6628957    -0.1595623    -0.2260118
  2.1201831    -0.6935226    -0.1998371    -0.2163760
  2.1502183    -0.7093972    -0.2310116    -0.2004433
  2.1802535    -0.7105835    -0.2537108    -0.1797292
  2.2102887    -0.6976783    -0.2687727    -0.1559379
  2.2403239    -0.6717777    -0.2771946    -0.1308687
  2.2703591    -0.6344200    -0.2800736    -0.1063190
  2.3003943    -0.5875117    -0.2785454    -0.0839877
  2.3304295    -0.5332387    -0.2737252    -0.0653862
  2.3604647    -0.4739673    -0.2666536    -0.0517605
  2.3904999    -0.4121417    -0.2582503    -0.0440298
  2.4205351    -0.3501800    -0.2492797    -0.0427441
  2.4505703    -0.2903767    -0.2403273    -0.0480629
  2.4806055    -0.2348139    -0.2317907    -0.0597570
  2.5106407    -0.1852854    -0.2238822    -0.0772314
  2.5406759    -0.1432374    -0.2166445    -0.0995685
  2.5707111    -0.1097268    -0.2099765    -0.1255884
  2.6007463    -0.0853987    -0.2036675    -0.1539228
  2.6307815    -0.0704833    -0.1974369    -0.1830980
  2.6608167    -0.0648108    -0.1909760    -0.2116214
  2.6908519    -0.0678430    -0.1839899    -0.2380671
  2.7208871    -0.0787194    -0.1762352    -0.2611560
  2.7509223    -0.0963140    -0.1675522    -0.2798243
  2.7809575    -0.1193008    -0.1578887    -0.2932792
  2.8109927    -0.1462231    -0.1473135    -0.3010360
  2.8410279    -0.1755642    -0.1360203    -0.3029377
  2.8710631    -0.2058157    -0.1243198    -0.2991536
  2.9010983    -0.2355407    -0.1126229    -0.2901600
  2.9311335    -0.2634285    -0.1014146    -0.2767029
  2.9611687    -0.2883410    -0.0912214    -0.2597459
  2.9912039    -0.3093465    -0.0825741    -0.2404069
  3.0212391    -0.3257427    -0.0759690    -0.2198869
  3.0512743    -0.3370676    -0.0718304    -0.1993962
  3.0813095    -0.3430990    -0.0704759    -0.1800822
  3.1113447    -0.3438433    -0.0720889    -0.1629621
  3.1413799    -0.3395159    -0.0766980    -0.1488659
  3.1714151    -0.3305135    -0.0841672    -0.1383916
  3.2014503    -0.3173814    -0.0941951    -0.1318761
  3.2314855    -0.3007769    -0.1063258    -0.1293813
  3.2615207    -0.2814316    -0.1199691    -0.1306985
  3.2915559    -0.2601136    -0.1344301    -0.1353682
  3.3215911    -0.2375911    -0.1489452    -0.1427143
  3.3516263    -0.2145997    -0.1627235    -0.1518909
  3.3816615    -0.1918140    -0.1749909    -0.1619383
  3.4116967    -0.1698238    -0.1850326    -0.1718438
  3.4417319    -0.1491157    -0.1922344    -0.1806047
  3.4717671    -0.1300610    -0.1961173    -0.1872889
  3.5018023    -0.1129085    -0.1963650    -0.1910894
  3.5318375    -0.0977827    -0.1928424    -0.1913696
  3.5618727    -0.0846870    -0.1856036    -0.1876981
  3.5919079    -0.0735110    -0.1748888    -0.1798680
  3.6219431    -0.0640414    -0.1611115    -0.1679038
  3.6519783    -0.0559758    -0.1448349    -0.1520524
  3.6820135    -0.0489386    -0.1267411    -0.1327612
  3.7120487    -0.0424989    -0.1075929    -0.1106441
  3.7420839    -0.0361890    -0.0881918    -0.0864374
  3.7721191    -0.0295236    -0.0693350    -0.0609500
  3.8021543    -0.0220190    -0.0517725    -0.0350092
  3.8321895    -0.0132115    -0.0361679    -0.0094075
  3.8622247    -0.0026760    -0.0230653     0.0151483
  3.8922599     0.0099582    -0.0128633     0.0380807
  3.9222951     0.0249914    -0.0057978     0.0589757
  3.9523303     0.0426409    -0.0019358     0.0776064
  3.9823655     0.0630295    -0.0011772     0.0939439
  4.0124007     0.0861769    -0.0032682     0.1081548
  4.0424359     0.1119948    -0.0078220     0.1205857
  4.0724711     0.1402837    -0.0143474     0.1317364
  4.1025063     0.1707344    -0.0222821     0.1422229
  4.1325415     0.2029324    -0.0310298     0.1527328
  4.1625767     0.2363667    -0.0399977     0.1639755
  4.1926119     0.2704412    -0.0486320     0.1766311
  4.2226471     0.3044909    -0.0564509     0.1913008
  4.2526823     0.3378002    -0.0630708     0.2084612
  4.2827175     0.3696248    -0.0682259     0.2284266
  4.3127527     0.3992149    -0.0717799     0.2513200
  4.3427879     0.4258407    -0.0737286     0.2770562
  4.3728231     0.4488170    -0.0741939     0.3053367
  4.4028583     0.4675286    -0.0734102     0.3356566
  4.4328935     0.4814531    -0.0717035     0.3673253
  4.4629287     0.4901815    -0.0694652     0.3994958
  4.4929639     0.4934351    -0.0671224     0.4312056
  4.5229991     0.4910781    -0.0651067     0.4614223
  4.5530343     0.4831245    -0.0638228     0.4890949
  4.5830695     0.4697400    -0.0636206     0.5132056
  4.6131047     0.4512377    -0.0647710     0.5328202
  4.6431399     0.4280673    -0.0674474     0.5471341
  4.6731751     0.4007999    -0.0717140     0.5555117
  4.7032103     0.3701068    -0.0775225     0.5575163
  4.7332455     0.3367346    -0.0847150     0.5529298
  4.7632807     0.3014767    -0.0930351     0.5417614
  4.7933159     0.2651435    -0.1021452     0.5242447
  4.8233511     0.2285319    -0.1116488     0.5008228
  4.8533863     0.1923953    -0.1211165     0.4721250
  4.8834215     0.1574164    -0.1301139     0.4389333
  4.9134567     0.1241835    -0.1382292     0.4021441
  4.9434919     0.0931706    -0.1450994     0.3627244
  4.9735271     0.0647247    -0.1504322     0.3216676
  5.0035623     0.0390574    -0.1540235     0.2799493
  5.0335975     0.0162446    -0.1557688     0.2384867
  5.0636327    -0.0037685    -0.1556672     0.1981037
  5.0936679    -0.0211554    -0.1538193     0.1595021
  5.1237031    -0.0361921    -0.1504174     0.1232420
  5.1537383    -0.0492350    -0.1457306     0.0897309
  5.1837735    -0.0606966    -0.1400841     0.0592211
  5.2138087    -0.0710188    -0.1338354     0.0318166
  5.2438439    -0.0806459    -0.1273488     0.0074876
  5.2738791    -0.0899982    -0.1209687    -0.0139093
  5.3039143    -0.0994481    -0.1149959    -0.0326053
  5.3339495    -0.1093000    -0.1096659    -0.0488916
  5.3639847    -0.1197741    -0.1051326    -0.0630899
  5.3940199    -0.1309960    -0.1014572    -0.0755251
  5.4240551    -0.1429916    -0.0986042    -0.0864996
  5.4540903    -0.1556884    -0.0964435    -0.0962731
  5.4841255    -0.1689220    -0.0947597    -0.1050468
  5.5141607    -0.1824475    -0.0932668    -0.1129546
  5.5441959    -0.1959561    -0.0916290    -0.1200608
  5.5742311    -0.2090942    -0.0894836    -0.1263631
  5.6042663    -0.2214851    -0.0864680    -0.1318030
  5.6343015    -0.2327513    -0.0822453    -0.1362795
  5.6643367    -0.2425363    -0.0765303    -0.1396666
  5.6943719    -0.2505256    -0.0691111    -0.1418337
  5.7244071    -0.2564632    -0.0598671    -0.1426649
  5.7544423    -0.2601663    -0.0487813    -0.1420788
  5.7844775    -0.2615344    -0.0359457    -0.1400441
  5.8145127    -0.2605537    -0.0215605    -0.1365924
  5.8445479    -0.2572969    -0.0059256    -0.1318263
  5.8745831    -0.2519183     0.0105737    -0.1259209
  5.9046183    -0.2446440     0.0274869    -0.1191209
  5.9346535    -0.2357588     0.0443225    -0.1117316
  5.9646887    -0.2255905     0.0605757    -0.1041051
  5.9947239    -0.2144919     0.0757564    -0.0966226
  6.0247591    -0.2028228     0.0894176    -0.0896733
  6.0547943    -0.1909316     0.1011802    -0.0836327
  6.0848295    -0.1791390     0.1107551    -0.0788403
  6.1148647    -0.1677235     0.1179596    -0.0755785
  6.1448999    -0.1569108     0.1227272    -0.0740551
  6.1749351    -0.1468654     0.1251107    -0.0743891
  6.2049703    -0.1376876     0.1252789    -0.0766018
  6.2350055    -0.1294135     0.1235050    -0.0806141
  6.2650407    -0.1220186     0.1201505    -0.0862481
  6.2950759    -0.1154257     0.1156426    -0.0932365
  6.3251111    -0.1095142     0.1104483    -0.1012357
  6.3551463    -0.1041321     0.1050472    -0.1098441
  6.3851815    -0.0991089     0.0999020    -0.1186239
  6.4152167    -0.0942687     0.0954325    -0.1271246
  6.4452519    -0.0894425     0.0919906    -0.1349075
  6.4752871    -0.0844793     0.0898409    -0.1415694
  6.5053223    -0.0792550     0.0891465    -0.1467638
  6.5353575    -0.0736787     0.0899615    -0.1502190
  6.5653927    -0.0676962     0.0922297    -0.1517515
  6.5954279    -0.0612912     0.0957910    -0.1512741
  6.6254631    -0.0544824     0.1003935    -0.1487982
  6.6554983    -0.0473198     0.1057111    -0.1444308
  6.6855335    -0.0398776     0.1113665    -0.1383654
  6.7155687    -0.0322468     0.1169559    -0.1308680
  6.7456039    -0.0245264     0.1220756    -0.1222601
  6.7756391    -0.0168151     0.1263483    -0.1128974
  6.8056743    -0.0092035     0.1294475    -0.1031481
  6.8357095    -0.0017678     0.1311177    -0.0933705
  6.8657447     0.0054351     0.1311910    -0.0838922
  6.8957799     0.0123699     0.1295964    -0.0749915
  6.9258151     0.0190230     0.1263644    -0.0668823
  6.9558503     0.0254004     0.1216237    -0.0597040
  6.9858855     0.0315237     0.1155926    -0.0535158
  7.0159207     0.0374235     0.1085640    -0.0482969
  7.0459559     0.0431332     0.1008861    -0.0439511
  7.0759911     0.0486804     0.0929397    -0.0403171
  7.1060263     0.0540797     0.0851136    -0.0371822
  7.1360615     0.0593258     0.0777793    -0.0342992
  7.1660967     0.0643883     0.0712675    -0.0314056
  7.1961319     0.0692076     0.0658471    -0.0282432
  7.2261671     0.0736947     0.0617088    -0.0245771
  7.2562023     0.0777320     0.0589531    -0.0202135
  7.2862375     0.0811784     0.0575851    -0.0150139
  7.3162727     0.0838757     0.0575148    -0.0089056
  7.3463079     0.0856580     0.0585645    -0.0018886
  7.3763431     0.0863626     0.0604809     0.0059634
  7.4063783     0.0858421     0.0629532     0.0145061
  7.4364135     0.0839768     0.0656336     0.0235327
  7.4664487     0.0806863     0.0681616     0.0327860
  7.4964839     0.0759404     0.0701884     0.0419731
  7.5265191     0.0697670     0.0714002     0.0507836
  7.5565543     0.0622582     0.0715402     0.0589083
  7.5865896     0.0535719     0.0704260     0.0660572
  7.6166248     0.0439307     0.0679627     0.0719781
  7.6466600     0.0336162     0.0641500     0.0764707
  7.6766952     0.0229603     0.0590838     0.0793995
  7.7067304     0.0123320     0.0529504     0.0807016
  7.7367656     0.0021224     0.0460161     0.0803904
  7.7668008    -0.0072731     0.0386107     0.0785549
  7.7968360    -0.0154732     0.0311067     0.0753543
  7.8268712    -0.0221303     0.0238967     0.0710086
  7.8569064    -0.0269479     0.0173676     0.0657859
  7.8869416    -0.0296975     0.0118768     0.0599864
  7.9169768    -0.0302319     0.0077287     0.0539256
  7.9470120    -0.0284945     0.0051549     0.0479164
  7.9770472    -0.0245257     0.0042991     0.0422514
  8.0070824    -0.0184628     0.0052068     0.0371876
  8.0371176    -0.0105366     0.0078215     0.0329326
  8.0671528    -0.0010623     0.0119869     0.0296346
  8.0971880     0.0095735     0.0174557     0.0273760
  8.1272232     0.0209300     0.0239035     0.0261712
  8.1572584     0.0325320     0.0309479     0.0259680
  8.1872936     0.0438913     0.0381710     0.0266539
  8.2173288     0.0545300     0.0451441     0.0280648
  8.2473640     0.0640023     0.0514531     0.0299974
  8.2773992     0.0719154     0.0567228     0.0322226
  8.3074344     0.0779480     0.0606388     0.0345017
  8.3374696     0.0818647     0.0629660     0.0366004
  8.3675048     0.0835265     0.0635612     0.0383042
  8.3975400     0.0828971     0.0623808     0.0394307
  8.4275752     0.0800426     0.0594822     0.0398402
  8.4576104     0.0751280     0.0550180     0.0394427
  8.4876456     0.0684077     0.0492257     0.0382022
  8.5176808     0.0602121     0.0424110     0.0361370
  8.5477160     0.0509306     0.0349273     0.0333167
  8.5777512     0.0409924     0.0271526     0.0298563
  8.6077864     0.0308455     0.0194647     0.0259075
  8.6378216     0.0209345     0.0122163     0.0216475
  8.6678568     0.0116805     0.0057124     0.0172680
  8.6978920     0.0034613     0.0001903     0.0129621
  8.7279272    -0.0034046    -0.0041955     0.0089127
  8.7579624    -0.0086719    -0.0073832     0.0052817
  8.7879976    -0.0121772    -0.0094081     0.0022012
  8.8180328    -0.0138442    -0.0103996    -0.0002333
  8.8480680    -0.0136841    -0.0105734    -0.0019665
  8.8781032    -0.0117917    -0.0102169    -0.0029844
  8.9081384    -0.0083377    -0.0096710    -0.0033125
  8.9381736    -0.0035574    -0.0093075    -0.0030111
  8.9682088     0.0022630    -0.0095047    -0.0021692
  8.9982440     0.0088024    -0.0106226    -0.0008956
  9.0282792     0.0157219    -0.0129787     0.0006898
  9.0583144     0.0226812    -0.0168267     0.0024662
  9.0883496     0.0293553    -0.0223387     0.0043209
  9.1183848     0.0354492    -0.0295924     0.0061572
  9.1484200     0.0407103    -0.0385648     0.0079014
  9.1784552     0.0449383    -0.0491307     0.0095075
  9.2084904     0.0479921    -0.0610691     0.0109589
  9.2385256     0.0497935    -0.0740747     0.0122688
  9.2685608     0.0503273    -0.0877744     0.0134770
  9.2985960     0.0496392    -0.1017489     0.0146458
  9.3286312     0.0478302    -0.1155565     0.0158531
  9.3586664     0.0450493    -0.1287589     0.0171848
  9.3887016     0.0414841    -0.1409461     0.0187263
  9.4187368     0.0373507    -0.1517605     0.0205542
  9.4487720     0.0328824    -0.1609173     0.0227285
  9.4788072     0.0283189    -0.1682205     0.0252856
  9.5088424     0.0238959    -0.1735736     0.0282340
  9.5388776     0.0198353    -0.1769842     0.0315510
  9.5689128     0.0163368    -0.1785621     0.0351821
  9.5989480     0.0135712    -0.1785110     0.0390432
  9.6289832     0.0116750    -0.1771149     0.0430244
  9.6590184     0.0107467    -0.1747193     0.0469960
  9.6890536     0.0108448    -0.1717082     0.0508163
  9.7190888     0.0119869    -0.1684794     0.0543402
  9.7491240     0.0141505    -0.1654185     0.0574280
  9.7791592     0.0172747    -0.1628741     0.0599548
  9.8091944     0.0212628    -0.1611348     0.0618180
  9.8392296     0.0259853    -0.1604099     0.0629440
  9.8692648     0.0312839    -0.1608155     0.0632932
  9.8993000     0.0369759    -0.1623660     0.0628621
  9.9293352     0.0428582    -0.1649717     0.0616833
  9.9593704     0.0487128    -0.1684435     0.0598232
  9.9894056     0.0543113    -0.1725028     0.0573771
 10.0194408     0.0594209    -0.1767981     0.0544623
 10.0494760     0.0638097    -0.1809256     0.0512097
 10.0795112     0.0672533    -0.1844528     0.0477547
 10.1095464     0.0695408    -0.1869454     0.0442270
 10.1395816     0.0704820    -0.1879927     0.0407420
 10.1696168     0.0699140    -0.1872335     0.0373919
 10.1996520     0.0677084    -0.1843784     0.0342391
 10.2296872     0.0637777    -0.1792284     0.0313121
 10.2597224     0.0580817    -0.1716880     0.0286030
 10.2897576     0.0506324    -0.1617729     0.0260683
 10.3197928     0.0414987    -0.1496111     0.0236324
 10.3498280     0.0308080    -0.1354376     0.0211933
 10.3798632     0.0187473    -0.1195828     0.0186308
 10.4098984     0.0055609    -0.1024564     0.0158160
 10.4399336    -0.0084534    -0.0845256     0.0126223
 10.4699688    -0.0229516    -0.0662914     0.0089361
 10.5000040    -0.0375527    -0.0482627     0.0046676
 10.5300392    -0.0518507    -0.0309297    -0.0002400
 10.5600744    -0.0654280    -0.0147397    -0.0058032
 10.5901096    -0.0778714    -0.0000743    -0.0119930
 10.6201448    -0.0887886     0.0127678    -0.0187333
 10.6501800    -0.0978243     0.0235850    -0.0259017
 10.6802152    -0.1046770     0.0322798    -0.0333341
 10.7102504    -0.1091139     0.0388607    -0.0408317
 10.7402856    -0.1109831     0.0434379    -0.0481713
 10.7703208    -0.1102239     0.0462135    -0.0551174
 10.8003560    -0.1068726     0.0474668    -0.0614352
 10.8303912    -0.1010645     0.0475358    -0.0669052
 10.8604264    -0.0930315     0.0467959    -0.0713361
 10.8904616    -0.0830952     0.0456371    -0.0745780
 10.9204968    -0.0716549     0.0444414    -0.0765322
 10.9505320    -0.0591723     0.0435611    -0.0771593
 10.9805672    -0.0461525     0.0433001    -0.0764832
 11.0106024    -0.0331221     0.0438985    -0.0745919
 11.0406376    -0.0206056     0.0455210    -0.0716345
 11.0706728    -0.0091020     0.0482517    -0.0678143
 11.1007080     0.0009388     0.0520920    -0.0633781
 11.1307432     0.0091375     0.0569650    -0.0586036
 11.1607784     0.0152030     0.0627240    -0.0537840
 11.1908136     0.0189476     0.0691642    -0.0492113
 11.2208488     0.0202955     0.0760382    -0.0451595
 11.2508840     0.0192870     0.0830734    -0.0418689
 11.2809192     0.0160764     0.0899894    -0.0395311
 11.3109544     0.0109243     0.0965155    -0.0382778
 11.3409896     0.0041843     0.1024072    -0.0381721
 11.3710248    -0.0037158     0.1074592    -0.0392038
 11.4010600    -0.0122953     0.1115161    -0.0412894
 11.4310952    -0.0210467     0.1144789    -0.0442758
 11.4611304    -0.0294618     0.1163076    -0.0479486
 11.4911656    -0.0370586     0.1170200    -0.0520438
 11.5212008    -0.0434071     0.1166864    -0.0562625
 11.5512360    -0.0481519     0.1154214    -0.0602883
 11.5812712    -0.0510313     0.1133729    -0.0638051
 11.6113064    -0.0518910     0.1107100    -0.0665160
 11.6413416    -0.0506922     0.1076090    -0.0681600
 11.6713768    -0.0475133     0.1042415    -0.0685280
 11.7014120    -0.0425453     0.1007615    -0.0674755
 11.7314472    -0.0360805     0.0972964    -0.0649308
 11.7614824    -0.0284966     0.0939394    -0.0609002
 11.7915176    -0.0202346     0.0907456    -0.0554683
 11.8215528    -0.0117743     0.0877309    -0.0487934
 11.8515880    -0.0036074     0.0848744    -0.0410991
 11.8816232     0.0037906     0.0821241    -0.0326619
 11.9116584     0.0099873     0.0794043    -0.0237962
 11.9416936     0.0146177     0.0766258    -0.0148361
 11.9717288     0.0174049     0.0736960    -0.0061176
 12.0017640     0.0181762     0.0705306     0.0020405
 12.0317992     0.0168727     0.0670631     0.0093536
 12.0618344     0.0135528     0.0632541     0.0155875
 12.0918696     0.0083893     0.0590976     0.0205696
 12.1219048     0.0016598     0.0546247     0.0241985
 12.1519400    -0.0062688     0.0499046     0.0264476
 12.1819752    -0.0149608     0.0450420     0.0273658
 12.2120104    -0.0239359     0.0401712     0.0270721
 12.2420456    -0.0326956     0.0354485     0.0257479
 12.2720808    -0.0407512     0.0310411     0.0236244
 12.3021160    -0.0476503     0.0271155     0.0209677
 12.3321512    -0.0530020     0.0238251     0.0180622
 12.3621864    -0.0564970     0.0212980     0.0151932
 12.3922216    -0.0579248     0.0196259     0.0126291
 12.4222568    -0.0571836     0.0188557     0.0106059
 12.4522920    -0.0542847     0.0189830     0.0093133
 12.4823272    -0.0493505     0.0199496     0.0088839
 12.5123624    -0.0426056     0.0216443     0.0093866
 12.5423976    -0.0343628     0.0239074     0.0108231
 12.5724328    -0.0250042     0.0265394     0.0131301
 12.6024680    -0.0149585     0.0293114     0.0161837
 12.6325032    -0.0046757     0.0319793     0.0198092
 12.6625384     0.0053980     0.0342988     0.0237926
 12.6925736     0.0148454     0.0360414     0.0278952
 12.7226088     0.0233013     0.0370100     0.0318690
 12.7526440     0.0304711     0.0370524     0.0354727
 12.7826792     0.0361454     0.0360735     0.0384871
 12.8127144     0.0402094     0.0340433     0.0407283
 12.8427496     0.0426453     0.0310013     0.0420589
 12.8727848     0.0435302     0.0270569     0.0423958
 12.9028200     0.0430269     0.0223847     0.0417145
 12.9328552     0.0413702     0.0172162     0.0400493
 12.9628904     0.0388494     0.0118271     0.0374903
 12.9929256     0.0357874     0.0065221     0.0341757
 13.0229608     0.0325181     0.0016163     0.0302826
 13.0529960     0.0293641    -0.0025832     0.0260137
 13.0830312     0.0266151    -0.0057968     0.0215844
 13.1130664     0.0245101    -0.0077901     0.0172079
 13.1431016     0.0232218    -0.0083898     0.0130812
 13.1731368     0.0228473    -0.0074955     0.0093726
 13.2031720     0.0234028    -0.0050879     0.0062115
 13.2332072     0.0248253    -0.0012325     0.0036804
 13.2632424     0.0269782     0.0039229     0.0018110
 13.2932776     0.0296630     0.0101542     0.0005836
 13.3233128     0.0326352     0.0171732    -0.0000698
 13.3533480     0.0356223     0.0246427    -0.0002591
 13.3833832     0.0383448     0.0321954    -0.0001266
 13.4134184     0.0405370     0.0394546     0.0001646
 13.4434536     0.0419668     0.0460558     0.0004440
 13.4734888     0.0424534     0.0516680     0.0005476
 13.5035240     0.0418812     0.0560128     0.0003305
 13.5335593     0.0402092     0.0588805    -0.0003202
 13.5635945     0.0374754     0.0601428    -0.0014761
 13.5936297     0.0337947     0.0597597    -0.0031609
 13.6236649     0.0293528     0.0577819    -0.0053463
 13.6537001     0.0243935     0.0543475    -0.0079529
 13.6837353     0.0192023     0.0496727    -0.0108541
 13.7137705     0.0140871     0.0440391    -0.0138835
 13.7438057     0.0093558     0.0377754    -0.0168457
 13.7738409     0.0052946     0.0312374    -0.0195297
 13.8038761     0.0021464     0.0247856    -0.0217229
 13.8339113     0.0000922     0.0187631    -0.0232268
 13.8639465    -0.0007639     0.0134740    -0.0238716
 13.8939817    -0.0004049     0.0091648    -0.0235292
 13.9240169     0.0010953     0.0060090    -0.0221242
 13.9540521     0.0035735     0.0040966    -0.0196414
 13.9840873     0.0067857     0.0034294    -0.0161298
 14.0141225     0.0104212     0.0039206    -0.0117019
 14.0441577     0.0141218     0.0054016    -0.0065288
 14.0741929     0.0175056     0.0076335    -0.0008321
 14.1042281     0.0201922     0.0103227     0.0051292
 14.1342633     0.0218302     0.0131412     0.0110736
 14.1642985     0.0221234     0.0157482     0.0167143
 14.1943337     0.0208541     0.0178135     0.0217778
 14.2243689     0.0179029     0.0190396     0.0260213
 14.2544041     0.0132624     0.0191822     0.0292493
 14.2844393     0.0070449     0.0180677     0.0313278
 14.3144745    -0.0005182     0.0156051     0.0321942
 14.3445097    -0.0090840     0.0117933     0.0318637
 14.3745449    -0.0182131     0.0067226     0.0304301
 14.4045801    -0.0273925     0.0005694     0.0280627
 14.4346153    -0.0360628    -0.0064148     0.0249967
 14.4646505    -0.0436506    -0.0139191     0.0215202
 14.4946857    -0.0496030    -0.0215943     0.0179570
 14.5247209    -0.0534227    -0.0290757     0.0146465
 14.5547561    -0.0547008    -0.0360093     0.0119215
 14.5847913    -0.0531469    -0.0420759     0.0100863
 14.6148265    -0.0486125    -0.0470156     0.0093954
 14.6448617    -0.0411080    -0.0506471     0.0100343
 14.6748969    -0.0308105    -0.0528844     0.0121045
 14.7049321    -0.0180628    -0.0537458     0.0156122
 14.7349673    -0.0033627    -0.0533579     0.0204635
 14.7650025     0.0126569    -0.0519514     0.0264651
 14.7950377     0.0292560    -0.0498513     0.0333303
 14.8250729     0.0456230    -0.0474589     0.0406924
 14.8551081     0.0609148    -0.0452298     0.0481221
 14.8851433     0.0743006    -0.0436468     0.0551502
 14.9151785     0.0850053    -0.0431894     0.0612926
 14.9452137     0.0923528    -0.0443035     0.0660779
 14.9752489     0.0958034    -0.0473708     0.0690749
 15.0052841     0.0949859    -0.0526814     0.0699189
 15.0353193     0.0897211    -0.0604102     0.0683348
 15.0653545     0.0800354    -0.0706002     0.0641562
 15.0953897     0.0661642    -0.0831516     0.0573389
 15.1254249     0.0485438    -0.0978198     0.0479679
 15.1554601     0.0277925    -0.1142215     0.0362576
 15.1854953     0.0046826    -0.1318484     0.0225449
 15.2155305    -0.0198969    -0.1500891     0.0072749
 15.2455657    -0.0449839    -0.1682570    -0.0090183
 15.2756009    -0.0695903    -0.1856232    -0.0257377

PDF 1 in T(r) format
  r, PDF (RMC), PDF (Expt)
 CURVES
         128 ,           2
      0.0000000        0.0000000        0.0000000
      0.0654509        0.0000000        0.0000000
      0.1309019        0.4743995        0.0000000
      0.1963528        0.0000000        0.0000000
      0.2618037        0.4009389        0.0000000
      0.3272547        0.1930696        0.0000000
      0.3927056        0.5901739        0.0000000
      0.4581565        0.6443051        0.0000000
      0.5236075        0.8455811        0.0000000
      0.5890584        0.7518329        0.0000000
      0.6545093        0.6443065        0.0000000
      0.7199603        0.5568814        0.0000000
      0.7854112        0.8682694        0.0000000
      0.8508621        1.0665462        0.0000000
      0.9163131        1.2739057        0.0000000
      0.9817640        1.2102706        0.0000000
      1.0472149        0.8663077        0.0000000
      1.1126659        0.3983238        0.0000000
      1.1781168        2.3960356        0.0000000
      1.2435677        1.8441916        0.1316760
      1.3090187        1.3043201        0.4238625
      1.3744696        1.1247744        0.8213135
      1.4399206        1.4326160        1.3101088
      1.5053715        2.0855583        1.8490447
      1.5708224        2.7955659        2.3716990
      1.6362734        3.3169191        2.7982537
      1.7017243        3.5610595        3.0546463
      1.7671752        3.5772377        3.0928779
      1.8326262        3.4505253        2.9050534
      1.8980771        3.2226222        2.5258398
      1.9635280        2.8984343        2.0226272
      2.0289790        2.5098397        1.4775399
      2.0944299        2.1534045        0.9682367
      2.1598808        1.9485347        0.5539479
      2.2253318        1.9453794        0.2699826
      2.2907827        2.0685743        0.1298570
      2.3562336        2.1592710        0.1313560
      2.4216846        2.0931674        0.2623924
      2.4871355        1.8818295        0.5042328
      2.5525864        1.6722761        0.8321558
      2.6180374        1.6410616        1.2153921
      2.6834883        1.8650534        1.6184072
      2.7489392        2.2689700        2.0044334
      2.8143902        2.6856951        2.3405596
      2.8798411        2.9750896        2.6026470
      2.9452920        3.1060053        2.7783616
      3.0107430        3.1449890        2.8675033
      3.0761939        3.1757344        2.8799456
      3.1416448        3.2254486        2.8322592
      3.2070958        3.2573295        2.7441969
      3.2725467        3.2237828        2.6358189
      3.3379976        3.1231128        2.5254918
      3.4034486        3.0068801        2.4286263
      3.4688995        2.9361529        2.3569375
      3.5343504        2.9322388        2.3181306
      3.5998014        2.9684928        2.3160325
      3.6652523        3.0073061        2.3511994
      3.7307032        3.0430557        2.4218968
      3.7961542        3.1083984        2.5251770
      3.8616051        3.2389896        2.6576797
      3.9270560        3.4328803        2.8158390
      3.9925070        3.6458702        2.9954021
      4.0579579        3.8288116        3.1904842
      4.1234088        3.9715701        3.3926614
      4.1888598        4.1107423        3.5907160
      4.2543107        4.2917987        3.7714916
      4.3197617        4.5195588        3.9219209
      4.3852126        4.7431606        4.0317843
      4.4506635        4.8911981        4.0963630
      4.5161145        4.9274472        4.1180547
      4.5815654        4.8790589        4.1063047
      4.6470163        4.8138873        4.0757598
      4.7124673        4.7885440        4.0431579
      4.7779182        4.8128351        4.0238620
      4.8433691        4.8585615        4.0289911
      4.9088201        4.8990735        4.0638072
      4.9742710        4.9394608        4.1275499
      5.0397219        5.0094065        4.2144770
      5.1051729        5.1283552        4.3156183
      5.1706238        5.2792597        4.4207245
      5.2360747        5.4178447        4.5200193
      5.3015257        5.5089636        4.6055433
      5.3669766        5.5548279        4.6720168
      5.4324275        5.5876325        4.7172256
      5.4978785        5.6338622        4.7419643
      5.5633294        5.6856305        4.7495865
      5.6287803        5.7082349        4.7452451
      5.6942313        5.6779855        4.7349460
      5.7596822        5.6137643        4.7245755
      5.8251331        5.5696682        4.7190665
      5.8905841        5.5920402        4.7218376
      5.9560350        5.6788310        4.7345727
      6.0214859        5.7793797        4.7573326
      6.0869369        5.8368742        4.7889204
      6.1523878        5.8364801        4.8273866
      6.2178387        5.8160447        4.8705524
      6.2832897        5.8298204        4.9164535
      6.3487406        5.8984331        4.9636379
      6.4141915        5.9908680        5.0112909
      6.4796425        6.0547120        5.0591902
      6.5450934        6.0663343        5.1075293
      6.6105443        6.0542993        5.1566741
      6.6759953        6.0741377        5.2069343
      6.7414462        6.1576533        5.2584231
      6.8068971        6.2833928        5.3110428
      6.8723481        6.3950936        5.3645835
      6.9377990        6.4505443        5.4188737
      7.0032500        6.4558289        5.4739079
      7.0687009        6.4547750        5.5298932
      7.1341518        6.4860018        5.5872011
      7.1996028        6.5496543        5.6462477
      7.2650537        6.6146930        5.7073475
      7.3305046        6.6568341        5.7705812
      7.3959556        6.6868892        5.8357052
      7.4614065        6.7393624        5.9021196
      7.5268574        6.8322530        5.9689092
      7.5923084        6.9403644        6.0349632
      7.6577593        7.0134423        6.0991596
      7.7232102        7.0256256        6.1605761
      7.7886612        7.0075269        6.2186654
      7.8541121        7.0240384        6.2733426
      7.9195630        7.1127112        6.3249606
      7.9850140        7.2409979        6.3741990
      8.0504649        7.3304254        6.4219127
      8.1159158        7.3348755        6.4689945
      8.1813668        7.3024645        6.5162703
      8.2468177        7.3537327        6.5644273
      8.3122686        7.5789326        6.6139564
      8.3777196        7.9364023        6.6651086

 Total S(Q)'s: Comparison with input data

   495  2 are NQ and NPAR

       Q      S(Q)_RMC  S(Q)_Expt
      0.0000000     -0.0000000      0.0000000
      0.4682470      3.3322340     -0.7310646
      0.4982822      2.7149660     -0.6893413
      0.5283174      2.1634384     -0.6594573
      0.5583526      1.6814576     -0.6409732
      0.5883878      1.2706318     -0.6329931
      0.6184230      0.9305024     -0.6342160
      0.6484582      0.6587423     -0.6430033
      0.6784934      0.4514069     -0.6574567
      0.7085286      0.3032255     -0.6755061
      0.7385638      0.2079180     -0.6950001
      0.7685990      0.1585206     -0.7137978
      0.7986342      0.1477087     -0.7298566
      0.8286694      0.1681004     -0.7413131
      0.8587046      0.2125308     -0.7465528
      0.8887398      0.2742871     -0.7442682
      0.9187750      0.3472972     -0.7335011
      0.9488102      0.4262670     -0.7136689
      0.9788454      0.5067658     -0.6845749
      1.0088806      0.5852605     -0.6464022
      1.0389158      0.6591014     -0.5996927
      1.0689510      0.7264669     -0.5453118
      1.0989862      0.7862731     -0.4844029
      1.1290214      0.8380575     -0.4183325
      1.1590566      0.8818468     -0.3486290
      1.1890918      0.9180168     -0.2769188
      1.2191270      0.9471546     -0.2048624
      1.2491622      0.9699314     -0.1340922
      1.2791974      0.9869918     -0.0661560
      1.3092326      0.9988657     -0.0024672
      1.3392678      1.0059060      0.0557369
      1.3693030      1.0082546      0.1074258
      1.3993382      1.0058349      0.1517979
      1.4293734      0.9983703      0.1882911
      1.4594086      0.9854244      0.2165837
      1.4894438      0.9664586      0.2365869
      1.5194790      0.9409015      0.2484280
      1.5495142      0.9082235      0.2524290
      1.5795494      0.8680117      0.2490787
      1.6095846      0.8200377      0.2390026
      1.6396198      0.7643147      0.2229311
      1.6696551      0.7011381      0.2016679
      1.6996903      0.6311089      0.1760593
      1.7297255      0.5551350      0.1469671
      1.7597607      0.4744137      0.1152435
      1.7897959      0.3903936      0.0817118
      1.8198311      0.3047201      0.0471494
      1.8498663      0.2191662      0.0122765
      1.8799015      0.1355556     -0.0222519
      1.9099367      0.0556792     -0.0558507
      1.9399719     -0.0187870     -0.0880057
      1.9700071     -0.0863587     -0.1182737
      2.0000423     -0.1458110     -0.1462799
      2.0300775     -0.1962317     -0.1717153
      2.0601127     -0.2370589     -0.1943337
      2.0901479     -0.2680993     -0.2139490
      2.1201831     -0.2895276     -0.2304334
      2.1502183     -0.3018667     -0.2437155
      2.1802535     -0.3059506     -0.2537805
      2.2102887     -0.3028723     -0.2606698
      2.2403239     -0.2939199     -0.2644817
      2.2703591     -0.2805045     -0.2653711
      2.3003943     -0.2640852     -0.2635499
      2.3304295     -0.2460944     -0.2592847
      2.3604647     -0.2278680     -0.2528945
      2.3904999     -0.2105845     -0.2447459
      2.4205351     -0.1952159     -0.2352457
      2.4505703     -0.1824926     -0.2248329
      2.4806055     -0.1728839     -0.2139665
      2.5106407     -0.1665948     -0.2031134
      2.5406759     -0.1635778     -0.1927337
      2.5707111     -0.1635593     -0.1832654
      2.6007463     -0.1660778     -0.1751093
      2.6307815     -0.1705304     -0.1686136
      2.6608167     -0.1762263     -0.1640607
      2.6908519     -0.1824411     -0.1616553
      2.7208871     -0.1884707     -0.1615162
      2.7509223     -0.1936803     -0.1636701
      2.7809575     -0.1975459     -0.1680506
      2.8109927     -0.1996855     -0.1744999
      2.8410279     -0.1998800     -0.1827756
      2.8710631     -0.1980805     -0.1925606
      2.9010983     -0.1944040     -0.2034766
      2.9311335     -0.1891178     -0.2151006
      2.9611687     -0.1826134     -0.2269831
      2.9912039     -0.1753725     -0.2386679
      3.0212391     -0.1679280     -0.2497116
      3.0512743     -0.1608220     -0.2597024
      3.0813095     -0.1545643     -0.2682777
      3.1113447     -0.1495942     -0.2751381
      3.1413799     -0.1462474     -0.2800586
      3.1714151     -0.1447309     -0.2828958
      3.2014503     -0.1451076     -0.2835907
      3.2314855     -0.1472903     -0.2821666
      3.2615207     -0.1510465     -0.2787241
      3.2915559     -0.1560128     -0.2734303
      3.3215911     -0.1617186     -0.2665064
      3.3516263     -0.1676160     -0.2582113
      3.3816615     -0.1731157     -0.2488248
      3.4116967     -0.1776247     -0.2386288
      3.4417319     -0.1805842     -0.2278902
      3.4717671     -0.1815055     -0.2168440
      3.5018023     -0.1800009     -0.2056794
      3.5318375     -0.1758078     -0.1945284
      3.5618727     -0.1688046     -0.1834588
      3.5919079     -0.1590178     -0.1724701
      3.6219431     -0.1466198     -0.1614951
      3.6519783     -0.1319163     -0.1504038
      3.6820135     -0.1153273     -0.1390130
      3.7120487     -0.0973593     -0.1270978
      3.7420839     -0.0785735     -0.1144059
      3.7721191     -0.0595509     -0.1006745
      3.8021543     -0.0408562     -0.0856466
      3.8321895     -0.0230036     -0.0690883
      3.8622247     -0.0064268     -0.0508041
      3.8922599      0.0085463     -0.0306507
      3.9222951      0.0217103     -0.0085475
      3.9523303      0.0329922      0.0155154
      3.9823655      0.0424515      0.0414742
      4.0124007      0.0502716      0.0691909
      4.0424359      0.0567437      0.0984577
      4.0724711      0.0622435      0.1290046
      4.1025063      0.0672019      0.1605096
      4.1325415      0.0720729      0.1926120
      4.1625767      0.0773001      0.2249267
      4.1926119      0.0832833      0.2570596
      4.2226471      0.0903487      0.2886224
      4.2526823      0.0987237      0.3192473
      4.2827175      0.1085176      0.3485986
      4.3127527      0.1197107      0.3763827
      4.3427879      0.1321512      0.4023552
      4.3728231      0.1455604      0.4263243
      4.4028583      0.1595464      0.4481510
      4.4328935      0.1736250      0.4677467
      4.4629287      0.1872460      0.4850665
      4.4929639      0.1998243      0.5001020
      4.5229991      0.2107733      0.5128708
      4.5530343      0.2195385      0.5234059
      4.5830695      0.2256292      0.5317446
      4.6131047      0.2286469      0.5379179
      4.6431399      0.2283083      0.5419421
      4.6731751      0.2244615      0.5438114
      4.7032103      0.2170945      0.5434941
      4.7332455      0.2063366      0.5409308
      4.7632807      0.1924505      0.5360366
      4.7933159      0.1758184      0.5287063
      4.8233511      0.1569205      0.5188214
      4.8533863      0.1363095      0.5062611
      4.8834215      0.1145811      0.4909135
      4.9134567      0.0923427      0.4726893
      4.9434919      0.0701834      0.4515342
      4.9735271      0.0486450      0.4274418
      5.0035623      0.0281974      0.4004647
      5.0335975      0.0092192      0.3707226
      5.0636327     -0.0080156      0.3384088
      5.0936679     -0.0233445      0.3037917
      5.1237031     -0.0367153      0.2672139
      5.1537383     -0.0481795      0.2290862
      5.1837735     -0.0578782      0.1898790
      5.2138087     -0.0660244      0.1501096
      5.2438439     -0.0728806      0.1103263
      5.2738791     -0.0787348      0.0710915
      5.3039143     -0.0838755      0.0329620
      5.3339495     -0.0885687     -0.0035296
      5.3639847     -0.0930371     -0.0378943
      5.3940199     -0.0974434     -0.0697038
      5.4240551     -0.1018786     -0.0986053
      5.4540903     -0.1063565     -0.1243331
      5.4841255     -0.1108136     -0.1467172
      5.5141607     -0.1151159     -0.1656866
      5.5441959     -0.1190697     -0.1812692
      5.5742311     -0.1224385     -0.1935869
      5.6042663     -0.1249621     -0.2028474
      5.6343015     -0.1263781     -0.2093315
      5.6643367     -0.1264444     -0.2133783
      5.6943719     -0.1249597     -0.2153682
      5.7244071     -0.1217821     -0.2157044
      5.7544423     -0.1168441     -0.2147948
      5.7844775     -0.1101625     -0.2130335
      5.8145127     -0.1018428     -0.2107855
      5.8445479     -0.0920777     -0.2083718
      5.8745831     -0.0811403     -0.2060595
      5.9046183     -0.0693716     -0.2040533
      5.9346535     -0.0571630     -0.2024922
      5.9646887     -0.0449359     -0.2014492
      5.9947239     -0.0331187     -0.2009346
      6.0247591     -0.0221232     -0.2009022
      6.0547943     -0.0123213     -0.2012586
      6.0848295     -0.0040244     -0.2018741
      6.1148647      0.0025346     -0.2025950
      6.1448999      0.0072134     -0.2032563
      6.1749351      0.0099688     -0.2036935
      6.2049703      0.0108579     -0.2037545
      6.2350055      0.0100343     -0.2033083
      6.2650407      0.0077380     -0.2022527
      6.2950759      0.0042811     -0.2005186
      6.3251111      0.0000284     -0.1980720
      6.3551463     -0.0046241     -0.1949130
      6.3851815     -0.0092727     -0.1910722
      6.4152167     -0.0135296     -0.1866055
      6.4452519     -0.0170447     -0.1815861
      6.4752871     -0.0195257     -0.1760968
      6.5053223     -0.0207533     -0.1702202
      6.5353575     -0.0205926     -0.1640307
      6.5653927     -0.0189985     -0.1575863
      6.5954279     -0.0160158     -0.1509225
      6.6254631     -0.0117737     -0.1440475
      6.6554983     -0.0064754     -0.1369404
      6.6855335     -0.0003826     -0.1295514
      6.7155687      0.0062020     -0.1218047
      6.7456039      0.0129558     -0.1136034
      6.7756391      0.0195570     -0.1048372
      6.8056743      0.0257055     -0.0953908
      6.8357095      0.0311417     -0.0851540
      6.8657447      0.0356618     -0.0740318
      6.8957799      0.0391301     -0.0619542
      6.9258151      0.0414854     -0.0488855
      6.9558503      0.0427434     -0.0348314
      6.9858855      0.0429929     -0.0198442
      7.0159207      0.0423884     -0.0040260
      7.0459559      0.0411371      0.0124721
      7.0759911      0.0394837      0.0294523
      7.1060263      0.0376918      0.0466763
      7.1360615      0.0360256      0.0638733
      7.1660967      0.0347299      0.0807510
      7.1961319      0.0340137      0.0970072
      7.2261671      0.0340345      0.1123431
      7.2562023      0.0348877      0.1264767
      7.2862375      0.0365990      0.1391555
      7.3162727      0.0391230      0.1501685
      7.3463079      0.0423452      0.1593555
      7.3763431      0.0460898      0.1666151
      7.4063783      0.0501315      0.1719088
      7.4364135      0.0542105      0.1752630
      7.4664487      0.0580502      0.1767669
      7.4964839      0.0613758      0.1765681
      7.5265191      0.0639336      0.1748650
      7.5565543      0.0655086      0.1718965
      7.5865896      0.0659401      0.1679308
      7.6166248      0.0651335      0.1632520
      7.6466600      0.0630679      0.1581466
      7.6766952      0.0597999      0.1528905
      7.7067304      0.0554613      0.1477369
      7.7367656      0.0502523      0.1429049
      7.7668008      0.0444308      0.1385721
      7.7968360      0.0382970      0.1348677
      7.8268712      0.0321759      0.1318700
      7.8569064      0.0263976      0.1296062
      7.8869416      0.0212773      0.1280548
      7.9169768      0.0170960      0.1271511
      7.9470120      0.0140828      0.1267946
      7.9770472      0.0124010      0.1268582
      8.0070824      0.0121374      0.1271983
      8.0371176      0.0132965      0.1276658
      8.0671528      0.0157995      0.1281161
      8.0971880      0.0194892      0.1284191
      8.1272232      0.0241379      0.1284670
      8.1572584      0.0294614      0.1281805
      8.1872936      0.0351353      0.1275130
      8.2173288      0.0408140      0.1264520
      8.2473640      0.0461509      0.1250180
      8.2773992      0.0508187      0.1232612
      8.3074344      0.0545281      0.1212560
      8.3374696      0.0570448      0.1190945
      8.3675048      0.0582019      0.1168772
      8.3975400      0.0579095      0.1147051
      8.4275752      0.0561587      0.1126703
      8.4576104      0.0530208      0.1108477
      8.4876456      0.0486417      0.1092884
      8.5176808      0.0432323      0.1080139
      8.5477160      0.0370542      0.1070126
      8.5777512      0.0304033      0.1062391
      8.6077864      0.0235910      0.1056148
      8.6378216      0.0169250      0.1050321
      8.6678568      0.0106908      0.1043595
      8.6978920      0.0051340      0.1034488
      8.7279272      0.0004469      0.1021445
      8.7579624     -0.0032434      0.1002923
      8.7879976     -0.0058805      0.0977492
      8.8180328     -0.0074814      0.0943924
      8.8480680     -0.0081333      0.0901274
      8.8781032     -0.0079869      0.0848947
      8.9081384     -0.0072453      0.0786743
      8.9381736     -0.0061493      0.0714882
      8.9682088     -0.0049617      0.0634002
      8.9982440     -0.0039489      0.0545135
      9.0282792     -0.0033639      0.0449662
      9.0583144     -0.0034291      0.0349242
      9.0883496     -0.0043220      0.0245728
      9.1183848     -0.0061639      0.0141079
      9.1484200     -0.0090119      0.0037252
      9.1784552     -0.0128557     -0.0063893
      9.2084904     -0.0176179     -0.0160685
      9.2385256     -0.0231594     -0.0251723
      9.2685608     -0.0292884     -0.0335940
      9.2985960     -0.0357728     -0.0412643
      9.3286312     -0.0423546     -0.0481535
      9.3586664     -0.0487666     -0.0542707
      9.3887016     -0.0547487     -0.0596611
      9.4187368     -0.0600647     -0.0644008
      9.4487720     -0.0645162     -0.0685900
      9.4788072     -0.0679546     -0.0723451
      9.5088424     -0.0702903     -0.0757888
      9.5388776     -0.0714968     -0.0790417
      9.5689128     -0.0716117     -0.0822124
      9.5989480     -0.0707335     -0.0853903
      9.6289832     -0.0690142     -0.0886383
      9.6590184     -0.0666488     -0.0919883
      9.6890536     -0.0638619     -0.0954389
      9.7190888     -0.0608931     -0.0989545
      9.7491240     -0.0579809     -0.1024684
      9.7791592     -0.0553474     -0.1058863
      9.8091944     -0.0531841     -0.1090932
      9.8392296     -0.0516398     -0.1119610
      9.8692648     -0.0508114     -0.1143577
      9.8993000     -0.0507383     -0.1161564
      9.9293352     -0.0514004     -0.1172449
      9.9593704     -0.0527206     -0.1175341
      9.9894056     -0.0545704     -0.1169649
     10.0194408     -0.0567789     -0.1155139
     10.0494760     -0.0591452     -0.1131963
     10.0795112     -0.0614518     -0.1100668
     10.1095464     -0.0634796     -0.1062176
     10.1395816     -0.0650227     -0.1017745
     10.1696168     -0.0659023     -0.0968903
     10.1996520     -0.0659787     -0.0917362
     10.2296872     -0.0651608     -0.0864929
     10.2597224     -0.0634118     -0.0813394
     10.2897576     -0.0607523     -0.0764429
     10.3197928     -0.0572584     -0.0719486
     10.3498280     -0.0530571     -0.0679708
     10.3798632     -0.0483180     -0.0645856
     10.4098984     -0.0432418     -0.0618261
     10.4399336     -0.0380475     -0.0596797
     10.4699688     -0.0329581     -0.0580883
     10.5000040     -0.0281857     -0.0569512
     10.5300392     -0.0239180     -0.0561309
     10.5600744     -0.0203057     -0.0554605
     10.5901096     -0.0174535     -0.0547535
     10.6201448     -0.0154127     -0.0538150
     10.6501800     -0.0141782     -0.0524527
     10.6802152     -0.0136895     -0.0504887
     10.7102504     -0.0138343     -0.0477704
     10.7402856     -0.0144569     -0.0441795
     10.7703208     -0.0153680     -0.0396395
     10.8003560     -0.0163579     -0.0341209
     10.8303912     -0.0172107     -0.0276431
     10.8604264     -0.0177185     -0.0202736
     10.8904616     -0.0176959     -0.0121250
     10.9204968     -0.0169921     -0.0033485
     10.9505320     -0.0155019      0.0058745
     10.9805672     -0.0131725      0.0153426
     11.0106024     -0.0100079      0.0248456
     11.0406376     -0.0060689      0.0341766
     11.0706728     -0.0014700      0.0431432
     11.1007080      0.0036281      0.0515783
     11.1307432      0.0090278      0.0593488
     11.1607784      0.0145079      0.0663628
     11.1908136      0.0198366      0.0725731
     11.2208488      0.0247873      0.0779791
     11.2508840      0.0291523      0.0826245
     11.2809192      0.0327562      0.0865934
     11.3109544      0.0354674      0.0900026
     11.3409896      0.0372061      0.0929929
     11.3710248      0.0379494      0.0957178
     11.4010600      0.0377329      0.0983322
     11.4310952      0.0366477      0.1009805
     11.4611304      0.0348351      0.1037855
     11.4911656      0.0324766      0.1068384
     11.5212008      0.0297822      0.1101910
     11.5512360      0.0269769      0.1138509
     11.5812712      0.0242854      0.1177782
     11.6113064      0.0219181      0.1218871
     11.6413416      0.0200565      0.1260492
     11.6713768      0.0188420      0.1301003
     11.7014120      0.0183664      0.1338495
     11.7314472      0.0186661      0.1370910
     11.7614824      0.0197194      0.1396157
     11.7915176      0.0214487      0.1412252
     11.8215528      0.0237255      0.1417442
     11.8515880      0.0263788      0.1410324
     11.8816232      0.0292072      0.1389941
     11.9116584      0.0319925      0.1355866
     11.9416936      0.0345141      0.1308237
     11.9717288      0.0365648      0.1247777
     12.0017640      0.0379646      0.1175764
     12.0317992      0.0385737      0.1093985
     12.0618344      0.0383024      0.1004638
     12.0918696      0.0371181      0.0910228
     12.1219048      0.0350484      0.0813429
     12.1519400      0.0321806      0.0716942
     12.1819752      0.0286562      0.0623347
     12.2120104      0.0246635      0.0534959
     12.2420456      0.0204254      0.0453702
     12.2720808      0.0161858      0.0381003
     12.3021160      0.0121941      0.0317715
     12.3321512      0.0086888      0.0264075
     12.3621864      0.0058828      0.0219697
     12.3922216      0.0039488      0.0183606
     12.4222568      0.0030077      0.0154303
     12.4522920      0.0031206      0.0129870
     12.4823272      0.0042840      0.0108093
     12.5123624      0.0064293      0.0086611
     12.5423976      0.0094264      0.0063072
     12.5724328      0.0130916      0.0035291
     12.6024680      0.0171984      0.0001397
     12.6325032      0.0214916     -0.0040035
     12.6625384      0.0257032     -0.0089881
     12.6925736      0.0295694     -0.0148397
     12.7226088      0.0328471     -0.0215190
     12.7526440      0.0353295     -0.0289221
     12.7826792      0.0368596     -0.0368863
     12.8127144      0.0373399     -0.0451982
     12.8427496      0.0367395     -0.0536061
     12.8727848      0.0350960     -0.0618352
     12.9028200      0.0325132     -0.0696038
     12.9328552      0.0291552     -0.0766409
     12.9628904      0.0252360     -0.0827035
     12.9929256      0.0210056     -0.0875920
     13.0229608      0.0167345     -0.0911640
     13.0529960      0.0126961     -0.0933439
     13.0830312      0.0091493     -0.0941297
     13.1130664      0.0063217     -0.0935943
     13.1431016      0.0043942     -0.0918828
     13.1731368      0.0034900     -0.0892049
     13.2031720      0.0036655     -0.0858235
     13.2332072      0.0049067     -0.0820391
     13.2632424      0.0071293     -0.0781723
     13.2932776      0.0101844     -0.0745436
     13.3233128      0.0138672     -0.0714539
     13.3533480      0.0179300     -0.0691646
     13.3833832      0.0220984     -0.0678803
     13.4134184      0.0260886     -0.0677343
     13.4434536      0.0296259     -0.0687785
     13.4734888      0.0324627     -0.0709775
     13.5035240      0.0343947     -0.0742086
     13.5335593      0.0352747     -0.0782666
     13.5635945      0.0350222     -0.0828747
     13.5936297      0.0336295     -0.0876992
     13.6236649      0.0311626     -0.0923690
     13.6537001      0.0277572     -0.0964981
     13.6837353      0.0236104     -0.0997089
     13.7137705      0.0189681     -0.1016569
     13.7438057      0.0141092     -0.1020534
     13.7738409      0.0093275     -0.1006865
     13.8038761      0.0049120     -0.0974371
     13.8339113      0.0011280     -0.0922909
     13.8639465     -0.0018013     -0.0853436
     13.8939817     -0.0037095     -0.0768004
     13.9240169     -0.0044993     -0.0669684
     13.9540521     -0.0041497     -0.0562425
     13.9840873     -0.0027185     -0.0450862
     14.0141225     -0.0003393     -0.0340064
     14.0441577      0.0027862     -0.0235252
     14.0741929      0.0064011     -0.0141501
     14.1042281      0.0102093     -0.0063428
     14.1342633      0.0138952     -0.0004899
     14.1642985      0.0171448      0.0031230
     14.1943337      0.0196669      0.0043327
     14.2243689      0.0212137      0.0031138
     14.2544041      0.0215986     -0.0004140
     14.2844393      0.0207106     -0.0059863
     14.3144745      0.0185237     -0.0132024
     14.3445097      0.0151011     -0.0215431
     14.3745449      0.0105939     -0.0303952
     14.4045801      0.0052331     -0.0390835
     14.4346153     -0.0006831     -0.0469070
     14.4646505     -0.0068072     -0.0531799
     14.4946857     -0.0127645     -0.0572725
     14.5247209     -0.0181770     -0.0586525
     14.5547561     -0.0226891     -0.0569226
     14.5847913     -0.0259920     -0.0518535
     14.6148265     -0.0278472     -0.0434087
     14.6448617     -0.0281050     -0.0317623
     14.6748969     -0.0267191     -0.0173051
     14.7049321     -0.0237547     -0.0006415
     14.7349673     -0.0193904      0.0174255
     14.7650025     -0.0139126      0.0359196
     14.7950377     -0.0077032      0.0537256
     14.8250729     -0.0012214      0.0696332
     14.8551081      0.0050210      0.0823864
     14.8851433      0.0104870      0.0907372
     14.9151785      0.0146459      0.0935018
     14.9452137      0.0170043      0.0896151
     14.9752489      0.0171371      0.0781820
     15.0052841      0.0147152      0.0585236
     15.0353193      0.0095288      0.0302134
     15.0653545      0.0015046     -0.0068946
     15.0953897     -0.0092842     -0.0526507
     15.1254249     -0.0226154     -0.1066067
     15.1554601     -0.0381241     -0.1680247
     15.1854953     -0.0553167     -0.2359000
     15.2155305     -0.0735921     -0.3089946
     15.2455657     -0.0922703     -0.3858808
     15.2756009     -0.1106245     -0.4649941
