 Results from RMCProfile version 6.7.9.5

 (Version 6f format configuration file)                                          

 2 experiments   3 partials

 Partial g(r)'s are printed out below

    99  3 are NR and NPAR

   r (Ang)
   0.06545     0.00000     0.00000     0.00000
   0.13090     0.00000     0.00000     0.00000
   0.19635     0.00000     0.00000     0.00000
   0.26180     0.00000     0.00000     0.00000
   0.32725     0.00000     0.00000     0.00000
   0.39271     0.00000     0.00000     0.00000
   0.45816     0.00000     0.00000     0.00000
   0.52361     0.00000     0.00000     0.00000
   0.58906     0.00000     0.00000     0.00000
   0.65451     0.00000     0.00000     0.00000
   0.71996     0.00000     0.00000     0.00000
   0.78541     0.00000     0.00000     0.00000
   0.85086     0.00000     0.00000     0.00000
   0.91631     0.00000     0.00000     0.00000
   0.98176     0.00000     0.00000     0.00000
   1.04721     0.00000     0.00000     0.00000
   1.11267     0.00000     0.00000     0.00000
   1.17812     0.00000     0.00000     0.00000
   1.24357     0.00000     0.00000     0.00000
   1.30902     0.00000     0.00000     0.00000
   1.37447     0.00000     0.00000     0.16132
   1.43992     0.00000     0.00000     0.00000
   1.50537     0.00000     3.76577     0.00000
   1.57082     0.00000     6.91708     0.00000
   1.63627     0.00000     6.26101     0.00000
   1.70172     0.00000     5.57822     0.00000
   1.76718     0.00000     3.80634     0.00000
   1.83263     0.00000     2.90407     0.00000
   1.89808     0.00000     3.63789     0.00000
   1.96353     0.00000     1.34396     0.00000
   2.02898     0.00000     0.07404     0.07404
   2.09443     0.00000     0.00000     0.13897
   2.15988     0.00000     0.00000     0.06534
   2.22533     0.00000     0.00000     0.18465
   2.29078     0.00000     0.00000     0.17425
   2.35623     0.00000     0.00000     0.05490
   2.42168     0.00000     0.00000     0.10395
   2.48714     0.00000     0.04928     1.13333
   2.55259     0.00000     0.14034     2.47938
   2.61804     0.00000     0.08894     2.66826
   2.68349     0.00000     0.00000     2.53970
   2.74894     0.00000     0.12101     2.70256
   2.81439     0.00000     0.03848     3.54039
   2.87984     0.00000     0.25727     3.05052
   2.94529     0.14055     0.24597     2.45966
   3.01074     2.42114     0.26902     1.27782
   3.07619     3.86535     0.35432     0.45096
   3.14164     4.32364     0.64855     0.46325
   3.20710     2.60793     0.53344     0.47417
   3.27255     1.82157     0.39847     0.45539
   3.33800     2.18855     0.41035     0.68392
   3.40345     1.15785     0.71050     0.57893
   3.46890     0.30397     0.78527     0.37997
   3.53435     0.68325     1.00047     1.02487
   3.59980     0.65863     1.08203     0.47045
   3.66525     0.45380     1.47484     0.95298
   3.73070     0.26281     1.40165     0.56942
   3.79615     0.25382     1.33258     0.76147
   3.86161     0.98118     1.67617     0.65412
   3.92706     0.71156     1.69983     0.67203
   3.99251     0.76491     1.81666     0.70754
   4.05796     0.88852     1.85109     0.66639
   4.12341     0.57369     1.59558     0.78883
   4.18886     0.90335     1.68509     0.95546
   4.25431     1.27997     2.00416     1.01050
   4.31976     0.84943     1.69886     1.07812
   4.38521     0.95107     1.45831     0.79256
   4.45066     1.10797     1.61578     0.81559
   4.51611     1.19565     1.24049     1.10598
   4.58157     1.21982     1.00199     1.10365
   4.64702     1.18570     0.77635     1.08689
   4.71247     1.70204     0.91965     0.97455
   4.77792     2.29666     0.86792     1.17503
   4.84337     1.19547     0.71468     1.03954
   4.90882     1.66980     0.61985     1.18910
   4.97427     1.13338     0.60365     1.19497
   5.03972     1.24815     0.68408     1.39216
   5.10517     1.07600     0.78361     1.16957
   5.17062     1.23136     0.64988     1.20855
   5.23607     1.20076     0.71156     1.48984
   5.30153     1.08454     0.78087     1.24722
   5.36698     1.14291     0.83601     1.21698
   5.43243     0.86764     0.71270     1.48738
   5.49788     1.04879     0.87736     1.17989
   5.56333     1.02426     0.85683     1.07350
   5.62878     1.03906     0.87551     1.11603
   5.69423     0.56406     0.68628     0.81789
   5.75968     0.66158     0.72590     0.96480
   5.82513     1.40139     1.06003     0.79053
   5.89058     0.66764     1.10688     0.74671
   5.95604     0.99676     0.91083     0.83350
   6.02149     1.04247     0.93317     0.82388
   6.08694     0.85562     0.96258     0.84740
   6.15239     0.48318     1.02274     0.62814
   6.21784     0.44153     1.11170     0.77267
   6.28329     0.64856     1.02689     0.94196
   6.34874     0.69576     1.08146     0.74870
   6.41419     0.44454     1.20027     0.87427
   6.47964     0.43561     1.38669     0.82766

 Partial S(Q)'s are printed out below

   611  3 are NQ and NPAR

      Q          S(Q)_1      S(Q)_2      S(Q)_3
  0.4682470    -2.5812209    -0.0730186    -1.3620411
  0.4982822    -2.3461052    -0.0320193    -1.2544315
  0.5283159    -2.1563997     0.0082904    -1.1659885
  0.5583480    -2.0147133     0.0471967    -1.0978328
  0.5883784    -1.9222111     0.0839719    -1.0504700
  0.6184069    -1.8786011     0.1178958    -1.0237868
  0.6484336    -1.8821623     0.1482796    -1.0170674
  0.6784584    -1.9298148     0.1744913    -1.0290264
  0.7084810    -2.0172283     0.1959811    -1.0578591
  0.7385015    -2.1389651     0.2123074    -1.1013062
  0.7685198    -2.2886548     0.2231606    -1.1567320
  0.7985357    -2.4591926     0.2283845    -1.2212124
  0.8285491    -2.6429577     0.2279954    -1.2916306
  0.8585601    -2.8320432     0.2221950    -1.3647775
  0.8885684    -3.0184917     0.2113802    -1.4374532
  0.9185740    -3.1945285     0.1961456    -1.5065670
  0.9485769    -3.3527874     0.1772802    -1.5692323
  0.9785768    -3.4865200     0.1557574    -1.6228546
  1.0085738    -3.5897844     0.1327182    -1.6652076
  1.0385677    -3.6576077     0.1094480    -1.6944985
  1.0685584    -3.6861173     0.0873463    -1.7094174
  1.0985458    -3.6726372     0.0678916    -1.7091716
  1.1285300    -3.6157487     0.0526010    -1.6935025
  1.1585106    -3.5153121     0.0429855    -1.6626861
  1.1884878    -3.3724510     0.0405035    -1.6175151
  1.2184613    -3.1894993     0.0465119    -1.5592662
  1.2484312    -2.9699132     0.0622180    -1.4896515
  1.2783972    -2.7181520     0.0886328    -1.4107557
  1.3083593    -2.4395311     0.1265267    -1.3249633
  1.3383174    -2.1400522     0.1763911    -1.2348757
  1.3682715    -1.8262166     0.2384044    -1.1432220
  1.3982214    -1.5048271     0.3124064    -1.0527669
  1.4281670    -1.1827845     0.3978805    -0.9662170
  1.4581083    -0.8668850     0.4939451    -0.8861305
  1.4880452    -0.5636253     0.5993549    -0.8148309
  1.5179775    -0.2790198     0.7125126    -0.7543299
  1.5479052    -0.0184364     0.8314901    -0.7062588
  1.5778281     0.2135460     0.9540610    -0.6718137
  1.6077463     0.4132521     1.0777416    -0.6517141
  1.6376596     0.5779972     1.1998407    -0.6461761
  1.6675679     0.7061411     1.3175172    -0.6549022
  1.6974711     0.7971105     1.4278441    -0.6770875
  1.7273691     0.8513894     1.5278766    -0.7114406
  1.7572618     0.8704768     1.6147233    -0.7562215
  1.7871493     0.8568162     1.6856191    -0.8092919
  1.8170312     0.8136977     1.7379958    -0.8681786
  1.8469077     0.7451370     1.7695518    -0.9301480
  1.8767785     0.6557355     1.7783152    -0.9922870
  1.9066436     0.5505262     1.7627016    -1.0515919
  1.9365029     0.4348098     1.7215633    -1.1050578
  1.9663562     0.3139874     1.6542292    -1.1497706
  1.9962036     0.1933930     1.5605330    -1.1829945
  2.0260449     0.0781337     1.4408309    -1.2022561
  2.0558801    -0.0270610     1.2960062    -1.2054198
  2.0857090    -0.1179736     1.1274611    -1.1907539
  2.1155315    -0.1910145     0.9370964    -1.1569849
  2.1453476    -0.2433164     0.7272789    -1.1033391
  2.1751571    -0.2728037     0.5007971    -1.0295692
  2.2049601    -0.2782370     0.2608067    -0.9359661
  2.2347563    -0.2592301     0.0107671    -0.8233558
  2.2645457    -0.2162416    -0.2456300    -0.6930809
  2.2943282    -0.1505405    -0.5045374    -0.5469677
  2.3241037    -0.0641481    -0.7620331    -0.3872799
  2.3538721     0.0402414    -1.0142029    -0.2166608
  2.3836334     0.1593587    -1.2572225    -0.0380647
  2.4133874     0.2894724    -1.4874379     0.1453195
  2.4431340     0.4265127    -1.7014405     0.3301503
  2.4728732     0.5662031    -1.8961372     0.5130197
  2.5026049     0.7041938    -2.0688117     0.6905396
  2.5323289     0.8361953    -2.2171772     0.8594278
  2.5620453     0.9581056    -2.3394180     1.0165891
  2.5917538     1.0661294    -2.4342209     1.1591912
  2.6214544     1.1568845    -2.5007928     1.2847321
  2.6511471     1.2274936    -2.5388680     1.3910984
  2.6808317     1.2756581    -2.5487018     1.4766115
  2.7105081     1.2997135    -2.5310533     1.5400622
  2.7401762     1.2986638    -2.4871564     1.5807321
  2.7698360     1.2721960    -2.4186807     1.5984017
  2.7994874     1.2206738    -2.3276840     1.5933450
  2.8291302     1.1451116    -2.2165562     1.5663115
  2.8587645     1.0471311    -2.0879581     1.5184961
  2.8883900     0.9289003    -1.9447555     1.4514980
  2.9180067     0.7930605    -1.7899507     1.3672699
  2.9476145     0.6426400    -1.6266132     1.2680595
  2.9772134     0.4809615    -1.4578118     1.1563451
  3.0068031     0.3115433    -1.2865488     1.0347663
  3.0363838     0.1379985    -1.1156986     0.9060537
  3.0659551    -0.0360640    -0.9479524     0.7729574
  3.0955172    -0.2071352    -0.7857689     0.6381782
  3.1250698    -0.3718944    -0.6313334     0.5043024
  3.1546128    -0.5272887    -0.4865248     0.3737415
  3.1841463    -0.6706014    -0.3528923     0.2486796
  3.2136701    -0.7995075    -0.2316405     0.1310287
  3.2431841    -0.9121155    -0.1236243     0.0223932
  3.2726882    -1.0069947    -0.0293522    -0.0759557
  3.3021823    -1.0831879     0.0510023    -0.1630956
  3.3316664    -1.1402094     0.1175809    -0.2384572
  3.3611403    -1.1780302     0.1708148    -0.3018197
  3.3906040    -1.1970500     0.2113933    -0.3532960
  3.4200574    -1.1980589     0.2402274    -0.3933089
  3.4495003    -1.1821895     0.2584108    -0.4225599
  3.4789327    -1.1508622     0.2671788    -0.4419913
  3.5083546    -1.1057255     0.2678656    -0.4527426
  3.5377657    -1.0485930     0.2618635    -0.4561041
  3.5671661    -0.9813801     0.2505825    -0.4534671
  3.5965556    -0.9060426     0.2354131    -0.4462739
  3.6259341    -0.8245176     0.2176922    -0.4359693
  3.6553016    -0.7386703     0.1986733    -0.4239529
  3.6846580    -0.6502475     0.1795020    -0.4115358
  3.7140032    -0.5608381     0.1611956    -0.3999024
  3.7433370    -0.4718427     0.1446287    -0.3900768
  3.7726594    -0.3844524     0.1305243    -0.3828963
  3.8019704    -0.2996369     0.1194499    -0.3789924
  3.8312697    -0.2181407     0.1118180    -0.3787779
  3.8605574    -0.1404897     0.1078924    -0.3824425
  3.8898333    -0.0670040     0.1077969    -0.3899557
  3.9190974     0.0021815     0.1115289    -0.4010758
  3.9483496     0.0670911     0.1189740    -0.4153660
  3.9775897     0.1278785     0.1299242    -0.4322165
  4.0068177     0.1847930     0.1440954    -0.4508707
  4.0360334     0.2381459     0.1611473    -0.4704556
  4.0652369     0.2882757     0.1807008    -0.4900152
  4.0944281     0.3355156     0.2023567    -0.5085453
  4.1236067     0.3801636     0.2257110    -0.5250288
  4.1527728     0.4224564     0.2503695    -0.5384713
  4.1819262     0.4625483     0.2759593    -0.5479336
  4.2110669     0.5004959     0.3021384    -0.5525633
  4.2401947     0.5362482     0.3286021    -0.5516216
  4.2693097     0.5696438     0.3550866    -0.5445074
  4.2984116     0.6004134     0.3813707    -0.5307750
  4.3275005     0.6281890     0.4072740    -0.5101487
  4.3565761     0.6525180     0.4326539    -0.4825299
  4.3856385     0.6728823     0.4574002    -0.4480008
  4.4146876     0.6887214     0.4814284    -0.4068212
  4.4437232     0.6994577     0.5046721    -0.3594209
  4.4727452     0.7045245     0.5270749    -0.3063876
  4.5017536     0.7033937     0.5485821    -0.2484497
  4.5307483     0.6956038     0.5691329    -0.1864567
  4.5597293     0.6807856     0.5886535    -0.1213555
  4.5886963     0.6586853     0.6070507    -0.0541653
  4.6176493     0.6291849     0.6242081     0.0140489
  4.6465883     0.5923167     0.6399829     0.0822035
  4.6755131     0.5482740     0.6542051     0.1492235
  4.7044237     0.4974161     0.6666783     0.2140682
  4.7333199     0.4402673     0.6771827     0.2757552
  4.7622018     0.3775104     0.6854793     0.3333829
  4.7910691     0.3099751     0.6913166     0.3861490
  4.8199218     0.2386209     0.6944376     0.4333665
  4.8487599     0.1645154     0.6945887     0.4744761
  4.8775831     0.0888089     0.6915290     0.5090542
  4.9063916     0.0127063     0.6850399     0.5368177
  4.9351850    -0.0625637     0.6749347     0.5576249
  4.9639635    -0.1357799     0.6610680     0.5714722
  4.9927268    -0.2057606     0.6433442     0.5784879
  5.0214749    -0.2713933     0.6217248     0.5789226
  5.0502077    -0.3316644     0.5962341     0.5731373
  5.0789252    -0.3856841     0.5669634     0.5615886
  5.1076271    -0.4327090     0.5340739     0.5448127
  5.1363135    -0.4721592     0.4977960     0.5234080
  5.1649843    -0.5036321     0.4584282     0.4980174
  5.1936393    -0.5269088     0.4163328     0.4693095
  5.2222785    -0.5419572     0.3719303     0.4379616
  5.2509018    -0.5489283     0.3256912     0.4046427
  5.2795091    -0.5481477     0.2781269     0.3699974
  5.3081003    -0.5401020     0.2297788     0.3346327
  5.3366753    -0.5254210     0.1812064     0.2991060
  5.3652341    -0.5048562     0.1329747     0.2639148
  5.3937766    -0.4792551     0.0856415     0.2294901
  5.4223026    -0.4495351     0.0397444     0.1961908
  5.4508121    -0.4166543    -0.0042116     0.1643015
  5.4793050    -0.3815828    -0.0457658     0.1340320
  5.5077812    -0.3452741    -0.0845122     0.1055196
  5.5362406    -0.3086380    -0.1201084     0.0788327
  5.5646832    -0.2725155    -0.1522832     0.0539768
  5.5931088    -0.2376564    -0.1808416     0.0309015
  5.6215173    -0.2047011    -0.2056684     0.0095089
  5.6499088    -0.1741657    -0.2267296    -0.0103368
  5.6782830    -0.1464318    -0.2440706    -0.0288006
  5.7066400    -0.1217410    -0.2578140    -0.0460656
  5.7349795    -0.1001941    -0.2681540    -0.0623243
  5.7633016    -0.0817546    -0.2753493    -0.0777689
  5.7916061    -0.0662572    -0.2797150    -0.0925825
  5.8198930    -0.0534195    -0.2816125    -0.1069319
  5.8481622    -0.0428585    -0.2814381    -0.1209610
  5.8764135    -0.0341084    -0.2796121    -0.1347853
  5.9046470    -0.0266425    -0.2765662    -0.1484879
  5.9328624    -0.0198954    -0.2727316    -0.1621173
  5.9610598    -0.0132862    -0.2685272    -0.1756860
  5.9892391    -0.0062424    -0.2643489    -0.1891708
  6.0174000     0.0017773    -0.2605589    -0.2025141
  6.0455427     0.0112622    -0.2574771    -0.2156264
  6.0736669     0.0226301    -0.2553738    -0.2283902
  6.1017727     0.0362107    -0.2544635    -0.2406641
  6.1298598     0.0522326    -0.2549014    -0.2522881
  6.1579283     0.0708132    -0.2567802    -0.2630888
  6.1859780     0.0919532    -0.2601309    -0.2728856
  6.2140089     0.1155342    -0.2649231    -0.2814960
  6.2420208     0.1413211    -0.2710686    -0.2887417
  6.2700138     0.1689680    -0.2784262    -0.2944541
  6.2979876     0.1980272    -0.2868071    -0.2984788
  6.3259422     0.2279624    -0.2959828    -0.3006805
  6.3538776     0.2581644    -0.3056928    -0.3009465
  6.3817936     0.2879686    -0.3156535    -0.2991901
  6.4096902     0.3166750    -0.3255673    -0.2953523
  6.4375673     0.3435690    -0.3351319    -0.2894036
  6.4654247     0.3679422    -0.3440494    -0.2813446
  6.4932625     0.3891141    -0.3520347    -0.2712059
  6.5210805     0.4064519    -0.3588239    -0.2590469
  6.5488786     0.4193894    -0.3641810    -0.2449550
  6.5766567     0.4274441    -0.3679040    -0.2290426
  6.6044148     0.4302310    -0.3698298    -0.2114452
  6.6321529     0.4274749    -0.3698376    -0.1923185
  6.6598707     0.4190186    -0.3678512    -0.1718347
  6.6875682     0.4048276    -0.3638398    -0.1501797
  6.7152453     0.3849923    -0.3578170    -0.1275491
  6.7429020     0.3597262    -0.3498397    -0.1041456
  6.7705382     0.3293603    -0.3400044    -0.0801750
  6.7981537     0.2943354    -0.3284437    -0.0558435
  6.8257485     0.2551909    -0.3153208    -0.0313549
  6.8533225     0.2125511    -0.3008247    -0.0069082
  6.8808757     0.1671097    -0.2851631     0.0173050
  6.9084079     0.1196126    -0.2685571     0.0411015
  6.9359190     0.0708399    -0.2512336     0.0643090
  6.9634090     0.0215865    -0.2334200     0.0867661
  6.9908778    -0.0273557    -0.2153373     0.1083240
  7.0183253    -0.0752169    -0.1971950     0.1288461
  7.0457515    -0.1212661    -0.1791860     0.1482089
  7.0731561    -0.1648272    -0.1614823     0.1663018
  7.1005393    -0.2052925    -0.1442320     0.1830266
  7.1279008    -0.2421346    -0.1275564     0.1982975
  7.1552405    -0.2749158    -0.1115488     0.2120405
  7.1825585    -0.3032946    -0.0962740     0.2241933
  7.2098546    -0.3270294    -0.0817686     0.2347044
  7.2371288    -0.3459801    -0.0680423     0.2435331
  7.2643809    -0.3601061    -0.0550799     0.2506491
  7.2916108    -0.3694628    -0.0428443     0.2560319
  7.3188186    -0.3741944    -0.0312796     0.2596711
  7.3460040    -0.3745264    -0.0203150     0.2615662
  7.3731671    -0.3707544    -0.0098689     0.2617264
  7.4003078    -0.3632333     0.0001472     0.2601709
  7.4274258    -0.3523641     0.0098239     0.2569288
  7.4545213    -0.3385810     0.0192503     0.2520397
  7.4815940    -0.3223377     0.0285102     0.2455533
  7.5086440    -0.3040944     0.0376782     0.2375299
  7.5356711    -0.2843051     0.0468175     0.2280403
  7.5626752    -0.2634056     0.0559769     0.2171657
  7.5896563    -0.2418035     0.0651895     0.2049977
  7.6166143    -0.2198685     0.0744714     0.1916380
  7.6435491    -0.1979259     0.0838214     0.1771974
  7.6704605    -0.1762504     0.0932214     0.1617961
  7.6973487    -0.1550630     0.1026372     0.1455617
  7.7242133    -0.1345293     0.1120201     0.1286293
  7.7510545    -0.1147598     0.1213087     0.1111392
  7.7778720    -0.0958121     0.1304318     0.0932363
  7.8046659    -0.0776947     0.1393108     0.0750680
  7.8314359    -0.0603725     0.1478630     0.0567830
  7.8581822    -0.0437731     0.1560044     0.0385292
  7.8849044    -0.0277948     0.1636534     0.0204519
  7.9116027    -0.0123145     0.1707332     0.0026921
  7.9382768     0.0028033     0.1771750    -0.0146152
  7.9649268     0.0176978     0.1829206    -0.0313430
  7.9915525     0.0325033     0.1879244    -0.0473737
  8.0181539     0.0473409     0.1921552    -0.0626007
  8.0447308     0.0623114     0.1955971    -0.0769293
  8.0712833     0.0774883     0.1982506    -0.0902784
  8.0978111     0.0929130     0.2001325    -0.1025806
  8.1243143     0.1085907     0.2012755    -0.1137830
  8.1507928     0.1244874     0.2017271    -0.1238474
  8.1772464     0.1405296     0.2015483    -0.1327504
  8.2036751     0.1566039     0.2008117    -0.1404828
  8.2300788     0.1725597     0.1995991    -0.1470491
  8.2564574     0.1882117     0.1979989    -0.1524664
  8.2828109     0.2033452     0.1961034    -0.1567638
  8.3091392     0.2177211     0.1940062    -0.1599806
  8.3354421     0.2310832     0.1917983    -0.1621649
  8.3617197     0.2431650     0.1895663    -0.1633722
  8.3879717     0.2536980     0.1873891    -0.1636634
  8.4141983     0.2624196     0.1853354    -0.1631035
  8.4403992     0.2690811     0.1834616    -0.1617595
  8.4665744     0.2734560     0.1818102    -0.1596987
  8.4927238     0.2753470     0.1804082    -0.1569876
  8.5188473     0.2745930     0.1792660    -0.1536901
  8.5449449     0.2710746     0.1783777    -0.1498660
  8.5710164     0.2647197     0.1777206    -0.1455706
  8.5970619     0.2555060     0.1772560    -0.1408534
  8.6230811     0.2434644     0.1769303    -0.1357576
  8.6490741     0.2286791     0.1766768    -0.1303198
  8.6750407     0.2112877     0.1764171    -0.1245698
  8.7009810     0.1914795     0.1760642    -0.1185309
  8.7268947     0.1694920     0.1755242    -0.1122202
  8.7527818     0.1456067     0.1746999    -0.1056495
  8.7786422     0.1201439     0.1734930    -0.0988256
  8.8044760     0.0934560     0.1718074    -0.0917516
  8.8302829     0.0659203     0.1695524    -0.0844279
  8.8560629     0.0379315     0.1666446    -0.0768537
  8.8818159     0.0098928     0.1630113    -0.0690277
  8.9075419    -0.0177920     0.1585925    -0.0609499
  8.9332407    -0.0447269     0.1533425    -0.0526223
  8.9589123    -0.0705325     0.1472320    -0.0440506
  8.9845567    -0.0948533     0.1402491    -0.0352450
  9.0101736    -0.1173649     0.1323996    -0.0262211
  9.0357631    -0.1377806     0.1237078    -0.0170006
  9.0613251    -0.1558567     0.1142157    -0.0076122
  9.0868595    -0.1713973     0.1039826     0.0019086
  9.1123662    -0.1842570     0.0930838     0.0115188
  9.1378452    -0.1943435     0.0816092     0.0211684
  9.1632963    -0.2016181     0.0696610     0.0308007
  9.1887195    -0.2060956     0.0573518     0.0403526
  9.2141147    -0.2078425     0.0448020     0.0497558
  9.2394819    -0.2069747     0.0321370     0.0589373
  9.2648209    -0.2036529     0.0194847     0.0678210
  9.2901317    -0.1980789     0.0069726     0.0763287
  9.3154141    -0.1904891    -0.0052752     0.0843815
  9.3406683    -0.1811490    -0.0171404     0.0919015
  9.3658939    -0.1703463    -0.0285128     0.0988132
  9.3910910    -0.1583837    -0.0392933     0.1050448
  9.4162595    -0.1455715    -0.0493948     0.1105302
  9.4413994    -0.1322212    -0.0587447     0.1152097
  9.4665104    -0.1186377    -0.0672857     0.1190321
  9.4915927    -0.1051128    -0.0749769     0.1219554
  9.5166460    -0.0919194    -0.0817940     0.1239476
  9.5416703    -0.0793054    -0.0877294     0.1249881
  9.5666656    -0.0674894    -0.0927921     0.1250678
  9.5916317    -0.0566563    -0.0970065     0.1241897
  9.6165686    -0.0469543    -0.1004117     0.1223689
  9.6414762    -0.0384932    -0.1030597     0.1196327
  9.6663545    -0.0313426    -0.1050140     0.1160200
  9.6912033    -0.0255320    -0.1063472     0.1115807
  9.7160225    -0.0210520    -0.1071394     0.1063754
  9.7408122    -0.0178551    -0.1074755     0.1004736
  9.7655722    -0.0158592    -0.1074431     0.0939533
  9.7903025    -0.0149503    -0.1071302     0.0868992
  9.8150029    -0.0149865    -0.1066227     0.0794015
  9.8396735    -0.0158028    -0.1060026     0.0715541
  9.8643140    -0.0172160    -0.1053457     0.0634534
  9.8889245    -0.0190297    -0.1047201     0.0551963
  9.9135049    -0.0210399    -0.1041844     0.0468789
  9.9380551    -0.0230406    -0.1037870     0.0385946
  9.9625751    -0.0248291    -0.1035644     0.0304331
  9.9870646    -0.0262111    -0.1035415     0.0224785
 10.0115238    -0.0270055    -0.1037305     0.0148085
 10.0359524    -0.0270491    -0.1041317     0.0074929
 10.0603505    -0.0262002    -0.1047336     0.0005930
 10.0847180    -0.0243424    -0.1055135    -0.0058392
 10.1090547    -0.0213864    -0.1064386    -0.0117618
 10.1333606    -0.0172730    -0.1074675    -0.0171428
 10.1576357    -0.0119735    -0.1085513    -0.0219608
 10.1818798    -0.0054907    -0.1096354    -0.0262046
 10.2060929     0.0021415    -0.1106614    -0.0298729
 10.2302749     0.0108591    -0.1115686    -0.0329740
 10.2544257     0.0205694    -0.1122962    -0.0355249
 10.2785453     0.0311533    -0.1127848    -0.0375509
 10.3026336     0.0424680    -0.1129787    -0.0390844
 10.3266906     0.0543504    -0.1128271    -0.0401639
 10.3507160     0.0666203    -0.1122858    -0.0408329
 10.3747099     0.0790846    -0.1113185    -0.0411390
 10.3986723     0.0915415    -0.1098980    -0.0411321
 10.4226029     0.1037844    -0.1080070    -0.0408639
 10.4465018     0.1156063    -0.1056388    -0.0403863
 10.4703689     0.1268042    -0.1027973    -0.0397501
 10.4942041     0.1371825    -0.0994976    -0.0390047
 10.5180073     0.1465575    -0.0957653    -0.0381960
 10.5417785     0.1547603    -0.0916362    -0.0373665
 10.5655175     0.1616403    -0.0871555    -0.0365542
 10.5892244     0.1670676    -0.0823771    -0.0357917
 10.6128990     0.1709351    -0.0773619    -0.0351061
 10.6365413     0.1731607    -0.0721767    -0.0345185
 10.6601512     0.1736880    -0.0668930    -0.0340437
 10.6837286     0.1724869    -0.0615847    -0.0336906
 10.7072735     0.1695543    -0.0563271    -0.0334617
 10.7307858     0.1649133    -0.0511948    -0.0333536
 10.7542654     0.1586121    -0.0462602    -0.0333576
 10.7777122     0.1507235    -0.0415917    -0.0334598
 10.8011262     0.1413422    -0.0372524    -0.0336418
 10.8245072     0.1305837    -0.0332984    -0.0338813
 10.8478553     0.1185810    -0.0297778    -0.0341531
 10.8711704     0.1054828    -0.0267296    -0.0344294
 10.8944524     0.0914501    -0.0241825    -0.0346810
 10.9177011     0.0766535    -0.0221550    -0.0348779
 10.9409166     0.0612701    -0.0206540    -0.0349901
 10.9640988     0.0454807    -0.0196755    -0.0349885
 10.9872476     0.0294666    -0.0192043    -0.0348454
 11.0103629     0.0134068    -0.0192143    -0.0345354
 11.0334447    -0.0025246    -0.0196693    -0.0340361
 11.0564928    -0.0181608    -0.0205235    -0.0333283
 11.0795073    -0.0333448    -0.0217227    -0.0323967
 11.1024880    -0.0479314    -0.0232053    -0.0312301
 11.1254349    -0.0617884    -0.0249035    -0.0298218
 11.1483479    -0.0747987    -0.0267451    -0.0281699
 11.1712270    -0.0868605    -0.0286547    -0.0262768
 11.1940720    -0.0978890    -0.0305551    -0.0241497
 11.2168830    -0.1078158    -0.0323695    -0.0218003
 11.2396597    -0.1165899    -0.0340223    -0.0192445
 11.2624023    -0.1241768    -0.0354411    -0.0165022
 11.2851105    -0.1305583    -0.0365582    -0.0135967
 11.3077843    -0.1357319    -0.0373116    -0.0105545
 11.3304237    -0.1397095    -0.0376464    -0.0074047
 11.3530286    -0.1425166    -0.0375161    -0.0041786
 11.3755989    -0.1441907    -0.0368830    -0.0009088
 11.3981345    -0.1447802    -0.0357191     0.0023712
 11.4206355    -0.1443423    -0.0340070     0.0056273
 11.4431016    -0.1429423    -0.0317397     0.0088260
 11.4655329    -0.1406511    -0.0289206     0.0119343
 11.4879292    -0.1375444    -0.0255640     0.0149208
 11.5102906    -0.1337006    -0.0216942     0.0177559
 11.5326169    -0.1291997    -0.0173453     0.0204121
 11.5549080    -0.1241215    -0.0125602     0.0228649
 11.5771640    -0.1185452    -0.0073902     0.0250927
 11.5993847    -0.1125471    -0.0018934     0.0270771
 11.6215701    -0.1062008     0.0038658     0.0288034
 11.6437200    -0.0995754     0.0098183     0.0302604
 11.6658345    -0.0927357     0.0158917     0.0314409
 11.6879135    -0.0857409     0.0220111     0.0323410
 11.7099568    -0.0786450     0.0281012     0.0329610
 11.7319645    -0.0714958     0.0340871     0.0333043
 11.7539365    -0.0643358     0.0398957     0.0333780
 11.7758726    -0.0572015     0.0454574     0.0331921
 11.7977729    -0.0501241     0.0507066     0.0327597
 11.8196372    -0.0431293     0.0555834     0.0320964
 11.8414656    -0.0362385     0.0600344     0.0312199
 11.8632578    -0.0294684     0.0640133     0.0301500
 11.8850139    -0.0228322     0.0674818     0.0289077
 11.9067339    -0.0163398     0.0704103     0.0275152
 11.9284175    -0.0099984     0.0727780     0.0259956
 11.9500648    -0.0038134     0.0745732     0.0243720
 11.9716757     0.0022114     0.0757934     0.0226676
 11.9932502     0.0080731     0.0764451     0.0209051
 12.0147881     0.0137692     0.0765436     0.0191066
 12.0362894     0.0192971     0.0761126     0.0172931
 12.0577540     0.0246539     0.0751834     0.0154841
 12.0791820     0.0298356     0.0737946     0.0136978
 12.1005731     0.0348375     0.0719911     0.0119507
 12.1219273     0.0396535     0.0698229     0.0102571
 12.1432447     0.0442763     0.0673449     0.0086297
 12.1645250     0.0486971     0.0646150     0.0070789
 12.1857683     0.0529060     0.0616938     0.0056130
 12.2069745     0.0568915     0.0586428     0.0042383
 12.2281434     0.0606415     0.0555242     0.0029591
 12.2492752     0.0641427     0.0523988     0.0017776
 12.2703696     0.0673815     0.0493260     0.0006942
 12.2914266     0.0703438     0.0463622    -0.0002922
 12.3124462     0.0730158     0.0435601    -0.0011846
 12.3334283     0.0753838     0.0409680    -0.0019872
 12.3543729     0.0774351     0.0386288    -0.0027052
 12.3752798     0.0791578     0.0365797    -0.0033452
 12.3961490     0.0805417     0.0348516    -0.0039142
 12.4169804     0.0815782     0.0334689    -0.0044200
 12.4377740     0.0822607     0.0324487    -0.0048705
 12.4585297     0.0825848     0.0318015    -0.0052739
 12.4792475     0.0825487     0.0315303    -0.0056385
 12.4999273     0.0821532     0.0316316    -0.0059720
 12.5205689     0.0814019     0.0320949    -0.0062821
 12.5411725     0.0803010     0.0329035    -0.0065756
 12.5617378     0.0788598     0.0340345    -0.0068589
 12.5822649     0.0770902     0.0354599    -0.0071375
 12.6027536     0.0750068     0.0371467    -0.0074160
 12.6232040     0.0726269     0.0390577    -0.0076981
 12.6436159     0.0699701     0.0411522    -0.0079865
 12.6639893     0.0670580     0.0433869    -0.0082831
 12.6843241     0.0639142     0.0457165    -0.0085884
 12.7046203     0.0605639     0.0480943    -0.0089022
 12.7248777     0.0570334     0.0504737    -0.0092233
 12.7450964     0.0533500     0.0528079    -0.0095496
 12.7652763     0.0495416     0.0550517    -0.0098782
 12.7854173     0.0456363     0.0571614    -0.0102053
 12.8055194     0.0416620     0.0590958    -0.0105266
 12.8255824     0.0376459     0.0608169    -0.0108374
 12.8456064     0.0336148     0.0622903    -0.0111322
 12.8655912     0.0295939     0.0634855    -0.0114055
 12.8855369     0.0256073     0.0643766    -0.0116514
 12.9054433     0.0216771     0.0649423    -0.0118641
 12.9253104     0.0178236     0.0651663    -0.0120376
 12.9451381     0.0140651     0.0650375    -0.0121661
 12.9649264     0.0104175     0.0645499    -0.0122442
 12.9846752     0.0068941     0.0637026    -0.0122667
 13.0043844     0.0035062     0.0624997    -0.0122287
 13.0240541     0.0002622     0.0609503    -0.0121262
 13.0436840    -0.0028318     0.0590679    -0.0119553
 13.0632742    -0.0057720     0.0568704    -0.0117131
 13.0828247    -0.0085572     0.0543797    -0.0113972
 13.1023352    -0.0111881     0.0516209    -0.0110060
 13.1218059    -0.0136679     0.0486225    -0.0105386
 13.1412366    -0.0160011     0.0454153    -0.0099949
 13.1606273    -0.0181943     0.0420322    -0.0093756
 13.1799778    -0.0202552     0.0385079    -0.0086820
 13.1992882    -0.0221931     0.0348777    -0.0079164
 13.2185585    -0.0240177     0.0311774    -0.0070815
 13.2377884    -0.0257398     0.0274431    -0.0061809
 13.2569780    -0.0273704     0.0237099    -0.0052188
 13.2761273    -0.0289208     0.0200120    -0.0042001
 13.2952361    -0.0304019     0.0163823    -0.0031300
 13.3143044    -0.0318246     0.0128515    -0.0020143
 13.3333321    -0.0331989     0.0094480    -0.0008593
 13.3523192    -0.0345344     0.0061980     0.0003284
 13.3712657    -0.0358394     0.0031243     0.0015419
 13.3901714    -0.0371213     0.0002470     0.0027740
 13.4090364    -0.0383861    -0.0024174     0.0040175
 13.4278604    -0.0396385    -0.0048557     0.0052649
 13.4466436    -0.0408817    -0.0070580     0.0065086
 13.4653858    -0.0421173    -0.0090181     0.0077412
 13.4840871    -0.0433457    -0.0107333     0.0089553
 13.5027472    -0.0445654    -0.0122040     0.0101435
 13.5213662    -0.0457737    -0.0134341     0.0112986
 13.5399440    -0.0469661    -0.0144304     0.0124136
 13.5584806    -0.0481370    -0.0152028     0.0134818
 13.5769758    -0.0492796    -0.0157635     0.0144968
 13.5954297    -0.0503857    -0.0161273     0.0154523
 13.6138422    -0.0514462    -0.0163109     0.0163424
 13.6322132    -0.0524512    -0.0163329     0.0171618
 13.6505427    -0.0533900    -0.0162132     0.0179051
 13.6688306    -0.0542514    -0.0159727     0.0185678
 13.6870769    -0.0550240    -0.0156334     0.0191455
 13.7052815    -0.0556960    -0.0152172     0.0196342
 13.7234443    -0.0562557    -0.0147465     0.0200305
 13.7415654    -0.0566917    -0.0142433     0.0203313
 13.7596445    -0.0569927    -0.0137289     0.0205340
 13.7776818    -0.0571483    -0.0132241     0.0206363
 13.7956771    -0.0571484    -0.0127482     0.0206365
 13.8136303    -0.0569838    -0.0123196     0.0205333
 13.8315415    -0.0566465    -0.0119547     0.0203258
 13.8494106    -0.0561293    -0.0116686     0.0200136
 13.8672374    -0.0554263    -0.0114741     0.0195967
 13.8850221    -0.0545327    -0.0113823     0.0190754
 13.9027644    -0.0534450    -0.0114021     0.0184508
 13.9204644    -0.0521613    -0.0115402     0.0177240
 13.9381219    -0.0506809    -0.0118011     0.0168968
 13.9557370    -0.0490043    -0.0121872     0.0159713
 13.9733096    -0.0471337    -0.0126987     0.0149503
 13.9908397    -0.0450726    -0.0133338     0.0138365
 14.0083271    -0.0428256    -0.0140886     0.0126335
 14.0257718    -0.0403987    -0.0149574     0.0113451
 14.0431739    -0.0377992    -0.0159328     0.0099755
 14.0605331    -0.0350353    -0.0170057     0.0085293
 14.0778495    -0.0321166    -0.0181655     0.0070115
 14.0951231    -0.0290532    -0.0194007     0.0054275
 14.1123536    -0.0258564    -0.0206984     0.0037830
 14.1295412    -0.0225380    -0.0220451     0.0020841
 14.1466858    -0.0191106    -0.0234266     0.0003372
 14.1637873    -0.0155871    -0.0248282    -0.0014511
 14.1808456    -0.0119811    -0.0262351    -0.0032736
 14.1978607    -0.0083063    -0.0276324    -0.0051231
 14.2148326    -0.0045765    -0.0290055    -0.0069922
 14.2317612    -0.0008058    -0.0303400    -0.0088730
 14.2486464     0.0029919    -0.0316222    -0.0107577
 14.2654882     0.0068027    -0.0328392    -0.0126382
 14.2822866     0.0106131    -0.0339788    -0.0145064
 14.2990415     0.0144096    -0.0350299    -0.0163540
 14.3157528     0.0181792    -0.0359826    -0.0181727
 14.3324204     0.0219094    -0.0368281    -0.0199543
 14.3490445     0.0255882    -0.0375589    -0.0216904
 14.3656248     0.0292038    -0.0381692    -0.0233729
 14.3821614     0.0327453    -0.0386544    -0.0249938
 14.3986541     0.0362023    -0.0390113    -0.0265452
 14.4151030     0.0395649    -0.0392384    -0.0280195
 14.4315080     0.0428240    -0.0393356    -0.0294092
 14.4478690     0.0459709    -0.0393040    -0.0307073
 14.4641860     0.0489977    -0.0391466    -0.0319070
 14.4804590     0.0518970    -0.0388673    -0.0330019
 14.4966878     0.0546621    -0.0384716    -0.0339861
 14.5128725     0.0572868    -0.0379660    -0.0348541
 14.5290130     0.0597656    -0.0373581    -0.0356010
 14.5451092     0.0620932    -0.0366567    -0.0362223
 14.5611611     0.0642651    -0.0358713    -0.0367140
 14.5771686     0.0662772    -0.0350122    -0.0370729
 14.5931318     0.0681257    -0.0340904    -0.0372963
 14.6090505     0.0698075    -0.0331173    -0.0373820
 14.6249247     0.0713195    -0.0321049    -0.0373287
 14.6407543     0.0726593    -0.0310653    -0.0371357
 14.6565394     0.0738245    -0.0300106    -0.0368026
 14.6722798     0.0748132    -0.0289532    -0.0363302
 14.6879755     0.0756236    -0.0279051    -0.0357196
 14.7036264     0.0762545    -0.0268780    -0.0349727
 14.7192326     0.0767044    -0.0258836    -0.0340920
 14.7347939     0.0769724    -0.0249328    -0.0330807
 14.7503104     0.0770578    -0.0240360    -0.0319426
 14.7657819     0.0769599    -0.0232030    -0.0306819
 14.7812084     0.0766784    -0.0224427    -0.0293038
 14.7965899     0.0762131    -0.0217633    -0.0278135
 14.8119264     0.0755641    -0.0211722    -0.0262171
 14.8272177     0.0747316    -0.0206756    -0.0245211
 14.8424639     0.0737161    -0.0202790    -0.0227324
 14.8576648     0.0725185    -0.0199866    -0.0208582
 14.8728205     0.0711397    -0.0198019    -0.0189062
 14.8879309     0.0695812    -0.0197271    -0.0168843
 14.9029959     0.0678446    -0.0197635    -0.0148008
 14.9180155     0.0659319    -0.0199114    -0.0126640
 14.9329897     0.0638456    -0.0201698    -0.0104825
 14.9479184     0.0615884    -0.0205370    -0.0082651
 14.9628016     0.0591634    -0.0210104    -0.0060204
 14.9776391     0.0565744    -0.0215863    -0.0037573
 14.9924311     0.0538255    -0.0222601    -0.0014845
 15.0071774     0.0509212    -0.0230267     0.0007892
 15.0218780     0.0478666    -0.0238799     0.0030554
 15.0365328     0.0446673    -0.0248131     0.0053056
 15.0511418     0.0413294    -0.0258190     0.0075317
 15.0657049     0.0378597    -0.0268896     0.0097256
 15.0802222     0.0342653    -0.0280168     0.0118798
 15.0946935     0.0305539    -0.0291918     0.0139869
 15.1091189     0.0267338    -0.0304057     0.0160399
 15.1234982     0.0228138    -0.0316491     0.0180321
 15.1378315     0.0188032    -0.0329128     0.0199574
 15.1521186     0.0147118    -0.0341872     0.0218100
 15.1663596     0.0105500    -0.0354630     0.0235846
 15.1805544     0.0063284    -0.0367307     0.0252763
 15.1947030     0.0020582    -0.0379810     0.0268807
 15.2088052    -0.0022491    -0.0392049     0.0283939
 15.2228612    -0.0065817    -0.0403935     0.0298126
 15.2368707    -0.0109272    -0.0415385     0.0311339
 15.2508339    -0.0152734    -0.0426315     0.0323553
 15.2647506    -0.0196075    -0.0436649     0.0334750
 15.2786207    -0.0239168    -0.0446314     0.0344917

PDF 1 in G'(r) format
  r, PDF (RMC), PDF (Expt)
 CURVES
          99 ,           2
      0.0654509        0.0000000        0.0000000
      0.1309019        0.0000000        0.0000000
      0.1963528        0.0000000        0.0000000
      0.2618037        0.0000000        0.0000000
      0.3272547        0.0000000        0.0000000
      0.3927056        0.0000000        0.0000000
      0.4581565        0.0000000        0.0000000
      0.5236075        0.0000000        0.0000000
      0.5890584        0.0000000        0.0000000
      0.6545093        0.0000000        0.0000000
      0.7199603        0.0000000        0.0000000
      0.7854112        0.0000000        0.0000000
      0.8508621        0.0000000        0.0000000
      0.9163131        0.0000000        0.0000000
      0.9817640        0.0000000        0.0000000
      1.0472149        0.0000000        0.0000000
      1.1126659        0.0000000        0.0000000
      1.1781168        0.0000000        0.0000000
      1.2435677        0.0000000        0.1336642
      1.3090187        0.0000000        0.4087493
      1.3744696        0.0554772        0.7543131
      1.4399206        0.0000000        1.1485415
      1.5053715        1.8266383        1.5505350
      1.5708224        3.3552225        1.9059448
      1.6362734        3.0369901        2.1587834
      1.7017243        2.7057910        2.2659462
      1.7671752        1.8463161        2.2093322
      1.8326262        1.4086606        2.0010507
      1.8980771        1.7646072        1.6798473
      1.9635280        0.6519058        1.3003390
      2.0289790        0.0613744        0.9192625
      2.0944299        0.0477892        0.5835708
      2.1598808        0.0224685        0.3237554
      2.2253318        0.0634991        0.1531507
      2.2907827        0.0599227        0.0715582
      2.3562336        0.0188800        0.0703735
      2.4216846        0.0357467        0.1367765
      2.4871355        0.4136380        0.2559231
      2.5525864        0.9207003        0.4115305
      2.6180374        0.9607228        0.5860281
      2.6834883        0.8733683        0.7613177
      2.7489392        0.9880729        0.9204588
      2.8143902        1.2361602        1.0498161
      2.8798411        1.1738274        1.1408396
      2.9452920        0.9891950        1.1907984
      3.0107430        0.9840507        1.2022868
      3.0761939        0.9881148        1.1818121
      3.1416448        1.2134480        1.1380301
      3.2070958        0.8678970        1.0801428
      3.2725467        0.6614640        1.0167345
      3.3379976        0.8085880        0.9550757
      3.4034486        0.7417719        0.9007813
      3.4688995        0.5635646        0.8576976
      3.5343504        0.9546001        0.8279539
      3.5998014        0.7992940        0.8121644
      3.6652523        1.1207300        0.8097733
      3.7307032        0.9206578        0.8194883
      3.7961542        0.9516646        0.8397032
      3.8616051        1.2058233        0.8687856
      3.9270560        1.1773388        0.9051459
      3.9925070        1.2553485        0.9470814
      4.0579579        1.2790402        0.9924918
      4.1234088        1.1433573        1.0386326
      4.1888598        1.3004635        1.0820893
      4.2543107        1.5385781        1.1190817
      4.3197617        1.3401003        1.1460852
      4.3852126        1.1426049        1.1606051
      4.4506635        1.2537452        1.1618539
      4.5161145        1.1865612        1.1510787
      4.5815654        1.0742104        1.1313973
      4.6470163        0.9531619        1.1071647
      4.7124673        1.0723585        1.0830542
      4.7779182        1.2179176        1.0631198
      4.8433691        0.9086331        1.0500902
      4.9088201        0.9952020        1.0450422
      4.9742710        0.8976059        1.0474679
      5.0397219        1.0240643        1.0556379
      5.1051729        0.9663481        1.0671130
      5.1706238        0.9414627        1.0792657
      5.2360747        1.0628800        1.0897134
      5.3015257        0.9931812        1.0966243
      5.3669766        1.0195184        1.0988858
      5.4324275        1.0056035        1.0961514
      5.4978785        1.0107177        1.0887822
      5.5633294        0.9599816        1.0777025
      5.6287803        0.9861959        1.0641974
      5.6942313        0.7106330        1.0496821
      5.7596822        0.7970542        1.0354810
      5.8251331        1.0257412        1.0226525
      5.8905841        0.9078899        1.0118836
      5.9560350        0.8989361        1.0034631
      6.0214859        0.9142852        0.9973273
      6.0869369        0.9046742        0.9931542
      6.1523878        0.7947487        0.9904812
      6.2178387        0.8804798        0.9888186
      6.2832897        0.9329732        0.9877401
      6.3487406        0.9010524        0.9869391
      6.4141915        0.9588967        0.9862467
      6.4796425        1.0317638        0.9856162

 Total S(Q)'s: Comparison with input data

   611  2 are NQ and NPAR

       Q      S(Q)_RMC  S(Q)_Expt
      0.4682470      0.0835425      0.2077988
      0.4982822      0.1806518      0.2271120
      0.5283159      0.2630680      0.1999373
      0.5583480      0.3296132      0.2298475
      0.5883784      0.3795614      0.2305090
      0.6184069      0.4126521      0.2565357
      0.6484336      0.4290918      0.2474724
      0.6784584      0.4295426      0.2646474
      0.7084810      0.4150994      0.2636069
      0.7385015      0.3872548      0.3029983
      0.7685198      0.3478547      0.2803935
      0.7985357      0.2990442      0.3165134
      0.8285491      0.2432066      0.3242744
      0.8585601      0.1828958      0.3528387
      0.8885684      0.1207659      0.3401115
      0.9185740      0.0594978      0.3830234
      0.9485769      0.0017269      0.3893421
      0.9785768     -0.0500279      0.4382564
      1.0085738     -0.0934313      0.4118919
      1.0385677     -0.1263928      0.4648711
      1.0685584     -0.1471205      0.4868638
      1.0985458     -0.1541669      0.5442779
      1.1285300     -0.1464647      0.5432138
      1.1585106     -0.1233518      0.6115161
      1.1884878     -0.0845857      0.6502125
      1.2184613     -0.0303465      0.7342055
      1.2484312      0.0387717      0.7438206
      1.2783972      0.1217794      0.8198889
      1.3083593      0.2173212      0.8923436
      1.3383174      0.3237143      0.9986290
      1.3682715      0.4389946      1.0154129
      1.3982214      0.5609701      1.1345052
      1.4281670      0.6872792      1.1952611
      1.4581083      0.8154518      1.2765756
      1.4880452      0.9429737      1.2583090
      1.5179775      1.0673495      1.3187903
      1.5479052      1.1861648      1.3185571
      1.5778281      1.2971452      1.3357947
      1.6077463      1.3982098      1.2915394
      1.6376596      1.4875197      1.2788005
      1.6675679      1.5635184      1.2367185
      1.6974711      1.6249651      1.2087317
      1.7273691      1.6709580      1.1295654
      1.7572618      1.7009495      1.1126714
      1.7871493      1.7147516      1.0785231
      1.8170312      1.7125319      1.0634851
      1.8469077      1.6948008      0.9789252
      1.8767785      1.6623907      0.9419524
      1.9066436      1.6164270      0.9070040
      1.9365029      1.5582928      0.9084775
      1.9663562      1.4895887      0.8360757
      1.9962036      1.4120872      0.8344206
      2.0260449      1.3276852      0.8139095
      2.0558801      1.2383546      0.8122972
      2.0857090      1.1460923      0.7600058
      2.1155315      1.0528724      0.7759056
      2.1453476      0.9605995      0.7596567
      2.1751571      0.8710661      0.7815941
      2.2049601      0.7859150      0.7273933
      2.2347563      0.7066062      0.7465106
      2.2645457      0.6343902      0.7472951
      2.2943282      0.5702882      0.7775821
      2.3241037      0.5150783      0.7319369
      2.3538721      0.4692894      0.7609251
      2.3836334      0.4332012      0.7546690
      2.4133874      0.4068514      0.7935739
      2.4431340      0.3900480      0.7408128
      2.4728732      0.3823881      0.7779927
      2.5026049      0.3832800      0.7941686
      2.5323289      0.3919705      0.8294398
      2.5620453      0.4075743      0.7882798
      2.5917538      0.4291053      0.8429276
      2.6214544      0.4555092      0.8262057
      2.6511471      0.4856959      0.8698095
      2.6808317      0.5185712      0.8159758
      2.7105081      0.5530664      0.8431003
      2.7401762      0.5881655      0.8216031
      2.7698360      0.6229296      0.8492129
      2.7994874      0.6565170      0.7853049
      2.8291302      0.6881997      0.8107665
      2.8587645      0.7173754      0.7956234
      2.8883900      0.7435746      0.8172699
      2.9180067      0.7664645      0.7497847
      2.9476145      0.7858471      0.7684031
      2.9772134      0.8016544      0.7532565
      3.0068031      0.8139396      0.7831777
      3.0363838      0.8228655      0.7247468
      3.0659551      0.8286897      0.7424671
      3.0955172      0.8317486      0.7324139
      3.1250698      0.8324395      0.7548449
      3.1546128      0.8312026      0.6944434
      3.1841463      0.8285022      0.7490457
      3.2136701      0.8248091      0.7273784
      3.2431841      0.8205840      0.7584574
      3.2726882      0.8162620      0.7123848
      3.3021823      0.8122400      0.7455926
      3.3316664      0.8088655      0.7366845
      3.3611403      0.8064285      0.7711888
      3.3906040      0.8051563      0.7304165
      3.4200574      0.8052102      0.7601068
      3.4495003      0.8066858      0.7670137
      3.4789327      0.8096151      0.7887449
      3.5083546      0.8139716      0.7636740
      3.5377657      0.8196767      0.7908278
      3.5671661      0.8266083      0.8012965
      3.5965556      0.8346103      0.8354474
      3.6259341      0.8435029      0.8125319
      3.6553016      0.8530940      0.8381429
      3.6846580      0.8631894      0.8531816
      3.7140032      0.8736037      0.8943623
      3.7433370      0.8841692      0.8597129
      3.7726594      0.8947450      0.9181836
      3.8019704      0.9052234      0.9130229
      3.8312697      0.9155351      0.9651177
      3.8605574      0.9256528      0.9275593
      3.8898333      0.9355926      0.9847655
      3.9190974      0.9454129      0.9955053
      3.9483496      0.9552128      1.0552443
      3.9775897      0.9651273      1.0206638
      4.0068177      0.9753216      1.0818904
      4.0360334      0.9859838      1.1020108
      4.0652369      0.9973169      1.1614346
      4.0944281      1.0095295      1.1168939
      4.1236067      1.0228264      1.1832290
      4.1527728      1.0373988      1.2055746
      4.1819262      1.0534152      1.2414010
      4.2110669      1.0710126      1.2215499
      4.2401947      1.0902884      1.2839307
      4.2693097      1.1112939      1.3309875
      4.2984116      1.1340288      1.3949996
      4.3275005      1.1584377      1.3686860
      4.3565761      1.1844077      1.4282211
      4.3856385      1.2117687      1.4364003
      4.4146876      1.2402943      1.4812994
      4.4437232      1.2697057      1.4594988
      4.4727452      1.2996766      1.5009093
      4.5017536      1.3298397      1.5025782
      4.5307483      1.3597943      1.5516118
      4.5597293      1.3891157      1.4833252
      4.5886963      1.4173652      1.5373560
      4.6176493      1.4440995      1.5315077
      4.6465883      1.4688825      1.5751113
      4.6755131      1.4912950      1.5102587
      4.7044237      1.5109453      1.5496000
      4.7333199      1.5274786      1.5358035
      4.7622018      1.5405859      1.5745380
      4.7910691      1.5500110      1.5004836
      4.8199218      1.5555573      1.5160782
      4.8487599      1.5570919      1.5191082
      4.8775831      1.5545492      1.5461030
      4.9063916      1.5479317      1.4475589
      4.9351850      1.5373105      1.4664399
      4.9639635      1.5228225      1.4377283
      4.9927268      1.5046678      1.4581343
      5.0214749      1.4831041      1.3604107
      5.0502077      1.4584406      1.3697796
      5.0789252      1.4310310      1.3141227
      5.1076271      1.4012649      1.2908323
      5.1363135      1.3695591      1.2011923
      5.1649843      1.3363482      1.2021215
      5.1936393      1.3020756      1.1570817
      5.2222785      1.2671834      1.1496027
      5.2509018      1.2321041      1.0809341
      5.2795091      1.1972519      1.0625072
      5.3081003      1.1630148      1.0164037
      5.3366753      1.1297480      1.0118871
      5.3652341      1.0977684      0.9438641
      5.3937766      1.0673497      0.9305984
      5.4223026      1.0387191      0.9112271
      5.4508121      1.0120555      0.9127001
      5.4793050      0.9874888      0.8375091
      5.5077812      0.9650999      0.8561141
      5.5362406      0.9449227      0.8300860
      5.5646832      0.9269471      0.8474997
      5.5931088      0.9111218      0.7790392
      5.6215173      0.8973595      0.8118337
      5.6499088      0.8855419      0.7806676
      5.6782830      0.8755248      0.8133906
      5.7066400      0.8671445      0.7555811
      5.7349795      0.8602234      0.7917284
      5.7633016      0.8545761      0.7855322
      5.7916061      0.8500151      0.8093093
      5.8198930      0.8463560      0.7558034
      5.8481622      0.8434226      0.7903458
      5.8764135      0.8410511      0.7717963
      5.9046470      0.8390934      0.8082554
      5.9328624      0.8374206      0.7593839
      5.9610598      0.8359243      0.7796401
      5.9892391      0.8345187      0.7800547
      6.0174000      0.8331403      0.8167204
      6.0455427      0.8317484      0.7715835
      6.0736669      0.8303238      0.8043355
      6.1017727      0.8288675      0.7999956
      6.1298598      0.8273983      0.8243273
      6.1579283      0.8259509      0.7883084
      6.1859780      0.8245726      0.8103892
      6.2140089      0.8233206      0.7991596
      6.2420208      0.8222587      0.8318845
      6.2700138      0.8214544      0.7818216
      6.2979876      0.8209757      0.8166737
      6.3259422      0.8208882      0.8091770
      6.3538776      0.8212527      0.8465817
      6.3817936      0.8221232      0.7922560
      6.4096902      0.8235444      0.8253628
      6.4375673      0.8255508      0.8139798
      6.4654247      0.8281656      0.8466621
      6.4932625      0.8314003      0.7946021
      6.5210805      0.8352540      0.8208288
      6.5488786      0.8397145      0.8225073
      6.5766567      0.8447584      0.8457956
      6.6044148      0.8503525      0.8081858
      6.6321529      0.8564547      0.8446045
      6.6598707      0.8630158      0.8486867
      6.6875682      0.8699812      0.8868101
      6.7152453      0.8772921      0.8481523
      6.7429020      0.8848880      0.8936918
      6.7705382      0.8927079      0.8835210
      6.7981537      0.9006919      0.9299052
      6.8257485      0.9087829      0.8970225
      6.8533225      0.9169279      0.9418182
      6.8808757      0.9250785      0.9284377
      6.9084079      0.9331925      0.9699719
      6.9359190      0.9412337      0.9362651
      6.9634090      0.9491724      0.9867725
      6.9908778      0.9569855      0.9927209
      7.0183253      0.9646564      1.0234146
      7.0457515      0.9721738      1.0020005
      7.0731561      0.9795320      1.0320274
      7.1005393      0.9867294      1.0469580
      7.1279008      0.9937677      1.0806872
      7.1552405      1.0006513      1.0612949
      7.1825585      1.0073855      1.1021325
      7.2098546      1.0139764      1.0931564
      7.2371288      1.0204291      1.1317198
      7.2643809      1.0267475      1.0969701
      7.2916108      1.0329332      1.1391946
      7.3188186      1.0389849      1.1368784
      7.3460040      1.0448984      1.1676400
      7.3731671      1.0506657      1.1386115
      7.4003078      1.0562757      1.1686064
      7.4274258      1.0617138      1.1607236
      7.4545213      1.0669625      1.1938900
      7.4815940      1.0720019      1.1469316
      7.5086440      1.0768104      1.1715742
      7.5356711      1.0813651      1.1716972
      7.5626752      1.0856432      1.1932501
      7.5896563      1.0896225      1.1629149
      7.6166143      1.0932825      1.1724599
      7.6435491      1.0966053      1.1765743
      7.6704605      1.0995761      1.1856788
      7.6973487      1.1021847      1.1257355
      7.7242133      1.1044254      1.1586360
      7.7510545      1.1062980      1.1394201
      7.7778720      1.1078077      1.1658132
      7.8046659      1.1089657      1.1087555
      7.8314359      1.1097890      1.1391307
      7.8581822      1.1103002      1.1294155
      7.8849044      1.1105270      1.1506460
      7.9116027      1.1105017      1.0988124
      7.9382768      1.1102605      1.1341934
      7.9649268      1.1098427      1.1333890
      7.9915525      1.1092896      1.1510217
      8.0181539      1.1086434      1.1033276
      8.0447308      1.1079462      1.1280535
      8.0712833      1.1072388      1.1212458
      8.0978111      1.1065594      1.1424762
      8.1243143      1.1059432      1.0971167
      8.1507928      1.1054203      1.1240392
      8.1772464      1.1050160      1.1192622
      8.2036751      1.1047491      1.1429659
      8.2300788      1.1046321      1.0997263
      8.2564574      1.1046702      1.1217729
      8.2828109      1.1048616      1.1133024
      8.3091392      1.1051970      1.1373785
      8.3354421      1.1056605      1.0861938
      8.3617197      1.1062293      1.1217421
      8.3879717      1.1068747      1.1146505
      8.4141983      1.1075629      1.1414051
      8.4403992      1.1082557      1.0990696
      8.4665744      1.1089116      1.1197346
      8.4927238      1.1094873      1.1164224
      8.5188473      1.1099383      1.1450112
      8.5449449      1.1102206      1.0949807
      8.5710164      1.1102920      1.1239901
      8.5970619      1.1101128      1.1130950
      8.6230811      1.1096475      1.1433015
      8.6490741      1.1088655      1.0928001
      8.6750407      1.1077422      1.1083708
      8.7009810      1.1062595      1.0973715
      8.7268947      1.1044067      1.1119729
      8.7527818      1.1021809      1.0740829
      8.7786422      1.0995867      1.0972589
      8.8044760      1.0966368      1.0897339
      8.8302829      1.0933515      1.1069827
      8.8560629      1.0897582      1.0533714
      8.8818159      1.0858911      1.0795645
      8.9075419      1.0817901      1.0600021
      8.9332407      1.0775001      1.0827045
      8.9589123      1.0730697      1.0252971
      8.9845567      1.0685506      1.0586024
      9.0101736      1.0639958      1.0437791
      9.0357631      1.0594584      1.0629044
      9.0613251      1.0549907      1.0040425
      9.0868595      1.0506429      1.0420848
      9.1123662      1.0464615      1.0195197
      9.1378452      1.0424887      1.0314713
      9.1632963      1.0387611      0.9870687
      9.1887195      1.0353093      1.0029759
      9.2141147      1.0321566      0.9916910
      9.2394819      1.0293192      1.0053060
      9.2648209      1.0268052      0.9493458
      9.2901317      1.0246151      0.9755755
      9.3154141      1.0227416      0.9624711
      9.3406683      1.0211699      0.9832615
      9.3658939      1.0198782      0.9309610
      9.3910910      1.0188382      0.9484010
      9.4162595      1.0180161      0.9360735
      9.4413994      1.0173736      0.9522356
      9.4665104      1.0168686      0.8994818
      9.4915927      1.0164566      0.9233140
      9.5166460      1.0160917      0.9087307
      9.5416703      1.0157281      0.9367741
      9.5666656      1.0153209      0.8876348
      9.5916317      1.0148276      0.9125586
      9.6165686      1.0142093      0.8965974
      9.6414762      1.0134312      0.9230632
      9.6663545      1.0124640      0.8714014
      9.6912033      1.0112846      0.8967859
      9.7160225      1.0098766      0.8893871
      9.7408122      1.0082308      0.9214249
      9.7655722      1.0063457      0.8755735
      9.7903025      1.0042271      0.8937061
      9.8150029      1.0018887      0.8824248
      9.8396735      0.9993513      0.9142871
      9.8643140      0.9966425      0.8662962
      9.8889245      0.9937962      0.8918010
      9.9135049      0.9908519      0.8883861
      9.9380551      0.9878536      0.9065040
      9.9625751      0.9848490      0.8730466
      9.9870646      0.9818883      0.8943250
     10.0115238      0.9790231      0.8877010
     10.0359524      0.9763053      0.9196555
     10.0603505      0.9737857      0.8748684
     10.0847180      0.9715133      0.9030995
     10.1090547      0.9695335      0.8945450
     10.1333606      0.9678875      0.9251539
     10.1576357      0.9666114      0.8863267
     10.1818798      0.9657350      0.9093806
     10.2060929      0.9652814      0.9057577
     10.2302749      0.9652661      0.9287798
     10.2544257      0.9656969      0.8970525
     10.2785453      0.9665735      0.9251289
     10.3026336      0.9678875      0.9168794
     10.3266906      0.9696223      0.9318623
     10.3507160      0.9717536      0.9025320
     10.3747099      0.9742495      0.9272589
     10.3986723      0.9770716      0.9148892
     10.4226029      0.9801753      0.9531408
     10.4465018      0.9835104      0.9069573
     10.4703689      0.9870228      0.9359277
     10.4942041      0.9906550      0.9343425
     10.5180073      0.9943471      0.9610470
     10.5417785      0.9980383      0.9144871
     10.5655175      1.0016678      0.9519134
     10.5892244      1.0051762      0.9461973
     10.6128990      1.0085063      0.9672946
     10.6365413      1.0116042      0.9320568
     10.6601512      1.0144205      0.9575107
     10.6837286      1.0169114      0.9549118
     10.7072735      1.0190388      0.9858723
     10.7307858      1.0207716      0.9460034
     10.7542654      1.0220860      0.9759839
     10.7777122      1.0229660      0.9700277
     10.8011262      1.0234036      0.9926351
     10.8245072      1.0233989      0.9576810
     10.8478553      1.0229601      0.9874100
     10.8711704      1.0221033      0.9773301
     10.8944524      1.0208519      1.0209011
     10.9177011      1.0192367      0.9801715
     10.9409166      1.0172949      1.0096838
     10.9640988      1.0150693      1.0044908
     10.9872476      1.0126079      1.0361368
     11.0103629      1.0099626      0.9995527
     11.0334447      1.0071886      1.0319726
     11.0564928      1.0043430      1.0268660
     11.0795073      1.0014845      1.0550939
     11.1024880      0.9986715      1.0202904
     11.1254349      0.9959618      1.0409754
     11.1483479      0.9934112      1.0487854
     11.1712270      0.9910728      1.0844161
     11.1940720      0.9889960      1.0349230
     11.2168830      0.9872259      1.0779500
     11.2396597      0.9858023      1.0688037
     11.2624023      0.9847594      1.1009084
     11.2851105      0.9841251      1.0588998
     11.3077843      0.9839209      1.0951377
     11.3304237      0.9841613      1.0863926
     11.3530286      0.9848538      1.1132413
     11.3755989      0.9859990      1.0740400
     11.3981345      0.9875906      1.1068919
     11.4206355      0.9896157      1.1028704
     11.4431016      0.9920550      1.1344684
     11.4655329      0.9948832      1.0946695
     11.4879292      0.9980698      1.1251586
     11.5102906      1.0015793      1.1141608
     11.5326169      1.0053722      1.1437423
     11.5549080      1.0094053      1.1015271
     11.5771640      1.0136331      1.1258615
     11.5993847      1.0180077      1.1312844
     11.6215701      1.0224805      1.1561584
     11.6437200      1.0270022      1.1264497
     11.6658345      1.0315240      1.1428835
     11.6879135      1.0359983      1.1271588
     11.7099568      1.0403794      1.1604357
     11.7319645      1.0446238      1.1132708
     11.7539365      1.0486914      1.1345695
     11.7758726      1.0525456      1.1245742
     11.7977729      1.0561537      1.1455939
     11.8196372      1.0594876      1.1148587
     11.8414656      1.0625239      1.1350904
     11.8632578      1.0652440      1.1265504
     11.8850139      1.0676343      1.1529580
     11.9067339      1.0696865      1.0884830
     11.9284175      1.0713971      1.1251038
     11.9500648      1.0727675      1.1154429
     11.9716757      1.0738038      1.1410577
     11.9932502      1.0745165      1.0773373
     12.0147881      1.0749201      1.1098128
     12.0362894      1.0750329      1.0960678
     12.0577540      1.0748764      1.1232744
     12.0791820      1.0744748      1.0751669
     12.1005731      1.0738547      1.0935382
     12.1219273      1.0730444      1.0860168
     12.1432447      1.0720735      1.1054872
     12.1645250      1.0709722      1.0545239
     12.1857683      1.0697710      1.0755529
     12.2069745      1.0685001      1.0633309
     12.2281434      1.0671889      1.0967333
     12.2492752      1.0658654      1.0287851
     12.2703696      1.0645564      1.0593184
     12.2914266      1.0632862      1.0344375
     12.3124462      1.0620772      1.0668558
     12.3334283      1.0609489      1.0194668
     12.3543729      1.0599182      1.0413947
     12.3752798      1.0589988      1.0220082
     12.3961490      1.0582017      1.0461461
     12.4169804      1.0575343      1.0040548
     12.4377740      1.0570013      1.0188141
     12.4585297      1.0566040      1.0160719
     12.4792475      1.0563410      1.0268725
     12.4999273      1.0562078      0.9869754
     12.5205689      1.0561974      1.0081038
     12.5411725      1.0563003      0.9990972
     12.5617378      1.0565050      1.0153613
     12.5822649      1.0567979      0.9610317
     12.6027536      1.0571640      0.9884075
     12.6232040      1.0575868      0.9729133
     12.6436159      1.0580492      0.9953950
     12.6639893      1.0585330      0.9587060
     12.6843241      1.0590203      0.9733100
     12.7046203      1.0594927      0.9575059
     12.7248777      1.0599325      0.9832109
     12.7450964      1.0603225      0.9370641
     12.7652763      1.0606465      0.9595387
     12.7854173      1.0608893      0.9478745
     12.8055194      1.0610373      0.9668291
     12.8255824      1.0610784      0.9395642
     12.8456064      1.0610022      0.9422727
     12.8655912      1.0608002      0.9418061
     12.8855369      1.0604659      0.9704281
     12.9054433      1.0599949      0.9299124
     12.9253104      1.0593848      0.9520727
     12.9451381      1.0586352      0.9272463
     12.9649264      1.0577479      0.9424247
     12.9846752      1.0567265      0.9140179
     13.0043844      1.0555766      0.9335518
     13.0240541      1.0543054      0.9200856
     13.0436840      1.0529219      0.9444774
     13.0632742      1.0514363      0.9106600
     13.0828247      1.0498604      0.9228750
     13.1023352      1.0482067      0.9220535
     13.1218059      1.0464888      0.9239801
     13.1412366      1.0447210      0.9026569
     13.1606273      1.0429179      0.9194077
     13.1799778      1.0410943      0.9138904
     13.1992882      1.0392653      0.9291716
     13.2185585      1.0374454      0.9018833
     13.2377884      1.0356492      0.9128383
     13.2569780      1.0338902      0.9152417
     13.2761273      1.0321817      0.9397104
     13.2952361      1.0305357      0.9026169
     13.3143044      1.0289633      0.9099367
     13.3333321      1.0274746      0.9082638
     13.3523192      1.0260781      0.9320708
     13.3712657      1.0247812      0.8942827
     13.3901714      1.0235900      0.9090158
     13.4090364      1.0225089      0.9057602
     13.4278604      1.0215409      0.9319192
     13.4466436      1.0206877      0.8834182
     13.4653858      1.0199494      0.9076445
     13.4840871      1.0193249      0.9078576
     13.5027472      1.0188114      0.9315511
     13.5213662      1.0184053      0.8920059
     13.5399440      1.0181015      0.9148772
     13.5584806      1.0178939      0.9102984
     13.5769758      1.0177755      0.9301520
     13.5954297      1.0177385      0.8835772
     13.6138422      1.0177741      0.9119026
     13.6322132      1.0178733      0.9116708
     13.6505427      1.0180264      0.9437406
     13.6688306      1.0182236      0.8963849
     13.6870769      1.0184547      0.9349939
     13.7052815      1.0187097      0.9143259
     13.7234443      1.0189785      0.9431674
     13.7415654      1.0192515      0.9022791
     13.7596445      1.0195192      0.9195975
     13.7776818      1.0197727      0.9268100
     13.7956771      1.0200036      0.9524244
     13.8136303      1.0202041      0.9079933
     13.8315415      1.0203674      0.9406395
     13.8494106      1.0204873      0.9315903
     13.8672374      1.0205585      0.9599240
     13.8850221      1.0205767      0.9125359
     13.9027644      1.0205383      0.9402451
     13.9204644      1.0204410      0.9401231
     13.9381219      1.0202832      0.9727534
     13.9557370      1.0200644      0.9214117
     13.9733096      1.0197851      0.9445990
     13.9908397      1.0194466      0.9434129
     14.0083271      1.0190512      0.9751591
     14.0257718      1.0186018      0.9358401
     14.0431739      1.0181023      0.9679596
     14.0605331      1.0175573      0.9554686
     14.0778495      1.0169720      0.9785371
     14.0951231      1.0163522      0.9281773
     14.1123536      1.0157040      0.9681724
     14.1295412      1.0150341      0.9632543
     14.1466858      1.0143495      0.9904629
     14.1637873      1.0136574      0.9435705
     14.1808456      1.0129650      0.9698750
     14.1978607      1.0122798      0.9657130
     14.2148326      1.0116090      0.9996588
     14.2317612      1.0109599      0.9463237
     14.2486464      1.0103394      0.9744537
     14.2654882      1.0097542      0.9730957
     14.2822866      1.0092107      0.9911868
     14.2990415      1.0087149      0.9632118
     14.3157528      1.0082722      0.9766910
     14.3324204      1.0078875      0.9822402
     14.3490445      1.0075652      1.0084165
     14.3656248      1.0073090      0.9750472
     14.3821614      1.0071220      0.9902348
     14.3986541      1.0070067      0.9817262
     14.4151030      1.0069647      1.0158417
     14.4315080      1.0069972      0.9558486
     14.4478690      1.0071043      0.9862701
     14.4641860      1.0072859      0.9816447
     14.4804590      1.0075407      1.0142407
     14.4966878      1.0078672      0.9601065
     14.5128725      1.0082629      1.0003280
     14.5290130      1.0087249      0.9882040
     14.5451092      1.0092496      1.0138767
     14.5611611      1.0098330      0.9616819
     14.5771686      1.0104705      0.9972458
     14.5931318      1.0111570      0.9915339
     14.6090505      1.0118872      1.0310695
     14.6249247      1.0126552      0.9728348
     14.6407543      1.0134551      0.9948137
     14.6565394      1.0142805      0.9940315
     14.6722798      1.0151250      1.0275273
     14.6879755      1.0159820      0.9654386
     14.7036264      1.0168449      1.0093043
     14.7192326      1.0177071      1.0003102
     14.7347939      1.0185619      1.0246455
     14.7503104      1.0194029      0.9645569
     14.7657819      1.0202237      1.0063801
     14.7812084      1.0210183      1.0000633
     14.7965899      1.0217808      1.0233604
     14.8119264      1.0225054      0.9772080
     14.8272177      1.0231871      0.9991486
     14.8424639      1.0238210      1.0003800
     14.8576648      1.0244024      1.0330353
     14.8728205      1.0249275      0.9679322
     14.8879309      1.0253924      1.0084296
     14.9029959      1.0257942      0.9911637
     14.9180155      1.0261302      1.0330779
     14.9329897      1.0263982      0.9774007
     14.9479184      1.0265965      1.0047920
     14.9628016      1.0267240      0.9991079
     14.9776391      1.0267801      1.0347524
     14.9924311      1.0267646      0.9715506
     15.0071774      1.0266779      1.0205954
     15.0218780      1.0265208      1.0039111
     15.0365328      1.0262947      1.0217448
     15.0511418      1.0260014      0.9832891
     15.0657049      1.0256430      1.0136528
     15.0802222      1.0252223      0.9971735
     15.0946935      1.0247421      1.0218580
     15.1091189      1.0242058      0.9728030
     15.1234982      1.0236173      1.0024691
     15.1378315      1.0229804      0.9920856
     15.1521186      1.0222995      1.0084422
     15.1663596      1.0215790      0.9710480
     15.1805544      1.0208238      0.9897689
     15.1947030      1.0200386      0.9814171
     15.2088052      1.0192285      1.0085216
     15.2228612      1.0183988      0.9712502
     15.2368707      1.0175545      0.9920745
     15.2508339      1.0167009      0.9922244
     15.2647506      1.0158433      1.0044081
     15.2786207      1.0149870      0.9905568
