 Results from RMCProfile version 6.7.9.5

 (Version 6f format configuration file)                                          

 2 experiments   3 partials

 Partial g(r)'s are printed out below

   348  3 are NR and NPAR

   r (Ang)
   0.06545     0.00000     0.00000     0.00000
   0.13090     0.00000     0.00000     0.00000
   0.19635     0.00000     0.00000     0.00000
   0.26180     0.00000     0.00000     0.00000
   0.32725     0.00000     0.00000     0.00000
   0.39271     0.00000     0.00000     0.00000
   0.45816     0.00000     0.00000     0.00000
   0.52361     0.00000     0.00000     0.00000
   0.58906     0.00000     0.00000     0.00000
   0.65451     0.00000     0.00000     0.00000
   0.71996     0.00000     0.00000     0.00000
   0.78541     0.00000     0.00000     0.00000
   0.85086     0.00000     0.00000     0.00000
   0.91631     0.00000     0.00000     0.00000
   0.98176     0.00000     0.00000     0.00000
   1.04721     0.00000     0.00000     0.00000
   1.11267     0.00000     0.00000     0.00000
   1.17812     0.00000     0.00000     0.00000
   1.24357     0.00000     0.07577     0.00000
   1.30902     0.00000     0.63254     0.00000
   1.37447     0.00000     1.40335     0.02354
   1.43992     0.00000     1.79440     0.82944
   1.50537     0.00000     2.67598     1.03367
   1.57082     0.00000     3.63900     1.02745
   1.63627     0.00000     4.36588     1.11857
   1.70172     0.00000     4.59295     1.29018
   1.76718     0.00000     4.38103     1.45276
   1.83263     0.00000     3.81639     1.48771
   1.89808     0.00000     3.13082     1.25931
   1.96353     0.00000     2.34808     1.03832
   2.02898     0.00000     1.64039     0.74912
   2.09443     0.00000     1.04190     0.52052
   2.15988     0.00000     0.66256     0.32100
   2.22533     0.00000     0.46147     0.14970
   2.29078     0.00000     0.39360     0.06498
   2.35623     0.00000     0.46703     0.01602
   2.42168     0.00000     0.00000     0.01264
   2.48714     0.00000     0.00474     0.08869
   2.55259     0.00000     0.02248     0.51429
   2.61804     0.00000     0.12396     0.93236
   2.68349     0.00000     0.24615     1.40219
   2.74894     0.00000     0.50985     1.59522
   2.81439     0.00000     0.68801     1.80268
   2.87984     0.14659     0.84433     1.83610
   2.94529     1.34813     0.72616     1.59986
   3.01074     1.37957     0.83392     1.47217
   3.07619     1.76199     0.73534     1.36476
   3.14164     1.94744     0.71096     1.17478
   3.20710     1.93631     0.67796     1.05669
   3.27255     1.99478     0.61008     0.93039
   3.33800     1.83419     0.61663     0.82506
   3.40345     1.96924     0.54003     0.68995
   3.46890     2.10733     0.48697     0.56066
   3.53435     2.44250     0.36707     0.48904
   3.59980     2.66723     0.31767     0.40506
   3.66525     0.44820     0.80587     0.79689
   3.73070     0.60316     0.81889     0.74254
   3.79615     0.55442     0.83258     0.80668
   3.86161     0.70273     0.87729     0.78453
   3.92706     0.69452     0.95563     0.79995
   3.99251     0.79542     1.01555     0.81672
   4.05796     0.77349     1.10582     0.84912
   4.12341     0.82404     1.13303     0.95755
   4.18886     0.86448     1.20644     0.96842
   4.25431     0.93085     1.29425     0.95852
   4.31976     0.95250     1.31343     1.02346
   4.38521     0.95138     1.32937     1.05328
   4.45066     1.01421     1.29499     1.08840
   4.51611     0.86864     1.33099     1.07162
   4.58157     0.91295     1.29812     1.02992
   4.64702     0.84184     1.22925     1.06703
   4.71247     0.90465     1.17753     1.02224
   4.77792     0.82678     1.15063     1.04639
   4.84337     0.88850     1.13285     0.99744
   4.90882     0.86256     1.09737     1.05101
   4.97427     0.97338     1.05152     1.06549
   5.03972     0.93231     1.08610     1.07302
   5.10517     0.99075     1.05730     1.12761
   5.17062     1.06327     1.05098     1.14527
   5.23607     1.04531     1.07831     1.15089
   5.30153     0.99288     1.08051     1.20759
   5.36698     1.08740     1.06093     1.18038
   5.43243     1.09274     1.04843     1.19431
   5.49788     1.02091     1.04106     1.21510
   5.56333     1.09056     1.01103     1.17758
   5.62878     1.10189     1.02788     1.10916
   5.69423     1.06064     1.02879     1.07284
   5.75968     1.06285     0.99362     1.07854
   5.82513     0.99132     0.99775     1.06274
   5.89058     1.04283     0.97190     1.03798
   5.95604     1.06247     0.94281     1.03744
   6.02149     1.04110     0.95192     1.02115
   6.08694     1.06883     0.94540     1.00091
   6.15239     1.13799     0.92849     0.97698
   6.21784     1.02131     0.96854     0.97033
   6.28329     1.09693     0.95032     0.95397
   6.34874     1.02559     0.95554     0.98002
   6.41419     1.02869     0.96819     0.95544
   6.47964     1.01353     0.96513     0.96060
   6.54509     1.01499     0.96063     0.96433
   6.61054     0.98969     0.95779     0.97757
   6.67600     0.97947     0.96376     0.97746
   6.74145     0.98984     0.97576     0.95629
   6.80690     0.91967     1.00261     0.95110
   6.87235     0.96353     0.98981     0.94689
   6.93780     0.97190     0.96909     0.97501
   7.00325     0.95027     0.98452     0.96957
   7.06870     0.94898     0.99129     0.95704
   7.13415     0.97146     0.97664     0.97219
   7.19960     0.97398     0.99175     0.95574
   7.26505     0.93787     1.00255     0.96500
   7.33050     0.98045     0.99181     0.96137
   7.39596     0.95471     1.01826     0.94768
   7.46141     0.95675     1.01942     0.95616
   7.52686     1.03011     0.99220     0.96970
   7.59231     1.03553     0.99779     0.96592
   7.65776     0.96953     1.01953     0.98007
   7.72321     1.03955     0.99446     0.98516
   7.78866     0.99066     0.99617     1.00803
   7.85411     0.98454     0.99982     1.01702
   7.91956     1.00157     1.00205     1.00146
   7.98501     1.00156     0.99419     1.01139
   8.05046     0.99517     1.01675     0.98494
   8.11592     1.03807     1.00197     0.98015
   8.18137     0.99472     1.00154     1.00263
   8.24682     1.00793     1.00380     0.99637
   8.31227     0.98961     1.00651     0.99620
   8.37772     0.97338     1.00295     1.01513
   8.44317     1.01601     0.99835     1.00091
   8.50862     0.99165     0.99863     1.01260
   8.57407     0.99389     1.01074     1.00184
   8.63952     0.97501     1.01551     1.00917
   8.70497     1.00090     1.00319     1.01303
   8.77043     0.99655     1.01475     0.99855
   8.83588     1.03746     1.01422     0.99425
   8.90133     1.02445     1.00528     1.00588
   8.96678     1.02395     0.99485     1.02390
   9.03223     1.05388     1.00113     1.00002
   9.09768     1.02198     0.98129     1.04821
   9.16313     0.97847     1.01077     1.02375
   9.22858     0.99591     1.01661     1.00981
   9.29403     1.00003     1.00845     1.01915
   9.35948     1.00724     1.00677     1.01358
   9.42493     1.01611     1.00339     1.01391
   9.49039     1.02979     0.99984     1.00787
   9.55584     1.01256     1.00176     1.01019
   9.62129     1.00696     1.00558     1.00642
   9.68674     1.04276     0.98501     1.01578
   9.75219     0.95211     1.01250     1.02043
   9.81764     0.97129     1.01273     1.00610
   9.88309     0.98574     0.98991     1.03108
   9.94854     0.98100     0.99957     1.01636
  10.01399     0.97745     1.01811     0.99247
  10.07944     0.96423     1.00132     1.02253
  10.14489     1.04465     0.99812     0.99224
  10.21035     1.01964     0.98958     1.01312
  10.27580     1.01217     1.00407     0.99633
  10.34125     1.01294     1.00126     1.00095
  10.40670     1.02001     0.99006     1.00975
  10.47215     1.01839     0.99082     1.00285
  10.53760     1.01151     1.00309     0.98549
  10.60305     0.98465     1.01003     0.98642
  10.66850     0.98379     1.00192     0.99233
  10.73395     0.96480     1.00525     0.99468
  10.79940     0.97051     1.00102     0.99715
  10.86486     0.98681     1.00699     0.98128
  10.93031     0.97697     0.99558     1.00134
  10.99576     1.00033     0.99539     0.98712
  11.06121     1.02591     1.00077     0.97426
  11.12666     0.99891     0.99424     0.99302
  11.19211     0.98633     0.99726     0.99481
  11.25756     1.03566     0.98189     0.99194
  11.32301     1.00430     0.99376     0.99485
  11.38846     0.97940     1.00293     0.99065
  11.45391     0.97839     0.98536     1.01598
  11.51936     1.01661     0.98810     0.99787
  11.58482     0.97280     1.01441     0.98199
  11.65027     0.97640     1.00002     0.99983
  11.71572     1.04103     0.99667     0.97680
  11.78117     0.96692     1.01687     0.98371
  11.84662     0.99711     0.99805     0.99760
  11.91207     0.99393     0.99971     0.99889
  11.97752     1.00368     0.99565     0.99886
  12.04297     1.00598     1.00557     0.98241
  12.10842     1.00935     0.98813     1.00489
  12.17387     1.00204     0.99464     0.99791
  12.23932     1.02072     1.00124     0.98370
  12.30478     1.00110     0.99420     1.00088
  12.37023     0.97653     1.00026     1.00796
  12.43568     0.99998     0.99355     1.00399
  12.50113     1.00435     0.99536     0.99787
  12.56658     0.96825     0.99504     1.02008
  12.63203     0.99453     0.99495     1.00415
  12.69748     1.03027     0.98626     0.99861
  12.76293     0.99414     1.00630     0.99394
  12.82838     1.01990     0.99143     1.00167
  12.89383     0.98659     1.00201     1.00223
  12.95928     1.01836     0.98991     1.00228
  13.02474     1.01123     0.99777     0.99521
  13.09019     0.98931     1.00184     1.00363
  13.15564     1.00391     1.00062     0.99915
  13.22109     1.00062     1.00909     0.98656
  13.28654     1.00292     0.99834     1.00240
  13.35199     1.00676     0.99532     1.00142
  13.41744     1.01368     0.99735     0.99653
  13.48289     1.02807     0.99478     0.99316
  13.54834     0.98946     1.00443     0.99910
  13.61379     1.00496     0.99859     0.99975
  13.67925     0.98206     1.00025     1.00645
  13.74470     0.98284     1.00269     1.00231
  13.81015     1.00755     1.00550     0.99042
  13.87560     0.96378     1.01346     0.99596
  13.94105     0.96935     0.99801     1.01738
  14.00650     0.98628     1.00103     1.00283
  14.07195     0.99584     0.99913     0.99989
  14.13740     1.00721     1.00317     0.99169
  14.20285     0.99967     0.99663     1.00741
  14.26830     1.00133     0.99974     1.00045
  14.33375     1.03842     0.99755     0.98787
  14.39921     1.00107     0.99352     1.00594
  14.46466     1.00393     1.00436     0.98963
  14.53011     1.00204     1.00006     0.99766
  14.59556     0.98981     1.00362     0.99897
  14.66101     0.99231     1.01281     0.98524
  14.72646     0.98805     1.00302     1.00474
  14.79191     1.01795     0.99202     1.00075
  14.85736     1.02212     0.99856     0.98933
  14.92281     0.98769     0.99870     1.00631
  14.98826     0.99043     0.99359     1.01272
  15.05371     0.98643     1.00352     1.00046
  15.11917     0.98348     1.00542     1.00006
  15.18462     1.01470     0.98953     1.00451
  15.25007     1.01646     0.99769     0.99693
  15.31552     1.00631     0.99030     1.00644
  15.38097     0.98039     1.00759     0.99589
  15.44642     0.99758     0.99889     0.99660
  15.51187     0.99230     0.99863     1.00158
  15.57732     0.98398     1.00348     1.00119
  15.64277     0.99824     0.99307     1.00852
  15.70822     1.02866     0.99627     0.99058
  15.77368     1.02270     0.99508     0.99501
  15.83913     1.00134     0.99190     1.00684
  15.90458     1.01829     0.99730     0.99142
  15.97003     0.99021     1.00086     1.00081
  16.03548     1.00331     1.00285     0.98920
  16.10093     0.99919     1.00313     0.99267
  16.16638     0.99510     1.00254     0.99707
  16.23183     1.00665     0.99241     1.00441
  16.29728     0.99837     1.00470     0.99195
  16.36273     0.99775     1.00374     0.99261
  16.42818     1.01513     0.98913     1.00472
  16.49364     1.00985     0.99972     0.99365
  16.55909     1.00505     1.00134     0.99625
  16.62454     0.99464     0.99490     1.00720
  16.68999     0.98498     1.00452     0.99958
  16.75544     0.97813     1.00399     1.00357
  16.82089     0.99038     1.00904     0.98969
  16.88634     0.98678     1.01058     0.99129
  16.95179     0.96930     1.00238     1.01291
  17.01724     1.00504     0.99444     1.00267
  17.08269     1.01144     0.99582     0.99953
  17.14814     0.99212     1.00841     0.99055
  17.21360     1.00452     0.99823     1.00005
  17.27905     1.00798     0.99397     1.00217
  17.34450     0.99557     0.99208     1.01167
  17.40995     1.02057     0.99952     0.99058
  17.47540     0.99133     0.99594     1.00624
  17.54085     0.98395     0.99861     1.01031
  17.60630     0.99869     0.99744     1.00453
  17.67175     1.00446     0.99823     1.00038
  17.73720     1.01639     0.98915     1.00955
  17.80265     1.01550     0.99793     0.99400
  17.86811     0.99393     1.00564     0.99630
  17.93356     0.99515     1.00970     0.98881
  17.99901     1.01670     0.99274     1.00434
  18.06446     0.99302     1.00123     1.00343
  18.12991     0.98217     1.00471     1.00347
  18.19536     1.01184     1.00037     0.99447
  18.26081     0.98932     1.00028     1.00576
  18.32626     0.99968     1.00898     0.98941
  18.39171     0.99771     0.99835     1.00289
  18.45716     0.99914     1.00513     0.99314
  18.52261     1.00492     0.99979     0.99702
  18.58807     1.03623     0.99395     0.99096
  18.65352     0.98338     1.00286     1.00311
  18.71897     1.00708     1.00217     0.99378
  18.78442     1.02059     0.98856     1.00691
  18.84987     0.97652     1.01209     0.99755
  18.91532     0.99809     0.99331     1.00898
  18.98077     0.99412     1.00237     0.99973
  19.04622     0.99416     1.00470     0.99728
  19.11167     1.00860     0.99322     1.00617
  19.17712     0.97670     1.00370     1.00488
  19.24257     0.99993     1.00756     0.99377
  19.30803     0.99192     1.00573     0.99615
  19.37348     1.00806     0.99731     1.00129
  19.43893     0.99101     0.99491     1.01139
  19.50438     1.00538     0.99833     1.00138
  19.56983     0.98264     1.00857     0.99786
  19.63528     1.01619     0.99726     0.99795
  19.70073     0.99961     0.99567     1.00558
  19.76618     1.00056     0.99389     1.00971
  19.83163     1.00147     0.99594     1.00672
  19.89708     0.99694     1.00128     1.00138
  19.96253     1.00596     0.99674     1.00174
  20.02799     1.00907     0.99930     0.99643
  20.09344     0.98845     1.00067     1.00574
  20.15889     1.01296     0.99804     0.99696
  20.22434     0.99976     1.00585     0.99454
  20.28979     1.00091     1.00243     0.99764
  20.35524     1.00175     1.00724     0.99131
  20.42069     1.01242     1.00206     0.99286
  20.48614     0.99796     1.00076     1.00313
  20.55159     0.99627     1.00144     1.00117
  20.61704     0.98832     0.99888     1.01087
  20.68250     1.02877     0.99955     0.98903
  20.74795     0.98975     1.00541     0.99967
  20.81340     0.98741     1.00058     1.00767
  20.87885     1.01669     0.99795     0.99691
  20.94430     1.02037     0.99222     1.00373
  21.00975     0.99015     1.00371     1.00142
  21.07520     1.00148     1.00306     0.99808
  21.14065     1.00889     0.99843     0.99917
  21.20610     1.00190     1.00136     1.00077
  21.27155     1.00598     1.00039     0.99894
  21.33700     0.99893     1.00347     0.99781
  21.40246     0.98461     1.00562     1.00201
  21.46791     0.98339     1.00230     1.00842
  21.53336     1.01176     0.99444     1.00543
  21.59881     0.98913     1.01226     0.99179
  21.66426     1.00031     1.00540     0.99673
  21.72971     1.00937     1.00590     0.98917
  21.79516     1.00710     0.99663     1.00396
  21.86061     1.00338     0.99674     1.00907
  21.92606     1.01125     0.99092     1.01055
  21.99151     1.00069     0.99957     1.00393
  22.05696     0.99761     1.00085     1.00316
  22.12242     1.00698     1.00251     0.99666
  22.18787     0.99082     1.00139     1.00844
  22.25332     0.98886     1.00217     1.00736
  22.31877     0.99353     1.00659     0.99929
  22.38422     1.00691     0.99800     1.00399
  22.44967     1.00529     0.99992     1.00388
  22.51512     0.99135     1.00408     1.00493
  22.58057     0.98765     1.00450     1.00711
  22.64602     1.00374     1.00508     0.99699
  22.71147     1.00447     1.00392     1.00272
  22.77693     1.00239     1.00550     0.99859

 Partial S(Q)'s are printed out below

   494  3 are NQ and NPAR

      Q          S(Q)_1      S(Q)_2      S(Q)_3
  0.4682470    -2.8284285     0.0444803    -1.4236696
  0.4982822    -2.8878593    -0.0343664    -1.5240004
  0.5283174    -2.9175521    -0.0471560    -1.5495093
  0.5583526    -2.9141298    -0.0081721    -1.5151154
  0.5883878    -2.8836571     0.0543637    -1.4511651
  0.6184230    -2.8387395     0.1107012    -1.3901640
  0.6484582    -2.7937245     0.1407314    -1.3547466
  0.6784934    -2.7596789     0.1399689    -1.3511023
  0.7085286    -2.7408312     0.1187761    -1.3695762
  0.7385638    -2.7336136     0.0959752    -1.3912753
  0.7685990    -2.7285142     0.0899960    -1.3973632
  0.7986342    -2.7139735     0.1113020    -1.3770611
  0.8286694    -2.6808683     0.1589303    -1.3313211
  0.8587046    -2.6259626     0.2220598    -1.2711738
  0.8887398    -2.5531101     0.2854457    -1.2119880
  0.9187750    -2.4718229     0.3361348    -1.1664081
  0.9488102    -2.3937752     0.3686247    -1.1390131
  0.9788454    -2.3285416     0.3865342    -1.1247591
  1.0088806    -2.2801243     0.4004416    -1.1115303
  1.0389158    -2.2455128     0.4231336    -1.0853948
  1.0689510    -2.2157646     0.4644374    -1.0361579
  1.0989862    -2.1791766     0.5277712    -0.9608784
  1.1290214    -2.1253714     0.6096392    -0.8640599
  1.1590566    -2.0488170     0.7019602    -0.7547479
  1.1890918    -1.9505415     0.7959515    -0.6420749
  1.2191270    -1.8374891     0.8857485    -0.5313675
  1.2491622    -1.7198410     0.9702132    -0.4225529
  1.2791974    -1.6073513     1.0522914    -0.3114887
  1.3092326    -1.5060765     1.1363866    -0.1935032
  1.3392678    -1.4166769     1.2250573    -0.0674530
  1.3693030    -1.3348427     1.3165661     0.0616072
  1.3993382    -1.2535806     1.4043680     0.1824265
  1.4293734    -1.1664081     1.4787437     0.2803483
  1.4594086    -1.0701902     1.5298595     0.3418122
  1.4894438    -0.9665368     1.5509651     0.3587612
  1.5194790    -0.8612618     1.5404325     0.3312013
  1.5495142    -0.7621666     1.5018774     0.2669352
  1.5795494    -0.6760433     1.4424169     0.1786569
  1.6095846    -0.6060713     1.3698643     0.0796478
  1.6396198    -0.5505917     1.2900262    -0.0201765
  1.6696550    -0.5036846     1.2051365    -0.1163489
  1.6996902    -0.4572692     1.1139134    -0.2093949
  1.7297254    -0.4038655     1.0130290    -0.3022577
  1.7597606    -0.3389329     0.8992324    -0.3968962
  1.7897958    -0.2619083     0.7711768    -0.4916361
  1.8198311    -0.1756128     0.6302318    -0.5804603
  1.8498663    -0.0843605     0.4800638    -0.6545418
  1.8799015     0.0083796     0.3253196    -0.7053285
  1.9099367     0.1017505     0.1700962    -0.7278197
  1.9399719     0.1979320     0.0169029    -0.7226000
  1.9700071     0.3010092    -0.1334702    -0.6957377
  2.0000423     0.4147190    -0.2812128    -0.6565689
  2.0300775     0.5399833    -0.4263163    -0.6142838
  2.0601127     0.6732647    -0.5675614    -0.5747234
  2.0901479     0.8064922    -0.7021640    -0.5386937
  2.1201831     0.9287218    -0.8262438    -0.5024471
  2.1502183     1.0290376    -0.9358957    -0.4600668
  2.1802535     1.0997127    -1.0283849    -0.4066964
  2.2102887     1.1385205    -1.1029494    -0.3412185
  2.2403239     1.1493643    -1.1608914    -0.2672401
  2.2703591     1.1409714    -1.2049625    -0.1919671
  2.3003943     1.1240675    -1.2383405    -0.1234479
  2.3304295     1.1079655    -1.2636427    -0.0673514
  2.3604647     1.0976885    -1.2823491    -0.0246450
  2.3904999     1.0925483    -1.2947872     0.0088325
  2.4205351     1.0865919    -1.3005617     0.0406847
  2.4505703     1.0707071    -1.2991313     0.0788026
  2.4806055     1.0356519    -1.2902178     0.1279849
  2.5106407     0.9750162    -1.2738762     0.1876729
  2.5406759     0.8872106    -1.2502750     0.2516995
  2.5707111     0.7759404    -1.2194117     0.3101628
  2.6007463     0.6491376    -1.1810326     0.3527179
  2.6307815     0.5167917    -1.1349066     0.3720504
  2.6608167     0.3884116    -1.0813897     0.3662579
  2.6908519     0.2708813    -1.0220086     0.3393144
  2.7208871     0.1672689    -0.9597130     0.2995299
  2.7509223     0.0768062    -0.8985423     0.2566613
  2.7809575    -0.0041085    -0.8426976     0.2187759
  2.8109927    -0.0802931    -0.7952970     0.1899868
  2.8410279    -0.1560717    -0.7572849     0.1697713
  2.8710631    -0.2339379    -0.7269746     0.1539506
  2.9010983    -0.3138927    -0.7004869     0.1367995
  2.9311335    -0.3935405    -0.6730097     0.1134059
  2.9611687    -0.4688281    -0.6404592     0.0814098
  2.9912039    -0.5351750    -0.6009366     0.0415932
  3.0212391    -0.5886822    -0.5554225    -0.0027180
  3.0512743    -0.6271187    -0.5074295    -0.0470333
  3.0813095    -0.6504570    -0.4617294    -0.0872289
  3.1113447    -0.6608408    -0.4226330    -0.1206562
  3.1413799    -0.6619981    -0.3924683    -0.1465196
  3.1714151    -0.6582467    -0.3708255    -0.1655647
  3.2014503    -0.6533470    -0.3548266    -0.1793796
  3.2314855    -0.6495070    -0.3402831    -0.1896976
  3.2615207    -0.6468242    -0.3232645    -0.1979827
  3.2915559    -0.6433382    -0.3014676    -0.2053651
  3.3215911    -0.6357033    -0.2748822    -0.2127858
  3.3516263    -0.6202973    -0.2455533    -0.2211188
  3.3816615    -0.5944413    -0.2165997    -0.2310887
  3.4116967    -0.5573538    -0.1909276    -0.2429717
  3.4417319    -0.5105336    -0.1701601    -0.2562380
  3.4717671    -0.4574452    -0.1541695    -0.2693867
  3.5018023    -0.4026048    -0.1413248    -0.2801711
  3.5318375    -0.3503644    -0.1292674    -0.2862370
  3.5618727    -0.3037870    -0.1158385    -0.2859772
  3.5919079    -0.2639640    -0.0997656    -0.2792595
  3.6219431    -0.2299656    -0.0808689    -0.2676829
  3.6519783    -0.1993845    -0.0597891    -0.2541808
  3.6820135    -0.1692369    -0.0374486    -0.2420576
  3.7120487    -0.1368785    -0.0145498    -0.2337970
  3.7420839    -0.1006323     0.0086463    -0.2301080
  3.7721191    -0.0599654     0.0321913    -0.2296064
  3.8021543    -0.0152576     0.0560964    -0.2292920
  3.8321895     0.0326395     0.0800009    -0.2256601
  3.8622247     0.0827919     0.1030933    -0.2160216
  3.8922599     0.1343258     0.1243814    -0.1995100
  3.9222951     0.1862838     0.1432117    -0.1773713
  3.9523303     0.2373270     0.1597899    -0.1524225
  3.9823655     0.2855180     0.1754164    -0.1279000
  4.0124007     0.3284073     0.1922614    -0.1061740
  4.0424359     0.3635116     0.2127047    -0.0878567
  4.0724711     0.3890733     0.2384727    -0.0716654
  4.1025063     0.4048188     0.2699218    -0.0550897
  4.1325415     0.4123723     0.3057780    -0.0355695
  4.1625767     0.4150623     0.3434685    -0.0116794
  4.1926119     0.4170730     0.3799390     0.0161883
  4.2226471     0.4221521     0.4126418     0.0459392
  4.2526823     0.4322877     0.4403080     0.0746505
  4.2827175     0.4468253     0.4632035     0.0998391
  4.3127527     0.4623786     0.4827830     0.1205890
  4.3427879     0.4736218     0.5009090     0.1380533
  4.3728231     0.4747519     0.5189766     0.1550983
  4.4028583     0.4611644     0.5373129     0.1752089
  4.4328935     0.4308136     0.5550876     0.2010801
  4.4629287     0.3848342     0.5707419     0.2334515
  4.4929639     0.3272565     0.5827138     0.2706496
  4.5229991     0.2639512     0.5901174     0.3090243
  4.5530343     0.2011746     0.5930693     0.3441109
  4.5830695     0.1441792     0.5925256     0.3720719
  4.6131047     0.0962765     0.5897273     0.3908679
  4.6431399     0.0585378     0.5855312     0.4007335
  4.6731751     0.0300832     0.5799554     0.4038129
  4.7032103     0.0087342     0.5721626     0.4031470
  4.7332455    -0.0082574     0.5608945     0.4014426
  4.7632807    -0.0236230     0.5451474     0.4001188
  4.7933159    -0.0397195     0.5247572     0.3989803
  4.8233511    -0.0583506     0.5005942     0.3965953
  4.8533863    -0.0806546     0.4742426     0.3911571
  4.8834215    -0.1069700     0.4472905     0.3814230
  4.9134567    -0.1366878     0.4205517     0.3673101
  4.9434919    -0.1681929     0.3936035     0.3498980
  4.9735271    -0.1990360     0.3649010     0.3308567
  5.0035623    -0.2264170     0.3324825     0.3115714
  5.0335975    -0.2479213     0.2949972     0.2923732
  5.0636327    -0.2622990     0.2526161     0.2722362
  5.0936679    -0.2699819     0.2073905     0.2491073
  5.1237031    -0.2730775     0.1628304     0.2207608
  5.1537383    -0.2747394     0.1227948     0.1858410
  5.1837735    -0.2780659     0.0900938     0.1446670
  5.2138087    -0.2848944     0.0653578     0.0994549
  5.2438439    -0.2949568     0.0466630     0.0538373
  5.2738791    -0.3057688     0.0301213     0.0118354
  5.3039143    -0.3133736     0.0112677    -0.0233465
  5.3339495    -0.3137207    -0.0132599    -0.0502645
  5.3639847    -0.3041904    -0.0443885    -0.0695756
  5.3940199    -0.2846718    -0.0801601    -0.0836621
  5.4240551    -0.2577386    -0.1163664    -0.0956943
  5.4540903    -0.2277949    -0.1480519    -0.1084866
  5.4841255    -0.1994702    -0.1713245    -0.1235640
  5.5141607    -0.1758558    -0.1847863    -0.1407606
  5.5441959    -0.1572780    -0.1900316    -0.1584610
  5.5742311    -0.1411228    -0.1910213    -0.1743541
  5.6042663    -0.1228392    -0.1925695    -0.1863888
  5.6343015    -0.0977861    -0.1985253    -0.1935669
  5.6643367    -0.0632386    -0.2103418    -0.1962925
  5.6943719    -0.0197756    -0.2265711    -0.1961779
  5.7244071     0.0285217    -0.2434639    -0.1954142
  5.7544423     0.0751935    -0.2564259    -0.1959647
  5.7844775     0.1134772    -0.2617650    -0.1988861
  5.8145127     0.1385924    -0.2580666    -0.2040143
  5.8445479     0.1493983    -0.2466961    -0.2101005
  5.8745831     0.1488063    -0.2312731    -0.2153174
  5.9046183     0.1427930    -0.2163564    -0.2179276
  5.9346535     0.1383709    -0.2058638    -0.2168703
  5.9646887     0.1412582    -0.2018207    -0.2120720
  5.9947239     0.1540790    -0.2038761    -0.2043991
  6.0247591     0.1757102    -0.2097054    -0.1953056
  6.0547943     0.2019447    -0.2160773    -0.1863224
  6.0848295     0.2271468    -0.2201270    -0.1785741
  6.1148647     0.2462297    -0.2203369    -0.1724775
  6.1448999     0.2562074    -0.2168798    -0.1676981
  6.1749351     0.2567874    -0.2112600    -0.1633483
  6.2049703     0.2498858    -0.2054675    -0.1583357
  6.2350055     0.2383760    -0.2010355    -0.1517367
  6.2650407     0.2246630    -0.1983981    -0.1430796
  6.2950759     0.2097033    -0.1967851    -0.1324630
  6.3251111     0.1928517    -0.1946553    -0.1204948
  6.3551463     0.1725411    -0.1904427    -0.1080881
  6.3851815     0.1474340    -0.1832797    -0.0961862
  6.4152167     0.1174903    -0.1733902    -0.0854967
  6.4452519     0.0844484    -0.1620058    -0.0763075
  6.4752871     0.0514828    -0.1508626    -0.0684276
  6.5053223     0.0221706    -0.1415081    -0.0612635
  6.5353575    -0.0007971    -0.1347134    -0.0540078
  6.5653927    -0.0166075    -0.1302212    -0.0458868
  6.5954279    -0.0265953    -0.1269144    -0.0363997
  6.6254631    -0.0336664    -0.1233070    -0.0254788
  6.6554983    -0.0411122    -0.1181407    -0.0135237
  6.6855335    -0.0513063    -0.1108388    -0.0012920
  6.7155687    -0.0648199    -0.1016497     0.0103230
  6.7456039    -0.0803129    -0.0914490     0.0205627
  6.7756391    -0.0952263    -0.0813137     0.0290356
  6.8056743    -0.1069630    -0.0720629     0.0358324
  6.8357095    -0.1140437    -0.0639604     0.0414812
  6.8657447    -0.1167405    -0.0566858     0.0467536
  6.8957799    -0.1169199    -0.0495647     0.0523864
  6.9258151    -0.1171710    -0.0419351     0.0588162
  6.9558503    -0.1195994    -0.0334847     0.0660247
  6.9858855    -0.1248167    -0.0244150     0.0735530
  7.0159207    -0.1315674    -0.0153740     0.0806826
  7.0459559    -0.1371684    -0.0072007     0.0867171
  7.0759911    -0.1385836    -0.0006007     0.0912541
  7.1060263    -0.1336861     0.0041102     0.0943411
  7.1360615    -0.1221725     0.0070953     0.0964464
  7.1660967    -0.1057368     0.0088984     0.0982481
  7.1961319    -0.0874220     0.0102154     0.1003188
  7.2261671    -0.0704156     0.0116428     0.1028268
  7.2562023    -0.0567913     0.0135056     0.1053788
  7.2862375    -0.0467317     0.0158221     0.1070808
  7.3162727    -0.0385660     0.0183982     0.1068125
  7.3463079    -0.0296197     0.0209873     0.1036311
  7.3763431    -0.0175266     0.0234316     0.0971608
  7.4063783    -0.0014541     0.0257221     0.0878230
  7.4364135     0.0172870     0.0279583     0.0768085
  7.4664487     0.0355289     0.0302433     0.0657819
  7.4964839     0.0493482     0.0325803     0.0564018
  7.5265191     0.0555604     0.0348309     0.0498102
  7.5565543     0.0530169     0.0367654     0.0462609
  7.5865895     0.0431786     0.0381833     0.0450179
  7.6166247     0.0297207     0.0390456     0.0445659
  7.6466599     0.0173040     0.0395488     0.0430746
  7.6766951     0.0099791     0.0400926     0.0389730
  7.7067303     0.0098318     0.0411410     0.0314520
  7.7367655     0.0163852     0.0430251     0.0207358
  7.7668008     0.0269721     0.0457687     0.0080359
  7.7968360     0.0379092     0.0490147    -0.0047989
  7.8268712     0.0459924     0.0520970    -0.0158252
  7.8569064     0.0497138     0.0542452    -0.0235704
  7.8869416     0.0497201     0.0548585    -0.0274451
  7.9169768     0.0483444     0.0537518    -0.0278785
  7.9470120     0.0484144     0.0512842    -0.0261378
  7.9770472     0.0518346     0.0483152    -0.0238966
  8.0070824     0.0585293     0.0459937    -0.0226924
  8.0371176     0.0661933     0.0454406    -0.0234449
  8.0671528     0.0709811     0.0474216    -0.0261878
  8.0971880     0.0688952     0.0521114    -0.0300939
  8.1272232     0.0573595     0.0590196    -0.0337799
  8.1572584     0.0363844     0.0670987    -0.0357878
  8.1872936     0.0088762     0.0750019    -0.0350849
  8.2173288    -0.0200439     0.0814122    -0.0314185
  8.2473640    -0.0444889     0.0853524    -0.0254115
  8.2773992    -0.0595306     0.0863946    -0.0183715
  8.3074344    -0.0626194     0.0847211    -0.0118789
  8.3374696    -0.0542460     0.0810348    -0.0072936
  8.3675048    -0.0376633     0.0763563    -0.0053453
  8.3975400    -0.0178132     0.0717704    -0.0059414
  8.4275752     0.0001451     0.0681913    -0.0082523
  8.4576104     0.0122169     0.0661999    -0.0110372
  8.4876456     0.0164509     0.0659814    -0.0130910
  8.5176808     0.0131193     0.0673566    -0.0136530
  8.5477160     0.0042510     0.0698795    -0.0126344
  8.5777512    -0.0072248     0.0729599    -0.0105893
  8.6077864    -0.0183913     0.0759752    -0.0084481
  8.6378216    -0.0270262     0.0783484    -0.0071191
  8.6678568    -0.0319102     0.0795937    -0.0071105
  8.6978920    -0.0327841     0.0793413    -0.0083165
  8.7279272    -0.0300954     0.0773622    -0.0100458
  8.7579624    -0.0247077     0.0736028    -0.0112806
  8.7879976    -0.0176949     0.0682249    -0.0110634
  8.8180328    -0.0102442     0.0616285    -0.0088652
  8.8480680    -0.0036032     0.0544291    -0.0047937
  8.8781032     0.0010252     0.0473680     0.0004330
  8.9081384     0.0027036     0.0411581     0.0057350
  8.9381736     0.0010692     0.0362982     0.0100393
  8.9682088    -0.0033795     0.0329119     0.0126280
  8.9982440    -0.0091762     0.0306750     0.0133352
  9.0282792    -0.0140828     0.0288745     0.0125271
  9.0583144    -0.0156091     0.0266029     0.0108886
  9.0883496    -0.0117417     0.0230388     0.0091152
  9.1183848    -0.0016574     0.0177288     0.0076431
  9.1484200     0.0138374     0.0107694     0.0065272
  9.1784552     0.0323339     0.0028181     0.0055092
  9.2084904     0.0503609    -0.0050875     0.0042308
  9.2385256     0.0643035    -0.0118489     0.0024877
  9.2685608     0.0714216    -0.0166607     0.0003991
  9.2985960     0.0706388    -0.0192743    -0.0015890
  9.3286312     0.0628329    -0.0200732    -0.0028742
  9.3586664     0.0505243    -0.0199297    -0.0029665
  9.3887016     0.0370578    -0.0198909    -0.0017303
  9.4187368     0.0255495    -0.0208097     0.0005178
  9.4487720     0.0179478    -0.0230567     0.0031140
  9.4788072     0.0145191    -0.0264204     0.0053229
  9.5088424     0.0139164    -0.0302308     0.0066694
  9.5388776     0.0137908    -0.0336545     0.0071798
  9.5689128     0.0117184    -0.0360417     0.0074116
  9.5989480     0.0061153    -0.0371860     0.0082395
  9.6289832    -0.0031745    -0.0373948     0.0104666
  9.6590184    -0.0148086    -0.0373445     0.0144172
  9.6890536    -0.0264009    -0.0377833     0.0196859
  9.7190888    -0.0353285    -0.0392077     0.0251676
  9.7491240    -0.0396058    -0.0416462     0.0293855
  9.7791592    -0.0385280    -0.0446418     0.0310091
  9.8091944    -0.0328836    -0.0474364     0.0293702
  9.8392296    -0.0246842    -0.0492785     0.0247701
  9.8692648    -0.0165303    -0.0497215     0.0184423
  9.8993000    -0.0108383    -0.0487855     0.0121644
  9.9293352    -0.0091839    -0.0469150     0.0076489
  9.9593704    -0.0119554    -0.0447545     0.0059346
  9.9894056    -0.0183890    -0.0428427     0.0070098
 10.0194408    -0.0269264    -0.0413652     0.0098132
 10.0494760    -0.0357367    -0.0400791     0.0126207
 10.0795112    -0.0432160    -0.0384487     0.0136776
 10.1095464    -0.0483155    -0.0359376     0.0118435
 10.1395816    -0.0506350    -0.0323270     0.0070101
 10.1696168    -0.0503129    -0.0279154     0.0001410
 10.1996520    -0.0478109    -0.0234971    -0.0070765
 10.2296872    -0.0437041    -0.0201114    -0.0128290
 10.2597224    -0.0385578    -0.0186531    -0.0157994
 10.2897576    -0.0329050    -0.0195023    -0.0155836
 10.3197928    -0.0272835    -0.0223297    -0.0127605
 10.3498280    -0.0222590    -0.0261681    -0.0086096
 10.3798632    -0.0183753    -0.0297363    -0.0046044
 10.4098984    -0.0160193    -0.0318937    -0.0018878
 10.4399336    -0.0152459    -0.0320500    -0.0009286
 10.4699688    -0.0156471    -0.0303660    -0.0014734
 10.5000040    -0.0163497    -0.0276663    -0.0027850
 10.5300392    -0.0161833    -0.0250960    -0.0040434
 10.5600744    -0.0139918    -0.0236597    -0.0047312
 10.5901096    -0.0089970    -0.0238246    -0.0048429
 10.6201448    -0.0010867    -0.0253442    -0.0048456
 10.6501800     0.0090843    -0.0273677    -0.0054256
 10.6802152     0.0202302    -0.0287829    -0.0071473
 10.7102504     0.0307762    -0.0286507    -0.0101788
 10.7402856     0.0392943    -0.0265539    -0.0142009
 10.7703208     0.0448894    -0.0227274    -0.0185316
 10.8003560     0.0474059    -0.0179278    -0.0224004
 10.8303912     0.0473940    -0.0131121    -0.0252433
 10.8604264     0.0458605    -0.0090679    -0.0268877
 10.8904616     0.0439067    -0.0061507    -0.0275512
 10.9204968     0.0423893    -0.0042289    -0.0276655
 10.9505320     0.0417205    -0.0028417    -0.0276184
 10.9805672     0.0418614    -0.0014815    -0.0275419
 11.0106024     0.0424805     0.0001381    -0.0272504
 11.0406376     0.0431876     0.0019546    -0.0263613
 11.0706728     0.0437294     0.0036240    -0.0245410
 11.1007080     0.0440649     0.0047450    -0.0217549
 11.1307432     0.0442989     0.0051252    -0.0183947
 11.1607784     0.0445235     0.0049529    -0.0152039
 11.1908136     0.0446615     0.0047816    -0.0130156
 11.2208488     0.0444030     0.0053187    -0.0124045
 11.2508840     0.0432830     0.0071060    -0.0134024
 11.2809192     0.0408755     0.0102357    -0.0154107
 11.3109544     0.0370184     0.0142377    -0.0173662
 11.3409896     0.0319586     0.0182059    -0.0181086
 11.3710248     0.0263323     0.0211265    -0.0168130
 11.4010600     0.0209625     0.0222808    -0.0133112
 11.4310952     0.0165403     0.0215536    -0.0081680
 11.4611304     0.0133126     0.0195128    -0.0024715
 11.4911656     0.0109146     0.0172147     0.0025829
 11.5212008     0.0084327     0.0158064     0.0061527
 11.5512360     0.0046994     0.0160824     0.0080644
 11.5812712    -0.0012749     0.0181756     0.0088547
 11.6113064    -0.0098915     0.0215105     0.0095180
 11.6413416    -0.0207317     0.0250397     0.0110592
 11.6713768    -0.0326025     0.0276664     0.0140354
 11.7014120    -0.0438568     0.0286798     0.0182759
 11.7314472    -0.0528780     0.0280245     0.0229011
 11.7614824    -0.0585622     0.0262955     0.0266393
 11.7915176    -0.0606256     0.0244640     0.0283182
 11.8215528    -0.0596374     0.0234553     0.0273377
 11.8515880    -0.0567772     0.0237553     0.0239332
 11.8816232    -0.0534212     0.0252139     0.0191227
 11.9116584    -0.0507153     0.0271234     0.0143562
 11.9416936    -0.0492881     0.0285342     0.0110046
 11.9717288    -0.0491906     0.0286694     0.0098851
 12.0017640    -0.0500512     0.0272589     0.0110066
 12.0317992    -0.0513496     0.0246498     0.0136233
 12.0618344    -0.0526732     0.0216476     0.0165647
 12.0918696    -0.0538414     0.0191604     0.0186991
 12.1219048    -0.0548520     0.0178009     0.0193417
 12.1519400    -0.0556947     0.0176199     0.0184471
 12.1819752    -0.0561403     0.0180872     0.0165246
 12.2120104    -0.0556305     0.0183272     0.0143284
 12.2420456    -0.0533485     0.0175061     0.0124710
 12.2720808    -0.0484694     0.0152018     0.0111334
 12.3021160    -0.0405004     0.0115947     0.0099992
 12.3321512    -0.0295720     0.0073948     0.0084388
 12.3621864    -0.0165459     0.0035360     0.0058582
 12.3922216    -0.0028723     0.0007688     0.0020521
 12.4222568     0.0097762    -0.0006711    -0.0026025
 12.4522920     0.0199761    -0.0011730    -0.0072099
 12.4823272     0.0269655    -0.0015883    -0.0106652
 12.5123624     0.0308499    -0.0028618    -0.0120887
 12.5423976     0.0325298    -0.0056129    -0.0112053
 12.5724328     0.0333759    -0.0098455    -0.0085079
 12.6024680     0.0347706    -0.0149137    -0.0051224
 12.6325032     0.0376745    -0.0197603    -0.0024179
 12.6625384     0.0423616    -0.0233299    -0.0015073
 12.6925736     0.0483947    -0.0249845    -0.0028342
 12.7226088     0.0548248    -0.0247453    -0.0060101
 12.7526440     0.0605204    -0.0232596    -0.0099703
 12.7826792     0.0645016    -0.0215071    -0.0133890
 12.8127144     0.0661684    -0.0203716    -0.0151937
 12.8427496     0.0653735    -0.0202617    -0.0149746
 12.8727848     0.0623546    -0.0209434    -0.0131314
 12.9028200     0.0575914    -0.0216586    -0.0106987
 12.9328552     0.0516659    -0.0214816    -0.0089218
 12.9628904     0.0451773    -0.0197611    -0.0087518
 12.9929256     0.0387188    -0.0164590    -0.0104598
 13.0229608     0.0328793    -0.0122356    -0.0135229
 13.0529960     0.0282203    -0.0082343    -0.0168237
 13.0830312     0.0251927    -0.0056483    -0.0190852
 13.1130664     0.0240008    -0.0052390    -0.0193662
 13.1431016     0.0244660    -0.0070057    -0.0174243
 13.1731368     0.0259633    -0.0101425    -0.0138058
 13.2031720     0.0274905    -0.0133083    -0.0096308
 13.2332072     0.0278833    -0.0151095    -0.0061612
 13.2632424     0.0261283    -0.0146084    -0.0043240
 13.2932776     0.0216752    -0.0116629    -0.0043728
 13.3233128     0.0146360    -0.0069685    -0.0058169
 13.3533480     0.0057904    -0.0017911    -0.0076362
 13.3833832    -0.0036192     0.0025012    -0.0086904
 13.4134184    -0.0122422     0.0049241    -0.0081583
 13.4434536    -0.0190086     0.0051986    -0.0058355
 13.4734888    -0.0234232     0.0037959    -0.0021810
 13.5035240    -0.0256693     0.0017051     0.0018953
 13.5335592    -0.0264972     0.0000294     0.0054091
 13.5635944    -0.0269467    -0.0004226     0.0076857
 13.5936296    -0.0280074     0.0006062     0.0086002
 13.6236648    -0.0303335     0.0028000     0.0085826
 13.6537000    -0.0340992     0.0054723     0.0083985
 13.6837353    -0.0390191     0.0078864     0.0088018
 13.7137705    -0.0444999     0.0095540     0.0102101
 13.7438057    -0.0498464     0.0103884     0.0125334
 13.7738409    -0.0544396     0.0106632     0.0152250
 13.8038761    -0.0578348     0.0108119     0.0175261
 13.8339113    -0.0597701     0.0111713     0.0187977
 13.8639465    -0.0601172     0.0117917     0.0187971
 13.8939817    -0.0588249     0.0123992     0.0177831
 13.9240169    -0.0558971     0.0125253     0.0164036
 13.9540521    -0.0514182     0.0117433     0.0154154
 13.9840873    -0.0456044     0.0099018     0.0153510
 14.0141225    -0.0388414     0.0072488     0.0162764
 14.0441577    -0.0316715     0.0043856     0.0177416
 14.0741929    -0.0247145     0.0020636     0.0189516
 14.1042281    -0.0185410     0.0009057     0.0190901
 14.1342633    -0.0135399     0.0011649     0.0176673
 14.1642985    -0.0098272     0.0026197     0.0147470
 14.1943337    -0.0072291     0.0046471     0.0109577
 14.2243689    -0.0053405     0.0064469     0.0072740
 14.2544041    -0.0036345     0.0073248     0.0046527
 14.2844393    -0.0015824     0.0069259     0.0036627
 14.3144745     0.0012507     0.0053315     0.0042581
 14.3445097     0.0051495     0.0029877     0.0057876
 14.3745449     0.0102240     0.0005063     0.0072409
 14.4045801     0.0163961    -0.0015776     0.0076407
 14.4346153     0.0233836    -0.0029898     0.0064285
 14.4646505     0.0306856    -0.0037772     0.0036919
 14.4946857     0.0375951    -0.0042269     0.0001430
 14.5247209     0.0432733    -0.0046922    -0.0031478
 14.5547561     0.0469035    -0.0054061    -0.0051626
 14.5847913     0.0479099    -0.0063667    -0.0053327
 14.6148265     0.0461809    -0.0073410    -0.0037667
 14.6448617     0.0422117    -0.0079840    -0.0012204
 14.6748969     0.0370851    -0.0080158     0.0011822
 14.7049321     0.0322529    -0.0073759     0.0023714
 14.7349673     0.0291536    -0.0062839     0.0017354
 14.7650025     0.0287705    -0.0051750    -0.0006505
 14.7950377     0.0312778    -0.0045323    -0.0040576
 14.8250729     0.0359112    -0.0046833    -0.0073858
 14.8551081     0.0411330    -0.0056439    -0.0095849
 14.8851433     0.0450613    -0.0070778    -0.0100521
 14.9151785     0.0460367    -0.0083936    -0.0088500
 14.9452137     0.0431378    -0.0089490    -0.0066632
 14.9752489     0.0364710    -0.0082888    -0.0045107
 15.0052841     0.0271306    -0.0063275    -0.0033290
 15.0353193     0.0168411    -0.0034078    -0.0035907
 15.0653545     0.0074090    -0.0002098    -0.0051090
 15.0953897     0.0001740     0.0024607    -0.0071067
 15.1254249    -0.0043517     0.0039331    -0.0085244
 15.1554601    -0.0065428     0.0038923    -0.0084478
 15.1854953    -0.0074208     0.0024857    -0.0064868
 15.2155305    -0.0082224     0.0002806    -0.0029578
 15.2455657    -0.0099487    -0.0019118     0.0012051
 15.2756009    -0.0130590    -0.0032873     0.0047782

PDF 1 in D(r) format
  r, PDF (RMC), PDF (Expt)
 CURVES
         348 ,           2
      0.0654509       -0.0514017       -0.0518487
      0.1309019       -0.1028035       -0.1036974
      0.1963528       -0.1542052       -0.1555461
      0.2618037       -0.2056069       -0.2073949
      0.3272547       -0.2570087       -0.2592436
      0.3927056       -0.3084104       -0.3110923
      0.4581565       -0.3598121       -0.3629410
      0.5236075       -0.4112139       -0.4147897
      0.5890584       -0.4626156       -0.4666384
      0.6545093       -0.5140173       -0.5184872
      0.7199603       -0.5654191       -0.5703359
      0.7854112       -0.6168208       -0.6221846
      0.8508621       -0.6682225       -0.6740333
      0.9163131       -0.7196243       -0.7258820
      0.9817640       -0.7710260       -0.7777307
      1.0472149       -0.8224277       -0.8295794
      1.1126659       -0.8738295       -0.8814282
      1.1781168       -0.9252312       -0.9332769
      1.2435677       -0.9407392       -0.8534496
      1.3090187       -0.7126110       -0.6131118
      1.3744696       -0.3359125       -0.2675095
      1.4399206        0.1759980        0.1694371
      1.5053715        0.7725777        0.6565243
      1.5708224        1.3797928        1.1273298
      1.6362734        1.9306357        1.5020358
      1.7017243        2.2339357        1.7065797
      1.7671752        2.2547838        1.6929626
      1.8326262        1.9613978        1.4532894
      1.8980771        1.4186620        1.0222271
      1.9635280        0.7649051        0.4671657
      2.0289790        0.0849391       -0.1297703
      2.0944299       -0.5191386       -0.6909222
      2.1598808       -0.9638564       -1.1570597
      2.2253318       -1.2664892       -1.4928737
      2.2907827       -1.4153739       -1.6848480
      2.3562336       -1.4210612       -1.7351978
      2.4216846       -1.8935964       -1.6560100
      2.4871355       -1.8892072       -1.4660184
      2.5525864       -1.6282673       -1.1899441
      2.6180374       -1.2732072       -0.8585565
      2.6834883       -0.8396281       -0.5073901
      2.7489392       -0.4406566       -0.1732126
      2.8143902       -0.1024546        0.1110648
      2.8798411        0.1493545        0.3213035
      2.9452920        0.3076444        0.4451695
      3.0107430        0.3469639        0.4824624
      3.0761939        0.3077754        0.4430559
      3.1416448        0.2022206        0.3435209
      3.2070958        0.0590402        0.2036099
      3.2725467       -0.1103015        0.0433831
      3.3379976       -0.2711395       -0.1187926
      3.4034486       -0.4382198       -0.2675069
      3.4688995       -0.5735408       -0.3910444
      3.5343504       -0.6550175       -0.4817000
      3.5998014       -0.7078709       -0.5356468
      3.6652523       -0.7438002       -0.5523286
      3.7307032       -0.7156747       -0.5334799
      3.7961542       -0.6675434       -0.4820485
      3.8616051       -0.5594292       -0.4013945
      3.9270560       -0.4396972       -0.2950839
      3.9925070       -0.2836968       -0.1673695
      4.0579579       -0.1252484       -0.0241362
      4.1234088        0.0642262        0.1261923
      4.1888598        0.2174413        0.2723982
      4.2543107        0.3897056        0.4013251
      4.3197617        0.5155748        0.4999057
      4.3852126        0.5846649        0.5579204
      4.4506635        0.6148949        0.5706504
      4.5161145        0.5770992        0.5404934
      4.5815654        0.5037678        0.4768946
      4.6470163        0.3912260        0.3945010
      4.7124673        0.2866475        0.3100504
      4.7779182        0.2228349        0.2389058
      4.8433691        0.1692253        0.1921862
      4.9088201        0.1590880        0.1751535
      4.9742710        0.1678075        0.1870475
      5.0397219        0.2188538        0.2221259
      5.1051729        0.2810404        0.2714185
      5.1706238        0.3472349        0.3246760
      5.2360747        0.4014415        0.3721221
      5.3015257        0.4547562        0.4057974
      5.3669766        0.4490356        0.4204222
      5.4324275        0.4529804        0.4137823
      5.4978785        0.4208276        0.3866722
      5.5633294        0.3578639        0.3424457
      5.6287803        0.3027836        0.2862556
      5.6942313        0.2208450        0.2241078
      5.7596822        0.1567939        0.1618886
      5.8251331        0.0869262        0.1045309
      5.8905841        0.0312566        0.0554532
      5.9560350       -0.0195418        0.0163396
      6.0214859       -0.0426487       -0.0127492
      6.0869369       -0.0688317       -0.0330101
      6.1523878       -0.0918069       -0.0463926
      6.2178387       -0.1065531       -0.0550755
      6.2832897       -0.1152017       -0.0610231
      6.3487406       -0.1199484       -0.0656874
      6.4141915       -0.1301997       -0.0698832
      6.4796425       -0.1432431       -0.0738326
      6.5450934       -0.1480406       -0.0773422
      6.6105443       -0.1555023       -0.0800461
      6.6759953       -0.1512344       -0.0816346
      6.7414462       -0.1510493       -0.0819946
      6.8068971       -0.1565688       -0.0812235
      6.8723481       -0.1589255       -0.0795316
      6.9377990       -0.1547081       -0.0770901
      7.0032500       -0.1456488       -0.0739047
      7.0687009       -0.1539178       -0.0697680
      7.1341518       -0.1444256       -0.0643088
      7.1996028       -0.1338609       -0.0571109
      7.2650537       -0.1222584       -0.0478599
      7.3305046       -0.1185952       -0.0364748
      7.3959556       -0.0980587       -0.0231996
      7.4614065       -0.0764851       -0.0086339
      7.5268574       -0.0534956        0.0063070
      7.5923084       -0.0400405        0.0205123
      7.6577593       -0.0155911        0.0328600
      7.7232102       -0.0062141        0.0424277
      7.7886612       -0.0042502        0.0486684
      7.8541121        0.0192567        0.0514967
      7.9195630        0.0109765        0.0512661
      7.9850140        0.0085675        0.0486557
      8.0504649        0.0133945        0.0445208
      8.1159158        0.0040950        0.0397538
      8.1813668        0.0048224        0.0351810
      8.2468177        0.0126646        0.0314893
      8.3122686        0.0004581        0.0291696
      8.3777196        0.0136759        0.0284731
      8.4431705        0.0149194        0.0293933
      8.5086214        0.0149724        0.0316932
      8.5740724        0.0323181        0.0349786
      8.6395233        0.0434243        0.0387958
      8.7049742        0.0422739        0.0427171
      8.7704252        0.0417723        0.0463866
      8.8358761        0.0786174        0.0495222
      8.9013270        0.0612823        0.0518944
      8.9667780        0.0691178        0.0533069
      9.0322289        0.0693218        0.0535976
      9.0976798        0.0804777        0.0526551
      9.1631308        0.0698722        0.0504400
      9.2285817        0.0777603        0.0469993
      9.2940326        0.0780128        0.0424687
      9.3594836        0.0675600        0.0370656
      9.4249345        0.0679639        0.0310740
      9.4903854        0.0575867        0.0248209
      9.5558364        0.0488099        0.0186461
      9.6212873        0.0461442        0.0128694
      9.6867382        0.0416268        0.0077661
      9.7521892        0.0375247        0.0035531
      9.8176401        0.0259211        0.0003809
      9.8830911        0.0260204       -0.0016802
      9.9485420        0.0169369       -0.0026672
     10.0139929        0.0183699       -0.0027579
     10.0794439        0.0179744       -0.0022864
     10.1448948        0.0323157       -0.0017177
     10.2103457        0.0225974       -0.0015722
     10.2757967        0.0225396       -0.0023167
     10.3412476        0.0255953       -0.0042560
     10.4066985        0.0159993       -0.0074601
     10.4721495       -0.0026993       -0.0117477
     10.5376004       -0.0126013       -0.0167238
     10.6030513       -0.0202588       -0.0218611
     10.6685023       -0.0375210       -0.0266021
     10.7339532       -0.0447109       -0.0304673
     10.7994041       -0.0468960       -0.0331461
     10.8648551       -0.0452500       -0.0345501
     10.9303060       -0.0482834       -0.0348108
     10.9957569       -0.0570549       -0.0342206
     11.0612079       -0.0351403       -0.0331368
     11.1266588       -0.0470360       -0.0318840
     11.1921097       -0.0478917       -0.0306890
     11.2575607       -0.0482683       -0.0296615
     11.3230116       -0.0361226       -0.0288136
     11.3884625       -0.0475700       -0.0280945
     11.4539135       -0.0477096       -0.0274248
     11.5193644       -0.0331233       -0.0267245
     11.5848153       -0.0350833       -0.0259412
     11.6502663       -0.0373702       -0.0250773
     11.7157172       -0.0236742       -0.0242068
     11.7811681       -0.0284415       -0.0234649
     11.8466191       -0.0210979       -0.0230042
     11.9120700       -0.0146075       -0.0229319
     11.9775209       -0.0176098       -0.0232586
     12.0429719       -0.0220163       -0.0238866
     12.1084228       -0.0235710       -0.0246458
     12.1738737       -0.0284137       -0.0253574
     12.2393247       -0.0140233       -0.0258934
     12.3047756       -0.0224580       -0.0262058
     12.3702265       -0.0111659       -0.0263212
     12.4356775       -0.0171818       -0.0263143
     12.5011284       -0.0219695       -0.0262769
     12.5665794       -0.0091725       -0.0262952
     12.6320303       -0.0194399       -0.0264328
     12.6974812       -0.0196035       -0.0267167
     12.7629322       -0.0002934       -0.0271299
     12.8283831       -0.0018064       -0.0276147
     12.8938340       -0.0055986       -0.0280922
     12.9592850       -0.0098645       -0.0284915
     13.0247359       -0.0082655       -0.0287729
     13.0901868        0.0032092       -0.0289324
     13.1556378        0.0069783       -0.0289854
     13.2210887       -0.0010892       -0.0289409
     13.2865396        0.0054504       -0.0287861
     13.3519906       -0.0065967       -0.0284911
     13.4174415       -0.0014708       -0.0280304
     13.4828924       -0.0008828       -0.0274073
     13.5483434        0.0003511       -0.0266666
     13.6137943        0.0008258       -0.0258888
     13.6792452       -0.0078292       -0.0251708
     13.7446962       -0.0090445       -0.0246014
     13.8101471        0.0071822       -0.0242406
     13.8755980       -0.0115053       -0.0241073
     13.9410490       -0.0025395       -0.0241769
     14.0064999       -0.0096390       -0.0243891
     14.0719508       -0.0129376       -0.0246652
     14.1374018       -0.0009670       -0.0249274
     14.2028527        0.0095966       -0.0251127
     14.2683036        0.0028918       -0.0251755
     14.3337546        0.0136526       -0.0250812
     14.3992055       -0.0103480       -0.0247990
     14.4646564       -0.0088020       -0.0243048
     14.5301074       -0.0048781       -0.0235949
     14.5955583       -0.0039007       -0.0227000
     14.6610092       -0.0020420       -0.0216851
     14.7264602        0.0121306       -0.0206269
     14.7919111       -0.0063141       -0.0195808
     14.8573620       -0.0068071       -0.0185555
     14.9228130       -0.0066274       -0.0175150
     14.9882639       -0.0044147       -0.0164078
     15.0537148       -0.0053760       -0.0152058
     15.1191658       -0.0020730       -0.0139287
     15.1846167       -0.0120812       -0.0126392
     15.2500676        0.0076211       -0.0114166
     15.3155186       -0.0169632       -0.0103254
     15.3809695       -0.0131303       -0.0094004
     15.4464205       -0.0257645       -0.0086500
     15.5118714       -0.0174926       -0.0080674
     15.5773223       -0.0078690       -0.0076377
     15.6427733       -0.0090164       -0.0073324
     15.7082242       -0.0018388       -0.0071016
     15.7736751       -0.0027186       -0.0068728
     15.8391261       -0.0167852       -0.0065646
     15.9045770       -0.0141260       -0.0061094
     15.9700279       -0.0122634       -0.0054732
     16.0354789       -0.0222500       -0.0046632
     16.1009298       -0.0144212       -0.0037226
     16.1663807       -0.0077913       -0.0027187
     16.2318317       -0.0130806       -0.0017297
     16.2972826       -0.0098391       -0.0008328
     16.3627335       -0.0143043       -0.0000912
     16.4281845       -0.0136968        0.0004600
     16.4936354       -0.0082312        0.0008241
     16.5590863        0.0029112        0.0010444
     16.6245373       -0.0119418        0.0011919
     16.6899882       -0.0068107        0.0013467
     16.7554391       -0.0076019        0.0015784
     16.8208901       -0.0106609        0.0019344
     16.8863410       -0.0016497        0.0024350
     16.9517919        0.0045816        0.0030711
     17.0172429       -0.0122575        0.0038020
     17.0826938       -0.0031497        0.0045564
     17.1481447       -0.0070030        0.0052426
     17.2135957       -0.0009352        0.0057719
     17.2790466       -0.0110510        0.0060875
     17.3444975       -0.0079399        0.0061854
     17.4099485        0.0006690        0.0061157
     17.4753994       -0.0179637        0.0059641
     17.5408503        0.0017343        0.0058246
     17.6063013        0.0012708        0.0057801
     17.6717522        0.0004869        0.0058965
     17.7372031        0.0115171        0.0062263
     17.8026541       -0.0057739        0.0068094
     17.8681050        0.0059830        0.0076646
     17.9335559        0.0004106        0.0087747
     17.9990069        0.0116731        0.0100791
     18.0644578        0.0082596        0.0114816
     18.1299088        0.0060433        0.0128734
     18.1953597        0.0042991        0.0141584
     18.2608106        0.0041790        0.0152681
     18.3262616        0.0094991        0.0161627
     18.3917125       -0.0028423        0.0168228
     18.4571634       -0.0002573        0.0172449
     18.5226144       -0.0041308        0.0174424
     18.5880653        0.0022241        0.0174503
     18.6535162       -0.0056793        0.0173236
     18.7189672        0.0018344        0.0171267
     18.7844181        0.0051129        0.0169184
     18.8498690        0.0149018        0.0167432
     18.9153200       -0.0072157        0.0166325
     18.9807709        0.0007076        0.0166127
     19.0462218        0.0051525        0.0167083
     19.1116728        0.0045479        0.0169358
     19.1771237       -0.0077528        0.0172895
     19.2425746        0.0228823        0.0177315
     19.3080256        0.0011573        0.0181984
     19.3734765        0.0078510        0.0186211
     19.4389274       -0.0013669        0.0189493
     19.5043784        0.0089602        0.0191656
     19.5698293        0.0069992        0.0192807
     19.6352802        0.0114016        0.0193174
     19.7007312       -0.0038280        0.0192950
     19.7661821        0.0072963        0.0192240
     19.8316330        0.0092324        0.0191119
     19.8970840        0.0089187        0.0189719
     19.9625349        0.0006309        0.0188266
     20.0279858       -0.0002845        0.0187018
     20.0934368        0.0051168        0.0186164
     20.1588877        0.0034899        0.0185743
     20.2243386        0.0145727        0.0185619
     20.2897896        0.0083478        0.0185517
     20.3552405        0.0131314        0.0185082
     20.4206914        0.0106706        0.0183955
     20.4861424        0.0176258        0.0181864
     20.5515933        0.0074737        0.0178719
     20.6170442        0.0194079        0.0174688
     20.6824952        0.0151305        0.0170175
     20.7479461        0.0123288        0.0165699
     20.8133970        0.0125156        0.0161688
     20.8788480        0.0130350        0.0158310
     20.9442989        0.0163743        0.0155424
     21.0097499        0.0099228        0.0152688
     21.0752008        0.0177922        0.0149749
     21.1406517        0.0078771        0.0146413
     21.2061027        0.0208100        0.0142705
     21.2715536        0.0141791        0.0138819
     21.3370045        0.0124589        0.0135011
     21.4024555        0.0131907        0.0131519
     21.4679064        0.0197107        0.0128523
     21.5333573        0.0200406        0.0126140
     21.5988083        0.0214282        0.0124407
     21.6642592        0.0263913        0.0123251
     21.7297101        0.0126637        0.0122459
     21.7951611        0.0161545        0.0121690
     21.8606120        0.0363453        0.0120533
     21.9260629        0.0197787        0.0118593
     21.9915139        0.0217990        0.0115562
     22.0569648        0.0188822        0.0111269
     22.1224157        0.0219120        0.0105706
     22.1878667        0.0349599        0.0099036
     22.2533176        0.0293179        0.0091594
     22.3187685        0.0323614        0.0083832
     22.3842195        0.0277936        0.0076218
     22.4496704        0.0387873        0.0069106
     22.5151213        0.0388076        0.0062646
     22.5805723        0.0446428        0.0056780
     22.6460232        0.0367495        0.0051333
     22.7114741        0.0642573        0.0046140
     22.7769251        0.0464124        0.0041120

 Total S(Q)'s: Comparison with input data

   494  2 are NQ and NPAR

       Q      S(Q)_RMC  S(Q)_Expt
      0.4682470     -0.9232564     -0.7684382
      0.4982822     -1.0036830     -0.7628842
      0.5283174     -1.0231363     -0.7470510
      0.5583526     -0.9927532     -0.7464093
      0.5883878     -0.9369413     -0.7211633
      0.6184230     -0.8826328     -0.7299547
      0.6484582     -0.8492201     -0.7132949
      0.6784934     -0.8427145     -0.7143041
      0.7085286     -0.8557211     -0.6760943
      0.7385638     -0.8724899     -0.6980211
      0.7685990     -0.8764879     -0.6629847
      0.7986342     -0.8572783     -0.6554565
      0.8286694     -0.8141183     -0.6277490
      0.8587046     -0.7552416     -0.6400944
      0.8887398     -0.6935874     -0.5984697
      0.9187750     -0.6410463     -0.5923405
      0.9488102     -0.6036715     -0.5448935
      0.9788454     -0.5796667     -0.5704671
      1.0088806     -0.5606770     -0.5190771
      1.0389158     -0.5355393     -0.4977441
      1.0689510     -0.4947456     -0.4420522
      1.0989862     -0.4337644     -0.4430844
      1.1290214     -0.3540212     -0.3768309
      1.1590566     -0.2614177     -0.3392952
      1.1890918     -0.1633033     -0.2578217
      1.2191270     -0.0653662     -0.2484950
      1.2491622      0.0301931     -0.1747084
      1.2791974      0.1245240     -0.1044271
      1.3092326      0.2202519     -0.0013299
      1.3392678      0.3188525      0.0149506
      1.3693030      0.4185373      0.1304705
      1.3993382      0.5136340      0.1894040
      1.4293734      0.5957563      0.2682794
      1.4594086      0.6562740      0.2505608
      1.4894438      0.6890562      0.3092279
      1.5194790      0.6923743      0.3090016
      1.5495142      0.6692380      0.3257222
      1.5795494      0.6261034      0.2827943
      1.6095846      0.5705494      0.2704375
      1.6396198      0.5088911      0.2296179
      1.6696550      0.4446518      0.2024705
      1.6996902      0.3783937      0.1256789
      1.7297254      0.3088105      0.1092917
      1.7597606      0.2344725      0.0761677
      1.7897958      0.1553979      0.0615808
      1.8198311      0.0737702     -0.0204427
      1.8498663     -0.0064569     -0.0563064
      1.8799015     -0.0808199     -0.0902064
      1.9099367     -0.1458651     -0.0887772
      1.9399719     -0.2002451     -0.1590072
      1.9700071     -0.2449347     -0.1606127
      2.0000423     -0.2825175     -0.1805085
      2.0300775     -0.3159019     -0.1820725
      2.0601127     -0.3470495     -0.2327953
      2.0901479     -0.3762585     -0.2173724
      2.1201831     -0.4022687     -0.2331339
      2.1502183     -0.4230803     -0.2118546
      2.1802535     -0.4370685     -0.2644296
      2.2102887     -0.4438716     -0.2458857
      2.2403239     -0.4446578     -0.2451247
      2.2703591     -0.4416775     -0.2157463
      2.3003943     -0.4373309     -0.2600223
      2.3304295     -0.4331954     -0.2319036
      2.3604647     -0.4294565     -0.2379720
      2.3904999     -0.4249945     -0.2002342
      2.4205351     -0.4180748     -0.2514126
      2.4505703     -0.4073223     -0.2153479
      2.4806055     -0.3925389     -0.1996572
      2.5106407     -0.3750003     -0.1654441
      2.5406759     -0.3571068     -0.2053694
      2.5707111     -0.3415453     -0.1523608
      2.6007463     -0.3303312     -0.1685811
      2.6307815     -0.3241382     -0.1262853
      2.6608167     -0.3221906     -0.1785042
      2.6908519     -0.3227391     -0.1521934
      2.7208871     -0.3238903     -0.1730457
      2.7509223     -0.3244179     -0.1462641
      2.7809575     -0.3242050     -0.2082551
      2.8109927     -0.3241460     -0.1835573
      2.8410279     -0.3255772     -0.1982461
      2.8710631     -0.3295126     -0.1772489
      2.9010983     -0.3360369     -0.2427098
      2.9311335     -0.3441270     -0.2246499
      2.9611687     -0.3519761     -0.2393421
      2.9912039     -0.3576701     -0.2103185
      3.0212391     -0.3599139     -0.2669967
      3.0512743     -0.3584922     -0.2498079
      3.0813095     -0.3542700     -0.2595595
      3.1113447     -0.3487479     -0.2378014
      3.1413799     -0.3433744     -0.2963911
      3.1714151     -0.3389216     -0.2434267
      3.2014503     -0.3351892     -0.2644440
      3.2314855     -0.3311509     -0.2342973
      3.2615207     -0.3254620     -0.2789879
      3.2915559     -0.3170904     -0.2467762
      3.3215911     -0.3057902     -0.2554170
      3.3516263     -0.2922141     -0.2219478
      3.3816615     -0.2776267     -0.2614970
      3.4116967     -0.2633579     -0.2326973
      3.4417319     -0.2502434     -0.2259976
      3.4717671     -0.2382973     -0.2049183
      3.5018023     -0.2267520     -0.2292371
      3.5318375     -0.2144346     -0.2028979
      3.5618727     -0.2003014     -0.1927432
      3.5919079     -0.1838907     -0.1596167
      3.6219431     -0.1654969     -0.1818447
      3.6519783     -0.1460007     -0.1570020
      3.6820135     -0.1264432     -0.1424144
      3.7120487     -0.1075446     -0.1024689
      3.7420839     -0.0893860     -0.1360791
      3.7721191     -0.0713931     -0.0818652
      3.8021543     -0.0526227     -0.0338359
      3.8321895     -0.0322168     -0.0702678
      3.8622247     -0.0098151     -0.0147775
      3.8922599      0.0142595     -0.0043598
      3.9222951      0.0391250      0.0535872
      3.9523303      0.0637165      0.0200440
      3.9823655      0.0872448      0.0794340
      4.0124007      0.1095339      0.0989508
      4.0424359      0.1310873      0.1565922
      4.0724711      0.1528537      0.1133875
      4.1025063      0.1757926      0.1777329
      4.1325415      0.2004280      0.1994082
      4.1625767      0.2265773      0.2341599
      4.1926119      0.2533667      0.2149043
      4.2226471      0.2795205      0.2754138
      4.2526823      0.3037968      0.3210592
      4.2827175      0.3253837      0.3831511
      4.3127527      0.3440983      0.3576268
      4.3427879      0.3603179      0.4153761
      4.3728231      0.3746922      0.4233100
      4.4028583      0.3877735      0.4668623
      4.4328935      0.3997309      0.4457156
      4.4629287      0.4102658      0.4858839
      4.4929639      0.4187538      0.4875028
      4.5229991      0.4245344      0.5350656
      4.5530343      0.4272114      0.4688274
      4.5830695      0.4268260      0.5212374
      4.6131047      0.4238312      0.5155645
      4.6431399      0.4188862      0.5578602
      4.6731751      0.4125688      0.4949530
      4.7032103      0.4051378      0.5331142
      4.7332455      0.3964483      0.5385178
      4.7632807      0.3860480      0.4854710
      4.7933159      0.3734037      0.5005978
      4.8233511      0.3581478      0.5035370
      4.8533863      0.3402344      0.5297220
      4.8834215      0.3199398      0.4341338
      4.9134567      0.2977204      0.4524485
      4.9434919      0.2740054      0.4245982
      4.9735271      0.2490315      0.4443921
      5.0035623      0.2228021      0.3495998
      5.0335975      0.1951928      0.3586877
      5.0636327      0.1661492      0.3047002
      5.0936679      0.1358801      0.2821084
      5.1237031      0.1049448      0.1951573
      5.1537383      0.0741835      0.1960586
      5.1837735      0.0445108      0.1523699
      5.2138087      0.0166578      0.1451152
      5.2438439     -0.0090247      0.0785064
      5.2738791     -0.0326123      0.0606323
      5.3039143     -0.0544807      0.0159117
      5.3339495     -0.0750579      0.0115305
      5.3639847     -0.0945647     -0.0608859
      5.3940199     -0.1128561     -0.0861101
      5.4240551     -0.1294365     -0.0846812
      5.4540903     -0.1436439     -0.1576168
      5.4841255     -0.1549238     -0.1395699
      5.5141607     -0.1630759     -0.1648172
      5.5441959     -0.1683659     -0.1479259
      5.5742311     -0.1714526     -0.2143328
      5.6042663     -0.1731619     -0.1825220
      5.6343015     -0.1742018     -0.2127533
      5.6643367     -0.1749387     -0.1810118
      5.6943719     -0.1753253     -0.2370873
      5.7244071     -0.1750054     -0.2020243
      5.7544423     -0.1735441     -0.2080346
      5.7844775     -0.1706787     -0.1849707
      5.8145127     -0.1664821     -0.2368716
      5.8445479     -0.1613695     -0.2033653
      5.8745831     -0.1559511     -0.2213585
      5.9046183     -0.1508010     -0.2096958
      5.9346535     -0.1462452     -0.2137500
      5.9646887     -0.1422632     -0.2133478
      5.9947239     -0.1385436     -0.1777819
      6.0247591     -0.1346641     -0.2215649
      6.0547943     -0.1303128     -0.1897954
      6.0848295     -0.1254521     -0.1940051
      6.1148647     -0.1203509     -0.1704032
      6.1448999     -0.1154746     -0.2053416
      6.1749351     -0.1112832     -0.1839232
      6.2049703     -0.1080308     -0.1948159
      6.2350055     -0.1056539     -0.1630727
      6.2650407     -0.1038005     -0.2116339
      6.2950759     -0.1019823     -0.1778272
      6.3251111     -0.0997839     -0.1669577
      6.3551463     -0.0970332     -0.2015125
      6.3851815     -0.0938585     -0.1693988
      6.4152167     -0.0906079     -0.1804403
      6.4452519     -0.0876684     -0.1487384
      6.4752871     -0.0852664     -0.1992367
      6.5053223     -0.0833388     -0.1737968
      6.5353575     -0.0815322     -0.1721686
      6.5653927     -0.0793329     -0.1495789
      6.5954279     -0.0762695     -0.1860606
      6.6254631     -0.0721025     -0.1507343
      6.6554983     -0.0669192     -0.1467745
      6.6855335     -0.0610948     -0.1285438
      6.7155687     -0.0551389     -0.1031194
      6.7456039     -0.0494943     -0.1129851
      6.7756391     -0.0443736     -0.0679922
      6.8056743     -0.0397011     -0.0998886
      6.8357095     -0.0351793     -0.0564366
      6.8657447     -0.0304452     -0.0694157
      6.8957799     -0.0252455     -0.0291273
      6.9258151     -0.0195525     -0.0618231
      6.9558503     -0.0135748     -0.0128307
      6.9858855     -0.0076619     -0.0070607
      7.0159207     -0.0021497      0.0123264
      7.0459559      0.0027795      0.0310667
      7.0759911      0.0071635      0.0455494
      7.1060263      0.0112224      0.0782669
      7.1360615      0.0152395      0.0594563
      7.1660967      0.0194159      0.0990689
      7.1961319      0.0237650      0.0903621
      7.2261671      0.0280949      0.1277687
      7.2562023      0.0320832      0.0940613
      7.2862375      0.0354099      0.1350193
      7.3162727      0.0378874      0.1476920
      7.3463079      0.0395287      0.1344537
      7.3763431      0.0405270      0.1635489
      7.4063783      0.0411566      0.1559025
      7.4364135      0.0416441      0.1880740
      7.4664487      0.0420678      0.1425242
      7.4964839      0.0423313      0.1664276
      7.5265191      0.0422222      0.1665469
      7.5565543      0.0415265      0.1874534
      7.5865895      0.0401466      0.1626574
      7.6166247      0.0381686      0.1712778
      7.6466599      0.0358478      0.1801092
      7.6766951      0.0335201      0.1219639
      7.7067303      0.0314801      0.1538775
      7.7367655      0.0298794      0.1352380
      7.7668008      0.0286905      0.1608395
      7.7968360      0.0277511      0.1054932
      7.8268712      0.0268645      0.1349574
      7.8569064      0.0259091      0.1358304
      7.8869416      0.0249062      0.0958484
      7.9169768      0.0240127      0.1301681
      7.9470120      0.0234440      0.1293878
      7.9770472      0.0233621      0.1464916
      8.0070824      0.0237822      0.1002282
      8.0371176      0.0245426      0.1242124
      8.0671528      0.0253541      0.1176089
      8.0971880      0.0259117      0.1162030
      8.1272232      0.0260185      0.1203185
      8.1572584      0.0256699      0.1156848
      8.1872936      0.0250588      0.1386775
      8.2173288      0.0244996      0.0967349
      8.2473640      0.0243014      0.1181202
      8.2773992      0.0246444      0.1099038
      8.3074344      0.0255102      0.1084330
      8.3374696      0.0266946      0.1180903
      8.3675048      0.0278946      0.1112115
      8.3975400      0.0288315      0.1371635
      8.4275752      0.0293563      0.0960979
      8.4576104      0.0294933      0.1161430
      8.4876456      0.0294079      0.1129301
      8.5176808      0.0293147      0.1163965
      8.5477160      0.0293701      0.1202709
      8.5777512      0.0295976      0.1097026
      8.6077864      0.0298779      0.1390030
      8.6378216      0.0300051      0.0900165
      8.6678568      0.0297835      0.1051201
      8.6978920      0.0291175      0.1015324
      8.7279272      0.0280556      0.0718607
      8.7579624      0.0267688      0.0943416
      8.7879976      0.0254744      0.0870422
      8.8180328      0.0243402      0.1037736
      8.8480680      0.0234127      0.0517704
      8.8781032      0.0226018      0.0676901
      8.9081384      0.0217271      0.0802237
      8.9381736      0.0206050      0.0245383
      8.9682088      0.0191371      0.0568446
      8.9982440      0.0173587      0.0424659
      9.0282792      0.0154279      0.0610175
      9.0583144      0.0135593      0.0223718
      9.0883496      0.0119325      0.0189342
      9.1183848      0.0106161      0.0305273
      9.1484200      0.0095403     -0.0125434
      9.1784552      0.0085284      0.0028866
      9.2084904      0.0073733     -0.0080598
      9.2385256      0.0059239     -0.0219940
      9.2685608      0.0041442     -0.0236919
      9.2985960      0.0021214     -0.0364032
      9.3286312      0.0000217     -0.0162364
      9.3586664     -0.0019838     -0.0669681
      9.3887016     -0.0037875     -0.0560301
      9.4187368     -0.0053794     -0.0463316
      9.4487720     -0.0068319     -0.0975031
      9.4788072     -0.0082466     -0.0743857
      9.5088424     -0.0096903     -0.0885315
      9.5388776     -0.0111518     -0.0851620
      9.5689128     -0.0125415     -0.0848185
      9.5989480     -0.0137334     -0.1003010
      9.6289832     -0.0146301     -0.0746290
      9.6590184     -0.0152189     -0.1247412
      9.6890536     -0.0155913     -0.1037065
      9.7190888     -0.0159142     -0.0762182
      9.7491240     -0.0163643     -0.1206942
      9.7791592     -0.0170533     -0.1031055
      9.8091944     -0.0179784     -0.1140484
      9.8392296     -0.0190192     -0.1064175
      9.8692648     -0.0199855     -0.1049535
      9.8993000     -0.0206948     -0.1082659
      9.9293352     -0.0210465     -0.0906915
      9.9593704     -0.0210616     -0.1128252
      9.9894056     -0.0208709     -0.1089304
     10.0194408     -0.0206571     -0.0779345
     10.0494760     -0.0205772     -0.1213781
     10.0795112     -0.0206985     -0.0981428
     10.1095464     -0.0209749     -0.0726010
     10.1395816     -0.0212732     -0.1102635
     10.1696168     -0.0214354     -0.0879011
     10.1996520     -0.0213490     -0.0914154
     10.2296872     -0.0209934     -0.0844717
     10.2597224     -0.0204442     -0.0726252
     10.2897576     -0.0198339     -0.0806273
     10.3197928     -0.0192898     -0.0660939
     10.3498280     -0.0188775     -0.0825517
     10.3798632     -0.0185760     -0.0825578
     10.4098984     -0.0182941     -0.0454536
     10.4399336     -0.0179193     -0.0902518
     10.4699688     -0.0173753     -0.0629192
     10.5000040     -0.0166591     -0.0377846
     10.5300392     -0.0158419     -0.0829478
     10.5600744     -0.0150319     -0.0494165
     10.5901096     -0.0143180     -0.0317244
     10.6201448     -0.0137214     -0.0659051
     10.6501800     -0.0131794     -0.0412148
     10.6802152     -0.0125704     -0.0287199
     10.7102504     -0.0117696     -0.0523769
     10.7402856     -0.0107113     -0.0232957
     10.7703208     -0.0094272     -0.0290733
     10.8003560     -0.0080419     -0.0240968
     10.8303912     -0.0067263     -0.0122124
     10.8604264     -0.0056264     -0.0219899
     10.8904616     -0.0047993      0.0005202
     10.9204968     -0.0041850      0.0093933
     10.9505320     -0.0036275      0.0043561
     10.9805672     -0.0029387      0.0173095
     11.0106024     -0.0019767      0.0310135
     11.0406376     -0.0007081      0.0260602
     11.0706728      0.0007745      0.0534413
     11.1007080      0.0022870      0.0297141
     11.1307432      0.0036255      0.0473220
     11.1607784      0.0046461      0.0818840
     11.1908136      0.0053184      0.0547436
     11.2208488      0.0057320      0.0667398
     11.2508840      0.0060543      0.0978815
     11.2809192      0.0064575      0.0747085
     11.3109544      0.0070482      0.0838011
     11.3409896      0.0078281      0.1098445
     11.3710248      0.0087010      0.0877523
     11.4010600      0.0095212      0.0997847
     11.4310952      0.0101610      0.1304349
     11.4611304      0.0105654      0.1066171
     11.4911656      0.0107722      0.1107365
     11.5212008      0.0108886      0.1394306
     11.5512360      0.0110368      0.1102839
     11.5812712      0.0112940      0.1273464
     11.6113064      0.0116547      0.1514743
     11.6413416      0.0120308      0.1306271
     11.6713768      0.0122899      0.1233445
     11.7014120      0.0123139      0.1556232
     11.7314472      0.0120516      0.1202030
     11.7614824      0.0115419      0.1208375
     11.7915176      0.0108979      0.1263200
     11.8215528      0.0102601      0.1310382
     11.8515880      0.0097402      0.1227544
     11.8816232      0.0093787      0.1170993
     11.9116584      0.0091362      0.1213511
     11.9416936      0.0089187      0.1244033
     11.9717288      0.0086251      0.0750175
     12.0017640      0.0081927      0.1065188
     12.0317992      0.0076225      0.1063814
     12.0618344      0.0069715      0.0729122
     12.0918696      0.0063194      0.0907325
     12.1219048      0.0057264      0.0928798
     12.1519400      0.0052030      0.0528884
     12.1819752      0.0047077      0.0673589
     12.2120104      0.0041726      0.0938317
     12.2420456      0.0035453      0.0427304
     12.2720808      0.0028244      0.0334045
     12.3021160      0.0020711      0.0648504
     12.3321512      0.0013878      0.0295180
     12.3621864      0.0008726      0.0213480
     12.3922216      0.0005697      0.0243475
     12.4222568      0.0004382      0.0182497
     12.4522920      0.0003575      0.0208281
     12.4823272      0.0001692     -0.0126339
     12.5123624     -0.0002604      0.0034925
     12.5423976     -0.0009814      0.0149006
     12.5724328     -0.0019327     -0.0377994
     12.6024680     -0.0029567     -0.0187595
     12.6325032     -0.0038531     -0.0044669
     12.6625384     -0.0044512     -0.0329724
     12.6925736     -0.0046713     -0.0412195
     12.7226088     -0.0045514     -0.0386668
     12.7526440     -0.0042283     -0.0392476
     12.7826792     -0.0038836     -0.0413689
     12.8127144     -0.0036747     -0.0586229
     12.8427496     -0.0036818     -0.0562220
     12.8727848     -0.0038886     -0.0286849
     12.9028200     -0.0042040     -0.0572374
     12.9328552     -0.0045111     -0.0705713
     12.9628904     -0.0047214     -0.0696256
     12.9929256     -0.0048091     -0.0644550
     13.0229608     -0.0048126     -0.0656872
     13.0529960     -0.0048040     -0.0807359
     13.0830312     -0.0048439     -0.0756084
     13.1130664     -0.0049428     -0.0840814
     13.1431016     -0.0050492     -0.0781748
     13.1731368     -0.0050696     -0.0761152
     13.2031720     -0.0049131     -0.0951736
     13.2332072     -0.0045381     -0.0833815
     13.2632424     -0.0039806     -0.0584811
     13.2932776     -0.0033499     -0.0909119
     13.3233128     -0.0027908     -0.0774380
     13.3533480     -0.0024292     -0.1025462
     13.3833832     -0.0023225     -0.0898340
     13.4134184     -0.0024357     -0.0660386
     13.4434536     -0.0026544     -0.1013350
     13.4734888     -0.0028278     -0.0778871
     13.5035240     -0.0028245     -0.1047547
     13.5335592     -0.0025782     -0.0847902
     13.5635944     -0.0021060     -0.0677528
     13.5936296     -0.0014929     -0.0991927
     13.6236648     -0.0008525     -0.0701257
     13.6537000     -0.0002814     -0.1005071
     13.6837353      0.0001727     -0.0730802
     13.7137705      0.0005177     -0.0749588
     13.7438057      0.0007982     -0.0779907
     13.7738409      0.0010633     -0.0585715
     13.8038761      0.0013375     -0.0734134
     13.8339113      0.0016096     -0.0663577
     13.8639465      0.0018438     -0.0618572
     13.8939817      0.0020058     -0.0580217
     13.9240169      0.0020907     -0.0264293
     13.9540521      0.0021362     -0.0649851
     13.9840873      0.0022129     -0.0394928
     14.0141225      0.0023955     -0.0466574
     14.0441577      0.0027267     -0.0431956
     14.0741929      0.0031921     -0.0452437
     14.1042281      0.0037177     -0.0332582
     14.1342633      0.0041949     -0.0319939
     14.1642985      0.0045213     -0.0292213
     14.1943337      0.0046423     -0.0167948
     14.2243689      0.0045737     -0.0384231
     14.2544041      0.0043954     -0.0173230
     14.2844393      0.0042180     -0.0356847
     14.3144745      0.0041365     -0.0199185
     14.3445097      0.0041908     -0.0080201
     14.3745449      0.0043499     -0.0135989
     14.4045801      0.0045269     -0.0137302
     14.4346153      0.0046174     -0.0155614
     14.4646505      0.0045456      0.0138135
     14.4946857      0.0042966     -0.0191893
     14.5247209      0.0039221      0.0010091
     14.5547561      0.0035164     -0.0199202
     14.5847913      0.0031747      0.0109627
     14.6148265      0.0029518     -0.0156905
     14.6448617      0.0028401      0.0104561
     14.6748969      0.0027759     -0.0122497
     14.7049321      0.0026719      0.0121035
     14.7349673      0.0024594     -0.0343800
     14.7650025      0.0021217      0.0031250
     14.7950377      0.0017036      0.0002757
     14.8250729      0.0012911     -0.0002287
     14.8551081      0.0009719      0.0004692
     14.8851433      0.0007932     -0.0001972
     14.9151785      0.0007369      0.0050821
     14.9452137      0.0007241      0.0018915
     14.9752489      0.0006466      0.0030570
     15.0052841      0.0004139      0.0118857
     15.0353193     -0.0000069      0.0024415
     15.0653545     -0.0005736      0.0105680
     15.0953897     -0.0011839     -0.0119931
     15.1254249     -0.0017149      0.0002560
     15.1554601     -0.0020721     -0.0190039
     15.1854953     -0.0022255     -0.0048798
     15.2155305     -0.0022188     -0.0177876
     15.2455657     -0.0021482     -0.0016333
     15.2756009     -0.0021196     -0.0091600
