Time       moves_acc moves_gen     G(r)_1     S(Q)_1
h/m/s/.th    WEIGHT PARAMETERS   0.100E+01  0.100E+01
195930.290        3900        7079  0.985E-01  0.995E+00
195942.275        5716       13623  0.728E-01  0.994E+00
195954.275        7423       20462  0.596E-01  0.993E+00
200006.283        8618       25429  0.531E-01  0.993E+00
200018.269       10087       31783  0.472E-01  0.992E+00
200030.282       11376       37702  0.425E-01  0.991E+00
200042.283       12644       43919  0.387E-01  0.991E+00
200054.269       13944       50934  0.355E-01  0.990E+00
200106.274       15142       58892  0.332E-01  0.990E+00
200118.310       16108       66068  0.318E-01  0.989E+00
200130.269       17083       73422  0.304E-01  0.989E+00
200142.269       17885       80127  0.294E-01  0.989E+00
200154.268       18470       85681  0.290E-01  0.989E+00
200206.268       19292       93694  0.283E-01  0.988E+00
200218.271       20039      101216  0.280E-01  0.988E+00
200230.279       20726      108608  0.277E-01  0.988E+00
200242.287       21582      117876  0.274E-01  0.988E+00
200254.274       22212      125602  0.274E-01  0.987E+00
200306.275       23010      135501  0.270E-01  0.987E+00
200318.276       23721      145058  0.270E-01  0.987E+00
200330.266       24368      154182  0.274E-01  0.987E+00
200342.271       25020      163647  0.274E-01  0.987E+00
200354.318       25596      171589  0.275E-01  0.986E+00
200406.276       26091      178966  0.277E-01  0.986E+00
200418.326       26625      186904  0.280E-01  0.986E+00
200430.275       27101      194654  0.277E-01  0.986E+00
200442.277       27583      203121  0.277E-01  0.986E+00
200454.272       28143      211765  0.277E-01  0.986E+00
200506.270       28665      220558  0.277E-01  0.986E+00
200518.275       29178      228892  0.279E-01  0.986E+00
200530.308       29697      238105  0.275E-01  0.986E+00
200542.282       30227      248163  0.275E-01  0.986E+00
200554.268       30582      254717  0.278E-01  0.985E+00
200606.270       30951      261727  0.278E-01  0.985E+00
200618.329       31345      269294  0.281E-01  0.985E+00
200630.276       31798      278368  0.280E-01  0.985E+00
200642.273       32237      286545  0.280E-01  0.985E+00
200654.275       32654      294991  0.281E-01  0.985E+00
200706.274       33031      302784  0.283E-01  0.985E+00
200718.278       33476      311143  0.283E-01  0.985E+00
200730.270       33836      318614  0.282E-01  0.985E+00
200742.276       34311      328258  0.281E-01  0.985E+00
200754.271       34748      337141  0.284E-01  0.985E+00
200806.273       35183      346514  0.283E-01  0.985E+00
200818.276       35733      357709  0.282E-01  0.985E+00
200830.275       36240      367719  0.281E-01  0.985E+00
200842.272       36700      376326  0.279E-01  0.985E+00
200854.290       37150      386265  0.281E-01  0.985E+00
200906.322       37528      395138  0.282E-01  0.985E+00
200918.279       37929      403762  0.281E-01  0.985E+00
200930.270       38305      412784  0.281E-01  0.985E+00
200942.279       38668      421395  0.280E-01  0.985E+00
200954.274       39133      431472  0.281E-01  0.985E+00
201006.270       39501      440021  0.283E-01  0.984E+00
201018.275       39761      446274  0.283E-01  0.984E+00
201030.275       40168      454814  0.284E-01  0.984E+00
201042.275       40611      464380  0.283E-01  0.984E+00
201054.275       40944      471538  0.283E-01  0.984E+00
201106.274       41271      480334  0.284E-01  0.984E+00
201118.268       41689      489601  0.286E-01  0.984E+00
201130.270       42098      499201  0.286E-01  0.984E+00
201142.271       42514      507976  0.287E-01  0.984E+00
201154.325       42965      517861  0.287E-01  0.984E+00
201206.271       43346      526717  0.288E-01  0.984E+00
201218.271       43694      534858  0.286E-01  0.984E+00
201230.275       44079      544517  0.288E-01  0.984E+00
201242.307       44488      553689  0.289E-01  0.984E+00
201254.275       44873      562921  0.286E-01  0.984E+00
201306.276       45257      572270  0.286E-01  0.984E+00
201318.275       45548      579362  0.285E-01  0.984E+00
201330.268       45859      587510  0.284E-01  0.984E+00
201342.284       46240      596795  0.284E-01  0.984E+00
201354.269       46662      606808  0.284E-01  0.984E+00
201406.275       47058      616327  0.286E-01  0.984E+00
201418.271       47368      624374  0.287E-01  0.984E+00
201430.272       47720      633065  0.290E-01  0.984E+00
201442.274       48068      641771  0.288E-01  0.984E+00
201454.285       48331      647978  0.288E-01  0.984E+00
201506.279       48789      659183  0.287E-01  0.984E+00
201518.275       49161      669306  0.287E-01  0.984E+00
201530.273       49527      678650  0.287E-01  0.984E+00
201542.275       49784      684887  0.286E-01  0.984E+00
201554.272       50138      693793  0.286E-01  0.984E+00
201606.271       50536      703155  0.289E-01  0.984E+00
201618.300       50924      713160  0.290E-01  0.984E+00
201630.269       51317      723150  0.290E-01  0.984E+00
201642.271       51653      732472  0.288E-01  0.984E+00
201654.271       52029      742142  0.289E-01  0.984E+00
201706.275       52345      750642  0.289E-01  0.984E+00
201718.269       52652      759251  0.291E-01  0.984E+00
201730.271       53009      768861  0.290E-01  0.984E+00
201742.276       53308      777804  0.291E-01  0.984E+00
201754.275       53643      786846  0.287E-01  0.984E+00
201806.274       54004      795531  0.287E-01  0.984E+00
201818.268       54363      805597  0.286E-01  0.984E+00
201830.271       54684      815036  0.286E-01  0.984E+00
201842.275       54951      822958  0.283E-01  0.984E+00
201854.276       55334      833567  0.284E-01  0.984E+00
201906.270       55625      842588  0.282E-01  0.984E+00
201918.280       55997      852639  0.280E-01  0.984E+00
201930.267       56305      861166  0.284E-01  0.984E+00
201942.270       56611      869858  0.281E-01  0.984E+00
201954.269       56955      879183  0.280E-01  0.984E+00
202006.272       57269      888250  0.283E-01  0.984E+00
202018.271       57625      897944  0.285E-01  0.984E+00
202030.275       57960      906990  0.282E-01  0.984E+00
202042.275       58269      915314  0.284E-01  0.984E+00
202054.277       58573      924216  0.283E-01  0.984E+00
202106.274       58924      933126  0.282E-01  0.984E+00
202118.280       59308      942760  0.281E-01  0.984E+00
202130.276       59612      951713  0.281E-01  0.984E+00
202142.275       59930      960864  0.283E-01  0.984E+00
202154.271       60250      969847  0.283E-01  0.984E+00
202206.275       60580      978930  0.283E-01  0.984E+00
202218.270       60920      988032  0.282E-01  0.984E+00
202230.271       61172      995690  0.284E-01  0.984E+00
202242.338       61527     1005180  0.283E-01  0.984E+00
202254.271       61752     1012036  0.284E-01  0.984E+00
202306.272       62117     1022021  0.288E-01  0.983E+00
202318.286       62405     1029667  0.287E-01  0.983E+00
202330.274       62786     1039049  0.288E-01  0.983E+00
202342.270       63121     1048276  0.290E-01  0.983E+00
202354.275       63394     1056148  0.290E-01  0.983E+00
202406.286       63749     1066115  0.287E-01  0.983E+00
202418.286       64084     1075513  0.286E-01  0.983E+00
202430.287       64302     1082055  0.287E-01  0.983E+00
202442.274       64551     1089057  0.287E-01  0.983E+00
202454.274       64876     1097895  0.289E-01  0.983E+00
202506.269       65208     1107794  0.292E-01  0.983E+00
202518.281       65521     1116222  0.324E-01  0.105E+01
202530.321       65856     1125547  0.293E-01  0.983E+00
202542.270       66200     1134991  0.292E-01  0.983E+00
202554.268       66569     1144744  0.291E-01  0.983E+00
202606.273       66855     1153431  0.291E-01  0.983E+00
202618.277       67165     1162402  0.291E-01  0.983E+00
202630.305       67387     1169403  0.293E-01  0.983E+00
202642.293       67675     1177660  0.294E-01  0.983E+00
202654.276       67939     1185543  0.295E-01  0.983E+00
202706.275       68184     1192363  0.294E-01  0.983E+00
202718.302       68464     1199726  0.295E-01  0.983E+00
202730.277       68764     1208824  0.295E-01  0.983E+00
202742.269       69053     1217899  0.293E-01  0.983E+00
202754.314       69289     1225052  0.294E-01  0.983E+00
202806.272       69587     1234145  0.295E-01  0.983E+00
202818.272       69915     1244045  0.293E-01  0.983E+00
202830.269       70247     1253511  0.293E-01  0.983E+00
202842.268       70521     1261340  0.292E-01  0.983E+00
202854.273       70812     1269822  0.291E-01  0.983E+00
202906.274       71077     1277523  0.293E-01  0.983E+00
202918.268       71360     1285389  0.295E-01  0.983E+00
202930.279       71676     1294431  0.292E-01  0.983E+00
202942.299       71964     1303460  0.293E-01  0.983E+00
202954.326       72219     1311803  0.292E-01  0.983E+00
203006.268       72508     1320209  0.292E-01  0.983E+00
203018.278       72801     1329020  0.291E-01  0.983E+00
203030.273       73135     1338789  0.289E-01  0.983E+00
203042.280       73422     1347616  0.289E-01  0.983E+00
203054.276       73728     1355825  0.289E-01  0.983E+00
203106.275       74061     1365454  0.291E-01  0.983E+00
203118.274       74384     1375161  0.290E-01  0.983E+00
203130.270       74737     1384665  0.291E-01  0.983E+00
203142.333       75044     1394248  0.292E-01  0.983E+00
203154.272       75367     1402718  0.291E-01  0.983E+00
203206.269       75648     1411081  0.292E-01  0.983E+00
203218.279       75946     1419912  0.292E-01  0.983E+00
203230.269       76235     1428938  0.292E-01  0.983E+00
203242.275       76530     1437465  0.294E-01  0.983E+00
203254.271       76854     1447305  0.294E-01  0.983E+00
203306.275       77120     1456329  0.294E-01  0.983E+00
203318.280       77402     1464496  0.293E-01  0.983E+00
203330.269       77654     1472392  0.294E-01  0.983E+00
203342.275       77919     1480236  0.294E-01  0.983E+00
203354.276       78246     1489604  0.293E-01  0.983E+00
203406.279       78587     1500075  0.295E-01  0.983E+00
203418.269       78831     1507894  0.292E-01  0.983E+00
203430.270       79078     1515414  0.295E-01  0.983E+00
203442.279       79423     1525759  0.295E-01  0.983E+00
203454.276       79767     1535256  0.295E-01  0.983E+00
203506.270       80112     1545261  0.297E-01  0.983E+00
203518.274       80340     1551936  0.296E-01  0.983E+00
203530.273       80628     1560594  0.295E-01  0.983E+00
203542.306       80940     1570502  0.294E-01  0.983E+00
203554.275       81232     1579591  0.292E-01  0.983E+00
203606.297       81522     1587976  0.292E-01  0.983E+00
203618.322       81833     1596874  0.293E-01  0.983E+00
203630.276       82116     1605778  0.293E-01  0.983E+00
203642.271       82406     1614793  0.294E-01  0.983E+00
203654.271       82660     1622646  0.294E-01  0.983E+00
203706.277       82920     1631844  0.293E-01  0.983E+00
203718.270       83152     1638844  0.295E-01  0.983E+00
203730.305       83354     1646130  0.295E-01  0.983E+00
203742.275       83612     1653938  0.293E-01  0.983E+00
203754.268       83850     1661956  0.293E-01  0.983E+00
203806.271       84163     1671779  0.292E-01  0.983E+00
203818.293       84448     1680508  0.293E-01  0.983E+00
203830.267       84748     1689704  0.291E-01  0.983E+00
203842.278       85035     1698449  0.293E-01  0.983E+00
203854.268       85296     1705944  0.293E-01  0.983E+00
203906.271       85605     1715094  0.294E-01  0.983E+00
203918.276       85896     1724743  0.297E-01  0.983E+00
203930.269       86228     1734941  0.296E-01  0.983E+00
203942.275       86513     1743744  0.297E-01  0.983E+00
203954.269       86859     1754961  0.293E-01  0.983E+00
204006.275       87182     1763799  0.295E-01  0.983E+00
204018.331       87433     1772386  0.294E-01  0.983E+00
204030.275       87660     1780189  0.294E-01  0.983E+00
204042.307       87916     1788220  0.293E-01  0.983E+00
204054.285       88178     1797011  0.292E-01  0.983E+00
204106.269       88464     1806400  0.291E-01  0.983E+00
204118.285       88743     1815480  0.292E-01  0.983E+00
204130.275       89047     1824776  0.293E-01  0.983E+00
204142.275       89326     1832906  0.295E-01  0.983E+00
204154.270       89587     1841531  0.294E-01  0.983E+00
204206.300       89917     1851428  0.296E-01  0.983E+00
204218.275       90213     1860471  0.295E-01  0.983E+00
204230.274       90506     1869394  0.296E-01  0.983E+00
204242.276       90821     1878050  0.296E-01  0.983E+00
204254.274       91102     1886965  0.295E-01  0.983E+00
204306.274       91395     1895570  0.296E-01  0.983E+00
204318.273       91670     1903857  0.296E-01  0.983E+00
204330.273       91878     1910603  0.294E-01  0.983E+00
204342.273       92192     1920187  0.294E-01  0.983E+00
204354.269       92393     1926141  0.294E-01  0.983E+00
204406.271       92731     1936316  0.296E-01  0.983E+00
204418.275       92957     1943578  0.296E-01  0.983E+00
204430.271       93305     1953318  0.300E-01  0.983E+00
204442.281       93610     1962321  0.298E-01  0.983E+00
204454.272       93873     1970653  0.298E-01  0.983E+00
204506.270       94131     1978793  0.298E-01  0.983E+00
204518.275       94432     1987556  0.299E-01  0.983E+00
204530.272       94774     1997217  0.302E-01  0.983E+00
204542.269       95036     2005640  0.299E-01  0.983E+00
204554.269       95298     2013749  0.298E-01  0.983E+00
204606.275       95603     2023883  0.297E-01  0.983E+00
204618.271       95880     2033545  0.298E-01  0.983E+00
204630.297       96104     2040549  0.296E-01  0.983E+00
204642.270       96385     2049334  0.296E-01  0.983E+00
204654.269       96611     2056507  0.292E-01  0.983E+00
204706.274       96858     2064047  0.294E-01  0.983E+00
204718.271       97150     2073025  0.291E-01  0.983E+00
204730.275       97401     2081626  0.291E-01  0.983E+00
204742.275       97705     2090334  0.290E-01  0.983E+00
204754.270       97982     2099061  0.292E-01  0.983E+00
204806.269       98329     2109267  0.295E-01  0.983E+00
204818.271       98659     2119446  0.295E-01  0.983E+00
204830.270       98956     2128172  0.294E-01  0.983E+00
204842.276       99180     2135012  0.295E-01  0.983E+00
204854.275       99444     2144314  0.296E-01  0.983E+00
204906.286       99637     2150719  0.294E-01  0.983E+00
204918.272       99929     2159932  0.293E-01  0.983E+00
204930.271      100210     2168947  0.293E-01  0.983E+00
204942.277      100488     2178233  0.294E-01  0.983E+00
204954.275      100803     2188515  0.296E-01  0.983E+00
205006.283      101119     2199706  0.297E-01  0.983E+00
205018.274      101415     2209122  0.297E-01  0.983E+00
205030.271      101678     2216872  0.298E-01  0.983E+00
205042.291      101995     2226593  0.296E-01  0.983E+00
205054.276      102291     2236112  0.294E-01  0.983E+00
205106.276      102582     2245900  0.293E-01  0.983E+00
205118.269      102782     2252450  0.294E-01  0.983E+00
205130.275      103028     2260769  0.294E-01  0.983E+00
205142.282      103276     2268495  0.293E-01  0.983E+00
205154.269      103547     2277787  0.293E-01  0.983E+00
205206.287      103743     2284035  0.291E-01  0.983E+00
205218.275      104022     2292683  0.291E-01  0.983E+00
205230.275      104289     2301551  0.290E-01  0.983E+00
205242.268      104666     2312674  0.290E-01  0.983E+00
205254.281      104924     2321269  0.291E-01  0.983E+00
205306.275      105195     2329733  0.291E-01  0.983E+00
205318.268      105438     2337454  0.292E-01  0.983E+00
205330.273      105704     2346275  0.295E-01  0.983E+00
205342.274      106007     2355072  0.294E-01  0.983E+00
205354.269      106344     2365131  0.293E-01  0.983E+00
205406.274      106627     2374648  0.295E-01  0.983E+00
205418.269      106939     2383945  0.298E-01  0.983E+00
205430.275      107284     2394720  0.296E-01  0.983E+00
205442.269      107569     2403072  0.297E-01  0.983E+00
205454.294      107886     2412562  0.298E-01  0.983E+00
205506.271      108211     2422379  0.296E-01  0.983E+00
205518.275      108501     2431666  0.297E-01  0.983E+00
205530.268      108834     2441257  0.295E-01  0.983E+00
205542.274      109118     2450190  0.295E-01  0.983E+00
205554.274      109389     2458653  0.294E-01  0.983E+00
205606.279      109655     2466798  0.294E-01  0.983E+00
205618.281      109911     2474895  0.296E-01  0.983E+00
205630.272      110222     2483910  0.297E-01  0.983E+00
205642.292      110534     2492968  0.297E-01  0.983E+00
205654.289      110862     2502054  0.297E-01  0.983E+00
205706.272      111157     2511468  0.297E-01  0.983E+00
205718.269      111458     2521262  0.297E-01  0.983E+00
205730.276      111743     2530113  0.297E-01  0.983E+00
205742.307      112046     2539371  0.298E-01  0.983E+00
205754.271      112303     2547081  0.298E-01  0.983E+00
205806.312      112581     2555716  0.296E-01  0.983E+00
205818.271      112867     2563840  0.297E-01  0.983E+00
205830.280      113131     2572216  0.296E-01  0.983E+00
205842.275      113439     2581842  0.295E-01  0.983E+00
205854.271      113759     2591414  0.296E-01  0.983E+00
205906.271      114071     2601276  0.299E-01  0.983E+00
205918.275      114315     2609090  0.299E-01  0.983E+00
205930.331      114572     2617459  0.299E-01  0.983E+00
205942.270      114814     2625582  0.298E-01  0.983E+00
205954.275      115061     2633987  0.297E-01  0.983E+00
210006.275      115329     2642353  0.298E-01  0.983E+00
210018.284      115594     2651354  0.297E-01  0.983E+00
210030.283      115886     2660907  0.298E-01  0.983E+00
210042.271      116168     2669437  0.301E-01  0.983E+00
210054.316      116464     2678116  0.299E-01  0.983E+00
210106.315      116716     2686256  0.301E-01  0.983E+00
210118.271      117025     2695148  0.304E-01  0.983E+00
210130.270      117339     2704831  0.302E-01  0.983E+00
210142.271      117600     2712929  0.305E-01  0.983E+00
210154.270      117900     2721607  0.305E-01  0.983E+00
210206.275      118184     2730359  0.305E-01  0.982E+00
210218.316      118470     2738703  0.307E-01  0.982E+00
210230.275      118705     2746517  0.309E-01  0.982E+00
210242.279      119004     2755107  0.308E-01  0.982E+00
210254.317      119216     2761973  0.308E-01  0.982E+00
210306.278      119513     2770744  0.309E-01  0.982E+00
210318.275      119777     2778785  0.307E-01  0.982E+00
210330.296      120064     2786969  0.306E-01  0.982E+00
210342.273      120343     2795126  0.308E-01  0.982E+00
210354.276      120591     2802929  0.305E-01  0.982E+00
210406.275      120891     2812238  0.306E-01  0.982E+00
210418.274      121178     2821181  0.306E-01  0.982E+00
210430.269      121433     2828911  0.303E-01  0.983E+00
210442.269      121701     2837137  0.304E-01  0.982E+00
210454.275      121962     2845165  0.304E-01  0.982E+00
210506.278      122244     2854050  0.304E-01  0.982E+00
210518.273      122569     2863926  0.305E-01  0.982E+00
210530.276      122822     2871646  0.308E-01  0.982E+00
210542.282      123145     2881452  0.308E-01  0.982E+00
210554.278      123421     2890643  0.309E-01  0.982E+00
210606.275      123735     2900408  0.307E-01  0.982E+00
210618.275      124001     2909259  0.306E-01  0.982E+00
210630.277      124296     2918005  0.305E-01  0.982E+00
210642.273      124563     2926313  0.305E-01  0.982E+00
210654.274      124861     2935279  0.307E-01  0.982E+00
210706.280      125054     2941674  0.308E-01  0.982E+00
210718.272      125377     2951143  0.305E-01  0.982E+00
210730.270      125686     2960908  0.307E-01  0.982E+00
210742.307      125978     2970408  0.307E-01  0.982E+00
210754.272      126275     2979997  0.306E-01  0.982E+00
210806.269      126567     2988195  0.306E-01  0.982E+00
210818.269      126761     2995524  0.305E-01  0.982E+00
210830.271      127030     3004461  0.305E-01  0.982E+00
210842.276      127291     3012022  0.305E-01  0.982E+00
210854.277      127589     3020925  0.303E-01  0.982E+00
210906.273      127845     3029067  0.304E-01  0.982E+00
210918.275      128134     3038477  0.304E-01  0.982E+00
210930.271      128436     3048140  0.303E-01  0.982E+00
210942.275      128743     3057694  0.301E-01  0.983E+00
210954.273      129082     3068089  0.300E-01  0.983E+00
211006.269      129379     3076749  0.299E-01  0.983E+00
211018.287      129666     3084919  0.299E-01  0.983E+00
211030.275      129875     3091388  0.298E-01  0.983E+00
211042.270      130140     3099580  0.297E-01  0.983E+00
211054.276      130421     3107406  0.299E-01  0.983E+00
211106.275      130696     3116522  0.300E-01  0.983E+00
211118.273      130998     3126028  0.299E-01  0.983E+00
211130.275      131317     3134958  0.301E-01  0.982E+00
211142.270      131578     3142295  0.301E-01  0.982E+00
211154.270      131891     3152159  0.300E-01  0.982E+00
211206.276      132142     3159962  0.300E-01  0.983E+00
211218.275      132439     3169671  0.302E-01  0.982E+00
211230.269      132691     3178118  0.300E-01  0.982E+00
211242.272      132877     3184388  0.301E-01  0.982E+00
211254.272      133127     3192618  0.300E-01  0.982E+00
211306.277      133301     3198537  0.301E-01  0.982E+00
211318.271      133618     3207698  0.301E-01  0.982E+00
211330.281      133841     3214659  0.300E-01  0.982E+00
211342.269      134068     3222787  0.300E-01  0.982E+00
211354.277      134410     3232717  0.300E-01  0.982E+00
211406.271      134635     3241057  0.300E-01  0.982E+00
211418.276      134852     3247263  0.299E-01  0.982E+00
211430.275      135119     3255118  0.299E-01  0.983E+00
211442.271      135357     3263024  0.299E-01  0.982E+00
211454.272      135638     3272074  0.299E-01  0.982E+00
211506.271      135890     3279951  0.298E-01  0.983E+00
211518.284      136141     3288132  0.297E-01  0.983E+00
211530.272      136388     3296128  0.297E-01  0.983E+00
211542.275      136707     3306336  0.296E-01  0.983E+00
211554.279      137013     3316610  0.296E-01  0.983E+00
211606.271      137334     3325893  0.297E-01  0.983E+00
211618.270      137589     3333729  0.297E-01  0.983E+00
211630.270      137912     3343902  0.300E-01  0.982E+00
211642.271      138186     3353182  0.297E-01  0.983E+00
211654.272      138516     3362675  0.301E-01  0.982E+00
211706.274      138780     3371296  0.300E-01  0.982E+00
211718.276      139009     3377929  0.299E-01  0.982E+00
211730.271      139317     3387225  0.297E-01  0.983E+00
211742.275      139582     3395934  0.297E-01  0.983E+00
211754.277      139847     3404327  0.294E-01  0.983E+00
211806.273      140091     3412120  0.296E-01  0.983E+00
211818.275      140386     3421755  0.296E-01  0.983E+00
211830.275      140657     3431180  0.297E-01  0.983E+00
211842.284      140889     3440140  0.296E-01  0.983E+00
211854.276      141201     3451245  0.296E-01  0.983E+00
211906.277      141408     3458269  0.295E-01  0.983E+00
211918.271      141617     3466016  0.293E-01  0.983E+00
211930.285      141821     3473193  0.293E-01  0.983E+00
211942.273      142062     3480950  0.293E-01  0.983E+00
211954.270      142312     3489136  0.294E-01  0.983E+00
212006.268      142609     3499817  0.293E-01  0.983E+00
212018.269      143071     3515048  0.296E-01  0.983E+00
212030.267      143505     3530623  0.295E-01  0.983E+00
212042.267      143954     3546201  0.295E-01  0.983E+00
212054.266      144457     3561703  0.294E-01  0.983E+00
212106.267      144950     3577215  0.296E-01  0.983E+00
212118.271      145452     3592779  0.295E-01  0.983E+00
212130.269      145885     3608427  0.293E-01  0.983E+00
212142.268      146386     3623908  0.296E-01  0.983E+00
212154.267      146864     3639410  0.296E-01  0.983E+00
212206.267      147321     3654790  0.295E-01  0.983E+00
212218.268      147764     3670233  0.294E-01  0.983E+00
212230.269      148220     3685612  0.297E-01  0.982E+00
212242.269      148726     3700787  0.301E-01  0.982E+00
212254.268      149182     3716030  0.297E-01  0.982E+00
212306.267      149646     3731630  0.299E-01  0.982E+00
212318.268      150146     3746932  0.303E-01  0.982E+00
212330.268      150646     3762445  0.302E-01  0.982E+00
212342.268      151167     3777769  0.300E-01  0.982E+00
212354.268      151652     3793004  0.301E-01  0.982E+00
212406.269      152165     3808214  0.302E-01  0.982E+00
212418.266      152682     3823894  0.300E-01  0.982E+00
212430.268      153197     3839604  0.295E-01  0.982E+00
212442.266      153702     3855250  0.298E-01  0.982E+00
212454.269      154192     3870718  0.297E-01  0.982E+00
212506.268      154683     3886109  0.296E-01  0.982E+00
212518.268      155177     3901738  0.296E-01  0.982E+00
212530.273      155650     3917083  0.297E-01  0.982E+00
212542.268      156115     3932371  0.296E-01  0.982E+00
212554.268      156586     3947875  0.298E-01  0.982E+00
212606.272      157043     3963216  0.297E-01  0.982E+00
212618.268      157528     3978313  0.295E-01  0.982E+00
212630.269      157992     3993400  0.298E-01  0.982E+00
212642.272      158429     4008446  0.296E-01  0.982E+00
212654.268      158886     4023575  0.297E-01  0.982E+00
212706.268      159347     4038663  0.295E-01  0.982E+00
212718.268      159831     4053817  0.296E-01  0.982E+00
212730.273      160295     4069171  0.297E-01  0.982E+00
212742.268      160797     4084661  0.296E-01  0.982E+00
212754.266      161285     4100287  0.297E-01  0.982E+00
212806.267      161748     4115772  0.296E-01  0.982E+00
212818.268      162248     4131402  0.297E-01  0.982E+00
212830.266      162725     4146998  0.297E-01  0.982E+00
212842.268      163198     4162460  0.299E-01  0.982E+00
212854.266      163648     4177907  0.299E-01  0.982E+00
212906.272      164100     4192382  0.299E-01  0.982E+00
212918.267      164566     4207892  0.298E-01  0.982E+00
