 Results from RMCProfile version 6.7.9.5

 (Version 6f format configuration file)                                          

 2 experiments   3 partials

 Partial g(r)'s are printed out below

   165  3 are NR and NPAR

   r (Ang)
   0.06545     0.00000     0.00000     0.00000
   0.13090     0.00000     0.00000     0.00000
   0.19635     0.00000     0.00000     0.00000
   0.26180     0.00000     0.00000     0.00000
   0.32725     0.00000     0.00000     0.00000
   0.39271     0.00000     0.00000     0.00000
   0.45816     0.00000     0.00000     0.00000
   0.52361     0.00000     0.00000     0.00000
   0.58906     0.00000     0.00000     0.00000
   0.65451     0.00000     0.00000     0.00000
   0.71996     0.00000     0.00000     0.00000
   0.78541     0.00000     0.00000     0.00000
   0.85086     0.00000     0.00000     0.00000
   0.91631     0.00000     0.00000     0.00000
   0.98176     0.00000     0.00000     0.00000
   1.04721     0.00000     0.00000     0.00000
   1.11267     0.00000     0.00000     0.00000
   1.17812     0.00000     0.00000     0.00000
   1.24357     0.00000     0.00000     0.00000
   1.30902     0.00000     0.00000     0.00000
   1.37447     0.00000     0.00000     0.00000
   1.43992     0.00000     0.00000     0.00000
   1.50537     0.00000     3.36983     0.00000
   1.57082     0.00000     4.02870     0.00000
   1.63627     0.00000     4.49973     0.00000
   1.70172     0.00000     4.72865     0.00000
   1.76718     0.00000     4.63788     0.00000
   1.83263     0.00000     4.13613     0.00000
   1.89808     0.00000     3.32588     0.00000
   1.96353     0.00000     2.27113     0.00000
   2.02898     0.00000     1.29538     0.00000
   2.09443     0.00000     0.51029     0.00000
   2.15988     0.00000     0.00000     0.00000
   2.22533     0.00000     0.00000     0.00000
   2.29078     0.00000     0.00000     0.00000
   2.35623     0.00000     0.00000     0.00000
   2.42168     0.00000     0.00000     0.00000
   2.48714     0.00000     0.00000     1.26657
   2.55259     0.00000     0.00000     1.78852
   2.61804     0.00000     0.00000     2.43025
   2.68349     0.00000     0.06400     2.86173
   2.74894     0.00000     0.11327     3.11045
   2.81439     0.00000     0.26599     3.15864
   2.87984     0.00000     0.53189     2.96114
   2.94529     0.00000     0.66031     2.90690
   3.01074     4.24183     0.42854     1.28562
   3.07619     3.97977     0.52878     1.17584
   3.14164     3.46880     0.68042     1.03397
   3.20710     2.20204     0.90258     0.94739
   3.27255     1.67220     0.92832     0.83610
   3.33800     1.27636     0.93363     0.83909
   3.40345     0.95491     1.15953     0.60819
   3.46890     0.91922     1.07789     0.66206
   3.53435     0.80116     1.07524     0.57451
   3.59980     0.87391     0.89423     0.61478
   3.66525     0.58812     1.04882     0.42639
   3.73070     0.77581     0.91300     0.53928
   3.79615     0.67619     1.05084     0.51171
   3.86161     0.75943     1.13031     0.60048
   3.92706     0.54648     1.22530     0.69590
   3.99251     0.90871     1.21437     0.54523
   4.05796     0.91162     1.21550     0.55577
   4.12341     0.65057     1.30888     0.67380
   4.18886     0.61539     1.53847     0.59663
   4.25431     0.66935     1.60063     0.76758
   4.31976     0.87504     1.66540     0.72685
   4.38521     1.06824     1.46199     0.87651
   4.45066     1.15672     1.36945     0.85092
   4.51611     1.00722     1.30099     0.89100
   4.58157     1.15430     1.16057     0.98492
   4.64702     1.09762     1.10372     1.11896
   4.71247     1.09106     1.02584     1.21559
   4.77792     1.21135     0.88256     1.23731
   4.84337     1.20129     0.81396     1.19006
   4.90882     1.20226     0.76507     1.10389
   4.97427     1.27727     0.68121     1.25598
   5.03972     1.34800     0.78028     1.21838
   5.10517     1.31366     0.78567     1.39450
   5.17062     1.53673     0.80284     1.33725
   5.23607     1.31604     0.85014     1.31124
   5.30153     1.19941     0.82225     1.27906
   5.36698     1.42635     0.77946     1.25948
   5.43243     1.30294     0.87904     1.25386
   5.49788     1.15012     0.96061     1.28953
   5.56333     1.25937     0.91900     1.28064
   5.62878     1.08894     0.99127     1.15336
   5.69423     1.08029     0.88942     1.08842
   5.75968     0.96855     0.93481     0.98642
   5.82513     0.91586     0.98572     0.94691
   5.89058     0.87285     1.07209     0.93927
   5.95604     0.94287     1.08578     0.92431
   6.02149     0.83532     1.12405     0.86619
   6.08694     0.75348     1.10889     0.79435
   6.15239     0.64012     1.06629     0.83494
   6.21784     0.65396     1.09164     0.81575
   6.28329     0.66042     1.13239     0.85555
   6.34874     0.81676     1.15654     0.85270
   6.41419     0.75537     1.14746     0.87060
   6.47964     0.60846     1.12910     0.86094
   6.54509     0.71931     1.10663     0.77310
   6.61054     0.65692     1.07277     0.81663
   6.67600     0.76229     1.06809     0.89377
   6.74145     0.93300     1.04890     0.94749
   6.80690     0.82988     1.14677     0.89383
   6.87235     0.97029     1.01908     0.90895
   6.93780     0.86999     1.01089     0.86315
   7.00325     0.89140     0.92496     0.93973
   7.06870     0.96457     0.91318     1.03046
   7.13415     0.99870     0.93919     1.07632
   7.19960     1.03651     0.99079     1.05684
   7.26505     1.06782     0.89193     1.13144
   7.33050     1.04884     0.84422     1.06844
   7.39596     1.04480     0.85703     1.03397
   7.46141     1.15901     0.81486     1.06085
   7.52686     1.13894     0.90418     1.09129
   7.59231     1.35697     0.89665     1.09654
   7.65776     1.32939     0.87241     1.12279
   7.72321     1.19657     0.86652     1.10936
   7.78866     1.02025     0.85961     1.07343
   7.85411     1.14847     0.92006     0.97023
   7.91956     1.20095     0.89757     1.08233
   7.98501     1.23091     0.95726     1.07705
   8.05046     1.19473     0.99561     1.02100
   8.11592     1.04359     0.98361     1.01860
   8.18137     1.02302     0.95023     0.98072
   8.24682     1.03783     0.96231     0.89842
   8.31227     1.03679     0.98534     0.96628
   8.37772     1.05818     1.06756     0.97938
   8.44317     0.93840     1.10188     0.99843
   8.50862     0.92401     1.07953     0.96676
   8.57407     0.85264     1.06311     0.93593
   8.63952     0.87506     1.02237     0.92710
   8.70497     0.90365     1.04441     0.94536
   8.77043     0.90391     1.09651     0.98865
   8.83588     0.94792     1.16381     0.93189
   8.90133     0.96062     1.12516     0.94816
   8.96678     0.81890     1.10142     0.93600
   9.03223     0.82322     1.03870     0.92491
   9.09768     0.83369     1.04052     0.93710
   9.16313     0.86573     1.10020     0.99983
   9.22858     1.02976     1.10012     0.98724
   9.29403     0.88421     1.10068     1.02293
   9.35948     0.84182     1.04100     0.97335
   9.42493     0.95173     0.96433     0.96210
   9.49039     1.00297     0.94230     0.99420
   9.55584     1.12196     0.94386     1.01236
   9.62129     1.10959     1.00930     1.02921
   9.68674     1.04132     1.00553     1.05745
   9.75219     1.07446     0.93808     1.06062
   9.81764     1.00007     0.90375     1.02739
   9.88309     1.01114     0.89856     1.02934
   9.94854     1.02715     0.93667     1.05509
  10.01399     1.15033     0.95073     1.08533
  10.07944     1.08100     0.95268     1.13350
  10.14489     1.05942     0.98073     1.04087
  10.21035     0.95746     0.93725     1.04525
  10.27580     0.93283     0.89542     1.04881
  10.34125     0.95800     0.94939     1.03866
  10.40670     1.09190     0.96241     1.05664
  10.47215     1.10471     1.00205     1.05788
  10.53760     1.03411     1.03708     1.00150
  10.60305     1.01436     0.97746     0.97687
  10.66850     0.89319     0.99038     0.95220
  10.73395     0.86862     0.98291     0.98462
  10.79940     0.98684     1.03200     0.98627

 Partial S(Q)'s are printed out below

   611  3 are NQ and NPAR

      Q          S(Q)_1      S(Q)_2      S(Q)_3
  0.4682470    -2.6542560     0.5140553    -1.7981347
  0.4982822    -2.6402061     0.4693737    -1.7013357
  0.5283159    -2.6452593     0.3974619    -1.5846615
  0.5583480    -2.6667378     0.3081185    -1.4598210
  0.5883784    -2.7014500     0.2112499    -1.3384541
  0.6184069    -2.7459049     0.1161063    -1.2312494
  0.6484336    -2.7965204     0.0306195    -1.1471600
  0.6784584    -2.8498128    -0.0391079    -1.0927768
  0.7084810    -2.9025580    -0.0891281    -1.0719025
  0.7385015    -2.9519161    -0.1177675    -1.0853552
  0.7685198    -2.9955156    -0.1255413    -1.1310100
  0.7985357    -3.0314971    -0.1148792    -1.2040695
  0.8285491    -3.0585170    -0.0896946    -1.2975364
  0.8585601    -3.0757175    -0.0548424    -1.4028452
  0.8885684    -3.0826669    -0.0155197    -1.5105987
  0.9185740    -3.0792794     0.0233345    -1.6113492
  0.9485769    -3.0657209     0.0575848    -1.6963603
  0.9785768    -3.0423091     0.0843393    -1.7582897
  1.0085738    -3.0094152     0.1022467    -1.7917399
  1.0385677    -2.9673722     0.1116246    -1.7936378
  1.0685584    -2.9163977     0.1144092    -1.7634155
  1.0985458    -2.8565328     0.1139342    -1.7029857
  1.1285300    -2.7876020     0.1145607    -1.6165172
  1.1585106    -2.7091965     0.1211955    -1.5100364
  1.1884878    -2.6206812     0.1387426    -1.3908913
  1.2184613    -2.5212273     0.1715410    -1.2671264
  1.2484312    -2.4098697     0.2228426    -1.1468223
  1.2783972    -2.2855878     0.2943800    -1.0374553
  1.3083593    -2.1474079     0.3860656    -0.9453295
  1.3383174    -1.9945232     0.4958545    -0.8751274
  1.3682715    -1.8264271     0.6197854    -0.8296103
  1.3982214    -1.6430511     0.7522008    -0.8094924
  1.4281670    -1.4449021     0.8861304    -0.8134912
  1.4581083    -1.2331866     1.0138076    -0.8385448
  1.4880452    -1.0099128     1.1272766    -0.8801734
  1.5179775    -0.7779585     1.2190386    -0.9329478
  1.5479052    -0.5410944     1.2826823    -0.9910211
  1.5778281    -0.3039533     1.3134442    -1.0486755
  1.6077463    -0.0719369     1.3086482    -1.1008342
  1.6376596     0.1489424     1.2679858    -1.1434930
  1.6675679     0.3522862     1.1936085    -1.1740363
  1.6974711     0.5315951     1.0900218    -1.1914077
  1.7273691     0.6806041     0.9637841    -1.1961251
  1.7572618     0.7936523     0.8230326    -1.1901384
  1.7871493     0.8660678     0.6768717    -1.1765467
  1.8170312     0.8945418     0.5346697    -1.1592001
  1.8469077     0.8774668     0.4053208    -1.1422249
  1.8767785     0.8152100     0.2965304    -1.1295152
  1.9066436     0.7102978     0.2141815    -1.1242397
  1.9365029     0.5674877     0.1618335    -1.1284074
  1.9663562     0.3937112     0.1403959    -1.1425346
  1.9962036     0.1978792     0.1480045    -1.1654459
  2.0260449    -0.0094505     0.1801117    -1.1942293
  2.0558801    -0.2165354     0.2297887    -1.2243531
  2.0857090    -0.4110182     0.2882160    -1.2499398
  2.1155315    -0.5805779     0.3453285    -1.2641765
  2.1453476    -0.7136243     0.3905661    -1.2598313
  2.1751571    -0.7999949     0.4136746    -1.2298344
  2.2049601    -0.8316077     0.4054954    -1.1678786
  2.2347563    -0.8030256     0.3586867    -1.0689896
  2.2645457    -0.7118913     0.2683198    -0.9300202
  2.2943282    -0.5591967     0.1323076    -0.7500273
  2.3241037    -0.3493631    -0.0483677    -0.5304988
  2.3538721    -0.0901165    -0.2696433    -0.2754109
  2.3836334     0.2078400    -0.5245829     0.0088922
  2.4133874     0.5313438    -0.8037852     0.3139898
  2.4431340     0.8654548    -1.0959647     0.6298277
  2.4728732     1.1942593    -1.3886604     0.9452814
  2.5026049     1.5017509    -1.6690235     1.2488008
  2.5323289     1.7727312    -1.9246245     1.5290879
  2.5620453     1.9936737    -2.1442256     1.7757609
  2.5917538     2.1534953    -2.3184633     1.9799585
  2.6214544     2.2441837    -2.4403957     2.1348397
  2.6511471     2.2612416    -2.5058797     2.2359493
  2.6808317     2.2039165    -2.5137563     2.2814233
  2.7105081     2.0752024    -2.4658362     2.2720241
  2.7401762     1.8816148    -2.3666923     2.2110083
  2.7698360     1.6327535    -2.2232809     2.1038395
  2.7994874     1.3406861    -2.0444221     1.9577724
  2.8291302     1.0191928    -1.8401824     1.7813414
  2.8587645     0.6829255    -1.6212047     1.5837918
  2.8883900     0.3465377    -1.3980350     1.3744984
  2.9180067     0.0238432    -1.1804919     1.1624096
  2.9476145    -0.2729418    -0.9771215     0.9555570
  2.9772134    -0.5338244    -0.7947700     0.7606605
  3.0068031    -0.7514924    -0.6382986     0.5828515
  3.0363838    -0.9215772    -0.5104514     0.4255261
  3.0659551    -1.0427130    -0.4118768     0.2903318
  3.0955172    -1.1163960    -0.3412921     0.1772773
  3.1250698    -1.1466627    -0.2957683     0.0849501
  3.1546128    -1.1396178    -0.2711079     0.0108160
  3.1841463    -1.1028512    -0.2622815    -0.0484279
  3.2136701    -1.0447928    -0.2638853    -0.0964787
  3.2431841    -0.9740528    -0.2705866    -0.1370624
  3.2726882    -0.8987962    -0.2775215    -0.1736076
  3.3021823    -0.8261951    -0.2806215    -0.2089799
  3.3316664    -0.7619941    -0.2768463    -0.2452943
  3.3611403    -0.7102155    -0.2643140    -0.2838150
  3.3906040    -0.6730156    -0.2423260    -0.3249436
  3.4200574    -0.6506959    -0.2112921    -0.3682880
  3.4495003    -0.6418575    -0.1725708    -0.4128015
  3.4789327    -0.6436782    -0.1282431    -0.4569708
  3.5083546    -0.6522834    -0.0808445    -0.4990339
  3.5377657    -0.6631746    -0.0330801    -0.5372048
  3.5671661    -0.6716795     0.0124524    -0.5698825
  3.5965556    -0.6733859     0.0535083    -0.5958263
  3.6259341    -0.6645250     0.0883921    -0.6142829
  3.6553016    -0.6422775     0.1160906    -0.6250547
  3.6846580    -0.6049809     0.1363359    -0.6285076
  3.7140032    -0.5522289     0.1495974    -0.6255194
  3.7433370    -0.4848592     0.1570076    -0.6173776
  3.7726594    -0.4048390     0.1602327    -0.6056390
  3.8019704    -0.3150631     0.1613017    -0.5919651
  3.8312697    -0.2190855     0.1624119    -0.5779521
  3.8605574    -0.1208123     0.1657286    -0.5649717
  3.8898333    -0.0241814     0.1731955    -0.5540368
  3.9190974     0.0671411     0.1863734    -0.5457063
  3.9483496     0.1500267     0.2063181    -0.5400356
  3.9775897     0.2220899     0.2335060    -0.5365772
  4.0068177     0.2818211     0.2678117    -0.5344304
  4.0360334     0.3286410     0.3085365    -0.5323338
  4.0652369     0.3628740     0.3544826    -0.5287918
  4.0944281     0.3856510     0.4040654    -0.5222218
  4.1236067     0.3987520     0.4554501    -0.5111091
  4.1527728     0.4044051     0.5067033    -0.4941547
  4.1819262     0.4050635     0.5559427    -0.4704017
  4.2110669     0.4031786     0.6014749    -0.4393314
  4.2401947     0.4009891     0.6419091    -0.4009180
  4.2693097     0.4003436     0.6762394    -0.3556407
  4.2984116     0.4025693     0.7038901    -0.3044504
  4.3275005     0.4083935     0.7247225    -0.2486969
  4.3565761     0.4179241     0.7390047    -0.1900215
  4.3856385     0.4306837     0.7473499    -0.1302282
  4.4146876     0.4456928     0.7506292    -0.0711420
  4.4437232     0.4615918     0.7498686    -0.0144691
  4.4727452     0.4767869     0.7461403     0.0383284
  4.5017536     0.4896076     0.7404564     0.0861357
  4.5307483     0.4984607     0.7336763     0.1282539
  4.5597293     0.5019674     0.7264330     0.1644322
  4.5886963     0.4990730     0.7190851     0.1948605
  4.6176493     0.4891213     0.7116968     0.2201236
  4.6465883     0.4718902     0.7040456     0.2411233
  4.6755131     0.4475873     0.6956574     0.2589755
  4.7044237     0.4168097     0.6858626     0.2748914
  4.7333199     0.3804726     0.6738686     0.2900551
  4.7622018     0.3397170     0.6588422     0.3055071
  4.7910691     0.2958049     0.6399931     0.3220439
  4.8199218     0.2500132     0.6166523     0.3401434
  4.8487599     0.2035348     0.5883389     0.3599201
  4.8775831     0.1573970     0.5548104     0.3811146
  4.9063916     0.1124016     0.5160923     0.4031174
  4.9351850     0.0690917     0.4724867     0.4250228
  4.9639635     0.0277460     0.4245583     0.4457101
  4.9927268    -0.0116011     0.3731026     0.4639412
  5.0214749    -0.0491165     0.3190962     0.4784686
  5.0502077    -0.0851097     0.2636372     0.4881428
  5.0789252    -0.1199629     0.2078783     0.4920102
  5.1076271    -0.1540598     0.1529601     0.4893942
  5.1363135    -0.1877178     0.0999477     0.4799512
  5.1649843    -0.2211313     0.0497768     0.4636998
  5.1936393    -0.2543305     0.0032118     0.4410198
  5.2222785    -0.2871589    -0.0391818     0.4126221
  5.2509018    -0.3192709    -0.0770491     0.3794940
  5.2795091    -0.3501484    -0.1102431     0.3428234
  5.3081003    -0.3791353    -0.1388078     0.3039104
  5.3366753    -0.4054841    -0.1629511     0.2640731
  5.3652341    -0.4284118    -0.1830086     0.2245563
  5.3937766    -0.4471590    -0.1994047     0.1864493
  5.4223026    -0.4610462    -0.2126113     0.1506210
  5.4508121    -0.4695244    -0.2231100     0.1176746
  5.4793050    -0.4722144    -0.2313597     0.0879275
  5.5077812    -0.4689328    -0.2377702     0.0614143
  5.5362406    -0.4597036    -0.2426864     0.0379135
  5.5646832    -0.4447542    -0.2463793     0.0169933
  5.5931088    -0.4244992    -0.2490465    -0.0019274
  5.6215173    -0.3995113    -0.2508204    -0.0195101
  5.6499088    -0.3704853    -0.2517802    -0.0364243
  5.6782830    -0.3381959    -0.2519696    -0.0532795
  5.7066400    -0.3034560    -0.2514137    -0.0705676
  5.7349795    -0.2670751    -0.2501369    -0.0886182
  5.7633016    -0.2298237    -0.2481773    -0.1075726
  5.7916061    -0.1924040    -0.2455975    -0.1273759
  5.8198930    -0.1554291    -0.2424909    -0.1477887
  5.8481622    -0.1194099    -0.2389829    -0.1684145
  5.8764135    -0.0847506    -0.2352275    -0.1887423
  5.9046470    -0.0517505    -0.2313998    -0.2081965
  5.9328624    -0.0206121    -0.2276855    -0.2261931
  5.9610598     0.0085483    -0.2242693    -0.2421930
  5.9892391     0.0356874    -0.2213223    -0.2557510
  6.0174000     0.0608212    -0.2189913    -0.2665534
  6.0455427     0.0840133    -0.2173895    -0.2744433
  6.0736669     0.1053637    -0.2165909    -0.2794303
  6.1017727     0.1250001    -0.2166278    -0.2816848
  6.1298598     0.1430714    -0.2174915    -0.2815173
  6.1579283     0.1597417    -0.2191367    -0.2793461
  6.1859780     0.1751857    -0.2214882    -0.2756553
  6.2140089     0.1895826    -0.2244495    -0.2709479
  6.2420208     0.2031103    -0.2279114    -0.2656980
  6.2700138     0.2159366    -0.2317615    -0.2603073
  6.2979876     0.2282096    -0.2358908    -0.2550684
  6.3259422     0.2400453    -0.2402002    -0.2501391
  6.3538776     0.2515157    -0.2446024    -0.2455292
  6.3817936     0.2626358    -0.2490231    -0.2411016
  6.4096902     0.2733521    -0.2533979    -0.2365861
  6.4375673     0.2835349    -0.2576684    -0.2316065
  6.4654247     0.2929740    -0.2617758    -0.2257159
  6.4932625     0.3013804    -0.2656544    -0.2184393
  6.5210805     0.3083947    -0.2692252    -0.2093190
  6.5488786     0.3136021    -0.2723903    -0.1979583
  6.5766567     0.3165540    -0.2750301    -0.1840604
  6.6044148     0.3167956    -0.2770021    -0.1674596
  6.6321529     0.3138970    -0.2781431    -0.1481419
  6.6598707     0.3074871    -0.2782745    -0.1262523
  6.6875682     0.2972861    -0.2772097    -0.1020917
  6.7152453     0.2831360    -0.2747645    -0.0760992
  6.7429020     0.2650239    -0.2707684    -0.0488261
  6.7705382     0.2430986    -0.2650764    -0.0208999
  6.7981537     0.2176758    -0.2575806     0.0070155
  6.8257485     0.1892336    -0.2482199     0.0342622
  6.8533225     0.1583951    -0.2369876     0.0602293
  6.8808757     0.1259011    -0.2239355     0.0843887
  6.9084079     0.0925732    -0.2091748     0.1063237
  6.9359190     0.0592696    -0.1928724     0.1257485
  6.9634090     0.0268368    -0.1752445     0.1425168
  6.9908778    -0.0039389    -0.1565461     0.1566198
  7.0183253    -0.0323776    -0.1370584     0.1681731
  7.0457515    -0.0579456    -0.1170742     0.1773963
  7.0731561    -0.0802853    -0.0968835     0.1845841
  7.1005393    -0.0992335    -0.0767584     0.1900748
  7.1279008    -0.1148265    -0.0569411     0.1942159
  7.1552405    -0.1272908    -0.0376331     0.1973327
  7.1825585    -0.1370205    -0.0189884     0.1996997
  7.2098546    -0.1445426    -0.0011106     0.2015195
  7.2371288    -0.1504729     0.0159467     0.2029084
  7.2643809    -0.1554657     0.0321752     0.2038916
  7.2916108    -0.1601610     0.0476042     0.2044070
  7.3188186    -0.1651334     0.0622904     0.2043171
  7.3460040    -0.1708456     0.0763053     0.2034284
  7.3731671    -0.1776121     0.0897233     0.2015149
  7.4003078    -0.1855734     0.1026089     0.1983456
  7.4274258    -0.1946847     0.1150061     0.1937118
  7.4545213    -0.2047184     0.1269300     0.1874525
  7.4815940    -0.2152811     0.1383619     0.1794760
  7.5086440    -0.2258441     0.1492469     0.1697752
  7.5356711    -0.2357838     0.1594962     0.1584366
  7.5626752    -0.2444298     0.1689925     0.1456398
  7.5896563    -0.2511166     0.1775983     0.1316516
  7.6166143    -0.2552354     0.1851671     0.1168105
  7.6435491    -0.2562814     0.1915552     0.1015069
  7.6704605    -0.2538935     0.1966350     0.0861584
  7.6973487    -0.2478828     0.2003072     0.0711822
  7.7242133    -0.2382482     0.2025114     0.0569686
  7.7510545    -0.2251788     0.2032345     0.0438550
  7.7778720    -0.2090403     0.2025154     0.0321045
  7.8046659    -0.1903504     0.2004473     0.0218896
  7.8314359    -0.1697413     0.1971745     0.0132827
  7.8581822    -0.1479148     0.1928870     0.0062532
  7.8849044    -0.1255933     0.1878110     0.0006725
  7.9116027    -0.1034685     0.1821966    -0.0036748
  7.9382768    -0.0821539     0.1763046    -0.0070733
  7.9649268    -0.0621441     0.1703912    -0.0098554
  7.9915525    -0.0437832     0.1646937    -0.0123770
  8.0181539    -0.0272452     0.1594170    -0.0149917
  8.0447308    -0.0125285     0.1547223    -0.0180268
  8.0712833     0.0005374     0.1507187    -0.0217608
  8.0978111     0.0122703     0.1474580    -0.0264062
  8.1243143     0.0231037     0.1449338    -0.0320960
  8.1507928     0.0335459     0.1430835    -0.0388776
  8.1772464     0.0441329     0.1417953    -0.0467111
  8.2036751     0.0553804     0.1409164    -0.0554753
  8.2300788     0.0677358     0.1402656    -0.0649771
  8.2564574     0.0815365     0.1396462    -0.0749668
  8.2828109     0.0969756     0.1388601    -0.0851551
  8.3091392     0.1140793     0.1377213    -0.0952332
  8.3354421     0.1326958     0.1360690    -0.1048914
  8.3617197     0.1524979     0.1337774    -0.1138384
  8.3879717     0.1729984     0.1307640    -0.1218165
  8.4141983     0.1935780     0.1269938    -0.1286150
  8.4403992     0.2135219     0.1224810    -0.1340784
  8.4665744     0.2320647     0.1172861    -0.1381111
  8.4927238     0.2484390     0.1115115    -0.1406774
  8.5188473     0.2619239     0.1052927    -0.1417973
  8.5449449     0.2718921     0.0987885    -0.1415397
  8.5710164     0.2778494     0.0921694    -0.1400125
  8.5970619     0.2794670     0.0856058    -0.1373509
  8.6230811     0.2766018     0.0792564    -0.1337058
  8.6490741     0.2693055     0.0732573    -0.1292318
  8.6750407     0.2578213     0.0677138    -0.1240775
  8.7009810     0.2425678     0.0626939    -0.1183768
  8.7268947     0.2241132     0.0582244    -0.1122432
  8.7527818     0.2031400     0.0542908    -0.1057667
  8.7786422     0.1804041     0.0508391    -0.0990135
  8.8044760     0.1566898     0.0477808    -0.0920278
  8.8302829     0.1327653     0.0450002    -0.0848363
  8.8560629     0.1093403     0.0423630    -0.0774534
  8.8818159     0.0870289     0.0397265    -0.0698881
  8.9075419     0.0663205     0.0369497    -0.0621496
  8.9332407     0.0475594     0.0339035    -0.0542539
  8.9589123     0.0309351     0.0304795    -0.0462277
  8.9845567     0.0164822     0.0265974    -0.0381116
  9.0101736     0.0040913     0.0222106    -0.0299611
  9.0357631    -0.0064719     0.0173088    -0.0218454
  9.0613251    -0.0155406     0.0119188    -0.0138444
  9.0868595    -0.0235150     0.0061026    -0.0060441
  9.1123662    -0.0308289    -0.0000471     0.0014688
  9.1378452    -0.0379145    -0.0064129     0.0086142
  9.1632963    -0.0451710    -0.0128603     0.0153239
  9.1887195    -0.0529360    -0.0192464     0.0215485
  9.2141147    -0.0614631    -0.0254288     0.0272612
  9.2394819    -0.0709072    -0.0312746     0.0324612
  9.2648209    -0.0813162    -0.0366679     0.0371748
  9.2901317    -0.0926318    -0.0415169     0.0414537
  9.3154141    -0.1046971    -0.0457585     0.0453725
  9.3406683    -0.1172701    -0.0493619     0.0490224
  9.3658939    -0.1300429    -0.0523290     0.0525050
  9.3910910    -0.1426646    -0.0546937     0.0559239
  9.4162595    -0.1547645    -0.0565185     0.0593757
  9.4413994    -0.1659768    -0.0578900     0.0629421
  9.4665104    -0.1759624    -0.0589126     0.0666815
  9.4915927    -0.1844278    -0.0597016     0.0706228
  9.5166460    -0.1911398    -0.0603756     0.0747606
  9.5416703    -0.1959348    -0.0610490     0.0790532
  9.5666656    -0.1987227    -0.0618252     0.0834227
  9.5916317    -0.1994861    -0.0627904     0.0877577
  9.6165686    -0.1982738    -0.0640090     0.0919188
  9.6414762    -0.1951910    -0.0655201     0.0957460
  9.6663545    -0.1903862    -0.0673360     0.0990675
  9.6912033    -0.1840368    -0.0694423     0.1017108
  9.7160225    -0.1763343    -0.0717998     0.1035123
  9.7408122    -0.1674698    -0.0743472     0.1043290
  9.7655722    -0.1576225    -0.0770059     0.1040471
  9.7903025    -0.1469498    -0.0796851     0.1025905
  9.8150029    -0.1355821    -0.0822877     0.0999267
  9.8396735    -0.1236203    -0.0847161     0.0960701
  9.8643140    -0.1111372    -0.0868780     0.0910826
  9.8889245    -0.0981827    -0.0886918     0.0850716
  9.9135049    -0.0847907    -0.0900904     0.0781852
  9.9380551    -0.0709888    -0.0910251     0.0706051
  9.9625751    -0.0568079    -0.0914669     0.0625369
  9.9870646    -0.0422923    -0.0914079     0.0542006
 10.0115238    -0.0275081    -0.0908601     0.0458183
 10.0359524    -0.0125499    -0.0898542     0.0376037
 10.0603505     0.0024557    -0.0884365     0.0297506
 10.0847180     0.0173494    -0.0866654     0.0224244
 10.1090547     0.0319423    -0.0846074     0.0157537
 10.1333606     0.0460223    -0.0823327     0.0098255
 10.1576357     0.0593632    -0.0799109     0.0046819
 10.1818798     0.0717365    -0.0774071     0.0003202
 10.2060929     0.0829244    -0.0748784    -0.0033048
 10.2302749     0.0927336    -0.0723711    -0.0062760
 10.2544257     0.1010085    -0.0699190    -0.0087070
 10.2785453     0.1076427    -0.0675425    -0.0107338
 10.3026336     0.1125882    -0.0652484    -0.0125051
 10.3266906     0.1158615    -0.0630314    -0.0141723
 10.3507160     0.1175458    -0.0608753    -0.0158799
 10.3747099     0.1177887    -0.0587556    -0.0177561
 10.3986723     0.1167965    -0.0566424    -0.0199053
 10.4226029     0.1148237    -0.0545036    -0.0224016
 10.4465018     0.1121599    -0.0523077    -0.0252851
 10.4703689     0.1091140    -0.0500267    -0.0285599
 10.4942041     0.1059964    -0.0476392    -0.0321942
 10.5180073     0.1031008    -0.0451316    -0.0361235
 10.5417785     0.1006869    -0.0425000    -0.0402544
 10.5655175     0.0989647    -0.0397505    -0.0444713
 10.5892244     0.0980810    -0.0368992    -0.0486434
 10.6128990     0.0981106    -0.0339713    -0.0526328
 10.6365413     0.0990504    -0.0309993    -0.0563028
 10.6601512     0.1008192    -0.0280216    -0.0595259
 10.6837286     0.1032619    -0.0250793    -0.0621909
 10.7072735     0.1061577    -0.0222139    -0.0642092
 10.7307858     0.1092331    -0.0194649    -0.0655188
 10.7542654     0.1121775    -0.0168667    -0.0660877
 10.7777122     0.1146617    -0.0144466    -0.0659149
 10.8011262     0.1163574    -0.0122229    -0.0650289
 10.8245072     0.1169569    -0.0102041    -0.0634859
 10.8478553     0.1161913    -0.0083875    -0.0613655
 10.8711704     0.1138477    -0.0067601    -0.0587653
 10.8944524     0.1097817    -0.0052987    -0.0557949
 10.9177011     0.1039272    -0.0039717    -0.0525696
 10.9409166     0.0963016    -0.0027406    -0.0492032
 10.9640988     0.0870055    -0.0015627    -0.0458023
 10.9872476     0.0762183    -0.0003931    -0.0424603
 11.0103629     0.0641893     0.0008119    -0.0392534
 11.0334447     0.0512251     0.0020928    -0.0362367
 11.0564928     0.0376728     0.0034840    -0.0334427
 11.0795073     0.0239026     0.0050121    -0.0308809
 11.1024880     0.0102875     0.0066938    -0.0285386
 11.1254349    -0.0028151     0.0085354    -0.0263837
 11.1483479    -0.0150825     0.0105316    -0.0243675
 11.1712270    -0.0262426     0.0126665    -0.0224299
 11.1940720    -0.0360869     0.0149138    -0.0205038
 11.2168830    -0.0444801     0.0172382    -0.0185206
 11.2396597    -0.0513653     0.0195978    -0.0164156
 11.2624023    -0.0567645     0.0219457    -0.0141325
 11.2851105    -0.0607749     0.0242330    -0.0116276
 11.3077843    -0.0635612     0.0264109    -0.0088736
 11.3304237    -0.0653434     0.0284341    -0.0058614
 11.3530286    -0.0663827     0.0302622    -0.0026015
 11.3755989    -0.0669645     0.0318629     0.0008764
 11.3981345    -0.0673808     0.0332126     0.0045243
 11.4206355    -0.0679120     0.0342984     0.0082787
 11.4431016    -0.0688104     0.0351184     0.0120631
 11.4655329    -0.0702845     0.0356815     0.0157928
 11.4879292    -0.0724871     0.0360072     0.0193787
 11.5102906    -0.0755061     0.0361241     0.0227323
 11.5326169    -0.0793591     0.0360685     0.0257700
 11.5549080    -0.0839931     0.0358823     0.0284175
 11.5771640    -0.0892866     0.0356106     0.0306134
 11.5993847    -0.0950571     0.0352994     0.0323124
 11.6215701    -0.1010715     0.0349927     0.0334872
 11.6437200    -0.1070589     0.0347307     0.0341296
 11.6658345    -0.1127265     0.0345470     0.0342512
 11.6879135    -0.1177757     0.0344673     0.0338819
 11.7099568    -0.1219190     0.0345079     0.0330685
 11.7319645    -0.1248962     0.0346743     0.0318725
 11.7539365    -0.1264893     0.0349619     0.0303662
 11.7758726    -0.1265342     0.0353550     0.0286299
 11.7977729    -0.1249308     0.0358288     0.0267477
 11.8196372    -0.1216483     0.0363498     0.0248035
 11.8414656    -0.1167280     0.0368776     0.0228776
 11.8632578    -0.1102813     0.0373675     0.0210431
 11.8850139    -0.1024844     0.0377722     0.0193633
 11.9067339    -0.0935699     0.0380444     0.0178891
 11.9284175    -0.0838149     0.0381392     0.0166577
 11.9500648    -0.0735272     0.0380165     0.0156919
 11.9716757    -0.0630301     0.0376426     0.0149996
 11.9932502    -0.0526462     0.0369924     0.0145751
 12.0147881    -0.0426813     0.0360504     0.0143999
 12.0362894    -0.0334099     0.0348118     0.0144450
 12.0577540    -0.0250613     0.0332824     0.0146726
 12.0791820    -0.0178092     0.0314788     0.0150393
 12.1005731    -0.0117638     0.0294277     0.0154980
 12.1219273    -0.0069668     0.0271646     0.0160011
 12.1432447    -0.0033905     0.0247323     0.0165024
 12.1645250    -0.0009401     0.0221792     0.0169597
 12.1857683     0.0005407     0.0195574     0.0173362
 12.2069745     0.0012605     0.0169200     0.0176020
 12.2281434     0.0014694     0.0143197     0.0177346
 12.2492752     0.0014451     0.0118058     0.0177195
 12.2703696     0.0014787     0.0094233     0.0175495
 12.2914266     0.0018593     0.0072105     0.0172246
 12.3124462     0.0028590     0.0051979     0.0167507
 12.3334283     0.0047185     0.0034077     0.0161382
 12.3543729     0.0076352     0.0018529     0.0154005
 12.3752798     0.0117523     0.0005373     0.0145529
 12.3961490     0.0171513    -0.0005439     0.0136103
 12.4169804     0.0238474    -0.0014033     0.0125865
 12.4377740     0.0317878    -0.0020605     0.0114927
 12.4585297     0.0408538    -0.0025402     0.0103369
 12.4792475     0.0508652    -0.0028712     0.0091228
 12.4999273     0.0615883    -0.0030841     0.0078505
 12.5205689     0.0727459    -0.0032097     0.0065160
 12.5411725     0.0840295    -0.0032778     0.0051122
 12.5617378     0.0951125    -0.0033149     0.0036296
 12.5822649     0.1056648    -0.0033434     0.0020576
 12.6027536     0.1153669    -0.0033803     0.0003860
 12.6232040     0.1239235    -0.0034366    -0.0013941
 12.6436159     0.1310760    -0.0035168    -0.0032883
 12.6639893     0.1366134    -0.0036193    -0.0052977
 12.6843241     0.1403810    -0.0037359    -0.0074179
 12.7046203     0.1422862    -0.0038535    -0.0096379
 12.7248777     0.1423017    -0.0039543    -0.0119395
 12.7450964     0.1404662    -0.0040175    -0.0142971
 12.7652763     0.1368816    -0.0040204    -0.0166781
 12.7854173     0.1317081    -0.0039401    -0.0190428
 12.8055194     0.1251565    -0.0037548    -0.0213462
 12.8255824     0.1174785    -0.0034455    -0.0235388
 12.8456064     0.1089558    -0.0029972    -0.0255682
 12.8655912     0.0998877    -0.0024000    -0.0273812
 12.8855369     0.0905780    -0.0016500    -0.0289258
 12.9054433     0.0813228    -0.0007500    -0.0301531
 12.9253104     0.0723978     0.0002905    -0.0310196
 12.9451381     0.0640479     0.0014551    -0.0314887
 12.9649264     0.0564770     0.0027212    -0.0315331
 12.9846752     0.0498409     0.0040605    -0.0311354
 13.0043844     0.0442418     0.0054405    -0.0302900
 13.0240541     0.0397255     0.0068254    -0.0290031
 13.0436840     0.0362806     0.0081776    -0.0272932
 13.0632742     0.0338407     0.0094598    -0.0251908
 13.0828247     0.0322887     0.0106360    -0.0227378
 13.1023352     0.0314630     0.0116737    -0.0199860
 13.1218059     0.0311657     0.0125451    -0.0169959
 13.1412366     0.0311722     0.0132286    -0.0138345
 13.1606273     0.0312416     0.0137099    -0.0105737
 13.1799778     0.0311276     0.0139829    -0.0072874
 13.1992882     0.0305902     0.0140501    -0.0040492
 13.2185585     0.0294054     0.0139226    -0.0009304
 13.2377884     0.0273759     0.0136203     0.0020028
 13.2569780     0.0243392     0.0131711     0.0046910
 13.2761273     0.0201751     0.0126095     0.0070838
 13.2952361     0.0148103     0.0119763     0.0091409
 13.3143044     0.0082225     0.0113160     0.0108338
 13.3333321     0.0004409     0.0106758     0.0121460
 13.3523192    -0.0084542     0.0101034     0.0130733
 13.3712657    -0.0183346     0.0096453     0.0136238
 13.3901714    -0.0290288     0.0093442     0.0138174
 13.4090364    -0.0403284     0.0092380     0.0136843
 13.4278604    -0.0519961     0.0093574     0.0132640
 13.4466436    -0.0637741     0.0097247     0.0126034
 13.4653858    -0.0753938     0.0103526     0.0117550
 13.4840871    -0.0865855     0.0112434     0.0107748
 13.5027472    -0.0970882     0.0123881     0.0097202
 13.5213662    -0.1066587     0.0137670     0.0086475
 13.5399440    -0.1150798     0.0153494     0.0076106
 13.5584806    -0.1221684     0.0170947     0.0066582
 13.5769758    -0.1277807     0.0189532     0.0058330
 13.5954297    -0.1318170     0.0208679     0.0051697
 13.6138422    -0.1342247     0.0227761     0.0046943
 13.6322132    -0.1349992     0.0246111     0.0044231
 13.6505427    -0.1341831     0.0263050     0.0043628
 13.6688306    -0.1318641     0.0277902     0.0045103
 13.6870769    -0.1281709     0.0290022     0.0048531
 13.7052815    -0.1232682     0.0298817     0.0053703
 13.7234443    -0.1173501     0.0303765     0.0060334
 13.7415654    -0.1106326     0.0304436     0.0068077
 13.7596445    -0.1033461     0.0300506     0.0076539
 13.7776818    -0.0957269     0.0291771     0.0085299
 13.7956771    -0.0880089     0.0278158     0.0093919
 13.8136303    -0.0804159     0.0259723     0.0101969
 13.8315415    -0.0731538     0.0236660     0.0109038
 13.8494106    -0.0664044     0.0209292     0.0114754
 13.8672374    -0.0603193     0.0178067     0.0118791
 13.8850221    -0.0550161     0.0143541     0.0120889
 13.9027644    -0.0505747     0.0106371     0.0120855
 13.9204644    -0.0470360     0.0067288     0.0118574
 13.9381219    -0.0444014     0.0027081     0.0114010
 13.9557370    -0.0426340    -0.0013426     0.0107206
 13.9733096    -0.0416608    -0.0053399     0.0098283
 13.9908397    -0.0413764    -0.0092016     0.0087431
 14.0083271    -0.0416479    -0.0128496     0.0074902
 14.0257718    -0.0423198    -0.0162117     0.0061002
 14.0431739    -0.0432206    -0.0192237     0.0046073
 14.0605331    -0.0441697    -0.0218316     0.0030488
 14.0778495    -0.0449832    -0.0239932     0.0014629
 14.0951231    -0.0454816    -0.0256787    -0.0001124
 14.1123536    -0.0454961    -0.0268723    -0.0016406
 14.1295412    -0.0448741    -0.0275722    -0.0030884
 14.1466858    -0.0434852    -0.0277910    -0.0044263
 14.1637873    -0.0412256    -0.0275547    -0.0056301
 14.1808456    -0.0380213    -0.0269025    -0.0066818
 14.1978607    -0.0338314    -0.0258856    -0.0075697
 14.2148326    -0.0286487    -0.0245651    -0.0082891
 14.2317612    -0.0225006    -0.0230110    -0.0088423
 14.2486464    -0.0154482    -0.0212995    -0.0092386
 14.2654882    -0.0075842    -0.0195114    -0.0094935
 14.2822866     0.0009700    -0.0177290    -0.0096285
 14.2990415     0.0100675    -0.0160344    -0.0096699
 14.3157528     0.0195412    -0.0145068    -0.0096478
 14.3324204     0.0292083    -0.0132201    -0.0095954
 14.3490445     0.0388759    -0.0122410    -0.0095470
 14.3656248     0.0483473    -0.0116270    -0.0095372
 14.3821614     0.0574269    -0.0114243    -0.0095993
 14.3986541     0.0659268    -0.0116673    -0.0097643
 14.4151030     0.0736718    -0.0123764    -0.0100593
 14.4315080     0.0805046    -0.0135585    -0.0105065
 14.4478690     0.0862900    -0.0152056    -0.0111224
 14.4641860     0.0909191    -0.0172957    -0.0119168
 14.4804590     0.0943118    -0.0197927    -0.0128922
 14.4966878     0.0964195    -0.0226476    -0.0140438
 14.5128725     0.0972255    -0.0257995    -0.0153587
 14.5290130     0.0967463    -0.0291769    -0.0168167
 14.5451092     0.0950301    -0.0326997    -0.0183901
 14.5611611     0.0921561    -0.0362811    -0.0200446
 14.5771686     0.0882317    -0.0398296    -0.0217400
 14.5931318     0.0833897    -0.0432514    -0.0234310
 14.6090505     0.0777845    -0.0464526    -0.0250686
 14.6249247     0.0715882    -0.0493414    -0.0266009
 14.6407543     0.0649857    -0.0518307    -0.0279752
 14.6565394     0.0581700    -0.0538398    -0.0291384
 14.6722798     0.0513374    -0.0552968    -0.0300394
 14.6879755     0.0446820    -0.0561401    -0.0306299
 14.7036264     0.0383913    -0.0563200    -0.0308657
 14.7192326     0.0326411    -0.0558000    -0.0307085
 14.7347939     0.0275917    -0.0545577    -0.0301265
 14.7503104     0.0233837    -0.0525855    -0.0290957
 14.7657819     0.0201350    -0.0498907    -0.0276005
 14.7812084     0.0179379    -0.0464960    -0.0256344
 14.7965899     0.0168571    -0.0424382    -0.0232005
 14.8119264     0.0169285    -0.0377686    -0.0203116
 14.8272177     0.0181586    -0.0325511    -0.0169900
 14.8424639     0.0205246    -0.0268614    -0.0132677
 14.8576648     0.0239750    -0.0207857    -0.0091853
 14.8728205     0.0284314    -0.0144185    -0.0047918
 14.8879309     0.0337902    -0.0078609    -0.0001436
 14.9029959     0.0399255    -0.0012190     0.0046965
 14.9180155     0.0466919     0.0053987     0.0096605
 14.9329897     0.0539280     0.0118831     0.0146765
 14.9479184     0.0614603     0.0181266     0.0196699
 14.9628016     0.0691068     0.0240252     0.0245651
 14.9776391     0.0766814     0.0294803     0.0292866
 14.9924311     0.0839977     0.0344008     0.0337605
 15.0071774     0.0908729     0.0387045     0.0379163
 15.0218780     0.0971321     0.0423193     0.0416875
 15.0365328     0.1026111     0.0451850     0.0450134
 15.0511418     0.1071603     0.0472541     0.0478399
 15.0657049     0.1106474     0.0484920     0.0501207
 15.0802222     0.1129597     0.0488783     0.0518178
 15.0946935     0.1140063     0.0484066     0.0529025
 15.1091189     0.1137197     0.0470841     0.0533557
 15.1234982     0.1120565     0.0449322     0.0531680
 15.1378315     0.1089981     0.0419849     0.0523403
 15.1521186     0.1045510     0.0382890     0.0508832
 15.1663596     0.0987457     0.0339024     0.0488169
 15.1805544     0.0916363     0.0288935     0.0461710
 15.1947030     0.0832989     0.0233393     0.0429837
 15.2088052     0.0738299     0.0173246     0.0393010
 15.2228612     0.0633440     0.0109401     0.0351761
 15.2368707     0.0519717     0.0042809     0.0306682
 15.2508339     0.0398568    -0.0025552     0.0258417
 15.2647506     0.0271536    -0.0094691     0.0207648
 15.2786207     0.0140242    -0.0163623     0.0155087

PDF 1 in G'(r) format
  r, PDF (RMC), PDF (Expt)
 CURVES
         165 ,           2
      0.0654509        0.0000000        0.0000000
      0.1309019        0.0000000        0.0000000
      0.1963528        0.0000000        0.0000000
      0.2618037        0.0000000        0.0000000
      0.3272547        0.0000000        0.0000000
      0.3927056        0.0000000        0.0000000
      0.4581565        0.0000000        0.0000000
      0.5236075        0.0000000        0.0000000
      0.5890584        0.0000000        0.0000000
      0.6545093        0.0000000        0.0000000
      0.7199603        0.0000000        0.0000000
      0.7854112        0.0000000        0.0000000
      0.8508621        0.0000000        0.0000000
      0.9163131        0.0000000        0.0000000
      0.9817640        0.0000000        0.0000000
      1.0472149        0.0000000        0.0000000
      1.1126659        0.0000000        0.0000000
      1.1781168        0.0000000        0.0000000
      1.2435677        0.0000000        0.1336642
      1.3090187        0.0000000        0.4087493
      1.3744696        0.0000000        0.7543131
      1.4399206        0.0000000        1.1485415
      1.5053715        1.6345804        1.5505350
      1.5708224        1.9541775        1.9059448
      1.6362734        2.1826573        2.1587834
      1.7017243        2.2936940        2.2659462
      1.7671752        2.2496652        2.2093322
      1.8326262        2.0062849        2.0010507
      1.8980771        1.6132614        1.6798473
      1.9635280        1.1016441        1.3003390
      2.0289790        0.6283424        0.9192625
      2.0944299        0.2475232        0.5835708
      2.1598808        0.0000000        0.3237554
      2.2253318        0.0000000        0.1531507
      2.2907827        0.0000000        0.0715582
      2.3562336        0.0000000        0.0703735
      2.4216846        0.0000000        0.1367765
      2.4871355        0.4355559        0.2559231
      2.5525864        0.6150486        0.4115305
      2.6180374        0.8357321        0.5860281
      2.6834883        1.0151556        0.7613177
      2.7489392        1.1245826        0.9204588
      2.8143902        1.2152388        1.0498161
      2.8798411        1.2762978        1.1408396
      2.9452920        1.3199372        1.1907984
      3.0107430        1.3755431        1.2022868
      3.0761939        1.3415852        1.1818121
      3.1416448        1.2789500        1.1380301
      3.2070958        1.1402607        1.0801428
      3.2725467        1.0238453        1.0167345
      3.3379976        0.9597439        0.9550757
      3.4034486        0.9349328        0.9007813
      3.4688995        0.9077501        0.8576976
      3.5343504        0.8561631        0.8279539
      3.5998014        0.7946551        0.8121644
      3.6652523        0.7559704        0.8097733
      3.7307032        0.7610175        0.8194883
      3.7961542        0.8013548        0.8397032
      3.8616051        0.8846714        0.8687856
      3.9270560        0.9271356        0.9051459
      3.9925070        0.9319792        0.9470814
      4.0579579        0.9366492        0.9924918
      4.1234088        0.9778817        1.0386326
      4.1888598        1.0566888        1.0820893
      4.2543107        1.1548593        1.1190817
      4.3197617        1.2074564        1.1460852
      4.3852126        1.1932996        1.1606051
      4.4506635        1.1547446        1.1618539
      4.5161145        1.1097478        1.1510787
      4.5815654        1.0990934        1.1313973
      4.6470163        1.1079180        1.1071647
      4.7124673        1.1022451        1.0830542
      4.7779182        1.0607919        1.0631198
      4.8433691        1.0095475        1.0500902
      4.9088201        0.9563679        1.0450422
      4.9742710        0.9808198        1.0474679
      5.0397219        1.0280478        1.0556379
      5.1051729        1.0853483        1.0671130
      5.1706238        1.1121515        1.0792657
      5.2360747        1.0883971        1.0897134
      5.3015257        1.0438552        1.0966243
      5.3669766        1.0551841        1.0988858
      5.4324275        1.0804432        1.0961514
      5.4978785        1.1061389        1.0887822
      5.5633294        1.1015822        1.0777025
      5.6287803        1.0637147        1.0641974
      5.6942313        0.9904988        1.0496821
      5.7596822        0.9583296        1.0354810
      5.8251331        0.9604242        1.0226525
      5.8905841        0.9923367        1.0118836
      5.9560350        1.0058066        1.0034631
      6.0214859        0.9859855        0.9973273
      6.0869369        0.9399296        0.9931542
      6.1523878        0.9138343        0.9904812
      6.2178387        0.9219025        0.9888186
      6.2832897        0.9564595        0.9877401
      6.3487406        0.9939338        0.9869391
      6.4141915        0.9851824        0.9862467
      6.4796425        0.9478268        0.9856162
      6.5450934        0.9256840        0.9850831
      6.6105443        0.9135580        0.9847145
      6.6759953        0.9558364        0.9845639
      6.7414462        0.9942013        0.9846464
      6.8068971        1.0055844        0.9849370
      6.8723481        0.9728626        0.9853913
      6.9377990        0.9359842        0.9859733
      7.0032500        0.9242958        0.9866786
      7.0687009        0.9623002        0.9875407
      7.1341518        0.9965267        0.9886210
      7.1996028        1.0213225        0.9899864
      7.2650537        1.0043809        0.9916841
      7.3305046        0.9563255        0.9937189
      7.3959556        0.9499928        0.9960403
      7.4614065        0.9583168        0.9985393
      7.5268574        1.0086810        1.0010578
      7.5923084        1.0441309        1.0034105
      7.6577593        1.0366782        1.0054168
      7.7232102        1.0064822        1.0069347
      7.7886612        0.9606173        1.0078879
      7.8541121        0.9763809        1.0082768
      7.9195630        1.0129980        1.0081716
      7.9850140        1.0452641        1.0076919
      8.0504649        1.0383987        1.0069810
      8.1159158        1.0059004        1.0061833
      8.1813668        0.9731668        1.0054282
      8.2468177        0.9532572        1.0048201
      8.3122686        0.9875843        1.0044299
      8.3777196        1.0356344        1.0042903
      8.4431705        1.0383388        1.0043946
      8.5086214        1.0141494        1.0047020
      8.5740724        0.9833769        1.0051498
      8.6395233        0.9644086        1.0056686
      8.7049742        0.9862736        1.0061946
      8.7704252        1.0264739        1.0066765
      8.8358761        1.0471302        1.0070750
      8.9013270        1.0361438        1.0073594
      8.9667780        0.9962099        1.0075046
      9.0322289        0.9627120        1.0074908
      9.0976798        0.9695772        1.0073061
      9.1631308        1.0255809        1.0069488
      9.2285817        1.0492672        1.0064289
      9.2940326        1.0369179        1.0057682
      9.3594836        0.9836650        1.0049992
      9.4249345        0.9614067        1.0041619
      9.4903854        0.9705266        1.0033015
      9.5558364        0.9978764        1.0024632
      9.6212873        1.0333019        1.0016885
      9.6867382        1.0295071        1.0010121
      9.7521892        1.0035456        1.0004599
      9.8176401        0.9627465        1.0000490
      9.8830911        0.9627894        0.9997854
      9.9485420        0.9928688        0.9996616
     10.0139929        1.0311600        0.9996523
     10.0794439        1.0368112        0.9997136
     10.1448948        1.0148731        0.9997863
     10.2103457        0.9778494        0.9998056
     10.2757967        0.9545707        0.9997154
     10.3412476        0.9815597        0.9994805
     10.4066985        1.0169635        0.9990951
     10.4721495        1.0388105        0.9985839
     10.5376004        1.0243337        0.9979966
     10.6030513        0.9835688        0.9973973
     10.6685023        0.9606242        0.9968523
     10.7339532        0.9639484        0.9964170
     10.7994041        1.0085514        0.9961255

 Total S(Q)'s: Comparison with input data

   611  2 are NQ and NPAR

       Q      S(Q)_RMC  S(Q)_Expt
      0.4682470      0.2058513      0.2077988
      0.4982822      0.2198690      0.2271120
      0.5283159      0.2242455      0.1999373
      0.5583480      0.2201654      0.2298475
      0.5883784      0.2089769      0.2305090
      0.6184069      0.1920885      0.2565357
      0.6484336      0.1708815      0.2474724
      0.6784584      0.1466453      0.2646474
      0.7084810      0.1205386      0.2636069
      0.7385015      0.0935779      0.3029983
      0.7685198      0.0666493      0.2803935
      0.7985357      0.0405423      0.3165134
      0.8285491      0.0159946      0.3242744
      0.8585601     -0.0062563      0.3528387
      0.8885684     -0.0254260      0.3401115
      0.9185740     -0.0406465      0.3830234
      0.9485769     -0.0509480      0.3893421
      0.9785768     -0.0552625      0.4382564
      1.0085738     -0.0524528      0.4118919
      1.0385677     -0.0413652      0.4648711
      1.0685584     -0.0209023      0.4868638
      1.0985458      0.0098882      0.5442779
      1.1285300      0.0517180      0.5432138
      1.1585106      0.1049649      0.6115161
      1.1884878      0.1695893      0.6502125
      1.2184613      0.2450713      0.7342055
      1.2484312      0.3303745      0.7438206
      1.2783972      0.4239429      0.8198889
      1.3083593      0.5237327      0.8923436
      1.3383174      0.6272797      0.9986290
      1.3682715      0.7317996      1.0154129
      1.3982214      0.8343142      1.1345052
      1.4281670      0.9317967      1.1952611
      1.4581083      1.0213265      1.2765756
      1.4880452      1.1002416      1.2583090
      1.5179775      1.1662792      1.3187903
      1.5479052      1.2176953      1.3185571
      1.5778281      1.2533531      1.3357947
      1.6077463      1.2727764      1.2915394
      1.6376596      1.2761640      1.2788005
      1.6675679      1.2643647      1.2367185
      1.6974711      1.2388155      1.2087317
      1.7273691      1.2014478      1.1295654
      1.7572618      1.1545700      1.1126714
      1.7871493      1.1007333      1.0785231
      1.8170312      1.0425920      1.0634851
      1.8469077      0.9827665      0.9789252
      1.8767785      0.9237179      0.9419524
      1.9066436      0.8676424      0.9070040
      1.9365029      0.8163895      0.9084775
      1.9663562      0.7714084      0.8360757
      1.9962036      0.7337231      0.8344206
      2.0260449      0.7039353      0.8139095
      2.0558801      0.6822508      0.8122972
      2.0857090      0.6685266      0.7600058
      2.1155315      0.6623309      0.7759056
      2.1453476      0.6630108      0.7596567
      2.1751571      0.6697617      0.7815941
      2.2049601      0.6816927      0.7273933
      2.2347563      0.6978831      0.7465106
      2.2645457      0.7174277      0.7472951
      2.2943282      0.7394686      0.7775821
      2.3241037      0.7632145      0.7319369
      2.3538721      0.7879471      0.7609251
      2.3836334      0.8130186      0.7546690
      2.4133874      0.8378419      0.7935739
      2.4431340      0.8618783      0.7408128
      2.4728732      0.8846245      0.7779927
      2.5026049      0.9056032      0.7941686
      2.5323289      0.9243585      0.8294398
      2.5620453      0.9404577      0.7882798
      2.5917538      0.9534995      0.8429276
      2.6214544      0.9631284      0.8262057
      2.6511471      0.9690525      0.8698095
      2.6808317      0.9710643      0.8159758
      2.7105081      0.9690599      0.8431003
      2.7401762      0.9630554      0.8216031
      2.7698360      0.9531975      0.8492129
      2.7994874      0.9397669      0.7853049
      2.8291302      0.9231725      0.8107665
      2.8587645      0.9039376      0.7956234
      2.8883900      0.8826769      0.8172699
      2.9180067      0.8600678      0.7497847
      2.9476145      0.8368166      0.7684031
      2.9772134      0.8136225      0.7532565
      3.0068031      0.7911428      0.7831777
      3.0363838      0.7699618      0.7247468
      3.0659551      0.7505650      0.7424671
      3.0955172      0.7333217      0.7324139
      3.1250698      0.7184765      0.7548449
      3.1546128      0.7061496      0.6944434
      3.1841463      0.6963467      0.7490457
      3.2136701      0.6889756      0.7273784
      3.2431841      0.6838689      0.7584574
      3.2726882      0.6808102      0.7123848
      3.3021823      0.6795608      0.7455926
      3.3316664      0.6798855      0.7366845
      3.3611403      0.6815744      0.7711888
      3.3906040      0.6844595      0.7304165
      3.4200574      0.6884251      0.7601068
      3.4495003      0.6934116      0.7670137
      3.4789327      0.6994127      0.7887449
      3.5083546      0.7064671      0.7636740
      3.5377657      0.7146465      0.7908278
      3.5671661      0.7240405      0.8012965
      3.5965556      0.7347416      0.8354474
      3.6259341      0.7468311      0.8125319
      3.6553016      0.7603678      0.8381429
      3.6846580      0.7753802      0.8531816
      3.7140032      0.7918637      0.8943623
      3.7433370      0.8097815      0.8597129
      3.7726594      0.8290701      0.9181836
      3.8019704      0.8496470      0.9130229
      3.8312697      0.8714214      0.9651177
      3.8605574      0.8943035      0.9275593
      3.8898333      0.9182145      0.9847655
      3.9190974      0.9430920      0.9955053
      3.9483496      0.9688941      1.0552443
      3.9775897      0.9955977      1.0206638
      4.0068177      1.0231934      1.0818904
      4.0360334      1.0516770      1.1020108
      4.0652369      1.0810374      1.1614346
      4.0944281      1.1112435      1.1168939
      4.1236067      1.1422308      1.1832290
      4.1527728      1.1738892      1.2055746
      4.1819262      1.2060544      1.2414010
      4.2110669      1.2385027      1.2215499
      4.2401947      1.2709512      1.2839307
      4.2693097      1.3030634      1.3309875
      4.2984116      1.3344601      1.3949996
      4.3275005      1.3647343      1.3686860
      4.3565761      1.3934700      1.4282211
      4.3856385      1.4202626      1.4364003
      4.4146876      1.4447395      1.4812994
      4.4437232      1.4665792      1.4594988
      4.4727452      1.4855262      1.5009093
      4.5017536      1.5014024      1.5025782
      4.5307483      1.5141118      1.5516118
      4.5597293      1.5236394      1.4833252
      4.5886963      1.5300441      1.5373560
      4.6176493      1.5334456      1.5315077
      4.6465883      1.5340085      1.5751113
      4.6755131      1.5319218      1.5102587
      4.7044237      1.5273795      1.5496000
      4.7333199      1.5205608      1.5358035
      4.7622018      1.5116145      1.5745380
      4.7910691      1.5006472      1.5004836
      4.8199218      1.4877169      1.5160782
      4.8487599      1.4728340      1.5191082
      4.8775831      1.4559672      1.5461030
      4.9063916      1.4370565      1.4475589
      4.9351850      1.4160298      1.4664399
      4.9639635      1.3928234      1.4377283
      4.9927268      1.3674033      1.4581343
      5.0214749      1.3397855      1.3604107
      5.0502077      1.3100545      1.3697796
      5.0789252      1.2783763      1.3141227
      5.1076271      1.2450056      1.2908323
      5.1363135      1.2102866      1.2011923
      5.1649843      1.1746466      1.2021215
      5.1936393      1.1385815      1.1570817
      5.2222785      1.1026370      1.1496027
      5.2509018      1.0673840      1.0809341
      5.2795091      1.0333906      1.0625072
      5.3081003      1.0011950      1.0164037
      5.3366753      0.9712776      1.0118871
      5.3652341      0.9440373      0.9438641
      5.3937766      0.9197730      0.9305984
      5.4223026      0.8986707      0.9112271
      5.4508121      0.8807981      0.9127001
      5.4793050      0.8661067      0.8375091
      5.5077812      0.8544409      0.8561141
      5.5362406      0.8455533      0.8300860
      5.5646832      0.8391250      0.8474997
      5.5931088      0.8347892      0.7790392
      5.6215173      0.8321565      0.8118337
      5.6499088      0.8308392      0.7806676
      5.6782830      0.8304742      0.8133906
      5.7066400      0.8307409      0.7555811
      5.7349795      0.8313758      0.7917284
      5.7633016      0.8321800      0.7855322
      5.7916061      0.8330219      0.8093093
      5.8198930      0.8338337      0.7558034
      5.8481622      0.8346034      0.7903458
      5.8764135      0.8353630      0.7717963
      5.9046470      0.8361743      0.8082554
      5.9328624      0.8371133      0.7593839
      5.9610598      0.8382561      0.7796401
      5.9892391      0.8396653      0.7800547
      6.0174000      0.8413804      0.8167204
      6.0455427      0.8434111      0.7715835
      6.0736669      0.8457354      0.8043355
      6.1017727      0.8483011      0.7999956
      6.1298598      0.8510308      0.8243273
      6.1579283      0.8538309      0.7883084
      6.1859780      0.8566011      0.8103892
      6.2140089      0.8592462      0.7991596
      6.2420208      0.8616862      0.8318845
      6.2700138      0.8638664      0.7818216
      6.2979876      0.8657642      0.8166737
      6.3259422      0.8673936      0.8091770
      6.3538776      0.8688055      0.8465817
      6.3817936      0.8700859      0.7922560
      6.4096902      0.8713496      0.8253628
      6.4375673      0.8727324      0.8139798
      6.4654247      0.8743803      0.8466621
      6.4932625      0.8764391      0.7946021
      6.5210805      0.8790432      0.8208288
      6.5488786      0.8823055      0.8225073
      6.5766567      0.8863092      0.8457956
      6.6044148      0.8911028      0.8081858
      6.6321529      0.8966966      0.8446045
      6.6598707      0.9030640      0.8486867
      6.6875682      0.9101442      0.8868101
      6.7152453      0.9178483      0.8481523
      6.7429020      0.9260675      0.8936918
      6.7705382      0.9346816      0.8835210
      6.7981537      0.9435687      0.9299052
      6.8257485      0.9526140      0.8970225
      6.8533225      0.9617172      0.9418182
      6.8808757      0.9707983      0.9284377
      6.9084079      0.9798007      0.9699719
      6.9359190      0.9886917      0.9362651
      6.9634090      0.9974612      0.9867725
      6.9908778      1.0061167      0.9927209
      7.0183253      1.0146781      1.0234146
      7.0457515      1.0231700      1.0020005
      7.0731561      1.0316145      1.0320274
      7.1005393      1.0400235      1.0469580
      7.1279008      1.0483930      1.0806872
      7.1552405      1.0566985      1.0612949
      7.1825585      1.0648921      1.1021325
      7.2098546      1.0729031      1.0931564
      7.2371288      1.0806402      1.1317198
      7.2643809      1.0879962      1.0969701
      7.2916108      1.0948543      1.1391946
      7.3188186      1.1010966      1.1368784
      7.3460040      1.1066120      1.1676400
      7.3731671      1.1113052      1.1386115
      7.4003078      1.1151039      1.1686064
      7.4274258      1.1179653      1.1607236
      7.4545213      1.1198804      1.1938900
      7.4815940      1.1208758      1.1469316
      7.5086440      1.1210130      1.1715742
      7.5356711      1.1203851      1.1716972
      7.5626752      1.1191119      1.1932501
      7.5896563      1.1173322      1.1629149
      7.6166143      1.1151954      1.1724599
      7.6435491      1.1128524      1.1765743
      7.6704605      1.1104467      1.1856788
      7.6973487      1.1081060      1.1257355
      7.7242133      1.1059353      1.1586360
      7.7510545      1.1040119      1.1394201
      7.7778720      1.1023828      1.1658132
      7.8046659      1.1010637      1.1087555
      7.8314359      1.1000416      1.1391307
      7.8581822      1.0992779      1.1294155
      7.8849044      1.0987147      1.1506460
      7.9116027      1.0982808      1.0988124
      7.9382768      1.0979000      1.1341934
      7.9649268      1.0974975      1.1333890
      7.9915525      1.0970074      1.1510217
      8.0181539      1.0963775      1.1033276
      8.0447308      1.0955738      1.1280535
      8.0712833      1.0945826      1.1212458
      8.0978111      1.0934104      1.1424762
      8.1243143      1.0920824      1.0971167
      8.1507928      1.0906390      1.1240392
      8.1772464      1.0891312      1.1192622
      8.2036751      1.0876148      1.1429659
      8.2300788      1.0861450      1.0997263
      8.2564574      1.0847698      1.1217729
      8.2828109      1.0835257      1.1133024
      8.3091392      1.0824332      1.1373785
      8.3354421      1.0814947      1.0861938
      8.3617197      1.0806936      1.1217421
      8.3879717      1.0799949      1.1146505
      8.4141983      1.0793484      1.1414051
      8.4403992      1.0786919      1.0990696
      8.4665744      1.0779570      1.1197346
      8.4927238      1.0770743      1.1164224
      8.5188473      1.0759793      1.1450112
      8.5449449      1.0746179      1.0949807
      8.5710164      1.0729514      1.1239901
      8.5970619      1.0709596      1.1130950
      8.6230811      1.0686432      1.1433015
      8.6490741      1.0660238      1.0928001
      8.6750407      1.0631430      1.1083708
      8.7009810      1.0600593      1.0973715
      8.7268947      1.0568439      1.1119729
      8.7527818      1.0535756      1.0740829
      8.7786422      1.0503346      1.0972589
      8.8044760      1.0471971      1.0897339
      8.8302829      1.0442292      1.1069827
      8.8560629      1.0414820      1.0533714
      8.8818159      1.0389884      1.0795645
      8.9075419      1.0367604      1.0600021
      8.9332407      1.0347890      1.0827045
      8.9589123      1.0330447      1.0252971
      8.9845567      1.0314805      1.0586024
      9.0101736      1.0300360      1.0437791
      9.0357631      1.0286424      1.0629044
      9.0613251      1.0272281      1.0040425
      9.0868595      1.0257252      1.0420848
      9.1123662      1.0240748      1.0195197
      9.1378452      1.0222322      1.0314713
      9.1632963      1.0201710      0.9870687
      9.1887195      1.0178857      1.0029759
      9.2141147      1.0153927      0.9916910
      9.2394819      1.0127300      1.0053060
      9.2648209      1.0099544      0.9493458
      9.2901317      1.0071383      0.9755755
      9.3154141      1.0043646      0.9624711
      9.3406683      1.0017213      0.9832615
      9.3658939      0.9992949      0.9309610
      9.3910910      0.9971647      0.9484010
      9.4162595      0.9953969      0.9360735
      9.4413994      0.9940402      0.9522356
      9.4665104      0.9931221      0.8994818
      9.4915927      0.9926467      0.9233140
      9.5166460      0.9925946      0.9087307
      9.5416703      0.9929240      0.9367741
      9.5666656      0.9935732      0.8876348
      9.5916317      0.9944652      0.9125586
      9.6165686      0.9955124      0.8965974
      9.6414762      0.9966229      0.9230632
      9.6663545      0.9977062      0.8714014
      9.6912033      0.9986795      0.8967859
      9.7160225      0.9994730      0.8893871
      9.7408122      1.0000344      0.9214249
      9.7655722      1.0003322      0.8755735
      9.7903025      1.0003573      0.8937061
      9.8150029      1.0001233      0.8824248
      9.8396735      0.9996652      0.9142871
      9.8643140      0.9990366      0.8662962
      9.8889245      0.9983056      0.8918010
      9.9135049      0.9975497      0.8883861
      9.9380551      0.9968504      0.9065040
      9.9625751      0.9962872      0.8730466
      9.9870646      0.9959320      0.8943250
     10.0115238      0.9958440      0.8877010
     10.0359524      0.9960656      0.9196555
     10.0603505      0.9966194      0.8748684
     10.0847180      0.9975066      0.9030995
     10.1090547      0.9987071      0.8945450
     10.1333606      1.0001802      0.9251539
     10.1576357      1.0018681      0.8863267
     10.1818798      1.0036991      0.9093806
     10.2060929      1.0055927      0.9057577
     10.2302749      1.0074651      0.9287798
     10.2544257      1.0092339      0.8970525
     10.2785453      1.0108245      0.9251289
     10.3026336      1.0121740      0.9168794
     10.3266906      1.0132360      0.9318623
     10.3507160      1.0139827      0.9025320
     10.3747099      1.0144072      0.9272589
     10.3986723      1.0145235      0.9148892
     10.4226029      1.0143650      0.9531408
     10.4465018      1.0139830      0.9069573
     10.4703689      1.0134422      0.9359277
     10.4942041      1.0128172      0.9343425
     10.5180073      1.0121871      0.9610470
     10.5417785      1.0116301      0.9144871
     10.5655175      1.0112190      0.9519134
     10.5892244      1.0110162      0.9461973
     10.6128990      1.0110696      0.9672946
     10.6365413      1.0114099      0.9320568
     10.6601512      1.0120485      0.9575107
     10.6837286      1.0129771      0.9549118
     10.7072735      1.0141682      0.9858723
     10.7307858      1.0155773      0.9460034
     10.7542654      1.0171456      0.9759839
     10.7777122      1.0188039      0.9700277
     10.8011262      1.0204773      0.9926351
     10.8245072      1.0220897      0.9576810
     10.8478553      1.0235691      0.9874100
     10.8711704      1.0248518      0.9773301
     10.8944524      1.0258866      1.0209011
     10.9177011      1.0266380      0.9801715
     10.9409166      1.0270885      1.0096838
     10.9640988      1.0272393      1.0044908
     10.9872476      1.0271107      1.0361368
     11.0103629      1.0267405      0.9995527
     11.0334447      1.0261817      1.0319726
     11.0564928      1.0254992      1.0268660
     11.0795073      1.0247660      1.0550939
     11.1024880      1.0240584      1.0202904
     11.1254349      1.0234515      1.0409754
     11.1483479      1.0230148      1.0487854
     11.1712270      1.0228078      1.0844161
     11.1940720      1.0228763      1.0349230
     11.2168830      1.0232502      1.0779500
     11.2396597      1.0239409      1.0688037
     11.2624023      1.0249414      1.1009084
     11.2851105      1.0262263      1.0588998
     11.3077843      1.0277532      1.0951377
     11.3304237      1.0294655      1.0863926
     11.3530286      1.0312956      1.1132413
     11.3755989      1.0331685      1.0740400
     11.3981345      1.0350065      1.1068919
     11.4206355      1.0367333      1.1028704
     11.4431016      1.0382788      1.1344684
     11.4655329      1.0395824      1.0946695
     11.4879292      1.0405968      1.1251586
     11.5102906      1.0412904      1.1141608
     11.5326169      1.0416490      1.1437423
     11.5549080      1.0416765      1.1015271
     11.5771640      1.0413944      1.1258615
     11.5993847      1.0408406      1.1312844
     11.6215701      1.0400671      1.1561584
     11.6437200      1.0391368      1.1264497
     11.6658345      1.0381200      1.1428835
     11.6879135      1.0370907      1.1271588
     11.7099568      1.0361220      1.1604357
     11.7319645      1.0352822      1.1132708
     11.7539365      1.0346312      1.1345695
     11.7758726      1.0342171      1.1245742
     11.7977729      1.0340739      1.1455939
     11.8196372      1.0342195      1.1148587
     11.8414656      1.0346548      1.1350904
     11.8632578      1.0353643      1.1265504
     11.8850139      1.0363166      1.1529580
     11.9067339      1.0374665      1.0884830
     11.9284175      1.0387577      1.1251038
     11.9500648      1.0401257      1.1154429
     11.9716757      1.0415018      1.1410577
     11.9932502      1.0428165      1.0773373
     12.0147881      1.0440039      1.1098128
     12.0362894      1.0450045      1.0960678
     12.0577540      1.0457689      1.1232744
     12.0791820      1.0462606      1.0751669
     12.1005731      1.0464575      1.0935382
     12.1219273      1.0463533      1.0860168
     12.1432447      1.0459576      1.1054872
     12.1645250      1.0452956      1.0545239
     12.1857683      1.0444066      1.0755529
     12.2069745      1.0433418      1.0633309
     12.2281434      1.0421618      1.0967333
     12.2492752      1.0409331      1.0287851
     12.2703696      1.0397247      1.0593184
     12.2914266      1.0386047      1.0344375
     12.3124462      1.0376365      1.0668558
     12.3334283      1.0368756      1.0194668
     12.3543729      1.0363666      1.0413947
     12.3752798      1.0361412      1.0220082
     12.3961490      1.0362161      1.0461461
     12.4169804      1.0365925      1.0040548
     12.4377740      1.0372559      1.0188141
     12.4585297      1.0381764      1.0160719
     12.4792475      1.0393108      1.0268725
     12.4999273      1.0406042      0.9869754
     12.5205689      1.0419928      1.0081038
     12.5411725      1.0434071      0.9990972
     12.5617378      1.0447750      1.0153613
     12.5822649      1.0460256      0.9610317
     12.6027536      1.0470924      0.9884075
     12.6232040      1.0479165      0.9729133
     12.6436159      1.0484496      0.9953950
     12.6639893      1.0486561      0.9587060
     12.6843241      1.0485149      0.9733100
     12.7046203      1.0480203      0.9575059
     12.7248777      1.0471826      0.9832109
     12.7450964      1.0460272      0.9370641
     12.7652763      1.0445939      0.9595387
     12.7854173      1.0429347      0.9478745
     12.8055194      1.0411118      0.9668291
     12.8255824      1.0391945      0.9395642
     12.8456064      1.0372563      0.9422727
     12.8655912      1.0353714      0.9418061
     12.8855369      1.0336116      0.9704281
     12.9054433      1.0320430      0.9299124
     12.9253104      1.0307231      0.9520727
     12.9451381      1.0296985      0.9272463
     12.9649264      1.0290023      0.9424247
     12.9846752      1.0286536      0.9140179
     13.0043844      1.0286560      0.9335518
     13.0240541      1.0289978      0.9200856
     13.0436840      1.0296525      0.9444774
     13.0632742      1.0305801      0.9106600
     13.0828247      1.0317287      0.9228750
     13.1023352      1.0330371      0.9220535
     13.1218059      1.0344372      0.9239801
     13.1412366      1.0358570      0.9026569
     13.1606273      1.0372237      0.9194077
     13.1799778      1.0384668      0.9138904
     13.1992882      1.0395210      0.9291716
     13.2185585      1.0403290      0.9018833
     13.2377884      1.0408439      0.9128383
     13.2569780      1.0410310      0.9152417
     13.2761273      1.0408692      0.9397104
     13.2952361      1.0403518      0.9026169
     13.3143044      1.0394869      0.9099367
     13.3333321      1.0382965      0.9082638
     13.3523192      1.0368163      0.9320708
     13.3712657      1.0350933      0.8942827
     13.3901714      1.0331846      0.9090158
     13.4090364      1.0311546      0.9057602
     13.4278604      1.0290722      0.9319192
     13.4466436      1.0270085      0.8834182
     13.4653858      1.0250338      0.9076445
     13.4840871      1.0232145      0.9078576
     13.5027472      1.0216106      0.9315511
     13.5213662      1.0202736      0.8920059
     13.5399440      1.0192441      0.9148772
     13.5584806      1.0185507      0.9102984
     13.5769758      1.0182084      0.9301520
     13.5954297      1.0182187      0.8835772
     13.6138422      1.0185689      0.9119026
     13.6322132      1.0192333      0.9116708
     13.6505427      1.0201738      0.9437406
     13.6688306      1.0213416      0.8963849
     13.6870769      1.0226791      0.9349939
     13.7052815      1.0241222      0.9143259
     13.7234443      1.0256025      0.9431674
     13.7415654      1.0270503      0.9022791
     13.7596445      1.0283971      0.9195975
     13.7776818      1.0295779      0.9268100
     13.7956771      1.0305341      0.9524244
     13.8136303      1.0312155      0.9079933
     13.8315415      1.0315821      0.9406395
     13.8494106      1.0316056      0.9315903
     13.8672374      1.0312707      0.9599240
     13.8850221      1.0305752      0.9125359
     13.9027644      1.0295308      0.9402451
     13.9204644      1.0281618      0.9401231
     13.9381219      1.0265052      0.9727534
     13.9557370      1.0246087      0.9214117
     13.9733096      1.0225294      0.9445990
     13.9908397      1.0203317      0.9434129
     14.0083271      1.0180849      0.9751591
     14.0257718      1.0158611      0.9358401
     14.0431739      1.0137327      0.9679596
     14.0605331      1.0117694      0.9554686
     14.0778495      1.0100364      0.9785371
     14.0951231      1.0085918      0.9281773
     14.1123536      1.0074848      0.9681724
     14.1295412      1.0067538      0.9632543
     14.1466858      1.0064252      0.9904629
     14.1637873      1.0065123      0.9435705
     14.1808456      1.0070151      0.9698750
     14.1978607      1.0079197      0.9657130
     14.2148326      1.0091994      0.9996588
     14.2317612      1.0108146      0.9463237
     14.2486464      1.0127148      0.9744537
     14.2654882      1.0148396      0.9730957
     14.2822866      1.0171209      0.9911868
     14.2990415      1.0194848      0.9632118
     14.3157528      1.0218539      0.9766910
     14.3324204      1.0241496      0.9822402
     14.3490445      1.0262948      1.0084165
     14.3656248      1.0282161      0.9750472
     14.3821614      1.0298461      0.9902348
     14.3986541      1.0311254      0.9817262
     14.4151030      1.0320047      1.0158417
     14.4315080      1.0324463      0.9558486
     14.4478690      1.0324252      0.9862701
     14.4641860      1.0319300      0.9816447
     14.4804590      1.0309636      1.0142407
     14.4966878      1.0295433      0.9601065
     14.5128725      1.0277002      1.0003280
     14.5290130      1.0254786      0.9882040
     14.5451092      1.0229351      1.0138767
     14.5611611      1.0201374      0.9616819
     14.5771686      1.0171618      0.9972458
     14.5931318      1.0140923      0.9915339
     14.6090505      1.0110176      1.0310695
     14.6249247      1.0080295      0.9728348
     14.6407543      1.0052201      0.9948137
     14.6565394      1.0026797      0.9940315
     14.6722798      1.0004944      1.0275273
     14.6879755      0.9987439      0.9654386
     14.7036264      0.9974995      1.0093043
     14.7192326      0.9968223      1.0003102
     14.7347939      0.9967613      1.0246455
     14.7503104      0.9973527      0.9645569
     14.7657819      0.9986183      1.0063801
     14.7812084      1.0005653      1.0000633
     14.7965899      1.0031856      1.0233604
     14.8119264      1.0064564      0.9772080
     14.8272177      1.0103399      0.9991486
     14.8424639      1.0147845      1.0003800
     14.8576648      1.0197257      1.0330353
     14.8728205      1.0250873      0.9679322
     14.8879309      1.0307832      1.0084296
     14.9029959      1.0367188      0.9911637
     14.9180155      1.0427933      1.0330779
     14.9329897      1.0489013      0.9774007
     14.9479184      1.0549354      1.0047920
     14.9628016      1.0607879      0.9991079
     14.9776391      1.0663532      1.0347524
     14.9924311      1.0715300      0.9715506
     15.0071774      1.0762227      1.0205954
     15.0218780      1.0803436      1.0039111
     15.0365328      1.0838145      1.0217448
     15.0511418      1.0865683      0.9832891
     15.0657049      1.0885496      1.0136528
     15.0802222      1.0897161      0.9971735
     15.0946935      1.0900393      1.0218580
     15.1091189      1.0895046      0.9728030
     15.1234982      1.0881118      1.0024691
     15.1378315      1.0858744      0.9920856
     15.1521186      1.0828199      1.0084422
     15.1663596      1.0789886      0.9710480
     15.1805544      1.0744329      0.9897689
     15.1947030      1.0692166      0.9814171
     15.2088052      1.0634130      1.0085216
     15.2228612      1.0571040      0.9712502
     15.2368707      1.0503785      0.9920745
     15.2508339      1.0433305      0.9922244
     15.2647506      1.0360581      1.0044081
     15.2786207      1.0286612      0.9905568
