 Results from RMCProfile version 6.7.9.5

 (Version 6f format configuration file)                                          

 2 experiments   3 partials

 Partial g(r)'s are printed out below

    99  3 are NR and NPAR

   r (Ang)
   0.06545     0.00000     0.00000     0.00000
   0.13090     0.00000     0.00000     0.00000
   0.19635     0.00000     0.00000     0.00000
   0.26180     0.00000     0.00000     0.00000
   0.32725     0.00000     0.00000     0.00000
   0.39271     0.00000     0.00000     0.00000
   0.45816     0.00000     0.00000     0.00000
   0.52361     0.00000     0.00000     0.00000
   0.58906     0.00000     0.00000     0.00000
   0.65451     0.00000     0.00000     0.00000
   0.71996     0.00000     0.00000     0.00000
   0.78541     0.00000     0.00000     0.00000
   0.85086     0.00000     0.00000     0.00000
   0.91631     0.00000     0.00000     0.00000
   0.98176     0.00000     0.00000     0.00000
   1.04721     0.00000     0.00000     0.00000
   1.11267     0.00000     0.00000     0.00000
   1.17812     0.00000     0.00000     0.00000
   1.24357     0.00000     0.19707     0.00000
   1.30902     0.00000     0.88928     0.00000
   1.37447     0.00000     1.61324     0.00000
   1.43992     0.00000     2.49890     0.00000
   1.50537     0.00000     3.22780     0.00000
   1.57082     0.00000     3.82910     0.00000
   1.63627     0.00000     4.21195     0.00000
   1.70172     0.42100     4.42048     0.10525
   1.76718     0.00000     4.68472     0.00000
   1.83263     0.00000     3.99310     0.00000
   1.89808     0.00000     3.13028     0.08460
   1.96353     0.00000     1.81830     0.15811
   2.02898     0.00000     0.59231     0.07404
   2.09443     0.00000     0.00000     0.06948
   2.15988     0.00000     0.06534     0.00000
   2.22533     0.00000     0.00000     0.00000
   2.29078     0.00000     0.05808     0.00000
   2.35623     0.00000     0.00000     1.42745
   2.42168     0.00000     0.00000     1.03949
   2.48714     0.00000     0.00000     1.18260
   2.55259     0.00000     0.00000     1.59054
   2.61804     0.00000     0.04447     2.22355
   2.68349     0.00000     0.12698     2.87832
   2.74894     0.16135     0.12101     2.94458
   2.81439     0.15393     0.26938     2.53985
   2.87984     0.14701     0.66156     2.16844
   2.94529     0.28110     0.70276     2.45966
   3.01074     6.32186     0.20176     0.47078
   3.07619     4.89611     0.54759     0.80528
   3.14164     3.45891     0.58678     1.14268
   3.20710     1.18542     1.03724     0.91870
   3.27255     0.79694     0.91078     0.93925
   3.33800     0.87542     0.79335     0.98485
   3.40345     0.73681     0.78944     1.10522
   3.46890     0.20265     0.63328     1.77318
   3.53435     0.48803     1.31769     0.41483
   3.59980     0.56454     1.15260     0.28227
   3.66525     0.63532     0.97567     0.24959
   3.73070     0.43802     0.89793     0.52562
   3.79615     0.25382     1.14221     0.48650
   3.86161     0.32706     1.36956     0.67456
   3.92706     0.63250     1.44288     0.53367
   3.99251     0.91789     1.28122     0.61193
   4.05796     0.74044     1.09214     0.72192
   4.12341     0.64540     1.21910     0.73504
   4.18886     0.62539     1.30290     0.86860
   4.25431     1.07787     1.59996     0.92629
   4.31976     1.17613     1.68252     0.93110
   4.38521     0.88767     1.79119     0.72916
   4.45066     1.04641     1.41574     0.93869
   4.51611     1.19565     1.36005     0.62772
   4.58157     1.74260     1.17625     0.63895
   4.64702     1.58094     1.11512     1.00220
   4.71247     1.92166     1.04319     1.04319
   4.77792     1.60232     1.06821     0.96139
   4.84337     1.29942     0.79265     1.07852
   4.90882     1.16380     0.75900     1.02465
   4.97427     1.23193     0.66524     1.20729
   5.03972     1.63219     0.85210     1.14013
   5.10517     1.12278     0.90057     1.45026
   5.17062     1.36817     0.74109     1.60760
   5.23607     1.11182     0.92281     1.56767
   5.30153     1.21468     0.71579     1.25806
   5.36698     1.18524     0.65611     1.38630
   5.43243     1.57001     0.68171     1.39442
   5.49788     1.21015     0.94795     1.37150
   5.56333     1.10305     0.98487     1.45760
   5.62878     0.84664     0.93323     1.38542
   5.69423     1.01531     0.70508     1.23154
   5.75968     0.99237     0.78103     0.96480
   5.82513     0.50306     0.91630     0.94325
   5.89058     0.98389     1.02782     0.84334
   5.95604     0.89365     1.02254     1.03113
   6.02149     0.97521     1.13494     0.76504
   6.08694     0.55945     1.04485     0.74867
   6.15239     0.38655     1.00663     0.61203
   6.21784     0.40999     1.08805     0.68594
   6.28329     0.55591     1.08094     0.74122
   6.34874     0.54451     1.15708     0.71845
   6.41419     0.29636     0.97059     0.81500
   6.47964     0.37753     0.84218     0.55177

 Partial S(Q)'s are printed out below

   611  3 are NQ and NPAR

      Q          S(Q)_1      S(Q)_2      S(Q)_3
  0.4682470    -2.4290628    -0.0313178    -1.2069376
  0.4982822    -2.1507422     0.0532712    -1.1424039
  0.5283159    -1.9263105     0.1309563    -1.0956548
  0.5583480    -1.7587561     0.2007384    -1.0670899
  0.5883784    -1.6493408     0.2618251    -1.0564945
  0.6184069    -1.5975887     0.3136463    -1.0630540
  0.6484336    -1.6013264     0.3558653    -1.0853879
  0.6784584    -1.6567720     0.3883839    -1.1216024
  0.7084810    -1.7586716     0.4113431    -1.1693597
  0.7385015    -1.9004769     0.4251173    -1.2259618
  0.7685198    -2.0745588     0.4303042    -1.2884462
  0.7985357    -2.2724514     0.4277084    -1.3536895
  0.8285491    -2.4851171     0.4183219    -1.4185162
  0.8585601    -2.7032251     0.4032984    -1.4798091
  0.8885684    -2.9174356     0.3839255    -1.5346169
  0.9185740    -3.1186802     0.3615926    -1.5802563
  0.9485769    -3.2984308     0.3377570    -1.6144043
  0.9785768    -3.4489481     0.3139078    -1.6351787
  1.0085738    -3.5635034     0.2915293    -1.6412028
  1.0385677    -3.6365673     0.2720641    -1.6316538
  1.0685584    -3.6639592     0.2568768    -1.6062915
  1.0985458    -3.6429544     0.2472194    -1.5654674
  1.1285300    -3.5723458     0.2441990    -1.5101142
  1.1585106    -3.4524589     0.2487483    -1.4417146
  1.1884878    -3.2851205     0.2616001    -1.3622518
  1.2184613    -3.0735823     0.2832658    -1.2741428
  1.2484312    -2.8224031     0.3140191    -1.1801562
  1.2783972    -2.5372923     0.3538844    -1.0833183
  1.3083593    -2.2249217     0.4026310    -0.9868089
  1.3383174    -1.8927109     0.4597727    -0.8938522
  1.3682715    -1.5485927     0.5245739    -0.8076045
  1.3982214    -1.2007676     0.5960599    -0.7310437
  1.4281670    -0.8574526     0.6730343    -0.6668635
  1.4581083    -0.5266343     0.7541002    -0.6173762
  1.4880452    -0.2158329     0.8376868    -0.5844267
  1.5179775     0.0681171     0.9220803    -0.5693216
  1.5479052     0.3192606     1.0054577    -0.5727744
  1.5778281     0.5326867     1.0859240    -0.5948702
  1.6077463     0.7046590     1.1615514    -0.6350494
  1.6376596     0.8327084     1.2304198    -0.6921129
  1.6675679     0.9156859     1.2906575    -0.7642474
  1.6974711     0.9537741     1.3404815    -0.8490700
  1.7273691     0.9484591     1.3782369    -0.9436926
  1.7572618     0.9024627     1.4024335    -1.0448020
  1.7871493     0.8196387     1.4117798    -1.1487543
  1.8170312     0.7048364     1.4052139    -1.2516809
  1.8469077     0.5637369     1.3819284    -1.3496027
  1.8767785     0.4026663     1.3413926    -1.4385488
  1.9066436     0.2283937     1.2833672    -1.5146761
  1.9365029     0.0479185     1.2079145    -1.5743865
  1.9663562    -0.1317448     1.1154027    -1.6144377
  1.9962036    -0.3037791     1.0065027    -1.6320448
  2.0260449    -0.4617662     0.8821807    -1.6249687
  2.0558801    -0.5998739     0.7436834    -1.5915894
  2.0857090    -0.7130206     0.5925178    -1.5309618
  2.1155315    -0.7970157     0.4304264    -1.4428522
  2.1453476    -0.8486689     0.2593569    -1.3277541
  2.1751571    -0.8658688     0.0814277    -1.1868839
  2.2049601    -0.8476264    -0.1011096    -1.0221548
  2.2347563    -0.7940851    -0.2859106    -0.8361321
  2.2645457    -0.7064958    -0.4705810    -0.6319688
  2.2943282    -0.5871597    -0.6527191    -0.4133254
  2.3241037    -0.4393407    -0.8299600    -0.1842747
  2.3538721    -0.2671515    -1.0000180     0.0508041
  2.3836334    -0.0754154    -1.1607276     0.2873401
  2.4133874     0.1304881    -1.3100822     0.5206903
  2.4431340     0.3447929    -1.4462692     0.7462606
  2.4728732     0.5615223    -1.5677012     0.9596249
  2.5026049     0.7746681    -1.6730429     1.1566386
  2.5323289     0.9783657    -1.7612324     1.3335444
  2.5620453     1.1670620    -1.8314972     1.4870652
  2.5917538     1.3356692    -1.8833640     1.6144845
  2.6214544     1.4797021    -1.9166633     1.7137096
  2.6511471     1.5953933    -1.9315271     1.7833175
  2.6808317     1.6797856    -1.9283810     1.8225822
  2.7105081     1.7307975    -1.9079306     1.8314826
  2.7401762     1.7472620    -1.8711424     1.8106905
  2.7698360     1.7289374    -1.8192205     1.7615415
  2.7994874     1.6764908    -1.7535774     1.6859868
  2.8291302     1.5914566    -1.6758030     1.5865304
  2.8587645     1.4761696    -1.5876292     1.4661520
  2.8883900     1.3336787    -1.4908929     1.3282189
  2.9180067     1.1676413    -1.3874981     1.1763889
  2.9476145     0.9822046    -1.2793764     1.0145082
  2.9772134     0.7818759    -1.1684488     0.8465062
  3.0068031     0.5713876    -1.0565883     0.6762909
  3.0363838     0.3555607    -0.9455843     0.5076474
  3.0659551     0.1391700    -0.8371103     0.3441430
  3.0955172    -0.0731836    -0.7326938     0.1890409
  3.1250698    -0.2771906    -0.6336914     0.0452248
  3.1546128    -0.4689376    -0.5412674    -0.0848639
  3.1841463    -0.6449958    -0.4563773    -0.1992739
  3.2136701    -0.8024918    -0.3797570    -0.2965773
  3.2431841    -0.9391585    -0.3119157    -0.3758863
  3.2726882    -1.0533665    -0.2531358    -0.4368549
  3.3021823    -1.1441345    -0.2034758    -0.4796641
  3.3316664    -1.2111206    -0.1627801    -0.5049934
  3.3611403    -1.2545945    -0.1306917    -0.5139787
  3.3906040    -1.2753930    -0.1066696    -0.5081584
  3.4200574    -1.2748607    -0.0900100    -0.4894096
  3.4495003    -1.2547783    -0.0798697    -0.4598774
  3.4789327    -1.2172814    -0.0752930    -0.4218978
  3.5083546    -1.1647733    -0.0752392    -0.3779192
  3.5377657    -1.0998337    -0.0786116    -0.3304222
  3.5671661    -1.0251280    -0.0842866    -0.2818420
  3.5965556    -0.9433186    -0.0911428    -0.2344951
  3.6259341    -0.8569821    -0.0980879    -0.1905120
  3.6553016    -0.7685338    -0.1040855    -0.1517778
  3.6846580    -0.6801633    -0.1081782    -0.1198833
  3.7140032    -0.5937802    -0.1095086    -0.0960858
  3.7433370    -0.5109744    -0.1073370    -0.0812817
  3.7726594    -0.4329883    -0.1010558    -0.0759921
  3.8019704    -0.3607046    -0.0901999    -0.0803589
  3.8312697    -0.2946461    -0.0744532    -0.0941542
  3.8605574    -0.2349900    -0.0536515    -0.1167997
  3.8898333    -0.1815928    -0.0277814    -0.1473970
  3.9190974    -0.1340262     0.0030244    -0.1847666
  3.9483496    -0.0916221     0.0384951    -0.2274943
  3.9775897    -0.0535231     0.0782332    -0.2739837
  4.0068177    -0.0187389     0.1217283    -0.3225123
  4.0360334     0.0137959     0.1683734    -0.3712902
  4.0652369     0.0451636     0.2174823    -0.4185188
  4.0944281     0.0764070     0.2683094    -0.4624486
  4.1236067     0.1084775     0.3200694    -0.5014334
  4.1527728     0.1421883     0.3719572    -0.5339796
  4.1819262     0.1781756     0.4231678    -0.5587901
  4.2110669     0.2168678     0.4729153    -0.5748006
  4.2401947     0.2584643     0.5204508    -0.5812076
  4.2693097     0.3029241     0.5650780    -0.5774885
  4.2984116     0.3499646     0.6061680    -0.5634118
  4.3275005     0.3990699     0.6431706    -0.5390389
  4.3565761     0.4495087     0.6756238    -0.5047169
  4.3856385     0.5003605     0.7031610    -0.4610631
  4.4146876     0.5505488     0.7255146    -0.4089417
  4.4437232     0.5988810     0.7425179    -0.3494345
  4.4727452     0.6440914     0.7541040    -0.2838055
  4.5017536     0.6848884     0.7603022    -0.2134611
  4.5307483     0.7200015     0.7612327    -0.1399082
  4.5597293     0.7482285     0.7570988    -0.0647092
  4.5886963     0.7684798     0.7481777     0.0105617
  4.6176493     0.7798188     0.7348102     0.0843621
  4.6465883     0.7814981     0.7173891     0.1552224
  4.6755131     0.7729881     0.6963472     0.2217834
  4.7044237     0.7539988     0.6721449     0.2828295
  4.7333199     0.7244940     0.6452583     0.3373164
  4.7622018     0.6846967     0.6161670     0.3843933
  4.7910691     0.6350868     0.5853436     0.4234186
  4.8199218     0.5763896     0.5532431     0.4539690
  4.8487599     0.5095575     0.5202945     0.4758421
  4.8775831     0.4357446     0.4868935     0.4890527
  4.9063916     0.3562745     0.4533959     0.4938231
  4.9351850     0.2726043     0.4201143     0.4905678
  4.9639635     0.1862837     0.3873143     0.4798734
  4.9927268     0.0989128     0.3552143     0.4624747
  5.0214749     0.0120981     0.3239854     0.4392272
  5.0502077    -0.0725904     0.2937529     0.4110781
  5.0789252    -0.1536611     0.2646002     0.3790351
  5.1076271    -0.2297388     0.2365717     0.3441360
  5.1363135    -0.2995989     0.2096787     0.3074182
  5.1649843    -0.3621968     0.1839043     0.2698897
  5.1936393    -0.4166908     0.1592095     0.2325033
  5.2222785    -0.4624586     0.1355391     0.1961325
  5.2509018    -0.4991075     0.1128281     0.1615517
  5.2795091    -0.5264764     0.0910070     0.1294207
  5.3081003    -0.5446322     0.0700072     0.1002723
  5.3366753    -0.5538585     0.0497659     0.0745059
  5.3652341    -0.5546392     0.0302294     0.0523838
  5.3937766    -0.5476359     0.0113566     0.0340330
  5.4223026    -0.5336611    -0.0068788     0.0194506
  5.4508121    -0.5136478    -0.0244878     0.0085129
  5.4793050    -0.4886167    -0.0414654     0.0009875
  5.5077812    -0.4596416    -0.0577913    -0.0034517
  5.5362406    -0.4278152    -0.0734320    -0.0052078
  5.5646832    -0.3942146    -0.0883423    -0.0047421
  5.5931088    -0.3598699    -0.1024690    -0.0025556
  5.6215173    -0.3257345    -0.1157537     0.0008306
  5.6499088    -0.2926598    -0.1281368     0.0048941
  5.6782830    -0.2613737    -0.1395614     0.0091285
  5.7066400    -0.2324644    -0.1499767     0.0130599
  5.7349795    -0.2063686    -0.1593422     0.0162611
  5.7633016    -0.1833663    -0.1676307     0.0183629
  5.7916061    -0.1635798    -0.1748310     0.0190639
  5.8198930    -0.1469786    -0.1809506     0.0181368
  5.8481622    -0.1333894    -0.1860167     0.0154319
  5.8764135    -0.1225098    -0.1900776     0.0108783
  5.9046470    -0.1139264    -0.1932023     0.0044820
  5.9328624    -0.1071359    -0.1954797    -0.0036783
  5.9610598    -0.1015685    -0.1970174    -0.0134578
  5.9892391    -0.0966128    -0.1979388    -0.0246534
  6.0174000    -0.0916411    -0.1983805    -0.0370140
  6.0455427    -0.0860353    -0.1984886    -0.0502513
  6.0736669    -0.0792106    -0.1984142    -0.0640510
  6.1017727    -0.0706384    -0.1983097    -0.0780850
  6.1298598    -0.0598658    -0.1983237    -0.0920230
  6.1579283    -0.0465332    -0.1985961    -0.1055434
  6.1859780    -0.0303868    -0.1992542    -0.1183441
  6.2140089    -0.0112889    -0.2004080    -0.1301510
  6.2420208     0.0107773    -0.2021461    -0.1407262
  6.2700138     0.0357063    -0.2045326    -0.1498736
  6.2979876     0.0632733    -0.2076046    -0.1574435
  6.3259422     0.0931408    -0.2113696    -0.1633351
  6.3538776     0.1248693    -0.2158048    -0.1674971
  6.3817936     0.1579309    -0.2208568    -0.1699268
  6.4096902     0.1917251    -0.2264421    -0.1706673
  6.4375673     0.2255980    -0.2324483    -0.1698036
  6.4654247     0.2588612    -0.2387370    -0.1674571
  6.4932625     0.2908132    -0.2451466    -0.1637794
  6.5210805     0.3207597    -0.2514963    -0.1589451
  6.5488786     0.3480340    -0.2575903    -0.1531445
  6.5766567     0.3720162    -0.2632232    -0.1465756
  6.6044148     0.3921505    -0.2681851    -0.1394366
  6.6321529     0.4079605    -0.2722670    -0.1319190
  6.6598707     0.4190619    -0.2752669    -0.1242004
  6.6875682     0.4251719    -0.2769948    -0.1164392
  6.7152453     0.4261164    -0.2772782    -0.1087695
  6.7429020     0.4218325    -0.2759671    -0.1012976
  6.7705382     0.4123691    -0.2729383    -0.0940994
  6.7981537     0.3978837    -0.2680991    -0.0872191
  6.8257485     0.3786359    -0.2613903    -0.0806694
  6.8533225     0.3549789    -0.2527884    -0.0744326
  6.8808757     0.3273480    -0.2423068    -0.0684632
  6.9084079     0.2962478    -0.2299963    -0.0626910
  6.9359190     0.2622368    -0.2159444    -0.0570255
  6.9634090     0.2259123    -0.2002740    -0.0513607
  6.9908778     0.1878939    -0.1831410    -0.0455809
  7.0183253     0.1488074    -0.1647310    -0.0395660
  7.0457515     0.1092686    -0.1452554    -0.0331975
  7.0731561     0.0698694    -0.1249474    -0.0263642
  7.1005393     0.0311634    -0.1040565    -0.0189676
  7.1279008    -0.0063453    -0.0828430    -0.0109266
  7.1552405    -0.0422118    -0.0615731    -0.0021823
  7.1825585    -0.0760582    -0.0405123     0.0072995
  7.2098546    -0.1075785    -0.0199207     0.0175247
  7.2371288    -0.1365413    -0.0000464     0.0284701
  7.2643809    -0.1627903     0.0188784     0.0400822
  7.2916108    -0.1862422     0.0366433     0.0522782
  7.3188186    -0.2068824     0.0530628     0.0649467
  7.3460040    -0.2247591     0.0679807     0.0779505
  7.3731671    -0.2399753     0.0812721     0.0911297
  7.4003078    -0.2526801     0.0928460     0.1043053
  7.4274258    -0.2630584     0.1026459     0.1172839
  7.4545213    -0.2713205     0.1106508     0.1298628
  7.4815940    -0.2776909     0.1168742     0.1418347
  7.5086440    -0.2823979     0.1213630     0.1529935
  7.5356711    -0.2856633     0.1241956     0.1631397
  7.5626752    -0.2876933     0.1254790     0.1720852
  7.5896563    -0.2886699     0.1253457     0.1796582
  7.6166143    -0.2887444     0.1239499     0.1857081
  7.6435491    -0.2880322     0.1214630     0.1901085
  7.6704605    -0.2866092     0.1180696     0.1927608
  7.6973487    -0.2845101     0.1139626     0.1935963
  7.7242133    -0.2817283     0.1093385     0.1925780
  7.7510545    -0.2782182     0.1043928     0.1897011
  7.7778720    -0.2738982     0.0993156     0.1849929
  7.8046659    -0.2686562     0.0942875     0.1785118
  7.8314359    -0.2623553     0.0894755     0.1703458
  7.8581822    -0.2548417     0.0850301     0.1606101
  7.8849044    -0.2459528     0.0810822     0.1494437
  7.9116027    -0.2355254     0.0777409     0.1370066
  7.9382768    -0.2234051     0.0750919     0.1234751
  7.9649268    -0.2094546     0.0731964     0.1090384
  7.9915525    -0.1935621     0.0720911     0.0938936
  8.0181539    -0.1756493     0.0717878     0.0782419
  8.0447308    -0.1556772     0.0722749     0.0622837
  8.0712833    -0.1336526     0.0735182     0.0462153
  8.0978111    -0.1096314     0.0754633     0.0302244
  8.1243143    -0.0837215     0.0780375     0.0144870
  8.1507928    -0.0560841     0.0811527    -0.0008354
  8.1772464    -0.0269325     0.0847078    -0.0155981
  8.2036751     0.0034699     0.0885928    -0.0296755
  8.2300788     0.0348133     0.0926907    -0.0429620
  8.2564574     0.0667468     0.0968819    -0.0553725
  8.2828109     0.0988857     0.1010466    -0.0668428
  8.3091392     0.1308182     0.1050680    -0.0773289
  8.3354421     0.1621152     0.1088350    -0.0868059
  8.3617197     0.1923389     0.1122450    -0.0952670
  8.3879717     0.2210532     0.1152056    -0.1027210
  8.4141983     0.2478331     0.1176368    -0.1091909
  8.4403992     0.2722752     0.1194720    -0.1147110
  8.4665744     0.2940065     0.1206595    -0.1193245
  8.4927238     0.3126937     0.1211624    -0.1230811
  8.5188473     0.3280508     0.1209594    -0.1260346
  8.5449449     0.3398463     0.1200440    -0.1282401
  8.5710164     0.3479080     0.1184239    -0.1297522
  8.5970619     0.3521281     0.1161206    -0.1306227
  8.6230811     0.3524651     0.1131671    -0.1308991
  8.6490741     0.3489450     0.1096074    -0.1306231
  8.6750407     0.3416608     0.1054939    -0.1298299
  8.7009810     0.3307706     0.1008863    -0.1285474
  8.7268947     0.3164932     0.0958490    -0.1267958
  8.7527818     0.2991039     0.0904496    -0.1245880
  8.7786422     0.2789276     0.0847566    -0.1219303
  8.8044760     0.2563319     0.0788380    -0.1188226
  8.8302829     0.2317181     0.0727592    -0.1152600
  8.8560629     0.2055129     0.0665817    -0.1112339
  8.8818159     0.1781586     0.0603616    -0.1067336
  8.9075419     0.1501037     0.0541488    -0.1017478
  8.9332407     0.1217930     0.0479862    -0.0962662
  8.9589123     0.0936586     0.0419087    -0.0902813
  8.9845567     0.0661108     0.0359435    -0.0837899
  9.0101736     0.0395301     0.0301099    -0.0767945
  9.0357631     0.0142599     0.0244197    -0.0693045
  9.0613251    -0.0093996     0.0188772    -0.0613376
  9.0868595    -0.0311966     0.0134809    -0.0529202
  9.1123662    -0.0509315     0.0082233    -0.0440880
  9.1378452    -0.0684592     0.0030929    -0.0348865
  9.1632963    -0.0836901    -0.0019252    -0.0253705
  9.1887195    -0.0965899    -0.0068478    -0.0156040
  9.2141147    -0.1071782    -0.0116925    -0.0056594
  9.2394819    -0.1155253    -0.0164763     0.0043835
  9.2648209    -0.1217485    -0.0212145     0.0144385
  9.2901317    -0.1260067    -0.0259196     0.0244148
  9.3154141    -0.1284950    -0.0306005     0.0342184
  9.3406683    -0.1294377    -0.0352610     0.0437537
  9.3658939    -0.1290817    -0.0399002     0.0529256
  9.3910910    -0.1276883    -0.0445110     0.0616413
  9.4162595    -0.1255266    -0.0490806     0.0698119
  9.4413994    -0.1228649    -0.0535901     0.0773542
  9.4665104    -0.1199646    -0.0580149     0.0841929
  9.4915927    -0.1170724    -0.0623248     0.0902612
  9.5166460    -0.1144144    -0.0664848     0.0955029
  9.5416703    -0.1121905    -0.0704557     0.0998729
  9.5666656    -0.1105698    -0.0741952     0.1033383
  9.5916317    -0.1096864    -0.0776588     0.1058789
  9.6165686    -0.1096371    -0.0808010     0.1074876
  9.6414762    -0.1104792    -0.0835763     0.1081698
  9.6663545    -0.1122299    -0.0859406     0.1079440
  9.6912033    -0.1148669    -0.0878527     0.1068405
  9.7160225    -0.1183293    -0.0892750     0.1049008
  9.7408122    -0.1225205    -0.0901747     0.1021766
  9.7655722    -0.1273108    -0.0905254     0.0987286
  9.7903025    -0.1325418    -0.0903074     0.0946248
  9.8150029    -0.1380310    -0.0895086     0.0899395
  9.8396735    -0.1435766    -0.0881253     0.0847511
  9.8643140    -0.1489636    -0.0861625     0.0791407
  9.8889245    -0.1539693    -0.0836342     0.0731905
  9.9135049    -0.1583691    -0.0805633     0.0669821
  9.9380551    -0.1619427    -0.0769813     0.0605951
  9.9625751    -0.1644799    -0.0729284     0.0541052
  9.9870646    -0.1657854    -0.0684524     0.0475837
 10.0115238    -0.1656843    -0.0636082     0.0410956
 10.0359524    -0.1640262    -0.0584570     0.0346991
 10.0603505    -0.1606895    -0.0530650     0.0284448
 10.0847180    -0.1555836    -0.0475024     0.0223755
 10.1090547    -0.1486521    -0.0418421     0.0165252
 10.1333606    -0.1398738    -0.0361584     0.0109199
 10.1576357    -0.1292633    -0.0305257     0.0055772
 10.1818798    -0.1168716    -0.0250169     0.0005071
 10.2060929    -0.1027842    -0.0197025    -0.0042879
 10.2302749    -0.0871203    -0.0146490    -0.0088115
 10.2544257    -0.0700297    -0.0099177    -0.0130733
 10.2785453    -0.0516906    -0.0055639    -0.0170873
 10.3026336    -0.0323053    -0.0016357    -0.0208713
 10.3266906    -0.0120966     0.0018269    -0.0244454
 10.3507160     0.0086967     0.0047925    -0.0278311
 10.3747099     0.0298243     0.0072385    -0.0310500
 10.3986723     0.0510293     0.0091521    -0.0341229
 10.4226029     0.0720528     0.0105298    -0.0370688
 10.4465018     0.0926389     0.0113777    -0.0399038
 10.4703689     0.1125391     0.0117109    -0.0426406
 10.4942041     0.1315169     0.0115536    -0.0452876
 10.5180073     0.1493512     0.0109379    -0.0478485
 10.5417785     0.1658406     0.0099037    -0.0503222
 10.5655175     0.1808058     0.0084975    -0.0527024
 10.5892244     0.1940927     0.0067713    -0.0549776
 10.6128990     0.2055741     0.0047820    -0.0571316
 10.6365413     0.2151514     0.0025899    -0.0591435
 10.6601512     0.2227549     0.0002577    -0.0609885
 10.6837286     0.2283448    -0.0021506    -0.0626383
 10.7072735     0.2319100    -0.0045713    -0.0640620
 10.7307858     0.2334679    -0.0069414    -0.0652270
 10.7542654     0.2330626    -0.0092004    -0.0660998
 10.7777122     0.2307634    -0.0112910    -0.0666470
 10.8011262     0.2266621    -0.0131602    -0.0668363
 10.8245072     0.2208706    -0.0147599    -0.0666375
 10.8478553     0.2135184    -0.0160481    -0.0660237
 10.8711704     0.2047488    -0.0169888    -0.0649714
 10.8944524     0.1947164    -0.0175533    -0.0634625
 10.9177011     0.1835833    -0.0177199    -0.0614839
 10.9409166     0.1715164    -0.0174745    -0.0590289
 10.9640988     0.1586838    -0.0168103    -0.0560974
 10.9872476     0.1452518    -0.0157282    -0.0526961
 11.0103629     0.1313826    -0.0142361    -0.0488390
 11.0334447     0.1172312    -0.0123490    -0.0445471
 11.0564928     0.1029433    -0.0100882    -0.0398486
 11.0795073     0.0886534    -0.0074811    -0.0347784
 11.1024880     0.0744833    -0.0045603    -0.0293780
 11.1254349     0.0605407    -0.0013630    -0.0236943
 11.1483479     0.0469185     0.0020696    -0.0177796
 11.1712270     0.0336943     0.0056932    -0.0116907
 11.1940720     0.0209303     0.0094615    -0.0054875
 11.2168830     0.0086735     0.0133265     0.0007672
 11.2396597    -0.0030436     0.0172395     0.0070094
 11.2624023    -0.0142023     0.0211522     0.0131746
 11.2851105    -0.0247963     0.0250170     0.0191986
 11.3077843    -0.0348307     0.0287882     0.0250193
 11.3304237    -0.0443201     0.0324221     0.0305768
 11.3530286    -0.0532870     0.0358780     0.0358150
 11.3755989    -0.0617604     0.0391187     0.0406825
 11.3981345    -0.0697735     0.0421107     0.0451329
 11.4206355    -0.0773622     0.0448246     0.0491258
 11.4431016    -0.0845633     0.0472356     0.0526277
 11.4655329    -0.0914125     0.0493234     0.0556118
 11.4879292    -0.0979436     0.0510724     0.0580589
 11.5102906    -0.1041861     0.0524719     0.0599572
 11.5326169    -0.1101650     0.0535156     0.0613028
 11.5549080    -0.1158989     0.0542019     0.0620991
 11.5771640    -0.1213997     0.0545332     0.0623569
 11.5993847    -0.1266719     0.0545162     0.0620940
 11.6215701    -0.1317124     0.0541612     0.0613349
 11.6437200    -0.1365100     0.0534818     0.0601098
 11.6658345    -0.1410462     0.0524947     0.0584544
 11.6879135    -0.1452946     0.0512188     0.0564089
 11.7099568    -0.1492226     0.0496755     0.0540175
 11.7319645    -0.1527911     0.0478874     0.0513270
 11.7539365    -0.1559562     0.0458787     0.0483864
 11.7758726    -0.1586698     0.0436741     0.0452459
 11.7977729    -0.1608808     0.0412990     0.0419560
 11.8196372    -0.1625366     0.0387783     0.0385664
 11.8414656    -0.1635842     0.0361370     0.0351256
 11.8632578    -0.1639716     0.0333991     0.0316798
 11.8850139    -0.1636491     0.0305877     0.0282721
 11.9067339    -0.1625707     0.0277249     0.0249423
 11.9284175    -0.1606951     0.0248309     0.0217258
 11.9500648    -0.1579870     0.0219247     0.0186535
 11.9716757    -0.1544182     0.0190235     0.0157514
 11.9932502    -0.1499685     0.0161427     0.0130401
 12.0147881    -0.1446262     0.0132958     0.0105348
 12.0362894    -0.1383891     0.0104947     0.0082455
 12.0577540    -0.1312646     0.0077492     0.0061764
 12.0791820    -0.1232700     0.0050677     0.0043268
 12.1005731    -0.1144331     0.0024569     0.0026909
 12.1219273    -0.1047912    -0.0000781     0.0012582
 12.1432447    -0.0943917    -0.0025335     0.0000138
 12.1645250    -0.0832911    -0.0049066    -0.0010606
 12.1857683    -0.0715546    -0.0071960    -0.0019868
 12.2069745    -0.0592556    -0.0094008    -0.0027893
 12.2281434    -0.0464745    -0.0115212    -0.0034945
 12.2492752    -0.0332979    -0.0135578    -0.0041300
 12.2703696    -0.0198174    -0.0155116    -0.0047246
 12.2914266    -0.0061289    -0.0173837    -0.0053067
 12.3124462     0.0076690    -0.0191755    -0.0059043
 12.3334283     0.0214761    -0.0208884    -0.0065445
 12.3543729     0.0351918    -0.0225236    -0.0072522
 12.3752798     0.0487161    -0.0240821    -0.0080503
 12.3961490     0.0619511    -0.0255647    -0.0089589
 12.4169804     0.0748020    -0.0269718    -0.0099950
 12.4377740     0.0871779    -0.0283033    -0.0111719
 12.4585297     0.0989933    -0.0295592    -0.0124992
 12.4792475     0.1101686    -0.0307385    -0.0139827
 12.4999273     0.1206308    -0.0318404    -0.0156237
 12.5205689     0.1303147    -0.0328634    -0.0174196
 12.5411725     0.1391630    -0.0338059    -0.0193636
 12.5617378     0.1471266    -0.0346660    -0.0214448
 12.5822649     0.1541657    -0.0354415    -0.0236485
 12.6027536     0.1602489    -0.0361305    -0.0259564
 12.6232040     0.1653542    -0.0367305    -0.0283466
 12.6436159     0.1694685    -0.0372396    -0.0307946
 12.6639893     0.1725873    -0.0376555    -0.0332730
 12.6843241     0.1747147    -0.0379765    -0.0357524
 12.7046203     0.1758632    -0.0382008    -0.0382016
 12.7248777     0.1760526    -0.0383272    -0.0405885
 12.7450964     0.1753101    -0.0383546    -0.0428800
 12.7652763     0.1736693    -0.0382825    -0.0450429
 12.7854173     0.1711697    -0.0381107    -0.0470445
 12.8055194     0.1678560    -0.0378395    -0.0488528
 12.8255824     0.1637775    -0.0374697    -0.0504372
 12.8456064     0.1589869    -0.0370027    -0.0517689
 12.8655912     0.1535402    -0.0364401    -0.0528212
 12.8855369     0.1474954    -0.0357844    -0.0535702
 12.9054433     0.1409120    -0.0350383    -0.0539949
 12.9253104     0.1338505    -0.0342048    -0.0540775
 12.9451381     0.1263714    -0.0332877    -0.0538037
 12.9649264     0.1185345    -0.0322910    -0.0531632
 12.9846752     0.1103990    -0.0312188    -0.0521493
 13.0043844     0.1020222    -0.0300758    -0.0507594
 13.0240541     0.0934593    -0.0288669    -0.0489948
 13.0436840     0.0847633    -0.0275969    -0.0468609
 13.0632742     0.0759844    -0.0262712    -0.0443670
 13.0828247     0.0671695    -0.0248950    -0.0415263
 13.1023352     0.0583626    -0.0234734    -0.0383556
 13.1218059     0.0496039    -0.0220119    -0.0348751
 13.1412366     0.0409305    -0.0205157    -0.0311082
 13.1606273     0.0323756    -0.0189900    -0.0270814
 13.1799778     0.0239692    -0.0174400    -0.0228237
 13.1992882     0.0157377    -0.0158705    -0.0183663
 13.2185585     0.0077042    -0.0142865    -0.0137424
 13.2377884    -0.0001115    -0.0126926    -0.0089869
 13.2569780    -0.0076926    -0.0110935    -0.0041356
 13.2761273    -0.0150248    -0.0094934     0.0007747
 13.2952361    -0.0220969    -0.0078968     0.0057069
 13.3143044    -0.0288997    -0.0063076     0.0106239
 13.3333321    -0.0354263    -0.0047298     0.0154889
 13.3523192    -0.0416716    -0.0031674     0.0202657
 13.3712657    -0.0476322    -0.0016240     0.0249195
 13.3901714    -0.0533060    -0.0001034     0.0294165
 13.4090364    -0.0586920     0.0013908     0.0337248
 13.4278604    -0.0637905     0.0028550     0.0378143
 13.4466436    -0.0686021     0.0042856     0.0416572
 13.4653858    -0.0731283     0.0056791     0.0452280
 13.4840871    -0.0773707     0.0070320     0.0485039
 13.5027472    -0.0813316     0.0083405     0.0514648
 13.5213662    -0.0850129     0.0096010     0.0540932
 13.5399440    -0.0884170     0.0108100     0.0563748
 13.5584806    -0.0915462     0.0119638     0.0582982
 13.5769758    -0.0944026     0.0130586     0.0598551
 13.5954297    -0.0969883     0.0140908     0.0610398
 13.6138422    -0.0993053     0.0150568     0.0618500
 13.6322132    -0.1013554     0.0159528     0.0622862
 13.6505427    -0.1031407     0.0167753     0.0623514
 13.6688306    -0.1046627     0.0175210     0.0620516
 13.6870769    -0.1059234     0.0181865     0.0613952
 13.7052815    -0.1069246     0.0187688     0.0603932
 13.7234443    -0.1076685     0.0192649     0.0590586
 13.7415654    -0.1081571     0.0196724     0.0574066
 13.7596445    -0.1083930     0.0199890     0.0554542
 13.7776818    -0.1083791     0.0202129     0.0532203
 13.7956771    -0.1081184     0.0203427     0.0507250
 13.8136303    -0.1076147     0.0203776     0.0479898
 13.8315415    -0.1068721     0.0203173     0.0450374
 13.8494106    -0.1058953     0.0201619     0.0418912
 13.8672374    -0.1046894     0.0199124     0.0385753
 13.8850221    -0.1032604     0.0195703     0.0351143
 13.9027644    -0.1016145     0.0191379     0.0315331
 13.9204644    -0.0997589     0.0186181     0.0278566
 13.9381219    -0.0977010     0.0180148     0.0241096
 13.9557370    -0.0954490     0.0173322     0.0203168
 13.9733096    -0.0930114     0.0165758     0.0165025
 13.9908397    -0.0903975     0.0157513     0.0126901
 14.0083271    -0.0876167     0.0148655     0.0089027
 14.0257718    -0.0846789     0.0139257     0.0051624
 14.0431739    -0.0815942     0.0129400     0.0014903
 14.0605331    -0.0783729     0.0119171    -0.0020932
 14.0778495    -0.0750256     0.0108660    -0.0055693
 14.0951231    -0.0715627     0.0097965    -0.0089199
 14.1123536    -0.0679948     0.0087188    -0.0121286
 14.1295412    -0.0643321     0.0076432    -0.0151800
 14.1466858    -0.0605849     0.0065807    -0.0180602
 14.1637873    -0.0567630     0.0055420    -0.0207566
 14.1808456    -0.0528759     0.0045382    -0.0232580
 14.1978607    -0.0489327     0.0035803    -0.0255548
 14.2148326    -0.0449420     0.0026791    -0.0276387
 14.2317612    -0.0409120     0.0018454    -0.0295026
 14.2486464    -0.0368501     0.0010894    -0.0311413
 14.2654882    -0.0327632     0.0004211    -0.0325506
 14.2822866    -0.0286577    -0.0001503    -0.0337279
 14.2990415    -0.0245392    -0.0006159    -0.0346718
 14.3157528    -0.0204127    -0.0009677    -0.0353822
 14.3324204    -0.0162826    -0.0011986    -0.0358605
 14.3490445    -0.0121526    -0.0013021    -0.0361091
 14.3656248    -0.0080261    -0.0012731    -0.0361317
 14.3821614    -0.0039058    -0.0011072    -0.0359330
 14.3986541     0.0002063    -0.0008012    -0.0355191
 14.4151030     0.0043083    -0.0003532    -0.0348966
 14.4315080     0.0083987     0.0002378    -0.0340737
 14.4478690     0.0124764     0.0009712    -0.0330590
 14.4641860     0.0165405     0.0018455    -0.0318622
 14.4804590     0.0205901     0.0028577    -0.0304937
 14.4966878     0.0246244     0.0040036    -0.0289647
 14.5128725     0.0286426     0.0052778    -0.0272870
 14.5290130     0.0326437     0.0066738    -0.0254729
 14.5451092     0.0366267     0.0081836    -0.0235354
 14.5611611     0.0405898     0.0097984    -0.0214878
 14.5771686     0.0445315     0.0115081    -0.0193438
 14.5931318     0.0484492     0.0133017    -0.0171175
 14.6090505     0.0523403     0.0151672    -0.0148231
 14.6249247     0.0562014     0.0170919    -0.0124750
 14.6407543     0.0600285     0.0190622    -0.0100878
 14.6565394     0.0638168     0.0210639    -0.0076760
 14.6722798     0.0675612     0.0230822    -0.0052542
 14.6879755     0.0712553     0.0251021    -0.0028367
 14.7036264     0.0748926     0.0271079    -0.0004377
 14.7192326     0.0784654     0.0290841     0.0019289
 14.7347939     0.0819654     0.0310149     0.0042494
 14.7503104     0.0853837     0.0328844     0.0065106
 14.7657819     0.0887105     0.0346773     0.0086996
 14.7812084     0.0919357     0.0363783     0.0108043
 14.7965899     0.0950483     0.0379724     0.0128128
 14.8119264     0.0980370     0.0394455     0.0147141
 14.8272177     0.1008898     0.0407836     0.0164977
 14.8424639     0.1035944     0.0419740     0.0181539
 14.8576648     0.1061385     0.0430045     0.0196737
 14.8728205     0.1085092     0.0438639     0.0210490
 14.8879309     0.1106937     0.0445419     0.0222725
 14.9029959     0.1126790     0.0450297     0.0233378
 14.9180155     0.1144526     0.0453191     0.0242392
 14.9329897     0.1160017     0.0454036     0.0249723
 14.9479184     0.1173141     0.0452777     0.0255333
 14.9628016     0.1183781     0.0449373     0.0259195
 14.9776391     0.1191823     0.0443797     0.0261291
 14.9924311     0.1197161     0.0436034     0.0261615
 15.0071774     0.1199695     0.0426085     0.0260167
 15.0218780     0.1199335     0.0413963     0.0256959
 15.0365328     0.1195998     0.0399696     0.0252012
 15.0511418     0.1189615     0.0383324     0.0245356
 15.0657049     0.1180123     0.0364902     0.0237031
 15.0802222     0.1167476     0.0344496     0.0227083
 15.0946935     0.1151636     0.0322186     0.0215570
 15.1091189     0.1132580     0.0298062     0.0202555
 15.1234982     0.1110298     0.0272228     0.0188112
 15.1378315     0.1084795     0.0244795     0.0172318
 15.1521186     0.1056089     0.0215886     0.0155261
 15.1663596     0.1024212     0.0185633     0.0137032
 15.1805544     0.0989211     0.0154174     0.0117729
 15.1947030     0.0951147     0.0121658     0.0097455
 15.2088052     0.0910097     0.0088236     0.0076317
 15.2228612     0.0866150     0.0054066     0.0054427
 15.2368707     0.0819410     0.0019310     0.0031898
 15.2508339     0.0769992    -0.0015865     0.0008848
 15.2647506     0.0718028    -0.0051293    -0.0014605
 15.2786207     0.0663658    -0.0086805    -0.0038341

PDF 1 in G'(r) format
  r, PDF (RMC), PDF (Expt)
 CURVES
          99 ,           2
      0.0654509        0.0000000        0.0000000
      0.1309019        0.0000000        0.0000000
      0.1963528        0.0000000        0.0000000
      0.2618037        0.0000000        0.0000000
      0.3272547        0.0000000        0.0000000
      0.3927056        0.0000000        0.0000000
      0.4581565        0.0000000        0.0000000
      0.5236075        0.0000000        0.0000000
      0.5890584        0.0000000        0.0000000
      0.6545093        0.0000000        0.0000000
      0.7199603        0.0000000        0.0000000
      0.7854112        0.0000000        0.0000000
      0.8508621        0.0000000        0.0000000
      0.9163131        0.0000000        0.0000000
      0.9817640        0.0000000        0.0000000
      1.0472149        0.0000000        0.0000000
      1.1126659        0.0000000        0.0000000
      1.1781168        0.0000000        0.0000000
      1.2435677        0.0955897        0.1336642
      1.3090187        0.4313583        0.4087493
      1.3744696        0.7825245        0.7543131
      1.4399206        1.2121250        1.1485415
      1.5053715        1.5656900        1.5505350
      1.5708224        1.8573553        1.9059448
      1.6362734        2.0430661        2.1587834
      1.7017243        2.2524171        2.2659462
      1.7671752        2.2723890        2.2093322
      1.8326262        1.9369083        2.0010507
      1.8980771        1.5474764        1.6798473
      1.9635280        0.9363631        1.3003390
      2.0289790        0.3127688        0.9192625
      2.0944299        0.0238946        0.5835708
      2.1598808        0.0316926        0.3237554
      2.2253318        0.0000000        0.1531507
      2.2907827        0.0281743        0.0715582
      2.3562336        0.4908805        0.0703735
      2.4216846        0.3574666        0.1367765
      2.4871355        0.4066815        0.2559231
      2.5525864        0.5469672        0.4115305
      2.6180374        0.7862215        0.5860281
      2.6834883        1.0514131        0.7613177
      2.7489392        1.0988989        0.9204588
      2.8143902        1.0304144        1.0498161
      2.8798411        1.0917432        1.1408396
      2.9452920        1.2348105        1.1907984
      3.0107430        1.3411127        1.2022868
      3.0761939        1.3800203        1.1818121
      3.1416448        1.2692228        1.1380301
      3.2070958        1.0218241        1.0801428
      3.2725467        0.9010980        1.0167345
      3.3379976        0.8732395        0.9550757
      3.4034486        0.8890330        0.9007813
      3.4688995        0.9516177        0.8576976
      3.5343504        0.8652963        0.8279539
      3.5998014        0.7527172        0.8121644
      3.6652523        0.6677606        0.8097733
      3.7307032        0.6912290        0.8194883
      3.7961542        0.7647626        0.8397032
      3.8616051        0.9522374        0.8687856
      3.9270560        0.9915980        0.9051459
      3.9925070        0.9889146        0.9470814
      4.0579579        0.9046698        0.9924918
      4.1234088        0.9545083        1.0386326
      4.1888598        1.0376656        1.0820893
      4.2543107        1.2789884        1.1190817
      4.3197617        1.3375022        1.1460852
      4.3852126        1.2714212        1.1606051
      4.4506635        1.1885147        1.1618539
      4.5161145        1.0800905        1.1510787
      4.5815654        1.0883570        1.1313973
      4.6470163        1.1559676        1.1071647
      4.7124673        1.1934476        1.0830542
      4.7779182        1.1228360        1.0631198
      4.8433691        0.9776380        1.0500902
      4.9088201        0.9195952        1.0450422
      4.9742710        0.9485784        1.0474679
      5.0397219        1.0845856        1.0556379
      5.1051729        1.1276092        1.0671130
      5.1706238        1.1463369        1.0792657
      5.2360747        1.1768973        1.0897134
      5.3015257        0.9876077        1.0966243
      5.3669766        0.9977218        1.0988858
      5.4324275        1.0787452        1.0961514
      5.4978785        1.1384494        1.0887822
      5.5633294        1.1676486        1.0777025
      5.6287803        1.0739219        1.0641974
      5.6942313        0.9391870        1.0496821
      5.7596822        0.8803781        1.0354810
      5.8251331        0.8548800        1.0226525
      5.8905841        0.9568647        1.0118836
      5.9560350        1.0034467        1.0034631
      6.0214859        0.9804138        0.9973273
      6.0869369        0.8599696        0.9931542
      6.1523878        0.7648679        0.9904812
      6.2178387        0.8337873        0.9888186
      6.2832897        0.8743075        0.9877401
      6.3487406        0.9014615        0.9869391
      6.4141915        0.8017572        0.9862467
      6.4796425        0.6628328        0.9856162

 Total S(Q)'s: Comparison with input data

   611  2 are NQ and NPAR

       Q      S(Q)_RMC  S(Q)_Expt
      0.4682470      0.1831347      0.2077988
      0.4982822      0.2939646      0.2271120
      0.5283159      0.3861122      0.1999373
      0.5583480      0.4584442      0.2298475
      0.5883784      0.5104342      0.2305090
      0.6184069      0.5421672      0.2565357
      0.6484336      0.5543264      0.2474724
      0.6784584      0.5481623      0.2646474
      0.7084810      0.5254460      0.2636069
      0.7385015      0.4884070      0.3029983
      0.7685198      0.4396587      0.2803935
      0.7985357      0.3821139      0.3165134
      0.8285491      0.3188914      0.3242744
      0.8585601      0.2532189      0.3528387
      0.8885684      0.1883336      0.3401115
      0.9185740      0.1273831      0.3830234
      0.9485769      0.0733320      0.3893421
      0.9785768      0.0288737      0.4382564
      1.0085738     -0.0036475      0.4118919
      1.0385677     -0.0223032      0.4648711
      1.0685584     -0.0256336      0.4868638
      1.0985458     -0.0126863      0.5442779
      1.1285300      0.0169614      0.5432138
      1.1585106      0.0631964      0.6115161
      1.1884878      0.1253797      0.6502125
      1.2184613      0.2023720      0.7342055
      1.2484312      0.2925742      0.7438206
      1.2783972      0.3939807      0.8198889
      1.3083593      0.5042450      0.8923436
      1.3383174      0.6207535      0.9986290
      1.3682715      0.7407069      1.0154129
      1.3982214      0.8612058      1.1345052
      1.4281670      0.9793378      1.1952611
      1.4581083      1.0922643      1.2765756
      1.4880452      1.1973025      1.2583090
      1.5179775      1.2920027      1.3187903
      1.5479052      1.3742166      1.3185571
      1.5778281      1.4421559      1.3357947
      1.6077463      1.4944387      1.2915394
      1.6376596      1.5301237      1.2788005
      1.6675679      1.5487299      1.2367185
      1.6974711      1.5502434      1.2087317
      1.7273691      1.5351085      1.1295654
      1.7572618      1.5042075      1.1126714
      1.7871493      1.4588263      1.0785231
      1.8170312      1.4006094      1.0634851
      1.8469077      1.3315055      0.9789252
      1.8767785      1.2537045      0.9419524
      1.9066436      1.1695701      0.9070040
      1.9365029      1.0815670      0.9084775
      1.9663562      0.9921884      0.8360757
      1.9962036      0.9038837      0.8344206
      2.0260449      0.8189894      0.8139095
      2.0558801      0.7396648      0.8122972
      2.0857090      0.6678352      0.7600058
      2.1155315      0.6051430      0.7759056
      2.1453476      0.5529089      0.7596567
      2.1751571      0.5121033      0.7815941
      2.2049601      0.4833296      0.7273933
      2.2347563      0.4668183      0.7465106
      2.2645457      0.4624326      0.7472951
      2.2943282      0.4696850      0.7775821
      2.3241037      0.4877637      0.7319369
      2.3538721      0.5155682      0.7609251
      2.3836334      0.5517517      0.7546690
      2.4133874      0.5947710      0.7935739
      2.4431340      0.6429391      0.7408128
      2.4728732      0.6944814      0.7779927
      2.5026049      0.7475929      0.7941686
      2.5323289      0.8004933      0.8294398
      2.5620453      0.8514807      0.7882798
      2.5917538      0.8989800      0.8429276
      2.6214544      0.9415866      0.8262057
      2.6511471      0.9781029      0.8698095
      2.6808317      1.0075669      0.8159758
      2.7105081      1.0292729      0.8431003
      2.7401762      1.0427836      0.8216031
      2.7698360      1.0479330      0.8492129
      2.7994874      1.0448208      0.7853049
      2.8291302      1.0337995      0.8107665
      2.8587645      1.0154531      0.7956234
      2.8883900      0.9905700      0.8172699
      2.9180067      0.9601101      0.7497847
      2.9476145      0.9251685      0.7684031
      2.9772134      0.8869357      0.7532565
      3.0068031      0.8466564      0.7831777
      3.0363838      0.8055890      0.7247468
      3.0659551      0.7649653      0.7424671
      3.0955172      0.7259534      0.7324139
      3.1250698      0.6896241      0.7548449
      3.1546128      0.6569216      0.6944434
      3.1841463      0.6286399      0.7490457
      3.2136701      0.6054046      0.7273784
      3.2431841      0.5876618      0.7584574
      3.2726882      0.5756724      0.7123848
      3.3021823      0.5695133      0.7455926
      3.3316664      0.5690849      0.7366845
      3.3611403      0.5741237      0.7711888
      3.3906040      0.5842199      0.7304165
      3.4200574      0.5988394      0.7601068
      3.4495003      0.6173489      0.7670137
      3.4789327      0.6390434      0.7887449
      3.5083546      0.6631747      0.7636740
      3.5377657      0.6889803      0.7908278
      3.5671661      0.7157120      0.8012965
      3.5965556      0.7426618      0.8354474
      3.6259341      0.7691860      0.8125319
      3.6553016      0.7947260      0.8381429
      3.6846580      0.8188246      0.8531816
      3.7140032      0.8411387      0.8943623
      3.7433370      0.8614469      0.8597129
      3.7726594      0.8796522      0.9181836
      3.8019704      0.8957804      0.9130229
      3.8312697      0.9099738      0.9651177
      3.8605574      0.9224806      0.9275593
      3.8898333      0.9336409      0.9847655
      3.9190974      0.9438689      0.9955053
      3.9483496      0.9536342      1.0552443
      3.9775897      0.9634394      1.0206638
      4.0068177      0.9737988      1.0818904
      4.0360334      0.9852156      1.1020108
      4.0652369      0.9981607      1.1614346
      4.0944281      1.0130524      1.1168939
      4.1236067      1.0302386      1.1832290
      4.1527728      1.0499815      1.2055746
      4.1819262      1.0724455      1.2414010
      4.2110669      1.0976887      1.2215499
      4.2401947      1.1256582      1.2839307
      4.2693097      1.1561890      1.3309875
      4.2984116      1.1890073      1.3949996
      4.3275005      1.2237368      1.3686860
      4.3565761      1.2599091      1.4282211
      4.3856385      1.2969766      1.4364003
      4.4146876      1.3343281      1.4812994
      4.4437232      1.3713067      1.4594988
      4.4727452      1.4072289      1.5009093
      4.5017536      1.4414042      1.5025782
      4.5307483      1.4731555      1.5516118
      4.5597293      1.5018385      1.4833252
      4.5886963      1.5268598      1.5373560
      4.6176493      1.5476942      1.5315077
      4.6465883      1.5638990      1.5751113
      4.6755131      1.5751262      1.5102587
      4.7044237      1.5811314      1.5496000
      4.7333199      1.5817802      1.5358035
      4.7622018      1.5770509      1.5745380
      4.7910691      1.5670341      1.5004836
      4.8199218      1.5519291      1.5160782
      4.8487599      1.5320372      1.5191082
      4.8775831      1.5077528      1.5461030
      4.9063916      1.4795516      1.4475589
      4.9351850      1.4479766      1.4664399
      4.9639635      1.4136238      1.4377283
      4.9927268      1.3771253      1.4581343
      5.0214749      1.3391332      1.3604107
      5.0502077      1.3003025      1.3697796
      5.0789252      1.2612752      1.3141227
      5.1076271      1.2226653      1.2908323
      5.1363135      1.1850441      1.2011923
      5.1649843      1.1489290      1.2021215
      5.1936393      1.1147726      1.1570817
      5.2222785      1.0829549      1.1496027
      5.2509018      1.0537780      1.0809341
      5.2795091      1.0274625      1.0625072
      5.3081003      1.0041470      1.0164037
      5.3366753      0.9838898      1.0118871
      5.3652341      0.9666723      0.9438641
      5.3937766      0.9524051      0.9305984
      5.4223026      0.9409355      0.9112271
      5.4508121      0.9320559      0.9127001
      5.4793050      0.9255144      0.8375091
      5.5077812      0.9210249      0.8561141
      5.5362406      0.9182782      0.8300860
      5.5646832      0.9169532      0.8474997
      5.5931088      0.9167274      0.7790392
      5.6215173      0.9172868      0.8118337
      5.6499088      0.9183350      0.7806676
      5.6782830      0.9196010      0.8133906
      5.7066400      0.9208458      0.7555811
      5.7349795      0.9218674      0.7917284
      5.7633016      0.9225043      0.7855322
      5.7916061      0.9226372      0.8093093
      5.8198930      0.9221897      0.7558034
      5.8481622      0.9211265      0.7903458
      5.8764135      0.9194517      0.7717963
      5.9046470      0.9172047      0.8082554
      5.9328624      0.9144552      0.7593839
      5.9610598      0.9112987      0.7796401
      5.9892391      0.9078494      0.7800547
      6.0174000      0.9042348      0.8167204
      6.0455427      0.9005892      0.7715835
      6.0736669      0.8970471      0.8043355
      6.1017727      0.8937379      0.7999956
      6.1298598      0.8907807      0.8243273
      6.1579283      0.8882796      0.7883084
      6.1859780      0.8863202      0.8103892
      6.2140089      0.8849670      0.7991596
      6.2420208      0.8842617      0.8318845
      6.2700138      0.8842225      0.7818216
      6.2979876      0.8848445      0.8166737
      6.3259422      0.8861010      0.8091770
      6.3538776      0.8879455      0.8465817
      6.3817936      0.8903146      0.7922560
      6.4096902      0.8931313      0.8253628
      6.4375673      0.8963088      0.8139798
      6.4654247      0.8997550      0.8466621
      6.4932625      0.9033760      0.7946021
      6.5210805      0.9070808      0.8208288
      6.5488786      0.9107848      0.8225073
      6.5766567      0.9144136      0.8457956
      6.6044148      0.9179057      0.8081858
      6.6321529      0.9212153      0.8446045
      6.6598707      0.9243133      0.8486867
      6.6875682      0.9271893      0.8868101
      6.7152453      0.9298509      0.8481523
      6.7429020      0.9323236      0.8936918
      6.7705382      0.9346494      0.8835210
      6.7981537      0.9368850      0.9299052
      6.8257485      0.9390993      0.8970225
      6.8533225      0.9413700      0.9418182
      6.8808757      0.9437808      0.9284377
      6.9084079      0.9464174      0.9699719
      6.9359190      0.9493642      0.9362651
      6.9634090      0.9527001      0.9867725
      6.9908778      0.9564953      0.9927209
      7.0183253      0.9608080      1.0234146
      7.0457515      0.9656819      1.0020005
      7.0731561      0.9711432      1.0320274
      7.1005393      0.9771996      1.0469580
      7.1279008      0.9838388      1.0806872
      7.1552405      0.9910282      1.0612949
      7.1825585      0.9987152      1.1021325
      7.2098546      1.0068283      1.0931564
      7.2371288      1.0152785      1.1317198
      7.2643809      1.0239616      1.0969701
      7.2916108      1.0327613      1.1391946
      7.3188186      1.0415518      1.1368784
      7.3460040      1.0502020      1.1676400
      7.3731671      1.0585786      1.1386115
      7.4003078      1.0665504      1.1686064
      7.4274258      1.0739920      1.1607236
      7.4545213      1.0807874      1.1938900
      7.4815940      1.0868334      1.1469316
      7.5086440      1.0920430      1.1715742
      7.5356711      1.0963476      1.1716972
      7.5626752      1.0996991      1.1932501
      7.5896563      1.1020717      1.1629149
      7.6166143      1.1034624      1.1724599
      7.6435491      1.1038911      1.1765743
      7.6704605      1.1034006      1.1856788
      7.6973487      1.1020548      1.1257355
      7.7242133      1.0999375      1.1586360
      7.7510545      1.0971496      1.1394201
      7.7778720      1.0938067      1.1658132
      7.8046659      1.0900356      1.1087555
      7.8314359      1.0859711      1.1391307
      7.8581822      1.0817520      1.1294155
      7.8849044      1.0775175      1.1506460
      7.9116027      1.0734034      1.0988124
      7.9382768      1.0695383      1.1341934
      7.9649268      1.0660405      1.1333890
      7.9915525      1.0630147      1.1510217
      8.0181539      1.0605491      1.1033276
      8.0447308      1.0587138      1.1280535
      8.0712833      1.0575585      1.1212458
      8.0978111      1.0571117      1.1424762
      8.1243143      1.0573803      1.0971167
      8.1507928      1.0583496      1.1240392
      8.1772464      1.0599838      1.1192622
      8.2036751      1.0622275      1.1429659
      8.2300788      1.0650075      1.0997263
      8.2564574      1.0682349      1.1217729
      8.2828109      1.0718079      1.1133024
      8.3091392      1.0756145      1.1373785
      8.3354421      1.0795361      1.0861938
      8.3617197      1.0834502      1.1217421
      8.3879717      1.0872345      1.1146505
      8.4141983      1.0907696      1.1414051
      8.4403992      1.0939423      1.0990696
      8.4665744      1.0966489      1.1197346
      8.4927238      1.0987975      1.1164224
      8.5188473      1.1003102      1.1450112
      8.5449449      1.1011253      1.0949807
      8.5710164      1.1011984      1.1239901
      8.5970619      1.1005036      1.1130950
      8.6230811      1.0990336      1.1433015
      8.6490741      1.0967997      1.0928001
      8.6750407      1.0938312      1.1083708
      8.7009810      1.0901745      1.0973715
      8.7268947      1.0858913      1.1119729
      8.7527818      1.0810570      1.0740829
      8.7786422      1.0757584      1.0972589
      8.8044760      1.0700912      1.0897339
      8.8302829      1.0641576      1.1069827
      8.8560629      1.0580632      1.0533714
      8.8818159      1.0519147      1.0795645
      8.9075419      1.0458169      1.0600021
      8.9332407      1.0398701      1.0827045
      8.9589123      1.0341679      1.0252971
      8.9845567      1.0287947      1.0586024
      9.0101736      1.0238241      1.0437791
      9.0357631      1.0193172      1.0629044
      9.0613251      1.0153215      1.0040425
      9.0868595      1.0118702      1.0420848
      9.1123662      1.0089815      1.0195197
      9.1378452      1.0066592      1.0314713
      9.1632963      1.0048923      0.9870687
      9.1887195      1.0036566      1.0029759
      9.2141147      1.0029153      0.9916910
      9.2394819      1.0026207      1.0053060
      9.2648209      1.0027156      0.9493458
      9.2901317      1.0031357      0.9755755
      9.3154141      1.0038109      0.9624711
      9.3406683      1.0046680      0.9832615
      9.3658939      1.0056328      0.9309610
      9.3910910      1.0066318      0.9484010
      9.4162595      1.0075947      0.9360735
      9.4413994      1.0084563      0.9522356
      9.4665104      1.0091578      0.8994818
      9.4915927      1.0096488      0.9233140
      9.5166460      1.0098882      0.9087307
      9.5416703      1.0098452      0.9367741
      9.5666656      1.0095002      0.8876348
      9.5916317      1.0088449      0.9125586
      9.6165686      1.0078824      0.8965974
      9.6414762      1.0066268      0.9230632
      9.6663545      1.0051028      0.8714014
      9.6912033      1.0033448      0.8967859
      9.7160225      1.0013956      0.8893871
      9.7408122      0.9993055      0.9214249
      9.7655722      0.9971302      0.8755735
      9.7903025      0.9949300      0.8937061
      9.8150029      0.9927674      0.8824248
      9.8396735      0.9907055      0.9142871
      9.8643140      0.9888068      0.8662962
      9.8889245      0.9871308      0.8918010
      9.9135049      0.9857328      0.8883861
      9.9380551      0.9846626      0.9065040
      9.9625751      0.9839628      0.8730466
      9.9870646      0.9836680      0.8943250
     10.0115238      0.9838038      0.8877010
     10.0359524      0.9843864      0.9196555
     10.0603505      0.9854219      0.8748684
     10.0847180      0.9869062      0.9030995
     10.1090547      0.9888256      0.8945450
     10.1333606      0.9911565      0.9251539
     10.1576357      0.9938664      0.8863267
     10.1818798      0.9969146      0.9093806
     10.2060929      1.0002531      0.9057577
     10.2302749      1.0038281      0.9287798
     10.2544257      1.0075808      0.8970525
     10.2785453      1.0114492      0.9251289
     10.3026336      1.0153692      0.9168794
     10.3266906      1.0192764      0.9318623
     10.3507160      1.0231073      0.9025320
     10.3747099      1.0268007      0.9272589
     10.3986723      1.0302993      0.9148892
     10.4226029      1.0335506      0.9531408
     10.4465018      1.0365082      0.9069573
     10.4703689      1.0391326      0.9359277
     10.4942041      1.0413922      0.9343425
     10.5180073      1.0432634      0.9610470
     10.5417785      1.0447316      0.9144871
     10.5655175      1.0457907      0.9519134
     10.5892244      1.0464437      0.9461973
     10.6128990      1.0467020      0.9672946
     10.6365413      1.0465850      0.9320568
     10.6601512      1.0461198      0.9575107
     10.6837286      1.0453404      0.9549118
     10.7072735      1.0442865      0.9858723
     10.7307858      1.0430027      0.9460034
     10.7542654      1.0415375      0.9759839
     10.7777122      1.0399419      0.9700277
     10.8011262      1.0382686      0.9926351
     10.8245072      1.0365704      0.9576810
     10.8478553      1.0348991      0.9874100
     10.8711704      1.0333046      0.9773301
     10.8944524      1.0318336      1.0209011
     10.9177011      1.0305289      0.9801715
     10.9409166      1.0294281      1.0096838
     10.9640988      1.0285634      1.0044908
     10.9872476      1.0279604      1.0361368
     11.0103629      1.0276383      0.9995527
     11.0334447      1.0276090      1.0319726
     11.0564928      1.0278774      1.0268660
     11.0795073      1.0284413      1.0550939
     11.1024880      1.0292914      1.0202904
     11.1254349      1.0304120      1.0409754
     11.1483479      1.0317809      1.0487854
     11.1712270      1.0333705      1.0844161
     11.1940720      1.0351483      1.0349230
     11.2168830      1.0370775      1.0779500
     11.2396597      1.0391179      1.0688037
     11.2624023      1.0412272      1.1009084
     11.2851105      1.0433614      1.0588998
     11.3077843      1.0454759      1.0951377
     11.3304237      1.0475266      1.0863926
     11.3530286      1.0494706      1.1132413
     11.3755989      1.0512670      1.0740400
     11.3981345      1.0528781      1.1068919
     11.4206355      1.0542696      1.1028704
     11.4431016      1.0554115      1.1344684
     11.4655329      1.0562789      1.0946695
     11.4879292      1.0568517      1.1251586
     11.5102906      1.0571156      1.1141608
     11.5326169      1.0570619      1.1437423
     11.5549080      1.0566878      1.1015271
     11.5771640      1.0559962      1.1258615
     11.5993847      1.0549958      1.1312844
     11.6215701      1.0537004      1.1561584
     11.6437200      1.0521289      1.1264497
     11.6658345      1.0503049      1.1428835
     11.6879135      1.0482559      1.1271588
     11.7099568      1.0460130      1.1604357
     11.7319645      1.0436101      1.1132708
     11.7539365      1.0410831      1.1345695
     11.7758726      1.0384696      1.1245742
     11.7977729      1.0358080      1.1455939
     11.8196372      1.0331364      1.1148587
     11.8414656      1.0304928      1.1350904
     11.8632578      1.0279135      1.1265504
     11.8850139      1.0254331      1.1529580
     11.9067339      1.0230838      1.0884830
     11.9284175      1.0208948      1.1251038
     11.9500648      1.0188918      1.1154429
     11.9716757      1.0170970      1.1410577
     11.9932502      1.0155283      1.0773373
     12.0147881      1.0141997      1.1098128
     12.0362894      1.0131205      1.0960678
     12.0577540      1.0122959      1.1232744
     12.0791820      1.0117267      1.0751669
     12.1005731      1.0114092      1.0935382
     12.1219273      1.0113361      1.0860168
     12.1432447      1.0114960      1.1054872
     12.1645250      1.0118742      1.0545239
     12.1857683      1.0124527      1.0755529
     12.2069745      1.0132110      1.0633309
     12.2281434      1.0141261      1.0967333
     12.2492752      1.0151736      1.0287851
     12.2703696      1.0163273      1.0593184
     12.2914266      1.0175604      1.0344375
     12.3124462      1.0188458      1.0668558
     12.3334283      1.0201566      1.0194668
     12.3543729      1.0214661      1.0413947
     12.3752798      1.0227490      1.0220082
     12.3961490      1.0239812      1.0461461
     12.4169804      1.0251405      1.0040548
     12.4377740      1.0262068      1.0188141
     12.4585297      1.0271622      1.0160719
     12.4792475      1.0279915      1.0268725
     12.4999273      1.0286823      0.9869754
     12.5205689      1.0292249      1.0081038
     12.5411725      1.0296127      0.9990972
     12.5617378      1.0298420      1.0153613
     12.5822649      1.0299120      0.9610317
     12.6027536      1.0298247      0.9884075
     12.6232040      1.0295849      0.9729133
     12.6436159      1.0291999      0.9953950
     12.6639893      1.0286793      0.9587060
     12.6843241      1.0280349      0.9733100
     12.7046203      1.0272803      0.9575059
     12.7248777      1.0264306      0.9832109
     12.7450964      1.0255023      0.9370641
     12.7652763      1.0245128      0.9595387
     12.7854173      1.0234802      0.9478745
     12.8055194      1.0224231      0.9668291
     12.8255824      1.0213600      0.9395642
     12.8456064      1.0203092      0.9422727
     12.8655912      1.0192885      0.9418061
     12.8855369      1.0183150      0.9704281
     12.9054433      1.0174049      0.9299124
     12.9253104      1.0165729      0.9520727
     12.9451381      1.0158325      0.9272463
     12.9649264      1.0151958      0.9424247
     12.9846752      1.0146730      0.9140179
     13.0043844      1.0142725      0.9335518
     13.0240541      1.0140011      0.9200856
     13.0436840      1.0138635      0.9444774
     13.0632742      1.0138625      0.9106600
     13.0828247      1.0139992      0.9228750
     13.1023352      1.0142726      0.9220535
     13.1218059      1.0146803      0.9239801
     13.1412366      1.0152178      0.9026569
     13.1606273      1.0158794      0.9194077
     13.1799778      1.0166575      0.9138904
     13.1992882      1.0175437      0.9291716
     13.2185585      1.0185279      0.9018833
     13.2377884      1.0195996      0.9128383
     13.2569780      1.0207468      0.9152417
     13.2761273      1.0219573      0.9397104
     13.2952361      1.0232183      0.9026169
     13.3143044      1.0245164      0.9099367
     13.3333321      1.0258383      0.9082638
     13.3523192      1.0271707      0.9320708
     13.3712657      1.0285001      0.8942827
     13.3901714      1.0298137      0.9090158
     13.4090364      1.0310987      0.9057602
     13.4278604      1.0323432      0.9319192
     13.4466436      1.0335356      0.8834182
     13.4653858      1.0346653      0.9076445
     13.4840871      1.0357224      0.9078576
     13.5027472      1.0366978      0.9315511
     13.5213662      1.0375835      0.8920059
     13.5399440      1.0383722      0.9148772
     13.5584806      1.0390581      0.9102984
     13.5769758      1.0396359      0.9301520
     13.5954297      1.0401018      0.8835772
     13.6138422      1.0404526      0.9119026
     13.6322132      1.0406865      0.9116708
     13.6505427      1.0408026      0.9437406
     13.6688306      1.0408008      0.8963849
     13.6870769      1.0406823      0.9349939
     13.7052815      1.0404489      0.9143259
     13.7234443      1.0401034      0.9431674
     13.7415654      1.0396493      0.9022791
     13.7596445      1.0390912      0.9195975
     13.7776818      1.0384339      0.9268100
     13.7956771      1.0376834      0.9524244
     13.8136303      1.0368459      0.9079933
     13.8315415      1.0359284      0.9406395
     13.8494106      1.0349381      0.9315903
     13.8672374      1.0338831      0.9599240
     13.8850221      1.0327714      0.9125359
     13.9027644      1.0316116      0.9402451
     13.9204644      1.0304126      0.9401231
     13.9381219      1.0291834      0.9727534
     13.9557370      1.0279333      0.9214117
     13.9733096      1.0266715      0.9445990
     13.9908397      1.0254077      0.9434129
     14.0083271      1.0241513      0.9751591
     14.0257718      1.0229117      0.9358401
     14.0431739      1.0216984      0.9679596
     14.0605331      1.0205209      0.9554686
     14.0778495      1.0193882      0.9785371
     14.0951231      1.0183095      0.9281773
     14.1123536      1.0172936      0.9681724
     14.1295412      1.0163491      0.9632543
     14.1466858      1.0154842      0.9904629
     14.1637873      1.0147069      0.9435705
     14.1808456      1.0140246      0.9698750
     14.1978607      1.0134446      0.9657130
     14.2148326      1.0129735      0.9996588
     14.2317612      1.0126174      0.9463237
     14.2486464      1.0123820      0.9744537
     14.2654882      1.0122722      0.9730957
     14.2822866      1.0122925      0.9911868
     14.2990415      1.0124465      0.9632118
     14.3157528      1.0127374      0.9766910
     14.3324204      1.0131674      0.9822402
     14.3490445      1.0137381      1.0084165
     14.3656248      1.0144502      0.9750472
     14.3821614      1.0153038      0.9902348
     14.3986541      1.0162979      0.9817262
     14.4151030      1.0174309      1.0158417
     14.4315080      1.0187003      0.9558486
     14.4478690      1.0201025      0.9862701
     14.4641860      1.0216333      0.9816447
     14.4804590      1.0232875      1.0142407
     14.4966878      1.0250592      0.9601065
     14.5128725      1.0269416      1.0003280
     14.5290130      1.0289269      0.9882040
     14.5451092      1.0310069      1.0138767
     14.5611611      1.0331722      0.9616819
     14.5771686      1.0354130      0.9972458
     14.5931318      1.0377187      0.9915339
     14.6090505      1.0400782      1.0310695
     14.6249247      1.0424797      0.9728348
     14.6407543      1.0449110      0.9948137
     14.6565394      1.0473593      0.9940315
     14.6722798      1.0498116      1.0275273
     14.6879755      1.0522546      0.9654386
     14.7036264      1.0546747      1.0093043
     14.7192326      1.0570583      1.0003102
     14.7347939      1.0593915      1.0246455
     14.7503104      1.0616606      0.9645569
     14.7657819      1.0638521      1.0063801
     14.7812084      1.0659526      1.0000633
     14.7965899      1.0679490      1.0233604
     14.8119264      1.0698285      0.9772080
     14.8272177      1.0715790      0.9991486
     14.8424639      1.0731886      1.0003800
     14.8576648      1.0746462      1.0330353
     14.8728205      1.0759415      0.9679322
     14.8879309      1.0770648      1.0084296
     14.9029959      1.0780073      0.9911637
     14.9180155      1.0787611      1.0330779
     14.9329897      1.0793192      0.9774007
     14.9479184      1.0796755      1.0047920
     14.9628016      1.0798252      0.9991079
     14.9776391      1.0797644      1.0347524
     14.9924311      1.0794902      0.9715506
     15.0071774      1.0790012      1.0205954
     15.0218780      1.0782967      1.0039111
     15.0365328      1.0773775      1.0217448
     15.0511418      1.0762453      0.9832891
     15.0657049      1.0749030      1.0136528
     15.0802222      1.0733548      0.9971735
     15.0946935      1.0716057      1.0218580
     15.1091189      1.0696621      0.9728030
     15.1234982      1.0675311      1.0024691
     15.1378315      1.0652211      0.9920856
     15.1521186      1.0627412      1.0084422
     15.1663596      1.0601016      0.9710480
     15.1805544      1.0573132      0.9897689
     15.1947030      1.0543877      0.9814171
     15.2088052      1.0513374      1.0085216
     15.2228612      1.0481755      0.9712502
     15.2368707      1.0449154      0.9920745
     15.2508339      1.0415712      0.9922244
     15.2647506      1.0381574      1.0044081
     15.2786207      1.0346886      0.9905568
