 Results from RMCProfile version 6.7.9.5

 (Version 6f format configuration file)                                          

 1 experiments   3 partials

 Partial g(r)'s are printed out below

   245  3 are NR and NPAR

   r (Ang)
   0.06545     0.00000     0.00000     0.00000
   0.13090     0.00000     0.00000     0.00000
   0.19635     0.00000     0.00000     0.00000
   0.26180     0.00000     0.00000     0.00000
   0.32725     0.00000     0.00000     0.00000
   0.39271     0.00000     0.00000     0.00000
   0.45816     0.00000     0.00000     0.00000
   0.52361     0.00000     0.00000     0.00000
   0.58906     0.00000     0.00000     0.00000
   0.65451     0.00000     0.00000     0.00000
   0.71996     0.00000     0.00000     0.00000
   0.78541     0.00000     0.00000     0.00000
   0.85086     0.00000     0.00000     0.00000
   0.91631     0.00000     0.00000     0.00000
   0.98176     0.00000     0.00000     0.00000
   1.04721     0.00000     0.00000     0.00000
   1.11267     0.00000     0.00000     0.00000
   1.17812     0.00000     0.11932     0.00000
   1.24357     0.00000     0.21419     0.00000
   1.30902     0.00000     0.91823     0.00000
   1.37447     0.00000     1.11780     0.08780
   1.43992     0.00000     1.99708     0.95997
   1.50537     0.00000     2.50330     0.96981
   1.57082     0.00000     3.25561     1.22680
   1.63627     0.00000     3.01587     1.50235
   1.70172     0.00000     3.68923     1.64678
   1.76718     0.00000     3.35475     1.55362
   1.83263     0.00000     3.30437     1.23474
   1.89808     0.00000     2.78159     1.09351
   1.96353     0.00000     2.03000     0.91427
   2.02898     0.00000     1.25738     0.81595
   2.09443     0.00000     0.84018     0.57668
   2.15988     0.00000     0.34619     0.31113
   2.22533     0.00000     0.20070     0.22611
   2.29078     0.00000     0.10259     0.10273
   2.35623     0.00000     0.08951     0.15686
   2.42168     0.00000     0.09886     0.32529
   2.48714     0.00000     0.16067     0.42236
   2.55259     0.00000     0.26058     0.54737
   2.61804     0.00000     0.68878     0.85313
   2.68349     0.00000     0.84537     1.27274
   2.74894     0.00000     0.99740     1.48726
   2.81439     0.00000     0.97769     1.37177
   2.87984     0.37895     0.99867     1.26513
   2.94529     2.59329     0.94523     1.27645
   3.01074     2.33578     0.90001     1.27646
   3.07619     2.18501     0.83587     1.10878
   3.14164     1.97760     0.70490     1.10928
   3.20710     1.67256     0.88579     1.04431
   3.27255     1.54455     0.85845     1.08428
   3.33800     1.46973     0.83255     0.93796
   3.40345     1.08530     0.73291     0.98100
   3.46890     1.31966     0.71240     0.86506
   3.53435     1.16530     0.69952     0.80676
   3.59980     1.03396     0.76060     0.77769
   3.66525     0.96042     0.78917     0.80573
   3.73070     0.84383     0.74387     0.90584
   3.79615     0.82646     0.74718     0.82019
   3.86161     1.07600     1.00256     0.83712
   3.92706     0.83664     0.88080     0.82559
   3.99251     1.00660     0.99765     0.92883
   4.05796     1.09494     0.98082     0.89407
   4.12341     0.94371     1.08146     0.96348
   4.18886     1.14070     1.17538     1.00688
   4.25431     1.06018     1.18983     1.07696
   4.31976     0.95738     1.24282     1.14903
   4.38521     1.03224     1.15431     1.08695
   4.45066     1.06891     1.28160     1.06987
   4.51611     1.18414     1.27111     1.03909
   4.58157     1.12691     1.16798     1.00764
   4.64702     1.10305     1.23120     1.00826
   4.71247     1.03538     1.08907     1.08316
   4.77792     0.92750     1.05037     1.11364
   4.84337     0.88145     1.13339     1.02894
   4.90882     0.94734     1.08791     1.03611
   4.97427     0.90920     1.09963     0.98220
   5.03972     1.14625     1.08919     1.06952
   5.10517     0.97742     1.04873     1.07728
   5.17062     1.03945     1.09980     1.10138
   5.23607     0.95933     1.11175     1.06040
   5.30153     1.04172     1.09626     1.14357
   5.36698     1.11410     1.12576     1.09281
   5.43243     1.05939     1.04828     1.19171
   5.49788     1.01790     1.05087     1.11000
   5.56333     1.05288     1.09720     1.08403
   5.62878     1.08075     1.05354     1.11395
   5.69423     0.96421     1.05245     1.10000
   5.75968     1.02221     0.94502     1.03514
   5.82513     1.10662     1.08257     1.06089
   5.89058     1.03926     0.93452     0.96215
   5.95604     0.93727     1.03084     1.08258
   6.02149     1.01737     0.99142     1.03859
   6.08694     1.01794     0.94003     0.99510
   6.15239     0.89588     0.94749     1.02006
   6.21784     0.97553     0.96728     1.03517
   6.28329     1.04330     1.04899     1.05469
   6.34874     0.98086     0.92883     0.97646
   6.41419     0.99713     0.94118     0.97075
   6.47964     0.92587     0.99821     0.99174
   6.54509     1.15072     0.95805     1.01557
   6.61054     0.96527     0.97139     1.03826
   6.67600     0.92788     0.96359     0.94542
   6.74145     0.94635     1.00420     0.99834
   6.80690     1.10674     0.99124     0.96759
   6.87235     0.99470     0.94176     1.01335
   6.93780     0.91760     0.98688     0.97968
   7.00325     0.99159     0.97105     1.02910
   7.06870     0.97331     1.01034     0.99353
   7.13415     0.95554     0.97562     0.98761
   7.19960     0.96377     1.01628     0.98333
   7.26505     1.07498     0.97216     0.94055
   7.33050     1.03740     1.01191     0.98557
   7.39596     0.93445     1.04556     0.95608
   7.46141     0.96269     0.99829     0.98854
   7.52686     0.95186     0.97369     1.01828
   7.59231     1.08762     1.04032     1.02454
   7.65776     1.01551     0.98024     0.99791
   7.72321     0.94290     1.01021     0.98732
   7.78866     1.00348     1.01106     1.02002
   7.85411     1.05654     1.01509     0.96679
   7.91956     1.05497     1.02545     0.97203
   7.98501     1.01959     1.02884     1.00235
   8.05046     1.06434     0.98087     1.00147
   8.11592     0.94930     1.01227     1.01624
   8.18137     0.94405     1.00728     0.99942
   8.24682     0.96318     1.01205     0.98850
   8.31227     1.08214     1.01776     1.02942
   8.37772     1.07001     1.01136     1.00453
   8.44317     0.95139     0.97018     0.96517
   8.50862     0.98479     1.01309     1.00995
   8.57407     0.99006     1.00951     1.03747
   8.63952     1.00171     1.02090     0.98458
   8.70497     0.95396     1.01217     1.02511
   8.77043     0.96558     1.02834     1.01633
   8.83588     1.05091     0.99301     0.98593
   8.90133     1.03134     0.99466     1.00812
   8.96678     1.01428     0.98895     1.00120
   9.03223     0.96517     1.03660     1.03198
   9.09768     0.97731     1.00323     1.04174
   9.16313     0.96734     0.95047     1.06297
   9.22858     1.01776     1.00755     1.02701
   9.29403     1.03412     0.99772     1.01115
   9.35948     1.05936     0.97342     0.99233
   9.42493     0.95904     1.01030     1.01174
   9.49039     1.01014     1.01664     1.01257
   9.55584     1.02533     0.98734     1.00738
   9.62129     0.99356     1.04688     0.95967
   9.68674     0.99428     0.99394     0.98519
   9.75219     1.01403     0.98630     1.00559
   9.81764     1.02630     1.00241     1.00514
   9.88309     1.00428     1.02056     0.96809
   9.94854     1.03958     0.98332     1.01825
  10.01399     0.96335     0.96390     1.00995
  10.07944     1.03066     1.02806     1.04463
  10.14489     0.93383     1.00075     0.95705
  10.21035     0.97267     0.99432     1.01245
  10.27580     0.94779     1.02523     1.01452
  10.34125     1.01781     0.98635     1.00831
  10.40670     1.04934     1.01681     0.98341
  10.47215     0.99101     0.99356     0.97797
  10.53760     1.00407     0.98275     0.99200
  10.60305     0.97552     0.99718     1.03144
  10.66850     1.01300     0.97807     1.01299
  10.73395     0.99351     1.00392     0.99024
  10.79940     0.98860     1.02517     0.99072
  10.86486     1.01456     0.96093     0.99884
  10.93031     1.05644     0.98308     0.98205
  10.99576     0.99465     1.01731     0.98378
  11.06121     1.02077     0.98804     0.97996
  11.12666     0.95535     1.01024     1.01637
  11.19211     0.99043     1.02259     0.96479
  11.25756     0.98678     1.01466     0.97848
  11.32301     0.99863     0.98164     1.01895
  11.38846     1.00249     0.97422     0.98329
  11.45391     1.03393     0.98553     1.01065
  11.51936     0.97360     1.00589     1.02608
  11.58482     0.99837     1.00937     0.98733
  11.65027     0.95428     1.00141     0.98482
  11.71572     0.98462     0.98301     1.02854
  11.78117     1.00947     0.98257     0.99055
  11.84662     0.98538     0.98472     1.02248
  11.91207     1.02587     1.05419     0.96100
  11.97752     0.95358     1.00258     0.97684
  12.04297     0.98659     0.99028     0.99027
  12.10842     1.00754     1.01774     1.01410
  12.17387     0.94539     0.98223     0.98644
  12.23932     1.03359     1.00493     1.00111
  12.30478     1.03355     0.98798     0.99103
  12.37023     1.05183     0.99866     0.98030
  12.43568     1.00334     0.99728     1.00032
  12.50113     0.97170     0.98051     0.98536
  12.56658     1.00874     1.01044     0.99797
  12.63203     0.99520     0.99221     1.00975
  12.69748     1.04653     0.98021     1.01223
  12.76293     1.00840     1.00629     0.99169
  12.82838     0.90064     0.98900     0.99949
  12.89383     1.01092     0.99542     1.00533
  12.95928     1.05786     0.98490     1.02582
  13.02474     0.95852     1.00017     1.01236
  13.09019     0.96054     1.00083     0.97104
  13.15564     1.03894     0.99209     1.00310
  13.22109     0.98420     0.99414     0.98394
  13.28654     1.00920     1.02308     1.00739
  13.35199     0.97614     0.99310     0.98568
  13.41744     1.05025     0.98182     0.98115
  13.48289     1.01824     0.99578     1.00861
  13.54834     0.97959     0.98528     0.99437
  13.61379     0.96127     1.01783     0.99311
  13.67925     0.99806     1.03246     1.01244
  13.74470     0.97807     0.96763     0.98658
  13.81015     1.01045     1.01450     0.98486
  13.87560     1.00438     0.97312     0.99454
  13.94105     1.05880     1.00854     1.00614
  14.00650     1.01773     0.99787     0.97203
  14.07195     0.97487     1.00199     1.01034
  14.13740     0.99566     0.98880     0.99146
  14.20285     0.96601     1.02426     0.98995
  14.26830     1.00998     0.98803     1.00187
  14.33375     0.97099     0.98689     1.01717
  14.39921     0.96537     1.00830     1.02814
  14.46466     1.00014     0.98732     0.99369
  14.53011     0.99663     1.00551     0.99576
  14.59556     0.97529     0.99865     1.00729
  14.66101     0.98199     0.98783     1.00661
  14.72646     1.00227     1.00199     0.98583
  14.79191     1.03198     1.01699     0.98357
  14.85736     1.02890     0.99379     1.00442
  14.92281     1.00207     0.98602     0.97365
  14.98826     0.99260     1.00029     1.00301
  15.05371     1.01610     1.00604     0.99156
  15.11917     0.98489     1.00333     0.99134
  15.18462     1.02090     0.99901     1.00674
  15.25007     1.00504     1.00577     0.98581
  15.31552     0.96826     0.97918     1.01082
  15.38097     0.95794     1.02969     0.98768
  15.44642     1.05176     1.00327     1.00228
  15.51187     0.99409     0.96884     0.99625
  15.57732     1.02734     1.00611     0.99900
  15.64277     1.00727     0.99382     1.00439
  15.70822     1.02839     1.00049     1.00545
  15.77368     0.98663     0.98505     0.99712
  15.83913     1.01476     0.98352     0.99981
  15.90458     0.95738     1.01474     1.01750
  15.97003     1.00468     1.02300     0.99991
  16.03548     0.95210     1.00436     0.97580

PDF 1 in D(r) format
  r, PDF (RMC), PDF (Expt)
 CURVES
         245 ,           2
      0.0654509       -0.0517669       -0.0518487
      0.1309019       -0.1035338       -0.1036974
      0.1963528       -0.1553008       -0.1555461
      0.2618037       -0.2070677       -0.2073949
      0.3272547       -0.2588346       -0.2592436
      0.3927056       -0.3106015       -0.3110923
      0.4581565       -0.3623685       -0.3629410
      0.5236075       -0.4141354       -0.4147897
      0.5890584       -0.4659023       -0.4666384
      0.6545093       -0.5176692       -0.5184872
      0.7199603       -0.5694362       -0.5703359
      0.7854112       -0.6212031       -0.6221846
      0.8508621       -0.6729700       -0.6740333
      0.9163131       -0.7247369       -0.7258820
      0.9817640       -0.7765038       -0.7777307
      1.0472149       -0.8282708       -0.8295794
      1.1126659       -0.8800377       -0.8814282
      1.1781168       -0.9228715       -0.9332769
      1.2435677       -0.8372379       -0.8534496
      1.3090187       -0.6197510       -0.6131118
      1.3744696       -0.2720329       -0.2675095
      1.4399206        0.1739205        0.1694371
      1.5053715        0.6634156        0.6565243
      1.5708224        1.1283703        1.1273298
      1.6362734        1.4961771        1.5020358
      1.7017243        1.7000423        1.7065797
      1.7671752        1.6926195        1.6929626
      1.8326262        1.4603888        1.4532894
      1.8980771        1.0318812        1.0222271
      1.9635280        0.4732584        0.4671657
      2.0289790       -0.1292041       -0.1297703
      2.0944299       -0.6925603       -0.6909222
      2.1598808       -1.1558746       -1.1570597
      2.2253318       -1.4867770       -1.4928737
      2.2907827       -1.6762339       -1.6848480
      2.3562336       -1.7283821       -1.7351978
      2.4216846       -1.6532459       -1.6560100
      2.4871355       -1.4657395       -1.4660184
      2.5525864       -1.1885598       -1.1899441
      2.6180374       -0.8538658       -0.8585565
      2.6834883       -0.5004375       -0.5073901
      2.7489392       -0.1670824       -0.1732126
      2.8143902        0.1141614        0.1110648
      2.8798411        0.3218967        0.3213035
      2.9452920        0.4457773        0.4451695
      3.0107430        0.4851266        0.4824624
      3.0761939        0.4475472        0.4430559
      3.1416448        0.3477995        0.3435209
      3.2070958        0.2059504        0.2036099
      3.2725467        0.0440758        0.0433831
      3.3379976       -0.1177457       -0.1187926
      3.4034486       -0.2643541       -0.2675069
      3.4688995       -0.3860295       -0.3910444
      3.5343504       -0.4769634       -0.4817000
      3.5998014       -0.5333736       -0.5356468
      3.6652523       -0.5528168       -0.5523286
      3.7307032       -0.5348321       -0.5334799
      3.7961542       -0.4817175       -0.4820485
      3.8616051       -0.3982071       -0.4013945
      3.9270560       -0.2900455       -0.2950839
      3.9925070       -0.1627037       -0.1673695
      4.0579579       -0.0215330       -0.0241362
      4.1234088        0.1266106        0.1261923
      4.1888598        0.2716964        0.2723982
      4.2543107        0.4005689        0.4013251
      4.3197617        0.4993711        0.4999057
      4.3852126        0.5573219        0.5579204
      4.4506635        0.5699269        0.5706504
      4.5161145        0.5401764        0.5404934
      4.5815654        0.4775937        0.4768946
      4.6470163        0.3960229        0.3945010
      4.7124673        0.3111293        0.3100504
      4.7779182        0.2379894        0.2389058
      4.8433691        0.1887015        0.1921862
      4.9088201        0.1701405        0.1751535
      4.9742710        0.1825317        0.1870475
      5.0397219        0.2196861        0.2221259
      5.1051729        0.2711134        0.2714185
      5.1706238        0.3251904        0.3246760
      5.2360747        0.3719512        0.3721221
      5.3015257        0.4044324        0.4057974
      5.3669766        0.4185699        0.4204222
      5.4324275        0.4125362        0.4137823
      5.4978785        0.3864438        0.3866722
      5.5633294        0.3425911        0.3424457
      5.6287803        0.2856482        0.2862556
      5.6942313        0.2220698        0.2241078
      5.7596822        0.1586528        0.1618886
      5.8251331        0.1009102        0.1045309
      5.8905841        0.0521260        0.0554532
      5.9560350        0.0134359        0.0163396
      6.0214859       -0.0154547       -0.0127492
      6.0869369       -0.0356117       -0.0330101
      6.1523878       -0.0486402       -0.0463926
      6.2178387       -0.0566691       -0.0550755
      6.2832897       -0.0620999       -0.0610231
      6.3487406       -0.0669579       -0.0656874
      6.4141915       -0.0722007       -0.0698832
      6.4796425       -0.0775296       -0.0738326
      6.5450934       -0.0819144       -0.0773422
      6.6105443       -0.0844740       -0.0800461
      6.6759953       -0.0850774       -0.0816346
      6.7414462       -0.0842893       -0.0819946
      6.8068971       -0.0828314       -0.0812235
      6.8723481       -0.0810753       -0.0795316
      6.9377990       -0.0789382       -0.0770901
      7.0032500       -0.0761215       -0.0739047
      7.0687009       -0.0723382       -0.0697680
      7.1341518       -0.0672887       -0.0643088
      7.1996028       -0.0605029       -0.0571109
      7.2650537       -0.0513721       -0.0478599
      7.3305046       -0.0395136       -0.0364748
      7.3959556       -0.0252329       -0.0231996
      7.4614065       -0.0096549       -0.0086339
      7.5268574        0.0056672        0.0063070
      7.5923084        0.0194065        0.0205123
      7.6577593        0.0308726        0.0328600
      7.7232102        0.0398877        0.0424277
      7.7886612        0.0463329        0.0486684
      7.8541121        0.0498678        0.0514967
      7.9195630        0.0501469        0.0512661
      7.9850140        0.0473422        0.0486557
      8.0504649        0.0424434        0.0445208
      8.1159158        0.0369685        0.0397538
      8.1813668        0.0322559        0.0351810
      8.2468177        0.0289154        0.0314893
      8.3122686        0.0268889        0.0291696
      8.3777196        0.0260125        0.0284731
      8.4431705        0.0264979        0.0293933
      8.5086214        0.0288275        0.0316932
      8.5740724        0.0331361        0.0349786
      8.6395233        0.0386935        0.0387958
      8.7049742        0.0440788        0.0427171
      8.7704252        0.0480221        0.0463866
      8.8358761        0.0502338        0.0495222
      8.9013270        0.0514681        0.0518944
      8.9667780        0.0527003        0.0533069
      9.0322289        0.0540933        0.0535976
      9.0976798        0.0546709        0.0526551
      9.1631308        0.0530426        0.0504400
      9.2285817        0.0486040        0.0469993
      9.2940326        0.0421854        0.0424687
      9.3594836        0.0355510        0.0370656
      9.4249345        0.0301279        0.0310740
      9.4903854        0.0260116        0.0248209
      9.5558364        0.0220827        0.0186461
      9.6212873        0.0171281        0.0128694
      9.6867382        0.0110185        0.0077661
      9.7521892        0.0049547        0.0035531
      9.8176401        0.0005941        0.0003809
      9.8830911       -0.0011968       -0.0016802
      9.9485420       -0.0009402       -0.0026672
     10.0139929       -0.0000631       -0.0027579
     10.0794439        0.0001882       -0.0022864
     10.1448948       -0.0004999       -0.0017177
     10.2103457       -0.0016512       -0.0015722
     10.2757967       -0.0027888       -0.0023167
     10.3412476       -0.0040897       -0.0042560
     10.4066985       -0.0063168       -0.0074601
     10.4721495       -0.0101256       -0.0117477
     10.5376004       -0.0153903       -0.0167238
     10.6030513       -0.0211351       -0.0218611
     10.6685023       -0.0261000       -0.0266021
     10.7339532       -0.0294467       -0.0304673
     10.7994041       -0.0310703       -0.0331461
     10.8648551       -0.0313961       -0.0345501
     10.9303060       -0.0309767       -0.0348108
     10.9957569       -0.0302643       -0.0342206
     11.0612079       -0.0296298       -0.0331368
     11.1266588       -0.0294011       -0.0318840
     11.1921097       -0.0297194       -0.0306890
     11.2575607       -0.0303197       -0.0296615
     11.3230116       -0.0305552       -0.0288136
     11.3884625       -0.0298251       -0.0280945
     11.4539135       -0.0281368       -0.0274248
     11.5193644       -0.0262759       -0.0267245
     11.5848153       -0.0252989       -0.0259412
     11.6502663       -0.0256619       -0.0250773
     11.7157172       -0.0267144       -0.0242068
     11.7811681       -0.0270871       -0.0234649
     11.8466191       -0.0257717       -0.0230042
     11.9120700       -0.0230468       -0.0229319
     11.9775209       -0.0204389       -0.0232586
     12.0429719       -0.0196555       -0.0238866
     12.1084228       -0.0212947       -0.0246458
     12.1738737       -0.0243608       -0.0253574
     12.2393247       -0.0269900       -0.0258934
     12.3047756       -0.0278121       -0.0262058
     12.3702265       -0.0268689       -0.0263212
     12.4356775       -0.0254008       -0.0263143
     12.5011284       -0.0247529       -0.0262769
     12.5665794       -0.0253426       -0.0262952
     12.6320303       -0.0265025       -0.0264328
     12.6974812       -0.0272190       -0.0267167
     12.7629322       -0.0270449       -0.0271299
     12.8283831       -0.0263986       -0.0276147
     12.8938340       -0.0260782       -0.0280922
     12.9592850       -0.0265192       -0.0284915
     13.0247359       -0.0274851       -0.0287729
     13.0901868       -0.0284038       -0.0289324
     13.1556378       -0.0289393       -0.0289854
     13.2210887       -0.0292100       -0.0289409
     13.2865396       -0.0294712       -0.0287861
     13.3519906       -0.0296480       -0.0284911
     13.4174415       -0.0292618       -0.0280304
     13.4828924       -0.0278901       -0.0274073
     13.5483434       -0.0257264       -0.0266666
     13.6137943       -0.0236435       -0.0258888
     13.6792452       -0.0225971       -0.0251708
     13.7446962       -0.0228445       -0.0246014
     13.8101471       -0.0236870       -0.0242406
     13.8755980       -0.0240181       -0.0241073
     13.9410490       -0.0232430       -0.0241769
     14.0064999       -0.0217760       -0.0243891
     14.0719508       -0.0206738       -0.0246652
     14.1374018       -0.0207183       -0.0249274
     14.2028527       -0.0217534       -0.0251127
     14.2683036       -0.0228456       -0.0251755
     14.3337546       -0.0231077       -0.0250812
     14.3992055       -0.0224360       -0.0247990
     14.4646564       -0.0215112       -0.0243048
     14.5301074       -0.0210955       -0.0235949
     14.5955583       -0.0212905       -0.0227000
     14.6610092       -0.0214449       -0.0216851
     14.7264602       -0.0207832       -0.0206269
     14.7919111       -0.0191670       -0.0195808
     14.8573620       -0.0172799       -0.0185555
     14.9228130       -0.0160625       -0.0175150
     14.9882639       -0.0159052       -0.0164078
     15.0537148       -0.0163160       -0.0152058
     15.1191658       -0.0163399       -0.0139287
     15.1846167       -0.0153342       -0.0126392
     15.2500676       -0.0134238       -0.0114166
     15.3155186       -0.0112886       -0.0103254
     15.3809695       -0.0095508       -0.0094004
     15.4464205       -0.0083397       -0.0086500
     15.5118714       -0.0073725       -0.0080674
     15.5773223       -0.0063673       -0.0076377
     15.6427733       -0.0053327       -0.0073324
     15.7082242       -0.0044918       -0.0071016
     15.7736751       -0.0040246       -0.0068728
     15.8391261       -0.0039886       -0.0065646
     15.9045770       -0.0044993       -0.0061094
     15.9700279       -0.0058526       -0.0054732
     16.0354789       -0.0082360       -0.0046632
