 Results from RMCProfile version 6.7.9.5

 (Version 6f format configuration file)                                          

 2 experiments   3 partials

 Partial g(r)'s are printed out below

   128  3 are NR and NPAR

   r (Ang)
   0.06545     0.00000     0.00000     0.00000
   0.13090     0.00000     0.00000     0.00000
   0.19635     0.00000     0.00000     0.00000
   0.26180     0.00000     0.00000     0.00000
   0.32725     0.00000     0.00000     0.00000
   0.39271     0.00000     0.00000     0.00000
   0.45816     0.00000     0.00000     0.00000
   0.52361     0.00000     0.00000     0.00000
   0.58906     0.00000     0.00000     0.00000
   0.65451     0.00000     0.00000     0.00000
   0.71996     0.00000     0.00000     0.00000
   0.78541     0.00000     0.00000     0.00000
   0.85086     0.00000     0.00000     0.00000
   0.91631     0.00000     0.00000     0.00000
   0.98176     0.00000     0.00000     0.00000
   1.04721     0.00000     0.00000     0.00000
   1.11267     0.00000     0.00000     0.00000
   1.17812     0.00000     0.00000     0.00000
   1.24357     0.00000     0.00000     0.00000
   1.30902     0.00000     0.00000     0.00000
   1.37447     0.00000     0.00000     0.00000
   1.43992     0.00000     2.48171     1.37873
   1.50537     0.00000     9.36636     5.83426
   1.57082     0.00000     5.99547     3.33082
   1.63627     0.00000     8.88883     4.13744
   1.70172     0.00000     9.55101     4.56573
   1.76718     0.00000     7.41492     3.66169
   1.83263     0.00000     0.00000     0.53201
   1.89808     0.00000     0.00000     1.09109
   1.96353     0.00000     0.00000     0.92688
   2.02898     0.00000     0.00000     0.60764
   2.09443     0.00000     0.00000     1.05905
   2.15988     0.00000     0.00000     1.53207
   2.22533     0.00000     0.00000     1.01029
   2.29078     0.00000     0.00000     1.02149
   2.35623     0.00000     0.17380     0.83679
   2.42168     0.00000     0.21937     1.03592
   2.48714     0.00000     0.20798     0.80881
   2.55259     0.00000     0.19745     0.82271
   2.61804     0.00000     0.46925     0.83423
   2.68349     0.00000     1.25060     1.68732
   2.74894     0.00000     0.97895     1.18230
   2.81439     0.00000     0.97455     1.62426
   2.87984     0.83768     1.08589     1.20654
   2.94529     2.66956     1.40894     1.56549
   3.01074     2.55476     0.78062     1.02506
   3.07619     2.20249     1.08765     1.20850
   3.14164     1.64242     0.55399     0.86900
   3.20710     2.13895     0.53161     1.11186
   3.27255     2.16236     0.72079     0.90099
   3.33800     3.22152     0.69280     0.99430
   3.40345     2.89889     0.61088     1.01813
   3.46890     2.88676     0.58804     0.44549
   3.53435     2.31736     1.00419     0.57219
   3.59980     1.34032     0.99283     0.96525
   3.66525     0.34477     1.02951     0.39904
   3.73070     0.91514     0.78572     0.77032
   3.79615     0.48210     0.55799     0.64479
   3.86161     0.62120     0.66865     0.62311
   3.92706     0.45050     0.62569     0.88060
   3.99251     0.79906     0.84748     0.91923
   4.05796     0.35159     1.23055     0.78130
   4.12341     0.54482     1.07829     0.84077
   4.18886     0.39595     1.06319     0.89617
   4.25431     0.70374     1.43946     0.92805
   4.31976     1.11694     1.27552     1.18742
   4.38521     0.90321     1.23773     0.96639
   4.45066     0.35073     1.20159     1.22685
   4.51611     1.02193     1.40357     1.01632
   4.58157     0.55163     1.02665     0.90236
   4.64702     0.58982     0.86388     0.89367
   4.71247     0.78212     0.98489     0.98167
   4.77792     0.76084     1.14126     0.92365
   4.84337     0.78977     1.00093     0.71604
   4.90882     0.57664     0.92102     0.90471
   4.97427     0.51477     0.92294     0.79440
   5.03972     0.50149     1.03843     0.91461
   5.10517     0.97742     0.91325     1.02843
   5.17062     0.95283     0.95043     1.13623
   5.23607     0.71799     0.78603     0.95158
   5.30153     1.11235     0.92696     1.04267
   5.36698     1.16578     0.75932     1.24072
   5.43243     1.02015     0.88282     0.81138
   5.49788     1.14924     0.70231     0.83947
   5.56333     1.27201     0.81059     1.20088
   5.62878     1.13296     1.17763     1.06031
   5.69423     1.21420     0.77375     1.02506
   5.75968     1.08204     0.94049     1.01267
   5.82513     1.16024     1.03322     1.13749
   5.89058     1.10123     0.92696     0.99906
   5.95604     0.75075     0.92483     0.94700
   6.02149     1.14968     1.07339     1.02509
   6.08694     0.71881     0.98098     0.96458
   6.15239     1.46837     0.94322     1.03858
   6.21784     1.10816     1.08986     1.05381
   6.28329     0.67458     0.90433     1.00481
   6.34874     1.17785     0.93366     0.97533
   6.41419     0.98507     1.10234     1.12058
   6.47964     1.07558     0.96527     0.84269
   6.54509     0.89200     1.16380     0.92604
   6.61054     1.32488     0.89061     1.03864
   6.67600     1.27305     1.01036     1.01036
   6.74145     0.86627     1.06869     1.00656
   6.80690     1.24955     1.09683     0.96416
   6.87235     1.27490     0.97388     0.90805
   6.93780     1.01039     0.95559     0.91327
   7.00325     0.68467     0.91158     0.94000
   7.06870     0.85744     1.03640     1.02996
   7.13415     0.88728     1.13754     1.08137
   7.19960     1.00526     1.15419     1.04801
   7.26505     1.16273     1.03598     1.14432
   7.33050     1.01277     0.96968     1.06412
   7.39596     0.76207     0.97023     0.94736
   7.46141     1.20634     1.03995     1.07846
   7.52686     1.08326     0.98220     0.96516
   7.59231     0.70308     1.13831     1.02920
   7.65776     1.08603     1.00924     0.96292
   7.72321     0.99005     1.01378     1.13241
   7.78866     1.01166     1.07634     0.91904
   7.85411     0.97609     0.97505     0.97331
   7.91956     1.01541     0.95387     1.06556
   7.98501     0.88987     1.18549     1.10421
   8.05046     0.94693     1.12162     0.97053
   8.11592     1.24815     0.96688     0.99292
   8.18137     0.96877     0.99472     1.16931
   8.24682     1.08966     1.02155     0.92486
   8.31227     0.93849     0.96829     1.06036
   8.37772     1.13836     0.91197     1.02349

 Partial S(Q)'s are printed out below

   494  3 are NQ and NPAR

      Q          S(Q)_1      S(Q)_2      S(Q)_3
  0.4682470    -2.6132388     0.3782904     0.2596030
  0.4982822    -2.5839755     0.4340282     0.2828828
  0.5283174    -2.5370722     0.5052729     0.3246721
  0.5583526    -2.4735291     0.5907813     0.3835775
  0.5883878    -2.3949356     0.6887548     0.4575368
  0.6184230    -2.3033991     0.7969028     0.5439131
  0.6484582    -2.2014564     0.9125263     0.6396100
  0.6784934    -2.0919701     1.0326176     0.7412035
  0.7085286    -1.9780152     1.1539723     0.8450852
  0.7385638    -1.8627613     1.2733087     0.9476089
  0.7685990    -1.7493549     1.3873906     1.0452346
  0.7986342    -1.6408072     1.4931468     1.1346641
  0.8286694    -1.5398915     1.5877845     1.2129611
  0.8587046    -1.4490532     1.6688900     1.2776533
  0.8887398    -1.3703364     1.7345148     1.3268095
  0.9187750    -1.3053290     1.7832412     1.3590920
  0.9488102    -1.2551266     1.8142272     1.3737809
  0.9788454    -1.2203162     1.8272277     1.3707716
  1.0088806    -1.2009787     1.8225917     1.3505458
  1.0389158    -1.1967087     1.8012358     1.3141189
  1.0689510    -1.2066501     1.7645958     1.2629667
  1.0989862    -1.2295434     1.7145575     1.1989368
  1.1290214    -1.2637836     1.6533712     1.1241483
  1.1590566    -1.3074835     1.5835532     1.0408857
  1.1890918    -1.3585414     1.5077774     0.9514922
  1.2191270    -1.4147088     1.4287634     0.8582674
  1.2491622    -1.4736551     1.3491653     0.7633737
  1.2791974    -1.5330292     1.2714644     0.6687570
  1.3092326    -1.5905142     1.1978724     0.5760819
  1.3392678    -1.6438749     1.1302478     0.4866872
  1.3693030    -1.6909977     1.0700286     0.4015601
  1.3993382    -1.7299226     1.0181846     0.3213303
  1.4293734    -1.7588686     0.9751901     0.2462840
  1.4594086    -1.7762515     0.9410188     0.1763939
  1.4894438    -1.7806972     0.9151598     0.1113648
  1.5194790    -1.7710511     0.8966538     0.0506901
  1.5495142    -1.7463843     0.8841481    -0.0062839
  1.5795494    -1.7059987     0.8759665    -0.0602902
  1.6095846    -1.6494311     0.8701924    -0.1120735
  1.6396198    -1.5764587     0.8647598    -0.1623262
  1.6696551    -1.4871038     0.8575485    -0.2116328
  1.6996903    -1.3816402     0.8464801    -0.2604235
  1.7297255    -1.2605997     0.8296097    -0.3089414
  1.7597607    -1.1247775     0.8052100    -0.3572226
  1.7897959    -0.9752368     0.7718436    -0.4050914
  1.8198311    -0.8133103     0.7284226    -0.4521697
  1.8498663    -0.6405976     0.6742505    -0.4978992
  1.8799015    -0.4589573     0.6090476    -0.5415760
  1.9099367    -0.2704921     0.5329582    -0.5823931
  1.9399719    -0.0775266     0.4465392    -0.6194909
  1.9700071     0.1174235     0.3507329    -0.6520098
  2.0000423     0.3116911     0.2468241    -0.6791442
  2.0300775     0.5025046     0.1363847    -0.7001927
  2.0601127     0.6870439     0.0212082    -0.7146041
  2.0901479     0.8625012    -0.0967618    -0.7220137
  2.1201831     1.0261477    -0.2155075    -0.7222711
  2.1502183     1.1754016    -0.3330114    -0.7154561
  2.1802535     1.3078967    -0.4473287    -0.7018821
  2.2102887     1.4215483    -0.5566525    -0.6820882
  2.2403239     1.5146129    -0.6593704    -0.6568191
  2.2703591     1.5857413    -0.7541106    -0.6269954
  2.3003943     1.6340194    -0.8397753    -0.5936745
  2.3304295     1.6589979    -0.9155609    -0.5580057
  2.3604647     1.6607073    -0.9809655    -0.5211810
  2.3904999     1.6396579    -1.0357829    -0.4843847
  2.4205351     1.5968238    -1.0800860    -0.4487439
  2.4505703     1.5336129    -1.1141988    -0.4152827
  2.4806055     1.4518216    -1.1386613    -0.3848821
  2.5106407     1.3535777    -1.1541882    -0.3582481
  2.5406759     1.2412728    -1.1616240    -0.3358880
  2.5707111     1.1174873    -1.1618973    -0.3180974
  2.6007463     0.9849105    -1.1559760    -0.3049569
  2.6307815     0.8462604    -1.1448265    -0.2963398
  2.6608167     0.7042043    -1.1293773    -0.2919280
  2.6908519     0.5612854    -1.1104900    -0.2912374
  2.7208871     0.4198577    -1.0889367    -0.2936490
  2.7509223     0.2820304    -1.0653867    -0.2984456
  2.7809575     0.1496260    -1.0403996    -0.3048514
  2.8109927     0.0241515    -1.0144273    -0.3120721
  2.8410279    -0.0932160    -0.9878209    -0.3193338
  2.8710631    -0.2016287    -0.9608448    -0.3259196
  2.9010983    -0.3005545    -0.9336927    -0.3312006
  2.9311335    -0.3897512    -0.9065073    -0.3346613
  2.9611687    -0.4692302    -0.8794000    -0.3359179
  2.9912039    -0.5392126    -0.8524694    -0.3347295
  3.0212391    -0.6000798    -0.8258181    -0.3310007
  3.0512743    -0.6523226    -0.7995651    -0.3247775
  3.0813095    -0.6964900    -0.7738540    -0.3162361
  3.1113447    -0.7331421    -0.7488563    -0.3056656
  3.1413799    -0.7628080    -0.7247696    -0.2934464
  3.1714151    -0.7859523    -0.7018103    -0.2800253
  3.2014503    -0.8029502    -0.6802021    -0.2658876
  3.2314855    -0.8140727    -0.6601617    -0.2515306
  3.2615207    -0.8194830    -0.6418805    -0.2374366
  3.2915559    -0.8192425    -0.6255070    -0.2240488
  3.3215911    -0.8133256    -0.6111283    -0.2117504
  3.3516263    -0.8016436    -0.5987536    -0.2008483
  3.3816615    -0.7840732    -0.5883006    -0.1915606
  3.4116967    -0.7604899    -0.5795865    -0.1840099
  3.4417319    -0.7308023    -0.5723234    -0.1782216
  3.4717671    -0.6949856    -0.5661195    -0.1741265
  3.5018023    -0.6531123    -0.5604864    -0.1715680
  3.5318375    -0.6053771    -0.5548520    -0.1703129
  3.5618727    -0.5521158    -0.5485787    -0.1700646
  3.5919079    -0.4938148    -0.5409860    -0.1704788
  3.6219431    -0.4311129    -0.5313775    -0.1711797
  3.6519783    -0.3647934    -0.5190687    -0.1717767
  3.6820135    -0.2957669    -0.5034167    -0.1718799
  3.7120487    -0.2250467    -0.4838493    -0.1711148
  3.7420839    -0.1537176    -0.4598908    -0.1691346
  3.7721191    -0.0828990    -0.4311858    -0.1656310
  3.8021543    -0.0137056    -0.3975168    -0.1603412
  3.8321895     0.0527931    -0.3588172    -0.1530537
  3.8622247     0.1156118    -0.3151772    -0.1436110
  3.8922599     0.1738856    -0.2668435    -0.1319105
  3.9222951     0.2268993    -0.2142115    -0.1179030
  3.9523303     0.2741120    -0.1578125    -0.1015903
  3.9823655     0.3151715    -0.0982936    -0.0830219
  4.0124007     0.3499206    -0.0363944    -0.0622905
  4.0424359     0.3783945     0.0270808    -0.0395274
  4.0724711     0.4008084     0.0912924    -0.0148990
  4.1025063     0.4175376     0.1553955     0.0113980
  4.1325415     0.4290896     0.2185696     0.0391397
  4.1625767     0.4360716     0.2800456     0.0680785
  4.1926119     0.4391533     0.3391294     0.0979449
  4.2226471     0.4390286     0.3952214     0.1284507
  4.2526823     0.4363767     0.4478304     0.1592910
  4.2827175     0.4318268     0.4965821     0.1901464
  4.3127527     0.4259253     0.5412213     0.2206857
  4.3427879     0.4191102     0.5816090     0.2505694
  4.3728231     0.4116915     0.6177137     0.2794539
  4.4028583     0.4038403     0.6495990     0.3069960
  4.4328935     0.3955852     0.6774066     0.3328590
  4.4629287     0.3868186     0.7013378     0.3567192
  4.4929639     0.3773092     0.7216335     0.3782730
  4.5229991     0.3667225     0.7385539     0.3972452
  4.5530343     0.3546472     0.7523598     0.4133959
  4.5830695     0.3406254     0.7632959     0.4265286
  4.6131047     0.3241858     0.7715769     0.4364967
  4.6431399     0.3048773     0.7773781     0.4432094
  4.6731751     0.2823023     0.7808291     0.4466353
  4.7032103     0.2561471     0.7820126     0.4468053
  4.7332455     0.2262073     0.7809669     0.4438125
  4.7632807     0.1924092     0.7776920     0.4378098
  4.7933159     0.1548238     0.7721592     0.4290059
  4.8233511     0.1136737     0.7643222     0.4176586
  4.8533863     0.0693334     0.7541308     0.4040656
  4.8834215     0.0223222     0.7415439     0.3885549
  4.9134567    -0.0267097     0.7265422     0.3714725
  4.9434919    -0.0770009     0.7091395     0.3531708
  4.9735271    -0.1277028     0.6893922     0.3339955
  5.0035623    -0.1779078     0.6674044     0.3142744
  5.0335975    -0.2266791     0.6433316     0.2943059
  5.0636327    -0.2730813     0.6173788     0.2743506
  5.0936679    -0.3162112     0.5897967     0.2546237
  5.1237031    -0.3552250     0.5608738     0.2352907
  5.1537383    -0.3893644     0.5309260     0.2164656
  5.1837735    -0.4179777     0.5002836     0.1982118
  5.2138087    -0.4405365     0.4692776     0.1805460
  5.2438439    -0.4566475     0.4382256     0.1634443
  5.2738791    -0.4660599     0.4074172     0.1468504
  5.3039143    -0.4686665     0.3771020     0.1306857
  5.3339495    -0.4645015     0.3474790     0.1148602
  5.3639847    -0.4537337     0.3186889     0.0992839
  5.3940199    -0.4366561     0.2908102     0.0838773
  5.4240551    -0.4136731     0.2638578     0.0685821
  5.4540903    -0.3852862     0.2377867     0.0533689
  5.4841255    -0.3520775     0.2124982     0.0382433
  5.5141607    -0.3146940     0.1878492     0.0232500
  5.5441959    -0.2738312     0.1636647     0.0084729
  5.5742311    -0.2302182     0.1397515    -0.0059667
  5.6042663    -0.1846034     0.1159130    -0.0199154
  5.6343015    -0.1377410     0.0919644    -0.0331951
  5.6643367    -0.0903802     0.0677463    -0.0456133
  5.6943719    -0.0432541     0.0431376    -0.0569739
  5.7244071     0.0029290     0.0180655    -0.0670902
  5.7544423     0.0474940    -0.0074883    -0.0757973
  5.7844775     0.0898071    -0.0334833    -0.0829644
  5.8145127     0.1292820    -0.0598207    -0.0885054
  5.8445479     0.1653875    -0.0863475    -0.0923881
  5.8745831     0.1976540    -0.1128632    -0.0946404
  5.9046183     0.2256802    -0.1391305    -0.0953535
  5.9346535     0.2491396    -0.1648875    -0.0946823
  5.9646887     0.2677867    -0.1898622    -0.0928415
  5.9947239     0.2814628    -0.2137866    -0.0900990
  6.0247591     0.2901003    -0.2364123    -0.0867661
  6.0547943     0.2937271    -0.2575232    -0.0831843
  6.0848295     0.2924674    -0.2769477    -0.0797113
  6.1148647     0.2865422    -0.2945674    -0.0767044
  6.1448999     0.2762659    -0.3103235    -0.0745040
  6.1749351     0.2620413    -0.3242187    -0.0734173
  6.2049703     0.2443510    -0.3363162    -0.0737029
  6.2350055     0.2237460    -0.3467348    -0.0755574
  6.2650407     0.2008318    -0.3556407    -0.0791051
  6.2950759     0.1762517    -0.3632369    -0.0843905
  6.3251111     0.1506682    -0.3697495    -0.0913744
  6.3551463     0.1247435    -0.3754138    -0.0999343
  6.3851815     0.0991181    -0.3804593    -0.1098685
  6.4152167     0.0743913    -0.3850948    -0.1209040
  6.4452519     0.0511012    -0.3894955    -0.1327081
  6.4752871     0.0297081    -0.3937914    -0.1449026
  6.5053223     0.0105793    -0.3980593    -0.1570801
  6.5353575    -0.0060213    -0.4023171    -0.1688223
  6.5653927    -0.0199401    -0.4065226    -0.1797185
  6.5954279    -0.0311361    -0.4105749    -0.1893832
  6.6254631    -0.0396780    -0.4143205    -0.1974738
  6.6554983    -0.0457371    -0.4175619    -0.2037050
  6.6855335    -0.0495752    -0.4200687    -0.2078609
  6.7155687    -0.0515290    -0.4215917    -0.2098038
  6.7456039    -0.0519907    -0.4218773    -0.2094797
  6.7756391    -0.0513866    -0.4206827    -0.2069186
  6.8056743    -0.0501541    -0.4177907    -0.2022325
  6.8357095    -0.0487189    -0.4130228    -0.1956083
  6.8657447    -0.0474725    -0.4062506    -0.1872981
  6.8957799    -0.0467522    -0.3974042    -0.1776062
  6.9258151    -0.0468240    -0.3864773    -0.1668745
  6.9558503    -0.0478697    -0.3735293    -0.1554656
  6.9858855    -0.0499778    -0.3586830    -0.1437467
  7.0159207    -0.0531405    -0.3421197    -0.1320721
  7.0459559    -0.0572556    -0.3240704    -0.1207682
  7.0759911    -0.0621328    -0.3048053    -0.1101198
  7.1060263    -0.0675060    -0.2846206    -0.1003585
  7.1360615    -0.0730490    -0.2638245    -0.0916551
  7.1660967    -0.0783946    -0.2427227    -0.0841140
  7.1961319    -0.0831564    -0.2216049    -0.0777720
  7.2261671    -0.0869510    -0.2007317    -0.0726003
  7.2562023    -0.0894213    -0.1803246    -0.0685098
  7.2862375    -0.0902572    -0.1605579    -0.0653587
  7.3162727    -0.0892151    -0.1415537    -0.0629635
  7.3463079    -0.0861331    -0.1233805    -0.0611108
  7.3763431    -0.0809422    -0.1060549    -0.0595706
  7.4063783    -0.0736733    -0.0895461    -0.0581103
  7.4364135    -0.0644576    -0.0737838    -0.0565073
  7.4664487    -0.0535226    -0.0586679    -0.0545618
  7.4964839    -0.0411833    -0.0440799    -0.0521070
  7.5265191    -0.0278277    -0.0298951    -0.0490173
  7.5565543    -0.0138992    -0.0159946    -0.0452141
  7.5865896     0.0001242    -0.0022770    -0.0406691
  7.6166248     0.0137525     0.0113314    -0.0354040
  7.6466600     0.0265073     0.0248694    -0.0294876
  7.6766952     0.0379446     0.0383356    -0.0230311
  7.7067304     0.0476761     0.0516859    -0.0161801
  7.7367656     0.0553874     0.0648349    -0.0091052
  7.7668008     0.0608529     0.0776603    -0.0019920
  7.7968360     0.0639461     0.0900092     0.0049705
  7.8268712     0.0646444     0.1017084     0.0116009
  7.8569064     0.0630297     0.1125752     0.0177356
  7.8869416     0.0592826     0.1224304     0.0232388
  7.9169768     0.0536729     0.1311106     0.0280095
  7.9470120     0.0465447     0.1384816     0.0319876
  7.9770472     0.0382990     0.1444489     0.0351573
  8.0070824     0.0293726     0.1489677     0.0375476
  8.0371176     0.0202167     0.1520493     0.0392313
  8.0671528     0.0112738     0.1537649     0.0403206
  8.0971880     0.0029566     0.1542463     0.0409615
  8.1272232    -0.0043719     0.1536823     0.0413258
  8.1572584    -0.0104152     0.1523127     0.0416022
  8.1872936    -0.0149565     0.1504184     0.0419863
  8.2173288    -0.0178674     0.1483096     0.0426702
  8.2473640    -0.0191120     0.1463110     0.0438326
  8.2773992    -0.0187465     0.1447468     0.0456293
  8.3074344    -0.0169130     0.1439249     0.0481849
  8.3374696    -0.0138301     0.1441210     0.0515867
  8.3675048    -0.0097793     0.1455646     0.0558792
  8.3975400    -0.0050879     0.1484269     0.0610615
  8.4275752    -0.0001104     0.1528109     0.0670873
  8.4576104     0.0047911     0.1587459     0.0738659
  8.4876456     0.0092675     0.1661840     0.0812658
  8.5176808     0.0130011     0.1750015     0.0891207
  8.5477160     0.0157231     0.1850036     0.0972360
  8.5777512     0.0172273     0.1959326     0.1053974
  8.6077864     0.0173814     0.2074788     0.1133796
  8.6378216     0.0161332     0.2192943     0.1209558
  8.6678568     0.0135136     0.2310083     0.1279067
  8.6978920     0.0096342     0.2422432     0.1340298
  8.7279272     0.0046817     0.2526308     0.1391468
  8.7579624    -0.0010921     0.2618284     0.1431106
  8.7879976    -0.0073836     0.2695321     0.1458104
  8.8180328    -0.0138527     0.2754894     0.1471753
  8.8480680    -0.0201405     0.2795077     0.1471764
  8.8781032    -0.0258872     0.2814609     0.1458268
  8.9081384    -0.0307504     0.2812913     0.1431797
  8.9381736    -0.0344222     0.2790095     0.1393258
  8.9682088    -0.0366445     0.2746898     0.1343884
  8.9982440    -0.0372217     0.2684637     0.1285177
  9.0282792    -0.0360305     0.2605103     0.1218848
  9.0583144    -0.0330264     0.2510447     0.1146739
  9.0883496    -0.0282456     0.2403065     0.1070759
  9.1183848    -0.0218041     0.2285456     0.0992805
  9.1484200    -0.0138927     0.2160105     0.0914699
  9.1784552    -0.0047686     0.2029364     0.0838126
  9.2084904     0.0052557     0.1895345     0.0764580
  9.2385256     0.0158259     0.1759844     0.0695319
  9.2685608     0.0265610     0.1624280     0.0631340
  9.2985960     0.0370692     0.1489665     0.0573352
  9.3286312     0.0469642     0.1356599     0.0521775
  9.3586664     0.0558809     0.1225290     0.0476736
  9.3887016     0.0634897     0.1095602     0.0438092
  9.4187368     0.0695091     0.0967112     0.0405448
  9.4487720     0.0737160     0.0839193     0.0378192
  9.4788072     0.0759534     0.0711101     0.0355530
  9.5088424     0.0761352     0.0582064     0.0336532
  9.5388776     0.0742475     0.0451373     0.0320173
  9.5689128     0.0703481     0.0318461     0.0305383
  9.5989480     0.0645620     0.0182970     0.0291085
  9.6289832     0.0570753     0.0044804     0.0276240
  9.6590184     0.0481261    -0.0095838     0.0259887
  9.6890536     0.0379949    -0.0238454     0.0241166
  9.7190888     0.0269925    -0.0382245     0.0219355
  9.7491240     0.0154485    -0.0526147     0.0193879
  9.7791592     0.0036983    -0.0668875     0.0164331
  9.8091944    -0.0079283    -0.0808985     0.0130472
  9.8392296    -0.0191189    -0.0944943     0.0092231
  9.8692648    -0.0295879    -0.1075203     0.0049702
  9.8993000    -0.0390857    -0.1198281     0.0003124
  9.9293352    -0.0474054    -0.1312829    -0.0047128
  9.9593704    -0.0543875    -0.1417696    -0.0100571
  9.9894056    -0.0599236    -0.1511981    -0.0156632
 10.0194408    -0.0639568    -0.1595069    -0.0214677
 10.0494760    -0.0664815    -0.1666651    -0.0274035
 10.0795112    -0.0675404    -0.1726724    -0.0334024
 10.1095464    -0.0672209    -0.1775581    -0.0393976
 10.1395816    -0.0656492    -0.1813776    -0.0453255
 10.1696168    -0.0629838    -0.1842082    -0.0511281
 10.1996520    -0.0594085    -0.1861439    -0.0567540
 10.2296872    -0.0551242    -0.1872892    -0.0621600
 10.2597224    -0.0503408    -0.1877532    -0.0673111
 10.2897576    -0.0452692    -0.1876432    -0.0721813
 10.3197928    -0.0401135    -0.1870591    -0.0767530
 10.3498280    -0.0350635    -0.1860892    -0.0810165
 10.3798632    -0.0302882    -0.1848063    -0.0849685
 10.4098984    -0.0259304    -0.1832651    -0.0886115
 10.4399336    -0.0221017    -0.1815019    -0.0919514
 10.4699688    -0.0188797    -0.1795349    -0.0949961
 10.5000040    -0.0163053    -0.1773654    -0.0977537
 10.5300392    -0.0143825    -0.1749812    -0.1002303
 10.5600744    -0.0130788    -0.1723602    -0.1024290
 10.5901096    -0.0123270    -0.1694740    -0.1043476
 10.6201448    -0.0120289    -0.1662931    -0.1059785
 10.6501800    -0.0120593    -0.1627907    -0.1073071
 10.6802152    -0.0122718    -0.1589463    -0.1083120
 10.7102504    -0.0125051    -0.1547496    -0.1089652
 10.7402856    -0.0125900    -0.1502020    -0.1092331
 10.7703208    -0.0123570    -0.1453178    -0.1090772
 10.8003560    -0.0116441    -0.1401247    -0.1084563
 10.8303912    -0.0103042    -0.1346619    -0.1073287
 10.8604264    -0.0082128    -0.1289786    -0.1056541
 10.8904616    -0.0052740    -0.1231305    -0.1033970
 10.9204968    -0.0014268    -0.1171763    -0.1005287
 10.9505320     0.0033507    -0.1111738    -0.0970304
 10.9805672     0.0090385    -0.1051760    -0.0928956
 11.0106024     0.0155725    -0.0992270    -0.0881319
 11.0406376     0.0228456    -0.0933593    -0.0827629
 11.0706728     0.0307089    -0.0875912    -0.0768293
 11.1007080     0.0389762    -0.0819256    -0.0703888
 11.1307432     0.0474291    -0.0763500    -0.0635161
 11.1607784     0.0558243    -0.0708373    -0.0563014
 11.1908136     0.0639018    -0.0653484    -0.0488486
 11.2208488     0.0713944    -0.0598347    -0.0412723
 11.2508840     0.0780377    -0.0542430    -0.0336949
 11.2809192     0.0835808    -0.0485196    -0.0262420
 11.3109544     0.0877959    -0.0426152    -0.0190388
 11.3409896     0.0904887    -0.0364896    -0.0122049
 11.3710248     0.0915063    -0.0301163    -0.0058505
 11.4010600     0.0907452    -0.0234856    -0.0000713
 11.4310952     0.0881561    -0.0166075     0.0050548
 11.4611304     0.0837478    -0.0095129     0.0094716
 11.4911656     0.0775882    -0.0022534     0.0131468
 11.5212008     0.0698033     0.0051004     0.0160738
 11.5512360     0.0605735     0.0124614     0.0182728
 11.5812712     0.0501278     0.0197307     0.0197897
 11.6113064     0.0387362     0.0268027     0.0206951
 11.6413416     0.0266996     0.0335708     0.0210816
 11.6713768     0.0143389     0.0399343     0.0210600
 11.7014120     0.0019832     0.0458042     0.0207553
 11.7314472    -0.0100429     0.0511094     0.0203011
 11.7614824    -0.0214319     0.0558020     0.0198341
 11.7915176    -0.0319045     0.0598605     0.0194885
 11.8215528    -0.0412207     0.0632932     0.0193897
 11.8515880    -0.0491885     0.0661380     0.0196488
 11.8816232    -0.0556710     0.0684620     0.0203579
 11.9116584    -0.0605906     0.0703585     0.0215848
 11.9416936    -0.0639312     0.0719420     0.0233708
 11.9717288    -0.0657377     0.0733429     0.0257271
 12.0017640    -0.0661119     0.0746995     0.0286351
 12.0317992    -0.0652075     0.0761503     0.0320454
 12.0618344    -0.0632212     0.0778256     0.0358805
 12.0918696    -0.0603832     0.0798390     0.0400366
 12.1219048    -0.0569455     0.0822800     0.0443888
 12.1519400    -0.0531696     0.0852071     0.0487949
 12.1819752    -0.0493140     0.0886432     0.0531024
 12.2120104    -0.0456215     0.0925718     0.0571540
 12.2420456    -0.0423078     0.0969364     0.0607948
 12.2720808    -0.0395516     0.1016414     0.0638787
 12.3021160    -0.0374855     0.1065553     0.0662753
 12.3321512    -0.0361907     0.1115164     0.0678748
 12.3621864    -0.0356930     0.1163399     0.0685940
 12.3922216    -0.0359619     0.1208268     0.0683797
 12.4222568    -0.0369126     0.1247739     0.0672114
 12.4522920    -0.0384101     0.1279839     0.0651032
 12.4823272    -0.0402766     0.1302760     0.0621031
 12.5123624    -0.0423001     0.1314959     0.0582919
 12.5423976    -0.0442451     0.1315240     0.0537805
 12.5724328    -0.0458643     0.1302829     0.0487055
 12.6024680    -0.0469112     0.1277420     0.0432244
 12.6325032    -0.0471526     0.1239205     0.0375093
 12.6625384    -0.0463801     0.1188875     0.0317401
 12.6925736    -0.0444211     0.1127593     0.0260982
 12.7226088    -0.0411480     0.1056949     0.0207585
 12.7526440    -0.0364851     0.0978885     0.0158836
 12.7826792    -0.0304137     0.0895607     0.0116165
 12.8127144    -0.0229740     0.0809480     0.0080761
 12.8427496    -0.0142650     0.0722913     0.0053520
 12.8727848    -0.0044411     0.0638246     0.0035014
 12.9028200     0.0062930     0.0557637     0.0025472
 12.9328552     0.0176904     0.0482953     0.0024774
 12.9628904     0.0294709     0.0415692     0.0032457
 12.9929256     0.0413326     0.0356902     0.0047740
 13.0229608     0.0529629     0.0307147     0.0069554
 13.0529960     0.0640513     0.0266479     0.0096591
 13.0830312     0.0743005     0.0234451     0.0127355
 13.1130664     0.0834380     0.0210147     0.0160225
 13.1431016     0.0912260     0.0192246     0.0193520
 13.1731368     0.0974691     0.0179094     0.0225567
 13.2031720     0.1020216     0.0168811     0.0254763
 13.2332072     0.1047904     0.0159394     0.0279639
 13.2632424     0.1057377     0.0148834     0.0298918
 13.2932776     0.1048801     0.0135232     0.0311557
 13.3233128     0.1022855     0.0116909     0.0316786
 13.3533480     0.0980688     0.0092498     0.0314133
 13.3833832     0.0923851     0.0061027     0.0303438
 13.4134184     0.0854213     0.0021976     0.0284852
 13.4434536     0.0773881    -0.0024693     0.0258825
 13.4734888     0.0685096    -0.0078528     0.0226080
 13.5035240     0.0590145    -0.0138610     0.0187583
 13.5335593     0.0491267    -0.0203599     0.0144498
 13.5635945     0.0390572    -0.0271799     0.0098132
 13.5936297     0.0289974    -0.0341254     0.0049888
 13.6236649     0.0191127    -0.0409845     0.0001204
 13.6537001     0.0095397    -0.0475405    -0.0046507
 13.6837353     0.0003834    -0.0535830    -0.0091907
 13.7137705    -0.0082827    -0.0589195    -0.0133785
 13.7438057    -0.0164154    -0.0633847    -0.0171102
 13.7738409    -0.0239980    -0.0668501    -0.0203026
 13.8038761    -0.0310369    -0.0692300    -0.0228956
 13.8339113    -0.0375554    -0.0704863    -0.0248540
 13.8639465    -0.0435880    -0.0706301    -0.0261681
 13.8939817    -0.0491739    -0.0697214    -0.0268527
 13.9240169    -0.0543511    -0.0678653    -0.0269460
 13.9540521    -0.0591502    -0.0652070    -0.0265066
 13.9840873    -0.0635898    -0.0619236    -0.0256107
 14.0141225    -0.0676726    -0.0582151    -0.0243479
 14.0441577    -0.0713832    -0.0542941    -0.0228168
 14.0741929    -0.0746868    -0.0503744    -0.0211205
 14.1042281    -0.0775298    -0.0466604    -0.0193618
 14.1342633    -0.0798424    -0.0433369    -0.0176389
 14.1642985    -0.0815414    -0.0405597    -0.0160409
 14.1943337    -0.0825351    -0.0384480    -0.0146448
 14.2243689    -0.0827292    -0.0370792    -0.0135118
 14.2544041    -0.0820325    -0.0364854    -0.0126858
 14.2844393    -0.0803640    -0.0366527    -0.0121918
 14.3144745    -0.0776587    -0.0375230    -0.0120357
 14.3445097    -0.0738739    -0.0389977    -0.0122047
 14.3745449    -0.0689940    -0.0409440    -0.0126686
 14.4045801    -0.0630349    -0.0432027    -0.0133823
 14.4346153    -0.0560459    -0.0455973    -0.0142885
 14.4646505    -0.0481115    -0.0479438    -0.0153206
 14.4946857    -0.0393499    -0.0500613    -0.0164071
 14.5247209    -0.0299115    -0.0517814    -0.0174748
 14.5547561    -0.0199744    -0.0529576    -0.0184532
 14.5847913    -0.0097389    -0.0534733    -0.0192776
 14.6148265     0.0005786    -0.0532471    -0.0198925
 14.6448617     0.0107538    -0.0522381    -0.0202547
 14.6748969     0.0205620    -0.0504465    -0.0203349
 14.7049321     0.0297873    -0.0479142    -0.0201192
 14.7349673     0.0382299    -0.0447217    -0.0196099
 14.7650025     0.0457146    -0.0409836    -0.0188249
 14.7950377     0.0520964    -0.0368417    -0.0177969
 14.8250729     0.0572671    -0.0324575    -0.0165715
 14.8551081     0.0611582    -0.0280031    -0.0152047
 14.8851433     0.0637435    -0.0236516    -0.0137600
 14.9151785     0.0650393    -0.0195677    -0.0123053
 14.9452137     0.0651031    -0.0158986    -0.0109089
 14.9752489     0.0640301    -0.0127663    -0.0096364
 15.0052841     0.0619481    -0.0102605    -0.0085469
 15.0353193     0.0590119    -0.0084340    -0.0076901
 15.0653545     0.0553954    -0.0073000    -0.0071036
 15.0953897     0.0512837    -0.0068304    -0.0068105
 15.1254249     0.0468645    -0.0069584    -0.0068186
 15.1554601     0.0423202    -0.0075807    -0.0071193
 15.1854953     0.0378197    -0.0085638    -0.0076880
 15.2155305     0.0335114    -0.0097501    -0.0084849
 15.2455657     0.0295174    -0.0109668    -0.0094569
 15.2756009     0.0259288    -0.0120345    -0.0105398

PDF 1 in T(r) format
  r, PDF (RMC), PDF (Expt)
 CURVES
         128 ,           2
      0.0000000        0.0000000        0.0000000
      0.0654509        0.0000000        0.0000000
      0.1309019        0.0000000        0.0000000
      0.1963528        0.0000000        0.0000000
      0.2618037        0.0000000        0.0000000
      0.3272547        0.0000000        0.0000000
      0.3927056        0.0000000        0.0000000
      0.4581565        0.0000000        0.0000000
      0.5236075        0.0000000        0.0000000
      0.5890584        0.0000000        0.0000000
      0.6545093        0.0000000        0.0000000
      0.7199603        0.0000000        0.0000000
      0.7854112        0.0000000        0.0000000
      0.8508621        0.0000000        0.0000000
      0.9163131        0.0000000        0.0000000
      0.9817640        0.0000000        0.0000000
      1.0472149        0.0000000        0.0000000
      1.1126659        0.0000000        0.0000000
      1.1781168       -0.0139327        0.0000000
      1.2435677       -0.3253325        0.1316760
      1.3090187       -0.2688152        0.4238625
      1.3744696        0.6215867        0.8213135
      1.4399206        2.4573394        1.3101088
      1.5053715        4.7929654        1.8490447
      1.5708224        6.7653567        2.3716990
      1.6362734        7.5302856        2.7982537
      1.7017243        6.7376844        3.0546463
      1.7671752        4.7418288        3.0928779
      1.8326262        2.4063586        2.9050534
      1.8980771        0.6267785        2.5258398
      1.9635280       -0.1280842        2.0226272
      2.0289790        0.0186531        1.4775399
      2.0944299        0.5471327        0.9682367
      2.1598808        0.9278924        0.5539479
      2.2253318        0.9310451        0.2699826
      2.2907827        0.6779182        0.1298570
      2.3562336        0.4550854        0.1313560
      2.4216846        0.4674629        0.2623924
      2.4871355        0.7157476        0.5042328
      2.5525864        1.0578006        0.8321558
      2.6180374        1.3646352        1.2153921
      2.6834883        1.6246294        1.6184072
      2.7489392        1.9161663        2.0044334
      2.8143902        2.2914320        2.3405596
      2.8798411        2.6877945        2.6026470
      2.9452920        2.9520861        2.7783616
      3.0107430        2.9605549        2.8675033
      3.0761939        2.7325522        2.8799456
      3.1416448        2.4388424        2.8322592
      3.2070958        2.2907518        2.7441969
      3.2725467        2.3925370        2.6358189
      3.3379976        2.6688149        2.5254918
      3.4034486        2.9203456        2.4286263
      3.4688995        2.9638912        2.3569375
      3.5343504        2.7522865        2.3181306
      3.5998014        2.3924517        2.3160325
      3.6652523        2.0598555        2.3511994
      3.7307032        1.8822621        2.4218968
      3.7961542        1.8782030        2.5251770
      3.8616051        1.9833749        2.6576797
      3.9270560        2.1278417        2.8158390
      3.9925070        2.2943827        2.9954021
      4.0579579        2.5142148        3.1904842
      4.1234088        2.8134824        3.3926614
      4.1888598        3.1635054        3.5907160
      4.2543107        3.4799832        3.7714916
      4.3197617        3.6721539        3.9219209
      4.3852126        3.7013635        4.0317843
      4.4506635        3.6028950        4.0963630
      4.5161145        3.4566732        4.1180547
      4.5815654        3.3330068        4.1063047
      4.6470163        3.2558944        4.0757598
      4.7124673        3.2079505        4.0431579
      4.7779182        3.1657423        4.0238620
      4.8433691        3.1318182        4.0289911
      4.9088201        3.1364553        4.0638072
      4.9742710        3.2098433        4.1275499
      5.0397219        3.3500741        4.2144770
      5.1051729        3.5147390        4.3156183
      5.1706238        3.6442287        4.4207245
      5.2360747        3.7000592        4.5200193
      5.3015257        3.6907530        4.6055433
      5.3669766        3.6674792        4.6720168
      5.4324275        3.6927762        4.7172256
      5.4978785        3.8026440        4.7419643
      5.5633294        3.9848422        4.7495865
      5.6287803        4.1851234        4.7452451
      5.6942313        4.3369109        4.7349460
      5.7596822        4.3978368        4.7245755
      5.8251331        4.3735396        4.7190665
      5.8905841        4.3154929        4.7218376
      5.9560350        4.2925944        4.7345727
      6.0214859        4.3507410        4.7573326
      6.0869369        4.4835825        4.7889204
      6.1523878        4.6343223        4.8273866
      6.2178387        4.7314149        4.8705524
      6.2832897        4.7382727        4.9164535
      6.3487406        4.6837380        4.9636379
      6.4141915        4.6484316        5.0112909
      6.4796425        4.7106418        5.0591902
      6.5450934        4.8862532        5.1075293
      6.6105443        5.1068728        5.1566741
      6.6759953        5.2577572        5.2069343
      6.7414462        5.2550020        5.2584231
      6.8068971        5.1096224        5.3110428
      6.8723481        4.9303453        5.3645835
      6.9377990        4.8577203        5.4188737
      7.0032500        4.9718426        5.4739079
      7.0687009        5.2376462        5.5298932
      7.1341518        5.5273492        5.5872011
      7.1996028        5.7052872        5.6462477
      7.2650537        5.7156258        5.7073475
      7.3305046        5.6118300        5.7705812
      7.3959556        5.5098601        5.8357052
      7.4614065        5.5026040        5.9021196
      7.5268574        5.5994046        5.9689092
      7.5923084        5.7325734        6.0349632
      7.6577593        5.8204617        6.0991596
      7.7232102        5.8346981        6.1605761
      7.7886612        5.8192311        6.2186654
      7.8541121        5.8491069        6.2733426
      7.9195630        5.9646717        6.3249606
      7.9850140        6.1347203        6.3741990
      8.0504649        6.2773722        6.4219127
      8.1159158        6.3212174        6.4689945
      8.1813668        6.2585064        6.5162703
      8.2468177        6.1501194        6.5644273
      8.3122686        6.0806780        6.6139564
      8.3777196        6.0999172        6.6651086

 Total S(Q)'s: Comparison with input data

   495  2 are NQ and NPAR

       Q      S(Q)_RMC  S(Q)_Expt
      0.0000000     -0.0000000      0.0000000
      0.4682470     -0.1663887     -0.6992504
      0.4982822     -0.1281424     -0.6593428
      0.5283174     -0.0737519     -0.6307593
      0.5583526     -0.0044144     -0.6130796
      0.5883878      0.0781002     -0.6054467
      0.6184230      0.1715204     -0.6066165
      0.6484582      0.2731646     -0.6150213
      0.6784934      0.3800474     -0.6288458
      0.7085286      0.4889969     -0.6461097
      0.7385638      0.5967776     -0.6647553
      0.7685990      0.7002139     -0.6827350
      0.7986342      0.7963077     -0.6980950
      0.8286694      0.8823480     -0.7090529
      0.8587046      0.9560053     -0.7140646
      0.8887398      1.0154087     -0.7118795
      0.9187750      1.0592027     -0.7015809
      0.9488102      1.0865819     -0.6826117
      0.9788454      1.0973026     -0.6547838
      1.0088806      1.0916713     -0.6182724
      1.0389158      1.0705124     -0.5735955
      1.0689510      1.0351156     -0.5215811
      1.0989862      0.9871669     -0.4633228
      1.1290214      0.9286670     -0.4001277
      1.1590566      0.8618402     -0.3334575
      1.1890918      0.7890378     -0.2648680
      1.2191270      0.7126425     -0.1959473
      1.2491622      0.6349745     -0.1282568
      1.2791974      0.5582065     -0.0632771
      1.3092326      0.4842882     -0.0023598
      1.3392678      0.4148853      0.0533113
      1.3693030      0.3513336      0.1027509
      1.3993382      0.2946092      0.1451920
      1.4293734      0.2453168      0.1800971
      1.4594086      0.2036940      0.2071585
      1.4894438      0.1696317      0.2262912
      1.5194790      0.1427078      0.2376170
      1.5495142      0.1222326      0.2414439
      1.5795494      0.1073030      0.2382394
      1.6095846      0.0968622      0.2286018
      1.6396198      0.0897620      0.2132297
      1.6696551      0.0848248      0.1928918
      1.6996903      0.0809017      0.1683977
      1.7297255      0.0769250      0.1405714
      1.7597607      0.0719528      0.1102284
      1.7897959      0.0652033      0.0781559
      1.8198311      0.0560789      0.0450976
      1.8498663      0.0441790      0.0117423
      1.8799015      0.0293017     -0.0212836
      1.9099367      0.0114353     -0.0534202
      1.9399719     -0.0092597     -0.0841759
      1.9700071     -0.0324752     -0.1131267
      2.0000423     -0.0577873     -0.1399141
      2.0300775     -0.0846903     -0.1642426
      2.0601127     -0.1126329     -0.1858767
      2.0901479     -0.1410536     -0.2046385
      2.1201831     -0.1694141     -0.2204054
      2.1502183     -0.1972278     -0.2331096
      2.1802535     -0.2240831     -0.2427365
      2.2102887     -0.2496606     -0.2493261
      2.2403239     -0.2737429     -0.2529721
      2.2703591     -0.2962171     -0.2538228
      2.3003943     -0.3170713     -0.2520808
      2.3304295     -0.3363840     -0.2480012
      2.3604647     -0.3543093     -0.2418892
      2.3904999     -0.3710573     -0.2340951
      2.4205351     -0.3868727     -0.2250084
      2.4505703     -0.4020119     -0.2150487
      2.4806055     -0.4167211     -0.2046552
      2.5106407     -0.4312156     -0.1942744
      2.5406759     -0.4456625     -0.1843463
      2.5707111     -0.4601674     -0.1752901
      2.6007463     -0.4747661     -0.1674890
      2.6307815     -0.4894205     -0.1612759
      2.6608167     -0.5040206     -0.1569211
      2.6908519     -0.5183910     -0.1546205
      2.7208871     -0.5323016     -0.1544874
      2.7509223     -0.5454824     -0.1565476
      2.7809575     -0.5576402     -0.1607374
      2.8109927     -0.5684771     -0.1669061
      2.8410279     -0.5777094     -0.1748216
      2.8710631     -0.5850856     -0.1841808
      2.9010983     -0.5904020     -0.1946218
      2.9311335     -0.5935159     -0.2057399
      2.9611687     -0.5943546     -0.2171054
      2.9912039     -0.5929209     -0.2282817
      3.0212391     -0.5892932     -0.2388447
      3.0512743     -0.5836219     -0.2484007
      3.0813095     -0.5761211     -0.2566029
      3.1113447     -0.5670568     -0.2631647
      3.1413799     -0.5567318     -0.2678711
      3.1714151     -0.5454689     -0.2705849
      3.2014503     -0.5335926     -0.2712495
      3.2314855     -0.5214106     -0.2698874
      3.2615207     -0.5091970     -0.2665947
      3.2915559     -0.4971759     -0.2615313
      3.3215911     -0.4855094     -0.2549087
      3.3516263     -0.4742880     -0.2469746
      3.3816615     -0.4635251     -0.2379965
      3.4116967     -0.4531561     -0.2282442
      3.4417319     -0.4430408     -0.2179730
      3.4717671     -0.4329710     -0.2074075
      3.5018023     -0.4226810     -0.1967287
      3.5318375     -0.4118608     -0.1860630
      3.5618727     -0.4001725     -0.1754751
      3.5919079     -0.3872674     -0.1649646
      3.6219431     -0.3728037     -0.1544672
      3.6519783     -0.3564640     -0.1438586
      3.6820135     -0.3379712     -0.1329635
      3.7120487     -0.3171027     -0.1215668
      3.7420839     -0.2937016     -0.1094272
      3.7721191     -0.2676847     -0.0962934
      3.8021543     -0.2390471     -0.0819195
      3.8321895     -0.2078632     -0.0660818
      3.8622247     -0.1742841     -0.0485933
      3.8922599     -0.1385315     -0.0293168
      3.9222951     -0.1008893     -0.0081756
      3.9523303     -0.0616927      0.0148402
      3.9823655     -0.0213151      0.0396693
      4.0124007      0.0198448      0.0661798
      4.0424359      0.0613768      0.0941731
      4.0724711      0.1028726      0.1233906
      4.1025063      0.1439375      0.1535246
      4.1325415      0.1842009      0.1842300
      4.1625767      0.2233242      0.2151384
      4.1926119      0.2610068      0.2458729
      4.2226471      0.2969897      0.2760623
      4.2526823      0.3310561      0.3053545
      4.2827175      0.3630305      0.3334284
      4.3127527      0.3927752      0.3600034
      4.3427879      0.4201858      0.3848456
      4.3728231      0.4451857      0.4077716
      4.4028583      0.4677193      0.4286486
      4.4328935      0.4877465      0.4473914
      4.4629287      0.5052367      0.4639576
      4.4929639      0.5201640      0.4783388
      4.5229991      0.5325038      0.4905519
      4.5530343      0.5422310      0.5006286
      4.5830695      0.5493196      0.5086043
      4.6131047      0.5537439      0.5145090
      4.6431399      0.5554817      0.5183581
      4.6731751      0.5545178      0.5201461
      4.7032103      0.5508492      0.5198425
      4.7332455      0.5444911      0.5173907
      4.7632807      0.5354814      0.5127096
      4.7933159      0.5238871      0.5056982
      4.8233511      0.5098078      0.4962435
      4.8533863      0.4933792      0.4842298
      4.8834215      0.4747747      0.4695501
      4.9134567      0.4542053      0.4521190
      4.9434919      0.4319175      0.4318845
      4.9735271      0.4081895      0.4088406
      5.0035623      0.3833256      0.3830374
      5.0335975      0.3576487      0.3545897
      5.0636327      0.3314923      0.3236821
      5.0936679      0.3051907      0.2905714
      5.1237031      0.2790697      0.2555854
      5.1537383      0.2534369      0.2191169
      5.1837735      0.2285728      0.1816160
      5.2138087      0.2047224      0.1435772
      5.2438439      0.1820892      0.1055252
      5.2738791      0.1608299      0.0679977
      5.3039143      0.1410518      0.0315276
      5.3339495      0.1228120     -0.0033760
      5.3639847      0.1061185     -0.0362452
      5.3940199      0.0909336     -0.0666705
      5.4240551      0.0771791     -0.0943142
      5.4540903      0.0647426     -0.1189224
      5.4841255      0.0534850     -0.1403324
      5.5141607      0.0432492     -0.1584763
      5.5441959      0.0338679     -0.1733808
      5.5742311      0.0251723     -0.1851625
      5.6042663      0.0169997     -0.1940200
      5.6343015      0.0091994     -0.2002219
      5.6643367      0.0016388     -0.2040926
      5.6943719     -0.0057938     -0.2059959
      5.7244071     -0.0131865     -0.2063175
      5.7544423     -0.0206039     -0.2054474
      5.7844775     -0.0280877     -0.2037628
      5.8145127     -0.0356598     -0.2016126
      5.8445479     -0.0433253     -0.1993040
      5.8745831     -0.0510774     -0.1970923
      5.9046183     -0.0589016     -0.1951733
      5.9346535     -0.0667808     -0.1936802
      5.9646887     -0.0746996     -0.1926826
      5.9947239     -0.0826478     -0.1921904
      6.0247591     -0.0906235     -0.1921594
      6.0547943     -0.0986343     -0.1925003
      6.0848295     -0.1066978     -0.1930890
      6.1148647     -0.1148405     -0.1937786
      6.1448999     -0.1230956     -0.1944110
      6.1749351     -0.1314993     -0.1948293
      6.2049703     -0.1400870     -0.1948876
      6.2350055     -0.1488884     -0.1944608
      6.2650407     -0.1579224     -0.1934511
      6.2950759     -0.1671925     -0.1917925
      6.3251111     -0.1766823     -0.1894524
      6.3551463     -0.1863525     -0.1864308
      6.3851815     -0.1961385     -0.1827572
      6.4152167     -0.2059495     -0.1784848
      6.4452519     -0.2156694     -0.1736839
      6.4752871     -0.2251591     -0.1684335
      6.5053223     -0.2342603     -0.1628126
      6.5353575     -0.2428010     -0.1568925
      6.5653927     -0.2506014     -0.1507285
      6.5954279     -0.2574817     -0.1443547
      6.6254631     -0.2632693     -0.1377789
      6.6554983     -0.2678071     -0.1309811
      6.6855335     -0.2709603     -0.1239137
      6.7155687     -0.2726231     -0.1165040
      6.7456039     -0.2727243     -0.1086596
      6.7756391     -0.2712312     -0.1002749
      6.8056743     -0.2681511     -0.0912396
      6.8357095     -0.2635324     -0.0814483
      6.8657447     -0.2574623     -0.0708101
      6.8957799     -0.2500635     -0.0592581
      6.9258151     -0.2414889     -0.0467581
      6.9558503     -0.2319147     -0.0333156
      6.9858855     -0.2215328     -0.0189807
      7.0159207     -0.2105423     -0.0038508
      7.0459559     -0.1991408      0.0119293
      7.0759911     -0.1875159      0.0281706
      7.1060263     -0.1758373      0.0446450
      7.1360615     -0.1642507      0.0610937
      7.1660967     -0.1528719      0.0772369
      7.1961319     -0.1417841      0.0927857
      7.2261671     -0.1310360      0.1074542
      7.2562023     -0.1206426      0.1209727
      7.2862375     -0.1105874      0.1330998
      7.3162727     -0.1008269      0.1436335
      7.3463079     -0.0912962      0.1524207
      7.3763431     -0.0819164      0.1593644
      7.4063783     -0.0726017      0.1644277
      7.4364135     -0.0632679      0.1676360
      7.4664487     -0.0538403      0.1690744
      7.4964839     -0.0442605      0.1688843
      7.5265191     -0.0344930      0.1672553
      7.5565543     -0.0245292      0.1644160
      7.5865896     -0.0143911      0.1606229
      7.6166248     -0.0041316      0.1561476
      7.6466600      0.0061665      0.1512644
      7.6766952      0.0163935      0.1462371
      7.7067304      0.0264177      0.1413077
      7.7367656      0.0360922      0.1366860
      7.7668008      0.0452625      0.1325418
      7.7968360      0.0537750      0.1289985
      7.8268712      0.0614863      0.1261313
      7.8569064      0.0682713      0.1239661
      7.8869416      0.0740319      0.1224822
      7.9169768      0.0787034      0.1216178
      7.9470120      0.0822601      0.1212768
      7.9770472      0.0847184      0.1213376
      8.0070824      0.0861386      0.1216630
      8.0371176      0.0866234      0.1221101
      8.0671528      0.0863151      0.1225408
      8.0971880      0.0853899      0.1228306
      8.1272232      0.0840511      0.1228764
      8.1572584      0.0825202      0.1226024
      8.1872936      0.0810270      0.1219640
      8.2173288      0.0797992      0.1209491
      8.2473640      0.0790517      0.1195775
      8.2773992      0.0789769      0.1178971
      8.3074344      0.0797350      0.1159793
      8.3374696      0.0814467      0.1139118
      8.3675048      0.0841869      0.1117910
      8.3975400      0.0879812      0.1097134
      8.4275752      0.0928042      0.1077671
      8.4576104      0.0985805      0.1060239
      8.4876456      0.1051877      0.1045325
      8.5176808      0.1124620      0.1033134
      8.5477160      0.1202054      0.1023557
      8.5777512      0.1281943      0.1016158
      8.6077864      0.1361897      0.1010187
      8.6378216      0.1439475      0.1004614
      8.6678568      0.1512289      0.0998180
      8.6978920      0.1578106      0.0989470
      8.7279272      0.1634942      0.0976994
      8.7579624      0.1681136      0.0959278
      8.7879976      0.1715412      0.0934954
      8.8180328      0.1736924      0.0902846
      8.8480680      0.1745271      0.0862052
      8.8781032      0.1740499      0.0812003
      8.9081384      0.1723076      0.0752506
      8.9381736      0.1693850      0.0683772
      8.9682088      0.1653993      0.0606412
      8.9982440      0.1604928      0.0521412
      9.0282792      0.1548245      0.0430094
      9.0583144      0.1485622      0.0334043
      9.0883496      0.1418733      0.0235035
      9.1183848      0.1349172      0.0134940
      9.1484200      0.1278376      0.0035631
      9.1784552      0.1207567     -0.0061113
      9.2084904      0.1137704     -0.0153692
      9.2385256      0.1069454     -0.0240769
      9.2685608      0.1003179     -0.0321321
      9.2985960      0.0938940     -0.0394686
      9.3286312      0.0876522     -0.0460580
      9.3586664      0.0815468     -0.0519090
      9.3887016      0.0755129     -0.0570648
      9.4187368      0.0694718     -0.0615982
      9.4487720      0.0633380     -0.0656052
      9.4788072      0.0570254     -0.0691968
      9.5088424      0.0504536     -0.0724907
      9.5388776      0.0435538     -0.0756020
      9.5689128      0.0362739     -0.0786348
      9.5989480      0.0285825     -0.0816743
      9.6289832      0.0204715     -0.0847810
      9.6590184      0.0119573     -0.0879852
      9.6890536      0.0030808     -0.0912856
      9.7190888     -0.0060940     -0.0946483
      9.7491240     -0.0154827     -0.0980092
      9.7791592     -0.0249844     -0.1012784
      9.8091944     -0.0344862     -0.1043457
      9.8392296     -0.0438684     -0.1070887
      9.8692648     -0.0530096     -0.1093811
      9.8993000     -0.0617925     -0.1111015
      9.9293352     -0.0701083     -0.1121427
      9.9593704     -0.0778620     -0.1124193
      9.9894056     -0.0849753     -0.1118749
     10.0194408     -0.0913895     -0.1104870
     10.0494760     -0.0970673     -0.1082703
     10.0795112     -0.1019934     -0.1052769
     10.1095464     -0.1061734     -0.1015953
     10.1395816     -0.1096329     -0.0973455
     10.1696168     -0.1124144     -0.0926738
     10.1996520     -0.1145747     -0.0877441
     10.2296872     -0.1161809     -0.0827289
     10.2597224     -0.1173062     -0.0777997
     10.2897576     -0.1180262     -0.0731163
     10.3197928     -0.1184149     -0.0688176
     10.3498280     -0.1185408     -0.0650129
     10.3798632     -0.1184643     -0.0617750
     10.4098984     -0.1182349     -0.0591356
     10.4399336     -0.1178896     -0.0570826
     10.4699688     -0.1174520     -0.0555604
     10.5000040     -0.1169321     -0.0544728
     10.5300392     -0.1163269     -0.0536882
     10.5600744     -0.1156218     -0.0530469
     10.5901096     -0.1147921     -0.0523708
     10.6201448     -0.1138055     -0.0514731
     10.6501800     -0.1126243     -0.0501700
     10.6802152     -0.1112082     -0.0482915
     10.7102504     -0.1095167     -0.0456915
     10.7402856     -0.1075118     -0.0422569
     10.7703208     -0.1051600     -0.0379145
     10.8003560     -0.1024339     -0.0326361
     10.8303912     -0.0993141     -0.0264401
     10.8604264     -0.0957897     -0.0193913
     10.8904616     -0.0918592     -0.0115973
     10.9204968     -0.0875305     -0.0032028
     10.9505320     -0.0828205      0.0056189
     10.9805672     -0.0777549      0.0146749
     11.0106024     -0.0723672      0.0237644
     11.0406376     -0.0666976      0.0326893
     11.0706728     -0.0607923      0.0412657
     11.1007080     -0.0547020      0.0493337
     11.1307432     -0.0484811      0.0567661
     11.1607784     -0.0421865      0.0634748
     11.1908136     -0.0358766      0.0694149
     11.2208488     -0.0296102      0.0745856
     11.2508840     -0.0234461      0.0790289
     11.2809192     -0.0174416      0.0828251
     11.3109544     -0.0116521      0.0860859
     11.3409896     -0.0061302      0.0889461
     11.3710248     -0.0009246      0.0915524
     11.4010600      0.0039208      0.0940530
     11.4310952      0.0083676      0.0965861
     11.4611304      0.0123846      0.0992690
     11.4911656      0.0159483      0.1021890
     11.5212008      0.0190445      0.1053958
     11.5512360      0.0216690      0.1088963
     11.5812712      0.0238283      0.1126528
     11.6113064      0.0255408      0.1165829
     11.6413416      0.0268368      0.1205638
     11.6713768      0.0277584      0.1244386
     11.7014120      0.0283592      0.1280247
     11.7314472      0.0287031      0.1311251
     11.7614824      0.0288630      0.1335400
     11.7915176      0.0289189      0.1350795
     11.8215528      0.0289547      0.1355759
     11.8515880      0.0290561      0.1348950
     11.8816232      0.0293066      0.1329454
     11.9116584      0.0297845      0.1296862
     11.9416936      0.0305588      0.1251306
     11.9717288      0.0316866      0.1193476
     12.0017640      0.0332089      0.1124598
     12.0317992      0.0351488      0.1046377
     12.0618344      0.0375088      0.0960918
     12.0918696      0.0402701      0.0870617
     12.1219048      0.0433918      0.0778031
     12.1519400      0.0468117      0.0685743
     12.1819752      0.0504479      0.0596221
     12.2120104      0.0542017      0.0511679
     12.2420456      0.0579606      0.0433958
     12.2720808      0.0616033      0.0364423
     12.3021160      0.0650042      0.0303889
     12.3321512      0.0680392      0.0252583
     12.3621864      0.0705912      0.0210137
     12.3922216      0.0725555      0.0175616
     12.4222568      0.0738450      0.0147588
     12.4522920      0.0743950      0.0124218
     12.4823272      0.0741666      0.0103389
     12.5123624      0.0731495      0.0082842
     12.5423976      0.0713632      0.0060327
     12.5724328      0.0688570      0.0033755
     12.6024680      0.0657088      0.0001336
     12.6325032      0.0620221     -0.0038293
     12.6625384      0.0579220     -0.0085969
     12.6925736      0.0535502     -0.0141939
     12.7226088      0.0490587     -0.0205825
     12.7526440      0.0446031     -0.0276635
     12.7826792      0.0403357     -0.0352811
     12.8127144      0.0363984     -0.0432313
     12.8427496      0.0329162     -0.0512733
     12.8727848      0.0299911     -0.0591443
     12.9028200      0.0276970     -0.0665748
     12.9328552      0.0260762     -0.0733057
     12.9628904      0.0251371     -0.0791044
     12.9929256      0.0248533     -0.0837802
     13.0229608      0.0251647     -0.0871967
     13.0529960      0.0259800     -0.0892818
     13.0830312      0.0271810     -0.0900334
     13.1130664      0.0286273     -0.0895213
     13.1431016      0.0301637     -0.0878843
     13.1731368      0.0316268     -0.0853230
     13.2031720      0.0328530     -0.0820887
     13.2332072      0.0336860     -0.0784690
     13.2632424      0.0339848     -0.0747704
     13.2932776      0.0336296     -0.0712996
     13.3233128      0.0325287     -0.0683444
     13.3533480      0.0306219     -0.0661547
     13.3833832      0.0278843     -0.0649263
     13.4134184      0.0243273     -0.0647867
     13.4434536      0.0199983     -0.0657854
     13.4734888      0.0149786     -0.0678888
     13.5035240      0.0093799     -0.0709792
     13.5335593      0.0033391     -0.0748607
     13.5635945     -0.0029879     -0.0792682
     13.5936297     -0.0094332     -0.0838827
     13.6236649     -0.0158243     -0.0883494
     13.6537001     -0.0219921     -0.0922988
     13.6837353     -0.0277780     -0.0953698
     13.7137705     -0.0330411     -0.0972330
     13.7438057     -0.0376637     -0.0976123
     13.7738409     -0.0415562     -0.0963049
     13.8038761     -0.0446601     -0.0931969
     13.8339113     -0.0469501     -0.0882746
     13.8639465     -0.0484338     -0.0816297
     13.8939817     -0.0491502     -0.0734582
     13.9240169     -0.0491667     -0.0640541
     13.9540521     -0.0485749     -0.0537950
     13.9840873     -0.0474849     -0.0431242
     14.0141225     -0.0460192     -0.0325265
     14.0441577     -0.0443061     -0.0225014
     14.0741929     -0.0424728     -0.0135343
     14.1042281     -0.0406392     -0.0060668
     14.1342633     -0.0389115     -0.0004686
     14.1642985     -0.0373777      0.0029871
     14.1943337     -0.0361033      0.0041442
     14.2243689     -0.0351288      0.0029783
     14.2544041     -0.0344686     -0.0003960
     14.2844393     -0.0341114     -0.0057258
     14.3144745     -0.0340213     -0.0126278
     14.3445097     -0.0341417     -0.0206056
     14.3745449     -0.0343985     -0.0290725
     14.4045801     -0.0347058     -0.0373827
     14.4346153     -0.0349709     -0.0448658
     14.4646505     -0.0351008     -0.0508656
     14.4946857     -0.0350073     -0.0547801
     14.5247209     -0.0346130     -0.0561000
     14.5547561     -0.0338559     -0.0544455
     14.5847913     -0.0326935     -0.0495969
     14.6148265     -0.0311052     -0.0415197
     14.6448617     -0.0290945     -0.0303800
     14.6748969     -0.0266887     -0.0165520
     14.7049321     -0.0239378     -0.0006136
     14.7349673     -0.0209124      0.0166672
     14.7650025     -0.0177003      0.0343564
     14.7950377     -0.0144014      0.0513876
     14.8250729     -0.0111233      0.0666029
     14.8551081     -0.0079753      0.0788011
     14.8851433     -0.0050627      0.0867885
     14.9151785     -0.0024814      0.0894328
     14.9452137     -0.0003127      0.0857152
     14.9752489      0.0013810      0.0747797
     15.0052841      0.0025595      0.0559768
     15.0353193      0.0032073      0.0288986
     15.0653545      0.0033346     -0.0065945
     15.0953897      0.0029766     -0.0503595
     15.1254249      0.0021928     -0.1019674
     15.1554601      0.0010634     -0.1607127
     15.1854953     -0.0003139     -0.2256342
     15.2155305     -0.0018290     -0.2955479
     15.2455657     -0.0033644     -0.3690882
     15.2756009     -0.0048008     -0.4447586
