 Results from RMCProfile version 6.7.9.5

 (Version 6f format configuration file)                                          

 2 experiments   3 partials

 Partial g(r)'s are printed out below

   128  3 are NR and NPAR

   r (Ang)
   0.06545     0.00000     0.00000     0.00000
   0.13090     0.00000     0.00000     0.00000
   0.19635     0.00000     0.00000     0.00000
   0.26180     0.00000     0.00000     0.00000
   0.32725     0.00000     0.00000     0.00000
   0.39271     0.00000     0.00000     0.00000
   0.45816     0.00000     0.00000     0.00000
   0.52361     0.00000     0.00000     0.00000
   0.58906     0.00000     0.00000     0.00000
   0.65451     0.00000     0.00000     0.00000
   0.71996     0.00000     0.00000     0.00000
   0.78541     0.00000     0.00000     0.00000
   0.85086     0.00000     0.00000     0.00000
   0.91631     0.00000     0.00000     0.00000
   0.98176     0.00000     0.00000     0.00000
   1.04721     0.00000     0.00000     0.00000
   1.11267     0.00000     0.00000     0.00000
   1.17812     0.00000     1.46694     0.00000
   1.24357     0.00000     1.50471     0.00000
   1.30902     0.00000     2.37656     0.00000
   1.37447     0.00000     3.23347     0.15475
   1.43992     0.00000     2.94625     1.83303
   1.50537     0.00000     3.59422     1.93515
   1.57082     0.00000     4.24412     1.54030
   1.63627     0.00000     4.67198     1.41956
   1.70172     0.00000     4.11864     3.02878
   1.76718     0.00000     4.84391     2.43413
   1.83263     0.00000     3.72457     3.48213
   1.89808     0.00000     3.47216     1.94769
   1.96353     0.00000     1.81092     1.89585
   2.02898     0.00000     0.63599     1.27838
   2.09443     0.00000     0.13264     0.73317
   2.15988     0.00000     0.18708     0.37604
   2.22533     0.00000     0.05875     0.59042
   2.29078     0.00000     0.11088     0.27858
   2.35623     0.00000     0.05240     0.00000
   2.42168     0.00000     0.00000     0.00000
   2.48714     0.00000     0.00000     0.00000
   2.55259     0.00000     0.04465     0.26924
   2.61804     0.00000     0.50934     0.89583
   2.68349     0.00000     0.76760     1.46171
   2.74894     0.00000     1.07798     1.47032
   2.81439     0.00000     0.84478     1.40273
   2.87984     0.83768     0.77174     1.30444
   2.94529     2.66956     0.73782     0.87635
   3.01074     3.70441     0.70609     1.22574
   3.07619     3.42609     1.01455     1.08144
   3.14164     2.93289     0.94324     0.88873
   3.20710     1.57607     0.79199     0.96654
   3.27255     0.75683     0.70630     0.73715
   3.33800     0.93528     0.46999     0.73477
   3.40345     0.99962     0.85394     0.60581
   3.46890     1.92450     0.70114     0.70466
   3.53435     1.11233     0.53567     1.02991
   3.59980     0.80419     0.51637     0.67691
   3.66525     0.25858     0.43312     0.45707
   3.73070     0.33278     0.43896     0.48319
   3.79615     0.80350     0.58547     0.68986
   3.86161     1.08709     0.78040     0.92157
   3.92706     0.67575     1.13190     0.98591
   3.99251     0.50849     0.89433     0.99054
   4.05796     0.70317     0.72437     0.71026
   4.12341     0.74913     0.73578     0.68789
   4.18886     1.25383     0.79587     1.01650
   4.25431     1.08759     1.46277     1.27626
   4.31976     0.93078     1.79297     1.19087
   4.38521     1.32470     1.51291     1.20120
   4.45066     1.11066     1.38061     0.94472
   4.51611     0.85161     1.02706     0.96054
   4.58157     0.99294     1.03951     1.00294
   4.64702     1.17965     1.19905     1.00197
   4.71247     1.40781     1.41489     0.92167
   4.77792     1.06517     1.31267     1.02467
   4.84337     0.54297     1.14101     0.78527
   4.90882     0.43248     0.80894     0.93435
   4.97427     0.46797     0.83482     0.99264
   5.03972     0.82061     1.08819     1.08215
   5.10517     1.11070     1.18326     1.18921
   5.17062     1.68911     1.29496     1.12648
   5.23607     1.22480     1.09300     1.09850
   5.30153     0.74157     0.85916     1.04033
   5.36698     0.84419     0.98984     0.85269
   5.43243     1.33405     1.03514     1.05025
   5.49788     1.37909     1.23202     1.33494
   5.56333     1.72095     1.20320     1.19035
   5.62878     1.05986     1.12947     1.20897
   5.69423     0.99993     0.92420     0.84768
   5.75968     0.66319     0.70160     0.89904
   5.82513     0.88724     0.67735     1.09438
   5.89058     1.03449     1.01453     1.07862
   5.95604     1.20772     1.11538     1.10450
   6.02149     1.02194     1.06719     1.07255
   6.08694     1.00008     0.83235     0.80497
   6.15239     0.82596     0.70713     0.81883
   6.21784     0.74876     0.75252     0.85462
   6.28329     0.79190     0.89905     1.01466
   6.34874     1.14912     1.19820     1.07365
   6.41419     1.04136     1.06780     0.97367
   6.47964     1.15832     0.88696     0.82874
   6.54509     0.72982     0.77423     0.84638
   6.61054     0.79493     0.76564     0.80294
   6.67600     0.93530     0.90084     0.96441
   6.74145     0.96819     0.99226     1.24816
   6.80690     1.14959     1.13025     1.04126
   6.87235     0.85810     1.10266     0.83579
   6.93780     0.96227     0.69511     0.86870
   7.00325     0.73189     0.69997     0.81676
   7.06870     0.81109     0.90251     0.81927
   7.13415     0.95554     1.12039     1.09730
   7.19960     1.02760     1.19553     1.08308
   7.26505     1.07498     1.03629     0.93624
   7.33050     0.73264     0.96914     0.85430
   7.39596     0.71973     0.71803     0.84459
   7.46141     0.58237     0.86227     1.00841
   7.52686     1.14457     1.03221     1.03224
   7.59231     1.08475     1.27694     1.08553
   7.65776     1.14527     1.09645     1.04212
   7.72321     0.93181     1.02917     0.83826
   7.78866     0.66807     0.75776     0.91581
   7.85411     0.97609     0.80178     0.92905
   7.91956     1.25542     0.99268     0.93707
   7.98501     1.36205     1.11337     1.19234
   8.05046     1.32212     1.06391     1.01512
   8.11592     0.79108     1.05124     0.95442
   8.18137     0.74387     0.82150     0.86058
   8.24682     0.73211     0.79568     0.92436
   8.31227     0.98877     0.92216     1.05798
   8.37772     1.20435     1.01558     1.12900

 Partial S(Q)'s are printed out below

   611  3 are NQ and NPAR

      Q          S(Q)_1      S(Q)_2      S(Q)_3
  0.4682470    -2.4232813     0.7219913    -0.9089839
  0.4982822    -2.2277359     0.9394208    -0.7025008
  0.5283159    -2.0688514     1.1105326    -0.5240794
  0.5583480    -1.9477255     1.2352543    -0.3749814
  0.5883784    -1.8641830     1.3151416    -0.2554725
  0.6184069    -1.8168227     1.3532375    -0.1648565
  0.6484336    -1.8031055     1.3538811    -0.1015429
  0.6784584    -1.8194793     1.3224726    -0.0631431
  0.7084810    -1.8615353     1.2652083    -0.0465915
  0.7385015    -1.9241902     1.1887957    -0.0482880
  0.7685198    -2.0018858     1.1001628    -0.0642543
  0.7985357    -2.0888005     1.0061725    -0.0902993
  0.8285491    -2.1790627     0.9133548    -0.1221870
  0.8585601    -2.2669597     0.8276660    -0.1557999
  0.8885684    -2.3471347     0.7542845    -0.1872930
  0.9185740    -2.4147635     0.6974492    -0.2132325
  0.9485769    -2.4657076     0.6603455    -0.2307135
  0.9785768    -2.4966364     0.6450399    -0.2374545
  1.0085738    -2.5051155     0.6524654    -0.2318634
  1.0385677    -2.4896602     0.6824530    -0.2130757
  1.0685584    -2.4497510     0.7338066    -0.1809621
  1.0985458    -2.3858130     0.8044148    -0.1361070
  1.1285300    -2.2991615     0.8913933    -0.0797597
  1.1585106    -2.1919151     0.9912481    -0.0137601
  1.1884878    -2.0668823     1.1000532     0.0595569
  1.2184613    -1.9274255     1.2136325     0.1374739
  1.2484312    -1.7773097     1.3277383     0.2170159
  1.2783972    -1.6205400     1.4382195     0.2950817
  1.3083593    -1.4611967     1.5411721     0.3685774
  1.3383174    -1.3032728     1.6330671     0.4345452
  1.3682715    -1.1505211     1.7108533     0.4902837
  1.3982214    -1.0063159     1.7720308     0.5334547
  1.4281670    -0.8735348     1.8146966     0.5621722
  1.4581083    -0.7544634     1.8375611     0.5750711
  1.4880452    -0.6507281     1.8399394     0.5713531
  1.5179775    -0.5632559     1.8217197     0.5508091
  1.5479052    -0.4922645     1.7833124     0.5138168
  1.5778281    -0.4372809     1.7255851     0.4613162
  1.6077463    -0.3971865     1.6497885     0.3947620
  1.6376596    -0.3702877     1.5574765     0.3160593
  1.6675679    -0.3544066     1.4504275     0.2274814
  1.6974711    -0.3469892     1.3305677     0.1315776
  1.7273691    -0.3452244     1.1999028     0.0310723
  1.7572618    -0.3461714     1.0604583    -0.0712385
  1.7871493    -0.3468874     0.9142312    -0.1725903
  1.8170312    -0.3445527     0.7631534    -0.2703480
  1.8469077    -0.3365865     0.6090664    -0.3620940
  1.8767785    -0.3207512     0.4537066    -0.4457056
  1.9066436    -0.2952386     0.2986999    -0.5194166
  1.9365029    -0.2587384     0.1455635    -0.5818631
  1.9663562    -0.2104832    -0.0042889    -0.6321111
  1.9962036    -0.1502725    -0.1495374    -0.6696668
  2.0260449    -0.0784720    -0.2889485    -0.6944689
  2.0558801     0.0040084    -0.4213682    -0.7068651
  2.0857090     0.0957581    -0.5457192    -0.7075738
  2.1155315     0.1949276    -0.6610027    -0.6976345
  2.1453476     0.2993062    -0.7663065    -0.6783480
  2.1751571     0.4064118    -0.8608167    -0.6512110
  2.2049601     0.5135888    -0.9438351    -0.6178472
  2.2347563     0.6181103    -1.0148005    -0.5799381
  2.2645457     0.7172804    -1.0733103    -0.5391574
  2.2943282     0.8085327    -1.1191442    -0.4971093
  2.3241037     0.8895209    -1.1522839    -0.4552758
  2.3538721     0.9581987    -1.1729306    -0.4149726
  2.3836334     1.0128864    -1.1815151    -0.3773151
  2.4133874     1.0523209    -1.1787016    -0.3431958
  2.4431340     1.0756900    -1.1653819    -0.3132734
  2.4728732     1.0826469    -1.1426608    -0.2879715
  2.5026049     1.0733091    -1.1118319    -0.2674878
  2.5323289     1.0482385    -1.0743440    -0.2518120
  2.5620453     1.0084068    -1.0317600    -0.2407504
  2.5917538     0.9551470    -0.9857088    -0.2339555
  2.6214544     0.8900939    -0.9378332    -0.2309595
  2.6511471     0.8151157    -0.8897354    -0.2312085
  2.6808317     0.7322405    -0.8429227    -0.2340974
  2.7105081     0.6435807    -0.7987567    -0.2390016
  2.7401762     0.5512576    -0.7584077    -0.2453065
  2.7698360     0.4573308    -0.7228165    -0.2524319
  2.7994874     0.3637324    -0.6926666    -0.2598520
  2.8291302     0.2722114    -0.6683665    -0.2671090
  2.8587645     0.1842878    -0.6500450    -0.2738223
  2.8883900     0.1012185    -0.6375578    -0.2796912
  2.9180067     0.0239763    -0.6305060    -0.2844941
  2.9476145    -0.0467592    -0.6282663    -0.2880824
  2.9772134    -0.1105970    -0.6300288    -0.2903725
  3.0068031    -0.1674198    -0.6348441    -0.2913348
  3.0363838    -0.2173579    -0.6416734    -0.2909817
  3.0659551    -0.2607547    -0.6494424    -0.2893559
  3.0955172    -0.2981255    -0.6570937    -0.2865184
  3.1250698    -0.3301123    -0.6636372    -0.2825395
  3.1546128    -0.3574355    -0.6681939    -0.2774897
  3.1841463    -0.3808468    -0.6700334    -0.2714347
  3.2136701    -0.4010835    -0.6686016    -0.2644321
  3.2431841    -0.4188271    -0.6635373    -0.2565300
  3.2726882    -0.4346687    -0.6546797    -0.2477687
  3.3021823    -0.4490807    -0.6420626    -0.2381832
  3.3316664    -0.4623971    -0.6259007    -0.2278079
  3.3611403    -0.4748030    -0.6065644    -0.2166812
  3.3906040    -0.4863323    -0.5845488    -0.2048500
  3.4200574    -0.4968749    -0.5604360    -0.1923747
  3.4495003    -0.5061909    -0.5348544    -0.1793320
  3.4789327    -0.5139321    -0.5084369    -0.1658167
  3.5083546    -0.5196692    -0.4817802    -0.1519417
  3.5377657    -0.5229226    -0.4554086    -0.1378363
  3.5671661    -0.5231950    -0.4297417    -0.1236420
  3.5965556    -0.5200058    -0.4050710    -0.1095073
  3.6259341    -0.5129224    -0.3815441    -0.0955803
  3.6553016    -0.5015900    -0.3591576    -0.0820008
  3.6846580    -0.4857563    -0.3377603    -0.0688921
  3.7140032    -0.4652909    -0.3170645    -0.0563519
  3.7433370    -0.4401982    -0.2966658    -0.0444455
  3.7726594    -0.4106231    -0.2760697    -0.0331983
  3.8019704    -0.3768496    -0.2547238    -0.0225919
  3.8312697    -0.3392926    -0.2320525    -0.0125613
  3.8605574    -0.2984829    -0.2074943    -0.0029946
  3.8898333    -0.2550466    -0.1805372     0.0062639
  3.9190974    -0.2096802    -0.1507523     0.0154091
  3.9483496    -0.1631219    -0.1178224     0.0246668
  3.9775897    -0.1161218    -0.0815649     0.0342844
  4.0068177    -0.0694114    -0.0419474     0.0445190
  4.0360334    -0.0236748     0.0009047     0.0556247
  4.0652369     0.0204774     0.0467087     0.0678395
  4.0944281     0.0625301     0.0950328     0.0813719
  4.1236067     0.1020807     0.1453129     0.0963886
  4.1527728     0.1388497     0.1968748     0.1130035
  4.1819262     0.1726849     0.2489618     0.1312691
  4.2110669     0.2035586     0.3007669     0.1511692
  4.2401947     0.2315591     0.3514657     0.1726162
  4.2693097     0.2568746     0.4002506     0.1954501
  4.2984116     0.2797736     0.4463624     0.2194409
  4.3275005     0.3005796     0.4891197     0.2442945
  4.3565761     0.3196441     0.5279431     0.2696608
  4.3856385     0.3373170     0.5623741     0.2951440
  4.4146876     0.3539184     0.5920873     0.3203161
  4.4437232     0.3697109     0.6168956     0.3447298
  4.4727452     0.3848757     0.6367492     0.3679335
  4.5017536     0.3994932     0.6517270     0.3894858
  4.5307483     0.4135289     0.6620229     0.4089696
  4.5597293     0.4268254     0.6679273     0.4260044
  4.5886963     0.4391028     0.6698041     0.4402577
  4.6176493     0.4499646     0.6680663     0.4514539
  4.6465883     0.4589115     0.6631503     0.4593808
  4.6755131     0.4653622     0.6554910     0.4638931
  4.7044237     0.4686787     0.6454989     0.4649142
  4.7333199     0.4681975     0.6335404     0.4624349
  4.7622018     0.4632628     0.6199222     0.4565096
  4.7910691     0.4532627     0.6048808     0.4472509
  4.8199218     0.4376638     0.5885772     0.4348228
  4.8487599     0.4160456     0.5710974     0.4194321
  4.8775831     0.3881306     0.5524577     0.4013196
  4.9063916     0.3538098     0.5326151     0.3807514
  4.9351850     0.3131619     0.5114812     0.3580097
  4.9639635     0.2664656     0.4889400     0.3333848
  4.9927268     0.2142033     0.4648662     0.3071683
  5.0214749     0.1570566     0.4391458     0.2796467
  5.0502077     0.0958937     0.4116944     0.2510975
  5.0789252     0.0317482     0.3824750     0.2217858
  5.1076271    -0.0342091     0.3515127     0.1919624
  5.1363135    -0.1007049     0.3189052     0.1618638
  5.1649843    -0.1664029     0.2848292     0.1317126
  5.1936393    -0.2299469     0.2495428     0.1017187
  5.2222785    -0.2900051     0.2133815     0.0720810
  5.2509018    -0.3453146     0.1767509     0.0429896
  5.2795091    -0.3947239     0.1401142     0.0146273
  5.3081003    -0.4372312     0.1039761    -0.0128290
  5.3366753    -0.4720177     0.0688640    -0.0392077
  5.3652341    -0.4984742     0.0353074    -0.0643425
  5.3937766    -0.5162197     0.0038160    -0.0880739
  5.4223026    -0.5251118    -0.0251414    -0.1102507
  5.4508121    -0.5252478    -0.0511567    -0.1307330
  5.4793050    -0.5169574    -0.0739004    -0.1493960
  5.5077812    -0.5007864    -0.0931352    -0.1661335
  5.5362406    -0.4774733    -0.1087271    -0.1808625
  5.5646832    -0.4479187    -0.1206503    -0.1935269
  5.5931088    -0.4131501    -0.1289891    -0.2041016
  5.6215173    -0.3742816    -0.1339336    -0.2125951
  5.6499088    -0.3324733    -0.1357719    -0.2190520
  5.6782830    -0.2888892    -0.1348780    -0.2235531
  5.7066400    -0.2446566    -0.1316953    -0.2262153
  5.7349795    -0.2008293    -0.1267194    -0.2271895
  5.7633016    -0.1583543    -0.1204767    -0.2266566
  5.7916061    -0.1180451    -0.1135044    -0.2248230
  5.8198930    -0.0805612    -0.1063291    -0.2219139
  5.8481622    -0.0463952    -0.0994473    -0.2181660
  5.8764135    -0.0158673    -0.0933075    -0.2138198
  5.9046470     0.0108724    -0.0882952    -0.2091106
  5.9328624     0.0338346    -0.0847212    -0.2042605
  5.9610598     0.0531751    -0.0828130    -0.1994702
  5.9892391     0.0691734    -0.0827113    -0.1949114
  6.0174000     0.0822074    -0.0844690    -0.1907212
  6.0455427     0.0927248    -0.0880551    -0.1869970
  6.0736669     0.1012132    -0.0933610    -0.1837937
  6.1017727     0.1081706    -0.1002107    -0.1811224
  6.1298598     0.1140768    -0.1083727    -0.1789514
  6.1579283     0.1193681    -0.1175733    -0.1772089
  6.1859780     0.1244155    -0.1275114    -0.1757873
  6.2140089     0.1295078    -0.1378729    -0.1745498
  6.2420208     0.1348406    -0.1483448    -0.1733371
  6.2700138     0.1405107    -0.1586280    -0.1719766
  6.2979876     0.1465163    -0.1684484    -0.1702909
  6.3259422     0.1527633    -0.1775653    -0.1681071
  6.3538776     0.1590763    -0.1857787    -0.1652657
  6.3817936     0.1652141    -0.1929323    -0.1616285
  6.4096902     0.1708889    -0.1989152    -0.1570862
  6.4375673     0.1757870    -0.2036606    -0.1515636
  6.4654247     0.1795915    -0.2071428    -0.1450236
  6.4932625     0.1820044    -0.2093715    -0.1374697
  6.5210805     0.1827672    -0.2103858    -0.1289457
  6.5488786     0.1816789    -0.2102471    -0.1195346
  6.5766567     0.1786115    -0.2090307    -0.1093542
  6.6044148     0.1735201    -0.2068193    -0.0985528
  6.6321529     0.1664491    -0.2036955    -0.0873019
  6.6598707     0.1575326    -0.1997361    -0.0757888
  6.6875682     0.1469907    -0.1950076    -0.0642084
  6.7152453     0.1351201    -0.1895633    -0.0527545
  6.7429020     0.1222812    -0.1834417    -0.0416112
  6.7705382     0.1088802    -0.1766670    -0.0309454
  6.7981537     0.0953506    -0.1692507    -0.0208995
  6.8257485     0.0821304    -0.1611950    -0.0115857
  6.8533225     0.0696413    -0.1524966    -0.0030819
  6.8808757     0.0582662    -0.1431516     0.0045710
  6.9084079     0.0483299    -0.1331612     0.0113695
  6.9359190     0.0400813    -0.1225363     0.0173471
  6.9634090     0.0336805    -0.1113025     0.0225710
  6.9908778     0.0291886    -0.0995044     0.0271381
  7.0183253     0.0265634    -0.0872076     0.0311690
  7.0457515     0.0256597    -0.0745014     0.0348017
  7.0731561     0.0262351    -0.0614981     0.0381836
  7.1005393     0.0279596    -0.0483320     0.0414641
  7.1279008     0.0304308    -0.0351567     0.0447867
  7.1552405     0.0331923    -0.0221404     0.0482814
  7.1825585     0.0357543    -0.0094611     0.0520580
  7.2098546     0.0376178     0.0027001     0.0562004
  7.2371288     0.0382976     0.0141654     0.0607621
  7.2643809     0.0373462     0.0247680     0.0657634
  7.2916108     0.0343764     0.0343585     0.0711896
  7.3188186     0.0290806     0.0428114     0.0769916
  7.3460040     0.0212474     0.0500308     0.0830876
  7.3731671     0.0107740     0.0559549     0.0893659
  7.4003078    -0.0023263     0.0605586     0.0956904
  7.4274258    -0.0179215     0.0638554     0.1019052
  7.4545213    -0.0357636     0.0658967     0.1078419
  7.4815940    -0.0554962     0.0667704     0.1133264
  7.5086440    -0.0766671     0.0665972     0.1181860
  7.5356711    -0.0987445     0.0655257     0.1222564
  7.5626752    -0.1211378     0.0637261     0.1253888
  7.5896563    -0.1432196     0.0613838     0.1274555
  7.6166143    -0.1643502     0.0586910     0.1283553
  7.6435491    -0.1839025     0.0558394     0.1280170
  7.6704605    -0.2012859     0.0530121     0.1264027
  7.6973487    -0.2159694     0.0503767     0.1235087
  7.7242133    -0.2275012     0.0480784     0.1193655
  7.7510545    -0.2355261     0.0462351     0.1140368
  7.7778720    -0.2397977     0.0449332     0.1076166
  7.8046659    -0.2401871     0.0442250     0.1002261
  7.8314359    -0.2366859     0.0441276     0.0920086
  7.8581822    -0.2294050     0.0446241     0.0831249
  7.8849044    -0.2185684     0.0456650     0.0737475
  7.9116027    -0.2045026     0.0471726     0.0640548
  7.9382768    -0.1876217     0.0490451     0.0542253
  7.9649268    -0.1684107     0.0511627     0.0444326
  7.9915525    -0.1474045     0.0533940     0.0348398
  8.0181539    -0.1251669     0.0556024     0.0255957
  8.0447308    -0.1022688     0.0576536     0.0168309
  8.0712833    -0.0792662     0.0594213     0.0086555
  8.0978111    -0.0566801     0.0607935     0.0011568
  8.1243143    -0.0349788     0.0616776    -0.0056008
  8.1507928    -0.0145622     0.0620042    -0.0115763
  8.1772464     0.0042496     0.0617300    -0.0167510
  8.2036751     0.0212242     0.0608388    -0.0211267
  8.2300788     0.0362205     0.0593423    -0.0247237
  8.2564574     0.0491887     0.0572782    -0.0275781
  8.2828109     0.0601657     0.0547078    -0.0297387
  8.3091392     0.0692671     0.0517128    -0.0312638
  8.3354421     0.0766758     0.0483905    -0.0322183
  8.3617197     0.0826285     0.0448488    -0.0326705
  8.3879717     0.0873999     0.0412008    -0.0326896
  8.4141983     0.0912858     0.0375593    -0.0323429
  8.4403992     0.0945860     0.0340313    -0.0316943
  8.4665744     0.0975876     0.0307129    -0.0308023
  8.4927238     0.1005497     0.0276854    -0.0297195
  8.5188473     0.1036899     0.0250113    -0.0284915
  8.5449449     0.1071732     0.0227324    -0.0271571
  8.5710164     0.1111040     0.0208679    -0.0257486
  8.5970619     0.1155217     0.0194143    -0.0242920
  8.6230811     0.1203985     0.0183463    -0.0228080
  8.6490741     0.1256423     0.0176187    -0.0213130
  8.6750407     0.1311016     0.0171690    -0.0198200
  8.7009810     0.1365737     0.0169211    -0.0183397
  8.7268947     0.1418154     0.0167896    -0.0168811
  8.7527818     0.1465558     0.0166842    -0.0154527
  8.7786422     0.1505104     0.0165142    -0.0140627
  8.8044760     0.1533956     0.0161933    -0.0127196
  8.8302829     0.1549434     0.0156437    -0.0114321
  8.8560629     0.1549155     0.0148002    -0.0102094
  8.8818159     0.1531161     0.0136126    -0.0090606
  8.9075419     0.1494021     0.0120488    -0.0079944
  8.9332407     0.1436922     0.0100955    -0.0070186
  8.9589123     0.1359718     0.0077591    -0.0061397
  8.9845567     0.1262965     0.0050648    -0.0053619
  9.0101736     0.1147909     0.0020555    -0.0046870
  9.0357631     0.1016456    -0.0012106    -0.0041138
  9.0613251     0.0871108    -0.0046628    -0.0036377
  9.0868595     0.0714875    -0.0082217    -0.0032510
  9.1123662     0.0551162    -0.0118024    -0.0029426
  9.1378452     0.0383644    -0.0153194    -0.0026984
  9.1632963     0.0216124    -0.0186895    -0.0025021
  9.1887195     0.0052395    -0.0218366    -0.0023356
  9.2141147    -0.0103910    -0.0246942    -0.0021798
  9.2394819    -0.0249450    -0.0272091    -0.0020159
  9.2648209    -0.0381302    -0.0293428    -0.0018260
  9.2901317    -0.0497064    -0.0310733    -0.0015943
  9.3154141    -0.0594944    -0.0323957    -0.0013081
  9.3406683    -0.0673812    -0.0333219    -0.0009584
  9.3658939    -0.0733239    -0.0338796    -0.0005408
  9.3910910    -0.0773495    -0.0341107    -0.0000555
  9.4162595    -0.0795526    -0.0340683     0.0004919
  9.4413994    -0.0800905    -0.0338147     0.0010909
  9.4665104    -0.0791749    -0.0334173     0.0017263
  9.4915927    -0.0770631    -0.0329452     0.0023789
  9.5166460    -0.0740459    -0.0324661     0.0030263
  9.5416703    -0.0704354    -0.0320424     0.0036440
  9.5666656    -0.0665520    -0.0317279     0.0042067
  9.5916317    -0.0627106    -0.0315657     0.0046894
  9.6165686    -0.0592081    -0.0315853     0.0050690
  9.6414762    -0.0563112    -0.0318016     0.0053257
  9.6663545    -0.0542463    -0.0322137     0.0054440
  9.6912033    -0.0531902    -0.0328053     0.0054142
  9.7160225    -0.0532640    -0.0335447     0.0052326
  9.7408122    -0.0545287    -0.0343870     0.0049030
  9.7655722    -0.0569834    -0.0352755     0.0044361
  9.7903025    -0.0605660    -0.0361446     0.0038501
  9.8150029    -0.0651569    -0.0369230     0.0031697
  9.8396735    -0.0705840    -0.0375366     0.0024260
  9.8643140    -0.0766305    -0.0379122     0.0016547
  9.8889245    -0.0830439    -0.0379812     0.0008952
  9.9135049    -0.0895468    -0.0376823     0.0001890
  9.9380551    -0.0958481    -0.0369653    -0.0004226
  9.9625751    -0.1016547    -0.0357930    -0.0008996
  9.9870646    -0.1066829    -0.0341435    -0.0012060
 10.0115238    -0.1106703    -0.0320114    -0.0013111
 10.0359524    -0.1133849    -0.0294089    -0.0011915
 10.0603505    -0.1146348    -0.0263653    -0.0008324
 10.0847180    -0.1142748    -0.0229267    -0.0002287
 10.1090547    -0.1122118    -0.0191540     0.0006137
 10.1333606    -0.1084077    -0.0151214     0.0016783
 10.1576357    -0.1028810    -0.0109138     0.0029370
 10.1818798    -0.0957048    -0.0066232     0.0043514
 10.2060929    -0.0870042    -0.0023463     0.0058735
 10.2302749    -0.0769509     0.0018197     0.0074467
 10.2544257    -0.0657562     0.0057805     0.0090077
 10.2785453    -0.0536634     0.0094476     0.0104888
 10.3026336    -0.0409381     0.0127419     0.0118197
 10.3266906    -0.0278585     0.0155962     0.0129303
 10.3507160    -0.0147054     0.0179578     0.0137531
 10.3747099    -0.0017523     0.0197896     0.0142260
 10.3986723     0.0107440     0.0210719     0.0142943
 10.4226029     0.0225521     0.0218023     0.0139133
 10.4465018     0.0334734     0.0219956     0.0130500
 10.4703689     0.0433477     0.0216833     0.0116851
 10.4942041     0.0520577     0.0209112     0.0098137
 10.5180073     0.0595318     0.0197384     0.0074464
 10.5417785     0.0657442     0.0182342     0.0046093
 10.5655175     0.0707146     0.0164754     0.0013436
 10.5892244     0.0745048     0.0145433    -0.0022948
 10.6128990     0.0772148     0.0125206    -0.0062371
 10.6365413     0.0789767     0.0104885    -0.0104033
 10.6601512     0.0799482     0.0085232    -0.0147041
 10.6837286     0.0803049     0.0066938    -0.0190434
 10.7072735     0.0802322     0.0050594    -0.0233216
 10.7307858     0.0799168     0.0036679    -0.0274377
 10.7542654     0.0795387     0.0025541    -0.0312928
 10.7777122     0.0792635     0.0017391    -0.0347927
 10.8011262     0.0792353     0.0012301    -0.0378508
 10.8245072     0.0795710     0.0010210    -0.0403908
 10.8478553     0.0803553     0.0010929    -0.0423485
 10.8711704     0.0816373     0.0014158    -0.0436738
 10.8944524     0.0834290     0.0019505    -0.0443323
 10.9177011     0.0857046     0.0026507    -0.0443060
 10.9409166     0.0884017     0.0034656    -0.0435938
 10.9640988     0.0914241     0.0043426    -0.0422114
 10.9872476     0.0946454     0.0052296    -0.0401903
 11.0103629     0.0979146     0.0060782    -0.0375773
 11.0334447     0.1010616     0.0068455    -0.0344327
 11.0564928     0.1039045     0.0074970    -0.0308281
 11.0795073     0.1062562     0.0080073    -0.0268446
 11.1024880     0.1079323     0.0083627    -0.0225700
 11.1254349     0.1087583     0.0085610    -0.0180965
 11.1483479     0.1085761     0.0086123    -0.0135176
 11.1712270     0.1072509     0.0085389    -0.0089257
 11.1940720     0.1046762     0.0083740    -0.0044095
 11.2168830     0.1007783     0.0081612    -0.0000517
 11.2396597     0.0955197     0.0079521     0.0040734
 11.2624023     0.0889008     0.0078047     0.0079012
 11.2851105     0.0809609     0.0077804     0.0113789
 11.3077843     0.0717769     0.0079421     0.0144657
 11.3304237     0.0614619     0.0083511     0.0171340
 11.3530286     0.0501615     0.0090641     0.0193694
 11.3755989     0.0380497     0.0101309     0.0211703
 11.3981345     0.0253233     0.0115919     0.0225472
 11.4206355     0.0121964     0.0134758     0.0235220
 11.4431016    -0.0011065     0.0157980     0.0241262
 11.4655329    -0.0143571     0.0185588     0.0243994
 11.4879292    -0.0273304     0.0217432     0.0243876
 11.5102906    -0.0398110     0.0253202     0.0241412
 11.5326169    -0.0515996     0.0292430     0.0237129
 11.5549080    -0.0625186     0.0334500     0.0231558
 11.5771640    -0.0724170     0.0378661     0.0225212
 11.5993847    -0.0811742     0.0424045     0.0218571
 11.6215701    -0.0887029     0.0469691     0.0212065
 11.6437200    -0.0949508     0.0514568     0.0206061
 11.6658345    -0.0999010     0.0557606     0.0200852
 11.6879135    -0.1035716     0.0597731     0.0196647
 11.7099568    -0.1060138     0.0633888     0.0193572
 11.7319645    -0.1073090     0.0665081     0.0191666
 11.7539365    -0.1075651     0.0690400     0.0190883
 11.7758726    -0.1069121     0.0709048     0.0191098
 11.7977729    -0.1054965     0.0720368     0.0192118
 11.8196372    -0.1034761     0.0723862     0.0193687
 11.8414656    -0.1010140     0.0719212     0.0195503
 11.8632578    -0.0982725     0.0706285     0.0197233
 11.8850139    -0.0954073     0.0685143     0.0198522
 11.9067339    -0.0925626     0.0656043     0.0199017
 11.9284175    -0.0898656     0.0619429     0.0198373
 11.9500648    -0.0874223     0.0575923     0.0196274
 11.9716757    -0.0853144     0.0526309     0.0192444
 11.9932502    -0.0835966     0.0471507     0.0186659
 12.0147881    -0.0822951     0.0412555     0.0178754
 12.0362894    -0.0814068     0.0350576     0.0168635
 12.0577540    -0.0809001     0.0286747     0.0156277
 12.0791820    -0.0807163     0.0222270     0.0141734
 12.1005731    -0.0807718     0.0158335     0.0125129
 12.1219273    -0.0809616     0.0096092     0.0106659
 12.1432447    -0.0811634     0.0036615     0.0086584
 12.1645250    -0.0812415    -0.0019121     0.0065221
 12.1857683    -0.0810527    -0.0070270     0.0042931
 12.2069745    -0.0804508    -0.0116134     0.0020114
 12.2281434    -0.0792925    -0.0156178    -0.0002811
 12.2492752    -0.0774426    -0.0190049    -0.0025416
 12.2703696    -0.0747788    -0.0217574    -0.0047276
 12.2914266    -0.0711969    -0.0238767    -0.0067986
 12.3124462    -0.0666144    -0.0253825    -0.0087171
 12.3334283    -0.0609744    -0.0263115    -0.0104498
 12.3543729    -0.0542482    -0.0267161    -0.0119689
 12.3752798    -0.0464371    -0.0266629    -0.0132526
 12.3961490    -0.0375733    -0.0262298    -0.0142856
 12.4169804    -0.0277203    -0.0255041    -0.0150603
 12.4377740    -0.0169717    -0.0245791    -0.0155760
 12.4585297    -0.0054494    -0.0235517    -0.0158395
 12.4792475     0.0066986    -0.0225188    -0.0158648
 12.4999273     0.0193020    -0.0215748    -0.0156722
 12.5205689     0.0321722    -0.0208085    -0.0152879
 12.5411725     0.0451065    -0.0203001    -0.0147433
 12.5617378     0.0578934    -0.0201194    -0.0140734
 12.5822649     0.0703177    -0.0203231    -0.0133163
 12.6027536     0.0821660    -0.0209535    -0.0125116
 12.6232040     0.0932319    -0.0220371    -0.0116993
 12.6436159     0.1033212    -0.0235835    -0.0109184
 12.6639893     0.1122570    -0.0255855    -0.0102061
 12.6843241     0.1198834    -0.0280191    -0.0095959
 12.7046203     0.1260704    -0.0308441    -0.0091174
 12.7248777     0.1307161    -0.0340054    -0.0087950
 12.7450964     0.1337498    -0.0374343    -0.0086471
 12.7652763     0.1351335    -0.0410506    -0.0086858
 12.7854173     0.1348627    -0.0447647    -0.0089166
 12.8055194     0.1329664    -0.0484803    -0.0093381
 12.8255824     0.1295065    -0.0520969    -0.0099419
 12.8456064     0.1245759    -0.0555127    -0.0107136
 12.8655912     0.1182965    -0.0586275    -0.0116324
 12.8855369     0.1108156    -0.0613455    -0.0126726
 12.9054433     0.1023030    -0.0635776    -0.0138037
 12.9253104     0.0929466    -0.0652448    -0.0149918
 12.9451381     0.0829474    -0.0662793    -0.0162006
 12.9649264     0.0725158    -0.0666275    -0.0173924
 12.9846752     0.0618658    -0.0662508    -0.0185294
 13.0043844     0.0512105    -0.0651273    -0.0195746
 13.0240541     0.0407574    -0.0632523    -0.0204933
 13.0436840     0.0307036    -0.0606386    -0.0212540
 13.0632742     0.0212316    -0.0573166    -0.0218290
 13.0828247     0.0125057    -0.0533334    -0.0221961
 13.1023352     0.0046684    -0.0487521    -0.0223385
 13.1218059    -0.0021620    -0.0436503    -0.0222457
 13.1412366    -0.0078940    -0.0381181    -0.0219136
 13.1606273    -0.0124638    -0.0322565    -0.0213452
 13.1799778    -0.0158362    -0.0261746    -0.0205500
 13.1992882    -0.0180048    -0.0199875    -0.0195440
 13.2185585    -0.0189914    -0.0138132    -0.0183493
 13.2377884    -0.0188444    -0.0077701    -0.0169936
 13.2569780    -0.0176375    -0.0019744    -0.0155093
 13.2761273    -0.0154667     0.0034628    -0.0139326
 13.2952361    -0.0124480     0.0084381    -0.0123028
 13.3143044    -0.0087138     0.0128581    -0.0106610
 13.3333321    -0.0044094     0.0166412    -0.0090489
 13.3523192     0.0003103     0.0197200    -0.0075079
 13.3712657     0.0052854     0.0220424    -0.0060777
 13.3901714     0.0103542     0.0235730    -0.0047953
 13.4090364     0.0153573     0.0242936    -0.0036941
 13.4278604     0.0201412     0.0242037    -0.0028026
 13.4466436     0.0245618     0.0233206    -0.0021437
 13.4653858     0.0284870     0.0216786    -0.0017343
 13.4840871     0.0318000     0.0193284    -0.0015843
 13.5027472     0.0344014     0.0163361    -0.0016963
 13.5213662     0.0362105     0.0127811    -0.0020656
 13.5399440     0.0371673     0.0087551    -0.0026803
 13.5584806     0.0372330     0.0043590    -0.0035210
 13.5769758     0.0363900    -0.0002983    -0.0045615
 13.5954297     0.0346422    -0.0051031    -0.0057693
 13.6138422     0.0320138    -0.0099391    -0.0071063
 13.6322132     0.0285483    -0.0146898    -0.0085293
 13.6505427     0.0243070    -0.0192415    -0.0099917
 13.6688306     0.0193669    -0.0234852    -0.0114436
 13.6870769     0.0138186    -0.0273196    -0.0128340
 13.7052815     0.0077635    -0.0306524    -0.0141110
 13.7234443     0.0013115    -0.0334031    -0.0152237
 13.7415654    -0.0054222    -0.0355041    -0.0161232
 13.7596445    -0.0123194    -0.0369023    -0.0167635
 13.7776818    -0.0192625    -0.0375602    -0.0171033
 13.7956771    -0.0261363    -0.0374568    -0.0171063
 13.8136303    -0.0328314    -0.0365874    -0.0167425
 13.8315415    -0.0392461    -0.0349644    -0.0159891
 13.8494106    -0.0452885    -0.0326164    -0.0148309
 13.8672374    -0.0508788    -0.0295880    -0.0132611
 13.8850221    -0.0559501    -0.0259383    -0.0112811
 13.9027644    -0.0604500    -0.0217402    -0.0089013
 13.9204644    -0.0643413    -0.0170786    -0.0061406
 13.9381219    -0.0676024    -0.0120487    -0.0030264
 13.9557370    -0.0702271    -0.0067538     0.0004060
 13.9733096    -0.0722244    -0.0013034     0.0041136
 13.9908397    -0.0736179     0.0041887     0.0080468
 14.0083271    -0.0744445     0.0096076     0.0121501
 14.0257718    -0.0747534     0.0148386     0.0163631
 14.0431739    -0.0746039     0.0197702     0.0206215
 14.0605331    -0.0740646     0.0242960     0.0248585
 14.0778495    -0.0732102     0.0283169     0.0290058
 14.0951231    -0.0721206     0.0317428     0.0329950
 14.1123536    -0.0708778     0.0344951     0.0367589
 14.1295412    -0.0695642     0.0365073     0.0402327
 14.1466858    -0.0682602     0.0377270     0.0433553
 14.1637873    -0.0670422     0.0381166     0.0460704
 14.1808456    -0.0659808     0.0376544     0.0483276
 14.1978607    -0.0651387     0.0363345     0.0500835
 14.2148326    -0.0645690     0.0341678     0.0513024
 14.2317612    -0.0643142     0.0311810     0.0519571
 14.2486464    -0.0644048     0.0274167     0.0520295
 14.2654882    -0.0648585     0.0229329     0.0515109
 14.2822866    -0.0656796     0.0178015     0.0504024
 14.2990415    -0.0668586     0.0121074     0.0487150
 14.3157528    -0.0683725     0.0059470     0.0464693
 14.3324204    -0.0701850    -0.0005733     0.0436955
 14.3490445    -0.0722470    -0.0073387     0.0404327
 14.3656248    -0.0744977    -0.0142287     0.0367286
 14.3821614    -0.0768653    -0.0211179     0.0326388
 14.3986541    -0.0792690    -0.0278792     0.0282255
 14.4151030    -0.0816200    -0.0343850     0.0235572
 14.4315080    -0.0838236    -0.0405101     0.0187070
 14.4478690    -0.0857806    -0.0461329     0.0137522
 14.4641860    -0.0873897    -0.0511378     0.0087722
 14.4804590    -0.0885494    -0.0554173     0.0038482
 14.4966878    -0.0891597    -0.0588731    -0.0009389
 14.5128725    -0.0891245    -0.0614182    -0.0055091
 14.5290130    -0.0883533    -0.0629778    -0.0097849
 14.5451092    -0.0867632    -0.0634911    -0.0136923
 14.5611611    -0.0842806    -0.0629116    -0.0171620
 14.5771686    -0.0808426    -0.0612082    -0.0201306
 14.5931318    -0.0763986    -0.0583656    -0.0225414
 14.6090505    -0.0709115    -0.0543846    -0.0243452
 14.6249247    -0.0643587    -0.0492822    -0.0255012
 14.6407543    -0.0567325    -0.0430912    -0.0259774
 14.6565394    -0.0480411    -0.0358598    -0.0257514
 14.6722798    -0.0383086    -0.0276509    -0.0248105
 14.6879755    -0.0275750    -0.0185416    -0.0231520
 14.7036264    -0.0158958    -0.0086216    -0.0207830
 14.7192326    -0.0033418     0.0020075    -0.0177209
 14.7347939     0.0100018     0.0132341    -0.0139925
 14.7503104     0.0240364     0.0249376    -0.0096339
 14.7657819     0.0386512     0.0369903    -0.0046902
 14.7812084     0.0537242     0.0492588     0.0007852
 14.7965899     0.0691242     0.0616060     0.0067318
 14.8119264     0.0847121     0.0738929     0.0130818
 14.8272177     0.1003428     0.0859798     0.0197620
 14.8424639     0.1158670     0.0977289     0.0266943
 14.8576648     0.1311330     0.1090052     0.0337965
 14.8728205     0.1459888     0.1196784     0.0409839
 14.8879309     0.1602838     0.1296248     0.0481698
 14.9029959     0.1738708     0.1387282     0.0552671
 14.9180155     0.1866079     0.1468815     0.0621889
 14.9329897     0.1983601     0.1539877     0.0688500
 14.9479184     0.2090010     0.1599613     0.0751676
 14.9628016     0.2184144     0.1647289     0.0810623
 14.9776391     0.2264957     0.1682298     0.0864594
 14.9924311     0.2331529     0.1704168     0.0912891
 15.0071774     0.2383077     0.1712567     0.0954879
 15.0218780     0.2418968     0.1707300     0.0989989
 15.0365328     0.2438719     0.1688316     0.1017727
 15.0511418     0.2442009     0.1655700     0.1037674
 15.0657049     0.2428674     0.1609676     0.1049496
 15.0802222     0.2398716     0.1550600     0.1052944
 15.0946935     0.2352296     0.1478953     0.1047853
 15.1091189     0.2289733     0.1395338     0.1034150
 15.1234982     0.2211501     0.1300467     0.1011847
 15.1378315     0.2118218     0.1195156     0.0981043
 15.1521186     0.2010644     0.1080312     0.0941922
 15.1663596     0.1889668     0.0956923     0.0894747
 15.1805544     0.1756295     0.0826047     0.0839863
 15.1947030     0.1611640     0.0688799     0.0777682
 15.2088052     0.1456910     0.0546341     0.0708688
 15.2228612     0.1293393     0.0399866     0.0633424
 15.2368707     0.1122443     0.0250587     0.0552488
 15.2508339     0.0945465     0.0099727     0.0466528
 15.2647506     0.0763900    -0.0051498     0.0376229
 15.2786207     0.0579210    -0.0201884     0.0282312

PDF 1 in G'(r) format
  r, PDF (RMC), PDF (Expt)
 CURVES
         128 ,           2
      0.0654509        0.0000000        0.0000000
      0.1309019        0.0000000        0.0000000
      0.1963528        0.0000000        0.0000000
      0.2618037        0.0000000        0.0000000
      0.3272547        0.0000000        0.0000000
      0.3927056        0.0000000        0.0000000
      0.4581565        0.0000000        0.0000000
      0.5236075        0.0000000        0.0000000
      0.5890584        0.0000000        0.0000000
      0.6545093        0.0000000        0.0000000
      0.7199603        0.0000000        0.0000000
      0.7854112        0.0000000        0.0000000
      0.8508621        0.0000000        0.0000000
      0.9163131        0.0000000        0.0000000
      0.9817640        0.0000000        0.0000000
      1.0472149        0.0000000        0.0000000
      1.1126659        0.0000000        0.0000000
      1.1781168        0.7115581        0.0000000
      1.2435677        0.7298802        0.1336642
      1.3090187        1.1527805        0.4087493
      1.3744696        1.6216552        0.7543131
      1.4399206        2.0594745        1.1485415
      1.5053715        2.4088961        1.5505350
      1.5708224        2.5883564        1.9059448
      1.6362734        2.7543738        2.1587834
      1.7017243        3.0393618        2.2659462
      1.7671752        3.1866715        2.2093322
      1.8326262        3.0041138        2.0010507
      1.8980771        2.3540030        1.6798473
      1.9635280        1.5303692        1.3003390
      2.0289790        0.7481134        0.9192625
      2.0944299        0.3164649        0.5835708
      2.1598808        0.2200625        0.3237554
      2.2253318        0.2315320        0.1531507
      2.2907827        0.1495819        0.0715582
      2.3562336        0.0254177        0.0703735
      2.4216846        0.0000000        0.1367765
      2.4871355        0.0000000        0.2559231
      2.5525864        0.1142472        0.4115305
      2.6180374        0.5551259        0.5860281
      2.6834883        0.8749966        0.7613177
      2.7489392        1.0285107        0.9204588
      2.8143902        0.8921509        1.0498161
      2.8798411        0.9662074        1.1408396
      2.9452920        1.1158826        1.1907984
      3.0107430        1.3976513        1.2022868
      3.0761939        1.4500454        1.1818121
      3.1416448        1.2648231        1.1380301
      3.2070958        0.9861317        1.0801428
      3.2725467        0.7255520        1.0167345
      3.3379976        0.6406317        0.9550757
      3.4034486        0.7935319        0.9007813
      3.4688995        0.9116060        0.8576976
      3.5343504        0.8042716        0.8279539
      3.5998014        0.6208090        0.8121644
      3.6652523        0.4115011        0.8097733
      3.7307032        0.4360079        0.8194883
      3.7961542        0.6586597        0.8397032
      3.8616051        0.8814069        0.8687856
      3.9270560        1.0036728        0.9051459
      3.9925070        0.8614164        0.9470814
      4.0579579        0.7158907        0.9924918
      4.1234088        0.7215938        1.0386326
      4.1888598        0.9500767        1.0820893
      4.2543107        1.3344586        1.1190817
      4.3197617        1.4384373        1.1460852
      4.3852126        1.3735248        1.1606051
      4.4506635        1.1845396        1.1618539
      4.5161145        0.9741754        1.1510787
      4.5815654        1.0189685        1.1313973
      4.6470163        1.1279571        1.1071647
      4.7124673        1.2440653        1.0830542
      4.7779182        1.1712962        1.0631198
      4.8433691        0.9163788        1.0500902
      4.9088201        0.7876731        1.0450422
      4.9742710        0.8263463        1.0474679
      5.0397219        1.0403460        1.0556379
      5.1051729        1.1728960        1.0671130
      5.1706238        1.3044435        1.0792657
      5.2360747        1.1174371        1.0897134
      5.3015257        0.9013470        1.0966243
      5.3669766        0.9177620        1.0988858
      5.4324275        1.0914620        1.0961514
      5.4978785        1.2925682        1.0887822
      5.5633294        1.2873417        1.0777025
      5.6287803        1.1449025        1.0641974
      5.6942313        0.9108369        1.0496821
      5.7596822        0.7629261        1.0354810
      5.8251331        0.8566613        1.0226525
      5.8905841        1.0399844        1.0118836
      5.9560350        1.1274323        1.0034631
      6.0214859        1.0612940        0.9973273
      6.0869369        0.8516226        0.9931542
      6.1523878        0.7658664        0.9904812
      6.2178387        0.7869894        0.9888186
      6.2832897        0.9204795        0.9877401
      6.3487406        1.1469756        0.9869391
      6.4141915        1.0309085        0.9862467
      6.4796425        0.9133583        0.9856162
      6.5450934        0.7914458        0.9850831
      6.6105443        0.7834739        0.9847145
      6.6759953        0.9285929        0.9845639
      6.7414462        1.0761423        0.9846464
      6.8068971        1.1029543        0.9849370
      6.8723481        0.9690567        0.9853913
      6.9377990        0.8005022        0.9859733
      7.0032500        0.7455954        0.9866786
      7.0687009        0.8582459        0.9875407
      7.1341518        1.0842520        0.9886210
      7.1996028        1.1281362        0.9899864
      7.2650537        1.0084982        0.9916841
      7.3305046        0.8891917        0.9937189
      7.3959556        0.7618445        0.9960403
      7.4614065        0.8646465        0.9985393
      7.5268574        1.0514381        1.0010578
      7.5923084        1.1782450        1.0034105
      7.6577593        1.0861173        1.0054168
      7.7232102        0.9468630        1.0069347
      7.7886612        0.7967693        1.0078879
      7.8541121        0.8753614        1.0082768
      7.9195630        1.0184984        1.0081716
      7.9850140        1.1830597        1.0076919
      8.0504649        1.0913005        1.0069810
      8.1159158        0.9734445        1.0061833
      8.1813668        0.8216632        1.0054282
      8.2468177        0.8290605        1.0048201
      8.3122686        0.9802590        1.0044299
      8.3777196        1.0868739        1.0042903

 Total S(Q)'s: Comparison with input data

   611  2 are NQ and NPAR

       Q      S(Q)_RMC  S(Q)_Expt
      0.4682470      0.6528422      0.2077988
      0.4982822      0.8627642      0.2271120
      0.5283159      1.0342981      0.1999373
      0.5583480      1.1667875      0.2298475
      0.5883784      1.2609253      0.2305090
      0.6184069      1.3186669      0.2565357
      0.6484336      1.3430981      0.2474724
      0.6784584      1.3382674      0.2646474
      0.7084810      1.3089888      0.2636069
      0.7385015      1.2606234      0.3029983
      0.7685198      1.1988504      0.2803935
      0.7985357      1.1294358      0.3165134
      0.8285491      1.0580083      0.3242744
      0.8585601      0.9898499      0.3528387
      0.8885684      0.9297113      0.3401115
      0.9185740      0.8816545      0.3830234
      0.9485769      0.8489313      0.3893421
      0.9785768      0.8338986      0.4382564
      1.0085738      0.8379728      0.4118919
      1.0385677      0.8616232      0.4648711
      1.0685584      0.9044029      0.4868638
      1.0985458      0.9650140      0.5442779
      1.1285300      1.0414029      0.5432138
      1.1585106      1.1308796      0.6115161
      1.1884878      1.2302566      0.6502125
      1.2184613      1.3359984      0.7342055
      1.2484312      1.4443777      0.7438206
      1.2783972      1.5516293      0.8198889
      1.3083593      1.6540976      0.8923436
      1.3383174      1.7483708      0.9986290
      1.3682715      1.8313980      1.0154129
      1.3982214      1.9005851      1.1345052
      1.4281670      1.9538685      1.1952611
      1.4581083      1.9897620      1.2765756
      1.4880452      2.0073810      1.2583090
      1.5179775      2.0064406      1.3187903
      1.5479052      1.9872325      1.3185571
      1.5778281      1.9505817      1.3357947
      1.6077463      1.8977865      1.2915394
      1.6376596      1.8305456      1.2788005
      1.6675679      1.7508756      1.2367185
      1.6974711      1.6610247      1.2087317
      1.7273691      1.5633833      1.1295654
      1.7572618      1.4603986      1.1126714
      1.7871493      1.3544931      1.0785231
      1.8170312      1.2479926      1.0634851
      1.8469077      1.1430629      0.9789252
      1.8767785      1.0416592      0.9419524
      1.9066436      0.9454868      0.9070040
      1.9365029      0.8559747      0.9084775
      1.9663562      0.7742612      0.8360757
      1.9962036      0.7011905      0.8344206
      2.0260449      0.6373195      0.8139095
      2.0558801      0.5829329      0.8122972
      2.0857090      0.5380648      0.7600058
      2.1155315      0.5025258      0.7759056
      2.1453476      0.4759331      0.7596567
      2.1751571      0.4577421      0.7815941
      2.2049601      0.4472788      0.7273933
      2.2347563      0.4437709      0.7465106
      2.2645457      0.4463768      0.7472951
      2.2943282      0.4542130      0.7775821
      2.3241037      0.4663770      0.7319369
      2.3538721      0.4819691      0.7609251
      2.3836334      0.5001093      0.7546690
      2.4133874      0.5199525      0.7935739
      2.4431340      0.5407006      0.7408128
      2.4728732      0.5616127      0.7779927
      2.5026049      0.5820136      0.7941686
      2.5323289      0.6012999      0.8294398
      2.5620453      0.6189466      0.7882798
      2.5917538      0.6345110      0.8429276
      2.6214544      0.6476367      0.8262057
      2.6511471      0.6580566      0.8698095
      2.6808317      0.6655945      0.8159758
      2.7105081      0.6701661      0.8431003
      2.7401762      0.6717780      0.8216031
      2.7698360      0.6705255      0.8492129
      2.7994874      0.6665885      0.7853049
      2.8291302      0.6602253      0.8107665
      2.8587645      0.6517645      0.7956234
      2.8883900      0.6415944      0.8172699
      2.9180067      0.6301511      0.7497847
      2.9476145      0.6179043      0.7684031
      2.9772134      0.6053423      0.7532565
      3.0068031      0.5929562      0.7831777
      3.0363838      0.5812231      0.7247468
      3.0659551      0.5705907      0.7424671
      3.0955172      0.5614628      0.7324139
      3.1250698      0.5541859      0.7548449
      3.1546128      0.5490385      0.6944434
      3.1841463      0.5462239      0.7490457
      3.2136701      0.5458651      0.7273784
      3.2431841      0.5480039      0.7584574
      3.2726882      0.5526037      0.7123848
      3.3021823      0.5595549      0.7455926
      3.3316664      0.5686846      0.7366845
      3.3611403      0.5797683      0.7711888
      3.3906040      0.5925437      0.7304165
      3.4200574      0.6067267      0.7601068
      3.4495003      0.6220272      0.7670137
      3.4789327      0.6381650      0.7887449
      3.5083546      0.6548853      0.7636740
      3.5377657      0.6719714      0.7908278
      3.5671661      0.6892561      0.8012965
      3.5965556      0.7066292      0.8354474
      3.6259341      0.7240421      0.8125319
      3.6553016      0.7415092      0.8381429
      3.6846580      0.7591045      0.8531816
      3.7140032      0.7769563      0.8943623
      3.7433370      0.7952376      0.8597129
      3.7726594      0.8141545      0.9181836
      3.8019704      0.8339330      0.9130229
      3.8312697      0.8548035      0.9651177
      3.8605574      0.8769861      0.9275593
      3.8898333      0.9006757      0.9847655
      3.9190974      0.9260281      0.9955053
      3.9483496      0.9531485      1.0552443
      3.9775897      0.9820824      1.0206638
      4.0068177      1.0128088      1.0818904
      4.0360334      1.0452371      1.1020108
      4.0652369      1.0792077      1.1614346
      4.0944281      1.1144947      1.1168939
      4.1236067      1.1508129      1.1832290
      4.1527728      1.1878267      1.2055746
      4.1819262      1.2251609      1.2414010
      4.2110669      1.2624140      1.2215499
      4.2401947      1.2991710      1.2839307
      4.2693097      1.3350173      1.3309875
      4.2984116      1.3695514      1.3949996
      4.3275005      1.4023971      1.3686860
      4.3565761      1.4332130      1.4282211
      4.3856385      1.4617006      1.4364003
      4.4146876      1.4876093      1.4812994
      4.4437232      1.5107398      1.4594988
      4.4727452      1.5309434      1.5009093
      4.5017536      1.5481205      1.5025782
      4.5307483      1.5622157      1.5516118
      4.5597293      1.5732121      1.4833252
      4.5886963      1.5811240      1.5373560
      4.6176493      1.5859892      1.5315077
      4.6465883      1.5878609      1.5751113
      4.6755131      1.5868008      1.5102587
      4.7044237      1.5828725      1.5496000
      4.7333199      1.5761369      1.5358035
      4.7622018      1.5666495      1.5745380
      4.7910691      1.5544590      1.5004836
      4.8199218      1.5396087      1.5160782
      4.8487599      1.5221394      1.5191082
      4.8775831      1.5020945      1.5461030
      4.9063916      1.4795259      1.4475589
      4.9351850      1.4545012      1.4664399
      4.9639635      1.4271117      1.4377283
      4.9927268      1.3974795      1.4581343
      5.0214749      1.3657642      1.3604107
      5.0502077      1.3321689      1.3697796
      5.0789252      1.2969437      1.3141227
      5.1076271      1.2603872      1.2908323
      5.1363135      1.2228459      1.2011923
      5.1649843      1.1847106      1.2021215
      5.1936393      1.1464108      1.1570817
      5.2222785      1.1084053      1.1496027
      5.2509018      1.0711723      1.0809341
      5.2795091      1.0351964      1.0625072
      5.3081003      1.0009544      1.0164037
      5.3366753      0.9689013      1.0118871
      5.3652341      0.9394553      0.9438641
      5.3937766      0.9129837      0.9305984
      5.4223026      0.8897902      0.9112271
      5.4508121      0.8701042      0.9127001
      5.4793050      0.8540722      0.8375091
      5.5077812      0.8417523      0.8561141
      5.5362406      0.8331119      0.8300860
      5.5646832      0.8280285      0.8474997
      5.5931088      0.8262944      0.7790392
      5.6215173      0.8276236      0.8118337
      5.6499088      0.8316627      0.7806676
      5.6782830      0.8380036      0.8133906
      5.7066400      0.8461978      0.7555811
      5.7349795      0.8557731      0.7917284
      5.7633016      0.8662497      0.7855322
      5.7916061      0.8771572      0.8093093
      5.8198930      0.8880497      0.7558034
      5.8481622      0.8985207      0.7903458
      5.8764135      0.9082153      0.7717963
      5.9046470      0.9168398      0.8082554
      5.9328624      0.9241690      0.7593839
      5.9610598      0.9300501      0.7796401
      5.9892391      0.9344036      0.7800547
      6.0174000      0.9372214      0.8167204
      6.0455427      0.9385617      0.7715835
      6.0736669      0.9385415      0.8043355
      6.1017727      0.9373276      0.7999956
      6.1298598      0.9351254      0.8243273
      6.1579283      0.9321668      0.7883084
      6.1859780      0.9286984      0.8103892
      6.2140089      0.9249690      0.7991596
      6.2420208      0.9212187      0.8318845
      6.2700138      0.9176684      0.7818216
      6.2979876      0.9145118      0.8166737
      6.3259422      0.9119091      0.8091770
      6.3538776      0.9099820      0.8465817
      6.3817936      0.9088127      0.7922560
      6.4096902      0.9084433      0.8253628
      6.4375673      0.9088784      0.8139798
      6.4654247      0.9100892      0.8466621
      6.4932625      0.9120185      0.7946021
      6.5210805      0.9145882      0.8208288
      6.5488786      0.9177058      0.8225073
      6.5766567      0.9212720      0.8457956
      6.6044148      0.9251882      0.8081858
      6.6321529      0.9293630      0.8446045
      6.6598707      0.9337176      0.8486867
      6.6875682      0.9381904      0.8868101
      6.7152453      0.9427397      0.8481523
      6.7429020      0.9473450      0.8936918
      6.7705382      0.9520067      0.8835210
      6.7981537      0.9567445      0.9299052
      6.8257485      0.9615936      0.8970225
      6.8533225      0.9666010      0.9418182
      6.8808757      0.9718199      0.9284377
      6.9084079      0.9773042      0.9699719
      6.9359190      0.9831027      0.9362651
      6.9634090      0.9892534      0.9867725
      6.9908778      0.9957784      0.9927209
      7.0183253      1.0026803      1.0234146
      7.0457515      1.0099382      1.0020005
      7.0731561      1.0175071      1.0320274
      7.1005393      1.0253166      1.0469580
      7.1279008      1.0332728      1.0806872
      7.1552405      1.0412606      1.0612949
      7.1825585      1.0491479      1.1021325
      7.2098546      1.0567900      1.0931564
      7.2371288      1.0640365      1.1317198
      7.2643809      1.0707365      1.0969701
      7.2916108      1.0767465      1.1391946
      7.3188186      1.0819361      1.1368784
      7.3460040      1.0861945      1.1676400
      7.3731671      1.0894356      1.1386115
      7.4003078      1.0916028      1.1686064
      7.4274258      1.0926716      1.1607236
      7.4545213      1.0926514      1.1938900
      7.4815940      1.0915860      1.1469316
      7.5086440      1.0895519      1.1715742
      7.5356711      1.0866555      1.1716972
      7.5626752      1.0830295      1.1932501
      7.5896563      1.0788269      1.1629149
      7.6166143      1.0742158      1.1724599
      7.6435491      1.0693719      1.1765743
      7.6704605      1.0644719      1.1856788
      7.6973487      1.0596867      1.1257355
      7.7242133      1.0551746      1.1586360
      7.7510545      1.0510754      1.1394201
      7.7778720      1.0475054      1.1658132
      7.8046659      1.0445537      1.1087555
      7.8314359      1.0422795      1.1391307
      7.8581822      1.0407107      1.1294155
      7.8849044      1.0398445      1.1506460
      7.9116027      1.0396485      1.0988124
      7.9382768      1.0400640      1.1341934
      7.9649268      1.0410097      1.1333890
      7.9915525      1.0423862      1.1510217
      8.0181539      1.0440823      1.1033276
      8.0447308      1.0459798      1.1280535
      8.0712833      1.0479604      1.1212458
      8.0978111      1.0499107      1.1424762
      8.1243143      1.0517277      1.0971167
      8.1507928      1.0533235      1.1240392
      8.1772464      1.0546287      1.1192622
      8.2036751      1.0555952      1.1429659
      8.2300788      1.0561974      1.0997263
      8.2564574      1.0564328      1.1217729
      8.2828109      1.0563206      1.1133024
      8.3091392      1.0559002      1.1373785
      8.3354421      1.0552277      1.0861938
      8.3617197      1.0543724      1.1217421
      8.3879717      1.0534125      1.1146505
      8.4141983      1.0524300      1.1414051
      8.4403992      1.0515063      1.0990696
      8.4665744      1.0507168      1.1197346
      8.4927238      1.0501273      1.1164224
      8.5188473      1.0497896      1.1450112
      8.5449449      1.0497389      1.0949807
      8.5710164      1.0499912      1.1239901
      8.5970619      1.0505427      1.1130950
      8.6230811      1.0513692      1.1433015
      8.6490741      1.0524273      1.0928001
      8.6750407      1.0536563      1.1083708
      8.7009810      1.0549812      1.0973715
      8.7268947      1.0563156      1.1119729
      8.7527818      1.0575665      1.0740829
      8.7786422      1.0586384      1.0972589
      8.8044760      1.0594382      1.0897339
      8.8302829      1.0598791      1.1069827
      8.8560629      1.0598856      1.0533714
      8.8818159      1.0593969      1.0795645
      8.9075419      1.0583697      1.0600021
      8.9332407      1.0567811      1.0827045
      8.9589123      1.0546295      1.0252971
      8.9845567      1.0519351      1.0586024
      9.0101736      1.0487394      1.0437791
      9.0357631      1.0451038      1.0629044
      9.0613251      1.0411068      1.0040425
      9.0868595      1.0368412      1.0420848
      9.1123662      1.0324100      1.0195197
      9.1378452      1.0279227      1.0314713
      9.1632963      1.0234900      0.9870687
      9.1887195      1.0192202      1.0029759
      9.2141147      1.0152140      0.9916910
      9.2394819      1.0115610      1.0053060
      9.2648209      1.0083361      0.9493458
      9.2901317      1.0055962      0.9755755
      9.3154141      1.0033790      0.9624711
      9.3406683      1.0017009      0.9832615
      9.3658939      1.0005575      0.9309610
      9.3910910      0.9999237      0.9484010
      9.4162595      0.9997557      0.9360735
      9.4413994      0.9999927      0.9522356
      9.4665104      1.0005606      0.8994818
      9.4915927      1.0013752      0.9233140
      9.5166460      1.0023463      0.9087307
      9.5416703      1.0033819      0.9367741
      9.5666656      1.0043921      0.8876348
      9.5916317      1.0052939      0.9125586
      9.6165686      1.0060140      0.8965974
      9.6414762      1.0064929      0.9230632
      9.6663545      1.0066869      0.8714014
      9.6912033      1.0065703      0.8967859
      9.7160225      1.0061366      0.8893871
      9.7408122      1.0053984      0.9214249
      9.7655722      1.0043870      0.8755735
      9.7903025      1.0031510      0.8937061
      9.8150029      1.0017542      0.8824248
      9.8396735      1.0002725      0.9142871
      9.8643140      0.9987908      0.8662962
      9.8889245      0.9973992      0.8918010
      9.9135049      0.9961890      0.8883861
      9.9380551      0.9952486      0.9065040
      9.9625751      0.9946600      0.8730466
      9.9870646      0.9944947      0.8943250
     10.0115238      0.9948107      0.8877010
     10.0359524      0.9956499      0.9196555
     10.0603505      0.9970359      0.8748684
     10.0847180      0.9989731      0.9030995
     10.1090547      1.0014457      0.8945450
     10.1333606      1.0044184      0.9251539
     10.1576357      1.0078376      0.8863267
     10.1818798      1.0116327      0.9093806
     10.2060929      1.0157189      0.9057577
     10.2302749      1.0200004      0.9287798
     10.2544257      1.0243732      0.8970525
     10.2785453      1.0287298      0.9251289
     10.3026336      1.0329621      0.9168794
     10.3266906      1.0369658      0.9318623
     10.3507160      1.0406441      0.9025320
     10.3747099      1.0439109      0.9272589
     10.3986723      1.0466938      0.9148892
     10.4226029      1.0489369      0.9531408
     10.4465018      1.0506019      0.9069573
     10.4703689      1.0516700      0.9359277
     10.4942041      1.0521418      0.9343425
     10.5180073      1.0520373      0.9610470
     10.5417785      1.0513946      0.9144871
     10.5655175      1.0502686      0.9519134
     10.5892244      1.0487285      0.9461973
     10.6128990      1.0468552      0.9672946
     10.6365413      1.0447382      0.9320568
     10.6601512      1.0424721      0.9575107
     10.6837286      1.0401535      0.9549118
     10.7072735      1.0378771      0.9858723
     10.7307858      1.0357327      0.9460034
     10.7542654      1.0338020      0.9759839
     10.7777122      1.0321561      0.9700277
     10.8011262      1.0308527      0.9926351
     10.8245072      1.0299352      0.9576810
     10.8478553      1.0294311      0.9874100
     10.8711704      1.0293512      0.9773301
     10.8944524      1.0296906      1.0209011
     10.9177011      1.0304285      0.9801715
     10.9409166      1.0315300      1.0096838
     10.9640988      1.0329478      1.0044908
     10.9872476      1.0346241      1.0361368
     11.0103629      1.0364935      0.9995527
     11.0334447      1.0384854      1.0319726
     11.0564928      1.0405272      1.0268660
     11.0795073      1.0425469      1.0550939
     11.1024880      1.0444759      1.0202904
     11.1254349      1.0462518      1.0409754
     11.1483479      1.0478202      1.0487854
     11.1712270      1.0491369      1.0844161
     11.1940720      1.0501696      1.0349230
     11.2168830      1.0508983      1.0779500
     11.2396597      1.0513159      1.0688037
     11.2624023      1.0514286      1.1009084
     11.2851105      1.0512546      1.0588998
     11.3077843      1.0508237      1.0951377
     11.3304237      1.0501753      1.0863926
     11.3530286      1.0493569      1.1132413
     11.3755989      1.0484219      1.0740400
     11.3981345      1.0474273      1.1068919
     11.4206355      1.0464310      1.1028704
     11.4431016      1.0454897      1.1344684
     11.4655329      1.0446563      1.0946695
     11.4879292      1.0439778      1.1251586
     11.5102906      1.0434934      1.1141608
     11.5326169      1.0432324      1.1437423
     11.5549080      1.0432138      1.1015271
     11.5771640      1.0434446      1.1258615
     11.5993847      1.0439197      1.1312844
     11.6215701      1.0446223      1.1561584
     11.6437200      1.0455240      1.1264497
     11.6658345      1.0465857      1.1428835
     11.6879135      1.0477595      1.1271588
     11.7099568      1.0489899      1.1604357
     11.7319645      1.0502159      1.1132708
     11.7539365      1.0513733      1.1345695
     11.7758726      1.0523970      1.1245742
     11.7977729      1.0532232      1.1455939
     11.8196372      1.0537923      1.1148587
     11.8414656      1.0540503      1.1350904
     11.8632578      1.0539517      1.1265504
     11.8850139      1.0534606      1.1529580
     11.9067339      1.0525526      1.0884830
     11.9284175      1.0512158      1.1251038
     11.9500648      1.0494513      1.1154429
     11.9716757      1.0472735      1.1410577
     11.9932502      1.0447101      1.0773373
     12.0147881      1.0418014      1.1098128
     12.0362894      1.0385990      1.0960678
     12.0577540      1.0351646      1.1232744
     12.0791820      1.0315683      1.0751669
     12.1005731      1.0278866      1.0935382
     12.1219273      1.0241997      1.0860168
     12.1432447      1.0205899      1.1054872
     12.1645250      1.0171383      1.0545239
     12.1857683      1.0139230      1.0755529
     12.2069745      1.0110167      1.0633309
     12.2281434      1.0084840      1.0967333
     12.2492752      1.0063802      1.0287851
     12.2703696      1.0047489      1.0593184
     12.2914266      1.0036214      1.0344375
     12.3124462      1.0030151      1.0668558
     12.3334283      1.0029333      1.0194668
     12.3543729      1.0033651      1.0413947
     12.3752798      1.0042856      1.0220082
     12.3961490      1.0056566      1.0461461
     12.4169804      1.0074276      1.0040548
     12.4377740      1.0095374      1.0188141
     12.4585297      1.0119160      1.0160719
     12.4792475      1.0144863      1.0268725
     12.4999273      1.0171662      0.9869754
     12.5205689      1.0198716      1.0081038
     12.5411725      1.0225179      0.9990972
     12.5617378      1.0250231      1.0153613
     12.5822649      1.0273098      0.9610317
     12.6027536      1.0293073      0.9884075
     12.6232040      1.0309539      0.9729133
     12.6436159      1.0321981      0.9953950
     12.6639893      1.0330005      0.9587060
     12.6843241      1.0333343      0.9733100
     12.7046203      1.0331868      0.9575059
     12.7248777      1.0325589      0.9832109
     12.7450964      1.0314655      0.9370641
     12.7652763      1.0299347      0.9595387
     12.7854173      1.0280074      0.9478745
     12.8055194      1.0257359      0.9668291
     12.8255824      1.0231821      0.9395642
     12.8456064      1.0204165      0.9422727
     12.8655912      1.0175155      0.9418061
     12.8855369      1.0145598      0.9704281
     12.9054433      1.0116320      0.9299124
     12.9253104      1.0088144      0.9520727
     12.9451381      1.0061865      0.9272463
     12.9649264      1.0038235      0.9424247
     12.9846752      1.0017935      0.9140179
     13.0043844      1.0001565      0.9335518
     13.0240541      0.9989620      0.9200856
     13.0436840      0.9982486      0.9444774
     13.0632742      0.9980420      0.9106600
     13.0828247      0.9983553      0.9228750
     13.1023352      0.9991880      0.9220535
     13.1218059      1.0005263      0.9239801
     13.1412366      1.0023435      0.9026569
     13.1606273      1.0046005      0.9194077
     13.1799778      1.0072472      0.9138904
     13.1992882      1.0102234      0.9291716
     13.2185585      1.0134604      0.9018833
     13.2377884      1.0168830      0.9128383
     13.2569780      1.0204112      0.9152417
     13.2761273      1.0239621      0.9397104
     13.2952361      1.0274523      0.9026169
     13.3143044      1.0307996      0.9099367
     13.3333321      1.0339253      0.9082638
     13.3523192      1.0367559      0.9320708
     13.3712657      1.0392253      0.8942827
     13.3901714      1.0412757      0.9090158
     13.4090364      1.0428597      0.9057602
     13.4278604      1.0439410      0.9319192
     13.4466436      1.0444953      0.8834182
     13.4653858      1.0445110      0.9076445
     13.4840871      1.0439893      0.9078576
     13.5027472      1.0429443      0.9315511
     13.5213662      1.0414024      0.8920059
     13.5399440      1.0394017      0.9148772
     13.5584806      1.0369915      0.9102984
     13.5769758      1.0342304      0.9301520
     13.5954297      1.0311854      0.8835772
     13.6138422      1.0279304      0.9119026
     13.6322132      1.0245438      0.9116708
     13.6505427      1.0211076      0.9437406
     13.6688306      1.0177048      0.8963849
     13.6870769      1.0144177      0.9349939
     13.7052815      1.0113262      0.9143259
     13.7234443      1.0085057      0.9431674
     13.7415654      1.0060255      0.9022791
     13.7596445      1.0039473      0.9195975
     13.7776818      1.0023237      0.9268100
     13.7956771      1.0011971      0.9524244
     13.8136303      1.0005987      0.9079933
     13.8315415      1.0005478      0.9406395
     13.8494106      1.0010515      0.9315903
     13.8672374      1.0021041      0.9599240
     13.8850221      1.0036879      0.9125359
     13.9027644      1.0057729      0.9402451
     13.9204644      1.0083178      0.9401231
     13.9381219      1.0112708      0.9727534
     13.9557370      1.0145706      0.9214117
     13.9733096      1.0181477      0.9445990
     13.9908397      1.0219260      0.9434129
     14.0083271      1.0258241      0.9751591
     14.0257718      1.0297575      0.9358401
     14.0431739      1.0336396      0.9679596
     14.0605331      1.0373842      0.9554686
     14.0778495      1.0409069      0.9785371
     14.0951231      1.0441269      0.9281773
     14.1123536      1.0469688      0.9681724
     14.1295412      1.0493642      0.9632543
     14.1466858      1.0512527      0.9904629
     14.1637873      1.0525837      0.9435705
     14.1808456      1.0533173      0.9698750
     14.1978607      1.0534249      0.9657130
     14.2148326      1.0528905      0.9996588
     14.2317612      1.0517105      0.9463237
     14.2486464      1.0498940      0.9744537
     14.2654882      1.0474631      0.9730957
     14.2822866      1.0444524      0.9911868
     14.2990415      1.0409084      0.9632118
     14.3157528      1.0368890      0.9766910
     14.3324204      1.0324624      0.9822402
     14.3490445      1.0277060      1.0084165
     14.3656248      1.0227052      0.9750472
     14.3821614      1.0175520      0.9902348
     14.3986541      1.0123435      0.9817262
     14.4151030      1.0071803      1.0158417
     14.4315080      1.0021644      0.9558486
     14.4478690      0.9973984      0.9862701
     14.4641860      0.9929828      0.9816447
     14.4804590      0.9890153      1.0142407
     14.4966878      0.9855884      0.9601065
     14.5128725      0.9827883      1.0003280
     14.5290130      0.9806933      0.9882040
     14.5451092      0.9793726      1.0138767
     14.5611611      0.9788852      0.9616819
     14.5771686      0.9792787      0.9972458
     14.5931318      0.9805886      0.9915339
     14.6090505      0.9828379      1.0310695
     14.6249247      0.9860362      0.9728348
     14.6407543      0.9901799      0.9948137
     14.6565394      0.9952520      0.9940315
     14.6722798      1.0012221      1.0275273
     14.6879755      1.0080471      0.9654386
     14.7036264      1.0156712      1.0093043
     14.7192326      1.0240274      1.0003102
     14.7347939      1.0330376      1.0246455
     14.7503104      1.0426140      0.9645569
     14.7657819      1.0526602      1.0063801
     14.7812084      1.0630724      1.0000633
     14.7965899      1.0737407      1.0233604
     14.8119264      1.0845506      0.9772080
     14.8272177      1.0953844      0.9991486
     14.8424639      1.1061228      1.0003800
     14.8576648      1.1166461      1.0330353
     14.8728205      1.1268361      0.9679322
     14.8879309      1.1365770      1.0084296
     14.9029959      1.1457574      0.9911637
     14.9180155      1.1542713      1.0330779
     14.9329897      1.1620191      0.9774007
     14.9479184      1.1689093      1.0047920
     14.9628016      1.1748592      0.9991079
     14.9776391      1.1797956      1.0347524
     14.9924311      1.1836561      0.9715506
     15.0071774      1.1863891      1.0205954
     15.0218780      1.1879549      1.0039111
     15.0365328      1.1883258      1.0217448
     15.0511418      1.1874859      0.9832891
     15.0657049      1.1854320      1.0136528
     15.0802222      1.1821725      0.9971735
     15.0946935      1.1777281      1.0218580
     15.1091189      1.1721309      0.9728030
     15.1234982      1.1654239      1.0024691
     15.1378315      1.1576607      0.9920856
     15.1521186      1.1489047      1.0084422
     15.1663596      1.1392280      0.9710480
     15.1805544      1.1287109      0.9897689
     15.1947030      1.1174409      0.9814171
     15.2088052      1.1055115      1.0085216
     15.2228612      1.0930214      0.9712502
     15.2368707      1.0800730      0.9920745
     15.2508339      1.0667720      0.9922244
     15.2647506      1.0532258      1.0044081
     15.2786207      1.0395423      0.9905568
