 Results from RMCProfile version 6.7.9.5

 (Version 6f format configuration file)                                          

 1 experiments   3 partials

 Partial g(r)'s are printed out below

   186  3 are NR and NPAR

   r (Ang)
   0.06545     0.00000     0.00000     0.00000
   0.13090     0.00000     0.00000     0.00000
   0.19635     0.00000     0.00000     0.00000
   0.26180     0.00000     0.00000     0.00000
   0.32725     0.00000     0.00000     0.00000
   0.39271     0.00000     0.00000     0.00000
   0.45816     0.00000     0.00000     0.00000
   0.52361     0.00000     0.00000     0.00000
   0.58906     0.00000     0.00000     0.00000
   0.65451     0.00000     0.00000     0.00000
   0.71996     0.00000     0.00000     0.00000
   0.78541     0.00000     0.00000     0.00000
   0.85086     0.00000     0.00000     0.00000
   0.91631     0.00000     0.00000     0.00000
   0.98176     0.00000     0.00000     0.00000
   1.04721     0.00000     0.00000     0.00000
   1.11267     0.00000     0.00000     0.00000
   1.17812     0.00000     0.00000     0.00000
   1.24357     0.00000     0.00000     0.00000
   1.30902     0.00000     0.00000     0.00000
   1.37447     0.00000     0.25991     0.00000
   1.43992     0.00000     1.24869     0.00000
   1.50537     0.00000     2.65923     0.00000
   1.57082     0.00000     3.88955     0.00000
   1.63627     0.00000     4.05149     0.00000
   1.70172     0.00000     3.96168     0.00000
   1.76718     0.00000     3.44498     0.00000
   1.83263     0.00000     3.49575     0.00000
   1.89808     0.00000     3.43232     0.00000
   1.96353     0.00000     3.02207     0.00000
   2.02898     0.00000     2.19047     0.00000
   2.09443     0.00000     0.91591     0.00000
   2.15988     0.00000     0.31579     0.00000
   2.22533     0.00000     0.23439     0.00000
   2.29078     0.00000     0.57848     0.00000
   2.35623     0.00000     1.36698     0.92472
   2.42168     0.00000     0.00000     0.44913
   2.48714     0.00000     0.00000     0.44745
   2.55259     0.00000     0.00000     0.78794
   2.61804     0.00000     0.01954     1.96052
   2.68349     0.00000     0.04340     2.66579
   2.74894     0.00000     0.10634     3.17841
   2.81439     0.00000     0.24799     2.57013
   2.87984     0.17226     0.31221     1.83021
   2.94529     2.16149     0.45803     1.72404
   3.01074     2.04884     0.60579     1.38395
   3.07619     2.69855     0.76899     1.12754
   3.14164     2.44254     0.80513     0.89560
   3.20710     2.46540     0.91584     0.85942
   3.27255     1.90089     0.98796     0.60445
   3.33800     1.73092     0.88149     0.36862
   3.40345     1.06374     0.71687     0.28906
   3.46890     0.59361     0.55651     0.94978
   3.53435     0.47176     0.42887     4.05284
   3.59980     0.50988     0.37208     0.90952
   3.66525     0.51842     0.50513     0.73111
   3.73070     0.69285     0.76342     0.69285
   3.79615     0.65677     1.07500     0.74662
   3.86161     1.08977     1.21551     0.71853
   3.92706     0.96111     1.26507     0.82794
   3.99251     0.80662     1.13991     0.60497
   4.05796     0.69405     1.18206     0.63712
   4.12341     0.69320     1.23674     0.68270
   4.18886     0.83455     1.44774     0.82692
   4.25431     1.13467     1.53920     0.80907
   4.31976     1.10055     1.48095     0.84455
   4.38521     1.15152     1.48351     0.76381
   4.45066     0.95562     1.40188     0.76630
   4.51611     1.05946     1.20175     0.84057
   4.58157     1.09747     1.38460     0.87627
   4.64702     1.21563     1.33553     0.85797
   4.71247     1.30272     1.22230     0.91271
   4.77792     1.04824     1.11668     0.96805
   4.84337     0.98203     1.07339     0.94016
   4.90882     1.06719     0.98011     0.91711
   4.97427     1.18363     1.03207     0.94907
   5.03972     1.26559     0.98962     1.09508
   5.10517     1.04834     1.10487     1.06376
   5.17062     1.24907     1.01195     1.11882
   5.23607     1.06823     0.97378     1.12197
   5.30153     1.09285     0.90223     1.11191
   5.36698     1.23375     0.91601     1.15470
   5.43243     1.16184     0.99089     1.22992
   5.49788     1.13434     0.91131     1.26580
   5.56333     1.18282     0.90586     1.21599
   5.62878     1.24002     0.82715     1.17379
   5.69423     1.10152     0.83027     1.16624
   5.75968     1.14123     0.80613     1.12104
   5.82513     1.18414     0.83548     1.11704
   5.89058     1.09622     0.86076     1.11423
   5.95604     1.22831     0.83817     1.15029
   6.02149     1.09833     0.78927     1.12665
   6.08694     0.93988     0.79890     1.07363
   6.15239     0.86337     0.88106     1.05563
   6.21784     0.93305     0.88802     1.02774
   6.28329     0.97704     0.94199     1.04829
   6.34874     0.92156     1.02568     0.97251
   6.41419     0.78999     0.96579     0.92781
   6.47964     0.89321     0.99635     0.89427
   6.54509     0.67950     1.05052     0.86814
   6.61054     0.78054     1.08499     0.89905
   6.67600     0.72925     1.16399     0.85045
   6.74145     0.82518     1.09041     0.86251
   6.80690     0.79782     1.11676     0.83540
   6.87235     0.77136     1.08708     0.82807
   6.93780     0.72719     1.12047     0.86539
   7.00325     0.79741     1.09052     0.93031
   7.06870     0.78628     1.08650     0.89261
   7.13415     0.83859     1.11490     0.89034
   7.19960     0.89920     1.08266     0.90610
   7.26505     0.82217     1.09285     0.88646
   7.33050     0.83082     1.07758     0.93218
   7.39596     0.97289     1.10021     0.95412
   7.46141     0.89816     0.96311     0.99038
   7.52686     0.98978     1.03785     0.99057
   7.59231     1.06573     1.00532     1.05101
   7.65776     1.00191     1.00724     1.03541
   7.72321     1.00596     0.97377     1.04114
   7.78866     1.10393     0.96189     1.04505
   7.85411     1.08271     0.96112     1.07041
   7.91956     1.13323     0.89832     1.12112
   7.98501     1.22956     0.92077     1.12173
   8.05046     1.22067     0.91895     1.07187
   8.11592     1.26342     0.88927     1.10481
   8.18137     1.14190     0.91179     1.03518
   8.24682     1.32341     0.91313     1.07133
   8.31227     1.11656     0.89105     1.13077
   8.37772     1.22385     0.93634     1.04956
   8.44317     1.25756     0.88931     1.05465
   8.50862     1.23089     0.93920     1.09522
   8.57407     1.19759     0.96560     0.97107
   8.63952     1.01443     0.99948     0.99709
   8.70497     1.14299     0.94680     0.98686
   8.77043     1.09814     0.99424     1.05925
   8.83588     1.12310     1.03389     0.98014
   8.90133     1.00973     1.04016     0.98606
   8.96678     0.96173     0.98560     0.98116
   9.03223     0.99162     1.01624     0.98013
   9.09768     1.00114     1.06910     0.94504
   9.16313     0.95924     1.05388     0.96562
   9.22858     0.95197     1.12129     0.89430
   9.29403     0.93241     1.06420     0.91432
   9.35948     0.86029     1.07027     0.94795
   9.42493     0.74987     1.07053     0.94438
   9.49039     0.82086     1.10836     0.95370
   9.55584     0.80574     1.07318     0.95437
   9.62129     0.74659     1.09625     0.97375
   9.68674     0.76698     1.07245     1.00250
   9.75219     0.85437     1.05106     0.94825
   9.81764     0.78002     1.07415     0.94167
   9.88309     0.81360     1.03711     1.00420
   9.94854     0.86067     1.02080     0.98291
  10.01399     0.92247     1.00172     1.05158
  10.07944     0.89119     0.99930     1.05071
  10.14489     0.97864     0.96866     1.00336
  10.21035     0.98668     0.93358     1.02780
  10.27580     0.97246     0.95428     1.03335
  10.34125     1.04035     0.97105     1.04452
  10.40670     1.03225     0.95599     1.02607
  10.47215     1.06987     0.93267     1.07028
  10.53760     1.04697     0.93037     1.01762
  10.60305     1.08492     0.94473     1.03845
  10.66850     1.03399     0.91866     1.02340
  10.73395     1.19346     0.91525     1.02413
  10.79940     1.16220     0.94055     1.04467
  10.86486     1.12252     0.90807     1.04612
  10.93031     1.11360     0.93610     1.01382
  10.99576     1.13288     0.96745     0.99108
  11.06121     1.09907     0.92173     0.98340
  11.12666     1.04579     0.97475     1.00721
  11.19211     1.13197     1.00473     1.01043
  11.25756     1.08784     0.98040     0.96631
  11.32301     1.06137     0.97467     0.96422
  11.38846     1.07399     0.99654     0.96556
  11.45391     1.01411     1.00799     0.95796
  11.51936     1.02012     1.03256     0.97066
  11.58482     0.98467     1.02492     0.96571
  11.65027     0.97627     1.04041     0.96278
  11.71572     0.95628     1.04898     0.97678
  11.78117     0.92253     1.03575     0.95180
  11.84662     0.93399     1.03134     0.97599
  11.91207     0.95145     1.05748     0.93760
  11.97752     0.87759     1.06649     0.98962
  12.04297     0.94073     1.05001     0.98136
  12.10842     0.90257     1.04569     0.96012
  12.17387     0.94109     1.03327     0.94802

PDF 1 in D(r) format
  r, PDF (RMC), PDF (Expt)
 CURVES
         186 ,           2
      0.0654509       -0.0518487       -0.0518487
      0.1309019       -0.1036974       -0.1036974
      0.1963528       -0.1555461       -0.1555461
      0.2618037       -0.2073949       -0.2073949
      0.3272547       -0.2592436       -0.2592436
      0.3927056       -0.3110923       -0.3110923
      0.4581565       -0.3629410       -0.3629410
      0.5236075       -0.4147897       -0.4147897
      0.5890584       -0.4666384       -0.4666384
      0.6545093       -0.5184872       -0.5184872
      0.7199603       -0.5703359       -0.5703359
      0.7854112       -0.6221846       -0.6221846
      0.8508621       -0.6740333       -0.6740333
      0.9163131       -0.7258820       -0.7258820
      0.9817640       -0.7777307       -0.7777307
      1.0472149       -0.8295794       -0.8295794
      1.1126659       -0.8814282       -0.8814282
      1.1781168       -1.0926942       -0.9332769
      1.2435677       -1.1361272       -0.8534496
      1.3090187       -0.9990175       -0.6131118
      1.3744696       -0.6820024       -0.2675095
      1.4399206       -0.2394657        0.1694371
      1.5053715        0.2518537        0.6565243
      1.5708224        0.7186443        1.1273298
      1.6362734        1.0980665        1.5020358
      1.7017243        1.3335410        1.7065797
      1.7671752        1.3763494        1.6929626
      1.8326262        1.2013748        1.4532894
      1.8980771        0.8276597        1.0222271
      1.9635280        0.3247854        0.4671657
      2.0289790       -0.2062871       -0.1297703
      2.0944299       -0.6703743       -0.6909222
      2.1598808       -1.0113259       -1.1570597
      2.2253318       -1.2216021       -1.4928737
      2.2907827       -1.3252576       -1.6848480
      2.3562336       -1.3495231       -1.7351978
      2.4216846       -1.3057409       -1.6560100
      2.4871355       -1.1903985       -1.4660184
      2.5525864       -1.0006443       -1.1899441
      2.6180374       -0.7490879       -0.8585565
      2.6834883       -0.4661344       -0.5073901
      2.7489392       -0.1898134       -0.1732126
      2.8143902        0.0474791        0.1110648
      2.8798411        0.2257956        0.3213035
      2.9452920        0.3360001        0.4451695
      3.0107430        0.3750838        0.4824624
      3.0761939        0.3447263        0.4430559
      3.1416448        0.2540897        0.3435209
      3.2070958        0.1222177        0.2036099
      3.2725467       -0.0249564        0.0433831
      3.3379976       -0.1629726       -0.1187926
      3.4034486       -0.2771308       -0.2675069
      3.4688995       -0.3646321       -0.3910444
      3.5343504       -0.4293045       -0.4817000
      3.5998014       -0.4735414       -0.5356468
      3.6652523       -0.4938993       -0.5523286
      3.7307032       -0.4831890       -0.5334799
      3.7961542       -0.4363158       -0.4820485
      3.8616051       -0.3544783       -0.4013945
      3.9270560       -0.2445891       -0.2950839
      3.9925070       -0.1154171       -0.1673695
      4.0579579        0.0253960       -0.0241362
      4.1234088        0.1708078        0.1261923
      4.1888598        0.3115699        0.2723982
      4.2543107        0.4347802        0.4013251
      4.3197617        0.5261760        0.4999057
      4.3852126        0.5750281        0.5579204
      4.4506635        0.5781141        0.5706504
      4.5161145        0.5401594        0.5404934
      4.5815654        0.4712431        0.4768946
      4.6470163        0.3838741        0.3945010
      4.7124673        0.2917279        0.3100504
      4.7779182        0.2093833        0.2389058
      4.8433691        0.1507437        0.1921862
      4.9088201        0.1250929        0.1751535
      4.9742710        0.1327829        0.1870475
      5.0397219        0.1642469        0.2221259
      5.1051729        0.2042456        0.2714185
      5.1706238        0.2391651        0.3246760
      5.2360747        0.2623921        0.3721221
      5.3015257        0.2740466        0.4057974
      5.3669766        0.2759113        0.4204222
      5.4324275        0.2663829        0.4137823
      5.4978785        0.2401467        0.3866722
      5.5633294        0.1929840        0.3424457
      5.6287803        0.1273824        0.2862556
      5.6942313        0.0536294        0.2241078
      5.7596822       -0.0151793        0.1618886
      5.8251331       -0.0705209        0.1045309
      5.8905841       -0.1123545        0.0554532
      5.9560350       -0.1465797        0.0163396
      6.0214859       -0.1784973       -0.0127492
      6.0869369       -0.2079724       -0.0330101
      6.1523878       -0.2302525       -0.0463926
      6.2178387       -0.2412657       -0.0550755
      6.2832897       -0.2422875       -0.0610231
      6.3487406       -0.2395879       -0.0656874
      6.4141915       -0.2393322       -0.0698832
      6.4796425       -0.2423769       -0.0738326
      6.5450934       -0.2437486       -0.0773422
      6.6105443       -0.2373850       -0.0800461
      6.6759953       -0.2219466       -0.0816346
      6.7414462       -0.2024789       -0.0819946
      6.8068971       -0.1863462       -0.0812235
      6.8723481       -0.1769552       -0.0795316
      6.9377990       -0.1707819       -0.0770901
      7.0032500       -0.1603388       -0.0739047
      7.0687009       -0.1405161       -0.0697680
      7.1341518       -0.1128020       -0.0643088
      7.1996028       -0.0838030       -0.0571109
      7.2650537       -0.0594986       -0.0478599
      7.3305046       -0.0403442       -0.0364748
      7.3959556       -0.0214570       -0.0231996
      7.4614065        0.0024503       -0.0086339
      7.5268574        0.0318956        0.0063070
      7.5923084        0.0618183        0.0205123
      7.6577593        0.0857613        0.0328600
      7.7232102        0.1012227        0.0424277
      7.7886612        0.1113883        0.0486684
      7.8541121        0.1217661        0.0514967
      7.9195630        0.1348212        0.0512661
      7.9850140        0.1474667        0.0486557
      8.0504649        0.1536840        0.0445208
      8.1159158        0.1499705        0.0397538
      8.1813668        0.1388118        0.0351810
      8.2468177        0.1271190        0.0314893
      8.3122686        0.1209600        0.0291696
      8.3777196        0.1210709        0.0284731
      8.4431705        0.1228489        0.0293933
      8.5086214        0.1206127        0.0316932
      8.5740724        0.1123456        0.0349786
      8.6395233        0.1009638        0.0387958
      8.7049742        0.0913435        0.0427171
      8.7704252        0.0859669        0.0463866
      8.8358761        0.0829679        0.0495222
      8.9013270        0.0779792        0.0518944
      8.9667780        0.0678110        0.0533069
      9.0322289        0.0526358        0.0535976
      9.0976798        0.0350438        0.0526551
      9.1631308        0.0172903        0.0504400
      9.2285817       -0.0004625        0.0469993
      9.2940326       -0.0193455        0.0424687
      9.3594836       -0.0394748        0.0370656
      9.4249345       -0.0586398        0.0310740
      9.4903854       -0.0734616        0.0248209
      9.5558364       -0.0820470        0.0186461
      9.6212873       -0.0856477        0.0128694
      9.6867382       -0.0877025        0.0077661
      9.7521892       -0.0910393        0.0035531
      9.8176401       -0.0956926        0.0003809
      9.8830911       -0.0992104       -0.0016802
      9.9485420       -0.0990474       -0.0026672
     10.0139929       -0.0948165       -0.0027579
     10.0794439       -0.0884433       -0.0022864
     10.1448948       -0.0823013       -0.0017177
     10.2103457       -0.0772404       -0.0015722
     10.2757967       -0.0723581       -0.0023167
     10.3412476       -0.0665488       -0.0042560
     10.4066985       -0.0601154       -0.0074601
     10.4721495       -0.0547269       -0.0117477
     10.5376004       -0.0517270       -0.0167238
     10.6030513       -0.0505234       -0.0218611
     10.6685023       -0.0487892       -0.0266021
     10.7339532       -0.0444544       -0.0304673
     10.7994041       -0.0376510       -0.0331461
     10.8648551       -0.0307053       -0.0345501
     10.9303060       -0.0260865       -0.0348108
     10.9957569       -0.0242041       -0.0342206
     11.0612079       -0.0231589       -0.0331368
     11.1266588       -0.0207117       -0.0318840
     11.1921097       -0.0165634       -0.0306890
     11.2575607       -0.0126652       -0.0296615
     11.3230116       -0.0111582       -0.0288136
     11.3884625       -0.0119246       -0.0280945
     11.4539135       -0.0122870       -0.0274248
     11.5193644       -0.0094255       -0.0267245
     11.5848153       -0.0033646       -0.0259412
     11.6502663        0.0024407       -0.0250773
     11.7157172        0.0038355       -0.0242068
     11.7811681       -0.0002620       -0.0234649
     11.8466191       -0.0066069       -0.0230042
     11.9120700       -0.0103897       -0.0229319
     11.9775209       -0.0097631       -0.0232586
     12.0429719       -0.0078935       -0.0238866
     12.1084228       -0.0101963       -0.0246458
     12.1738737       -0.0187867       -0.0253574
