 Results from RMCProfile version 6.7.9.5

 (Version 6f format configuration file)                                          

 2 experiments   3 partials

 Partial g(r)'s are printed out below

   245  3 are NR and NPAR

   r (Ang)
   0.06545     0.00000     0.00000     0.00000
   0.13090     0.00000     0.00000     0.00000
   0.19635     0.00000     0.00000     0.00000
   0.26180     0.00000     0.00000     0.00000
   0.32725     0.00000     0.00000     0.00000
   0.39271     0.00000     0.00000     0.00000
   0.45816     0.00000     0.00000     0.00000
   0.52361     0.00000     0.00000     0.00000
   0.58906     0.00000     0.00000     0.00000
   0.65451     0.00000     0.00000     0.00000
   0.71996     0.00000     0.00000     0.00000
   0.78541     0.00000     0.00000     0.00000
   0.85086     0.00000     0.00000     0.00000
   0.91631     0.00000     0.00000     0.00000
   0.98176     0.00000     0.00000     0.00000
   1.04721     0.00000     0.00000     0.00000
   1.11267     0.00000     0.00000     0.00000
   1.17812     0.00000     0.00000     0.00000
   1.24357     0.00000     0.02677     0.00000
   1.30902     0.00000     1.44983     0.00000
   1.37447     0.00000     1.95068     0.30729
   1.43992     0.00000     0.87872     1.37996
   1.50537     0.00000     1.00497     0.84173
   1.57082     0.00000     2.45010     1.64694
   1.63627     0.00000     6.26373     1.85858
   1.70172     0.00000     5.36225     1.51790
   1.76718     0.00000     2.18788     0.74361
   1.83263     0.00000     1.62753     0.38277
   1.89808     0.00000     3.14940     0.77121
   1.96353     0.00000     5.85369     1.11863
   2.02898     0.00000     1.60944     0.38279
   2.09443     0.00000     0.02832     0.02836
   2.15988     0.00000     0.00000     0.00000
   2.22533     0.00000     0.00000     0.00000
   2.29078     0.00000     0.00000     0.00000
   2.35623     0.00000     2.56591     0.00000
   2.42168     0.00000     0.00000     0.00000
   2.48714     0.00000     0.00000     0.00000
   2.55259     0.00000     0.00000     0.00000
   2.61804     0.00000     0.00604     0.07866
   2.68349     0.00000     0.35080     2.03869
   2.74894     0.00000     1.30429     3.94042
   2.81439     0.00000     0.66922     1.74875
   2.87984     0.13961     0.25466     0.89009
   2.94529     1.84963     0.42965     0.87965
   3.01074     2.06206     0.77209     1.49607
   3.07619     2.69193     0.99341     1.85381
   3.14164     2.37983     0.96924     1.46644
   3.20710     1.52782     0.61603     1.13705
   3.27255     1.06574     0.45243     0.86742
   3.33800     1.30642     0.57609     0.84118
   3.40345     1.55655     0.65426     0.83421
   3.46890     1.96574     0.71240     0.84093
   3.53435     2.86028     0.49066     0.72044
   3.59980     3.17846     0.44102     0.62087
   3.66525     0.22164     0.50556     0.53407
   3.73070     0.27335     0.62782     0.67044
   3.79615     0.47062     0.88799     0.95257
   3.86161     0.78759     1.15808     1.02346
   3.92706     0.80446     1.11174     1.04879
   3.99251     0.74717     1.04961     0.90541
   4.05796     0.47213     0.92549     0.80592
   4.12341     0.63238     0.98646     0.90250
   4.18886     0.68819     1.26742     1.01633
   4.25431     0.99620     1.41864     1.14112
   4.31976     0.94851     1.49138     1.08680
   4.38521     0.87740     1.38474     1.02872
   4.45066     0.82673     1.22515     1.02381
   4.51611     0.82727     1.20208     0.92522
   4.58157     0.93778     1.24689     0.99381
   4.64702     1.09539     1.34818     1.14269
   4.71247     1.04282     1.26064     1.07756
   4.77792     1.10140     1.08665     1.04279
   4.84337     0.92375     1.06101     0.96176
   4.90882     0.76885     1.07587     0.96210
   4.97427     0.96937     1.02599     1.07271
   5.03972     1.10718     1.13811     1.04830
   5.10517     1.12340     1.11865     1.14094
   5.17062     1.18795     1.13388     1.12464
   5.23607     1.09206     1.03925     1.14965
   5.30153     0.94756     1.03732     1.08307
   5.36698     0.89587     0.99492     1.18208
   5.43243     1.21073     1.17878     1.13972
   5.49788     1.21491     1.05635     1.20741
   5.56333     1.02616     1.12664     1.23947
   5.62878     1.16950     0.93067     1.11918
   5.69423     1.08155     0.94260     1.04500
   5.75968     1.04714     1.00494     1.08764
   5.82513     0.88237     1.00446     1.06334
   5.89058     1.15367     1.03000     1.08287
   5.95604     1.15177     0.98531     1.08141
   6.02149     1.05843     0.97771     1.05117
   6.08694     0.89293     0.90873     0.95369
   6.15239     1.13624     0.94202     1.00034
   6.21784     0.99692     0.91372     0.99119
   6.28329     1.13548     1.02591     1.03683
   6.34874     1.03011     1.00692     1.02277
   6.41419     1.07754     0.97641     1.00502
   6.47964     0.96921     0.94988     0.91074
   6.54509     0.98081     0.94064     0.90423
   6.61054     1.08640     0.98750     1.02593
   6.67600     0.95386     1.02863     0.97520
   6.74145     0.96091     1.02880     1.00290
   6.80690     0.99607     0.97247     1.01235
   6.87235     0.87562     0.97069     0.97911
   6.93780     1.00008     0.98172     0.95555
   7.00325     1.01857     1.00821     0.94792
   7.06870     1.01304     0.98879     0.91302
   7.13415     1.01729     1.04234     1.03079
   7.19960     0.96696     1.01868     0.98573
   7.26505     0.92768     0.98785     0.96884
   7.33050     0.96660     0.97877     0.95316
   7.39596     1.06146     0.99408     1.00308
   7.46141     1.02509     1.02432     0.96247
   7.52686     0.95186     0.97735     0.99632
   7.59231     1.06753     1.08414     0.95691
   7.65776     0.98730     0.98730     1.04600
   7.72321     1.01778     1.02757     0.97272
   7.78866     0.99802     0.97692     0.96328
   7.85411     0.99487     1.03657     0.96477
   7.91956     0.97058     1.03800     1.04543
   7.98501     1.09483     1.00221     1.01145
   8.05046     1.03116     1.03774     0.99571
   8.11592     1.01208     0.99089     0.97972
   8.18137     0.94652     1.01532     1.00066
   8.24682     0.95345     1.00657     0.99643
   8.31227     0.94807     1.01596     1.04322
   8.37772     0.92860     1.04263     1.05417
   8.44317     0.97691     1.00097     1.04661
   8.50862     1.06933     0.99535     1.02084
   8.57407     0.94281     0.98134     1.00305
   8.63952     0.96182     0.99205     1.00792
   8.70497     1.02382     1.02638     1.00486
   8.77043     1.09677     1.02780     1.03089
   8.83588     1.01701     1.00309     1.04808
   8.90133     0.99585     0.97532     1.00237
   8.96678     1.08012     1.00234     0.99759
   9.03223     1.02600     0.99701     0.99487
   9.09768     1.03727     1.00623     0.99865
   9.16313     1.02447     1.01854     1.06100
   9.22858     1.01194     0.99199     1.04016
   9.29403     1.00348     1.00731     1.03804
   9.35948     1.02160     0.98098     1.02499
   9.42493     1.00373     0.97999     0.99727
   9.49039     1.03401     1.01986     1.00014
   9.55584     0.96012     1.00730     1.02600
   9.62129     0.99177     1.01646     1.03404
   9.68674     1.03307     1.02439     1.02497
   9.75219     0.92880     0.98238     1.00777
   9.81764     1.06234     0.98609     0.98922
   9.88309     1.01783     0.97688     0.98720
   9.94854     0.92425     1.06073     1.02537
  10.01399     1.00459     0.99611     1.01243
  10.07944     0.97530     1.03703     1.00300
  10.14489     1.05116     1.03053     0.98244
  10.21035     0.96474     0.98518     0.95914
  10.27580     0.98068     0.97542     1.00234
  10.34125     1.05957     1.01694     1.01219
  10.40670     1.00199     1.01604     1.04660
  10.47215     0.96688     1.02491     0.94923
  10.53760     1.03237     1.01744     0.99462
  10.60305     1.01525     0.97581     0.98053
  10.66850     0.98539     0.96533     0.98821
  10.73395     0.99351     1.03806     1.01111
  10.79940     0.95314     1.01877     0.98218
  10.86486     0.98793     1.01145     1.02835
  10.93031     1.01075     0.99278     0.97199
  10.99576     0.98097     0.97586     1.01053
  11.06121     0.98156     0.98533     1.01895
  11.12666     1.00746     0.98515     0.95842
  11.19211     0.99703     1.02689     1.02207
  11.25756     0.95153     1.00224     1.01055
  11.32301     1.10055     0.99682     0.99696
  11.38846     0.98591     0.95730     0.99097
  11.45391     1.00493     0.97891     0.98536
  11.51936     1.01349     1.01213     0.99420
  11.58482     1.00700     1.00968     0.98733
  11.65027     0.99450     0.99287     0.98849
  11.71572     1.07742     1.00987     1.01766
  11.78117     0.98802     0.97809     0.99383
  11.84662     0.97123     0.98767     0.97224
  11.91207     0.95243     0.98386     1.01011
  11.97752     0.97088     1.02250     1.00632
  12.04297     1.01054     1.02283     1.01829
  12.10842     0.98610     1.01181     0.98864
  12.17387     0.94428     0.99928     0.99231
  12.23932     0.96844     0.96153     0.99170
  12.30478     1.04229     0.99618     0.97980
  12.37023     1.03885     1.01896     1.00876
  12.43568     1.03009     0.98523     1.00756
  12.50113     0.97805     0.98607     1.01482
  12.56658     1.02026     0.98133     0.98720
  12.63203     0.97136     1.00519     0.99155
  12.69748     0.98086     0.99408     0.99268
  12.76293     1.01856     1.00120     0.99270
  12.82838     1.03433     0.99076     1.00528
  12.89383     0.97908     0.99866     1.01681
  12.95928     0.98103     1.00438     0.98532
  13.02474     0.99655     1.00237     0.99671
  13.09019     0.94220     0.98198     0.98000
  13.15564     1.01409     1.02679     0.98513
  13.22109     1.00786     0.99604     0.98085
  13.28654     1.02888     1.01346     1.02689
  13.35199     1.01047     0.97521     0.98917
  13.41744     1.00615     0.96779     0.99382
  13.48289     1.01278     1.01856     0.97941
  13.54834     0.95526     0.97151     1.00092
  13.61379     1.02999     1.01716     1.00497
  13.67925     0.97861     1.00679     1.01022
  13.74470     1.05250     0.98473     0.99448
  13.81015     0.97489     0.99757     0.98225
  13.87560     0.96486     0.97570     0.98593
  13.94105     0.95156     1.00385     1.02236
  14.00650     1.04978     0.99365     1.01092
  14.07195     0.99409     1.00701     1.00678
  14.13740     0.98656     1.00123     0.98357
  14.20285     0.96109     1.00250     1.00044
  14.26830     0.96285     0.98030     1.00717
  14.33375     0.99595     0.99112     0.98043
  14.39921     1.01723     1.00570     0.99594
  14.46466     1.06023     1.01265     0.99567
  14.53011     1.00760     0.99688     1.00499
  14.59556     0.93025     0.99904     1.01099
  14.66101     0.95198     0.95450     0.96628
  14.72646     1.00151     1.00791     1.02388
  14.79191     1.02064     1.02248     0.97466
  14.85736     1.01541     1.02418     1.01043
  14.92281     0.99167     0.99048     1.00903
  14.98826     0.95357     0.97577     0.96166
  15.05371     0.97961     0.99307     0.97070
  15.11917     1.07463     1.00859     0.98590
  15.18462     0.99220     1.00853     1.00584
  15.25007     1.02780     1.00987     0.99758
  15.31552     0.99718     1.00161     1.00339
  15.38097     0.98521     0.96106     0.98120
  15.44642     0.95608     0.98713     0.99376
  15.51187     0.99547     0.98570     0.98608
  15.57732     1.01848     1.04827     1.03148
  15.64277     1.04175     1.00685     1.01981
  15.70822     1.00426     0.97766     0.96024
  15.77368     0.93743     0.95026     0.96512
  15.83913     0.99630     0.96850     0.99105
  15.90458     1.08424     1.04192     1.03669
  15.97003     1.14867     1.06116     1.04154
  16.03548     0.83373     0.87245     0.92096

 Partial S(Q)'s are printed out below

   494  3 are NQ and NPAR

      Q          S(Q)_1      S(Q)_2      S(Q)_3
  0.4682470    -2.7309903     0.0567226    -1.3643590
  0.4982822    -2.8995643    -0.1329690    -1.5884102
  0.5283174    -3.0297653    -0.2371311    -1.7238242
  0.5583526    -3.1146986    -0.2630400    -1.7744578
  0.5883878    -3.1524780    -0.2278580    -1.7548734
  0.6184230    -3.1461120    -0.1543551    -1.6866358
  0.6484582    -3.1027691    -0.0662495    -1.5939537
  0.6784934    -3.0325380     0.0159808    -1.4994533
  0.7085286    -2.9468688     0.0781266    -1.4207744
  0.7385638    -2.8569244     0.1137135    -1.3684675
  0.7685990    -2.7720767     0.1238282    -1.3453996
  0.7986342    -2.6987593     0.1155467    -1.3475840
  0.8286694    -2.6398291     0.0994429    -1.3661067
  0.8587046    -2.5945084     0.0867835    -1.3896584
  0.8887398    -2.5588892     0.0870067    -1.4071227
  0.9187750    -2.5268957     0.1059623    -1.4097255
  0.9488102    -2.4915303     0.1451792    -1.3923882
  0.9788454    -2.4461910     0.2021871    -1.3541226
  1.0088806    -2.3858425     0.2716928    -1.2975158
  1.0389158    -2.3078532     0.3472483    -1.2275273
  1.0689510    -2.2123764     0.4229757    -1.1499420
  1.0989862    -2.1022283     0.4949442    -1.0698574
  1.1290214    -1.9823106     0.5619042    -0.9905401
  1.1590566    -1.8586949     0.6252576    -0.9128768
  1.1890918    -1.7375472     0.6883227    -0.8354991
  1.2191270    -1.6240901     0.7551166    -0.7555040
  1.2491622    -1.5217877     0.8289713    -0.6695700
  1.2791974    -1.4318937     0.9113276    -0.5751890
  1.3092326    -1.3534302     1.0009903    -0.4717238
  1.3392678    -1.2835860     1.0940145    -0.3610512
  1.3693030    -1.2184419     1.1842396    -0.2476481
  1.3993382    -1.1538744     1.2643414    -0.1381017
  1.4293734    -1.0864550     1.3271589    -0.0401475
  1.4594086    -1.0141703     1.3669972     0.0385668
  1.4894438    -0.9368206     1.3806220     0.0917442
  1.5194790    -0.8560250     1.3677376     0.1154811
  1.5495142    -0.7748317     1.3308582     0.1088982
  1.5795494    -0.6970172     1.2746205     0.0742540
  1.6095846    -0.6262116     1.2047037     0.0165426
  1.6396198    -0.5650284     1.1266047    -0.0573246
  1.6696550    -0.5143720     1.0445383    -0.1395790
  1.6996902    -0.4730662     0.9606958    -0.2226891
  1.7297254    -0.4378823     0.8750086    -0.3002877
  1.7597606    -0.4039718     0.7854485    -0.3677826
  1.7897958    -0.3656283     0.6887752    -0.4225718
  1.8198311    -0.3172416     0.5815491    -0.4638735
  1.8498663    -0.2542672     0.4611745    -0.4922540
  1.8799015    -0.1740340     0.3267400    -0.5089928
  1.9099367    -0.0762401     0.1794740    -0.5154434
  1.9399719     0.0369515     0.0227277    -0.5125329
  1.9700071     0.1612336    -0.1384980    -0.5005030
  2.0000423     0.2908272    -0.2983659    -0.4789283
  2.0300775     0.4193778    -0.4511652    -0.4469851
  2.0601127     0.5409084    -0.5922127    -0.4038876
  2.0901479     0.6506531    -0.7184978    -0.3493713
  2.1201831     0.7456254    -0.8289438    -0.2841004
  2.1502183     0.8248258    -0.9242464    -0.2098961
  2.1802535     0.8890684    -1.0063486    -0.1297235
  2.2102887     0.9404792    -1.0776888    -0.0474330
  2.2403239     0.9817808    -1.1404064     0.0326975
  2.2703591     1.0155184    -1.1956939     0.1065291
  2.3003943     1.0433879    -1.2434444     0.1706262
  2.3304295     1.0658017    -1.2822703     0.2227082
  2.3604647     1.0817759    -1.3098846     0.2619045
  2.3904999     1.0891569    -1.3237480     0.2887686
  2.4205351     1.0851307    -1.3218276     0.3050552
  2.4505703     1.0669065    -1.3032857     0.3133102
  2.4806055     1.0324241    -1.2689331     0.3163560
  2.5106407     0.9809384    -1.2213376     0.3167719
  2.5406759     0.9133535    -1.1645519     0.3164637
  2.5707111     0.8322347    -1.1035122     0.3163935
  2.6007463     0.7414914    -1.0432314     0.3165100
  2.6307815     0.6457909    -0.9879558     0.3158742
  2.6608167     0.5498167    -0.9404617     0.3129435
  2.6908519     0.4575175    -0.9016396     0.3059493
  2.7208871     0.3714949    -0.8704487     0.2932899
  2.7509223     0.2926468    -0.8442490     0.2738663
  2.7809575     0.2201390    -0.8194358     0.2473030
  2.8109927     0.1517053    -0.7922419     0.2140248
  2.8410279     0.0842186    -0.7595390     0.1751867
  2.8710631     0.0144202    -0.7194741     0.1324849
  2.9010983    -0.0603341    -0.6718185     0.0878910
  2.9311335    -0.1414524    -0.6179664     0.0433656
  2.9611687    -0.2287259    -0.5606003     0.0006015
  2.9912039    -0.3202555    -0.5031060    -0.0391616
  3.0212391    -0.4126933    -0.4488719    -0.0752297
  3.0512743    -0.5017471    -0.4006256    -0.1074476
  3.0813095    -0.5828451    -0.3599458    -0.1361092
  3.1113447    -0.6518371    -0.3270442    -0.1618090
  3.1413799    -0.7056008    -0.3008509    -0.1852683
  3.1714151    -0.7424503    -0.2793675    -0.2071687
  3.2014503    -0.7622832    -0.2601961    -0.2280188
  3.2314855    -0.7664579    -0.2411194    -0.2480712
  3.2615207    -0.7574413    -0.2205985    -0.2672973
  3.2915559    -0.7383107    -0.1980803    -0.2854154
  3.3215911    -0.7122129    -0.1740543    -0.3019618
  3.3516263    -0.6818846    -0.1498546    -0.3163901
  3.3816615    -0.6493181    -0.1272630    -0.3281796
  3.4116967    -0.6156184    -0.1080121    -0.3369377
  3.4417319    -0.5810581    -0.0933052    -0.3424807
  3.4717671    -0.5452929    -0.0834659    -0.3448838
  3.5018023    -0.5076727    -0.0777966    -0.3444915
  3.5318375    -0.4675693    -0.0746757    -0.3418882
  3.5618727    -0.4246447    -0.0718711    -0.3378298
  3.5919079    -0.3790061    -0.0669965    -0.3331448
  3.6219431    -0.3312229    -0.0580082    -0.3286151
  3.6519783    -0.2822146    -0.0436314    -0.3248533
  3.6820135    -0.2330483    -0.0236226    -0.3221949
  3.7120487    -0.1847029     0.0011870    -0.3206218
  3.7420839    -0.1378608     0.0290763    -0.3197348
  3.7721191    -0.0927780     0.0578016    -0.3187835
  3.8021543    -0.0492627     0.0850676    -0.3167552
  3.8321895    -0.0067642     0.1089989    -0.3125152
  3.8622247     0.0354515     0.1285113    -0.3049779
  3.8922599     0.0780830     0.1435098    -0.2932850
  3.9222951     0.1215843     0.1548729    -0.2769583
  3.9523303     0.1660132     0.1642377    -0.2560004
  3.9823655     0.2109701     0.1736336    -0.2309207
  4.0124007     0.2556382     0.1850513    -0.2026774
  4.0424359     0.2989111     0.2000367    -0.1725401
  4.0724711     0.3395762     0.2193960    -0.1418939
  4.1025063     0.3765060     0.2430669    -0.1120163
  4.1325415     0.4088152     0.2701748    -0.0838660
  4.1625767     0.4359470     0.2992504    -0.0579236
  4.1926119     0.4576735     0.3285541    -0.0341128
  4.2226471     0.4740156     0.3564296    -0.0118222
  4.2526823     0.4851081     0.3816088     0.0099773
  4.2827175     0.4910501     0.4034059     0.0325351
  4.3127527     0.4917837     0.4217648     0.0570808
  4.3427879     0.4870348     0.4371620     0.0845840
  4.3728231     0.4763391     0.4503963     0.1155567
  4.4028583     0.4591487     0.4623242     0.1499364
  4.4328935     0.4350000     0.4736049     0.1870687
  4.4629287     0.4037031     0.4845171     0.2257928
  4.4929639     0.3655088     0.4948859     0.2646113
  4.5229991     0.3212103     0.5041323     0.3019109
  4.5530343     0.2721522     0.5114254     0.3361922
  4.5830695     0.2201378     0.5158958     0.3662656
  4.6131047     0.1672474     0.5168543     0.3913782
  4.6431399     0.1156019     0.5139583     0.4112527
  4.6731751     0.0671145     0.5072876     0.4260371
  4.7032103     0.0232788     0.4973102     0.4361822
  4.7332455    -0.0149697     0.4847482     0.4422780
  4.7632807    -0.0472964     0.4703794     0.4448879
  4.7933159    -0.0739133     0.4548253     0.4444166
  4.8233511    -0.0954484     0.4383785     0.4410388
  4.8533863    -0.1127725     0.4209171     0.4347026
  4.8834215    -0.1268236     0.4019267     0.4252007
  4.9134567    -0.1384684     0.3806313     0.4122899
  4.9434919    -0.1484236     0.3562025     0.3958270
  4.9735271    -0.1572464     0.3280010     0.3758861
  5.0035623    -0.1653803     0.2957918     0.3528275
  5.0335975    -0.1732292     0.2598832     0.3272994
  5.0636327    -0.1812260     0.2211522     0.3001698
  5.0936679    -0.1898604     0.1809482     0.2724019
  5.1237031    -0.1996472     0.1408893     0.2449009
  5.1537383    -0.2110285     0.1025949     0.2183651
  5.1837735    -0.2242291     0.0674095     0.1931756
  5.2138087    -0.2390991     0.0361765     0.1693506
  5.2438439    -0.2549867     0.0091114     0.1465742
  5.2738791    -0.2706862    -0.0141995     0.1242962
  5.3039143    -0.2844927    -0.0346744     0.1018812
  5.3339495    -0.2943728    -0.0535108     0.0787749
  5.3639847    -0.2982377    -0.0719095     0.0546520
  5.3940199    -0.2942767    -0.0908046     0.0295136
  5.4240551    -0.2812934    -0.1106568     0.0037128
  5.4540903    -0.2589791    -0.1313515    -0.0220967
  5.4841255    -0.2280626    -0.1522223    -0.0470778
  5.5141607    -0.1902990    -0.1721904    -0.0703670
  5.5441959    -0.1482853    -0.1899901    -0.0912374
  5.5742311    -0.1051254    -0.2044313    -0.1092309
  5.6042663    -0.0639978    -0.2146423    -0.1242332
  5.6343015    -0.0276971    -0.2202457    -0.1364740
  5.6643367     0.0017677    -0.2214322    -0.1464552
  5.6943719     0.0234497    -0.2189213    -0.1548223
  5.7244071     0.0375622    -0.2138231    -0.1622099
  5.7544423     0.0453843    -0.2074318    -0.1690966
  5.7844775     0.0489914    -0.2009983    -0.1757001
  5.8145127     0.0508606    -0.1955264    -0.1819376
  5.8445479     0.0534247    -0.1916340    -0.1874605
  5.8745831     0.0586541    -0.1895004    -0.1917524
  5.9046183     0.0677399    -0.1889028    -0.1942718
  5.9346535     0.0809299    -0.1893258    -0.1946024
  5.9646887     0.0975377    -0.1901142    -0.1925799
  5.9947239     0.1161136    -0.1906301    -0.1883627
  6.0247591     0.1347357    -0.1903810    -0.1824310
  6.0547943     0.1513615    -0.1890950    -0.1755126
  6.0848295     0.1641709    -0.1867312    -0.1684491
  6.1148647     0.1718428    -0.1834348    -0.1620334
  6.1448999     0.1737202    -0.1794537    -0.1568517
  6.1749351     0.1698496    -0.1750453    -0.1531658
  6.2049703     0.1609003    -0.1704006    -0.1508612
  6.2350055     0.1479969    -0.1656041    -0.1494747
  6.2650407     0.1325059    -0.1606393    -0.1482934
  6.2950759     0.1158232    -0.1554341    -0.1465080
  6.3251111     0.0992002    -0.1499292    -0.1433838
  6.3551463     0.0836314    -0.1441463    -0.1384166
  6.3851815     0.0698080    -0.1382331    -0.1314364
  6.4152167     0.0581267    -0.1324668    -0.1226389
  6.4452519     0.0487322    -0.1272113    -0.1125374
  6.4752871     0.0415671    -0.1228348    -0.1018452
  6.5053223     0.0364108    -0.1196078    -0.0913151
  6.5353575     0.0328976    -0.1176069    -0.0815700
  6.5653927     0.0305172    -0.1166518    -0.0729637
  6.5954279     0.0286137    -0.1162964    -0.0655008
  6.6254631     0.0264023    -0.1158823    -0.0588358
  6.6554983     0.0230229    -0.1146487    -0.0523517
  6.6855335     0.0176393    -0.1118780    -0.0453025
  6.7155687     0.0095801    -0.1070467    -0.0369904
  6.7456039    -0.0015019    -0.0999477    -0.0269390
  6.7756391    -0.0154828    -0.0907550    -0.0150264
  6.8056743    -0.0316752    -0.0800122    -0.0015481
  6.8357095    -0.0488240    -0.0685437     0.0128045
  6.8657447    -0.0652108    -0.0573041     0.0270477
  6.8957799    -0.0788687    -0.0471952     0.0400726
  6.9258151    -0.0878796    -0.0388891     0.0508413
  6.9558503    -0.0907085    -0.0326946     0.0585756
  6.9858855    -0.0865113    -0.0284966     0.0628997
  7.0159207    -0.0753537    -0.0257831     0.0639093
  7.0459559    -0.0582877    -0.0237539     0.0621544
  7.0759911    -0.0372583    -0.0214908     0.0585395
  7.1060263    -0.0148438    -0.0181519     0.0541606
  7.1360615     0.0061324    -0.0131507     0.0501121
  7.1660967     0.0230528    -0.0062804     0.0473007
  7.1961319     0.0339374     0.0022424     0.0462993
  7.2261671     0.0377738     0.0118224     0.0472698
  7.2562023     0.0346792     0.0216109     0.0499633
  7.2862375     0.0258602     0.0306827     0.0537957
  7.3162727     0.0133740     0.0382270     0.0579801
  7.3463079    -0.0002653     0.0437122     0.0616868
  7.3763431    -0.0125611     0.0469882     0.0641984
  7.4063783    -0.0214957     0.0483071     0.0650314
  7.4364135    -0.0258891     0.0482582     0.0640018
  7.4664487    -0.0255860     0.0476338     0.0612272
  7.4964839    -0.0214323     0.0472551     0.0570681
  7.5265191    -0.0150519     0.0477984     0.0520282
  7.5565543    -0.0084687     0.0496569     0.0466345
  7.5865895    -0.0036562     0.0528701     0.0413266
  7.6166247    -0.0021077     0.0571314     0.0363761
  7.6466599    -0.0045172     0.0618720     0.0318527
  7.6766951    -0.0106380     0.0664001     0.0276406
  7.7067303    -0.0193460     0.0700618     0.0234975
  7.7367655    -0.0288928     0.0723888     0.0191415
  7.7668008    -0.0372936     0.0731992     0.0143438
  7.7968360    -0.0427646     0.0726308     0.0090049
  7.8268712    -0.0441161     0.0711009     0.0031987
  7.8569064    -0.0410172     0.0692037    -0.0028265
  7.8869416    -0.0340740     0.0675711    -0.0086889
  7.9169768    -0.0247069     0.0667283    -0.0139469
  7.9470120    -0.0148519     0.0669789    -0.0181885
  7.9770472    -0.0065528     0.0683443    -0.0211174
  8.0070824    -0.0015308     0.0705699    -0.0226168
  8.0371176    -0.0008256     0.0731954    -0.0227769
  8.0671528    -0.0045832     0.0756723    -0.0218816
  8.0971880    -0.0120366     0.0774976    -0.0203552
  8.1272232    -0.0216810     0.0783348    -0.0186825
  8.1572584    -0.0316041     0.0780912    -0.0173171
  8.1872936    -0.0398974     0.0769353    -0.0165974
  8.2173288    -0.0450595     0.0752494    -0.0166863
  8.2473640    -0.0463021     0.0735299    -0.0175470
  8.2773992    -0.0436923     0.0722585    -0.0189590
  8.3074344    -0.0381020     0.0717757    -0.0205700
  8.3374696    -0.0309781     0.0721866    -0.0219738
  8.3675048    -0.0239848     0.0733217    -0.0227981
  8.3975400    -0.0186004     0.0747637    -0.0227845
  8.4275752    -0.0157600     0.0759342    -0.0218460
  8.4576104    -0.0156252     0.0762219    -0.0200907
  8.4876456    -0.0175333     0.0751230    -0.0178067
  8.5176808    -0.0201402     0.0723611    -0.0154115
  8.5477160    -0.0217260     0.0679600    -0.0133763
  8.5777512    -0.0205967     0.0622500    -0.0121369
  8.6077864    -0.0154916     0.0558064    -0.0120097
  8.6378216    -0.0059073     0.0493313    -0.0131263
  8.6678568     0.0077396     0.0435054    -0.0153998
  8.6978920     0.0241474     0.0388404    -0.0185274
  8.7279272     0.0413615     0.0355668    -0.0220302
  8.7579624     0.0571554     0.0335791    -0.0253237
  8.7879976     0.0694812     0.0324538    -0.0278069
  8.8180328     0.0768942     0.0315356    -0.0289553
  8.8480680     0.0788587     0.0300736    -0.0284036
  8.8781032     0.0758682     0.0273797    -0.0260036
  8.9081384     0.0693514     0.0229751    -0.0218484
  8.9381736     0.0613818     0.0166935    -0.0162591
  8.9682088     0.0542488     0.0087198    -0.0097358
  8.9982440     0.0499812    -0.0004420    -0.0028807
  9.0282792     0.0499212    -0.0100673     0.0036940
  9.0583144     0.0544391    -0.0193506     0.0094600
  9.0883496     0.0628492    -0.0275600     0.0140516
  9.1183848     0.0735434    -0.0341713     0.0173183
  9.1484200     0.0843158    -0.0389570     0.0193419
  9.1784552     0.0928096    -0.0420110     0.0204155
  9.2084904     0.0969941    -0.0437071     0.0209873
  9.2385256     0.0955712    -0.0446028     0.0215798
  9.2685608     0.0882301    -0.0453098     0.0226960
  9.2985960     0.0756978    -0.0463605     0.0247305
  9.3286312     0.0595791    -0.0480999     0.0278990
  9.3586664     0.0420208    -0.0506227     0.0322001
  9.3887016     0.0252744    -0.0537694     0.0374150
  9.4187368     0.0112490    -0.0571772     0.0431458
  9.4487720     0.0011466    -0.0603733     0.0488861
  9.4788072    -0.0047452    -0.0628874     0.0541104
  9.5088424    -0.0070651    -0.0643576     0.0583672
  9.5388776    -0.0071974    -0.0646057     0.0613569
  9.5689128    -0.0069418    -0.0636678     0.0629812
  9.5989480    -0.0081079    -0.0617740     0.0633543
  9.6289832    -0.0121215    -0.0592851     0.0627721
  9.6590184    -0.0197268    -0.0566015     0.0616469
  9.6890536    -0.0308435    -0.0540676     0.0604189
  9.7190888    -0.0446042    -0.0518935     0.0594624
  9.7491240    -0.0595585    -0.0501112     0.0590049
  9.7791592    -0.0739937    -0.0485760     0.0590763
  9.8091944    -0.0862992    -0.0470100     0.0594992
  9.8392296    -0.0952941    -0.0450777     0.0599227
  9.8692648    -0.1004485    -0.0424756     0.0598944
  9.8993000    -0.1019537    -0.0390150     0.0589568
  9.9293352    -0.1006309    -0.0346781     0.0567483
  9.9593704    -0.0977051    -0.0296367     0.0530893
  9.9894056    -0.0944984    -0.0242277     0.0480335
 10.0194408    -0.0921135    -0.0188927     0.0418748
 10.0494760    -0.0911800    -0.0140947     0.0351041
 10.0795112    -0.0917177    -0.0102300     0.0283254
 10.1095464    -0.0931474    -0.0075547     0.0221453
 10.1395816    -0.0944409    -0.0061394     0.0170584
 10.1696168    -0.0943770    -0.0058625     0.0133504
 10.1996520    -0.0918412    -0.0064393     0.0110389
 10.2296872    -0.0861025    -0.0074813     0.0098660
 10.2597224    -0.0770034    -0.0085700     0.0093426
 10.2897576    -0.0650223    -0.0093310     0.0088390
 10.3197928    -0.0511924    -0.0094913     0.0077031
 10.3498280    -0.0368983    -0.0089122     0.0053837
 10.3798632    -0.0235925    -0.0075921     0.0015343
 10.4098984    -0.0124954    -0.0056427    -0.0039222
 10.4399336    -0.0043438    -0.0032481    -0.0107823
 10.4699688     0.0007590    -0.0006173    -0.0186043
 10.5000040     0.0033604     0.0020577    -0.0267963
 10.5300392     0.0045399     0.0046291    -0.0347320
 10.5600744     0.0056828     0.0070028    -0.0418697
 10.5901096     0.0081937     0.0091296    -0.0478508
 10.6201448     0.0132118     0.0109858    -0.0525578
 10.6501800     0.0213852     0.0125512    -0.0561208
 10.6802152     0.0327491     0.0137923    -0.0588713
 10.7102504     0.0467289     0.0146582    -0.0612551
 10.7402856     0.0622624     0.0150898    -0.0637215
 10.7703208     0.0780103     0.0150417    -0.0666141
 10.8003560     0.0926083     0.0145076    -0.0700861
 10.8303912     0.1049067     0.0135428    -0.0740573
 10.8604264     0.1141505     0.0122740    -0.0782229
 10.8904616     0.1200666     0.0108916    -0.0821109
 10.9204968     0.1228488     0.0096230    -0.0851770
 10.9505320     0.1230515     0.0086918    -0.0869158
 10.9805672     0.1214241     0.0082712    -0.0869655
 11.0106024     0.1187253     0.0084433    -0.0851840
 11.0406376     0.1155617     0.0091744    -0.0816810
 11.0706728     0.1122814     0.0103151    -0.0767989
 11.1007080     0.1089421     0.0116269    -0.0710488
 11.1307432     0.1053511     0.0128316    -0.0650126
 11.1607784     0.1011603     0.0136738    -0.0592348
 11.1908136     0.0959871     0.0139826    -0.0541241
 11.2208488     0.0895269     0.0137190    -0.0498851
 11.2508840     0.0816320     0.0129953    -0.0464938
 11.2809192     0.0723381     0.0120615    -0.0437193
 11.3109544     0.0618382     0.0112594    -0.0411863
 11.3409896     0.0504173     0.0109511    -0.0384632
 11.3710248     0.0383690     0.0114389    -0.0351574
 11.4010600     0.0259235     0.0128912    -0.0309965
 11.4310952     0.0132065     0.0152931    -0.0258804
 11.4611304     0.0002448     0.0184324    -0.0198951
 11.4911656    -0.0129860     0.0219267    -0.0132865
 11.5212008    -0.0264834     0.0252874    -0.0064040
 11.5512360    -0.0401355     0.0280091     0.0003733
 11.5812712    -0.0536617     0.0296661     0.0067098
 11.6113064    -0.0665985     0.0299965     0.0123703
 11.6413416    -0.0783434     0.0289571     0.0172503
 11.6713768    -0.0882528     0.0267356     0.0213735
 11.7014120    -0.0957756     0.0237176     0.0248627
 11.7314472    -0.1005925     0.0204153     0.0278912
 11.7614824    -0.1027243     0.0173693     0.0306303
 11.7915176    -0.1025794     0.0150458     0.0332058
 11.8215528    -0.1009198     0.0137466     0.0356744
 11.8515880    -0.0987438     0.0135520     0.0380247
 11.8816232    -0.0971036     0.0143056     0.0402014
 11.9116584    -0.0968912     0.0156452     0.0421431
 11.9416936    -0.0986382     0.0170710     0.0438234
 11.9717288    -0.1023730     0.0180388     0.0452807
 12.0017640    -0.1075715     0.0180595     0.0466267
 12.0317992    -0.1132182     0.0167849     0.0480288
 12.0618344    -0.1179716     0.0140660     0.0496695
 12.0918696    -0.1204054     0.0099730     0.0516889
 12.1219048    -0.1192801     0.0047761     0.0541278
 12.1519400    -0.1137897    -0.0011062     0.0568837
 12.1819752    -0.1037331    -0.0071804     0.0596947
 12.2120104    -0.0895734    -0.0129573     0.0621586
 12.2420456    -0.0723689    -0.0180223     0.0637875
 12.2720808    -0.0535891    -0.0220853     0.0640892
 12.3021160    -0.0348491    -0.0250052     0.0626598
 12.3321512    -0.0176175    -0.0267862     0.0592705
 12.3621864    -0.0029530    -0.0275537     0.0539267
 12.3922216     0.0086736    -0.0275160     0.0468883
 12.4222568     0.0174392    -0.0269231     0.0386431
 12.4522920     0.0240969    -0.0260293     0.0298359
 12.4823272     0.0297899    -0.0250662     0.0211679
 12.5123624     0.0357892    -0.0242276     0.0132832
 12.5423976     0.0432095    -0.0236624     0.0066653
 12.5724328     0.0527620    -0.0234743     0.0015649
 12.6024680     0.0645931    -0.0237215    -0.0020287
 12.6325032     0.0782407    -0.0244137    -0.0043654
 12.6625384     0.0927148    -0.0255065    -0.0058682
 12.6925736     0.1066822    -0.0268932    -0.0070362
 12.7226088     0.1187171    -0.0284014    -0.0083379
 12.7526440     0.1275631    -0.0297961    -0.0101166
 12.7826792     0.1323561    -0.0307967    -0.0125277
 12.8127144     0.1327631    -0.0311065    -0.0155184
 12.8427496     0.1290145    -0.0304551    -0.0188548
 12.8727848     0.1218289    -0.0286443    -0.0221864
 12.9028200     0.1122516    -0.0255919    -0.0251342
 12.9328552     0.1014451    -0.0213604    -0.0273814
 12.9628904     0.0904779    -0.0161641    -0.0287466
 12.9929256     0.0801551    -0.0103493    -0.0292232
 13.0229608     0.0709213    -0.0043481    -0.0289783
 13.0529960     0.0628513     0.0013863    -0.0283105
 13.0830312     0.0557195     0.0064528    -0.0275787
 13.1130664     0.0491260     0.0105693    -0.0271185
 13.1431016     0.0426446     0.0136189    -0.0271646
 13.1731368     0.0359536     0.0156661    -0.0277980
 13.2031720     0.0289219     0.0169377    -0.0289284
 13.2332072     0.0216301     0.0177718    -0.0303165
 13.2632424     0.0143288     0.0185449    -0.0316285
 13.2932776     0.0073476     0.0195909    -0.0325115
 13.3233128     0.0009834     0.0211302    -0.0326707
 13.3533480    -0.0046010     0.0232231    -0.0319321
 13.3833832    -0.0094400     0.0257585    -0.0302748
 13.4134184    -0.0137727     0.0284793    -0.0278283
 13.4434536    -0.0179917     0.0310407    -0.0248357
 13.4734888    -0.0225467     0.0330876    -0.0215915
 13.5035240    -0.0278257     0.0343344    -0.0183714
 13.5335592    -0.0340465     0.0346303    -0.0153701
 13.5635944    -0.0411842     0.0339950    -0.0126618
 13.5936296    -0.0489570     0.0326165    -0.0101934
 13.6236648    -0.0568732     0.0308127    -0.0078114
 13.6537000    -0.0643315     0.0289637    -0.0053143
 13.6837353    -0.0707508     0.0274313    -0.0025184
 13.7137705    -0.0756982     0.0264820     0.0006805
 13.7438057    -0.0789854     0.0262313     0.0042657
 13.7738409    -0.0807075     0.0266213     0.0080895
 13.8038761    -0.0812158     0.0274358     0.0118978
 13.8339113    -0.0810277     0.0283483     0.0153846
 13.8639465    -0.0806944     0.0289931     0.0182640
 13.8939817    -0.0806577     0.0290418     0.0203421
 13.9240169    -0.0811292     0.0282679     0.0215711
 13.9540521    -0.0820208     0.0265868     0.0220719
 13.9840873    -0.0829455     0.0240616     0.0221168
 14.0141225    -0.0832893     0.0208762     0.0220765
 14.0441577    -0.0823404     0.0172827     0.0223395
 14.0741929    -0.0794470     0.0135372     0.0232237
 14.1042281    -0.0741698     0.0098412     0.0248994
 14.1342633    -0.0663930     0.0063019     0.0273415
 14.1642985    -0.0563710     0.0029216     0.0303239
 14.1943337    -0.0446984    -0.0003822     0.0334579
 14.2243689    -0.0322087    -0.0037312     0.0362685
 14.2544041    -0.0198257    -0.0072300     0.0382922
 14.2844393    -0.0083972    -0.0109121     0.0391751
 14.3144745     0.0014518    -0.0147064     0.0387502
 14.3445097     0.0094173    -0.0184328     0.0370764
 14.3745449     0.0155458    -0.0218310     0.0344291
 14.4045801     0.0201924    -0.0246170     0.0312453
 14.4346153     0.0239204    -0.0265541     0.0280333
 14.4646505     0.0273667    -0.0275205     0.0252673
 14.4946857     0.0311055    -0.0275570     0.0232891
 14.5247209     0.0355390    -0.0268792     0.0222394
 14.5547561     0.0408383    -0.0258486     0.0220329
 14.5847913     0.0469425    -0.0249079     0.0223828
 14.6148265     0.0536094    -0.0244907     0.0228695
 14.6448617     0.0605002    -0.0249269     0.0230382
 14.6748969     0.0672725    -0.0263646     0.0225032
 14.7049321     0.0736538    -0.0287277     0.0210367
 14.7349673     0.0794788    -0.0317200     0.0186221
 14.7650025     0.0846804    -0.0348774     0.0154607
 14.7950377     0.0892414    -0.0376576     0.0119298
 14.8250729     0.0931248    -0.0395482     0.0085033
 14.8551081     0.0962075    -0.0401703     0.0056513
 14.8851433     0.0982420    -0.0393530     0.0037411
 14.9151785     0.0988647    -0.0371633     0.0029608
 14.9452137     0.0976537    -0.0338843     0.0032810
 14.9752489     0.0942291    -0.0299476     0.0044612
 15.0052841     0.0883685    -0.0258364     0.0060970
 15.0353193     0.0801086    -0.0219841     0.0076957
 15.0653545     0.0698008    -0.0186928     0.0087622
 15.0953897     0.0580966    -0.0160935     0.0088755
 15.1254249     0.0458566    -0.0141580     0.0077387
 15.1554601     0.0339957    -0.0127594     0.0051966
 15.1854953     0.0232926    -0.0117656     0.0012193
 15.2155305     0.0142090    -0.0111396    -0.0041382
 15.2455657     0.0067624    -0.0110164    -0.0107832
 15.2756009     0.0004904    -0.0117312    -0.0186240

PDF 1 in D(r) format
  r, PDF (RMC), PDF (Expt)
 CURVES
         245 ,           2
      0.0654509       -0.0517669       -0.0518487
      0.1309019       -0.1035338       -0.1036974
      0.1963528       -0.1553008       -0.1555461
      0.2618037       -0.2070677       -0.2073949
      0.3272547       -0.2588346       -0.2592436
      0.3927056       -0.3106015       -0.3110923
      0.4581565       -0.3623685       -0.3629410
      0.5236075       -0.4141354       -0.4147897
      0.5890584       -0.4659023       -0.4666384
      0.6545093       -0.5176692       -0.5184872
      0.7199603       -0.5694362       -0.5703359
      0.7854112       -0.6212031       -0.6221846
      0.8508621       -0.6729700       -0.6740333
      0.9163131       -0.7247369       -0.7258820
      0.9817640       -0.7765038       -0.7777307
      1.0472149       -0.8282708       -0.8295794
      1.1126659       -0.8800377       -0.8814282
      1.1781168       -0.9194942       -0.9332769
      1.2435677       -0.8663975       -0.8534496
      1.3090187       -0.6585302       -0.6131118
      1.3744696       -0.2901360       -0.2675095
      1.4399206        0.1989850        0.1694371
      1.5053715        0.7395263        0.6565243
      1.5708224        1.2517016        1.1273298
      1.6362734        1.6576826        1.5020358
      1.7017243        1.8885926        1.7065797
      1.7671752        1.8934963        1.6929626
      1.8326262        1.6539501        1.4532894
      1.8980771        1.1977757        1.0222271
      1.9635280        0.5998755        0.4671657
      2.0289790       -0.0370016       -0.1297703
      2.0944299       -0.6153645       -0.6909222
      2.1598808       -1.0727297       -1.1570597
      2.2253318       -1.3914704       -1.4928737
      2.2907827       -1.5850351       -1.6848480
      2.3562336       -1.6724823       -1.7351978
      2.4216846       -1.6600512       -1.6560100
      2.4871355       -1.5415319       -1.4660184
      2.5525864       -1.3142595       -1.1899441
      2.6180374       -0.9962175       -0.8585565
      2.6834883       -0.6301693       -0.5073901
      2.7489392       -0.2715825       -0.1732126
      2.8143902        0.0307831        0.1110648
      2.8798411        0.2486320        0.3213035
      2.9452920        0.3752170        0.4451695
      3.0107430        0.4168611        0.4824624
      3.0761939        0.3838930        0.4430559
      3.1416448        0.2876885        0.3435209
      3.2070958        0.1433199        0.2036099
      3.2725467       -0.0279466        0.0433831
      3.3379976       -0.2011344       -0.1187926
      3.4034486       -0.3543767       -0.2675069
      3.4688995       -0.4748967       -0.3910444
      3.5343504       -0.5595063       -0.4817000
      3.5998014       -0.6097708       -0.5356468
      3.6652523       -0.6264229       -0.5523286
      3.7307032       -0.6076755       -0.5334799
      3.7961542       -0.5520232       -0.4820485
      3.8616051       -0.4619301       -0.4013945
      3.9270560       -0.3443735       -0.2950839
      3.9925070       -0.2077346       -0.1673695
      4.0579579       -0.0584311       -0.0241362
      4.1234088        0.0988943        0.1261923
      4.1888598        0.2573679        0.2723982
      4.2543107        0.4039712        0.4013251
      4.3197617        0.5203562        0.4999057
      4.3852126        0.5893541        0.5579204
      4.4506635        0.6031822        0.5706504
      4.5161145        0.5675174        0.5404934
      4.5815654        0.4985969        0.4768946
      4.6470163        0.4157814        0.3945010
      4.7124673        0.3350452        0.3100504
      4.7779182        0.2671924        0.2389058
      4.8433691        0.2199860        0.1921862
      4.9088201        0.2001046        0.1751535
      4.9742710        0.2117742        0.1870475
      5.0397219        0.2529678        0.2221259
      5.1051729        0.3132379        0.2714185
      5.1706238        0.3764257        0.3246760
      5.2360747        0.4273150        0.3721221
      5.3015257        0.4576164        0.4057974
      5.3669766        0.4669573        0.4204222
      5.4324275        0.4586962        0.4137823
      5.4978785        0.4347121        0.3866722
      5.5633294        0.3939280        0.3424457
      5.6287803        0.3356488        0.2862556
      5.6942313        0.2641713        0.2241078
      5.7596822        0.1897678        0.1618886
      5.8251331        0.1243461        0.1045309
      5.8905841        0.0749690        0.0554532
      5.9560350        0.0405569        0.0163396
      6.0214859        0.0144991       -0.0127492
      6.0869369       -0.0091374       -0.0330101
      6.1523878       -0.0311184       -0.0463926
      6.2178387       -0.0478733       -0.0550755
      6.2832897       -0.0564054       -0.0610231
      6.3487406       -0.0584399       -0.0656874
      6.4141915       -0.0598351       -0.0698832
      6.4796425       -0.0657652       -0.0738326
      6.5450934       -0.0761600       -0.0773422
      6.6105443       -0.0857213       -0.0800461
      6.6759953       -0.0886664       -0.0816346
      6.7414462       -0.0839972       -0.0819946
      6.8068971       -0.0765331       -0.0812235
      6.8723481       -0.0727250       -0.0795316
      6.9377990       -0.0749705       -0.0770901
      7.0032500       -0.0795134       -0.0739047
      7.0687009       -0.0797857       -0.0697680
      7.1341518       -0.0721585       -0.0643088
      7.1996028       -0.0589257       -0.0571109
      7.2650537       -0.0458946       -0.0478599
      7.3305046       -0.0368636       -0.0364748
      7.3959556       -0.0300913       -0.0231996
      7.4614065       -0.0200298       -0.0086339
      7.5268574       -0.0027827        0.0063070
      7.5923084        0.0196721        0.0205123
      7.6577593        0.0403938        0.0328600
      7.7232102        0.0528186        0.0424277
      7.7886612        0.0558534        0.0486684
      7.8541121        0.0542750        0.0514967
      7.9195630        0.0541940        0.0512661
      7.9850140        0.0577156        0.0486557
      8.0504649        0.0615546        0.0445208
      8.1159158        0.0607107        0.0397538
      8.1813668        0.0537356        0.0351810
      8.2468177        0.0447393        0.0314893
      8.3122686        0.0402945        0.0291696
      8.3777196        0.0440173        0.0284731
      8.4431705        0.0536559        0.0293933
      8.5086214        0.0632054        0.0316932
      8.5740724        0.0680533        0.0349786
      8.6395233        0.0685560        0.0387958
      8.7049742        0.0690273        0.0427171
      8.7704252        0.0733334        0.0463866
      8.8358761        0.0812566        0.0495222
      8.9013270        0.0888569        0.0518944
      8.9667780        0.0922413        0.0533069
      9.0322289        0.0910381        0.0535976
      9.0976798        0.0883242        0.0526551
      9.1631308        0.0872380        0.0504400
      9.2285817        0.0876739        0.0469993
      9.2940326        0.0863212        0.0424687
      9.3594836        0.0800351        0.0370656
      9.4249345        0.0692682        0.0310740
      9.4903854        0.0581591        0.0248209
      9.5558364        0.0510452        0.0186461
      9.6212873        0.0486338        0.0128694
      9.6867382        0.0475083        0.0077661
      9.7521892        0.0435610        0.0035531
      9.8176401        0.0361827        0.0003809
      9.8830911        0.0291810       -0.0016802
      9.9485420        0.0273605       -0.0026672
     10.0139929        0.0318012       -0.0027579
     10.0794439        0.0382672       -0.0022864
     10.1448948        0.0404482       -0.0017177
     10.2103457        0.0352830       -0.0015722
     10.2757967        0.0255605       -0.0023167
     10.3412476        0.0173270       -0.0042560
     10.4066985        0.0143381       -0.0074601
     10.4721495        0.0145785       -0.0117477
     10.5376004        0.0121091       -0.0167238
     10.6030513        0.0026822       -0.0218611
     10.6685023       -0.0119434       -0.0266021
     10.7339532       -0.0250050       -0.0304673
     10.7994041       -0.0303195       -0.0331461
     10.8648551       -0.0275265       -0.0345501
     10.9303060       -0.0222893       -0.0348108
     10.9957569       -0.0212399       -0.0342206
     11.0612079       -0.0261868       -0.0331368
     11.1266588       -0.0327762       -0.0318840
     11.1921097       -0.0347659       -0.0306890
     11.2575607       -0.0299745       -0.0296615
     11.3230116       -0.0224495       -0.0288136
     11.3884625       -0.0188527       -0.0280945
     11.4539135       -0.0223622       -0.0274248
     11.5193644       -0.0296927       -0.0267245
     11.5848153       -0.0340134       -0.0259412
     11.6502663       -0.0311484       -0.0250773
     11.7157172       -0.0234160       -0.0242068
     11.7811681       -0.0175826       -0.0234649
     11.8466191       -0.0187682       -0.0230042
     11.9120700       -0.0258486       -0.0229319
     11.9775209       -0.0325390       -0.0232586
     12.0429719       -0.0331510       -0.0238866
     12.1084228       -0.0277388       -0.0246458
     12.1738737       -0.0219217       -0.0253574
     12.2393247       -0.0215782       -0.0258934
     12.3047756       -0.0273442       -0.0262058
     12.3702265       -0.0340273       -0.0263212
     12.4356775       -0.0354980       -0.0263143
     12.5011284       -0.0305077       -0.0262769
     12.5665794       -0.0239793       -0.0262952
     12.6320303       -0.0224811       -0.0264328
     12.6974812       -0.0280331       -0.0267167
     12.7629322       -0.0360351       -0.0271299
     12.8283831       -0.0393659       -0.0276147
     12.8938340       -0.0349765       -0.0280922
     12.9592850       -0.0268786       -0.0284915
     13.0247359       -0.0226511       -0.0287729
     13.0901868       -0.0265503       -0.0289324
     13.1556378       -0.0355359       -0.0289854
     13.2210887       -0.0419500       -0.0289409
     13.2865396       -0.0404932       -0.0287861
     13.3519906       -0.0331174       -0.0284911
     13.4174415       -0.0272747       -0.0280304
     13.4828924       -0.0290509       -0.0274073
     13.5483434       -0.0374847       -0.0266666
     13.6137943       -0.0453779       -0.0258888
     13.6792452       -0.0459371       -0.0251708
     13.7446962       -0.0391314       -0.0246014
     13.8101471       -0.0317925       -0.0242406
     13.8755980       -0.0312313       -0.0241073
     13.9410490       -0.0382456       -0.0241769
     14.0064999       -0.0461352       -0.0243891
     14.0719508       -0.0468711       -0.0246652
     14.1374018       -0.0388273       -0.0249274
     14.2028527       -0.0287818       -0.0251127
     14.2683036       -0.0260025       -0.0251755
     14.3337546       -0.0336259       -0.0250812
     14.3992055       -0.0453362       -0.0247990
     14.4646564       -0.0507518       -0.0243048
     14.5301074       -0.0449062       -0.0235949
     14.5955583       -0.0331500       -0.0227000
     14.6610092       -0.0266676       -0.0216851
     14.7264602       -0.0323458       -0.0206269
     14.7919111       -0.0461755       -0.0195808
     14.8573620       -0.0564899       -0.0185555
     14.9228130       -0.0544478       -0.0175150
     14.9882639       -0.0422856       -0.0164078
     15.0537148       -0.0315196       -0.0152058
     15.1191658       -0.0323498       -0.0139287
     15.1846167       -0.0438796       -0.0126392
     15.2500676       -0.0545231       -0.0114166
     15.3155186       -0.0528436       -0.0103254
     15.3809695       -0.0390873       -0.0094004
     15.4464205       -0.0262184       -0.0086500
     15.5118714       -0.0283670       -0.0080674
     15.5773223       -0.0465475       -0.0076377
     15.6427733       -0.0652976       -0.0073324
     15.7082242       -0.0651605       -0.0071016
     15.7736751       -0.0415343       -0.0068728
     15.8391261       -0.0130657       -0.0065646
     15.9045770       -0.0099418       -0.0061094
     15.9700279       -0.0492232       -0.0054732
     16.0354789       -0.1168057       -0.0046632

 Total S(Q)'s: Comparison with input data

   494  2 are NQ and NPAR

       Q      S(Q)_RMC  S(Q)_Expt
      0.4682470     -0.8830994     -0.8479151
      0.4982822     -1.0753971     -0.8118532
      0.5283174     -1.1913840     -0.7783499
      0.5583526     -1.2346326     -0.7493800
      0.5883878     -1.2177848     -0.7261986
      0.6184230     -1.1592793     -0.7091703
      0.6484582     -1.0795766     -0.6977406
      0.6784934     -0.9975665     -0.6905600
      0.7085286     -0.9277440     -0.6857362
      0.7385638     -0.8785417     -0.6811699
      0.7685990     -0.8519632     -0.6749116
      0.7986342     -0.8444104     -0.6654717
      0.8286694     -0.8483955     -0.6520260
      0.8587046     -0.8546997     -0.6344790
      0.8887398     -0.8545100     -0.6133734
      0.9187750     -0.8411275     -0.5896689
      0.9488102     -0.8109713     -0.5644352
      0.9788454     -0.7637783     -0.5385248
      1.0088806     -0.7020709     -0.5122959
      1.0389158     -0.6301083     -0.4854439
      1.0689510     -0.5526195     -0.4569828
      1.0989862     -0.4736287     -0.4253844
      1.1290214     -0.3956312     -0.3888561
      1.1590566     -0.3192718     -0.3457064
      1.1890918     -0.2435538     -0.2947316
      1.2191270     -0.1664820     -0.2355507
      1.2491622     -0.0859516     -0.1688250
      1.2791974     -0.0006537     -0.0963177
      1.3092326      0.0892236     -0.0207787
      1.3392678      0.1816611      0.0543280
      1.3693030      0.2729105      0.1252122
      1.3993382      0.3580039      0.1881957
      1.4293734      0.4315506      0.2401314
      1.4594086      0.4886458      0.2787395
      1.4894438      0.5256939      0.3028113
      1.5194790      0.5409821      0.3122594
      1.5495142      0.5348947      0.3080191
      1.5795494      0.5097444      0.2918289
      1.6095846      0.4692734      0.2659386
      1.6396198      0.4179479      0.2327983
      1.6696550      0.3602000      0.1947805
      1.6996902      0.2997748      0.1539739
      1.7297254      0.2393044      0.1120691
      1.7597606      0.1801731      0.0703370
      1.7897958      0.1226715      0.0296817
      1.8198311      0.0663723     -0.0092619
      1.8498663      0.0106180     -0.0460195
      1.8799015     -0.0450046     -0.0801892
      1.9099367     -0.1003185     -0.1113920
      1.9399719     -0.1544135     -0.1392697
      1.9700071     -0.2057292     -0.1635215
      2.0000423     -0.2523325     -0.1839616
      2.0300775     -0.2923127     -0.2005760
      2.0601127     -0.3241933     -0.2135543
      2.0901479     -0.3472590     -0.2232843
      2.1201831     -0.3617206     -0.2303023
      2.1502183     -0.3686808     -0.2352086
      2.1802535     -0.3699108     -0.2385647
      2.2102887     -0.3674933     -0.2407955
      2.2403239     -0.3634136     -0.2421191
      2.2703591     -0.3591939     -0.2425228
      2.3003943     -0.3556499     -0.2417919
      2.3304295     -0.3528211     -0.2395880
      2.3604647     -0.3500840     -0.2355612
      2.3904999     -0.3464147     -0.2294723
      2.4205351     -0.3407364     -0.2212999
      2.4505703     -0.3322674     -0.2113076
      2.4806055     -0.3207891     -0.2000570
      2.5106407     -0.3067738     -0.1883610
      2.5406759     -0.2913446     -0.1771857
      2.5707111     -0.2760803     -0.1675193
      2.6007463     -0.2627110     -0.1602322
      2.6307815     -0.2527761     -0.1559550
      2.6608167     -0.2473215     -0.1549966
      2.6908519     -0.2467013     -0.1573161
      2.7208871     -0.2505278     -0.1625508
      2.7509223     -0.2577748     -0.1700938
      2.7809575     -0.2670072     -0.1792024
      2.8109927     -0.2766843     -0.1891153
      2.8410279     -0.2854652     -0.1991580
      2.8710631     -0.2924513     -0.2088156
      2.9010983     -0.2973157     -0.2177656
      2.9311335     -0.3002943     -0.2258674
      2.9611687     -0.3020510     -0.2331178
      2.9912039     -0.3034519     -0.2395872
      3.0212391     -0.3053058     -0.2453516
      3.0512743     -0.3081329     -0.2504398
      3.0813095     -0.3120157     -0.2548043
      3.1113447     -0.3165628     -0.2583217
      3.1413799     -0.3209921     -0.2608206
      3.1714151     -0.3243090     -0.2621253
      3.2014503     -0.3255364     -0.2621056
      3.2314855     -0.3239394     -0.2607165
      3.2615207     -0.3191929     -0.2580186
      3.2915559     -0.3114537     -0.2541737
      3.3215911     -0.3013206     -0.2494153
      3.3516263     -0.2896947     -0.2440011
      3.3816615     -0.2775730     -0.2381580
      3.4116967     -0.2658245     -0.2320316
      3.4417319     -0.2550004     -0.2256519
      3.4717671     -0.2452212     -0.2189213
      3.5018023     -0.2361650     -0.2116285
      3.5318375     -0.2271584     -0.2034840
      3.5618727     -0.2173458     -0.1941707
      3.5919079     -0.2058970     -0.1833978
      3.6219431     -0.1922047     -0.1709495
      3.6519783     -0.1760255     -0.1567181
      3.6820135     -0.1575342     -0.1407171
      3.7120487     -0.1372791     -0.1230743
      3.7420839     -0.1160516     -0.1040069
      3.7721191     -0.0947010     -0.0837850
      3.8021543     -0.0739388     -0.0626918
      3.8321895     -0.0541784     -0.0409861
      3.8622247     -0.0354459     -0.0188729
      3.8922599     -0.0173834      0.0035140
      3.9222951      0.0006587      0.0261195
      3.9523303      0.0194606      0.0489637
      3.9823655      0.0397422      0.0721319
      4.0124007      0.0619860      0.0957581
      4.0424359      0.0863124      0.1200063
      4.0724711      0.1124370      0.1450469
      4.1025063      0.1397162      0.1710309
      4.1325415      0.1672701      0.1980606
      4.1625767      0.1941532      0.2261579
      4.1926119      0.2195331      0.2552337
      4.2226471      0.2428369      0.2850632
      4.2526823      0.2638332      0.3152722
      4.2827175      0.2826326      0.3453408
      4.3127527      0.2996101      0.3746295
      4.3427879      0.3152686      0.4024269
      4.3728231      0.3300786      0.4280185
      4.4028583      0.3443318      0.4507659
      4.4328935      0.3580432      0.4701857
      4.4629287      0.3709248      0.4860151
      4.4929639      0.3824353      0.4982484
      4.5229991      0.3918946      0.5071371
      4.5530343      0.3986336      0.5131478
      4.5830695      0.4021446      0.5168827
      4.6131047      0.4021970      0.5189722
      4.6431399      0.3988892      0.5199595
      4.6731751      0.3926263      0.5201945
      4.7032103      0.3840275      0.5197594
      4.7332455      0.3737861      0.5184390
      4.7632807      0.3625126      0.5157452
      4.7933159      0.3505997      0.5109908
      4.8233511      0.3381396      0.5034031
      4.8533863      0.3249125      0.4922555
      4.8834215      0.3104509      0.4769949
      4.9134567      0.2941636      0.4573409
      4.9434919      0.2754934      0.4333394
      4.9735271      0.2540709      0.4053606
      5.0035623      0.2298322      0.3740441
      5.0335975      0.2030718      0.3402009
      5.0636327      0.1744215      0.3046949
      5.0936679      0.1447575      0.2683245
      5.1237031      0.1150596      0.2317302
      5.1537383      0.0862509      0.1953435
      5.1837735      0.0590551      0.1593861
      5.2138087      0.0339007      0.1239162
      5.2438439      0.0108921      0.0889101
      5.2738791     -0.0101492      0.0543582
      5.3039143     -0.0295848      0.0203531
      5.3339495     -0.0478266     -0.0128513
      5.3639847     -0.0652020     -0.0448237
      5.3940199     -0.0818500     -0.0749872
      5.4240551     -0.0976708     -0.1026933
      5.4540903     -0.1123407     -0.1273226
      5.4841255     -0.1253870     -0.1483903
      5.5141607     -0.1363044     -0.1656362
      5.5441959     -0.1446851     -0.1790765
      5.5742311     -0.1503309     -0.1890095
      5.6042663     -0.1533211     -0.1959700
      5.6343015     -0.1540190     -0.2006445
      5.6643367     -0.1530162     -0.2037608
      5.6943719     -0.1510248     -0.2059769
      5.7244071     -0.1487448     -0.2077885
      5.7544423     -0.1467335     -0.2094739
      5.7844775     -0.1453082     -0.2110849
      5.8145127     -0.1445027     -0.2124833
      5.8445479     -0.1440873     -0.2134128
      5.8745831     -0.1436467     -0.2135894
      5.9046183     -0.1426967     -0.2127903
      5.9346535     -0.1408143     -0.2109225
      5.9646887     -0.1377496     -0.2080572
      5.9947239     -0.1334960     -0.2044250
      6.0247591     -0.1283013     -0.2003747
      6.0547943     -0.1226199     -0.1963068
      6.0848295     -0.1170163     -0.1925983
      6.1148647     -0.1120436     -0.1895352
      6.1448999     -0.1081235     -0.1872674
      6.1749351     -0.1054573     -0.1857945
      6.2049703     -0.1039855     -0.1849833
      6.2350055     -0.1034060     -0.1846101
      6.2650407     -0.1032460     -0.1844166
      6.2950759     -0.1029688     -0.1841643
      6.3251111     -0.1020930     -0.1836743
      6.3551463     -0.1002952     -0.1828441
      6.3851815     -0.0974731     -0.1816383
      6.4152167     -0.0937570     -0.1800583
      6.4452519     -0.0894658     -0.1781009
      6.4752871     -0.0850210     -0.1757185
      6.5053223     -0.0808382     -0.1727931
      6.5353575     -0.0772227     -0.1691335
      6.5653927     -0.0742923     -0.1644984
      6.5954279     -0.0719473     -0.1586398
      6.6254631     -0.0698925     -0.1513581
      6.6554983     -0.0677061     -0.1425549
      6.6855335     -0.0649394     -0.1322683
      6.7155687     -0.0612241     -0.1206818
      6.7456039     -0.0563612     -0.1081014
      6.7756391     -0.0503714     -0.0949042
      6.8056743     -0.0434953     -0.0814688
      6.8357095     -0.0361440     -0.0681031
      6.8657447     -0.0288104     -0.0549851
      6.8957799     -0.0219634     -0.0421332
      6.9258151     -0.0159476     -0.0294116
      6.9558503     -0.0109135     -0.0165736
      6.9858855     -0.0067923     -0.0033328
      7.0159207     -0.0033214      0.0105524
      7.0459559     -0.0001148      0.0252000
      7.0759911      0.0032393      0.0405495
      7.1060263      0.0070753      0.0563457
      7.1360615      0.0115662      0.0721644
      7.1660967      0.0166774      0.0874778
      7.1961319      0.0221691      0.1017449
      7.2261671      0.0276465      0.1145084
      7.2562023      0.0326460      0.1254764
      7.2862375      0.0367367      0.1345694
      7.3162727      0.0396156      0.1419231
      7.3463079      0.0411726      0.1478433
      7.3763431      0.0415123      0.1527245
      7.4063783      0.0409272      0.1569481
      7.4364135      0.0398299      0.1607847
      7.4664487      0.0386588      0.1643225
      7.4964839      0.0377810      0.1674401
      7.5265191      0.0374134      0.1698308
      7.5565543      0.0375813      0.1710760
      7.5865895      0.0381220      0.1707521
      7.6166247      0.0387336      0.1685477
      7.6466599      0.0390561      0.1643662
      7.6766951      0.0387655      0.1583882
      7.7067303      0.0376596      0.1510778
      7.7367655      0.0357140      0.1431295
      7.7668008      0.0330965      0.1353621
      7.7968360      0.0301352      0.1285816
      7.8268712      0.0272492      0.1234386
      7.8569064      0.0248567      0.1203109
      7.8869416      0.0232822      0.1192357
      7.9169768      0.0226849      0.1199063
      7.9470120      0.0230237      0.1217349
      7.9770472      0.0240679      0.1239703
      8.0070824      0.0254506      0.1258463
      8.0371176      0.0267518      0.1267317
      8.0671528      0.0275939      0.1262503
      8.0971880      0.0277255      0.1243482
      8.1272232      0.0270760      0.1212938
      8.1572584      0.0257681      0.1176129
      8.1872936      0.0240854      0.1139709
      8.2173288      0.0224030      0.1110301
      8.2473640      0.0210984      0.1093095
      8.2773992      0.0204611      0.1090780
      8.3074344      0.0206244      0.1103012
      8.3374696      0.0215330      0.1126520
      8.3675048      0.0229549      0.1155817
      8.3975400      0.0245341      0.1184339
      8.4275752      0.0258715      0.1205763
      8.4576104      0.0266161      0.1215224
      8.4876456      0.0265442      0.1210168
      8.5176808      0.0256095      0.1190680
      8.5477160      0.0239515      0.1159229
      8.5777512      0.0218621      0.1119922
      8.6077864      0.0197160      0.1077440
      8.6378216      0.0178839      0.1035911
      8.6678568      0.0166464      0.0997980
      8.6978920      0.0161296      0.0964276
      8.7279272      0.0162773      0.0933382
      8.7579624      0.0168650      0.0902298
      8.7879976      0.0175535      0.0867278
      8.8180328      0.0179691      0.0824829
      8.8480680      0.0177908      0.0772619
      8.8781032      0.0168260      0.0710106
      8.9081384      0.0150553      0.0638701
      8.9381736      0.0126376      0.0561466
      8.9682088      0.0098735      0.0482388
      8.9982440      0.0071365      0.0405432
      9.0282792      0.0047867      0.0333577
      9.0583144      0.0030888      0.0268083
      9.0883496      0.0021515      0.0208163
      9.1183848      0.0019044      0.0151141
      9.1484200      0.0021154      0.0093075
      9.1784552      0.0024464      0.0029711
      9.2084904      0.0025336     -0.0042457
      9.2385256      0.0020729     -0.0125264
      9.2685608      0.0008925     -0.0218291
      9.2985960     -0.0010059     -0.0318779
      9.3286312     -0.0034461     -0.0422057
      9.3586664     -0.0061164     -0.0522409
      9.3887016     -0.0086404     -0.0614177
      9.4187368     -0.0106628     -0.0692875
      9.4487720     -0.0119302     -0.0756055
      9.4788072     -0.0123487     -0.0803739
      9.5088424     -0.0120048     -0.0838318
      9.5388776     -0.0111448     -0.0863950
      9.5689128     -0.0101174     -0.0885575
      9.5989480     -0.0092939     -0.0907790
      9.6289832     -0.0089825     -0.0933825
      9.6590184     -0.0093577     -0.0964841
      9.6890536     -0.0104214     -0.0999727
      9.7190888     -0.0120034     -0.1035413
      9.7491240     -0.0138018     -0.1067638
      9.7791592     -0.0154537     -0.1091994
      9.8091944     -0.0166195     -0.1104989
      9.8392296     -0.0170623     -0.1104908
      9.8692648     -0.0167020     -0.1092249
      9.8993000     -0.0156343     -0.1069652
      9.9293352     -0.0141083     -0.1041333
      9.9593704     -0.0124685     -0.1012147
      9.9894056     -0.0110754     -0.0986509
     10.0194408     -0.0102224     -0.0967412
     10.0494760     -0.0100682     -0.0955777
     10.0795112     -0.0106012     -0.0950284
     10.1095464     -0.0116429     -0.0947725
     10.1395816     -0.0128907     -0.0943797
     10.1696168     -0.0139886     -0.0934157
     10.1996520     -0.0146114     -0.0915490
     10.2296872     -0.0145406     -0.0886343
     10.2597224     -0.0137163     -0.0847528
     10.2897576     -0.0122519     -0.0801993
     10.3197928     -0.0104083     -0.0754191
     10.3498280     -0.0085346     -0.0709083
     10.3798632     -0.0069871     -0.0670999
     10.4098984     -0.0060472     -0.0642628
     10.4399336     -0.0058560     -0.0624365
     10.4699688     -0.0063816     -0.0614163
     10.5000040     -0.0074258     -0.0607950
     10.5300392     -0.0086695     -0.0600499
     10.5600744     -0.0097459     -0.0586566
     10.5901096     -0.0103248     -0.0562041
     10.6201448     -0.0101887     -0.0524840
     10.6501800     -0.0092829     -0.0475334
     10.6802152     -0.0077282     -0.0416218
     10.7102504     -0.0057931     -0.0351839
     10.7402856     -0.0038319     -0.0287146
     10.7703208     -0.0022037     -0.0226495
     10.8003560     -0.0011893     -0.0172591
     10.8303912     -0.0009270     -0.0125818
     10.8604264     -0.0013806     -0.0084125
     10.8904616     -0.0023480     -0.0043487
     10.9204968     -0.0035081      0.0001132
     10.9505320     -0.0044944      0.0054549
     10.9805672     -0.0049797      0.0120142
     11.0106024     -0.0047519      0.0198916
     11.0406376     -0.0037626      0.0289100
     11.0706728     -0.0021387      0.0386364
     11.1007080     -0.0001540      0.0484634
     11.1307432      0.0018341      0.0577331
     11.1607784      0.0034652      0.0658766
     11.1908136      0.0044587      0.0725373
     11.2208488      0.0046772      0.0776495
     11.2508840      0.0041571      0.0814549
     11.2809192      0.0030993      0.0844499
     11.3109544      0.0018224      0.0872755
     11.3409896      0.0006888      0.0905729
     11.3710248      0.0000208      0.0948360
     11.4010600      0.0000272      0.1002944
     11.4310952      0.0007552      0.1068523
     11.4611304      0.0020805      0.1140990
     11.4911656      0.0037367      0.1213884
     11.5212008      0.0053773      0.1279708
     11.5512360      0.0066557      0.1331488
     11.5812712      0.0073059      0.1364231
     11.6113064      0.0072029      0.1375947
     11.6413416      0.0063916      0.1368023
     11.6713768      0.0050752      0.1344856
     11.7014120      0.0035683      0.1312828
     11.7314472      0.0022231      0.1278856
     11.7614824      0.0013484      0.1248846
     11.7915176      0.0011379      0.1226392
     11.8215528      0.0016263      0.1212023
     11.8515880      0.0026816      0.1203168
     11.8816232      0.0040368      0.1194834
     11.9116584      0.0053524      0.1180871
     11.9416936      0.0062955      0.1155491
     11.9717288      0.0066179      0.1114730
     12.0017640      0.0062134      0.1057487
     12.0317992      0.0051426      0.0985897
     12.0618344      0.0036193      0.0904952
     12.0918696      0.0019603      0.0821441
     12.1219048      0.0005128      0.0742438
     12.1519400     -0.0004263      0.0673707
     12.1819752     -0.0006785      0.0618358
     12.2120104     -0.0002246      0.0576111
     12.2420456      0.0007920      0.0543313
     12.2720808      0.0020991      0.0513752
     12.3021160      0.0033600      0.0480079
     12.3321512      0.0042521      0.0435524
     12.3621864      0.0045421      0.0375532
     12.3922216      0.0041403      0.0298923
     12.4222568      0.0031215      0.0208316
     12.4522920      0.0017064      0.0109691
     12.4823272      0.0002101      0.0011181
     12.5123624     -0.0010322     -0.0078657
     12.5423976     -0.0017439     -0.0152708
     12.5724328     -0.0017719     -0.0206876
     12.6024680     -0.0011228     -0.0241021
     12.6325032      0.0000385     -0.0259027
     12.6625384      0.0014270     -0.0267968
     12.6925736      0.0027046     -0.0276551
     12.7226088      0.0035591     -0.0293184
     12.7526440      0.0037777     -0.0324077
     12.7826792      0.0032970     -0.0371832
     12.8127144      0.0022192     -0.0434831
     12.8427496      0.0007884     -0.0507575
     12.8727848     -0.0006657     -0.0581909
     12.9028200     -0.0018039     -0.0648861
     12.9328552     -0.0023565     -0.0700688
     12.9628904     -0.0021863     -0.0732663
     12.9929256     -0.0013206     -0.0744183
     13.0229608      0.0000551     -0.0738943
     13.0529960      0.0016398     -0.0724122
     13.0830312      0.0030870     -0.0708748
     13.1130664      0.0040852     -0.0701621
     13.1431016      0.0044299     -0.0709249
     13.1731368      0.0040711     -0.0734292
     13.2031720      0.0031239     -0.0774883
     13.2332072      0.0018412     -0.0824986
     13.2632424      0.0005537     -0.0875755
     13.2932776     -0.0004087     -0.0917569
     13.3233128     -0.0007942     -0.0942307
     13.3533480     -0.0004891     -0.0945320
     13.3833832      0.0004554     -0.0926635
     13.4134184      0.0018352     -0.0891087
     13.4434536      0.0033413     -0.0847306
     13.4734888      0.0046331     -0.0805780
     13.5035240      0.0054193     -0.0776391
     13.5335592      0.0055278     -0.0766008
     13.5635944      0.0049470     -0.0776686
     13.5936296      0.0038301     -0.0804929
     13.6236648      0.0024601     -0.0842230
     13.6537000      0.0011834     -0.0876810
     13.6837353      0.0003284     -0.0896213
     13.7137705      0.0001276     -0.0890190
     13.7438057      0.0006611     -0.0853220
     13.7738409      0.0018365     -0.0786070
     13.8038761      0.0034084     -0.0695991
     13.8339113      0.0050349     -0.0595458
     13.8639465      0.0063565     -0.0499650
     13.8939817      0.0070799     -0.0423218
     13.9240169      0.0070475     -0.0377014
     13.9540521      0.0062742     -0.0365545
     13.9840873      0.0049453     -0.0385735
     14.0141225      0.0033733     -0.0427358
     14.0441577      0.0019251     -0.0475080
     14.0741929      0.0009361     -0.0511749
     14.1042281      0.0006311     -0.0522222
     14.1342633      0.0010715     -0.0496896
     14.1642985      0.0021406     -0.0434122
     14.1943337      0.0035708     -0.0340929
     14.2243689      0.0050074     -0.0231791
     14.2544041      0.0060927     -0.0125650
     14.2844393      0.0065517     -0.0041783
     14.3144745      0.0062583      0.0004606
     14.3445097      0.0052665      0.0006079
     14.3745449      0.0037988     -0.0034938
     14.4045801      0.0021940     -0.0106199
     14.4346153      0.0008274     -0.0187953
     14.4646505      0.0000204     -0.0257108
     14.4946857     -0.0000365     -0.0292425
     14.5247209      0.0006692     -0.0279609
     14.5547561      0.0019667     -0.0215151
     14.5847913      0.0035416     -0.0107940
     14.6148265      0.0050090      0.0021851
     14.6448617      0.0060051      0.0146572
     14.6748969      0.0062743      0.0236941
     14.7049321      0.0057311      0.0268772
     14.7349673      0.0044821      0.0229175
     14.7650025      0.0028020      0.0120777
     14.7950377      0.0010697     -0.0037117
     14.8250729     -0.0003209     -0.0210993
     14.8551081     -0.0010548     -0.0359037
     14.8851433     -0.0009697     -0.0439591
     14.9151785     -0.0000949     -0.0420640
     14.9452137      0.0013564     -0.0288506
     14.9752489      0.0030371     -0.0053927
     15.0052841      0.0045474      0.0245908
     15.0353193      0.0055245      0.0550131
     15.0653545      0.0057190      0.0781653
     15.0953897      0.0050366      0.0858304
     15.1254249      0.0035345      0.0705903
     15.1554601      0.0013729      0.0271065
     15.1854953     -0.0012667     -0.0468523
     15.2155305     -0.0042717     -0.1498241
     15.2455657     -0.0076718     -0.2766282
     15.2756009     -0.0116713     -0.4189236
