 Results from RMCProfile version 6.7.9.5

 (Version 6f format configuration file)                                          

 2 experiments   3 partials

 Partial g(r)'s are printed out below

   245  3 are NR and NPAR

   r (Ang)
   0.06545     0.00000     0.00000     0.00000
   0.13090     0.00000     0.00000     0.00000
   0.19635     0.00000     0.00000     0.00000
   0.26180     0.00000     0.00000     0.00000
   0.32725     0.00000     0.00000     0.00000
   0.39271     0.00000     0.00000     0.00000
   0.45816     0.00000     0.00000     0.00000
   0.52361     0.00000     0.00000     0.00000
   0.58906     0.00000     0.00000     0.00000
   0.65451     0.00000     0.00000     0.00000
   0.71996     0.00000     0.00000     0.00000
   0.78541     0.00000     0.00000     0.00000
   0.85086     0.00000     0.00000     0.00000
   0.91631     0.00000     0.00000     0.00000
   0.98176     0.00000     0.00000     0.00000
   1.04721     0.00000     0.00000     0.00000
   1.11267     0.00000     0.00000     0.00000
   1.17812     0.00000     0.00000     0.00000
   1.24357     0.00000     0.00000     0.00000
   1.30902     0.00000     0.02416     0.00000
   1.37447     0.00000     1.59999     0.08780
   1.43992     0.00000     2.91574     1.37996
   1.50537     0.00000     2.02822     0.89662
   1.57082     0.00000     2.11447     1.32764
   1.63627     0.00000     2.83028     1.30100
   1.70172     0.00000     4.71878     1.68974
   1.76718     0.00000     4.04426     1.51379
   1.83263     0.00000     2.88516     1.18535
   1.89808     0.00000     2.26435     0.96689
   1.96353     0.00000     1.92259     0.93578
   2.02898     0.00000     1.78044     0.72528
   2.09443     0.00000     0.87794     0.41596
   2.15988     0.00000     0.36395     0.21335
   2.22533     0.00000     0.10871     0.15074
   2.29078     0.00000     0.06313     0.11064
   2.35623     0.00000     0.03730     0.08217
   2.42168     0.00000     0.04237     0.10607
   2.48714     0.00000     0.13389     0.40895
   2.55259     0.00000     0.34321     0.64921
   2.61804     0.00000     0.48939     1.24036
   2.68349     0.00000     0.77060     1.14028
   2.74894     0.00000     0.95356     1.25128
   2.81439     0.00000     0.93064     1.36130
   2.87984     0.33906     0.98369     1.28013
   2.94529     2.97466     1.11709     1.33860
   3.01074     2.00731     0.96398     1.22156
   3.07619     1.55573     0.80523     1.17890
   3.14164     1.57538     0.83497     1.08407
   3.20710     1.55998     0.79721     1.20559
   3.27255     1.69900     0.78885     1.08815
   3.33800     1.72210     0.81768     1.03101
   3.40345     1.07102     0.73291     0.90581
   3.46890     1.09972     0.69863     0.84783
   3.53435     1.08585     0.75588     0.82336
   3.59980     1.00843     0.71586     0.72648
   3.66525     0.97274     0.72443     0.73473
   3.73070     1.04587     0.80338     0.84922
   3.79615     1.12490     0.80465     0.82307
   3.86161     0.90961     0.88314     0.85937
   3.92706     0.91172     0.87543     0.78525
   3.99251     0.85094     0.91711     0.95745
   4.05796     1.13512     0.98082     0.88400
   4.12341     1.07018     1.12530     0.98056
   4.18886     1.10299     1.16594     1.08251
   4.25431     1.18813     1.21042     1.03113
   4.31976     1.01943     1.18956     0.96456
   4.38521     1.11826     1.22107     1.07832
   4.45066     1.04385     1.24396     1.09081
   4.51611     1.08681     1.27111     1.10619
   4.58157     1.07174     1.26071     1.02739
   4.64702     0.95751     1.23120     1.08124
   4.71247     0.96089     1.16740     1.03834
   4.77792     0.97097     1.04493     0.98829
   4.84337     0.91670     1.05748     1.00419
   4.90882     1.18074     1.10509     1.07397
   4.97427     1.16993     1.07453     1.03249
   5.03972     0.93784     1.07941     1.06626
   5.10517     1.13609     1.02172     1.11866
   5.17062     1.03945     1.03474     1.08431
   5.23607     0.91106     1.06191     1.15570
   5.30153     1.13001     1.16699     1.08160
   5.36698     1.04519     1.12863     1.10289
   5.43243     1.08181     1.14791     1.19031
   5.49788     0.89750     1.09334     1.06335
   5.56333     0.92995     1.05974     1.18319
   5.62878     0.92412     1.05484     1.08384
   5.69423     1.00503     1.05117     1.06802
   5.75968     1.18676     1.05113     1.05014
   5.82513     1.02374     1.01788     1.08167
   5.89058     1.00112     1.00732     1.03386
   5.95604     0.91395     0.95612     0.96217
   6.02149     1.10406     0.97657     1.03401
   6.08694     0.93311     0.98921     0.95257
   6.15239     1.05320     1.01095     1.04198
   6.21784     1.11672     0.95121     1.01586
   6.28329     1.03492     0.98500     0.99061
   6.34874     0.97265     0.87746     1.03306
   6.41419     0.85640     0.98849     0.98083
   6.47964     1.15832     0.97257     1.00359
   6.54509     0.97309     0.98608     1.02912
   6.61054     1.04098     0.93538     0.98227
   6.67600     0.97984     0.96266     1.03290
   6.74145     1.03370     0.98051     0.99286
   6.80690     0.98179     0.95102     0.93447
   6.87235     0.94216     1.00314     0.99667
   6.93780     1.01039     0.98516     0.96589
   7.00325     0.92751     0.99976     1.01811
   7.06870     1.07925     0.98879     1.02009
   7.13415     0.97504     0.94795     0.98516
   7.19960     0.96377     0.96675     0.97453
   7.26505     0.96529     0.98158     0.98377
   7.33050     1.01893     1.01962     1.00332
   7.39596     0.93747     1.02588     0.99474
   7.46141     1.11423     0.98936     0.99227
   7.52686     0.88179     1.02413     0.97582
   7.59231     0.93552     1.00080     0.99576
   7.65776     1.03808     1.00849     0.98305
   7.72321     0.99837     1.02965     1.00888
   7.78866     0.98166     1.00423     1.03848
   7.85411     1.00023     1.02650     1.00780
   7.91956     1.01014     0.98583     0.98526
   7.98501     0.99624     1.02754     1.03032
   8.05046     0.95458     1.00835     1.00531
   8.11592     0.96185     0.99404     1.03701
   8.18137     1.03055     1.00728     0.96411
   8.24682     1.01912     1.04859     1.00679
   8.31227     1.01750     1.01656     1.01681
   8.37772     0.98281     0.97949     0.98326
   8.44317     0.98619     0.99167     1.00647
   8.50862     0.98936     1.01881     1.03000
   8.57407     1.03957     0.99599     0.98500
   8.63952     1.04825     1.03477     1.01236
   8.70497     0.96269     1.01763     1.01143
   8.77043     0.99569     1.00411     0.98506
   8.83588     1.07422     0.99195     0.98965
   8.90133     0.95410     1.01766     1.04319
   8.96678     1.01017     1.02604     0.99759
   9.03223     1.11116     0.99599     0.98826
   9.09768     0.97132     1.02774     1.02270
   9.16313     0.99689     1.00424     0.98839
   9.22858     0.96532     1.02554     1.00899
   9.29403     1.03412     1.00443     1.01739
   9.35948     0.99705     0.99233     1.01268
   9.42493     1.03166     1.01915     0.99213
   9.49039     1.09646     0.98307     1.00520
   9.55584     1.01809     1.00140     0.99829
   9.62129     1.00607     0.99990     1.04076
   9.68674     0.97136     0.97099     0.99978
   9.75219     0.98446     1.00982     1.03917
   9.81764     1.00055     1.00198     1.03096
   9.88309     1.05678     0.95738     0.97319
   9.94854     1.06465     1.03897     0.97886
  10.01399     1.07387     0.97918     1.01987
  10.07944     1.01764     0.98118     1.00014
  10.14489     0.93704     0.98144     1.01589
  10.21035     1.00440     0.99154     1.00847
  10.27580     1.01672     1.03190     1.00666
  10.34125     1.04410     1.01888     1.02538
  10.40670     0.88591     0.97971     0.99107
  10.47215     1.02420     1.00829     0.99612
  10.53760     0.98619     0.98872     1.00134
  10.60305     1.01378     1.01633     0.98865
  10.66850     0.95632     1.01918     1.02064
  10.73395     0.94470     1.00643     0.98628
  10.79940     0.99569     1.02623     0.98716
  10.86486     0.91086     1.00162     0.98971
  10.93031     1.03844     1.03196     0.95949
  10.99576     0.97413     0.99641     0.97863
  11.06121     1.04240     1.00632     0.99081
  11.12666     0.95669     1.01392     0.98890
  11.19211     0.99175     1.01697     0.99922
  11.25756     1.01810     0.98786     0.99877
  11.32301     0.95476     0.98035     1.00925
  11.38846     0.94892     0.99179     0.98777
  11.45391     1.00745     1.04425     1.02551
  11.51936     0.99105     0.99028     0.96763
  11.58482     1.00084     0.99085     1.01915
  11.65027     1.04934     0.98799     0.99551
  11.71572     0.93883     0.99297     1.01343
  11.78117     0.96537     0.98973     1.00011
  11.84662     0.99481     1.00804     1.02159
  11.91207     1.01072     1.00370     0.98877
  11.97752     0.99509     0.99363     0.99389
  12.04297     1.04019     0.99257     1.01200
  12.10842     1.01657     0.97593     1.01071
  12.17387     1.01348     0.96435     0.99371
  12.23932     1.05788     0.97701     1.00831
  12.30478     1.01934     1.01642     0.97268
  12.37023     1.05074     1.01544     0.99846
  12.43568     1.02367     0.99032     0.97404
  12.50113     1.00133     0.95215     1.00181
  12.56658     0.99512     0.99445     1.03053
  12.63203     1.00038     0.98962     1.01001
  12.69748     1.03524     0.98458     1.00451
  12.76293     0.96372     1.01595     0.99856
  12.82838     0.99010     0.99101     1.00100
  12.89383     0.95022     1.02382     0.98912
  12.95928     0.97512     0.98959     0.99446
  13.02474     0.94194     1.00261     1.01163
  13.09019     1.05708     1.00832     0.98580
  13.15564     0.97299     0.99257     1.01891
  13.22109     0.99745     0.98727     0.98773
  13.28654     1.01108     1.00713     0.98437
  13.35199     1.00397     1.01145     0.99056
  13.41744     0.99696     0.99769     0.97401
  13.48289     0.97183     1.00284     0.99697
  13.54834     1.01654     0.98505     1.00612
  13.61379     1.01482     1.01001     0.98729
  13.67925     1.01397     1.00878     1.00069
  13.74470     0.97369     0.97728     1.00172
  13.81015     0.94800     1.02493     0.98138
  13.87560     1.01125     0.97032     0.98571
  13.94105     1.03242     1.01600     1.00059
  14.00650     1.03207     0.98816     1.01917
  14.07195     0.98657     0.98861     0.99295
  14.13740     0.99649     1.00330     0.99602
  14.20285     0.97995     1.00065     0.95870
  14.26830     0.99373     0.99068     1.00676
  14.33375     0.99997     1.01309     0.99395
  14.39921     0.99808     1.00910     1.01014
  14.46466     1.00567     0.98870     0.98814
  14.53011     0.96999     1.00493     1.00793
  14.59556     0.95899     0.99729     0.97828
  14.66101     0.98046     0.97723     1.01471
  14.72646     0.97405     1.00886     1.02407
  14.79191     1.05995     0.99579     1.00650
  14.85736     1.01541     0.98985     0.97360
  14.92281     1.00875     0.99271     1.02393
  14.98826     0.92338     0.99420     0.96996
  15.05371     1.03216     0.99672     0.99193
  15.11917     1.04930     1.01909     0.98191
  15.18462     1.00583     0.98554     0.98497
  15.25007     0.99935     1.02518     1.01220
  15.31552     1.00917     0.99666     0.99243
  15.38097     0.98731     0.98627     0.95525
  15.44642     0.98728     0.98435     1.00002
  15.51187     0.98378     1.01152     1.00538
  15.57732     1.00757     1.01004     1.03216
  15.64277     1.01470     1.00803     1.02151
  15.70822     0.99956     0.98639     0.97520
  15.77368     0.93544     0.95875     0.97512
  15.83913     0.98311     0.99211     1.00841
  15.90458     1.03912     1.02997     1.03751
  15.97003     1.05592     1.04736     1.03731
  16.03548     0.86526     0.93349     0.92983

 Partial S(Q)'s are printed out below

   494  3 are NQ and NPAR

      Q          S(Q)_1      S(Q)_2      S(Q)_3
  0.4682470    -2.9676272     0.0926094    -1.2874026
  0.4982822    -3.0906804    -0.0638264    -1.4809330
  0.5283174    -3.1452671    -0.1732640    -1.6126067
  0.5583526    -3.1399624    -0.2357041    -1.6814485
  0.5883878    -3.0912947    -0.2568023    -1.6941673
  0.6184230    -3.0196638    -0.2462136    -1.6631890
  0.6484582    -2.9450772    -0.2155636    -1.6040674
  0.6784934    -2.8834979    -0.1764128    -1.5327307
  0.7085286    -2.8444122    -0.1385405    -1.4630100
  0.7385638    -2.8299400    -0.1087790    -1.4048063
  0.7685990    -2.8354901    -0.0905102    -1.3631190
  0.7986342    -2.8516640    -0.0838051    -1.3379936
  0.8286694    -2.8668953    -0.0860790    -1.3252927
  0.8587046    -2.8702181    -0.0930607    -1.3180681
  0.8887398    -2.8535818    -0.0998500    -1.3082322
  0.9187750    -2.8132824    -0.1018559    -1.2882132
  0.9488102    -2.7502913    -0.0954653    -1.2523124
  0.9788454    -2.6695177    -0.0783724    -1.1975661
  1.0088806    -2.5782557    -0.0495792    -1.1240218
  1.0389158    -2.4842216    -0.0091451    -1.0344508
  1.0689510    -2.3936444     0.0421916    -0.9336165
  1.0989862    -2.3098261     0.1033937    -0.8272834
  1.1290214    -2.2324611     0.1733970    -0.7211762
  1.1590566    -2.1578220     0.2512142    -0.6200848
  1.1890918    -2.0797271     0.3358617    -0.5272629
  1.2191270    -1.9910417     0.4261554    -0.4441943
  1.2491622    -1.8853663     0.5204572    -0.3707283
  1.2791974    -1.7585438     0.6164667    -0.3055145
  1.3092326    -1.6096763     0.7111415    -0.2466176
  1.3392678    -1.4414630     0.8007977    -0.1921735
  1.3693030    -1.2598207     0.8813943    -0.1409521
  1.3993382    -1.0729033     0.9489601    -0.0927232
  1.4293734    -0.8897473     1.0000830    -0.0483691
  1.4594086    -0.7188347     1.0323624    -0.0097410
  1.4894438    -0.5668591     1.0447279     0.0206978
  1.5194790    -0.4379108     1.0375537     0.0403592
  1.5495142    -0.3331968     1.0125368     0.0470524
  1.5795494    -0.2512861     0.9723584     0.0394418
  1.6095846    -0.1887614     0.9201894     0.0173658
  1.6396198    -0.1410881     0.8591360    -0.0180335
  1.6696550    -0.1034874     0.7917321    -0.0643779
  1.6996902    -0.0716272     0.7195756    -0.1182980
  1.7297254    -0.0420139     0.6431789    -0.1758047
  1.7597606    -0.0120598     0.5620570    -0.2327235
  1.7897958     0.0201132     0.4750343    -0.2851251
  1.8198311     0.0560047     0.3807049    -0.3296932
  1.8498663     0.0970500     0.2779555    -0.3639885
  1.8799015     0.1447775     0.1664464    -0.3865870
  1.9099367     0.2007276     0.0469604    -0.3970926
  1.9399719     0.2661278    -0.0784482    -0.3960417
  1.9700071     0.3413984    -0.2065307    -0.3847265
  2.0000423     0.4256267    -0.3331320    -0.3649717
  2.0300775     0.5161729    -0.4536386    -0.3388957
  2.0601127     0.6085597    -0.5635080    -0.3086847
  2.0901479     0.6967377    -0.6587924    -0.2763966
  2.1201831     0.7737416    -0.7365753    -0.2438083
  2.1502183     0.8326523    -0.7952599    -0.2123088
  2.1802535     0.8677056    -0.8346771    -0.1828385
  2.2102887     0.8753367    -0.8560136    -0.1558728
  2.2403239     0.8549441    -0.8615866    -0.1314439
  2.2703591     0.8092008    -0.8545140    -0.1091990
  2.3003943     0.7438203    -0.8383355    -0.0884903
  2.3304295     0.6667914    -0.8166399    -0.0684904
  2.3604647     0.5871988    -0.7927414    -0.0483267
  2.3904999     0.5138332    -0.7694329    -0.0272250
  2.4205351     0.4538384    -0.7488259    -0.0046472
  2.4505703     0.4116416    -0.7322739     0.0195904
  2.4806055     0.3883555    -0.7203673     0.0452347
  2.5106407     0.3817583    -0.7129826     0.0715640
  2.5406759     0.3868401    -0.7093735     0.0974149
  2.5707111     0.3968033    -0.7082935     0.1212717
  2.6007463     0.4043207    -0.7081454     0.1414122
  2.6307815     0.4028116    -0.7071546     0.1560957
  2.6608167     0.3875056    -0.7035621     0.1637722
  2.6908519     0.3561140    -0.6958279     0.1632869
  2.7208871     0.3090123    -0.6828288     0.1540503
  2.7509223     0.2489391    -0.6640267     0.1361518
  2.7809575     0.1803078    -0.6395829     0.1103941
  2.8109927     0.1082963    -0.6103909     0.0782429
  2.8410279     0.0379096    -0.5780135     0.0416919
  2.8710631    -0.0268003    -0.5445170     0.0030587
  2.9010983    -0.0832248    -0.5122194    -0.0352640
  2.9311335    -0.1303368    -0.4833801    -0.0710696
  2.9611687    -0.1684987    -0.4598765    -0.1025757
  2.9912039    -0.1990267    -0.4429189    -0.1286068
  3.0212391    -0.2236488    -0.4328514    -0.1486956
  3.0512743    -0.2439961    -0.4290767    -0.1630892
  3.0813095    -0.2612494    -0.4301230    -0.1726581
  3.1113447    -0.2760072    -0.4338463    -0.1787249
  3.1413799    -0.2883818    -0.4377387    -0.1828359
  3.1714151    -0.2982642    -0.4392937    -0.1865129
  3.2014503    -0.3056589    -0.4363690    -0.1910230
  3.2314855    -0.3109733    -0.4274870    -0.1972004
  3.2615207    -0.3151582    -0.4120243    -0.2053487
  3.2915559    -0.3196434    -0.3902615    -0.2152345
  3.3215911    -0.3260648    -0.3632901    -0.2261711
  3.3516263    -0.3358434    -0.3327969    -0.2371737
  3.3816615    -0.3497190    -0.3007691    -0.2471563
  3.4116967    -0.3673652    -0.2691743    -0.2551321
  3.4417319    -0.3872001    -0.2396706    -0.2603823
  3.4717671    -0.4064692    -0.2133953    -0.2625602
  3.5018023    -0.4216139    -0.1908620    -0.2617162
  3.5318375    -0.4288747    -0.1719722    -0.2582389
  3.5618727    -0.4250150    -0.1561296    -0.2527292
  3.5919079    -0.4080167    -0.1424225    -0.2458350
  3.6219431    -0.3775943    -0.1298326    -0.2380843
  3.6519783    -0.3354033    -0.1174268    -0.2297513
  3.6820135    -0.2848770    -0.1044958    -0.2207895
  3.7120487    -0.2307033    -0.0906179    -0.2108446
  3.7420839    -0.1780297    -0.0756459    -0.1993500
  3.7721191    -0.1315447    -0.0596307    -0.1856832
  3.8021543    -0.0946169    -0.0427082    -0.1693512
  3.8321895    -0.0686679    -0.0249821    -0.1501640
  3.8622247    -0.0529098    -0.0064345    -0.1283545
  3.8922599    -0.0445123     0.0131153    -0.1046132
  3.9222951    -0.0391729     0.0339935    -0.0800234
  3.9523303    -0.0319856     0.0566030    -0.0559021
  3.9823655    -0.0184389     0.0813210    -0.0335728
  4.0124007     0.0046520     0.1083893    -0.0141129
  4.0424359     0.0384674     0.1378243     0.0018735
  4.0724711     0.0818930     0.1693696     0.0144088
  4.1025063     0.1316808     0.2025015     0.0241837
  4.1325415     0.1830288     0.2364879     0.0324718
  4.1625767     0.2304701     0.2704867     0.0409256
  4.1926119     0.2688945     0.3036619     0.0512859
  4.2226471     0.2945059     0.3352921     0.0650567
  4.2526823     0.3055276     0.3648489     0.0832073
  4.2827175     0.3025212     0.3920301     0.1059589
  4.3127527     0.2882605     0.4167424     0.1327010
  4.3427879     0.2671885     0.4390437     0.1620582
  4.3728231     0.2445680     0.4590596     0.1920991
  4.4028583     0.2254919     0.4768977     0.2206522
  4.4328935     0.2139441     0.4925818     0.2456719
  4.4629287     0.2120891     0.5060208     0.2655854
  4.4929639     0.2199171     0.5170208     0.2795567
  4.5229991     0.2353037     0.5253353     0.2876152
  4.5530343     0.2544603     0.5307378     0.2906256
  4.5830695     0.2726771     0.5330992     0.2901034
  4.6131047     0.2852112     0.5324443     0.2879119
  4.6431399     0.2881490     0.5289729     0.2858982
  4.6731751     0.2790838     0.5230342     0.2855390
  4.7032103     0.2574939     0.5150583     0.2876632
  4.7332455     0.2247669     0.5054583     0.2923031
  4.7632807     0.1838852     0.4945248     0.2987016
  4.7933159     0.1388517     0.4823383     0.3054700
  4.8233511     0.0939758     0.4687237     0.3108630
  4.8533863     0.0531597     0.4532613     0.3131143
  4.8834215     0.0193126     0.4353587     0.3107660
  4.9134567    -0.0060115     0.4143724     0.3029281
  4.9434919    -0.0227097     0.3897584     0.2894187
  4.9735271    -0.0319676     0.3612219     0.2707638
  5.0035623    -0.0358976     0.3288347     0.2480631
  5.0335975    -0.0370654     0.2930943     0.2227546
  5.0636327    -0.0380061     0.2549082     0.1963332
  5.0936679    -0.0408194     0.2155029     0.1700838
  5.1237031    -0.0469084     0.1762707     0.1448836
  5.1537383    -0.0568868     0.1385810     0.1211137
  5.1837735    -0.0706432     0.1035897     0.0986911
  5.2138087    -0.0875213     0.0720819     0.0772077
  5.2438439    -0.1065536     0.0443780     0.0561383
  5.2738791    -0.1266880     0.0203193     0.0350632
  5.3039143    -0.1469569    -0.0006635     0.0138527
  5.3339495    -0.1665608    -0.0194125    -0.0072352
  5.3639847    -0.1848675    -0.0368626    -0.0275659
  5.3940199    -0.2013481    -0.0538525    -0.0462477
  5.4240551    -0.2154882    -0.0709638    -0.0623337
  5.4540903    -0.2267182    -0.0884156    -0.0750567
  5.4841255    -0.2343928    -0.1060349    -0.0840414
  5.5141607    -0.2378408    -0.1233047    -0.0894411
  5.5441959    -0.2364761    -0.1394793    -0.0919610
  5.5742311    -0.2299472    -0.1537423    -0.0927554
  5.6042663    -0.2182859    -0.1653760    -0.0932163
  5.6343015    -0.2020111    -0.1739087    -0.0946925
  5.6643367    -0.1821526    -0.1792135    -0.0982015
  5.6943719    -0.1601756    -0.1815407    -0.1041942
  5.7244071    -0.1378080    -0.1814803    -0.1124304
  5.7544423    -0.1167958    -0.1798626    -0.1219946
  5.7844775    -0.0986294    -0.1776207    -0.1314591
  5.8145127    -0.0842932    -0.1756387    -0.1391629
  5.8445479    -0.0740878    -0.1746171    -0.1435561
  5.8745831    -0.0675639    -0.1749774    -0.1435373
  5.9046183    -0.0635841    -0.1768223    -0.1387152
  5.9346535    -0.0605053    -0.1799548    -0.1295368
  5.9646887    -0.0564533    -0.1839487    -0.1172503
  5.9947239    -0.0496403    -0.1882536    -0.1037057
  6.0247591    -0.0386712    -0.1923122    -0.0910291
  6.0547943    -0.0227850    -0.1956652    -0.0812311
  6.0848295    -0.0019925    -0.1980271    -0.0758287
  6.1148647     0.0229138    -0.1993178    -0.0755536
  6.1448999     0.0504736    -0.1996493    -0.0802089
  6.1749351     0.0787755    -0.1992734    -0.0887019
  6.2049703     0.1057370    -0.1985043    -0.0992495
  6.2350055     0.1294013    -0.1976344    -0.1097159
  6.2650407     0.1482029    -0.1968609    -0.1180164
  6.2950759     0.1611633    -0.1962392    -0.1225083
  6.3251111     0.1679914    -0.1956701    -0.1222911
  6.3551463     0.1690809    -0.1949233    -0.1173583
  6.3851815     0.1654104    -0.1936884    -0.1085719
  6.4152167     0.1583708    -0.1916432    -0.0974675
  6.4452519     0.1495470    -0.1885227    -0.0859310
  6.4752871     0.1404895    -0.1841744    -0.0758125
  6.5053223     0.1325069    -0.1785888    -0.0685580
  6.5353575     0.1265045    -0.1718981    -0.0649299
  6.5653927     0.1228871    -0.1643453    -0.0648729
  6.5954279     0.1215338    -0.1562303    -0.0675485
  6.6254631     0.1218434    -0.1478439    -0.0715277
  6.6554983     0.1228425    -0.1394057    -0.0750999
  6.6855335     0.1233399    -0.1310162    -0.0766326
  6.7155687     0.1221081    -0.1226364    -0.0749068
  6.7456039     0.1180701    -0.1140973    -0.0693614
  6.7756391     0.1104663    -0.1051384    -0.0601968
  6.8056743     0.0989820    -0.0954689    -0.0483206
  6.8357095     0.0838156    -0.0848392    -0.0351497
  6.8657447     0.0656754    -0.0731081    -0.0223113
  6.8957799     0.0457028    -0.0602948    -0.0113079
  6.9258151     0.0253264    -0.0466012    -0.0032146
  6.9558503     0.0060670    -0.0324035     0.0015293
  6.9858855    -0.0106824    -0.0182090     0.0031930
  7.0159207    -0.0238673    -0.0045880     0.0026801
  7.0459559    -0.0329385     0.0079094     0.0013252
  7.0759911    -0.0379451     0.0188381     0.0006049
  7.1060263    -0.0395331     0.0279272     0.0018258
  7.1360615    -0.0388441     0.0351232     0.0058513
  7.1660967    -0.0373260     0.0405981     0.0129240
  7.1961319    -0.0364841     0.0447197     0.0226156
  7.2261671    -0.0376132     0.0479891     0.0339138
  7.2562023    -0.0415587     0.0509543     0.0454225
  7.2862375    -0.0485507     0.0541160     0.0556349
  7.3162727    -0.0581452     0.0578402     0.0632214
  7.3463079    -0.0692879     0.0622931     0.0672754
  7.3763431    -0.0804925     0.0674112     0.0674694
  7.4063783    -0.0901065     0.0729106     0.0640954
  7.4364135    -0.0966155     0.0783358     0.0579852
  7.4664487    -0.0989318     0.0831397     0.0503329
  7.4964839    -0.0966116     0.0867806     0.0424592
  7.5265191    -0.0899580     0.0888201     0.0355672
  7.5565543    -0.0799874     0.0890039     0.0305384
  7.5865895    -0.0682629     0.0873107     0.0278066
  7.6166247    -0.0566227     0.0839612     0.0273291
  7.6466599    -0.0468541     0.0793831     0.0286551
  7.6766951    -0.0403738     0.0741408     0.0310674
  7.7067303    -0.0379737     0.0688396     0.0337646
  7.7367655    -0.0396824     0.0640244     0.0360411
  7.7668008    -0.0447670     0.0600890     0.0374267
  7.7968360    -0.0518756     0.0572159     0.0377588
  7.8268712    -0.0592931     0.0553554     0.0371776
  7.8569064    -0.0652596     0.0542499     0.0360498
  7.8869416    -0.0682916     0.0534976     0.0348443
  7.9169768    -0.0674448     0.0526446     0.0339915
  7.9470120    -0.0624694     0.0512864     0.0337597
  7.9770472    -0.0538313     0.0491590     0.0341781
  8.0070824    -0.0425994     0.0462021     0.0350212
  8.0371176    -0.0302238     0.0425801     0.0358588
  8.0671528    -0.0182523     0.0386563     0.0361559
  8.0971880    -0.0080417     0.0349251     0.0354012
  8.1272232    -0.0005203     0.0319137     0.0332325
  8.1572584     0.0039550     0.0300735     0.0295303
  8.1872936     0.0056238     0.0296821     0.0244601
  8.2173288     0.0052301     0.0307759     0.0184532
  8.2473640     0.0038395     0.0331282     0.0121300
  8.2773992     0.0026059     0.0362772     0.0061835
  8.3074344     0.0025389     0.0396014     0.0012478
  8.3374696     0.0043184     0.0424275    -0.0022218
  8.3675048     0.0081917     0.0441508    -0.0040316
  8.3975400     0.0139671     0.0443455    -0.0042794
  8.4275752     0.0211001     0.0428424    -0.0033271
  8.4576104     0.0288446     0.0397596    -0.0017234
  8.4876456     0.0364333     0.0354785    -0.0000930
  8.5176808     0.0432440     0.0305709     0.0009835
  8.5477160     0.0489172     0.0256896     0.0010765
  8.5777512     0.0534008     0.0214439    -0.0000202
  8.6077864     0.0569169     0.0182848    -0.0022628
  8.6378216     0.0598644     0.0164215    -0.0053784
  8.6678568     0.0626833     0.0157857    -0.0089271
  8.6978920     0.0657162     0.0160503    -0.0123898
  8.7279272     0.0691002     0.0166989    -0.0152629
  8.7579624     0.0727147     0.0171317    -0.0171426
  8.7879976     0.0761963     0.0167881    -0.0177838
  8.8180328     0.0790160     0.0152602    -0.0171258
  8.8480680     0.0805981     0.0123774    -0.0152846
  8.8781032     0.0804537     0.0082430    -0.0125178
  8.9081384     0.0782944     0.0032195    -0.0091720
  8.9381736     0.0741022    -0.0021368    -0.0056254
  8.9682088     0.0681378    -0.0071770    -0.0022366
  8.9982440     0.0608882    -0.0112771     0.0006942
  9.0282792     0.0529649    -0.0139492     0.0029463
  9.0583144     0.0449792    -0.0149255     0.0043855
  9.0883496     0.0374216    -0.0141995     0.0049595
  9.1183848     0.0305752    -0.0120196     0.0046881
  9.1484200     0.0244805    -0.0088360     0.0036531
  9.1784552     0.0189581    -0.0052150     0.0019899
  9.2084904     0.0136832    -0.0017370    -0.0001185
  9.2385256     0.0082910     0.0011009    -0.0024469
  9.2685608     0.0024870     0.0029603    -0.0047380
  9.2985960    -0.0038650     0.0037022    -0.0067188
  9.3286312    -0.0106974     0.0033868    -0.0081253
  9.3586664    -0.0177489     0.0022379    -0.0087345
  9.3887016    -0.0246240     0.0005800    -0.0083980
  9.4187368    -0.0308888    -0.0012366    -0.0070718
  9.4487720    -0.0361781    -0.0029055    -0.0048337
  9.4788072    -0.0402870    -0.0042171    -0.0018825
  9.5088424    -0.0432242    -0.0050846     0.0014835
  9.5388776    -0.0452121    -0.0055400     0.0049089
  9.5689128    -0.0466337    -0.0057074     0.0080363
  9.5989480    -0.0479380    -0.0057580     0.0105666
  9.6289832    -0.0495260    -0.0058629     0.0123112
  9.6590184    -0.0516445    -0.0061524     0.0132261
  9.6890536    -0.0543153    -0.0066913     0.0134197
  9.7190888    -0.0573157    -0.0074740     0.0131306
  9.7491240    -0.0602182    -0.0084385     0.0126801
  9.7791592    -0.0624820    -0.0094934     0.0124064
  9.8091944    -0.0635739    -0.0105490     0.0125951
  9.8392296    -0.0630937    -0.0115435     0.0134175
  9.8692648    -0.0608733    -0.0124581     0.0148923
  9.8993000    -0.0570258    -0.0133158     0.0168762
  9.9293352    -0.0519331    -0.0141658     0.0190871
  9.9593704    -0.0461715    -0.0150578     0.0211556
  9.9894056    -0.0403938    -0.0160151     0.0226930
 10.0194408    -0.0351911    -0.0170125     0.0233645
 10.0494760    -0.0309678    -0.0179692     0.0229511
 10.0795112    -0.0278571    -0.0187565     0.0213894
 10.1095464    -0.0256980    -0.0192233     0.0187812
 10.1395816    -0.0240786    -0.0192308     0.0153727
 10.1696168    -0.0224386    -0.0186904     0.0115086
 10.1996520    -0.0202059    -0.0175950     0.0075700
 10.2296872    -0.0169391    -0.0160340     0.0039112
 10.2597224    -0.0124410    -0.0141890     0.0008058
 10.2897576    -0.0068181    -0.0123072    -0.0015867
 10.3197928    -0.0004703    -0.0106595    -0.0032308
 10.3498280     0.0059876    -0.0094892    -0.0041996
 10.3798632     0.0118575    -0.0089636    -0.0046438
 10.4098984     0.0165126    -0.0091380    -0.0047503
 10.4399336     0.0195426    -0.0099417    -0.0047041
 10.4699688     0.0208553    -0.0111880    -0.0046600
 10.5000040     0.0207126    -0.0126074    -0.0047296
 10.5300392     0.0196888    -0.0138979    -0.0049843
 10.5600744     0.0185619    -0.0147812    -0.0054702
 10.5901096     0.0181560    -0.0150542    -0.0062270
 10.6201448     0.0191704    -0.0146240    -0.0073038
 10.6501800     0.0220298    -0.0135206    -0.0087634
 10.6802152     0.0267860    -0.0118845    -0.0106736
 10.7102504     0.0330946    -0.0099322    -0.0130843
 10.7402856     0.0402676    -0.0079085    -0.0159975
 10.7703208     0.0473943    -0.0060343    -0.0193376
 10.8003560     0.0535031    -0.0044638    -0.0229330
 10.8303912     0.0577330    -0.0032574    -0.0265155
 10.8604264     0.0594792    -0.0023774    -0.0297434
 10.8904616     0.0584870    -0.0017055    -0.0322461
 10.9204968     0.0548766    -0.0010782    -0.0336840
 10.9505320     0.0490998    -0.0003299    -0.0338130
 10.9805672     0.0418405     0.0006633    -0.0325395
 11.0106024     0.0338848     0.0019532    -0.0299530
 11.0406376     0.0259884     0.0035043    -0.0263282
 11.0706728     0.0187700     0.0052007    -0.0220926
 11.1007080     0.0126485     0.0068700    -0.0177640
 11.1307432     0.0078324     0.0083195    -0.0138679
 11.1607784     0.0043551     0.0093759    -0.0108498
 11.1908136     0.0021397     0.0099197    -0.0090006
 11.2208488     0.0010714     0.0099067    -0.0084077
 11.2508840     0.0010531     0.0093732    -0.0089433
 11.2809192     0.0020293     0.0084251    -0.0102923
 11.3109544     0.0039703     0.0072142    -0.0120140
 11.3409896     0.0068223     0.0059088    -0.0136265
 11.3710248     0.0104401     0.0046662    -0.0146956
 11.4010600     0.0145246     0.0036124    -0.0149131
 11.4310952     0.0185887     0.0028342    -0.0141467
 11.4611304     0.0219707     0.0023822    -0.0124550
 11.4911656     0.0239016     0.0022819    -0.0100635
 11.5212008     0.0236201     0.0025484    -0.0073099
 11.5512360     0.0205174     0.0031971    -0.0045689
 11.5812712     0.0142813     0.0042449    -0.0021750
 11.6113064     0.0050085     0.0057022    -0.0003572
 11.6413416    -0.0067438     0.0075541     0.0007994
 11.6713768    -0.0199860     0.0097376     0.0013602
 11.7014120    -0.0334053     0.0121226     0.0015139
 11.7314472    -0.0455443     0.0145030     0.0015206
 11.7614824    -0.0550179     0.0166063     0.0016470
 11.7915176    -0.0607328     0.0181225     0.0021026
 11.8215528    -0.0620676     0.0187509     0.0029919
 11.8515880    -0.0589798     0.0182577     0.0042920
 11.8816232    -0.0520186     0.0165316     0.0058593
 11.9116584    -0.0422399     0.0136274     0.0074630
 11.9416936    -0.0310388     0.0097826     0.0088372
 11.9717288    -0.0199282     0.0054028     0.0097397
 12.0017640    -0.0103061     0.0010119     0.0100044
 12.0317992    -0.0032510    -0.0028249     0.0095770
 12.0618344     0.0006194    -0.0055941     0.0085270
 12.0918696     0.0012031    -0.0069263     0.0070346
 12.1219048    -0.0011202    -0.0066694     0.0053575
 12.1519400    -0.0056008    -0.0049272     0.0037843
 12.1819752    -0.0112819    -0.0020544     0.0025861
 12.2120104    -0.0171775     0.0013940     0.0019752
 12.2420456    -0.0224328     0.0047511     0.0020779
 12.2720808    -0.0264367     0.0073501     0.0029243
 12.3021160    -0.0288717     0.0086389     0.0044554
 12.3321512    -0.0296991     0.0082766     0.0065407
 12.3621864    -0.0290928     0.0061934     0.0090025
 12.3922216    -0.0273422     0.0026041     0.0116379
 12.4222568    -0.0247545    -0.0020300     0.0142369
 12.4522920    -0.0215766    -0.0070812     0.0165924
 12.4823272    -0.0179574    -0.0118635     0.0185056
 12.5123624    -0.0139526    -0.0157480     0.0197900
 12.5423976    -0.0095676    -0.0182654     0.0202781
 12.5724328    -0.0048213    -0.0191755     0.0198352
 12.6024680     0.0001914    -0.0184947     0.0183808
 12.6325032     0.0052581    -0.0164767     0.0159143
 12.6625384     0.0100449    -0.0135537     0.0125405
 12.6925736     0.0141346    -0.0102516     0.0084850
 12.7226088     0.0171009    -0.0070954     0.0040929
 12.7526440     0.0186028    -0.0045252    -0.0001958
 12.7826792     0.0184765    -0.0028355    -0.0038950
 12.8127144     0.0168015    -0.0021478    -0.0065415
 12.8427496     0.0139216    -0.0024172    -0.0077731
 12.8727848     0.0104126    -0.0034675    -0.0074028
 12.9028200     0.0069984    -0.0050440    -0.0054722
 12.9328552     0.0044305    -0.0068702    -0.0022711
 12.9628904     0.0033535    -0.0086963     0.0016849
 12.9929256     0.0041854    -0.0103309     0.0057214
 13.0229608     0.0070356    -0.0116514     0.0091058
 13.0529960     0.0116804    -0.0125973     0.0111686
 13.0830312     0.0176010    -0.0131510     0.0114220
 13.1130664     0.0240761    -0.0133163     0.0096552
 13.1431016     0.0303125    -0.0131029     0.0059855
 13.1731368     0.0355853    -0.0125221     0.0008539
 13.2031720     0.0393614    -0.0115952    -0.0050361
 13.2332072     0.0413796    -0.0103704    -0.0108290
 13.2632424     0.0416745    -0.0089413    -0.0156564
 13.2932776     0.0405391    -0.0074574    -0.0187827
 13.3233128     0.0384382    -0.0061200    -0.0197277
 13.3533480     0.0358904    -0.0051582    -0.0183466
 13.3833832     0.0333462    -0.0047876    -0.0148508
 13.4134184     0.0310892    -0.0051588    -0.0097669
 13.4434536     0.0291801    -0.0063064    -0.0038423
 13.4734888     0.0274547    -0.0081140     0.0020848
 13.5035240     0.0255764    -0.0103051     0.0072258
 13.5335592     0.0231295    -0.0124683     0.0109672
 13.5635944     0.0197321    -0.0141171     0.0129578
 13.5936296     0.0151444    -0.0147744     0.0131451
 13.6236648     0.0093477    -0.0140690     0.0117557
 13.6537000     0.0025777    -0.0118225     0.0092281
 13.6837353    -0.0046966    -0.0081080     0.0061144
 13.7137705    -0.0118425    -0.0032646     0.0029716
 13.7438057    -0.0181702     0.0021396     0.0002646
 13.7738409    -0.0230528     0.0073921    -0.0016999
 13.8038761    -0.0260384     0.0117569    -0.0028015
 13.8339113    -0.0269310     0.0146071    -0.0030921
 13.8639465    -0.0258268     0.0155461    -0.0027496
 13.8939817    -0.0230993     0.0144895    -0.0020133
 13.9240169    -0.0193375     0.0116918    -0.0011183
 13.9540521    -0.0152497     0.0077091    -0.0002431
 13.9840873    -0.0115506     0.0033023     0.0005168
 14.0141225    -0.0088521    -0.0007014     0.0011481
 14.0441577    -0.0075757    -0.0035616     0.0016946
 14.0741929    -0.0078994    -0.0047639     0.0022185
 14.1042281    -0.0097451    -0.0041160     0.0027610
 14.1342633    -0.0128060    -0.0017816     0.0033148
 14.1642985    -0.0166053     0.0017555     0.0038172
 14.1943337    -0.0205761     0.0057902     0.0041656
 14.2243689    -0.0241480     0.0095381     0.0042510
 14.2544041    -0.0268280     0.0122908     0.0039997
 14.2844393    -0.0282648     0.0135556     0.0034085
 14.3144745    -0.0282907     0.0131484     0.0025637
 14.3445097    -0.0269359     0.0112231     0.0016335
 14.3745449    -0.0244171     0.0082319     0.0008343
 14.4045801    -0.0211025     0.0048261     0.0003765
 14.4346153    -0.0174581     0.0017180     0.0004034
 14.4646505    -0.0139817    -0.0004651     0.0009384
 14.4946857    -0.0111329    -0.0013053     0.0018569
 14.5247209    -0.0092664    -0.0006702     0.0028939
 14.5547561    -0.0085780     0.0012724     0.0036894
 14.5847913    -0.0090715     0.0041042     0.0038653
 14.6148265    -0.0105523     0.0072560     0.0031184
 14.6448617    -0.0126532     0.0101353     0.0013082
 14.6748969    -0.0148906     0.0122512    -0.0014822
 14.7049321    -0.0167455     0.0133109    -0.0049296
 14.7349673    -0.0177589     0.0132648    -0.0085082
 14.7650025    -0.0176248     0.0122949    -0.0115775
 14.7950377    -0.0162637     0.0107490    -0.0135056
 14.8250729    -0.0138578     0.0090400    -0.0138044
 14.8551081    -0.0108383     0.0075347    -0.0122462
 14.8851433    -0.0078168     0.0064614    -0.0089361
 14.9151785    -0.0054704     0.0058584    -0.0043194
 14.9452137    -0.0043955     0.0055766     0.0008820
 14.9752489    -0.0049568     0.0053361     0.0057951
 15.0052841    -0.0071625     0.0048237     0.0095615
 15.0353193    -0.0105960     0.0038050     0.0115100
 15.0653545    -0.0144253     0.0022243     0.0112993
 15.0953897    -0.0175002     0.0002631     0.0090012
 15.1254249    -0.0185296    -0.0016604     0.0051018
 15.1554601    -0.0163129    -0.0029557     0.0004179
 15.1854953    -0.0099878    -0.0029793    -0.0040572
 15.2155305     0.0007532    -0.0011839    -0.0073500
 15.2455657     0.0155243     0.0027347    -0.0087044
 15.2756009     0.0332189     0.0087271    -0.0077409

PDF 1 in D(r) format
  r, PDF (RMC), PDF (Expt)
 CURVES
         245 ,           2
      0.0654509       -0.0517669       -0.0518487
      0.1309019       -0.1035338       -0.1036974
      0.1963528       -0.1553008       -0.1555461
      0.2618037       -0.2070677       -0.2073949
      0.3272547       -0.2588346       -0.2592436
      0.3927056       -0.3106015       -0.3110923
      0.4581565       -0.3623685       -0.3629410
      0.5236075       -0.4141354       -0.4147897
      0.5890584       -0.4659023       -0.4666384
      0.6545093       -0.5176692       -0.5184872
      0.7199603       -0.5694362       -0.5703359
      0.7854112       -0.6212031       -0.6221846
      0.8508621       -0.6729700       -0.6740333
      0.9163131       -0.7247369       -0.7258820
      0.9817640       -0.7765038       -0.7777307
      1.0472149       -0.8282708       -0.8295794
      1.1126659       -0.8800377       -0.8814282
      1.1781168       -0.9612736       -0.9332769
      1.2435677       -0.8687997       -0.8534496
      1.3090187       -0.6518353       -0.6131118
      1.3744696       -0.3075205       -0.2675095
      1.4399206        0.1408703        0.1694371
      1.5053715        0.6435445        0.6565243
      1.5708224        1.1291074        1.1273298
      1.6362734        1.5157450        1.5020358
      1.7017243        1.7280901        1.7065797
      1.7671752        1.7162003        1.6929626
      1.8326262        1.4703998        1.4532894
      1.8980771        1.0256640        1.0222271
      1.9635280        0.4527416        0.4671657
      2.0289790       -0.1610799       -0.1297703
      2.0944299       -0.7339334       -0.6909222
      2.1598808       -1.2055601       -1.1570597
      2.2253318       -1.5428207       -1.4928737
      2.2907827       -1.7354394       -1.6848480
      2.3562336       -1.7873798       -1.7351978
      2.4216846       -1.7099251       -1.6560100
      2.4871355       -1.5195235       -1.4660184
      2.5525864       -1.2392621       -1.1899441
      2.6180374       -0.9003372       -0.8585565
      2.6834883       -0.5404429       -0.5073901
      2.7489392       -0.1986556       -0.1732126
      2.8143902        0.0910694        0.1110648
      2.8798411        0.3049691        0.3213035
      2.9452920        0.4315128        0.4451695
      3.0107430        0.4706693        0.4824624
      3.0761939        0.4317086        0.4430559
      3.1416448        0.3306373        0.3435209
      3.2070958        0.1875610        0.2036099
      3.2725467        0.0238341        0.0433831
      3.3379976       -0.1408421       -0.1187926
      3.4034486       -0.2906767       -0.2675069
      3.4688995       -0.4146678       -0.3910444
      3.5343504       -0.5060460       -0.4817000
      3.5998014       -0.5610625       -0.5356468
      3.6652523       -0.5781321       -0.5523286
      3.7307032       -0.5577324       -0.5334799
      3.7961542       -0.5025716       -0.4820485
      3.8616051       -0.4172321       -0.4013945
      3.9270560       -0.3070923       -0.2950839
      3.9925070       -0.1772896       -0.1673695
      4.0579579       -0.0328172       -0.0241362
      4.1234088        0.1199190        0.1261923
      4.1888598        0.2711316        0.2723982
      4.2543107        0.4071220        0.4013251
      4.3197617        0.5124444        0.4999057
      4.3852126        0.5742914        0.5579204
      4.4506635        0.5869960        0.5706504
      4.5161145        0.5542576        0.5404934
      4.5815654        0.4879938        0.4768946
      4.6470163        0.4046506        0.3945010
      4.7124673        0.3209808        0.3100504
      4.7779182        0.2510157        0.2389058
      4.8433691        0.2046631        0.1921862
      4.9088201        0.1872428        0.1751535
      4.9742710        0.1991713        0.1870475
      5.0397219        0.2357676        0.2221259
      5.1051729        0.2878707        0.2714185
      5.1706238        0.3438099        0.3246760
      5.2360747        0.3923307        0.3721221
      5.3015257        0.4252004        0.4057974
      5.3669766        0.4382677        0.4204222
      5.4324275        0.4307807        0.4137823
      5.4978785        0.4039426        0.3866722
      5.5633294        0.3600156        0.3424457
      5.6287803        0.3025011        0.2862556
      5.6942313        0.2367311        0.2241078
      5.7596822        0.1696794        0.1618886
      5.8251331        0.1084263        0.1045309
      5.8905841        0.0579494        0.0554532
      5.9560350        0.0196765        0.0163396
      6.0214859       -0.0081813       -0.0127492
      6.0869369       -0.0287799       -0.0330101
      6.1523878       -0.0446268       -0.0463926
      6.2178387       -0.0567433       -0.0550755
      6.2832897       -0.0652942       -0.0610231
      6.3487406       -0.0707829       -0.0656874
      6.4141915       -0.0745847       -0.0698832
      6.4796425       -0.0783379       -0.0738326
      6.5450934       -0.0828194       -0.0773422
      6.6105443       -0.0874048       -0.0800461
      6.6759953       -0.0906627       -0.0816346
      6.7414462       -0.0915964       -0.0819946
      6.8068971       -0.0904597       -0.0812235
      6.8723481       -0.0884578       -0.0795316
      6.9377990       -0.0866273       -0.0770901
      7.0032500       -0.0848849       -0.0739047
      7.0687009       -0.0820482       -0.0697680
      7.1341518       -0.0767515       -0.0643088
      7.1996028       -0.0684277       -0.0571109
      7.2650537       -0.0575462       -0.0478599
      7.3305046       -0.0450243       -0.0364748
      7.3959556       -0.0314686       -0.0231996
      7.4614065       -0.0169785       -0.0086339
      7.5268574       -0.0016401        0.0063070
      7.5923084        0.0138512        0.0205123
      7.6577593        0.0281116        0.0328600
      7.7232102        0.0396588        0.0424277
      7.7886612        0.0476456        0.0486684
      7.8541121        0.0520890        0.0514967
      7.9195630        0.0534649        0.0512661
      7.9850140        0.0521755        0.0486557
      8.0504649        0.0484994        0.0445208
      8.1159158        0.0430877        0.0397538
      8.1813668        0.0374058        0.0351810
      8.2468177        0.0334478        0.0314893
      8.3122686        0.0327085        0.0291696
      8.3777196        0.0352056        0.0284731
      8.4431705        0.0394859        0.0293933
      8.5086214        0.0437813        0.0316932
      8.5740724        0.0474310        0.0349786
      8.6395233        0.0513230        0.0387958
      8.7049742        0.0568742        0.0427171
      8.7704252        0.0643564        0.0463866
      8.8358761        0.0720621        0.0495222
      8.9013270        0.0771872        0.0518944
      8.9667780        0.0778458        0.0533069
      9.0322289        0.0745675        0.0535976
      9.0976798        0.0699546        0.0526551
      9.1631308        0.0666804        0.0504400
      9.2285817        0.0654427        0.0469993
      9.2940326        0.0645703        0.0424687
      9.3594836        0.0616078        0.0370656
      9.4249345        0.0555180        0.0310740
      9.4903854        0.0476182        0.0248209
      9.5558364        0.0404699        0.0186461
      9.6212873        0.0357297        0.0128694
      9.6867382        0.0328709        0.0077661
      9.7521892        0.0298969        0.0035531
      9.8176401        0.0253841        0.0003809
      9.8830911        0.0199934       -0.0016802
      9.9485420        0.0160502       -0.0026672
     10.0139929        0.0155187       -0.0027579
     10.0794439        0.0181477       -0.0022864
     10.1448948        0.0214432       -0.0017177
     10.2103457        0.0225166       -0.0015722
     10.2757967        0.0202070       -0.0023167
     10.3412476        0.0156519       -0.0042560
     10.4066985        0.0108947       -0.0074601
     10.4721495        0.0068857       -0.0117477
     10.5376004        0.0027563       -0.0167238
     10.6030513       -0.0029711       -0.0218611
     10.6685023       -0.0104138       -0.0266021
     10.7339532       -0.0175577       -0.0304673
     10.7994041       -0.0215876       -0.0331461
     10.8648551       -0.0212680       -0.0345501
     10.9303060       -0.0182360       -0.0348108
     10.9957569       -0.0159093       -0.0342206
     11.0612079       -0.0167899       -0.0331368
     11.1266588       -0.0204319       -0.0318840
     11.1921097       -0.0238609       -0.0306890
     11.2575607       -0.0241431       -0.0296615
     11.3230116       -0.0209201       -0.0288136
     11.3884625       -0.0167220       -0.0280945
     11.4539135       -0.0147883       -0.0274248
     11.5193644       -0.0162977       -0.0267245
     11.5848153       -0.0194185       -0.0259412
     11.6502663       -0.0209883       -0.0250773
     11.7157172       -0.0193226       -0.0242068
     11.7811681       -0.0156761       -0.0234649
     11.8466191       -0.0130983       -0.0230042
     11.9120700       -0.0137393       -0.0229319
     11.9775209       -0.0170093       -0.0232586
     12.0429719       -0.0201990       -0.0238866
     12.1084228       -0.0209486       -0.0246458
     12.1738737       -0.0193197       -0.0253574
     12.2393247       -0.0176292       -0.0258934
     12.3047756       -0.0182496       -0.0262058
     12.3702265       -0.0214125       -0.0263212
     12.4356775       -0.0250090       -0.0263143
     12.5011284       -0.0265365       -0.0262769
     12.5665794       -0.0253783       -0.0262952
     12.6320303       -0.0233259       -0.0264328
     12.6974812       -0.0228853       -0.0267167
     12.7629322       -0.0249488       -0.0271299
     12.8283831       -0.0279861       -0.0276147
     12.8938340       -0.0294891       -0.0280922
     12.9592850       -0.0283201       -0.0284915
     13.0247359       -0.0257795       -0.0287729
     13.0901868       -0.0244065       -0.0289324
     13.1556378       -0.0256329       -0.0289854
     13.2210887       -0.0284747       -0.0289409
     13.2865396       -0.0304800       -0.0287861
     13.3519906       -0.0300415       -0.0284911
     13.4174415       -0.0279051       -0.0280304
     13.4828924       -0.0264565       -0.0274073
     13.5483434       -0.0274544       -0.0266666
     13.6137943       -0.0303510       -0.0258888
     13.6792452       -0.0327986       -0.0251708
     13.7446962       -0.0328791       -0.0246014
     13.8101471       -0.0309437       -0.0242406
     13.8755980       -0.0292925       -0.0241073
     13.9410490       -0.0299690       -0.0241769
     14.0064999       -0.0327673       -0.0243891
     14.0719508       -0.0353962       -0.0246652
     14.1374018       -0.0356960       -0.0249274
     14.2028527       -0.0337909       -0.0251127
     14.2683036       -0.0320379       -0.0251755
     14.3337546       -0.0327088       -0.0250812
     14.3992055       -0.0355990       -0.0247990
     14.4646564       -0.0379715       -0.0243048
     14.5301074       -0.0370911       -0.0235949
     14.5955583       -0.0330292       -0.0227000
     14.6610092       -0.0289407       -0.0216851
     14.7264602       -0.0282654       -0.0206269
     14.7919111       -0.0313190       -0.0195808
     14.8573620       -0.0346010       -0.0185555
     14.9228130       -0.0338246       -0.0175150
     14.9882639       -0.0281159       -0.0164078
     15.0537148       -0.0213894       -0.0152058
     15.1191658       -0.0192098       -0.0139287
     15.1846167       -0.0236471       -0.0126392
     15.2500676       -0.0308721       -0.0114166
     15.3155186       -0.0341341       -0.0103254
     15.3809695       -0.0298714       -0.0094004
     15.4464205       -0.0214124       -0.0086500
     15.5118714       -0.0163900       -0.0080674
     15.5773223       -0.0196073       -0.0076377
     15.6427733       -0.0277736       -0.0073324
     15.7082242       -0.0316549       -0.0071016
     15.7736751       -0.0248435       -0.0068728
     15.8391261       -0.0117527       -0.0065646
     15.9045770       -0.0067910       -0.0061094
     15.9700279       -0.0234407       -0.0054732
     16.0354789       -0.0610777       -0.0046632

 Total S(Q)'s: Comparison with input data

   494  2 are NQ and NPAR

       Q      S(Q)_RMC  S(Q)_Expt
      0.4682470     -0.8798004     -0.8479151
      0.4982822     -1.0386583     -0.8118532
      0.5283174     -1.1433140     -0.7783499
      0.5583526     -1.1948671     -0.7493800
      0.5883878     -1.2009726     -0.7261986
      0.6184230     -1.1737241     -0.7091703
      0.6484582     -1.1271243     -0.6977406
      0.6784934     -1.0745978     -0.6905600
      0.7085286     -1.0269526     -0.6857362
      0.7385638     -0.9910699     -0.6811699
      0.7685990     -0.9694513     -0.6749116
      0.7986342     -0.9605833     -0.6654717
      0.8286694     -0.9599426     -0.6520260
      0.8587046     -0.9613715     -0.6344790
      0.8887398     -0.9585197     -0.6133734
      0.9187750     -0.9460774     -0.5896689
      0.9488102     -0.9205987     -0.5644352
      0.9788454     -0.8808227     -0.5385248
      1.0088806     -0.8275068     -0.5122959
      1.0389158     -0.7628879     -0.4854439
      1.0689510     -0.6899410     -0.4569828
      1.0989862     -0.6116301     -0.4253844
      1.1290214     -0.5303188     -0.3888561
      1.1590566     -0.4474536     -0.3457064
      1.1890918     -0.3635580     -0.2947316
      1.2191270     -0.2785000     -0.2355507
      1.2491622     -0.1919377     -0.1688250
      1.2791974     -0.1038131     -0.0963177
      1.3092326     -0.0147643     -0.0207787
      1.3392678      0.0736465      0.0543280
      1.3693030      0.1589423      0.1252122
      1.3993382      0.2379730      0.1881957
      1.4293734      0.3073333      0.2401314
      1.4594086      0.3638636      0.2787395
      1.4894438      0.4051234      0.3028113
      1.5194790      0.4297446      0.3122594
      1.5495142      0.4375943      0.3080191
      1.5795494      0.4297279      0.2918289
      1.6095846      0.4081538      0.2659386
      1.6396198      0.3754715      0.2327983
      1.6696550      0.3344643      0.1947805
      1.6996902      0.2877314      0.1539739
      1.7297254      0.2374280      0.1120691
      1.7597606      0.1851505      0.0703370
      1.7897958      0.1319699      0.0296817
      1.8198311      0.0785811     -0.0092619
      1.8498663      0.0255130     -0.0460195
      1.8799015     -0.0266647     -0.0801892
      1.9099367     -0.0771947     -0.1113920
      1.9399719     -0.1250838     -0.1392697
      1.9700071     -0.1691627     -0.1635215
      2.0000423     -0.2082344     -0.1839616
      2.0300775     -0.2412710     -0.2005760
      2.0601127     -0.2676062     -0.2135543
      2.0901479     -0.2870723     -0.2232843
      2.1201831     -0.3000461     -0.2303023
      2.1502183     -0.3073892     -0.2352086
      2.1802535     -0.3102942     -0.2385647
      2.2102887     -0.3100718     -0.2407955
      2.2403239     -0.3079249     -0.2421191
      2.2703591     -0.3047610     -0.2425228
      2.3003943     -0.3010824     -0.2417919
      2.3304295     -0.2969762     -0.2395880
      2.3604647     -0.2922031     -0.2355612
      2.3904999     -0.2863597     -0.2294723
      2.4205351     -0.2790739     -0.2212999
      2.4505703     -0.2701866     -0.2113076
      2.4806055     -0.2598756     -0.2000570
      2.5106407     -0.2486932     -0.1883610
      2.5406759     -0.2375091     -0.1771857
      2.5707111     -0.2273721     -0.1675193
      2.6007463     -0.2193226     -0.1602322
      2.6307815     -0.2141998     -0.1559550
      2.6608167     -0.2124853     -0.1549966
      2.6908519     -0.2142197     -0.1573161
      2.7208871     -0.2190080     -0.1625508
      2.7509223     -0.2261116     -0.1700938
      2.7809575     -0.2346046     -0.1792024
      2.8109927     -0.2435580     -0.1891153
      2.8410279     -0.2522100     -0.1991580
      2.8710631     -0.2600868     -0.2088156
      2.9010983     -0.2670479     -0.2177656
      2.9311335     -0.2732500     -0.2258674
      2.9611687     -0.2790427     -0.2331178
      2.9912039     -0.2848225     -0.2395872
      3.0212391     -0.2908826     -0.2453516
      3.0512743     -0.2972952     -0.2504398
      3.0813095     -0.3038536     -0.2548043
      3.1113447     -0.3100887     -0.2583217
      3.1413799     -0.3153539     -0.2608206
      3.1714151     -0.3189581     -0.2621253
      3.2014503     -0.3203157     -0.2621056
      3.2314855     -0.3190768     -0.2607165
      3.2615207     -0.3152070     -0.2580186
      3.2915559     -0.3089982     -0.2541737
      3.3215911     -0.3010073     -0.2494153
      3.3516263     -0.2919364     -0.2440011
      3.3816615     -0.2824824     -0.2381580
      3.4116967     -0.2731886     -0.2320316
      3.4417319     -0.2643334     -0.2256519
      3.4717671     -0.2558793     -0.2189213
      3.5018023     -0.2474935     -0.2116285
      3.5318375     -0.2386348     -0.2034840
      3.5618727     -0.2286849     -0.1941707
      3.5919079     -0.2170950     -0.1833978
      3.6219431     -0.2035143     -0.1709495
      3.6519783     -0.1878698     -0.1567181
      3.6820135     -0.1703821     -0.1407171
      3.7120487     -0.1515134     -0.1230743
      3.7420839     -0.1318605     -0.1040069
      3.7721191     -0.1120186     -0.0837850
      3.8021543     -0.0924469     -0.0626918
      3.8321895     -0.0733673     -0.0409861
      3.8622247     -0.0547180     -0.0188729
      3.8922599     -0.0361742      0.0035140
      3.9222951     -0.0172290      0.0261195
      3.9523303      0.0026829      0.0489637
      3.9823655      0.0240467      0.0721319
      4.0124007      0.0471458      0.0957581
      4.0424359      0.0719823      0.1200063
      4.0724711      0.0982576      0.1450469
      4.1025063      0.1254157      0.1710309
      4.1325415      0.1527392      0.1980606
      4.1625767      0.1794745      0.2261579
      4.1926119      0.2049600      0.2552337
      4.2226471      0.2287272      0.2850632
      4.2526823      0.2505558      0.3152722
      4.2827175      0.2704704      0.3453408
      4.3127527      0.2886842      0.3746295
      4.3427879      0.3055034      0.4024269
      4.3728231      0.3212164      0.4280185
      4.4028583      0.3359949      0.4507659
      4.4328935      0.3498287      0.4701857
      4.4629287      0.3625090      0.4860151
      4.4929639      0.3736636      0.4982484
      4.5229991      0.3828328      0.5071371
      4.5530343      0.3895692      0.5131478
      4.5830695      0.3935356      0.5168827
      4.6131047      0.3945779      0.5189722
      4.6431399      0.3927571      0.5199595
      4.6731751      0.3883311      0.5201945
      4.7032103      0.3816931      0.5197594
      4.7332455      0.3732791      0.5184390
      4.7632807      0.3634688      0.5157452
      4.7933159      0.3525014      0.5109908
      4.8233511      0.3404275      0.5034031
      4.8533863      0.3271076      0.4922555
      4.8834215      0.3122589      0.4769949
      4.9134567      0.2955388      0.4573409
      4.9434919      0.2766474      0.4333394
      4.9735271      0.2554245      0.4053606
      5.0035623      0.2319202      0.3740441
      5.0335975      0.2064230      0.3402009
      5.0636327      0.1794389      0.3046949
      5.0936679      0.1516263      0.2683245
      5.1237031      0.1237015      0.2317302
      5.1537383      0.0963353      0.1953435
      5.1837735      0.0700632      0.1593861
      5.2138087      0.0452280      0.1239162
      5.2438439      0.0219660      0.0889101
      5.2738791      0.0002371      0.0543582
      5.3039143     -0.0201096      0.0203531
      5.3339495     -0.0392520     -0.0128513
      5.3639847     -0.0573134     -0.0448237
      5.3940199     -0.0743034     -0.0749872
      5.4240551     -0.0900943     -0.1026933
      5.4540903     -0.1044382     -0.1273226
      5.4841255     -0.1170208     -0.1483903
      5.5141607     -0.1275383     -0.1656362
      5.5441959     -0.1357773     -0.1790765
      5.5742311     -0.1416803     -0.1890095
      5.6042663     -0.1453796     -0.1959700
      5.6343015     -0.1471896     -0.2006445
      5.6643367     -0.1475619     -0.2037608
      5.6943719     -0.1470085     -0.2059769
      5.7244071     -0.1460145     -0.2077885
      5.7544423     -0.1449555     -0.2094739
      5.7844775     -0.1440420     -0.2110849
      5.8145127     -0.1432992     -0.2124833
      5.8445479     -0.1425895     -0.2134128
      5.8745831     -0.1416687     -0.2135894
      5.9046183     -0.1402654     -0.2127903
      5.9346535     -0.1381631     -0.2109225
      5.9646887     -0.1352665     -0.2080572
      5.9947239     -0.1316371     -0.2044250
      6.0247591     -0.1274909     -0.2003747
      6.0547943     -0.1231568     -0.1963068
      6.0848295     -0.1190088     -0.1925983
      6.1148647     -0.1153855     -0.1895352
      6.1448999     -0.1125166     -0.1872674
      6.1749351     -0.1104734     -0.1857945
      6.2049703     -0.1091542     -0.1849833
      6.2350055     -0.1083083     -0.1846101
      6.2650407     -0.1075924     -0.1844166
      6.2950759     -0.1066462     -0.1841643
      6.3251111     -0.1051705     -0.1836743
      6.3551463     -0.1029891     -0.1828441
      6.3851815     -0.1000810     -0.1816383
      6.4152167     -0.0965764     -0.1800583
      6.4452519     -0.0927172     -0.1781009
      6.4752871     -0.0887919     -0.1757185
      6.5053223     -0.0850618     -0.1727931
      6.5353575     -0.0816935     -0.1691335
      6.5653927     -0.0787157     -0.1644984
      6.5954279     -0.0760098     -0.1586398
      6.6254631     -0.0733352     -0.1513581
      6.6554983     -0.0703855     -0.1425549
      6.6855335     -0.0668606     -0.1322683
      6.7155687     -0.0625389     -0.1206818
      6.7456039     -0.0573322     -0.1081014
      6.7756391     -0.0513109     -0.0949042
      6.8056743     -0.0446935     -0.0814688
      6.8357095     -0.0378029     -0.0681031
      6.8657447     -0.0309986     -0.0549851
      6.8957799     -0.0246019     -0.0421332
      6.9258151     -0.0188298     -0.0294116
      6.9558503     -0.0137537     -0.0165736
      6.9858855     -0.0092912     -0.0033328
      7.0159207     -0.0052340      0.0105524
      7.0459559     -0.0013039      0.0252000
      7.0759911      0.0027744      0.0405495
      7.1060263      0.0072025      0.0563457
      7.1360615      0.0120540      0.0721644
      7.1660967      0.0172503      0.0874778
      7.1961319      0.0225715      0.1017449
      7.2261671      0.0277002      0.1145084
      7.2562023      0.0322878      0.1254764
      7.2862375      0.0360285      0.1345694
      7.3162727      0.0387242      0.1419231
      7.3463079      0.0403257      0.1478433
      7.3763431      0.0409406      0.1527245
      7.4063783      0.0408073      0.1569481
      7.4364135      0.0402408      0.1607847
      7.4664487      0.0395630      0.1643225
      7.4964839      0.0390336      0.1674401
      7.5265191      0.0387978      0.1698308
      7.5565543      0.0388613      0.1710760
      7.5865895      0.0390991      0.1707521
      7.6166247      0.0392955      0.1685477
      7.6466599      0.0392044      0.1643662
      7.6766951      0.0386166      0.1583882
      7.7067303      0.0374182      0.1510778
      7.7367655      0.0356253      0.1431295
      7.7668008      0.0333883      0.1353621
      7.7968360      0.0309635      0.1285816
      7.8268712      0.0286595      0.1234386
      7.8569064      0.0267698      0.1203109
      7.8869416      0.0255085      0.1192357
      7.9169768      0.0249622      0.1199063
      7.9470120      0.0250715      0.1217349
      7.9770472      0.0256443      0.1239703
      8.0070824      0.0263992      0.1258463
      8.0371176      0.0270288      0.1267317
      8.0671528      0.0272685      0.1262503
      8.0971880      0.0269548      0.1243482
      8.1272232      0.0260608      0.1212938
      8.1572584      0.0247001      0.1176129
      8.1872936      0.0230988      0.1139709
      8.2173288      0.0215417      0.1110301
      8.2473640      0.0203063      0.1093095
      8.2773992      0.0195984      0.1090780
      8.3074344      0.0195048      0.1103012
      8.3374696      0.0199732      0.1126520
      8.3675048      0.0208245      0.1155817
      8.3975400      0.0217935      0.1184339
      8.4275752      0.0225888      0.1205763
      8.4576104      0.0229588      0.1215224
      8.4876456      0.0227471      0.1210168
      8.5176808      0.0219257      0.1190680
      8.5477160      0.0205990      0.1159229
      8.5777512      0.0189765      0.1119922
      8.6077864      0.0173225      0.1077440
      8.6378216      0.0158930      0.1035911
      8.6678568      0.0148761      0.0997980
      8.6978920      0.0143478      0.0964276
      8.7279272      0.0142559      0.0933382
      8.7579624      0.0144326      0.0902298
      8.7879976      0.0146350      0.0867278
      8.8180328      0.0146034      0.0824829
      8.8480680      0.0141228      0.0772619
      8.8781032      0.0130746      0.0710106
      8.9081384      0.0114660      0.0638701
      8.9381736      0.0094297      0.0561466
      8.9682088      0.0071951      0.0482388
      8.9982440      0.0050369      0.0405432
      9.0282792      0.0032130      0.0333577
      9.0583144      0.0019065      0.0268083
      9.0883496      0.0011843      0.0208163
      9.1183848      0.0009832      0.0151141
      9.1484200      0.0011249      0.0093075
      9.1784552      0.0013579      0.0029711
      9.2084904      0.0014160     -0.0042457
      9.2385256      0.0010793     -0.0125264
      9.2685608      0.0002254     -0.0218291
      9.2985960     -0.0011426     -0.0318779
      9.3286312     -0.0028969     -0.0422057
      9.3586664     -0.0048140     -0.0522409
      9.3887016     -0.0066257     -0.0614177
      9.4187368     -0.0080800     -0.0692875
      9.4487720     -0.0089979     -0.0756055
      9.4788072     -0.0093130     -0.0803739
      9.5088424     -0.0090852     -0.0838318
      9.5388776     -0.0084857     -0.0863950
      9.5689128     -0.0077558     -0.0885575
      9.5989480     -0.0071509     -0.0907790
      9.6289832     -0.0068813     -0.0933825
      9.6590184     -0.0070642     -0.0964841
      9.6890536     -0.0076974     -0.0999727
      9.7190888     -0.0086616     -0.1035413
      9.7491240     -0.0097492     -0.1067638
      9.7791592     -0.0107142     -0.1091994
      9.8091944     -0.0113301     -0.1104989
      9.8392296     -0.0114442     -0.1104908
      9.8692648     -0.0110135     -0.1092249
      9.8993000     -0.0101153     -0.1069652
      9.9293352     -0.0089306     -0.1041333
      9.9593704     -0.0077023     -0.1012147
      9.9894056     -0.0066794     -0.0986509
     10.0194408     -0.0060604     -0.0967412
     10.0494760     -0.0059475     -0.0955777
     10.0795112     -0.0063234     -0.0950284
     10.1095464     -0.0070561     -0.0947725
     10.1395816     -0.0079295     -0.0943797
     10.1696168     -0.0086934     -0.0934157
     10.1996520     -0.0091222     -0.0915490
     10.2296872     -0.0090661     -0.0886343
     10.2597224     -0.0084864     -0.0847528
     10.2897576     -0.0074644     -0.0801993
     10.3197928     -0.0061820     -0.0754191
     10.3498280     -0.0048808     -0.0709083
     10.3798632     -0.0038058     -0.0670999
     10.4098984     -0.0031499     -0.0642628
     10.4399336     -0.0030097     -0.0624365
     10.4699688     -0.0033642     -0.0614163
     10.5000040     -0.0040802     -0.0607950
     10.5300392     -0.0049437     -0.0600499
     10.5600744     -0.0057097     -0.0586566
     10.5901096     -0.0061588     -0.0562041
     10.6201448     -0.0061472     -0.0524840
     10.6501800     -0.0056396     -0.0475334
     10.6802152     -0.0047162     -0.0416218
     10.7102504     -0.0035530     -0.0351839
     10.7402856     -0.0023804     -0.0287146
     10.7703208     -0.0014286     -0.0226495
     10.8003560     -0.0008744     -0.0172591
     10.8303912     -0.0007999     -0.0125818
     10.8604264     -0.0011735     -0.0084125
     10.8904616     -0.0018580     -0.0043487
     10.9204968     -0.0026429      0.0001132
     10.9505320     -0.0032935      0.0054549
     10.9805672     -0.0036064      0.0120142
     11.0106024     -0.0034564      0.0198916
     11.0406376     -0.0028265      0.0289100
     11.0706728     -0.0018113      0.0386364
     11.1007080     -0.0005956      0.0484634
     11.1307432      0.0005891      0.0577331
     11.1607784      0.0015176      0.0658766
     11.1908136      0.0020236      0.0725373
     11.2208488      0.0020380      0.0776495
     11.2508840      0.0016045      0.0814549
     11.2809192      0.0008692      0.0844499
     11.3109544      0.0000457      0.0872755
     11.3409896     -0.0006344      0.0905729
     11.3710248     -0.0009760      0.0948360
     11.4010600     -0.0008665      0.1002944
     11.4310952     -0.0003017      0.1068523
     11.4611304      0.0006127      0.1140990
     11.4911656      0.0016854      0.1213884
     11.5212008      0.0026845      0.1279708
     11.5512360      0.0033904      0.1331488
     11.5812712      0.0036477      0.1364231
     11.6113064      0.0034008      0.1375947
     11.6413416      0.0027068      0.1368023
     11.6713768      0.0017224      0.1344856
     11.7014120      0.0006674      0.1312828
     11.7314472     -0.0002259      0.1278856
     11.7614824     -0.0007669      0.1248846
     11.7915176     -0.0008499      0.1226392
     11.8215528     -0.0004784      0.1212023
     11.8515880      0.0002367      0.1203168
     11.8816232      0.0011039      0.1194834
     11.9116584      0.0018963      0.1180871
     11.9416936      0.0024050      0.1155491
     11.9717288      0.0024889      0.1114730
     12.0017640      0.0021070      0.1057487
     12.0317992      0.0013284      0.0985897
     12.0618344      0.0003156      0.0904952
     12.0918696     -0.0007140      0.0821441
     12.1219048     -0.0015395      0.0742438
     12.1519400     -0.0019888      0.0673707
     12.1819752     -0.0019793      0.0618358
     12.2120104     -0.0015380      0.0576111
     12.2420456     -0.0007949      0.0543313
     12.2720808      0.0000475      0.0513752
     12.3021160      0.0007619      0.0480079
     12.3321512      0.0011504      0.0435524
     12.3621864      0.0010919      0.0375532
     12.3922216      0.0005718      0.0298923
     12.4222568     -0.0003139      0.0208316
     12.4522920     -0.0013795      0.0109691
     12.4823272     -0.0023927      0.0011181
     12.5123624     -0.0031288     -0.0078657
     12.5423976     -0.0034234     -0.0152708
     12.5724328     -0.0032115     -0.0206876
     12.6024680     -0.0025434     -0.0241021
     12.6325032     -0.0015743     -0.0259027
     12.6625384     -0.0005284     -0.0267968
     12.6925736      0.0003527     -0.0276551
     12.7226088      0.0008657     -0.0293184
     12.7526440      0.0008937     -0.0324077
     12.7826792      0.0004330     -0.0371832
     12.8127144     -0.0004057     -0.0434831
     12.8427496     -0.0014229     -0.0507575
     12.8727848     -0.0023774     -0.0581909
     12.9028200     -0.0030428     -0.0648861
     12.9328552     -0.0032607     -0.0700688
     12.9628904     -0.0029785     -0.0732663
     12.9929256     -0.0022619     -0.0744183
     13.0229608     -0.0012796     -0.0738943
     13.0529960     -0.0002642     -0.0724122
     13.0830312      0.0005436     -0.0708748
     13.1130664      0.0009516     -0.0701621
     13.1431016      0.0008624     -0.0709249
     13.1731368      0.0002978     -0.0734292
     13.2031720     -0.0006059     -0.0774883
     13.2332072     -0.0016289     -0.0824986
     13.2632424     -0.0025194     -0.0875755
     13.2932776     -0.0030534     -0.0917569
     13.3233128     -0.0030880     -0.0942307
     13.3533480     -0.0025966     -0.0945320
     13.3833832     -0.0016767     -0.0926635
     13.4134184     -0.0005279     -0.0891087
     13.4434536      0.0005937     -0.0847306
     13.4734888      0.0014354     -0.0805780
     13.5035240      0.0018084     -0.0776391
     13.5335592      0.0016323     -0.0766008
     13.5635944      0.0009557     -0.0776686
     13.5936296     -0.0000541     -0.0804929
     13.6236648     -0.0011493     -0.0842230
     13.6537000     -0.0020604     -0.0876810
     13.6837353     -0.0025591     -0.0896213
     13.7137705     -0.0025141     -0.0890190
     13.7438057     -0.0019232     -0.0853220
     13.7738409     -0.0009154     -0.0786070
     13.8038761      0.0002775     -0.0695991
     13.8339113      0.0013755     -0.0595458
     13.8639465      0.0021161     -0.0499650
     13.8939817      0.0023174     -0.0423218
     13.9240169      0.0019231     -0.0377014
     13.9540521      0.0010178     -0.0365545
     13.9840873     -0.0001906     -0.0385735
     14.0141225     -0.0014183     -0.0427358
     14.0441577     -0.0023716     -0.0475080
     14.0741929     -0.0028170     -0.0511749
     14.1042281     -0.0026372     -0.0522222
     14.1342633     -0.0018606     -0.0496896
     14.1642985     -0.0006570     -0.0434122
     14.1943337      0.0007012     -0.0340929
     14.2243689      0.0019025     -0.0231791
     14.2544041      0.0026706     -0.0125650
     14.2844393      0.0028304     -0.0041783
     14.3144745      0.0023519      0.0004606
     14.3445097      0.0013587      0.0006079
     14.3745449      0.0001005     -0.0034938
     14.4045801     -0.0011069     -0.0106199
     14.4346153     -0.0019571     -0.0187953
     14.4646505     -0.0022296     -0.0257108
     14.4946857     -0.0018452     -0.0292425
     14.5247209     -0.0008891     -0.0279609
     14.5547561      0.0004068     -0.0215151
     14.5847913      0.0017183     -0.0107940
     14.6148265      0.0027082      0.0021851
     14.6448617      0.0031112      0.0146572
     14.6748969      0.0028043      0.0236941
     14.7049321      0.0018434      0.0268772
     14.7349673      0.0004574      0.0229175
     14.7650025     -0.0010031      0.0120777
     14.7950377     -0.0021497     -0.0037117
     14.8250729     -0.0026553     -0.0210993
     14.8551081     -0.0023422     -0.0359037
     14.8851433     -0.0012398     -0.0439591
     14.9151785      0.0004087     -0.0420640
     14.9452137      0.0021926     -0.0288506
     14.9752489      0.0036278     -0.0053927
     15.0052841      0.0042782      0.0245908
     15.0353193      0.0038785      0.0550131
     15.0653545      0.0024265      0.0781653
     15.0953897      0.0002231      0.0858304
     15.1254249     -0.0021577      0.0705903
     15.1554601     -0.0039649      0.0271065
     15.1854953     -0.0044201     -0.0468523
     15.2155305     -0.0028889     -0.1498241
     15.2455657      0.0009606     -0.2766282
     15.2756009      0.0070481     -0.4189236
