Time       moves_acc moves_gen     G(r)_1
h/m/s/.th    WEIGHT PARAMETERS   0.100E+01
101205.934        1741        6763  0.129E+01
101217.894        2543       12575  0.105E+01
101229.931        3256       18458  0.891E+00
101241.900        3856       24604  0.792E+00
101253.906        4406       30738  0.718E+00
101305.898        4863       36200  0.669E+00
101317.912        5361       42613  0.619E+00
101329.893        5843       48910  0.575E+00
101341.897        6301       55488  0.539E+00
101353.893        6819       62861  0.500E+00
101405.891        7344       70952  0.461E+00
101417.898        7769       77548  0.433E+00
101429.894        8220       85065  0.407E+00
101441.894        8718       93215  0.381E+00
101453.946        9084      100001  0.365E+00
101505.901        9367      106063  0.354E+00
101517.893        9698      113145  0.339E+00
101529.905       10043      120661  0.327E+00
101541.891       10314      128134  0.318E+00
101553.909       10618      136250  0.308E+00
101605.908       10825      141857  0.302E+00
101617.893       11041      148146  0.296E+00
101629.896       11290      155944  0.289E+00
101641.894       11446      162094  0.285E+00
101653.905       11589      166357  0.281E+00
101705.891       11762      172579  0.277E+00
101717.899       11948      179159  0.273E+00
101729.905       12353      187345  0.277E+00
101741.899       12622      193738  0.270E+00
101753.893       12836      199742  0.265E+00
101805.895       13062      206789  0.260E+00
101817.899       13267      213387  0.255E+00
101829.896       13499      221001  0.251E+00
101841.915       13680      228566  0.247E+00
101853.902       13875      235766  0.244E+00
101905.896       14066      242790  0.241E+00
101917.898       14245      249253  0.238E+00
101929.893       14398      255974  0.235E+00
101941.904       14560      262995  0.233E+00
101953.912       14699      269144  0.231E+00
102005.907       14868      277474  0.228E+00
102017.912       15058      286113  0.225E+00
102029.895       15258      296865  0.222E+00
102041.919       15410      304225  0.219E+00
102053.936       15609      313985  0.216E+00
102105.896       15717      320369  0.215E+00
102117.895       15908      329633  0.212E+00
102129.899       16090      338472  0.209E+00
102141.906       16185      345370  0.208E+00
102153.905       16344      353330  0.206E+00
102205.895       16516      362536  0.204E+00
102217.941       16684      371066  0.202E+00
102229.899       16854      379312  0.200E+00
102241.902       16984      386446  0.198E+00
102253.897       17191      397012  0.196E+00
102305.902       17396      407997  0.193E+00
102317.897       17553      416022  0.192E+00
102329.902       17762      427342  0.189E+00
102341.896       17945      437266  0.187E+00
102353.894       18107      446019  0.185E+00
102405.899       18234      452958  0.184E+00
102417.901       18416      462299  0.182E+00
102429.903       18554      470113  0.181E+00
102441.896       18742      480431  0.179E+00
102453.902       18954      491124  0.178E+00
102505.895       19109      501254  0.176E+00
102517.898       19308      511574  0.174E+00
102529.895       19511      522224  0.172E+00
102541.899       19731      533973  0.170E+00
102553.918       19875      542614  0.169E+00
102605.909       20033      551630  0.168E+00
102617.894       20223      562191  0.167E+00
102629.906       20386      570724  0.165E+00
102641.925       20484      576984  0.164E+00
102653.898       20676      587172  0.163E+00
102705.902       20881      597957  0.161E+00
102717.918       21083      608372  0.160E+00
102729.898       21280      619838  0.158E+00
102741.901       21410      627370  0.157E+00
102753.896       21531      636229  0.157E+00
102805.902       21745      647761  0.155E+00
102817.898       21902      657313  0.154E+00
102829.894       22172      669260  0.154E+00
102841.903       22332      677969  0.153E+00
102853.919       22452      684756  0.152E+00
102905.899       22584      693007  0.151E+00
102917.902       22721      701019  0.151E+00
102929.901       22883      711243  0.149E+00
102941.902       23074      722961  0.148E+00
102953.902       23256      733198  0.147E+00
103005.902       23445      744072  0.146E+00
103017.898       23673      755314  0.145E+00
103029.899       23856      765133  0.144E+00
103041.895       23971      772905  0.143E+00
103053.908       24092      780936  0.142E+00
103105.899       24219      788487  0.142E+00
103117.900       24356      797693  0.141E+00
103129.899       24504      806870  0.141E+00
103141.898       24674      816767  0.140E+00
103153.898       24822      825543  0.139E+00
103205.894       24952      833348  0.138E+00
103217.918       25099      842685  0.137E+00
103229.935       25224      849747  0.136E+00
103241.936       25306      855250  0.136E+00
103253.895       25429      862212  0.135E+00
103305.911       25540      868576  0.135E+00
103317.901       25670      876387  0.134E+00
103329.916       25773      883623  0.134E+00
103341.935       25881      891518  0.133E+00
103353.898       26067      901790  0.132E+00
103405.901       26258      912871  0.131E+00
103417.902       26397      921450  0.130E+00
103429.901       26577      932520  0.129E+00
103441.901       26720      942340  0.128E+00
103453.901       26898      952509  0.128E+00
103505.902       27066      963443  0.127E+00
103517.924       27199      972508  0.126E+00
103529.896       27366      983486  0.125E+00
103541.902       27549      994667  0.124E+00
103553.896       27670     1002922  0.124E+00
103605.900       27840     1014491  0.123E+00
103617.901       28001     1025699  0.123E+00
103629.899       28140     1034763  0.122E+00
103641.899       28436     1045677  0.123E+00
103653.901       28681     1056609  0.121E+00
103705.901       28871     1066959  0.120E+00
103717.925       29046     1077508  0.120E+00
103729.895       29220     1088628  0.118E+00
103741.909       29363     1097413  0.118E+00
103753.899       29567     1108195  0.117E+00
103805.906       29735     1117700  0.116E+00
103817.899       29899     1128867  0.115E+00
103829.898       30047     1138520  0.115E+00
103841.918       30206     1149305  0.114E+00
103853.899       30392     1160271  0.114E+00
103905.894       30534     1169392  0.113E+00
103917.911       30676     1177828  0.113E+00
103929.911       30852     1188286  0.112E+00
103941.902       31007     1198589  0.111E+00
103953.901       31097     1204382  0.111E+00
104005.898       31600     1214021  0.115E+00
104017.893       31917     1224508  0.112E+00
104029.893       32113     1234084  0.111E+00
104041.899       32335     1244626  0.110E+00
104053.912       32511     1254102  0.109E+00
104105.900       32683     1263905  0.109E+00
104117.893       33053     1271449  0.111E+00
104129.893       33331     1282154  0.109E+00
104141.899       33492     1291052  0.109E+00
104153.894       34071     1299543  0.112E+00
104205.896       34356     1307686  0.110E+00
104217.892       34594     1317396  0.109E+00
104229.893       34760     1324716  0.108E+00
104241.893       34999     1335561  0.107E+00
104253.892       35180     1346500  0.106E+00
104305.917       35368     1356732  0.105E+00
104317.894       35487     1364825  0.105E+00
104329.893       35712     1375047  0.104E+00
104341.895       35912     1385840  0.103E+00
104353.928       36098     1396038  0.103E+00
104405.893       36221     1402429  0.102E+00
104417.894       36393     1413024  0.102E+00
104429.897       36523     1421645  0.101E+00
104441.894       36664     1431149  0.101E+00
104453.909       36793     1440347  0.100E+00
104505.913       36950     1451160  0.995E-01
104517.903       37116     1460625  0.993E-01
104529.893       37255     1469166  0.990E-01
104541.893       37396     1478549  0.985E-01
104553.895       37572     1489818  0.982E-01
104605.898       37702     1499229  0.978E-01
104617.892       37814     1509472  0.974E-01
104629.900       37904     1515533  0.971E-01
104641.906       37989     1521165  0.968E-01
104653.896       38042     1525157  0.967E-01
104705.900       38158     1534307  0.963E-01
104717.902       38264     1541843  0.960E-01
104729.906       38349     1547534  0.958E-01
104741.896       38460     1555750  0.954E-01
104753.895       38573     1563323  0.951E-01
104805.917       38627     1567742  0.951E-01
104817.895       38706     1572620  0.948E-01
104829.908       38770     1577821  0.947E-01
104841.904       38857     1584119  0.945E-01
104853.901       38923     1588145  0.944E-01
104905.901       39059     1599259  0.940E-01
104917.897       39422     1608623  0.952E-01
104929.919       39599     1618076  0.945E-01
104941.930       39779     1626571  0.940E-01
104953.895       39995     1636726  0.934E-01
105005.897       40162     1646334  0.929E-01
105017.900       40324     1656204  0.923E-01
105029.938       40473     1665158  0.919E-01
105041.911       40613     1674404  0.916E-01
105053.895       40753     1683085  0.912E-01
105105.900       40899     1692114  0.909E-01
105117.894       41039     1700222  0.906E-01
105129.893       41182     1710328  0.902E-01
105141.895       41314     1719120  0.900E-01
105153.893       41454     1729526  0.897E-01
105205.900       41606     1740560  0.894E-01
105217.895       41753     1749823  0.889E-01
105229.895       41882     1758692  0.887E-01
105241.896       42026     1768983  0.884E-01
105253.895       42132     1776735  0.882E-01
105305.900       42286     1786395  0.880E-01
105317.892       42449     1797163  0.877E-01
105329.895       42573     1805394  0.876E-01
105341.903       42702     1815456  0.873E-01
105353.896       42811     1822590  0.871E-01
105405.899       42897     1828864  0.867E-01
105417.905       43011     1836353  0.866E-01
105429.892       43102     1843148  0.864E-01
105441.899       43243     1851846  0.862E-01
105453.910       43360     1860354  0.860E-01
105505.896       43456     1869065  0.857E-01
105517.893       43559     1878242  0.856E-01
105529.898       43703     1887253  0.852E-01
105541.926       43813     1894663  0.850E-01
105553.895       43919     1901927  0.848E-01
105605.900       44002     1908482  0.847E-01
105617.895       44117     1916589  0.844E-01
105629.895       44231     1924873  0.843E-01
105641.899       44362     1933525  0.842E-01
105653.912       44525     1943520  0.839E-01
105705.899       44702     1950804  0.843E-01
105717.895       44823     1958785  0.840E-01
105729.891       44947     1967550  0.838E-01
105741.905       45044     1975760  0.835E-01
105753.895       45155     1984511  0.835E-01
105805.893       45272     1993563  0.833E-01
105817.892       45706     2002717  0.840E-01
105829.895       45849     2010080  0.834E-01
111952.095       45940     2015399  0.832E-01
112004.109       46096     2023715  0.828E-01
112016.097       46253     2032861  0.824E-01
112028.107       46432     2043496  0.821E-01
112040.094       46569     2051597  0.818E-01
112052.100       46669     2058065  0.816E-01
112104.092       46773     2063956  0.814E-01
112116.092       46887     2071373  0.812E-01
112128.092       47009     2082340  0.810E-01
112140.094       47104     2088180  0.808E-01
112152.122       47314     2095638  0.819E-01
112204.135       47553     2102298  0.820E-01
112216.098       47767     2111060  0.814E-01
112228.093       47907     2118534  0.809E-01
112240.099       48047     2125671  0.806E-01
112252.094       48138     2130298  0.804E-01
112304.101       48225     2135147  0.800E-01
112316.097       48371     2144243  0.797E-01
112328.097       48509     2155226  0.795E-01
112340.093       48631     2163192  0.793E-01
112352.101       48785     2172563  0.791E-01
112404.109       48996     2182107  0.792E-01
112416.097       49156     2190839  0.789E-01
112428.094       49267     2198604  0.787E-01
112440.097       49375     2205050  0.785E-01
112452.093       49511     2212833  0.783E-01
112504.097       49587     2218157  0.782E-01
112516.103       49667     2224667  0.782E-01
112528.116       49772     2231862  0.779E-01
112540.101       49844     2237355  0.778E-01
112552.100       49973     2245942  0.776E-01
112604.099       50109     2254989  0.775E-01
112616.097       50210     2261508  0.774E-01
112628.097       50325     2269414  0.772E-01
112640.093       50472     2280211  0.770E-01
112652.095       50605     2290012  0.768E-01
112704.101       50664     2295137  0.767E-01
112716.097       50828     2306199  0.765E-01
112728.096       50932     2313374  0.763E-01
112740.097       51053     2321438  0.762E-01
112752.097       51154     2328663  0.761E-01
112804.100       51283     2337963  0.759E-01
112816.102       51389     2346000  0.758E-01
112828.100       51529     2355631  0.756E-01
112840.142       51646     2362935  0.755E-01
112852.094       51726     2369555  0.755E-01
112904.097       51821     2376097  0.754E-01
112916.134       51919     2383036  0.753E-01
112928.100       52064     2394221  0.751E-01
112940.093       52178     2403237  0.751E-01
112952.097       52297     2411566  0.750E-01
113004.100       52353     2415389  0.750E-01
113016.121       52453     2421141  0.749E-01
113028.097       52530     2426917  0.747E-01
113040.098       52631     2433014  0.746E-01
113052.103       52761     2442408  0.745E-01
113104.095       52894     2451642  0.743E-01
113116.098       52970     2457388  0.742E-01
113128.105       53070     2465528  0.741E-01
113140.100       53222     2471907  0.743E-01
113152.102       53331     2480772  0.741E-01
113204.093       53447     2487957  0.740E-01
113216.096       53599     2499021  0.738E-01
113228.103       53721     2509538  0.737E-01
113240.143       53830     2517220  0.736E-01
113252.099       53915     2522358  0.736E-01
113304.097       54000     2527869  0.734E-01
113316.097       54086     2534479  0.734E-01
113328.096       54143     2538723  0.733E-01
113340.107       54202     2542774  0.731E-01
113352.095       54262     2547256  0.731E-01
113404.102       54336     2552192  0.730E-01
113416.115       54537     2557561  0.739E-01
113428.130       54641     2562262  0.736E-01
113440.107       54707     2566455  0.735E-01
113452.103       54752     2572215  0.733E-01
113504.133       54870     2579224  0.731E-01
113516.109       54967     2585072  0.730E-01
113528.099       55239     2592451  0.738E-01
113540.101       55362     2598093  0.735E-01
113552.099       55455     2603503  0.734E-01
113604.125       55565     2609844  0.732E-01
113616.104       55699     2618132  0.730E-01
113628.097       55800     2624636  0.729E-01
113640.097       55941     2631301  0.727E-01
113652.099       56030     2637101  0.725E-01
113704.101       56140     2644578  0.724E-01
113716.097       56249     2652483  0.722E-01
113728.096       56339     2659979  0.722E-01
113740.101       56409     2665037  0.721E-01
113752.112       56514     2671322  0.719E-01
113804.104       56633     2679710  0.719E-01
113816.101       56712     2685381  0.717E-01
113828.100       56803     2693666  0.717E-01
113840.140       56876     2698621  0.716E-01
113852.107       56965     2705034  0.715E-01
113904.094       57086     2712705  0.714E-01
113916.097       57172     2719424  0.714E-01
113928.097       57283     2726942  0.713E-01
113940.136       57349     2732826  0.712E-01
113952.137       57431     2739936  0.711E-01
114004.106       57529     2746861  0.710E-01
114016.097       57643     2754272  0.710E-01
114028.100       57750     2762665  0.708E-01
114040.130       57819     2769024  0.896E-01
114052.107       57926     2776083  0.706E-01
114104.100       58030     2785203  0.705E-01
114116.111       58550     2793237  0.728E-01
114128.097       58741     2800737  0.720E-01
114140.097       58926     2808760  0.715E-01
114152.131       59088     2816905  0.711E-01
114204.097       59214     2824297  0.709E-01
114216.095       59340     2832182  0.706E-01
114228.105       59908     2840595  0.734E-01
114240.135       60169     2847938  0.722E-01
114252.097       60322     2854160  0.717E-01
114304.112       60549     2863756  0.712E-01
114316.104       60720     2871962  0.707E-01
114328.098       60869     2879708  0.703E-01
114340.123       61017     2886187  0.700E-01
114352.097       61144     2893601  0.697E-01
114404.096       61296     2901965  0.695E-01
114416.099       61415     2909375  0.693E-01
114428.101       61523     2915730  0.691E-01
114440.097       61635     2923466  0.689E-01
114452.097       61776     2931321  0.687E-01
114504.125       61859     2936773  0.686E-01
114516.124       62001     2945357  0.684E-01
114528.099       62110     2952538  0.682E-01
114540.101       62200     2958609  0.681E-01
114552.140       62320     2966510  0.680E-01
114604.106       62419     2973955  0.679E-01
114616.121       62545     2982294  0.677E-01
114628.093       62627     2987971  0.676E-01
114640.097       62939     2997294  0.683E-01
114652.099       63089     3003380  0.686E-01
114704.101       63361     3009188  0.685E-01
114716.094       63525     3015858  0.682E-01
114728.097       63662     3022331  0.678E-01
114740.100       63793     3029231  0.675E-01
114752.102       63896     3035000  0.673E-01
114804.105       64027     3042712  0.671E-01
114816.095       64129     3049498  0.670E-01
114828.097       64248     3055666  0.668E-01
114840.126       64384     3063231  0.666E-01
114852.100       64510     3070856  0.664E-01
114904.101       64626     3077736  0.663E-01
114916.099       64754     3085608  0.661E-01
114928.094       64862     3092661  0.660E-01
114940.102       64973     3099323  0.659E-01
114952.104       65077     3104973  0.658E-01
115004.121       65162     3111018  0.657E-01
115016.095       65289     3118788  0.656E-01
115028.098       65427     3127058  0.654E-01
115040.100       65546     3135724  0.656E-01
115052.093       66011     3142116  0.673E-01
115104.114       66187     3148604  0.667E-01
115116.101       66332     3155129  0.663E-01
115128.100       66543     3164958  0.659E-01
115140.097       66734     3174543  0.655E-01
115152.095       66905     3184015  0.653E-01
115204.097       67025     3191288  0.651E-01
115216.096       67175     3200711  0.649E-01
115228.093       67359     3209970  0.646E-01
115240.093       67537     3221798  0.644E-01
115252.098       67701     3231735  0.643E-01
115304.095       67863     3242218  0.641E-01
115316.100       67979     3249591  0.639E-01
115328.098       68114     3258519  0.637E-01
115340.098       68248     3268744  0.636E-01
115352.094       68416     3279170  0.635E-01
115404.134       68576     3289312  0.634E-01
115417.030       68729     3298898  0.633E-01
115429.029       68856     3306940  0.632E-01
115441.059       69018     3317819  0.630E-01
115453.022       69121     3324940  0.629E-01
115505.029       69298     3336126  0.628E-01
115517.022       69459     3348022  0.627E-01
115529.026       70180     3360422  0.650E-01
115541.025       70454     3370280  0.642E-01
115553.025       70636     3379765  0.637E-01
115605.026       70799     3387653  0.634E-01
115617.023       71000     3398398  0.632E-01
115629.024       71202     3408962  0.629E-01
115641.028       71361     3417335  0.628E-01
115653.025       71528     3427449  0.625E-01
115705.023       71708     3437418  0.624E-01
115717.026       71902     3448149  0.621E-01
115729.025       72027     3456160  0.620E-01
115741.022       72161     3465971  0.620E-01
115753.029       72291     3473946  0.619E-01
115805.025       72439     3483052  0.618E-01
115817.026       72626     3493313  0.616E-01
115829.029       72750     3502559  0.615E-01
115841.025       72897     3512452  0.614E-01
115853.028       73094     3523386  0.613E-01
115905.022       73275     3534887  0.612E-01
115917.033       73433     3544930  0.611E-01
115929.022       73564     3555242  0.611E-01
115941.028       73728     3566116  0.609E-01
115953.027       73864     3575071  0.608E-01
120005.066       74296     3584084  0.621E-01
120017.049       74503     3593218  0.616E-01
120029.028       74702     3603389  0.613E-01
120041.026       74884     3614373  0.610E-01
120053.028       75057     3624463  0.608E-01
120105.024       75258     3635811  0.606E-01
120117.041       75446     3646638  0.605E-01
120129.021       75631     3657940  0.603E-01
120141.026       75803     3668366  0.602E-01
120153.029       75985     3679884  0.601E-01
120205.029       76121     3689846  0.600E-01
120217.022       76278     3700093  0.599E-01
120229.026       76461     3711250  0.598E-01
120241.023       76815     3722636  0.605E-01
120253.028       77050     3733559  0.602E-01
120305.057       77247     3744129  0.600E-01
120317.021       77434     3754514  0.597E-01
120329.027       77603     3763956  0.597E-01
120341.029       78145     3774727  0.635E-01
120353.024       78530     3785731  0.618E-01
120405.025       78747     3793900  0.613E-01
120417.029       78994     3803874  0.607E-01
120429.029       79192     3812902  0.604E-01
120441.024       79369     3822249  0.603E-01
120453.053       79500     3830835  0.601E-01
120505.025       79727     3842817  0.598E-01
120517.025       79883     3853566  0.596E-01
120529.029       80218     3865028  0.601E-01
120541.042       80387     3872640  0.597E-01
120553.024       80596     3883515  0.595E-01
120605.067       80777     3891853  0.595E-01
120617.025       80997     3903296  0.593E-01
120629.045       81206     3914867  0.591E-01
120641.026       81418     3926416  0.589E-01
120653.022       81596     3937592  0.587E-01
120705.023       81753     3947942  0.586E-01
120717.026       81925     3959404  0.584E-01
120729.025       82116     3970242  0.583E-01
120741.021       82289     3980363  0.582E-01
120753.025       82457     3991061  0.581E-01
120805.028       82626     4002743  0.580E-01
120817.021       83185     4011777  0.599E-01
120829.022       83486     4023617  0.590E-01
120841.021       83732     4035894  0.587E-01
120853.029       83934     4046640  0.584E-01
120905.025       84114     4058440  0.582E-01
120917.028       84313     4069515  0.580E-01
120929.025       84505     4081428  0.580E-01
120941.022       84694     4091777  0.579E-01
120953.026       84880     4103596  0.577E-01
121005.025       85048     4114537  0.576E-01
121017.029       85240     4125581  0.575E-01
121029.022       85399     4136634  0.574E-01
121041.025       85575     4147792  0.574E-01
121053.022       85735     4158117  0.573E-01
121105.022       85895     4169593  0.572E-01
121117.025       86046     4180725  0.571E-01
121129.021       86201     4191926  0.571E-01
121141.029       86521     4201351  0.578E-01
121153.028       86719     4211620  0.574E-01
121205.025       86907     4222084  0.572E-01
121217.025       87150     4235016  0.571E-01
121229.022       87340     4246129  0.569E-01
121241.030       87532     4257850  0.568E-01
121253.028       87734     4269227  0.566E-01
121305.062       87910     4279675  0.565E-01
121317.021       88045     4288974  0.563E-01
121329.026       88235     4299657  0.562E-01
121341.026       88388     4310230  0.562E-01
121353.027       88559     4319768  0.562E-01
121405.029       88726     4330057  0.561E-01
121417.026       88910     4341298  0.559E-01
121429.021       89091     4352405  0.558E-01
121441.029       89254     4362215  0.557E-01
121453.023       89431     4373856  0.555E-01
121505.024       89575     4382526  0.555E-01
121517.025       89732     4393289  0.555E-01
121529.068       89893     4403322  0.554E-01
121541.023       90074     4414139  0.554E-01
121553.021       90213     4423315  0.554E-01
121605.042       90410     4433914  0.553E-01
121617.029       91042     4445012  0.572E-01
121629.043       91354     4455075  0.564E-01
121641.026       91561     4465071  0.559E-01
121653.025       91728     4474079  0.557E-01
121705.027       91880     4483624  0.555E-01
121717.023       92042     4493735  0.553E-01
121729.023       92228     4504688  0.552E-01
121741.022       92532     4515605  0.558E-01
121753.028       92778     4526625  0.553E-01
121805.022       92965     4537167  0.550E-01
121817.025       93217     4549246  0.547E-01
121829.027       93382     4559691  0.546E-01
121841.025       93566     4570990  0.545E-01
121853.029       93871     4582156  0.552E-01
121905.027       94110     4592282  0.548E-01
121917.026       94328     4602779  0.545E-01
121929.024       94520     4612862  0.543E-01
121941.025       94721     4624544  0.541E-01
121953.029       94919     4635294  0.540E-01
122005.025       95094     4646061  0.539E-01
122017.036       95563     4656264  0.549E-01
122029.029       95815     4667409  0.545E-01
122041.022       96011     4679100  0.543E-01
122053.024       96341     4688725  0.545E-01
122105.029       96565     4699107  0.542E-01
122117.026       96775     4710293  0.540E-01
122129.029       96934     4719410  0.538E-01
122141.029       97136     4730746  0.537E-01
122153.029       97286     4740256  0.535E-01
122205.022       97476     4749720  0.535E-01
122217.031       97671     4761488  0.534E-01
122229.028       97863     4772296  0.533E-01
122241.025       98052     4783482  0.533E-01
122253.025       98280     4794639  0.531E-01
122305.029       98409     4803295  0.530E-01
122317.028       98600     4814066  0.529E-01
122329.026       98784     4824932  0.527E-01
122341.025       98969     4835928  0.526E-01
122353.025       99142     4847453  0.526E-01
122405.029       99326     4858599  0.525E-01
122417.029       99516     4870497  0.525E-01
122429.027       99715     4881876  0.524E-01
122441.025       99905     4892087  0.524E-01
122453.029      100076     4902840  0.523E-01
122505.025      100234     4912971  0.523E-01
122517.023      100414     4923367  0.523E-01
122529.049      100636     4933137  0.524E-01
122541.025      100828     4942860  0.523E-01
122553.025      100941     4949958  0.522E-01
122605.021      101104     4959745  0.521E-01
122617.026      101289     4970553  0.520E-01
122629.024      101487     4981033  0.519E-01
122641.031      101650     4991220  0.519E-01
122653.025      101832     5001976  0.519E-01
122705.022      102001     5011368  0.518E-01
122717.029      102201     5022230  0.517E-01
122729.028      102407     5033617  0.516E-01
122741.031      102587     5044247  0.516E-01
122753.026      102770     5055861  0.515E-01
122805.028      102923     5065342  0.514E-01
122817.029      103115     5076423  0.513E-01
122829.028      103269     5087099  0.513E-01
122841.020      103448     5098460  0.513E-01
122853.029      103810     5109461  0.520E-01
122905.021      103998     5119798  0.517E-01
122917.020      104197     5130803  0.515E-01
122929.025      104410     5142186  0.513E-01
122941.025      104609     5153731  0.512E-01
122953.022      104785     5164655  0.512E-01
123005.029      104927     5173353  0.511E-01
123017.025      105109     5184141  0.510E-01
123029.029      105307     5195697  0.509E-01
123041.024      105462     5205131  0.509E-01
123053.035      105655     5215751  0.508E-01
123105.028      105866     5227445  0.507E-01
123117.029      106337     5236244  0.525E-01
123129.029      106608     5245996  0.518E-01
123141.026      106825     5256207  0.514E-01
123153.026      107034     5267211  0.512E-01
123205.025      107242     5277809  0.510E-01
123217.021      107439     5289242  0.508E-01
123229.028      107646     5300403  0.507E-01
123241.022      107819     5311732  0.506E-01
123253.032      107979     5322422  0.505E-01
123305.030      108150     5333919  0.504E-01
123317.048      108300     5342202  0.503E-01
123329.028      108448     5352221  0.502E-01
123341.028      108619     5363759  0.502E-01
123353.060      108820     5375374  0.502E-01
123405.025      109009     5387304  0.501E-01
123417.029      109144     5398572  0.500E-01
123429.022      109316     5409543  0.499E-01
123441.029      109471     5420004  0.499E-01
123453.029      109845     5429583  0.507E-01
123505.027      110083     5440866  0.504E-01
123517.023      110254     5450408  0.502E-01
123529.029      110434     5461791  0.502E-01
123541.029      110599     5471202  0.501E-01
123553.022      110792     5482270  0.500E-01
123605.028      110954     5493591  0.499E-01
123617.039      111411     5504575  0.512E-01
123629.028      111650     5514246  0.507E-01
123641.042      111886     5525205  0.505E-01
123653.029      112106     5535934  0.502E-01
123705.024      112315     5546939  0.501E-01
123717.022      112497     5557664  0.500E-01
123729.028      112731     5568773  0.501E-01
123741.028      112961     5579200  0.498E-01
123753.022      113119     5588567  0.498E-01
123805.025      113333     5599757  0.497E-01
123817.029      113499     5609844  0.496E-01
123829.027      113694     5621246  0.496E-01
123841.026      113862     5631350  0.494E-01
123853.028      114036     5640477  0.494E-01
123905.028      114214     5650874  0.492E-01
123917.026      114381     5661350  0.491E-01
123929.062      114567     5671632  0.490E-01
123941.026      114712     5681976  0.490E-01
123953.022      114892     5691690  0.489E-01
124005.029      115077     5701949  0.489E-01
124017.029      115234     5712021  0.489E-01
124029.024      115414     5723083  0.488E-01
124041.026      115567     5732316  0.487E-01
124053.024      115760     5743126  0.486E-01
124105.029      115955     5753166  0.486E-01
124117.028      116137     5763153  0.485E-01
124129.029      116311     5774354  0.485E-01
124141.029      116496     5785266  0.485E-01
124153.034      116681     5795406  0.485E-01
124205.022      116830     5804079  0.484E-01
124217.028      117012     5815243  0.484E-01
124229.029      117207     5826911  0.484E-01
124241.028      117527     5836612  0.491E-01
124253.028      117814     5848435  0.488E-01
124305.026      118014     5858735  0.486E-01
124317.025      118201     5868685  0.486E-01
124329.029      118369     5879071  0.485E-01
124341.028      118586     5890677  0.484E-01
124353.029      118753     5900404  0.483E-01
124405.047      118987     5912276  0.482E-01
124417.026      119153     5923687  0.482E-01
124429.028      119348     5934469  0.481E-01
124441.022      119555     5945893  0.482E-01
124453.025      119740     5957720  0.481E-01
124505.029      119921     5969105  0.480E-01
124517.028      120085     5977836  0.480E-01
124529.021      120275     5988993  0.479E-01
124541.024      120478     6001115  0.478E-01
124553.022      120621     6010377  0.478E-01
124605.030      120800     6020895  0.478E-01
124617.029      120988     6031957  0.477E-01
124629.025      121196     6043264  0.477E-01
124641.040      121343     6052576  0.476E-01
124653.026      121551     6063821  0.475E-01
124705.028      121720     6074235  0.474E-01
124717.024      121870     6083522  0.474E-01
124729.029      122079     6095081  0.474E-01
124741.028      122253     6105773  0.473E-01
124753.028      122436     6116699  0.473E-01
124805.026      122620     6127413  0.472E-01
124817.024      122892     6138473  0.481E-01
124829.021      123173     6149616  0.477E-01
124841.021      123378     6160670  0.475E-01
124853.029      123583     6170962  0.474E-01
124905.025      123792     6181368  0.474E-01
124917.023      123964     6190920  0.472E-01
124929.022      124167     6202631  0.472E-01
124941.039      124344     6212871  0.471E-01
124953.020      124932     6221160  0.496E-01
125005.023      125255     6231849  0.488E-01
125017.060      125525     6242285  0.484E-01
125029.026      125736     6252963  0.482E-01
125041.026      125945     6263440  0.479E-01
125053.022      126142     6274419  0.478E-01
125105.028      126340     6284383  0.476E-01
125117.030      126551     6295413  0.474E-01
125129.029      126729     6305962  0.474E-01
125141.022      126942     6317125  0.472E-01
125153.021      127126     6327689  0.471E-01
125205.029      127296     6338058  0.470E-01
125217.029      127464     6347648  0.470E-01
125229.047      127622     6357829  0.469E-01
125241.028      127817     6368377  0.469E-01
125253.029      128008     6380097  0.469E-01
125305.028      128161     6389289  0.467E-01
125317.022      128337     6399927  0.467E-01
125329.022      128558     6410276  0.467E-01
125341.029      128750     6421771  0.466E-01
125353.025      128938     6432482  0.465E-01
125405.029      129104     6441576  0.464E-01
125417.026      129365     6452222  0.470E-01
125429.029      129643     6461998  0.470E-01
125441.023      129850     6471357  0.467E-01
125453.021      130070     6482936  0.466E-01
125505.029      130297     6494736  0.465E-01
125517.022      130501     6505257  0.465E-01
125529.029      130712     6515370  0.465E-01
125541.021      130958     6526372  0.464E-01
125553.028      131160     6537393  0.462E-01
125605.026      131378     6548349  0.462E-01
125617.021      131571     6558621  0.461E-01
125629.028      131771     6570213  0.461E-01
125641.028      132257     6581322  0.471E-01
125653.028      132516     6592350  0.467E-01
125705.018      132738     6603588  0.465E-01
125717.027      132934     6614263  0.464E-01
125729.029      133151     6625706  0.463E-01
125741.026      133331     6635053  0.462E-01
125753.029      133542     6646282  0.461E-01
125805.025      133754     6657319  0.460E-01
125817.022      133958     6668324  0.460E-01
125829.064      134152     6679931  0.459E-01
125841.028      134360     6690451  0.459E-01
125853.022      134565     6701010  0.459E-01
125905.029      134759     6712184  0.458E-01
125917.028      134975     6723072  0.458E-01
125929.029      135193     6733848  0.457E-01
125941.028      135425     6744240  0.457E-01
125953.029      135545     6751613  0.457E-01
130005.029      135743     6762752  0.456E-01
130017.022      135951     6772762  0.455E-01
130029.028      136386     6781937  0.477E-01
130041.022      136685     6792262  0.467E-01
130053.025      136967     6803615  0.463E-01
130105.026      137231     6814445  0.461E-01
130117.052      137463     6824285  0.458E-01
130129.026      137652     6834536  0.456E-01
130141.025      137859     6845524  0.456E-01
130153.036      138066     6856119  0.455E-01
130205.021      138274     6866700  0.454E-01
130217.025      138447     6876391  0.454E-01
130229.039      138683     6887565  0.453E-01
130241.026      138896     6898244  0.453E-01
130253.023      139119     6909505  0.451E-01
130305.023      139318     6920921  0.450E-01
130317.028      139500     6931275  0.450E-01
130329.039      139713     6942626  0.450E-01
130341.029      139860     6952325  0.449E-01
130353.060      140022     6962016  0.450E-01
130405.021      140250     6973045  0.449E-01
130417.029      140412     6980966  0.449E-01
130429.023      140595     6992273  0.448E-01
130441.026      140771     7002284  0.448E-01
130453.023      140990     7013242  0.448E-01
130505.063      141207     7024548  0.446E-01
130517.026      141427     7035548  0.447E-01
130529.026      141638     7046530  0.446E-01
130541.029      141831     7057210  0.446E-01
130553.028      142004     7067362  0.445E-01
130605.030      142210     7078738  0.445E-01
130617.028      142386     7088818  0.445E-01
130629.025      142605     7100020  0.445E-01
130641.022      142809     7111165  0.444E-01
130653.026      143012     7121693  0.444E-01
130705.023      143193     7132661  0.444E-01
130717.023      143400     7142958  0.444E-01
130729.026      143903     7154442  0.455E-01
130741.028      144165     7165720  0.451E-01
130753.026      144435     7177246  0.449E-01
130805.023      144614     7186933  0.448E-01
130817.029      144806     7196702  0.448E-01
130829.038      145047     7207726  0.447E-01
130841.021      145227     7217475  0.446E-01
130853.023      145489     7227548  0.448E-01
130905.025      145766     7239456  0.447E-01
130917.029      146006     7249926  0.445E-01
130929.033      146211     7260246  0.445E-01
130941.035      146446     7271287  0.445E-01
130953.023      146654     7281588  0.444E-01
131005.028      146837     7290208  0.444E-01
131017.025      146998     7299091  0.443E-01
131029.029      147221     7309612  0.443E-01
131041.026      147382     7319207  0.442E-01
131053.028      147527     7328286  0.441E-01
131105.069      147710     7338456  0.441E-01
131117.022      147911     7349309  0.441E-01
131129.030      148055     7358215  0.441E-01
131141.035      148239     7369306  0.441E-01
131153.029      148448     7380669  0.442E-01
131205.023      148671     7392317  0.440E-01
131217.033      148834     7401761  0.441E-01
131229.030      149316     7413210  0.463E-01
131241.030      149592     7422197  0.455E-01
131253.029      149844     7431574  0.451E-01
131305.025      150005     7440474  0.450E-01
131317.028      150183     7449276  0.448E-01
131329.046      150343     7457764  0.447E-01
131341.028      150531     7466967  0.446E-01
131353.038      150696     7474529  0.445E-01
131405.025      150874     7484972  0.445E-01
131417.026      151059     7495094  0.444E-01
131429.028      151230     7503781  0.444E-01
131441.022      151437     7514863  0.443E-01
131453.029      151641     7525574  0.443E-01
131505.027      151820     7535316  0.442E-01
131517.041      152013     7546316  0.441E-01
131529.030      152199     7555325  0.442E-01
131541.027      152417     7566312  0.441E-01
131553.037      152565     7575171  0.440E-01
131605.025      152746     7586997  0.439E-01
131617.028      152925     7597754  0.439E-01
131629.023      153053     7605024  0.438E-01
131641.044      153220     7614278  0.438E-01
131653.029      153395     7624293  0.438E-01
131705.022      153616     7634328  0.442E-01
131717.027      153858     7645122  0.440E-01
131729.029      154012     7653641  0.439E-01
131741.022      154214     7663447  0.439E-01
131753.025      154376     7672745  0.439E-01
131805.025      154496     7682230  0.438E-01
131817.025      154864     7691448  0.444E-01
131829.064      155094     7701491  0.442E-01
131841.022      155269     7709544  0.441E-01
131853.022      155450     7719283  0.439E-01
131905.044      155710     7727864  0.443E-01
131917.027      155910     7736637  0.442E-01
131929.026      156121     7745935  0.440E-01
131941.028      156290     7754296  0.440E-01
131953.026      156522     7766206  0.439E-01
132005.025      156684     7776217  0.438E-01
132017.028      156968     7786730  0.439E-01
132029.028      157195     7793984  0.442E-01
132041.033      157446     7805409  0.440E-01
132053.023      157831     7816436  0.447E-01
132105.029      158032     7825166  0.444E-01
132117.040      158449     7836124  0.448E-01
132129.026      158687     7846131  0.445E-01
132141.032      158891     7855010  0.443E-01
132153.029      159010     7861048  0.442E-01
132205.042      159477     7867229  0.464E-01
132217.025      159730     7874323  0.455E-01
132229.057      159958     7882905  0.450E-01
132241.019      160133     7890029  0.449E-01
132253.027      160278     7896387  0.447E-01
132305.027      160432     7903799  0.445E-01
132317.023      160625     7914009  0.443E-01
132329.028      160853     7924899  0.442E-01
132341.023      161083     7937320  0.440E-01
132353.022      161294     7947682  0.439E-01
132405.029      161492     7957342  0.437E-01
132417.023      161708     7968408  0.436E-01
132429.021      161888     7978787  0.435E-01
132441.022      162057     7988287  0.434E-01
132453.049      162224     7996697  0.434E-01
132505.028      162425     8007553  0.432E-01
132517.024      162574     8016903  0.432E-01
132529.029      162727     8025956  0.431E-01
132541.029      162894     8035873  0.432E-01
132553.040      163379     8043919  0.451E-01
132605.028      163715     8054843  0.443E-01
132617.026      163992     8065874  0.438E-01
132629.052      164249     8076936  0.435E-01
132641.028      164445     8087204  0.433E-01
132653.022      164558     8093322  0.433E-01
132705.029      164662     8099371  0.433E-01
132717.023      164846     8108791  0.431E-01
132729.022      165039     8118478  0.430E-01
132741.022      165210     8127810  0.429E-01
132753.023      165401     8138033  0.428E-01
132805.043      165589     8148182  0.427E-01
132817.021      165772     8158671  0.427E-01
132829.022      165898     8164848  0.427E-01
132841.023      166097     8176255  0.426E-01
132853.023      166293     8186887  0.426E-01
132905.022      166496     8198262  0.425E-01
132917.024      166706     8208633  0.425E-01
132929.022      166890     8218859  0.425E-01
132941.023      167097     8229532  0.424E-01
132953.033      167269     8238434  0.423E-01
133005.021      167387     8244722  0.423E-01
133017.036      167582     8254953  0.423E-01
133029.034      167738     8263638  0.422E-01
133041.022      167912     8273699  0.422E-01
133053.027      168056     8280522  0.421E-01
133105.022      168213     8287922  0.421E-01
133117.031      168390     8298065  0.420E-01
133129.020      168566     8308056  0.419E-01
133141.027      168749     8318574  0.420E-01
133153.022      168931     8327977  0.419E-01
133205.023      169113     8339306  0.419E-01
133217.021      169327     8350893  0.418E-01
133229.023      169508     8361507  0.418E-01
133241.031      169649     8368942  0.418E-01
133253.029      169826     8378163  0.418E-01
133305.020      170033     8389275  0.417E-01
133317.036      170524     8399436  0.431E-01
133329.023      170759     8408634  0.427E-01
133341.027      170956     8416712  0.424E-01
133353.027      171208     8427044  0.423E-01
133405.022      171448     8438039  0.421E-01
133417.029      171650     8448834  0.419E-01
133429.022      171838     8459786  0.418E-01
133441.023      172055     8471699  0.418E-01
133453.021      172249     8481554  0.418E-01
133505.022      172415     8490974  0.417E-01
133517.021      172595     8501189  0.416E-01
133529.023      172836     8509339  0.422E-01
133541.022      173042     8518158  0.419E-01
133553.023      173242     8527035  0.417E-01
133605.064      173418     8536369  0.416E-01
133617.042      173624     8545523  0.415E-01
133629.022      173797     8555256  0.414E-01
133641.023      174012     8566204  0.414E-01
133653.021      174175     8575139  0.413E-01
133705.022      174323     8582684  0.412E-01
133717.023      174531     8592727  0.412E-01
133729.022      174724     8602425  0.411E-01
133741.022      174880     8611002  0.410E-01
133753.023      175090     8621785  0.410E-01
133805.071      175250     8630565  0.410E-01
133817.025      175452     8639952  0.409E-01
133829.060      175595     8647787  0.409E-01
133841.024      175788     8656909  0.409E-01
133853.020      175977     8665936  0.409E-01
133905.022      176199     8675795  0.409E-01
133917.026      176406     8686637  0.409E-01
133929.023      176600     8697283  0.407E-01
133941.023      176804     8707020  0.407E-01
133953.028      176978     8717535  0.407E-01
134005.041      177140     8726215  0.407E-01
134017.039      177324     8735256  0.407E-01
134029.022      177501     8744424  0.407E-01
134041.023      177719     8755124  0.406E-01
134053.021      177943     8765448  0.406E-01
134105.030      178172     8775959  0.405E-01
134117.022      178383     8786552  0.405E-01
134129.023      178573     8797524  0.405E-01
134141.023      178767     8808305  0.405E-01
134153.021      178943     8818492  0.405E-01
134205.022      179138     8829743  0.405E-01
134217.027      179297     8838668  0.405E-01
134229.041      179507     8849109  0.404E-01
134241.027      179701     8860089  0.404E-01
134253.022      179899     8870959  0.405E-01
134305.021      180114     8879706  0.404E-01
134317.023      180302     8890321  0.404E-01
134329.021      180508     8901339  0.404E-01
134341.021      180740     8911517  0.403E-01
134353.023      180914     8920357  0.403E-01
134405.043      181094     8930207  0.402E-01
134417.048      181243     8938457  0.402E-01
134429.041      181381     8945710  0.401E-01
134441.029      181586     8955710  0.401E-01
134453.028      181787     8965423  0.401E-01
134505.033      182002     8975344  0.401E-01
134517.022      182193     8983902  0.401E-01
134529.031      182341     8992145  0.401E-01
134541.022      182559     9002845  0.401E-01
134553.062      182765     9010935  0.401E-01
134605.025      183012     9022065  0.400E-01
134617.023      183218     9032424  0.400E-01
134629.023      183413     9042436  0.400E-01
134641.022      183605     9051350  0.400E-01
134653.065      183956     9061751  0.404E-01
134705.022      184166     9071148  0.403E-01
134717.019      184351     9081208  0.402E-01
134729.020      184573     9091992  0.401E-01
134741.045      184756     9101764  0.401E-01
134753.021      184909     9109470  0.400E-01
134805.029      185111     9119221  0.400E-01
134817.038      185348     9128480  0.401E-01
134829.021      185531     9137097  0.400E-01
134841.022      185681     9144525  0.400E-01
134853.029      185926     9153202  0.404E-01
134905.058      186118     9161160  0.402E-01
134917.022      186310     9170277  0.401E-01
134929.030      186554     9181173  0.400E-01
134941.022      186746     9190411  0.400E-01
134953.024      186950     9200571  0.399E-01
135005.022      187117     9209020  0.398E-01
135017.021      187302     9218242  0.399E-01
135029.036      187489     9226990  0.399E-01
135041.026      187664     9234828  0.398E-01
135053.023      187858     9244733  0.397E-01
135105.027      188068     9254643  0.397E-01
135117.023      188379     9265494  0.402E-01
135129.022      188568     9273161  0.400E-01
135141.022      188772     9282552  0.399E-01
135153.023      188991     9293329  0.399E-01
135205.023      189211     9304775  0.398E-01
135217.029      189409     9314126  0.398E-01
135229.022      189617     9324548  0.397E-01
135241.019      189793     9333744  0.397E-01
135253.029      189979     9344587  0.396E-01
135305.022      190185     9355039  0.396E-01
135317.023      190415     9366525  0.396E-01
135329.020      190605     9377056  0.397E-01
135341.029      190807     9386827  0.396E-01
135353.021      191003     9396549  0.396E-01
135405.024      191176     9404767  0.396E-01
135417.021      191371     9415041  0.395E-01
135429.057      191556     9422560  0.396E-01
135441.024      191752     9431964  0.395E-01
135453.022      191896     9440085  0.394E-01
135505.027      192116     9449998  0.394E-01
135517.022      192262     9458047  0.394E-01
135529.030      192466     9467887  0.394E-01
135541.022      192642     9476536  0.394E-01
135553.025      192848     9486638  0.394E-01
135605.022      193033     9494822  0.394E-01
135617.038      193214     9503441  0.394E-01
135629.049      193417     9513662  0.393E-01
135641.023      193639     9524636  0.393E-01
135653.022      193833     9534359  0.393E-01
135705.021      194044     9544336  0.393E-01
135717.021      194168     9553922  0.393E-01
135729.021      194347     9564519  0.392E-01
135741.031      194543     9574076  0.393E-01
135753.023      194716     9582914  0.393E-01
135805.026      194925     9592881  0.392E-01
135817.051      195089     9602305  0.392E-01
135829.038      195247     9610988  0.392E-01
135841.023      195698     9620162  0.401E-01
135853.027      195919     9630027  0.398E-01
135905.060      196120     9640328  0.397E-01
135917.023      196306     9648767  0.397E-01
135929.022      196582     9657795  0.401E-01
135941.032      196862     9668772  0.398E-01
135953.027      197092     9679457  0.398E-01
140005.035      197284     9688455  0.397E-01
140017.023      197482     9698103  0.396E-01
140029.026      197714     9707471  0.395E-01
140041.028      197866     9715958  0.394E-01
140053.028      198001     9722713  0.394E-01
140105.028      198370     9730399  0.408E-01
140117.029      198535     9736028  0.403E-01
140129.024      198797     9745884  0.399E-01
140141.069      199019     9755382  0.398E-01
140153.040      199245     9765908  0.396E-01
140205.026      199454     9775772  0.395E-01
140217.028      199669     9785295  0.396E-01
140229.029      199897     9796258  0.394E-01
140241.037      200103     9806601  0.394E-01
140253.023      200234     9815917  0.393E-01
140305.025      200446     9826272  0.393E-01
140317.030      200628     9836036  0.393E-01
140329.023      200856     9847085  0.393E-01
140341.027      201080     9857299  0.393E-01
140353.025      201294     9867359  0.392E-01
140405.029      201484     9875509  0.392E-01
140417.021      201692     9887218  0.391E-01
140429.026      201900     9897801  0.391E-01
140441.035      202431     9908221  0.404E-01
140453.029      202657     9917706  0.400E-01
140505.027      202890     9928612  0.398E-01
140517.026      203138     9939344  0.398E-01
140529.022      203402     9950633  0.396E-01
140541.029      203623     9959851  0.395E-01
140553.034      203818     9969098  0.394E-01
140605.023      204058     9980446  0.393E-01
140617.025      204302     9991813  0.392E-01
140629.021      204532    10002512  0.392E-01
140641.021      204754    10012990  0.391E-01
140653.026      204975    10023742  0.390E-01
140705.023      205180    10033833  0.390E-01
140717.021      205443    10044498  0.390E-01
140729.023      205660    10054710  0.389E-01
140741.023      205872    10065611  0.389E-01
140753.022      206019    10072180  0.390E-01
140805.024      206223    10082166  0.389E-01
140817.023      206429    10091790  0.388E-01
140829.020      206646    10101570  0.389E-01
140841.031      206781    10108325  0.389E-01
140853.029      207243    10117714  0.400E-01
140905.023      207521    10128266  0.396E-01
140917.021      207799    10138767  0.393E-01
140929.022      208016    10147773  0.392E-01
140941.023      208224    10157528  0.391E-01
140953.022      208413    10166917  0.391E-01
141005.038      208652    10177685  0.390E-01
141017.022      208864    10187264  0.390E-01
141029.025      209064    10196391  0.389E-01
141041.022      209249    10206085  0.389E-01
141053.029      209441    10215284  0.388E-01
141105.023      209546    10220467  0.388E-01
141117.055      209601    10222342  0.388E-01
141129.076      209633    10224022  0.388E-01
141141.055      209665    10225504  0.388E-01
141153.035      209695    10227745  0.388E-01
141205.031      209904    10232264  0.393E-01
141217.022      210042    10237819  0.392E-01
141229.026      210230    10246388  0.391E-01
141241.022      210341    10250548  0.390E-01
141253.023      210444    10255084  0.389E-01
141305.050      210556    10260301  0.388E-01
141317.056      210668    10265602  0.388E-01
141329.028      210766    10269811  0.388E-01
141341.052      210886    10274550  0.387E-01
141353.043      210994    10279097  0.387E-01
141405.051      211106    10284714  0.388E-01
141417.032      211214    10288879  0.387E-01
141429.022      211338    10295149  0.387E-01
141441.022      211458    10300809  0.387E-01
141453.030      211551    10304994  0.387E-01
141505.029      211642    10309236  0.387E-01
141517.046      211761    10314842  0.387E-01
141529.048      211848    10318163  0.387E-01
141541.025      211974    10323330  0.386E-01
141553.021      212162    10332593  0.386E-01
141605.029      212340    10340241  0.385E-01
141617.020      212573    10351353  0.385E-01
141629.021      212962    10366144  0.386E-01
141641.021      213300    10381474  0.384E-01
141653.019      213621    10395982  0.384E-01
141705.019      213896    10410937  0.383E-01
141717.019      214522    10426285  0.389E-01
141729.018      214885    10441905  0.386E-01
141741.021      215193    10457074  0.384E-01
141753.019      215524    10472324  0.384E-01
141805.021      215898    10487309  0.384E-01
141817.019      216266    10502363  0.383E-01
141829.020      216601    10517474  0.382E-01
141841.021      216952    10532810  0.382E-01
141853.020      217259    10548115  0.381E-01
141905.021      217602    10563676  0.381E-01
141917.018      217930    10579559  0.381E-01
141929.019      218242    10595297  0.380E-01
141941.022      218554    10610937  0.379E-01
141953.021      218857    10626424  0.378E-01
142005.020      219194    10642230  0.377E-01
142017.021      219496    10657984  0.378E-01
142029.018      219822    10674038  0.378E-01
142041.019      220164    10690059  0.377E-01
142053.019      220509    10705783  0.377E-01
142105.020      220859    10721574  0.376E-01
142117.021      221228    10737339  0.376E-01
142129.024      221567    10753076  0.376E-01
142141.021      221929    10768783  0.376E-01
142153.021      222259    10784399  0.376E-01
142205.020      222568    10800172  0.375E-01
142217.021      222890    10815949  0.374E-01
142229.021      223184    10831684  0.374E-01
142241.019      223547    10847465  0.374E-01
142253.021      223893    10863100  0.374E-01
142305.021      224242    10878916  0.374E-01
142317.024      224611    10894687  0.373E-01
142329.020      224935    10910420  0.373E-01
142341.021      225276    10926379  0.373E-01
142353.020      225593    10942026  0.373E-01
142405.020      225906    10958080  0.373E-01
142417.020      226228    10973845  0.374E-01
142429.025      226525    10988931  0.374E-01
142441.021      226884    11004700  0.374E-01
142453.020      227196    11020298  0.373E-01
142505.020      227529    11035251  0.373E-01
142517.020      227879    11050977  0.372E-01
142529.020      228214    11066719  0.373E-01
142541.025      228915    11082408  0.388E-01
142553.019      229331    11098351  0.381E-01
142605.018      229724    11114454  0.379E-01
142617.024      230066    11130296  0.376E-01
142629.024      230402    11146216  0.380E-01
142641.019      231057    11162190  0.382E-01
142653.021      231434    11177788  0.379E-01
142705.025      231758    11193723  0.377E-01
142717.018      232052    11209737  0.376E-01
142729.019      232390    11225801  0.375E-01
142741.025      232719    11241919  0.375E-01
142753.024      233045    11257888  0.374E-01
142805.020      233338    11272510  0.373E-01
142817.021      233639    11288128  0.373E-01
142829.021      233927    11303801  0.373E-01
142841.019      234231    11319431  0.372E-01
142853.021      234547    11334149  0.372E-01
142905.019      234829    11349028  0.371E-01
142917.017      235112    11364114  0.371E-01
142929.019      235419    11379458  0.371E-01
142941.023      235721    11394866  0.371E-01
142953.020      236081    11410124  0.371E-01
143005.020      236344    11425085  0.371E-01
143017.020      236649    11440337  0.371E-01
143029.021      236957    11455426  0.371E-01
143041.020      237292    11470547  0.371E-01
143053.024      237629    11485988  0.370E-01
143105.020      237937    11501597  0.369E-01
143117.021      238266    11517142  0.370E-01
143129.029      238605    11532471  0.369E-01
143141.020      238908    11547424  0.369E-01
143153.021      239215    11562486  0.368E-01
143205.025      239493    11577713  0.368E-01
143217.020      240005    11593560  0.378E-01
143229.024      240434    11609382  0.373E-01
143241.023      240769    11625365  0.371E-01
143253.021      241542    11641149  0.385E-01
143305.026      241984    11656237  0.378E-01
143317.021      242333    11670973  0.375E-01
143329.021      242658    11686012  0.373E-01
143341.021      242994    11701254  0.372E-01
143353.020      243295    11716256  0.371E-01
143405.025      243612    11731338  0.369E-01
143417.021      243913    11746439  0.369E-01
143429.020      244216    11761722  0.368E-01
143441.025      244552    11777392  0.368E-01
143453.021      244898    11792686  0.368E-01
143505.020      245207    11808089  0.368E-01
143517.019      245538    11823405  0.367E-01
143529.019      245840    11838290  0.366E-01
143541.019      246137    11854028  0.366E-01
143553.019      246491    11869438  0.365E-01
143605.020      246814    11885060  0.365E-01
143617.018      247147    11900666  0.365E-01
143629.018      247472    11915471  0.365E-01
143641.021      247802    11930168  0.365E-01
143653.020      248106    11944582  0.364E-01
143705.019      248419    11959242  0.363E-01
143717.019      248710    11974001  0.363E-01
143729.019      249018    11988679  0.363E-01
143741.020      249331    12003770  0.362E-01
143753.019      249629    12019124  0.362E-01
143805.021      249963    12033826  0.362E-01
143817.019      250265    12049450  0.362E-01
143829.025      250587    12064267  0.362E-01
143841.019      250915    12078802  0.362E-01
143853.019      251286    12094308  0.363E-01
143905.023      251623    12110419  0.362E-01
143917.020      251970    12126402  0.362E-01
143929.021      252323    12142369  0.361E-01
143941.020      252659    12157990  0.362E-01
143953.021      252975    12172544  0.362E-01
144005.023      253296    12187332  0.362E-01
144017.019      253655    12202908  0.361E-01
144029.019      253971    12217206  0.361E-01
144041.019      254304    12233260  0.360E-01
144053.021      254618    12248507  0.360E-01
144105.020      254888    12260846  0.360E-01
144117.019      255137    12271447  0.360E-01
144129.019      255387    12283689  0.359E-01
144141.019      255651    12296427  0.359E-01
144153.020      255927    12309090  0.359E-01
144205.019      256197    12322200  0.359E-01
144217.018      256528    12336983  0.359E-01
144229.019      256822    12352176  0.358E-01
144241.021      257112    12367374  0.358E-01
144253.019      257448    12382563  0.358E-01
144305.019      257756    12397840  0.358E-01
144317.019      258106    12413165  0.357E-01
144329.019      258428    12428359  0.358E-01
144341.020      258732    12443684  0.358E-01
144353.021      259087    12458873  0.358E-01
144405.021      259422    12474047  0.357E-01
144417.021      259754    12488052  0.357E-01
144429.020      260053    12500795  0.358E-01
144441.020      260397    12514679  0.357E-01
144453.019      260717    12528538  0.357E-01
144505.020      261016    12542966  0.358E-01
144517.021      261392    12558591  0.357E-01
144529.020      261738    12573853  0.357E-01
144541.019      262116    12589518  0.357E-01
144553.021      262494    12604795  0.357E-01
144605.021      262835    12619411  0.357E-01
144617.019      263116    12631015  0.356E-01
144629.019      263633    12646613  0.363E-01
144641.019      264038    12661983  0.361E-01
144653.021      264393    12677295  0.360E-01
144705.020      265000    12692746  0.367E-01
144717.019      265420    12708324  0.364E-01
144729.020      265753    12723302  0.361E-01
144741.020      266061    12738629  0.359E-01
144753.025      266422    12754033  0.359E-01
144805.020      266735    12769612  0.359E-01
144817.020      267031    12785043  0.358E-01
144829.018      267380    12800713  0.358E-01
144841.021      267720    12816441  0.356E-01
144853.021      268094    12832059  0.356E-01
144905.025      268456    12847730  0.355E-01
144917.020      268780    12863616  0.355E-01
144929.020      269140    12879292  0.355E-01
144941.025      269528    12895111  0.354E-01
144953.019      269877    12910980  0.354E-01
145005.021      270222    12926466  0.354E-01
145017.020      270503    12941387  0.354E-01
145029.022      270951    12955848  0.359E-01
145041.020      271503    12970454  0.368E-01
