 Results from RMCProfile version 6.7.9.5

 (Version 6f format configuration file)                                          

 1 experiments   3 partials

 Partial g(r)'s are printed out below

   186  3 are NR and NPAR

   r (Ang)
   0.06545     0.00000     0.00000     0.00000
   0.13090     0.00000     0.00000     0.00000
   0.19635     0.00000     0.00000     0.00000
   0.26180     0.00000     0.00000     0.00000
   0.32725     0.00000     0.00000     0.00000
   0.39271     0.00000     0.00000     0.00000
   0.45816     0.00000     0.00000     0.00000
   0.52361     0.00000     0.00000     0.00000
   0.58906     0.00000     0.00000     0.00000
   0.65451     0.00000     0.00000     0.00000
   0.71996     0.00000     0.00000     0.00000
   0.78541     0.00000     0.00000     0.00000
   0.85086     0.00000     0.00000     0.00000
   0.91631     0.00000     0.00000     0.00000
   0.98176     0.00000     0.00000     0.00000
   1.04721     0.00000     0.00000     0.00000
   1.11267     0.00000     0.00000     0.00000
   1.17812     0.00000     0.00000     0.00000
   1.24357     0.00000     0.00000     0.00000
   1.30902     0.00000     0.00000     0.00000
   1.37447     0.00000     0.00000     0.00000
   1.43992     0.00000     0.62434     0.00000
   1.50537     0.00000     2.67893     0.00000
   1.57082     0.00000     3.96192     0.00000
   1.63627     0.00000     4.25157     0.00000
   1.70172     0.00000     3.39132     0.00000
   1.76718     0.00000     3.28774     0.00000
   1.83263     0.00000     3.34954     0.00000
   1.89808     0.00000     3.50666     0.00000
   1.96353     0.00000     3.34628     0.00000
   2.02898     0.00000     2.00612     0.00000
   2.09443     0.00000     0.89556     0.00000
   2.15988     0.00000     0.31579     0.00000
   2.22533     0.00000     0.22537     0.00000
   2.29078     0.00000     0.36580     0.00000
   2.35623     0.00000     2.66159     0.02412
   2.42168     0.00000     0.00000     0.06851
   2.48714     0.00000     0.00000     0.13712
   2.55259     0.00000     0.00000     0.47276
   2.61804     0.00000     0.07816     1.42642
   2.68349     0.00000     0.31617     2.66579
   2.74894     0.00000     0.51398     2.53446
   2.81439     0.00000     0.40017     2.06287
   2.87984     1.18425     0.41987     1.65257
   2.94529     1.89388     0.27276     1.53877
   3.01074     1.77303     0.36446     1.71393
   3.07619     1.92484     0.50952     2.13242
   3.14164     2.06259     0.60611     2.29328
   3.20710     1.54522     0.59465     1.95322
   3.27255     1.00047     0.35433     1.39232
   3.33800     0.48081     0.25643     1.16997
   3.40345     0.55499     0.21198     1.47999
   3.46890     0.57877     0.24857     5.07908
   3.53435     1.00070     0.29306     0.04646
   3.59980     5.33311     0.49610     0.08268
   3.66525     0.09305     0.83413     0.18278
   3.73070     0.33359     1.08097     0.32397
   3.79615     0.50807     1.57378     0.50187
   3.86161     0.65865     1.51190     0.51195
   3.92706     0.66004     1.38376     0.48924
   3.99251     0.69459     1.28555     0.51254
   4.05796     0.66152     1.23900     0.49885
   4.12341     0.68270     1.39691     0.61180
   4.18886     0.81419     1.47827     0.60810
   4.25431     1.08534     1.67240     0.77207
   4.31976     1.30152     1.50727     0.74646
   4.38521     0.97508     1.49512     0.71041
   4.45066     1.03676     1.36131     0.71897
   4.51611     1.12951     1.27398     0.73112
   4.58157     1.36120     1.39523     0.78907
   4.64702     1.05850     1.36448     0.93239
   4.71247     1.25447     1.26050     0.88054
   4.77792     1.13428     1.18904     0.78618
   4.84337     1.12667     1.04674     0.81265
   4.90882     1.23764     1.07645     0.79113
   4.97427     1.29911     1.12950     0.80473
   5.03972     1.51167     1.09157     0.86482
   5.10517     1.15112     1.04834     0.98667
   5.17062     1.31587     1.01529     1.06706
   5.23607     1.08126     0.98518     1.14802
   5.30153     0.87047     0.85617     1.29458
   5.36698     1.13455     0.86951     1.28335
   5.43243     1.22235     0.94097     1.39935
   5.49788     1.11071     0.80054     1.37362
   5.56333     1.24052     0.78326     1.42227
   5.62878     1.16111     0.67074     1.40770
   5.69423     0.95832     0.68432     1.42923
   5.75968     1.06586     0.66886     1.45749
   5.82513     1.06310     0.69733     1.37098
   5.89058     1.23517     0.67420     1.41659
   5.95604     1.03198     0.72113     1.22831
   6.02149     1.12788     0.74864     1.22146
   6.08694     0.91578     0.76998     1.13870
   6.15239     1.06152     0.77845     1.04501
   6.21784     1.03005     0.93190     1.03005
   6.28329     0.89562     0.93181     0.96460
   6.34874     0.98359     0.98137     0.84070
   6.41419     0.82472     1.08298     0.77588
   6.47964     0.85918     1.08354     0.73371
   6.54509     0.79623     1.14223     0.74203
   6.61054     0.61299     1.22087     0.65283
   6.67600     0.66914     1.22509     0.65913
   6.74145     0.64050     1.26331     0.67586
   6.80690     0.65907     1.25937     0.70243
   6.87235     0.71842     1.19201     0.71180
   6.93780     0.58991     1.22899     0.76151
   7.00325     0.69546     1.15788     0.75462
   7.06870     0.76484     1.14994     0.78896
   7.13415     0.82104     1.19385     0.88420
   7.19960     0.69249     1.13693     0.90523
   7.26505     0.80526     1.08439     0.93806
   7.33050     0.86073     1.02523     0.95046
   7.39596     0.76068     1.04471     1.04879
   7.46141     0.90457     1.00962     1.06095
   7.52686     0.97717     0.98820     1.05755
   7.59231     0.96969     0.96891     1.19042
   7.65776     1.08718     0.93643     1.07956
   7.72321     1.12571     0.91988     1.11898
   7.78866     1.12748     0.93024     1.08038
   7.85411     1.18983     0.91987     1.13193
   7.91956     1.24997     0.92893     1.10618
   7.98501     1.32479     0.92217     1.10702
   8.05046     1.29231     0.84868     1.14076
   8.11592     1.32577     0.86758     1.15632
   8.18137     1.24862     0.83975     1.13256
   8.24682     1.30503     0.85011     1.17308
   8.31227     1.38536     0.82772     1.18376
   8.37772     1.36380     0.85301     1.16851
   8.44317     1.36528     0.84046     1.10976
   8.50862     1.28762     0.87815     1.12605
   8.57407     1.28261     0.91581     1.07492
   8.63952     1.24890     0.90617     1.05331
   8.70497     1.21134     0.94208     1.01337
   8.77043     1.13296     1.02849     1.02094
   8.83588     1.10938     1.00759     0.97728
   8.90133     1.08411     1.04128     0.95451
   8.96678     0.89731     1.06723     0.89843
   9.03223     0.97630     1.14485     0.83894
   9.09768     0.92562     1.11819     0.86575
   9.16313     0.97838     1.15332     0.79865
   9.22858     0.84084     1.13964     0.86233
   9.29403     0.81663     1.15827     0.83265
   9.35948     0.79506     1.17933     0.76855
   9.42493     0.75591     1.17507     0.81471
   9.49039     0.71974     1.14702     0.83573
   9.55584     0.65711     1.13674     0.88495
   9.62129     0.71186     1.14786     0.89562
   9.68674     0.66612     1.12478     0.96825
   9.75219     0.61965     1.03087     1.00177
   9.81764     0.72073     1.02458     0.99865
   9.88309     0.72036     1.01746     1.00100
   9.94854     0.76143     1.00276     1.08080
  10.01399     0.85124     0.97278     1.13216
  10.07944     0.81033     0.94568     1.11487
  10.14489     0.83635     0.94003     1.08231
  10.21035     0.92673     0.90275     1.09418
  10.27580     1.03504     0.88790     1.09297
  10.34125     1.07542     0.91678     1.12134
  10.40670     1.01741     0.91188     1.09945
  10.47215     1.12523     0.87812     1.09877
  10.53760     1.10969     0.86886     1.07471
  10.60305     1.18975     0.87286     1.07856
  10.66850     1.15480     0.85041     1.09518
  10.73395     1.27406     0.88928     1.08109
  10.79940     1.14382     0.90265     1.03549
  10.86486     1.24959     0.89748     1.00225
  10.93031     1.23916     0.93908     1.00747
  10.99576     1.10333     0.92425     0.98960
  11.06121     1.20854     0.97501     1.00420
  11.12666     1.15975     0.95636     0.96069
  11.19211     1.10630     0.99546     0.96695
  11.25756     1.12448     1.00999     0.94341
  11.32301     1.13798     1.01959     0.93671
  11.38846     1.04095     1.03682     0.93148
  11.45391     1.07400     1.03521     0.89977
  11.51936     1.04838     1.08572     0.89025
  11.58482     1.02858     1.06717     0.88055
  11.65027     1.00785     1.10521     0.91607
  11.71572     0.93026     1.05484     0.93612
  11.78117     0.95083     1.07982     0.91545
  11.84662     0.94290     1.09051     0.92254
  11.91207     0.85202     1.05999     0.95554
  11.97752     0.92863     1.10166     0.94077
  12.04297     0.87916     1.04877     0.98628
  12.10842     0.80513     1.06426     1.01037
  12.17387     0.80975     1.04833     1.01218

PDF 1 in D(r) format
  r, PDF (RMC), PDF (Expt)
 CURVES
         186 ,           2
      0.0654509       -0.0518487       -0.0518487
      0.1309019       -0.1036974       -0.1036974
      0.1963528       -0.1555461       -0.1555461
      0.2618037       -0.2073949       -0.2073949
      0.3272547       -0.2592436       -0.2592436
      0.3927056       -0.3110923       -0.3110923
      0.4581565       -0.3629410       -0.3629410
      0.5236075       -0.4147897       -0.4147897
      0.5890584       -0.4666384       -0.4666384
      0.6545093       -0.5184872       -0.5184872
      0.7199603       -0.5703359       -0.5703359
      0.7854112       -0.6221846       -0.6221846
      0.8508621       -0.6740333       -0.6740333
      0.9163131       -0.7258820       -0.7258820
      0.9817640       -0.7777307       -0.7777307
      1.0472149       -0.8295794       -0.8295794
      1.1126659       -0.8814282       -0.8814282
      1.1781168       -1.1099156       -0.9332769
      1.2435677       -1.1843846       -0.8534496
      1.3090187       -1.0728269       -0.6131118
      1.3744696       -0.7709855       -0.2675095
      1.4399206       -0.3340354        0.1694371
      1.5053715        0.1575202        0.6565243
      1.5708224        0.6273318        1.1273298
      1.6362734        1.0121026        1.5020358
      1.7017243        1.2565373        1.7065797
      1.7671752        1.3128090        1.6929626
      1.8326262        1.1549923        1.4532894
      1.8980771        0.8000954        1.0222271
      1.9635280        0.3158437        0.4671657
      2.0289790       -0.1978098       -0.1297703
      2.0944299       -0.6467194       -0.6909222
      2.1598808       -0.9773635       -1.1570597
      2.2253318       -1.1868511       -1.4928737
      2.2907827       -1.3040715       -1.6848480
      2.3562336       -1.3578730       -1.7351978
      2.4216846       -1.3552405       -1.6560100
      2.4871355       -1.2823832       -1.4660184
      2.5525864       -1.1236388       -1.1899441
      2.6180374       -0.8814379       -0.8585565
      2.6834883       -0.5828951       -0.5073901
      2.7489392       -0.2708398       -0.1732126
      2.8143902        0.0117771        0.1110648
      2.8798411        0.2332994        0.3213035
      2.9452920        0.3764287        0.4451695
      3.0107430        0.4363312        0.4824624
      3.0761939        0.4189923        0.4430559
      3.1416448        0.3409402        0.3435209
      3.2070958        0.2270381        0.2036099
      3.2725467        0.1035021        0.0433831
      3.3379976       -0.0116434       -0.1187926
      3.4034486       -0.1141578       -0.2675069
      3.4688995       -0.2101288       -0.3910444
      3.5343504       -0.3051428       -0.4817000
      3.5998014       -0.3941317       -0.5356468
      3.6652523       -0.4600558       -0.5523286
      3.7307032       -0.4828110       -0.5334799
      3.7961542       -0.4515784       -0.4820485
      3.8616051       -0.3711329       -0.4013945
      3.9270560       -0.2576685       -0.2950839
      3.9925070       -0.1281959       -0.1673695
      4.0579579        0.0076227       -0.0241362
      4.1234088        0.1470687        0.1261923
      4.1888598        0.2869227        0.2723982
      4.2543107        0.4164598        0.4013251
      4.3197617        0.5176960        0.4999057
      4.3852126        0.5732995        0.5579204
      4.4506635        0.5761112        0.5706504
      4.5161145        0.5330459        0.5404934
      4.5815654        0.4608933        0.4768946
      4.6470163        0.3778462        0.3945010
      4.7124673        0.2971630        0.3100504
      4.7779182        0.2265268        0.2389058
      4.8433691        0.1713891        0.1921862
      4.9088201        0.1376169        0.1751535
      4.9742710        0.1303519        0.1870475
      5.0397219        0.1501825        0.2221259
      5.1051729        0.1905150        0.2714185
      5.1706238        0.2390046        0.3246760
      5.2360747        0.2823100        0.3721221
      5.3015257        0.3107075        0.4057974
      5.3669766        0.3196022        0.4204222
      5.4324275        0.3079620        0.4137823
      5.4978785        0.2762169        0.3866722
      5.5633294        0.2259495        0.3424457
      5.6287803        0.1612354        0.2862556
      5.6942313        0.0893610        0.2241078
      5.7596822        0.0190278        0.1618886
      5.8251331       -0.0433332        0.1045309
      5.8905841       -0.0963290        0.0554532
      5.9560350       -0.1430176        0.0163396
      6.0214859       -0.1872539       -0.0127492
      6.0869369       -0.2299032       -0.0330101
      6.1523878       -0.2679933       -0.0463926
      6.2178387       -0.2973316       -0.0550755
      6.2832897       -0.3161438       -0.0610231
      6.3487406       -0.3265220       -0.0656874
      6.4141915       -0.3325258       -0.0698832
      6.4796425       -0.3367466       -0.0738326
      6.5450934       -0.3383857       -0.0773422
      6.6105443       -0.3343886       -0.0800461
      6.6759953       -0.3224081       -0.0816346
      6.7414462       -0.3028728       -0.0819946
      6.8068971       -0.2784704       -0.0812235
      6.8723481       -0.2518229       -0.0795316
      6.9377990       -0.2236970       -0.0770901
      7.0032500       -0.1933636       -0.0739047
      7.0687009       -0.1605169       -0.0697680
      7.1341518       -0.1266318       -0.0643088
      7.1996028       -0.0942400       -0.0571109
      7.2650537       -0.0647041       -0.0478599
      7.3305046       -0.0366439       -0.0364748
      7.3959556       -0.0066831       -0.0231996
      7.4614065        0.0279162       -0.0086339
      7.5268574        0.0669140        0.0063070
      7.5923084        0.1070001        0.0205123
      7.6577593        0.1439213        0.0328600
      7.7232102        0.1749147        0.0424277
      7.7886612        0.1994669        0.0486684
      7.8541121        0.2181453        0.0514967
      7.9195630        0.2310623        0.0512661
      7.9850140        0.2377126        0.0486557
      8.0504649        0.2383301        0.0445208
      8.1159158        0.2351746        0.0397538
      8.1813668        0.2320208        0.0351810
      8.2468177        0.2318082        0.0314893
      8.3122686        0.2343180        0.0291696
      8.3777196        0.2360057        0.0284731
      8.4431705        0.2323634        0.0293933
      8.5086214        0.2209784        0.0316932
      8.5740724        0.2028279        0.0349786
      8.6395233        0.1809182        0.0387958
      8.7049742        0.1576902        0.0427171
      8.7704252        0.1335521        0.0463866
      8.8358761        0.1076265        0.0495222
      8.9013270        0.0795892        0.0518944
      8.9667780        0.0504930        0.0533069
      9.0322289        0.0216621        0.0535976
      9.0976798       -0.0070869        0.0526551
      9.1631308       -0.0377204        0.0504400
      9.2285817       -0.0719769        0.0469993
      9.2940326       -0.1087378        0.0424687
      9.3594836       -0.1434946        0.0370656
      9.4249345       -0.1709905        0.0310740
      9.4903854       -0.1890834        0.0248209
      9.5558364       -0.2003287        0.0186461
      9.6212873       -0.2094500        0.0128694
      9.6867382       -0.2185629        0.0077661
      9.7521892       -0.2244231        0.0035531
      9.8176401       -0.2206240        0.0003809
      9.8830911       -0.2033965       -0.0016802
      9.9485420       -0.1761258       -0.0026672
     10.0139929       -0.1482611       -0.0027579
     10.0794439       -0.1288561       -0.0022864
     10.1448948       -0.1197859       -0.0017177
     10.2103457       -0.1144278       -0.0015722
     10.2757967       -0.1032970       -0.0023167
     10.3412476       -0.0822316       -0.0042560
     10.4066985       -0.0563057       -0.0074601
     10.4721495       -0.0360071       -0.0117477
     10.5376004       -0.0286853       -0.0167238
     10.6030513       -0.0323736       -0.0218611
     10.6685023       -0.0372083       -0.0266021
     10.7339532       -0.0333017       -0.0304673
     10.7994041       -0.0184736       -0.0331461
     10.8648551        0.0005820       -0.0345501
     10.9303060        0.0144669       -0.0348108
     10.9957569        0.0191004       -0.0342206
     11.0612079        0.0186723       -0.0331368
     11.1266588        0.0211880       -0.0318840
     11.1921097        0.0308083       -0.0306890
     11.2575607        0.0439168       -0.0296615
     11.3230116        0.0523942       -0.0288136
     11.3884625        0.0510638       -0.0280945
     11.4539135        0.0425133       -0.0274248
     11.5193644        0.0348763       -0.0267245
     11.5848153        0.0345261       -0.0259412
     11.6502663        0.0402816       -0.0250773
     11.7157172        0.0444297       -0.0242068
     11.7811681        0.0397519       -0.0234649
     11.8466191        0.0262673       -0.0230042
     11.9120700        0.0115497       -0.0229319
     11.9775209        0.0041883       -0.0232586
     12.0429719        0.0061800       -0.0238866
     12.1084228        0.0111493       -0.0246458
     12.1738737        0.0101705       -0.0253574
