 Results from RMCProfile version 6.7.9.5

 (Version 6f format configuration file)                                          

 2 experiments   3 partials

 Partial g(r)'s are printed out below

   348  3 are NR and NPAR

   r (Ang)
   0.06545     0.00000     0.00000     0.00000
   0.13090     0.00000     0.00000     0.00000
   0.19635     0.00000     0.00000     0.00000
   0.26180     0.00000     0.00000     0.00000
   0.32725     0.00000     0.00000     0.00000
   0.39271     0.00000     0.00000     0.00000
   0.45816     0.00000     0.00000     0.00000
   0.52361     0.00000     0.00000     0.00000
   0.58906     0.00000     0.00000     0.00000
   0.65451     0.00000     0.00000     0.00000
   0.71996     0.00000     0.00000     0.00000
   0.78541     0.00000     0.00000     0.00000
   0.85086     0.00000     0.00000     0.00000
   0.91631     0.00000     0.00000     0.00000
   0.98176     0.00000     0.00000     0.00000
   1.04721     0.00000     0.00000     0.00000
   1.11267     0.00000     0.00000     0.00000
   1.17812     0.00000     0.00000     0.00000
   1.24357     0.00000     0.00000     0.00000
   1.30902     0.00000     0.00000     0.00000
   1.37447     0.00000     0.00000     0.00000
   1.43992     0.00000     3.29564     1.01361
   1.50537     0.00000     8.90310     2.67026
   1.57082     0.00000     8.23580     2.23947
   1.63627     0.00000     8.07404     2.18573
   1.70172     0.00000     7.95705     1.95203
   1.76718     0.00000     7.60677     2.04219
   1.83263     0.00000     0.00964     1.68855
   1.89808     0.00000     0.00000     1.42324
   1.96353     0.00000     0.00000     1.36755
   2.02898     0.00000     0.00000     1.23673
   2.09443     0.00000     0.00000     1.25565
   2.15988     0.00000     0.00000     1.26616
   2.22533     0.00000     0.00000     1.21839
   2.29078     0.00000     0.00309     1.17739
   2.35623     0.00000     0.01750     1.23038
   2.42168     0.00000     0.04970     1.12770
   2.48714     0.00000     0.17540     1.08378
   2.55259     0.00000     0.32310     1.06785
   2.61804     0.00000     0.31896     1.10765
   2.68349     0.00000     0.36206     1.00647
   2.74894     0.00000     0.52504     1.00468
   2.81439     0.00000     0.60313     1.10947
   2.87984     0.54450     0.59360     1.14701
   2.94529     1.96880     0.65712     1.19477
   3.01074     2.26097     0.72355     1.07942
   3.07619     2.24532     0.74957     1.04547
   3.14164     2.11168     0.78429     0.97299
   3.20710     1.94757     0.84078     0.93192
   3.27255     2.13534     0.78027     0.83411
   3.33800     1.83938     0.87206     0.70090
   3.40345     1.94925     0.80389     0.60850
   3.46890     2.12177     0.90707     0.56618
   3.53435     1.86316     0.87379     0.60053
   3.59980     1.25990     0.86605     0.61944
   3.66525     0.91794     0.98608     0.62314
   3.73070     0.87770     0.86452     0.70952
   3.79615     0.83564     1.00241     0.72802
   3.86161     0.77650     0.94808     0.69869
   3.92706     0.88222     0.95140     0.78134
   3.99251     0.77363     1.00174     0.79686
   4.05796     0.76646     1.02869     0.86819
   4.12341     0.79339     1.08583     0.86962
   4.18886     0.81499     1.06509     0.87467
   4.25431     0.84449     1.02183     0.94508
   4.31976     0.84391     1.10219     0.90403
   4.38521     0.91525     1.17059     0.97430
   4.45066     0.77746     1.12006     0.95318
   4.51611     0.92825     1.17835     0.96129
   4.58157     0.84676     1.10635     0.99876
   4.64702     0.85256     1.15415     1.01865
   4.71247     0.87076     1.07491     0.97995
   4.77792     0.95105     1.07262     1.04456
   4.84337     0.85641     1.03554     1.07600
   4.90882     0.89620     1.01215     1.05953
   4.97427     0.92191     1.04394     1.04941
   5.03972     0.96422     0.97237     1.01591
   5.10517     0.96187     0.96499     1.03939
   5.17062     0.89003     0.95828     1.00443
   5.23607     0.87214     0.91971     1.05086
   5.30153     0.94756     0.91846     1.05150
   5.36698     0.91253     0.89170     1.04237
   5.43243     0.93579     0.92961     1.03582
   5.49788     0.91748     0.92154     1.08084
   5.56333     0.96336     0.94446     1.05322
   5.62878     1.03428     1.01258     1.06547
   5.69423     1.02135     0.95897     1.06403
   5.75968     0.96511     0.94218     1.05255
   5.82513     1.11758     1.01945     1.06534
   5.89058     1.11625     0.94604     1.06843
   5.95604     1.03146     0.99750     1.01188
   6.02149     1.11934     0.97861     1.03998
   6.08694     1.07977     1.00139     1.02067
   6.15239     1.09057     0.99046     1.02875
   6.21784     1.07672     1.06271     1.02220
   6.28329     1.05293     1.00500     1.00102
   6.34874     1.04426     1.01412     1.00791
   6.41419     1.09061     1.00888     0.98612
   6.47964     1.02732     1.00287     1.03017
   6.54509     1.04877     1.02601     1.01306
   6.61054     1.02148     1.04026     1.00429
   6.67600     1.04572     1.01088     1.01315
   6.74145     0.99749     1.02235     0.98879
   6.80690     0.96590     0.99859     1.03557
   6.87235     1.07140     0.99372     1.02169
   6.93780     1.02843     1.02755     1.02886
   7.00325     1.01166     1.00942     1.02782
   7.06870     0.98606     1.03846     1.06509
   7.13415     0.93847     1.02745     1.00149
   7.19960     0.97733     1.00260     1.03300
   7.26505     0.99820     1.03064     1.00555
   7.33050     0.99553     1.01744     1.04129
   7.39596     1.01927     1.04156     1.00803
   7.46141     0.97755     1.00795     1.00605
   7.52686     0.97186     1.04281     1.01741
   7.59231     0.97527     1.03333     1.03830
   7.65776     0.96755     1.02016     1.02619
   7.72321     1.00752     1.00973     1.03560
   7.78866     0.95821     1.00485     1.01946
   7.85411     0.97891     0.99447     1.03192
   7.91956     0.96372     1.00805     1.02129
   7.98501     1.00065     0.97610     1.00035
   8.05046     1.01571     1.00552     1.03783
   8.11592     0.96072     0.98126     1.00218
   8.18137     1.02931     1.00482     0.99352
   8.24682     0.97048     1.01822     1.02257
   8.31227     1.07005     0.96897     0.98214
   8.37772     1.01380     1.00880     1.01255
   8.44317     1.01845     1.00594     0.99386
   8.50862     0.99644     0.99612     1.00716
   8.57407     1.00413     0.98978     1.00787
   8.63952     0.97423     1.00760     0.99435
   8.70497     1.00701     0.98781     1.00074
   8.77043     1.00558     0.99859     1.00471
   8.83588     0.99816     0.98365     1.01309
   8.90133     1.01276     0.98906     0.99001
   8.96678     0.94834     0.99885     1.02451
   9.03223     0.98504     0.97688     1.00061
   9.09768     1.03597     0.98381     0.97970
   9.16313     0.98606     0.99122     1.00028
   9.22858     0.97348     0.99470     1.00232
   9.29403     1.03958     1.01411     0.98405
   9.35948     0.98477     0.99184     0.98689
   9.42493     1.01220     0.96955     0.99546
   9.49039     1.03686     0.99326     0.96669
   9.55584     1.00876     1.02404     0.99397
   9.62129     1.02948     1.00753     1.02650
   9.68674     1.00697     0.98067     1.00205
   9.75219     0.99046     1.00382     0.99379
   9.81764     1.01754     0.98880     0.99600
   9.88309     0.99048     1.00311     0.99695
   9.94854     0.96871     1.01368     1.02653
  10.01399     0.99246     1.00709     1.01442
  10.07944     0.99044     0.99262     1.00218
  10.14489     0.99965     0.98709     0.99370
  10.21035     1.00964     1.00058     1.01802
  10.27580     0.99188     0.99677     1.00406
  10.34125     0.96638     0.98707     1.00969
  10.40670     0.97564     1.02090     0.98565
  10.47215     1.00044     0.97657     0.98229
  10.53760     0.97293     0.97950     1.00342
  10.60305     1.00215     1.00648     0.99848
  10.66850     0.97311     0.99474     0.99550
  10.73395     0.99344     0.99951     0.99016
  10.79940     0.99384     0.98313     0.98519
  10.86486     1.03439     1.01070     0.98778
  10.93031     0.97212     1.01462     0.99601
  10.99576     1.01421     1.00861     0.99603
  11.06121     0.97717     1.00849     0.99479
  11.12666     1.00686     0.99875     1.00244
  11.19211     1.00713     0.99913     1.01563
  11.25756     1.02881     1.02729     0.99914
  11.32301     1.00430     1.00016     0.99653
  11.38846     0.98297     0.99956     1.02339
  11.45391     1.01855     0.99471     0.99722
  11.51936     0.99043     1.00577     1.00231
  11.58482     0.98876     0.99287     0.99169
  11.65027     1.01650     0.96994     1.00407
  11.71572     0.99378     0.98273     0.99315
  11.78117     1.00029     0.99728     1.01413
  11.84662     1.03176     0.98940     1.00218
  11.91207     1.02739     1.00561     1.01457
  11.97752     1.01982     1.00594     1.01639
  12.04297     0.98442     1.01156     0.99363
  12.10842     0.98289     0.98839     1.01135
  12.17387     1.02626     0.99604     0.98730
  12.23932     1.03116     0.98509     0.98874
  12.30478     1.00798     0.97657     0.99093
  12.37023     0.97880     1.00235     0.99824
  12.43568     0.99661     1.01246     1.00369
  12.50113     1.01065     1.02810     0.99820
  12.56658     0.98732     1.00357     1.00997
  12.63203     0.99924     1.01857     1.01509
  12.69748     0.98502     0.99022     1.00342
  12.76293     1.00373     0.99709     1.01473
  12.82838     1.00196     1.01223     1.01288
  12.89383     1.01166     1.00754     1.00600
  12.95928     1.02388     0.99295     1.00709
  13.02474     0.97164     0.99330     0.97627
  13.09019     1.01364     1.00419     0.97880
  13.15564     0.96779     0.99647     0.98929
  13.22109     0.99466     1.00655     0.99092
  13.28654     0.99210     0.99629     0.99925
  13.35199     0.98695     1.00326     1.01001
  13.41744     1.02494     1.00060     1.00491
  13.48289     0.99017     1.00017     1.00515
  13.54834     1.00554     0.99142     1.00513
  13.61379     1.01526     0.99720     0.97789
  13.67925     0.98299     0.98456     1.00216
  13.74470     0.97947     0.99244     0.99868
  13.81015     0.96323     1.00038     0.98867
  13.87560     0.97401     0.99710     1.00665
  13.94105     1.03012     1.00234     0.99862
  14.00650     0.99455     1.02074     0.99966
  14.07195     1.01748     1.00161     1.00914
  14.13740     0.98954     0.99633     1.02030
  14.20285     1.01660     0.99656     1.01434
  14.26830     0.99251     0.99436     1.00719
  14.33375     1.00488     1.01588     0.99907
  14.39921     0.97594     0.99323     1.00172
  14.46466     1.00393     0.99425     0.99103
  14.53011     0.97517     0.98393     0.99190
  14.59556     1.01237     0.99999     1.00736
  14.66101     1.00820     1.00660     1.00007
  14.72646     1.04598     0.98938     0.99421
  14.79191     1.00287     0.98909     1.00182
  14.85736     0.99327     1.00181     1.01140
  14.92281     0.98613     0.99588     1.00817
  14.98826     1.00872     0.99023     1.00212
  15.05371     1.00457     1.00158     1.00198
  15.11917     1.02046     1.00660     1.02028
  15.18462     0.98733     1.00609     1.00482
  15.25007     1.00725     0.99928     1.00837
  15.31552     1.02680     0.99455     1.00425
  15.38097     0.99923     1.01349     0.99358
  15.44642     0.99248     1.01116     1.00978
  15.51187     1.01564     0.99652     1.00105
  15.57732     0.99830     1.00298     0.99624
  15.64277     0.98523     1.00394     1.00681
  15.70822     1.01857     1.02749     1.00688
  15.77368     0.97895     0.99900     0.98762
  15.83913     1.00434     0.99418     1.01537
  15.90458     0.98991     1.00260     1.00946
  15.97003     0.97341     0.99770     1.00490
  16.03548     1.00219     0.99278     0.99805
  16.10093     0.99450     1.00084     1.00526
  16.16638     1.03144     1.00595     0.99846
  16.23183     0.99391     1.01298     1.00149
  16.29728     0.97700     0.99901     1.00929
  16.36273     0.99515     1.01347     1.00442
  16.42818     1.02328     0.99551     0.99683
  16.49364     0.99644     1.00566     1.00086
  16.55909     1.00379     0.98527     0.99732
  16.62454     0.99276     0.99340     0.99775
  16.68999     0.99434     0.99336     1.00815
  16.75544     1.01690     0.99427     1.00758
  16.82089     0.99263     0.99502     1.00392
  16.88634     0.98698     1.00600     0.99940
  16.95179     1.02048     1.00575     1.00115
  17.01724     0.98825     1.00569     1.00129
  17.08269     0.99200     0.99050     1.00661
  17.14814     1.01043     0.99975     1.00880
  17.21360     1.01058     1.00539     1.00187
  17.27905     0.98936     1.00213     1.00656
  17.34450     0.99230     0.99738     0.98205
  17.40995     1.00224     0.99764     1.01521
  17.47540     0.98166     1.00142     1.00483
  17.54085     0.98677     0.99881     1.00065
  17.60630     1.00672     1.00383     1.00210
  17.67175     0.98407     0.99076     0.99632
  17.73720     1.02154     0.99247     1.00499
  17.80265     1.00071     1.00664     0.99773
  17.86811     0.99665     1.00258     0.98890
  17.93356     1.01045     0.99331     0.99561
  17.99901     0.98900     0.98370     0.99062
  18.06446     0.98983     1.00934     0.99423
  18.12991     0.98886     1.00822     1.00647
  18.19536     1.01691     0.99374     0.98999
  18.26081     1.02839     0.99265     0.99215
  18.32626     1.02398     0.99223     1.00806
  18.39171     0.99069     0.99437     1.00207
  18.45716     1.00084     1.00307     1.00019
  18.52261     1.00323     0.99868     0.99778
  18.58807     0.97741     1.00287     1.00173
  18.65352     0.99619     0.99268     0.99747
  18.71897     1.01501     1.01223     0.99687
  18.78442     0.99072     0.99798     1.00755
  18.84987     0.99135     0.99854     1.00250
  18.91532     1.00295     1.00187     1.01259
  18.98077     1.00874     1.00275     1.00034
  19.04622     0.98698     1.00386     0.97604
  19.11167     1.01890     1.00515     0.99795
  19.17712     1.01605     0.99311     0.99696
  19.24257     1.00227     0.99708     0.99317
  19.30803     0.98446     0.99572     0.99287
  19.37348     1.00065     0.99621     0.99771
  19.43893     1.00297     0.99354     0.99666
  19.50438     0.98164     1.00783     1.00084
  19.56983     1.00184     1.00241     1.00807
  19.63528     1.00283     1.00384     0.98933
  19.70073     0.97246     1.00248     1.00816
  19.76618     1.00056     1.00174     1.00131
  19.83163     0.99455     0.99843     0.99388
  19.89708     0.99767     0.99339     0.99862
  19.96253     1.00596     0.99753     0.99708
  20.02799     0.98972     0.99793     1.01113
  20.09344     1.00293     0.99838     1.00738
  20.15889     1.01481     0.99872     1.01066
  20.22434     0.99509     0.98961     0.98495
  20.28979     1.01568     1.01046     0.99766
  20.35524     0.99938     0.99991     1.00958
  20.42069     0.99312     1.00295     1.00394
  20.48614     0.98292     1.00751     0.99793
  20.55159     1.01217     1.00325     1.00638
  20.61704     1.01584     0.99087     1.00934
  20.68250     1.01592     0.99252     1.00571
  20.74795     0.99593     0.99910     1.00708
  20.81340     0.98567     1.00497     0.98725
  20.87885     0.99769     0.98813     0.99395
  20.94430     1.01998     1.00781     1.00246
  21.00975     0.99802     1.00029     1.00340
  21.07520     1.01986     1.00754     0.99800
  21.14065     0.98868     1.00494     1.00375
  21.20610     1.00113     1.00094     1.00312
  21.27155     1.00368     1.00349     0.99652
  21.33700     0.97871     1.00289     0.99825
  21.40246     0.99460     0.99896     1.00497
  21.46791     0.98716     1.00416     0.98580
  21.53336     1.01213     0.99174     1.00526
  21.59881     1.00005     0.99941     1.00178
  21.66426     0.99525     1.00305     0.99936
  21.72971     0.99258     0.99197     1.00191
  21.79516     0.99516     0.99928     0.99254
  21.86061     1.01392     1.00856     1.00250
  21.92606     0.99571     1.01016     1.00489
  21.99151     1.01134     0.99056     0.99742
  22.05696     0.99559     0.99864     0.99750
  22.12242     1.00166     1.00257     1.00649
  22.18787     1.00564     0.99998     0.99401
  22.25332     1.01165     1.00075     1.00336
  22.31877     0.98922     1.00217     0.99064
  22.38422     1.00032     1.00039     1.01245
  22.44967     0.98255     0.99460     0.99530
  22.51512     1.00151     1.00582     1.00890
  22.58057     1.01252     0.99904     1.00359
  22.64602     1.00024     0.99413     0.99897
  22.71147     1.00122     0.99447     0.99058
  22.77693     0.99949     1.00715     1.01263

 Partial S(Q)'s are printed out below

   494  3 are NQ and NPAR

      Q          S(Q)_1      S(Q)_2      S(Q)_3
  0.4682470    -2.5082304     0.3851245    -0.5608656
  0.4982822    -2.4848851     0.4093585    -0.5727397
  0.5283174    -2.4540574     0.4399028    -0.5856352
  0.5583526    -2.4194325     0.4717187    -0.6025442
  0.5883878    -2.3852807     0.5002527    -0.6240155
  0.6184230    -2.3548314     0.5234858    -0.6459623
  0.6484582    -2.3291125     0.5431121    -0.6589371
  0.6784934    -2.3066405     0.5643946    -0.6496651
  0.7085286    -2.2840257     0.5946842    -0.6046458
  0.7385638    -2.2572216     0.6410511    -0.5146970
  0.7685990    -2.2229412     0.7077948    -0.3788079
  0.7986342    -2.1797365     0.7946707    -0.2058071
  0.8286694    -2.1283955     0.8964545    -0.0130730
  0.8587046    -2.0715815     1.0040366     0.1774505
  0.8887398    -2.0129066     1.1067375     0.3447167
  0.9187750    -1.9558120     1.1951292     0.4737916
  0.9488102    -1.9026532     1.2634760     0.5591892
  0.9788454    -1.8542702     1.3110305     0.6053526
  1.0088806    -1.8101216     1.3417926     0.6242704
  1.0389158    -1.7688551     1.3628420     0.6311257
  1.0689510    -1.7290517     1.3818072     0.6394424
  1.0989862    -1.6898605     1.4043043     0.6572265
  1.1290214    -1.6513201     1.4321581     0.6851590
  1.1590566    -1.6143034     1.4629460     0.7171575
  1.1890918    -1.5801621     1.4909514     0.7428747
  1.2191270    -1.5502316     1.5091623     0.7511742
  1.2491622    -1.5253726     1.5116277     0.7334712
  1.2791974    -1.5056714     1.4954079     0.6860239
  1.3092326    -1.4903415     1.4615265     0.6106978
  1.3392678    -1.4777911     1.4146875     0.5142238
  1.3693030    -1.4657872     1.3619278     0.4063581
  1.3993382    -1.4516503     1.3106956     0.2975537
  1.4293734    -1.4324477     1.2669783     0.1967543
  1.4594086    -1.4051916     1.2340242     0.1097728
  1.4894438    -1.3670714     1.2119517     0.0385148
  1.5194790    -1.3157357     1.1982263    -0.0189004
  1.5495142    -1.2496147     1.1887191    -0.0672305
  1.5795494    -1.1682290     1.1789257    -0.1126526
  1.6095846    -1.0724102     1.1649596    -0.1610788
  1.6396198    -0.9643523     1.1440904    -0.2166218
  1.6696551    -0.8474413     1.1148105    -0.2805708
  1.6996903    -0.7258508     1.0765852    -0.3511485
  1.7297255    -0.6039427     1.0295174    -0.4241350
  1.7597607    -0.4855553     0.9741121    -0.4942026
  1.7897959    -0.3732952     0.9112100    -0.5565731
  1.8198311    -0.2679674     0.8420205    -0.6084721
  1.8498663    -0.1682794     0.7681080    -0.6498828
  1.8799015    -0.0709357     0.6911950    -0.6833152
  1.9099367     0.0288140     0.6127492    -0.7126394
  1.9399719     0.1361898     0.5334553    -0.7413868
  1.9700071     0.2555878     0.4527858    -0.7711420
  2.0000423     0.3892209     0.3689032    -0.8006548
  2.0300775     0.5360155     0.2790409    -0.8260562
  2.0601127     0.6911007     0.1803379    -0.8421571
  2.0901479     0.8461326     0.0709147    -0.8443838
  2.1201831     0.9905125    -0.0491539    -0.8306325
  2.1502183     1.1133096    -0.1773248    -0.8023190
  2.1802535     1.2054670    -0.3087638    -0.7641776
  2.2102887     1.2617250    -0.4372291    -0.7228267
  2.2403239     1.2817190    -0.5564303    -0.6845948
  2.2703591     1.2698973    -0.6614649    -0.6533953
  2.3003943     1.2342351    -0.7498882    -0.6294441
  2.3304295     1.1840843    -0.8220905    -0.6093078
  2.3604647     1.1277789    -0.8808754    -0.5872729
  2.3904999     1.0707135    -0.9304002    -0.5575323
  2.4205351     1.0144686    -0.9748380    -0.5163753
  2.4505703     0.9572254    -1.0171958    -0.4635788
  2.4806055     0.8952781    -1.0586468    -0.4025065
  2.5106407     0.8250818    -1.0985374    -0.3389255
  2.5406759     0.7450923    -1.1349865    -0.2790309
  2.5707111     0.6567319    -1.1658025    -0.2274539
  2.6007463     0.5641381    -1.1893552    -0.1860021
  2.6307815     0.4728021    -1.2050964    -0.1535641
  2.6608167     0.3876213    -1.2135836    -0.1271302
  2.6908519     0.3111206    -1.2160671    -0.1034445
  2.7208871     0.2425419    -1.2138623    -0.0805713
  2.7509223     0.1781895    -1.2077985    -0.0587238
  2.7809575     0.1129424    -1.1979807    -0.0400381
  2.8109927     0.0423946    -1.1839521    -0.0274225
  2.8410279    -0.0351770    -1.1651734    -0.0230011
  2.8710631    -0.1177795    -1.1415965    -0.0268354
  2.9010983    -0.2000462    -1.1140702    -0.0364853
  2.9311335    -0.2748865    -1.0843840    -0.0476210
  2.9611687    -0.3358863    -1.0548994    -0.0554593
  2.9912039    -0.3795968    -1.0278889    -0.0564573
  3.0212391    -0.4068646    -1.0048207    -0.0495879
  3.0512743    -0.4226777    -0.9858585    -0.0366863
  3.0813095    -0.4345348    -0.9697725    -0.0217259
  3.1113447    -0.4498804    -0.9543083    -0.0093037
  3.1413799    -0.4735020    -0.9368977    -0.0029224
  3.1714151    -0.5058173    -0.9154716    -0.0037289
  3.2014503    -0.5426747    -0.8891014    -0.0101810
  3.2314855    -0.5767602    -0.8582560    -0.0187462
  3.2615207    -0.6001308    -0.8245988    -0.0253401
  3.2915559    -0.6069945    -0.7904040    -0.0269340
  3.3215911    -0.5957669    -0.7577963    -0.0227132
  3.3516263    -0.5696907    -0.7280688    -0.0143593
  3.3816615    -0.5358089    -0.7012963    -0.0053704
  3.4116967    -0.5026616    -0.6763530     0.0002964
  3.4417319    -0.4775083    -0.6513117    -0.0002637
  3.4717671    -0.4640291    -0.6240785    -0.0078013
  3.5018023    -0.4612658    -0.5930555    -0.0206106
  3.5318375    -0.4641146    -0.5576271    -0.0351072
  3.5618727    -0.4651385    -0.5183349    -0.0470471
  3.5919079    -0.4570266    -0.4767051    -0.0529320
  3.6219431    -0.4348402    -0.4347963    -0.0511080
  3.6519783    -0.3973130    -0.3946078    -0.0422028
  3.6820135    -0.3468446    -0.3575146    -0.0287995
  3.7120487    -0.2883103    -0.3238750    -0.0145094
  3.7420839    -0.2272136    -0.2929010    -0.0027919
  3.7721191    -0.1678972    -0.2628112     0.0040801
  3.8021543    -0.1124415    -0.2312187     0.0056029
  3.8321895    -0.0605723    -0.1956574     0.0030388
  3.8622247    -0.0104879    -0.1541294    -0.0011060
  3.8922599     0.0398209    -0.1055569    -0.0039107
  3.9222951     0.0913450    -0.0500479    -0.0029039
  3.9523303     0.1434222     0.0110727     0.0032800
  3.9823655     0.1939167     0.0754713     0.0146009
  4.0124007     0.2400860     0.1402068     0.0297042
  4.0424359     0.2797235     0.2022447     0.0463378
  4.0724711     0.3120665     0.2589794     0.0619641
  4.1025063     0.3380674     0.3086616     0.0744153
  4.1325415     0.3599053     0.3506492     0.0824441
  4.1625767     0.3799397     0.3854366     0.0860540
  4.1926119     0.3995480     0.4144686     0.0865332
  4.2226471     0.4183501     0.4397874     0.0861747
  4.2526823     0.4341715     0.4635927     0.0877277
  4.2827175     0.4438037     0.4878088     0.0936955
  4.3127527     0.4442910     0.5137402     0.1056461
  4.3427879     0.4342463     0.5418723     0.1237206
  4.3728231     0.4146649     0.5718411     0.1464938
  4.4028583     0.3888788     0.6025574     0.1712516
  4.4328935     0.3616179     0.6324496     0.1946344
  4.4629287     0.3374836     0.6597695     0.2134770
  4.4929639     0.3193811     0.6829037     0.2256007
  4.5229991     0.3074852     0.7006347     0.2303196
  4.5530343     0.2991355     0.7123097     0.2285026
  4.5830695     0.2897219     0.7178930     0.2221779
  4.6131047     0.2742608     0.7178973     0.2138173
  4.6431399     0.2491116     0.7132182     0.2055463
  4.6731751     0.2132291     0.7049147     0.1985466
  4.7032103     0.1685198     0.6939953     0.1928465
  4.7332455     0.1191894     0.6812651     0.1875500
  4.7632807     0.0703354     0.6672755     0.1813980
  4.7933159     0.0262974     0.6523789     0.1734339
  4.8233511    -0.0106489     0.6368588     0.1635154
  4.8533863    -0.0408069     0.6210706     0.1524777
  4.8834215    -0.0666388     0.6055228     0.1418878
  4.9134567    -0.0916020     0.5908483     0.1334836
  4.9434919    -0.1186932     0.5776551     0.1285081
  4.9735271    -0.1492369     0.5663040     0.1271838
  5.0035623    -0.1823387     0.5566971     0.1285183
  5.0335975    -0.2151666     0.5481746     0.1305114
  5.0636327    -0.2439140     0.5395895     0.1306932
  5.0936679    -0.2650682     0.5295666     0.1268157
  5.1237031    -0.2765193     0.5168807     0.1174774
  5.1537383    -0.2781398     0.5008338     0.1024983
  5.1837735    -0.2716786     0.4814920     0.0829524
  5.2138087    -0.2600746     0.4596844     0.0608778
  5.2438439    -0.2464883     0.4367415     0.0387726
  5.2738791    -0.2334176     0.4140494     0.0190309
  5.3039143    -0.2221882     0.3925685     0.0034612
  5.3339495    -0.2129329     0.3724893    -0.0070156
  5.3639847    -0.2049748     0.3531563    -0.0124555
  5.3940199    -0.1973889     0.3333012    -0.0137853
  5.4240551    -0.1894841     0.3115090    -0.0125522
  5.4540903    -0.1810244     0.2867561    -0.0105860
  5.4841255    -0.1721520     0.2588270    -0.0096339
  5.5141607    -0.1631134     0.2284537    -0.0110195
  5.5441959    -0.1539691     0.1971257    -0.0153818
  5.5742311    -0.1444507     0.1666364    -0.0225458
  5.6042663    -0.1340361     0.1385271    -0.0315682
  5.6343015    -0.1221948     0.1136285    -0.0409704
  5.6643367    -0.1086618     0.0918562    -0.0491230
  5.6943719    -0.0935868     0.0723211    -0.0546973
  5.7244071    -0.0774706     0.0536955    -0.0570585
  5.7544423    -0.0609121     0.0346859    -0.0564767
  5.7844775    -0.0442962     0.0144303    -0.0540750
  5.8145127    -0.0275947    -0.0073174    -0.0515097
  5.8445479    -0.0104067    -0.0302601    -0.0504731
  5.8745831     0.0077488    -0.0538236    -0.0521720
  5.9046183     0.0270108    -0.0774783    -0.0569567
  5.9346535     0.0468336    -0.1009665    -0.0642258
  5.9646887     0.0659273    -0.1243350    -0.0726438
  5.9947239     0.0825742    -0.1477741    -0.0805919
  6.0247591     0.0952480    -0.1713515    -0.0866937
  6.0547943     0.1033033    -0.1947852    -0.0902254
  6.0848295     0.1074295    -0.2173839    -0.0912683
  6.1148647     0.1096229    -0.2382085    -0.0905557
  6.1448999     0.1126033    -0.2564069    -0.0890865
  6.1749351     0.1188330    -0.2715864    -0.0876629
  6.2049703     0.1294854    -0.2840583    -0.0865394
  6.2350055     0.1437779    -0.2948313    -0.0853224
  6.2650407     0.1589823    -0.3053263    -0.0831599
  6.2950759     0.1711898    -0.3169023    -0.0791436
  6.3251111     0.1766116    -0.3303652    -0.0727627
  6.3551463     0.1729681    -0.3456489    -0.0642231
  6.3851815     0.1604452    -0.3617979    -0.0544981
  6.4152167     0.1418228    -0.3772652    -0.0450813
  6.4452519     0.1216726    -0.3904175    -0.0375250
  6.4752871     0.1048657    -0.4000602    -0.0329321
  6.5053223     0.0949085    -0.4057861    -0.0315890
  6.5353575     0.0927119    -0.4080260    -0.0328751
  6.5653927     0.0962596    -0.4077974    -0.0354828
  6.5954279     0.1013262    -0.4062671    -0.0378695
  6.6254631     0.1030029    -0.4043120    -0.0387799
  6.6554983     0.0974876    -0.4022541    -0.0376563
  6.6855335     0.0834851    -0.3998626    -0.0347984
  6.7155687     0.0626987    -0.3966027    -0.0312250
  6.7456039     0.0392268    -0.3919986    -0.0282952
  6.7756391     0.0180830    -0.3859393    -0.0272273
  6.8056743     0.0033823    -0.3787823    -0.0286780
  6.8357095    -0.0031393    -0.3712089    -0.0325203
  6.8657447    -0.0027305    -0.3638994    -0.0378793
  6.8957799     0.0008586    -0.3571851    -0.0434040
  6.9258151     0.0027611    -0.3508479    -0.0476747
  6.9558503    -0.0012387    -0.3441811    -0.0496145
  6.9858855    -0.0132012    -0.3363016    -0.0487850
  7.0159207    -0.0323289    -0.3265907    -0.0454869
  7.0459559    -0.0552945    -0.3150658    -0.0406558
  7.0759911    -0.0774457    -0.3024998    -0.0355979
  7.1060263    -0.0944197    -0.2902032    -0.0316472
  7.1360615    -0.1035697    -0.2795238    -0.0298389
  7.1660967    -0.1047029    -0.2712494    -0.0306740
  7.1961319    -0.0999077    -0.2651612    -0.0340213
  7.2261671    -0.0925927    -0.2599430    -0.0391674
  7.2562023    -0.0861440    -0.2535252    -0.0449903
  7.2862375    -0.0827204    -0.2437713    -0.0502119
  7.3162727    -0.0826196    -0.2292666    -0.0536733
  7.3463079    -0.0844046    -0.2099130    -0.0545737
  7.3763431    -0.0856796    -0.1870846    -0.0526254
  7.4063783    -0.0841684    -0.1632557    -0.0480938
  7.4364135    -0.0786577    -0.1412085    -0.0417193
  7.4664487    -0.0694548    -0.1230916    -0.0345396
  7.4964839    -0.0582201    -0.1096698    -0.0276607
  7.5265191    -0.0472859    -0.1000480    -0.0220305
  7.5565543    -0.0387619    -0.0919818    -0.0182705
  7.5865896    -0.0337844    -0.0826788    -0.0165988
  7.6166248    -0.0321845    -0.0698077    -0.0168504
  7.6466600    -0.0326640    -0.0523538    -0.0185702
  7.6766952    -0.0333690    -0.0310088    -0.0211358
  7.7067304    -0.0326070    -0.0079497    -0.0238665
  7.7367656    -0.0294263     0.0139189    -0.0260911
  7.7668008    -0.0238581     0.0319891    -0.0271743
  7.7968360    -0.0167712     0.0448772    -0.0265282
  7.8268712    -0.0094460     0.0529231    -0.0236435
  7.8569064    -0.0030654     0.0580859    -0.0181668
  7.8869416     0.0016733     0.0632757    -0.0100225
  7.9169768     0.0046995     0.0713582     0.0004584
  7.9470120     0.0064532     0.0841817     0.0124618
  7.9770472     0.0076052     0.1019590     0.0247272
  8.0070824     0.0087563     0.1232093     0.0357287
  8.0371176     0.0102390     0.1452611     0.0439820
  8.0671528     0.0120769     0.1651299     0.0484068
  8.0971880     0.0140774     0.1804602     0.0486370
  8.1272232     0.0159787     0.1902151     0.0451741
  8.1572584     0.0175652     0.1948991     0.0393159
  8.1872936     0.0187059     0.1962701     0.0328638
  8.2173288     0.0193261     0.1966739     0.0276810
  8.2473640     0.0193652     0.1982535     0.0252315
  8.2773992     0.0187810     0.2023108     0.0262357
  8.3074344     0.0176247     0.2090223     0.0305437
  8.3374696     0.0161555     0.2175704     0.0372574
  8.3675048     0.0149206     0.2266013     0.0450475
  8.3975400     0.0147174     0.2348076     0.0525521
  8.4275752     0.0163999     0.2414083     0.0587229
  8.4576104     0.0205619     0.2463522     0.0630132
  8.4876456     0.0272066     0.2501913     0.0653683
  8.5176808     0.0355460     0.2536993     0.0660524
  8.5477160     0.0440488     0.2574083     0.0654079
  8.5777512     0.0507754     0.2612632     0.0636583
  8.6077864     0.0539228     0.2645426     0.0608383
  8.6378216     0.0524110     0.2660885     0.0568754
  8.6678568     0.0463037     0.2647625     0.0517761
  8.6978920     0.0368969     0.2599572     0.0458229
  8.7279272     0.0264169     0.2519592     0.0396783
  8.7579624     0.0174061     0.2420117     0.0343288
  8.7879976     0.0119888     0.2320289     0.0308647
  8.8180328     0.0112541     0.2240405     0.0301620
  8.8480680     0.0149566     0.2195464     0.0325768
  8.8781032     0.0216256     0.2190025     0.0377658
  8.9081384     0.0290341     0.2216194     0.0447053
  8.9381736     0.0348645     0.2255547     0.0519161
  8.9682088     0.0373510     0.2284463     0.0578255
  8.9982440     0.0357068     0.2281190     0.0611556
  9.0282792     0.0302303     0.2232325     0.0612180
  9.0583144     0.0221000     0.2136619     0.0580330
  9.0883496     0.0129654     0.2004870     0.0522505
  9.1183848     0.0044860     0.1856020     0.0449202
  9.1484200    -0.0020419     0.1710808     0.0371956
  9.1784552    -0.0058901     0.1585181     0.0300719
  9.2084904    -0.0069278     0.1485644     0.0242235
  9.2385256    -0.0055242     0.1408059     0.0199654
  9.2685608    -0.0023957     0.1340149     0.0173108
  9.2985960     0.0015468     0.1266665     0.0160707
  9.3286312     0.0053282     0.1175315     0.0159389
  9.3586664     0.0080234     0.1061299     0.0165361
  9.3887016     0.0088727     0.0928886     0.0174146
  9.4187368     0.0074009     0.0789597     0.0180599
  9.4487720     0.0035163     0.0657734     0.0179271
  9.4788072    -0.0024500     0.0545003     0.0165319
  9.5088424    -0.0098035     0.0456188     0.0135823
  9.5388776    -0.0176472     0.0387430     0.0091044
  9.5689128    -0.0251072     0.0327654     0.0035009
  9.5989480    -0.0315463     0.0262538    -0.0025036
  9.6289832    -0.0366825     0.0179513    -0.0080345
  9.6590184    -0.0405631     0.0071994    -0.0123139
  9.6890536    -0.0434026    -0.0058603    -0.0148978
  9.7190888    -0.0453565    -0.0203628    -0.0158156
  9.7491240    -0.0463424    -0.0350276    -0.0155490
  9.7791592    -0.0460061    -0.0485721    -0.0148484
  9.8091944    -0.0438740    -0.0600777    -0.0144479
  9.8392296    -0.0396454    -0.0691871    -0.0147844
  9.8692648    -0.0335037    -0.0760868    -0.0158337
  9.8993000    -0.0262961    -0.0813161    -0.0171350
  9.9293352    -0.0194637    -0.0855042    -0.0180038
  9.9593704    -0.0146980    -0.0891530    -0.0178562
  9.9894056    -0.0134113    -0.0925480    -0.0165161
 10.0194408    -0.0162011    -0.0958128    -0.0143747
 10.0494760    -0.0225143    -0.0990532    -0.0123207
 10.0795112    -0.0306639    -0.1024996    -0.0114465
 10.1095464    -0.0382311    -0.1065557    -0.0126294
 10.1395816    -0.0427482    -0.1117140    -0.0161408
 10.1696168    -0.0424439    -0.1183605    -0.0214444
 10.1996520    -0.0368059    -0.1265513    -0.0272797
 10.2296872    -0.0267645    -0.1358652    -0.0320262
 10.2597224    -0.0144351    -0.1454150    -0.0342366
 10.2897576    -0.0025035    -0.1540366    -0.0331552
 10.3197928     0.0065424    -0.1606072    -0.0290279
 10.3498280     0.0110885    -0.1643841    -0.0230806
 10.3798632     0.0107747    -0.1652455    -0.0171523
 10.4098984     0.0064906    -0.1637427    -0.0130985
 10.4399336     0.0000271    -0.1609433    -0.0121645
 10.4699688    -0.0064679    -0.1581153    -0.0145516
 10.5000040    -0.0110431    -0.1563615    -0.0193307
 10.5300392    -0.0123506    -0.1563213    -0.0247454
 10.5600744    -0.0098262    -0.1580320    -0.0288028
 10.5901096    -0.0036600    -0.1609784    -0.0299512
 10.6201448     0.0053696    -0.1642961    -0.0276097
 10.6501800     0.0161038    -0.1670461    -0.0223657
 10.6802152     0.0271925    -0.1684667    -0.0157720
 10.7102504     0.0372511    -0.1681331    -0.0098186
 10.7402856     0.0450094    -0.1659952    -0.0062632
 10.7703208     0.0494828    -0.1623143    -0.0060566
 10.8003560     0.0501665    -0.1575425    -0.0090568
 10.8303912     0.0472036    -0.1521957    -0.0141238
 10.8604264     0.0414502    -0.1467531    -0.0195497
 10.8904616     0.0343627    -0.1415898    -0.0236630
 10.9204968     0.0276894    -0.1369334    -0.0253883
 10.9505320     0.0230262    -0.1328300    -0.0245696
 10.9805672     0.0213697    -0.1291213    -0.0219520
 11.0106024     0.0228288    -0.1254446    -0.0188459
 11.0406376     0.0266179    -0.1212844    -0.0166077
 11.0706728     0.0313546    -0.1160858    -0.0161318
 11.1007080     0.0355687    -0.1094215    -0.0175377
 11.1307432     0.0382321    -0.1011669    -0.0201564
 11.1607784     0.0391010    -0.0916190    -0.0228106
 11.1908136     0.0387223    -0.0814980    -0.0242757
 11.2208488     0.0380929    -0.0718003    -0.0237487
 11.2508840     0.0381022    -0.0635291    -0.0211534
 11.2809192     0.0389938    -0.0573770    -0.0171772
 11.3109544     0.0400887    -0.0534693    -0.0130302
 11.3409896     0.0399190    -0.0512647    -0.0100197
 11.3710248     0.0367566    -0.0496675    -0.0090917
 11.4010600     0.0293521    -0.0473280    -0.0105012
 11.4310952     0.0175932    -0.0430415    -0.0137212
 11.4611304     0.0028015    -0.0361164    -0.0176155
 11.4911656    -0.0124911    -0.0265853    -0.0208101
 11.5212008    -0.0252484    -0.0151897    -0.0221340
 11.5512360    -0.0328894    -0.0031464    -0.0209813
 11.5812712    -0.0341609     0.0082210    -0.0174789
 11.6113064    -0.0295989     0.0178562    -0.0124156
 11.6413416    -0.0213990     0.0252259    -0.0069651
 11.6713768    -0.0127296     0.0303829    -0.0023036
 11.7014120    -0.0067256     0.0338366     0.0007495
 11.7314472    -0.0055190     0.0363019     0.0019541
 11.7614824    -0.0096405     0.0384332     0.0016696
 11.7915176    -0.0179846     0.0406446     0.0006815
 11.8215528    -0.0283172     0.0430687    -0.0001012
 11.8515880    -0.0381089     0.0456472     0.0000312
 11.8816232    -0.0453696     0.0482860     0.0013545
 11.9116584    -0.0491872     0.0509938     0.0036364
 11.9416936    -0.0498065     0.0539333     0.0062436
 11.9717288    -0.0482802     0.0573670     0.0083851
 12.0017640    -0.0458852     0.0615268     0.0094058
 12.0317992    -0.0435743     0.0664777     0.0090269
 12.0618344    -0.0416867     0.0720426     0.0074515
 12.0918696    -0.0400074     0.0778296     0.0052998
 12.1219048    -0.0380984     0.0833513     0.0033978
 12.1519400    -0.0357051     0.0881843     0.0024938
 12.1819752    -0.0330173     0.0920977     0.0030022
 12.2120104    -0.0306417     0.0950954     0.0048638
 12.2420456    -0.0292928     0.0973572     0.0075730
 12.2720808    -0.0293518     0.0991127     0.0103599
 12.3021160    -0.0305193     0.1005116     0.0124635
 12.3321512    -0.0317612     0.1015571     0.0133964
 12.3621864    -0.0316174     0.1021356     0.0131042
 12.3922216    -0.0287783     0.1021287     0.0119639
 12.4222568    -0.0226977     0.1015481     0.0106217
 12.4522920    -0.0139674     0.1006216     0.0097338
 12.4823272    -0.0042594     0.0997712     0.0097111
 12.5123624     0.0041917     0.0994781     0.0105657
 12.5423976     0.0093979     0.1000820     0.0119222
 12.5724328     0.0104152     0.1015991     0.0131878
 12.6024680     0.0078049     0.1036457     0.0138145
 12.6325032     0.0035510     0.1055148     0.0135467
 12.6625384     0.0004261     0.1063905     0.0125491
 12.6925736     0.0010174     0.1056226     0.0113561
 12.7226088     0.0067675     0.1029539     0.0106568
 12.7526440     0.0173923     0.0986070     0.0109959
 12.7826792     0.0309069     0.0931887     0.0125119
 12.8127144     0.0442654     0.0874507     0.0148267
 12.8427496     0.0543906     0.0820014     0.0171415
 12.8727848     0.0592196     0.0770917     0.0185171
 12.9028200     0.0583836     0.0725654     0.0182369
 12.9328552     0.0532765     0.0679985     0.0161128
 12.9628904     0.0464946     0.0629678     0.0126089
 12.9929256     0.0408615     0.0573296     0.0087238
 13.0229608     0.0384050     0.0513811     0.0056634
 13.0529960     0.0396589     0.0458182     0.0044210
 13.0830312     0.0435377     0.0414911     0.0054204
 13.1130664     0.0478123     0.0390457     0.0083587
 13.1431016     0.0499928     0.0385958     0.0123115
 13.1731368     0.0482805     0.0395693     0.0160618
 13.2031720     0.0422363     0.0408110     0.0185302
 13.2332072     0.0329305     0.0409224     0.0191408
 13.2632424     0.0225360     0.0387279     0.0179870
 13.2932776     0.0135329     0.0336948     0.0157376
 13.3233128     0.0078262     0.0261486     0.0133282
 13.3533480     0.0060980     0.0171941     0.0115675
 13.3833832     0.0076173     0.0083632     0.0108198
 13.4134184     0.0105547     0.0011126     0.0108914
 13.4434536     0.0126698    -0.0036491     0.0111635
 13.4734888     0.0121128    -0.0058355     0.0109113
 13.5035240     0.0080550    -0.0061636     0.0096691
 13.5335593     0.0009397    -0.0058579     0.0074844
 13.5635945    -0.0077119    -0.0061933     0.0049460
 13.5936297    -0.0158515    -0.0080496     0.0029686
 13.6236649    -0.0216044    -0.0116392     0.0024151
 13.6537001    -0.0238800    -0.0164977     0.0037138
 13.6837353    -0.0226966    -0.0217235     0.0066287
 13.7137705    -0.0191345    -0.0263627     0.0102869
 13.7438057    -0.0149549    -0.0297832     0.0134614
 13.7738409    -0.0120282    -0.0318961     0.0150061
 13.8038761    -0.0117611    -0.0331484     0.0142744
 13.8339113    -0.0146985    -0.0343048     0.0113584
 13.8639465    -0.0204072    -0.0361121     0.0070539
 13.8939817    -0.0276556    -0.0389863     0.0025657
 13.9240169    -0.0348140    -0.0428404    -0.0009331
 13.9540521    -0.0403453    -0.0471142    -0.0027139
 13.9840873    -0.0432344    -0.0509856    -0.0027213
 14.0141225    -0.0432409    -0.0536759    -0.0015336
 14.0441577    -0.0409124    -0.0547295    -0.0000798
 14.0741929    -0.0373692    -0.0541678     0.0007650
 14.1042281    -0.0339363    -0.0524681     0.0005409
 14.1342633    -0.0317344    -0.0503873    -0.0006244
 14.1642985    -0.0313516    -0.0487029    -0.0020963
 14.1943337    -0.0326847    -0.0479705    -0.0030297
 14.2243689    -0.0349932    -0.0483758    -0.0027543
 14.2544041    -0.0371378    -0.0497228    -0.0010911
 14.2844393    -0.0379290    -0.0515424     0.0015304
 14.3144745    -0.0364749    -0.0532692     0.0042002
 14.3445097    -0.0324257    -0.0544179     0.0058532
 14.3745449    -0.0260465    -0.0547022     0.0056636
 14.4045801    -0.0181088    -0.0540708     0.0033587
 14.4346153    -0.0096489    -0.0526698    -0.0006660
 14.4646505    -0.0016814    -0.0507609    -0.0054662
 14.4946857     0.0050380    -0.0486372    -0.0098560
 14.5247209     0.0101323    -0.0465615    -0.0127852
 14.5547561     0.0135877    -0.0447361    -0.0136542
 14.5847913     0.0156393    -0.0432971    -0.0124665
 14.6148265     0.0166241    -0.0423163    -0.0097822
 14.6448617     0.0168728    -0.0417976    -0.0065107
 14.6748969     0.0166780    -0.0416699    -0.0036280
 14.7049321     0.0163312    -0.0417826    -0.0019164
 14.7349673     0.0161811    -0.0419196    -0.0017999
 14.7650025     0.0166470    -0.0418383    -0.0033008
 14.7950377     0.0181484    -0.0413275    -0.0060995
 14.8250729     0.0209522    -0.0402673    -0.0096508
 14.8551081     0.0249979    -0.0386657    -0.0133114
 14.8851433     0.0297893    -0.0366562    -0.0164500
 14.9151785     0.0344327    -0.0344486    -0.0185351
 14.9452137     0.0378494    -0.0322513    -0.0192097
 14.9752489     0.0391144    -0.0301907    -0.0183598
 15.0052841     0.0378054    -0.0282601    -0.0161650
 15.0353193     0.0342202    -0.0263187    -0.0131073
 15.0653545     0.0293510    -0.0241438    -0.0099062
 15.0953897     0.0245928    -0.0215176    -0.0073713
 15.1254249     0.0212668    -0.0183176    -0.0061906
 15.1554601     0.0201292    -0.0145774    -0.0067147
 15.1854953     0.0210578    -0.0104964    -0.0088120
 15.2155305     0.0230587    -0.0063942    -0.0118626
 15.2455657     0.0246160    -0.0026291    -0.0149144
 15.2756009     0.0242724     0.0004948    -0.0169676

PDF 1 in G'(r) format
  r, PDF (RMC), PDF (Expt)
 CURVES
         348 ,           2
      0.0654509        0.0000000        0.0000000
      0.1309019        0.0000000        0.0000000
      0.1963528        0.0000000        0.0000000
      0.2618037        0.0000000        0.0000000
      0.3272547        0.0000000        0.0000000
      0.3927056        0.0000000        0.0000000
      0.4581565        0.0000000        0.0000000
      0.5236075        0.0000000        0.0000000
      0.5890584        0.0000000        0.0000000
      0.6545093        0.0000000        0.0000000
      0.7199603        0.0000000        0.0000000
      0.7854112        0.0000000        0.0000000
      0.8508621        0.0000000        0.0000000
      0.9163131        0.0000000        0.0000000
      0.9817640        0.0000000        0.0000000
      1.0472149        0.0000000        0.0000000
      1.1126659        0.0000000        0.0000000
      1.1781168        0.0000000        0.0000000
      1.2435677        0.0000000        0.1336642
      1.3090187        0.0000000        0.4087493
      1.3744696        0.0000000        0.7543131
      1.4399206        1.9471608        1.1485415
      1.5053715        5.2368390        1.5505350
      1.5708224        4.7650128        1.9059448
      1.6362734        4.6680648        2.1587834
      1.7017243        4.5309518        2.2659462
      1.7671752        4.3920515        2.2093322
      1.8326262        0.5853470        2.0010507
      1.8980771        0.4894342        1.6798473
      1.9635280        0.4702807        1.3003390
      2.0289790        0.4252968        0.9192625
      2.0944299        0.4318025        0.5835708
      2.1598808        0.4354150        0.3237554
      2.2253318        0.4189884        0.1531507
      2.2907827        0.4063855        0.0715582
      2.3562336        0.4316011        0.0703735
      2.4216846        0.4119114        0.1367765
      2.4871355        0.4577776        0.2559231
      2.5525864        0.5239433        0.4115305
      2.6180374        0.5356232        0.5860281
      2.6834883        0.5217363        0.7613177
      2.7489392        0.6001740        0.9204588
      2.8143902        0.6740908        1.0498161
      2.8798411        0.7755125        1.1408396
      2.9452920        1.0663758        1.1907984
      3.0107430        1.1089058        1.2022868
      3.0761939        1.1071707        1.1818121
      3.1416448        1.0762316        1.1380301
      3.2070958        1.0614372        1.0801428
      3.2725467        1.0305665        1.0167345
      3.3379976        0.9786579        0.9550757
      3.4034486        0.9326105        0.9007813
      3.4688995        0.9976175        0.8576976
      3.5343504        0.9490493        0.8279539
      3.5998014        0.8486111        0.8121644
      3.6652523        0.8496160        0.8097733
      3.7307032        0.8134733        0.8194883
      3.7961542        0.8795253        0.8397032
      3.8616051        0.8329712        0.8687856
      3.9270560        0.8810862        0.9051459
      3.9925070        0.8922651        0.9470814
      4.0579579        0.9286437        0.9924918
      4.1234088        0.9614588        1.0386326
      4.1888598        0.9568264        1.0820893
      4.2543107        0.9651011        1.1190817
      4.3197617        0.9898663        1.1460852
      4.3852126        1.0594134        1.1606051
      4.4506635        1.0040712        1.1618539
      4.5161145        1.0609270        1.1510787
      4.5815654        1.0249486        1.1313973
      4.6470163        1.0559679        1.1071647
      4.7124673        1.0073344        1.0830542
      4.7779182        1.0421777        1.0631198
      4.8433691        1.0188161        1.0500902
      4.9088201        1.0086081        1.0450422
      4.9742710        1.0249451        1.0474679
      5.0397219        0.9859457        1.0556379
      5.1051729        0.9900415        1.0671130
      5.1706238        0.9624780        1.0792657
      5.2360747        0.9566723        1.0897134
      5.3015257        0.9691882        1.0966243
      5.3669766        0.9470739        1.0988858
      5.4324275        0.9671912        1.0961514
      5.4978785        0.9756258        1.0887822
      5.5633294        0.9850922        1.0777025
      5.6287803        1.0344818        1.0641974
      5.6942313        1.0057708        1.0496821
      5.7596822        0.9840588        1.0354810
      5.8251331        1.0520159        1.0226525
      5.8905841        1.0172456        1.0118836
      5.9560350        1.0082527        1.0034631
      6.0214859        1.0237849        0.9973273
      6.0869369        1.0214248        0.9931542
      6.1523878        1.0207514        0.9904812
      6.2178387        1.0511770        0.9888186
      6.2832897        1.0118301        0.9877401
      6.3487406        1.0171391        0.9869391
      6.4141915        1.0150334        0.9862467
      6.4796425        1.0164432        0.9856162
      6.5450934        1.0254511        0.9850831
      6.6105443        1.0246807        0.9847145
      6.6759953        1.0176228        0.9845639
      6.7414462        1.0065579        0.9846464
      6.8068971        1.0057160        0.9849370
      6.8723481        1.0166273        0.9853913
      6.9377990        1.0281491        0.9859733
      7.0032500        1.0161311        0.9866786
      7.0687009        1.0386525        0.9875407
      7.1341518        1.0033004        0.9886210
      7.1996028        1.0087338        0.9899864
      7.2650537        1.0164627        0.9916841
      7.3305046        1.0218956        0.9937189
      7.3959556        1.0262163        0.9960403
      7.4614065        1.0020944        0.9985393
      7.5268574        1.0219389        1.0010578
      7.5923084        1.0251080        1.0034105
      7.6577593        1.0132357        1.0054168
      7.7232102        1.0182502        1.0069347
      7.7886612        1.0018965        1.0078879
      7.8541121        1.0046866        1.0082768
      7.9195630        1.0050214        1.0081716
      7.9850140        0.9886403        1.0076919
      8.0504649        1.0183773        1.0069810
      8.1159158        0.9849397        1.0061833
      8.1813668        1.0051212        1.0054282
      8.2468177        1.0115494        1.0048201
      8.3122686        0.9907867        1.0044299
      8.3777196        1.0109458        1.0042903
      8.4431705        1.0039281        1.0043946
      8.5086214        0.9999730        1.0047020
      8.5740724        0.9984550        1.0051498
      8.6395233        0.9973396        1.0056686
      8.7049742        0.9955392        1.0061946
      8.7704252        1.0018913        1.0066765
      8.8358761        0.9962527        1.0070750
      8.9013270        0.9934411        1.0073594
      8.9667780        0.9990344        1.0075046
      9.0322289        0.9864362        1.0074908
      9.0976798        0.9913184        1.0073061
      9.1631308        0.9934514        1.0069488
      9.2285817        0.9936889        1.0064289
      9.2940326        1.0081308        1.0057682
      9.3594836        0.9889293        1.0049992
      9.4249345        0.9857553        1.0041619
      9.4903854        0.9915810        1.0033015
      9.5558364        1.0110862        1.0024632
      9.6212873        1.0178068        1.0016885
      9.6867382        0.9925229        1.0010121
      9.7521892        0.9980870        1.0004599
      9.8176401        0.9961938        1.0000490
      9.8830911        0.9988295        0.9997854
      9.9485420        1.0104076        0.9996616
     10.0139929        1.0071112        0.9996523
     10.0794439        0.9955372        0.9997136
     10.1448948        0.9915104        0.9997863
     10.2103457        1.0081248        0.9998056
     10.2757967        0.9984402        0.9997154
     10.3412476        0.9913079        0.9994805
     10.4066985        1.0010365        0.9990951
     10.4721495        0.9826230        0.9985839
     10.5376004        0.9866026        0.9979966
     10.6030513        1.0029924        0.9973973
     10.6685023        0.9913037        0.9968523
     10.7339532        0.9952596        0.9964170
     10.7994041        0.9856716        0.9961255
     10.8648551        1.0068694        0.9959858
     10.9303060        1.0009529        0.9959797
     10.9957569        1.0052412        0.9960714
     11.0612079        0.9984205        0.9962183
     11.1266588        1.0014073        0.9963827
     11.1921097        1.0061733        0.9965386
     11.2575607        1.0178668        0.9966740
     11.3230116        0.9996190        0.9967877
     11.3884625        1.0049161        0.9968859
     11.4539135        0.9996521        0.9969775
     11.5193644        1.0019574        0.9970714
     11.5848153        0.9917624        0.9971733
     11.6502663        0.9896404        0.9972828
     11.7157172        0.9882030        0.9973918
     11.7811681        1.0035879        0.9974858
     11.8466191        1.0010422        0.9975487
     11.9120700        1.0124152        0.9975699
     11.9775209        1.0119083        0.9975487
     12.0429719        1.0007516        0.9974962
     12.1084228        0.9953434        0.9974306
     12.1738737        0.9982019        0.9973706
     12.2393247        0.9942258        0.9973294
     12.3047756        0.9868805        0.9973116
     12.3702265        0.9969075        0.9973140
     12.4356775        1.0067312        0.9973288
     12.5011284        1.0148315        0.9973466
     12.5665794        1.0029931        0.9973586
     12.6320303        1.0140696        0.9973585
     12.6974812        0.9938686        0.9973439
     12.7629322        1.0042935        0.9973167
     12.8283831        1.0106994        0.9972826
     12.8938340        1.0077152        0.9972497
     12.9592850        1.0031020        0.9972247
     13.0247359        0.9837407        0.9972114
     13.0901868        0.9970746        0.9972099
     13.1556378        0.9890937        0.9972187
     13.2210887        0.9991407        0.9972367
     13.2865396        0.9965899        0.9972651
     13.3519906        1.0027894        0.9973063
     13.4174415        1.0062453        0.9973628
     13.4828924        1.0001724        0.9974340
     13.5483434        0.9985492        0.9975154
     13.6137943        0.9936494        0.9975994
     13.6792452        0.9903441        0.9976772
     13.7446962        0.9923668        0.9977406
     13.8101471        0.9899950        0.9977842
     13.8755980        0.9964366        0.9978068
     13.9410490        1.0058157        0.9978108
     14.0064999        1.0090070        0.9978019
     14.0719508        1.0069137        0.9977874
     14.1374018        1.0034129        0.9977742
     14.2028527        1.0061021        0.9977680
     14.2683036        0.9984551        0.9977727
     14.3337546        1.0082199        0.9977911
     14.3992055        0.9931944        0.9978259
     14.4646564        0.9947993        0.9978789
     14.5301074        0.9851750        0.9979501
     14.5955583        1.0046394        0.9980367
     14.6610092        1.0046272        0.9981329
     14.7264602        1.0007221        0.9982319
     14.7919111        0.9958241        0.9983290
     14.8573620        1.0036498        0.9984234
     14.9228130        0.9984385        0.9985184
     14.9882639        0.9974834        0.9986181
     15.0537148        1.0022288        0.9987249
     15.1191658        1.0136735        0.9988371
     15.1846167        1.0024425        0.9989493
     15.2500676        1.0037689        0.9990550
     15.3155186        1.0034037        0.9991490
     15.3809695        1.0042037        0.9992285
     15.4464205        1.0074930        0.9992931
     15.5118714        1.0013520        0.9993435
     15.5773223        0.9998645        0.9993811
     15.6427733        1.0017257        0.9994083
     15.7082242        1.0188759        0.9994293
     15.7736751        0.9916550        0.9994500
     15.8391261        1.0032043        0.9994768
     15.9045770        1.0027882        0.9995151
     15.9700279        0.9960209        0.9995674
     16.0354789        0.9962029        0.9996329
     16.1009298        1.0012786        0.9997081
     16.1663807        1.0077349        0.9997877
     16.2318317        1.0057677        0.9998655
     16.2972826        0.9987803        0.9999355
     16.3627335        1.0072238        0.9999930
     16.4281845        1.0007146        1.0000353
     16.4936354        1.0024344        1.0000631
     16.5590863        0.9925811        1.0000796
     16.6245373        0.9947870        1.0000905
     16.6899882        0.9986143        1.0001019
     16.7554391        1.0027185        1.0001189
     16.8208901        0.9976709        1.0001452
     16.8863410        1.0004775        1.0001820
     16.9517919        1.0066855        1.0002287
     17.0172429        1.0011906        1.0002820
     17.0826938        0.9962964        1.0003367
     17.1481447        1.0046895        1.0003859
     17.2135957        1.0050688        1.0004233
     17.2790466        1.0014680        1.0004447
     17.3444975        0.9912390        1.0004502
     17.4099485        1.0044696        1.0004434
     17.4753994        0.9992164        1.0004308
     17.5408503        0.9973808        1.0004192
     17.6063013        1.0037304        1.0004144
     17.6717522        0.9915256        1.0004212
     17.7372031        1.0017466        1.0004431
     17.8026541        1.0025628        1.0004828
     17.8681050        0.9968622        1.0005415
     17.9335559        0.9970349        1.0006177
     17.9990069        0.9869874        1.0007069
     18.0644578        1.0008065        1.0008023
     18.1299088        1.0043086        1.0008963
     18.1953597        0.9964163        1.0009823
     18.2608106        0.9985917        1.0010555
     18.3262616        1.0031046        1.0011133
     18.3917125        0.9963919        1.0011547
     18.4571634        1.0016991        1.0011794
     18.5226144        0.9991523        1.0011887
     18.5880653        0.9981214        1.0011851
     18.6535162        0.9949263        1.0011723
     18.7189672        1.0074233        1.0011550
     18.7844181        1.0000302        1.0011369
     18.8498690        0.9986719        1.0011213
     18.9153200        1.0057419        1.0011100
     18.9807709        1.0029454        1.0011048
     19.0462218        0.9914066        1.0011074
     19.1116728        1.0050273        1.0011186
     19.1771237        0.9983577        1.0011381
     19.2425746        0.9966252        1.0011632
     19.3080256        0.9928131        1.0011898
     19.3734765        0.9974844        1.0012133
     19.4389274        0.9962250        1.0012306
     19.5043784        1.0009453        1.0012404
     19.5698293        1.0042576        1.0012437
     19.6352802        0.9986786        1.0012419
     19.7007312        0.9993013        1.0012363
     19.7661821        1.0013916        1.0012277
     19.8316330        0.9962061        1.0012165
     19.8970840        0.9959200        1.0012036
     19.9625349        0.9988197        1.0011905
     20.0279858        1.0010652        1.0011788
     20.0934368        1.0022529        1.0011696
     20.1588877        1.0055779        1.0011631
     20.2243386        0.9889448        1.0011586
     20.2897896        1.0069523        1.0011542
     20.3552405        1.0031437        1.0011478
     20.4206914        1.0016089        1.0011372
     20.4861424        1.0000079        1.0011206
     20.5515933        1.0058527        1.0010978
     20.6170442        1.0014911        1.0010696
     20.6824952        1.0010588        1.0010387
     20.7479461        1.0013011        1.0010081
     20.8133970        0.9955750        1.0009806
     20.8788480        0.9917688        1.0009571
     20.9442989        1.0080489        1.0009368
     21.0097499        1.0009736        1.0009174
     21.0752008        1.0063665        1.0008970
     21.1406517        1.0017471        1.0008743
     21.2061027        1.0017220        1.0008495
     21.2715536        1.0011226        1.0008238
     21.3370045        0.9971589        1.0007988
     21.4024555        1.0002804        1.0007757
     21.4679064        0.9949367        1.0007557
     21.5333573        0.9998764        1.0007395
     21.5988083        1.0003363        1.0007271
     21.6642592        1.0004466        1.0007182
     21.7297101        0.9954925        1.0007114
     21.7951611        0.9962604        1.0007048
     21.8606120        1.0073918        1.0006960
     21.9260629        1.0058763        1.0006828
     21.9915139        0.9964737        1.0006633
     22.0569648        0.9977271        1.0006368
     22.1224157        1.0037617        1.0006032
     22.1878667        0.9988969        1.0005635
     22.2533176        1.0035117        1.0005196
     22.3187685        0.9959923        1.0004742
     22.3842195        1.0045263        1.0004298
     22.4496704        0.9927797        1.0003886
     22.5151213        1.0061422        1.0003512
     22.5805723        1.0029136        1.0003174
     22.6460232        0.9968387        1.0002861
     22.7114741        0.9942867        1.0002565
     22.7769251        1.0077235        1.0002279

 Total S(Q)'s: Comparison with input data

   494  2 are NQ and NPAR

       Q      S(Q)_RMC  S(Q)_Expt
      0.4682470      0.6132226      0.2271120
      0.4982822      0.6248875      0.2271106
      0.5283174      0.6405419      0.1999420
      0.5583526      0.6560824      0.2298477
      0.5883878      0.6683811      0.2305229
      0.6184230      0.6773118      0.2565282
      0.6484582      0.6867692      0.2474925
      0.6784934      0.7041249      0.2646457
      0.7085286      0.7381670      0.2636886
      0.7385638      0.7961750      0.3029387
      0.7685990      0.8811440      0.2805120
      0.7986342      0.9901672      0.3165444
      0.8286694      1.1145994      0.3244117
      0.8587046      1.2420201      0.3527661
      0.8887398      1.3593935      0.3403984
      0.9187750      1.4564223      0.3830725
      0.9488102      1.5280347      0.3897791
      0.9788454      1.5752526      0.4379873
      1.0088806      1.6042313      0.4125052
      1.0389158      1.6238576      0.4651582
      1.0689510      1.6427254      0.4877043
      1.0989862      1.6664572      0.5442605
      1.1290214      1.6961661      0.5444532
      1.1590566      1.7284357      0.6122928
      1.1890918      1.7567038      0.6520703
      1.2191270      1.7735108      0.7344390
      1.2491622      1.7728711      0.7458428
      1.2791974      1.7520568      0.8219906
      1.3092326      1.7123407      0.8956982
      1.3392678      1.6585914      0.9992039
      1.3693030      1.5979592      1.0198287
      1.3993382      1.5381101      1.1369383
      1.4293734      1.4855254      1.1987705
      1.4594086      1.4442910      1.2757277
      1.4894438      1.4156001      1.2613224
      1.5194790      1.3979791      1.3187779
      1.5495142      1.3880574      1.3195413
      1.5795494      1.3816079      1.3330965
      1.6095846      1.3745700      1.2907113
      1.6396198      1.3638299      1.2758884
      1.6696551      1.3476336      1.2346597
      1.6996903      1.3256192      1.2025490
      1.7297255      1.2985415      1.1281665
      1.7597607      1.2678212      1.1096771
      1.7897959      1.2350633      1.0771284
      1.8198311      1.2016710      1.0551994
      1.8498663      1.1686296      0.9751018
      1.8799015      1.1364756      0.9381422
      1.9099367      1.1054023      0.9071732
      1.9399719      1.0754205      0.8997299
      1.9700071      1.0464812      0.8358655
      2.0000423      1.0185016      0.8316845
      2.0300775      0.9912866      0.8136838
      2.0601127      0.9643998      0.8046218
      2.0901479      0.9370750      0.7624509
      2.1201831      0.9082590      0.7732897
      2.1502183      0.8768290      0.7633512
      2.1802535      0.8419525      0.7720520
      2.2102887      0.8034816      0.7309090
      2.2403239      0.7622289      0.7466612
      2.2703591      0.7199874      0.7533610
      2.3003943      0.6792330      0.7680510
      2.3304295      0.6425566      0.7382436
      2.3604647      0.6119887      0.7595078
      2.3904999      0.5884324      0.7638416
      2.4205351      0.5714099      0.7806353
      2.4505703      0.5592283      0.7502910
      2.4806055      0.5495278      0.7822772
      2.5106407      0.5400360      0.8038701
      2.5406759      0.5292706      0.8176890
      2.5707111      0.5169456      0.8044652
      2.6007463      0.5039376      0.8377921
      2.6307815      0.4918341      0.8400853
      2.6608167      0.4822374      0.8520570
      2.6908519      0.4760925      0.8252383
      2.7208871      0.4732975      0.8355018
      2.7509223      0.4727444      0.8317003
      2.7809575      0.4727719      0.8250412
      2.8109927      0.4718479      0.7952607
      2.8410279      0.4692086      0.8046475
      2.8710631      0.4651972      0.8046591
      2.9010983      0.4611591      0.7881810
      2.9311335      0.4589280      0.7580689
      2.9611687      0.4601004      0.7614488
      2.9912039      0.4653823      0.7674275
      3.0212391      0.4742700      0.7546413
      3.0512743      0.4851998      0.7336678
      3.0813095      0.4961190      0.7372516
      3.1113447      0.5052671      0.7444021
      3.1413799      0.5118664      0.7215999
      3.1714151      0.5164545      0.7253841
      3.2014503      0.5207225      0.7364089
      3.2314855      0.5269087      0.7460286
      3.2615207      0.5369695      0.7300181
      3.2915559      0.5518340      0.7334640
      3.3215911      0.5710228      0.7397794
      3.3516263      0.5927756      0.7598267
      3.3816615      0.6146486      0.7430905
      3.4116967      0.6343663      0.7514350
      3.4417319      0.6506228      0.7651283
      3.4717671      0.6635461      0.7832348
      3.5018023      0.6746620      0.7695356
      3.5318375      0.6863745      0.7850247
      3.5618727      0.7011526      0.7992730
      3.5919079      0.7207095      0.8295553
      3.6219431      0.7454602      0.8160021
      3.6519783      0.7744356      0.8348138
      3.6820135      0.8056699      0.8515543
      3.7120487      0.8369137      0.8908179
      3.7420839      0.8664181      0.8619162
      3.7721191      0.8935228      0.9157841
      3.8021543      0.9188566      0.9146423
      3.8321895      0.9440965      0.9630835
      3.8622247      0.9713817      0.9320670
      3.8922599      1.0025833      0.9858803
      3.9222951      1.0386681      1.0032217
      3.9523303      1.0793499      1.0498876
      3.9823655      1.1231174      1.0317469
      4.0124007      1.1676093      1.0860654
      4.0424359      1.2102017      1.1159377
      4.0724711      1.2486276      1.1497825
      4.1025063      1.2814559      1.1360799
      4.1325415      1.3083189      1.1903178
      4.1625767      1.3298613      1.2179571
      4.1926119      1.3474624      1.2339687
      4.2226471      1.3628364      1.2467250
      4.2526823      1.3776238      1.3043125
      4.2827175      1.3930701      1.3606306
      4.3127527      1.4098414      1.3820155
      4.3427879      1.4279847      1.3998934
      4.3728231      1.4470035      1.4327633
      4.4028583      1.4660060      1.4627508
      4.4328935      1.4838837      1.4678083
      4.4629287      1.4994872      1.4864653
      4.4929639      1.5117815      1.5020508
      4.5229991      1.5199701      1.5377427
      4.5530343      1.5235802      1.5003461
      4.5830695      1.5225033      1.5257260
      4.6131047      1.5169857      1.5325652
      4.6431399      1.5075699      1.5687459
      4.6731751      1.4949975      1.5174391
      4.7032103      1.4800931      1.5466481
      4.7332455      1.4636589      1.5376183
      4.7632807      1.4464009      1.5691261
      4.7933159      1.4289037      1.5021966
      4.8233511      1.4116450      1.5165270
      4.8533863      1.3950325      1.5241521
      4.8834215      1.3794306      1.5238322
      4.9134567      1.3651524      1.4525735
      4.9434919      1.3524080      1.4576649
      4.9735271      1.3412221      1.4447909
      5.0035623      1.3313589      1.4203126
      5.0335975      1.3222952      1.3644243
      5.0636327      1.3132762      1.3436087
      5.0936679      1.3034626      1.3021866
      5.1237031      1.2921391      1.2410630
      5.1537383      1.2789270      1.2017483
      5.1837735      1.2639287      1.1732049
      5.2138087      1.2477443      1.1519503
      5.2438439      1.2313377      1.0994289
      5.2738791      1.2157774      1.0666408
      5.3039143      1.2019244      1.0246492
      5.3339495      1.1901650      1.0124874
      5.3639847      1.1802778      0.9496015
      5.3940199      1.1714871      0.9300686
      5.4240551      1.1626926      0.9113801
      5.4540903      1.1528091      0.9012217
      5.4841255      1.1411067      0.8412658
      5.5141607      1.1274433      0.8495638
      5.5441959      1.1123112      0.8353429
      5.5742311      1.0966865      0.8233614
      5.6042663      1.0817304      0.7922807
      5.6343015      1.0684452      0.7976393
      5.6643367      1.0573955      0.7972777
      5.6943719      1.0485813      0.7810034
      5.7244071      1.0414914      0.7777528
      5.7544423      1.0353029      0.7875956
      5.7844775      1.0291457      0.8026780
      5.8145127      1.0223356      0.7678041
      5.8445479      1.0145035      0.7845018
      5.8745831      1.0055950      0.7739033
      5.9046183      0.9957703      0.8036679
      5.9346535      0.9852679      0.7617320
      5.9646887      0.9743039      0.7797114
      5.9947239      0.9630486      0.7885107
      6.0247591      0.9516816      0.8036412
      6.0547943      0.9404781      0.7830277
      6.0848295      0.9298634      0.8025579
      6.1148647      0.9203824      0.8114376
      6.1448999      0.9125700      0.8051858
      6.1749351      0.9067622      0.8014051
      6.2049703      0.9029209      0.8030301
      6.2350055      0.9005586      0.8226581
      6.2650407      0.8988122      0.7927703
      6.2950759      0.8966664      0.8112737
      6.3251111      0.8932577      0.8112523
      6.3551463      0.8881576      0.8400595
      6.3851815      0.8815265      0.7979428
      6.4152167      0.8740769      0.8226456
      6.4452519      0.8668490      0.8239859
      6.4752871      0.8608763      0.8271839
      6.5053223      0.8568576      0.8062118
      6.5353575      0.8549531      0.8216877
      6.5653927      0.8547741      0.8360446
      6.5954279      0.8555622      0.8212965
      6.6254631      0.8564843      0.8344818
      6.6554983      0.8569255      0.8478426
      6.6855335      0.8566732      0.8813296
      6.7155687      0.8559278      0.8540074
      6.7456039      0.8551537      0.8920922
      6.7756391      0.8548435      0.8942695
      6.8056743      0.8553017      0.9198193
      6.8357095      0.8565385      0.9141463
      6.8657447      0.8583110      0.9356852
      6.8957799      0.8602820      0.9506577
      6.9258151      0.8622127      0.9493381
      6.9558503      0.8640953      0.9711091
      6.9858855      0.8661564      0.9913418
      7.0159207      0.8687292      1.0186134
      7.0459559      0.8720526      1.0058961
      7.0759911      0.8760983      1.0345337
      7.1060263      0.8805181      1.0553733
      7.1360615      0.8847551      1.0742551
      7.1660967      0.8882877      1.0782190
      7.1961319      0.8909099      1.0976649
      7.2261671      0.8929227      1.1155840
      7.2562023      0.8951363      1.1085768
      7.2862375      0.8986576      1.1286791
      7.3162727      0.9045202      1.1375355
      7.3463079      0.9132929      1.1628306
      7.3763431      0.9248181      1.1441410
      7.4063783      0.9381934      1.1664564
      7.4364135      0.9520224      1.1727203
      7.4664487      0.9648535      1.1727004
      7.4964839      0.9756511      1.1602715
      7.5265191      0.9841248      1.1716519
      7.5565543      0.9907884      1.1872848
      7.5865896      0.9967273      1.1685276
      7.6166248      1.0031577      1.1720049
      7.6466600      1.0109505      1.1782862
      7.6766952      1.0203013      1.1687309
      7.7067304      1.0306778      1.1381723
      7.7367656      1.0410644      1.1495302
      7.7668008      1.0504096      1.1544720
      7.7968360      1.0580955      1.1277389
      7.8268712      1.0642433      1.1319886
      7.8569064      1.0697224      1.1318927
      7.8869416      1.0758510      1.1418246
      7.9169768      1.0838934      1.1080666
      7.9470120      1.0945414      1.1339017
      7.9770472      1.1075795      1.1415766
      8.0070824      1.1218674      1.1239981
      8.0371176      1.1356557      1.1198802
      8.0671528      1.1471294      1.1227921
      8.0971880      1.1549869      1.1364507
      8.1272232      1.1588530      1.1030304
      8.1572584      1.1593819      1.1226115
      8.1872936      1.1580232      1.1288825
      8.2173288      1.1565428      1.1207658
      8.2473640      1.1564734      1.1134298
      8.2773992      1.1586869      1.1155869
      8.3074344      1.1632260      1.1308347
      8.3374696      1.1694298      1.0944454
      8.3675048      1.1762781      1.1197357
      8.3975400      1.1828047      1.1252254
      8.4275752      1.1884163      1.1198918
      8.4576104      1.1930017      1.1119161
      8.4876456      1.1968103      1.1172976
      8.5176808      1.2001736      1.1372815
      8.5477160      1.2032055      1.1021961
      8.5777512      1.2056243      1.1205560
      8.6077864      1.2067836      1.1261711
      8.6378216      1.2059120      1.1154663
      8.6678568      1.2024707      1.1032333
      8.6978920      1.1964835      1.1000475
      8.7279272      1.1886983      1.1054963
      8.7579624      1.1804923      1.0804208
      8.7879976      1.1735321      1.0942792
      8.8180328      1.1692898      1.0986872
      8.8480680      1.1685737      1.0725238
      8.8781032      1.1712350      1.0732324
      8.9081384      1.1761580      1.0648497
      8.9381736      1.1815438      1.0671898
      8.9682088      1.1854040      1.0385388
      8.9982440      1.1861091      1.0508127
      9.0282792      1.1828236      1.0562875
      9.0583144      1.1756952      1.0178543
      9.0883496      1.1657536      1.0354221
      9.1183848      1.1545622      1.0231734
      9.1484200      1.1437455      1.0120286
      9.1784552      1.1345438      0.9961459
      9.2084904      1.1275270      0.9950315
      9.2385256      1.1225394      0.9978700
      9.2685608      1.1188676      0.9570603
      9.2985960      1.1155510      0.9705967
      9.3286312      1.1117215      0.9732186
      9.3586664      1.1068573      0.9490281
      9.3887016      1.1008819      0.9442086
      9.4187368      1.0940956      0.9400556
      9.4487720      1.0869893      0.9336798
      9.4788072      1.0800208      0.9112314
      9.5088424      1.0734405      0.9140554
      9.5388776      1.0672238      0.9279451
      9.5689128      1.0611213      0.8960677
      9.5989480      1.0547965      0.9069186
      9.6289832      1.0479887      0.9098008
      9.6590184      1.0406380      0.8897411
      9.6890536      1.0329289      0.8913296
      9.7190888      1.0252444      0.8969263
      9.7491240      1.0180541      0.9037819
      9.7791592      1.0117826      0.8852667
      9.8091944      1.0067040      0.8859789
      9.8392296      1.0028930      0.9038123
      9.8692648      1.0002359      0.8742599
      9.8993000      0.9984847      0.8902778
      9.9293352      0.9973231      0.8992584
      9.9593704      0.9964192      0.8820608
      9.9894056      0.9954533      0.8912172
     10.0194408      0.9941289      0.8998255
     10.0494760      0.9921835      0.8955990
     10.0795112      0.9894185      0.8945014
     10.1095464      0.9857499      0.9002798
     10.1395816      0.9812676      0.9121579
     10.1696168      0.9762718      0.8977630
     10.1996520      0.9712564      0.9069967
     10.2296872      0.9668239      0.9210991
     10.2597224      0.9635405      0.9061784
     10.2897576      0.9617712      0.9211949
     10.3197928      0.9615507      0.9265054
     10.3498280      0.9625415      0.9105357
     10.3798632      0.9641086      0.9229119
     10.4098984      0.9654988      0.9332326
     10.4399336      0.9660723      0.9231783
     10.4699688      0.9655122      0.9311786
     10.5000040      0.9639369      0.9431226
     10.5300392      0.9618707      0.9375794
     10.5600744      0.9600774      0.9399720
     10.5901096      0.9593080      0.9505946
     10.6201448      0.9600484      0.9541016
     10.6501800      0.9623539      0.9460639
     10.6802152      0.9658290      0.9579034
     10.7102504      0.9697587      0.9737059
     10.7402856      0.9733454      0.9591583
     10.7703208      0.9759671      0.9723012
     10.8003560      0.9773669      0.9838724
     10.8303912      0.9777112      0.9683670
     10.8604264      0.9775012      0.9821195
     10.8904616      0.9773789      1.0061984
     10.9204968      0.9779028      0.9910984
     10.9505320      0.9793771      1.0073654
     10.9805672      0.9817929      1.0243477
     11.0106024      0.9848940      1.0104893
     11.0406376      0.9883298      1.0300167
     11.0706728      0.9918253      1.0430160
     11.1007080      0.9952953      1.0301322
     11.1307432      0.9988543      1.0425231
     11.1607784      1.0027215      1.0675501
     11.1908136      1.0070622      1.0516201
     11.2208488      1.0118398      1.0719611
     11.2508840      1.0167460      1.0847296
     11.2809192      1.0212500      1.0736718
     11.3109544      1.0247589      1.0892687
     11.3409896      1.0268345      1.0992891
     11.3710248      1.0273874      1.0880918
     11.4010600      1.0267710      1.1023282
     11.4310952      1.0257315      1.1180196
     11.4611304      1.0252213      1.1087737
     11.4911656      1.0261302      1.1191219
     11.5212008      1.0290204      1.1287533
     11.5512360      1.0339515      1.1154189
     11.5812712      1.0404524      1.1252665
     11.6113064      1.0476476      1.1442657
     11.6413416      1.0544993      1.1355609
     11.6713768      1.0600867      1.1366574
     11.7014120      1.0638389      1.1459647
     11.7314472      1.0656553      1.1256311
     11.7614824      1.0658864      1.1302386
     11.7915176      1.0651920      1.1365794
     11.8215528      1.0643313      1.1237817
     11.8515880      1.0639527      1.1309930
     11.8816232      1.0644458      1.1384876
     11.9116584      1.0658909      1.1053533
     11.9416936      1.0681074      1.1196862
     11.9717288      1.0707705      1.1249071
     12.0017640      1.0735490      1.0916744
     12.0317992      1.0762154      1.1028681
     12.0618344      1.0786959      1.1062911
     12.0918696      1.0810502      1.0852988
     12.1219048      1.0834011      1.0909685
     12.1519400      1.0858439      1.0825627
     12.1819752      1.0883767      1.0681162
     12.2120104      1.0908773      1.0752932
     12.2420456      1.0931368      1.0570375
     12.2720808      1.0949366      1.0487935
     12.3021160      1.0961389      1.0507958
     12.3321512      1.0967544      1.0335574
     12.3621864      1.0969592      1.0325806
     12.3922216      1.0970493      1.0340470
     12.4222568      1.0973462      1.0128406
     12.4522920      1.0980848      1.0178602
     12.4823272      1.0993249      1.0145228
     12.5123624      1.1009222      0.9986854
     12.5423976      1.1025722      1.0042922
     12.5724328      1.1039173      0.9876037
     12.6024680      1.1046790      0.9799534
     12.6325032      1.1047660      0.9836742
     12.6625384      1.1043132      0.9697222
     12.6925736      1.1036315      0.9658999
     12.7226088      1.1030802      0.9693184
     12.7526440      1.1029056      0.9488248
     12.7826792      1.1031104      0.9538953
     12.8127144      1.1034081      0.9546650
     12.8427496      1.1032928      0.9414639
     12.8727848      1.1022103      0.9533462
     12.9028200      1.0997754      0.9442463
     12.9328552      1.0959562      0.9404351
     12.9628904      1.0911509      0.9337542
     12.9929256      1.0861165      0.9239408
     13.0229608      1.0817585      0.9277585
     13.0529960      1.0788474      0.9277407
     13.0830312      1.0777556      0.9202320
     13.1130664      1.0783110      0.9221678
     13.1431016      1.0798250      0.9106679
     13.1731368      1.0812941      0.9173889
     13.2031720      1.0817114      0.9185867
     13.2332072      1.0803836      0.9095795
     13.2632424      1.0771444      0.9242223
     13.2932776      1.0723895      0.9135011
     13.3233128      1.0669244      0.9093678
     13.3533480      1.0616799      0.9184536
     13.3833832      1.0573990      0.9029067
     13.4134184      1.0544091      0.9147122
     13.4434536      1.0525547      0.9015748
     13.4734888      1.0513122      0.9064409
     13.5035240      1.0500318      0.9174629
     13.5335593      1.0482117      0.9056191
     13.5635945      1.0456963      0.9178020
     13.5936297      1.0427236      0.9011021
     13.6236649      1.0398080      0.9128576
     13.6537001      1.0375087      0.9242702
     13.6837353      1.0361787      0.9198959
     13.7137705      1.0357956      0.9275778
     13.7438057      1.0359431      0.9146938
     13.7738409      1.0359500      0.9287166
     13.8038761      1.0351366      0.9311652
     13.8339113      1.0330705      0.9319787
     13.8639465      1.0297371      0.9430553
     13.8939817      1.0255596      0.9296768
     13.9240169      1.0212625      0.9502973
     13.9540521      1.0176309      0.9397102
     13.9840873      1.0152563      0.9468065
     14.0141225      1.0143587      0.9564076
     14.0441577      1.0147459      0.9579377
     14.0741929      1.0159149      0.9624110
     14.1042281      1.0172495      0.9521151
     14.1342633      1.0182347      0.9731280
     14.1642985      1.0186111      0.9604791
     14.1943337      1.0184173      0.9731778
     14.2243689      1.0179205      0.9715716
     14.2544041      1.0174723      0.9707083
     14.2844393      1.0173558      0.9795643
     14.3144745      1.0176850      0.9743511
     14.3445097      1.0183889      0.9933550
     14.3745449      1.0192770      0.9848887
     14.4045801      1.0201484      0.9936880
     14.4346153      1.0208910      0.9769431
     14.4646505      1.0215290      0.9908476
     14.4946857      1.0221989      0.9840308
     14.5247209      1.0230698      0.9956151
     14.5547561      1.0242475      0.9875894
     14.5847913      1.0257048      0.9944683
     14.6148265      1.0272721      1.0021223
     14.6448617      1.0286913      0.9921700
     14.6748969      1.0297112      1.0019379
     14.7049321      1.0301859      0.9969583
     14.7349673      1.0301338      1.0037323
     14.7650025      1.0297368      0.9939023
     14.7950377      1.0292789      1.0063420
     14.8250729      1.0290516      0.9937668
     14.8551081      1.0292616      1.0087193
     14.8851433      1.0299766      0.9939447
     14.9151785      1.0311246      1.0081441
     14.9452137      1.0325429      0.9968753
     14.9752489      1.0340510      1.0097439
     15.0052841      1.0355184      1.0037021
     15.0353193      1.0368983      1.0080153
     15.0653545      1.0382212      1.0022306
     15.0953897      1.0395529      1.0026332
     15.1254249      1.0409422      0.9933877
     15.1554601      1.0423816      0.9924434
     15.1854953      1.0437988      0.9858052
     15.2155305      1.0450818      0.9891402
     15.2455657      1.0461250      0.9918393
     15.2756009      1.0468755      0.9958905
