Time       moves_acc moves_gen     G(r)_1
h/m/s/.th    WEIGHT PARAMETERS   0.100E+01
174853.589        4737        9066  0.805E+00
174905.595        7926       20441  0.463E+00
174917.595       10713       31258  0.316E+00
174929.593       12978       42435  0.257E+00
174941.593       14984       54280  0.223E+00
174953.603       16703       65583  0.199E+00
175005.598       18328       76884  0.181E+00
175017.595       19823       87556  0.165E+00
175029.602       19995       88890  0.164E+00
175041.612       20104       89676  0.163E+00
175053.598       20229       90766  0.161E+00
175105.610       20308       91442  0.161E+00
175117.617       20406       92393  0.160E+00
175129.600       20540       93315  0.159E+00
175141.598       20724       94778  0.157E+00
175153.602       20941       96322  0.155E+00
175205.614       21111       97660  0.154E+00
175217.606       21175       98183  0.153E+00
175229.595       21393       99864  0.151E+00
175241.614       21569      101439  0.150E+00
175253.602       21744      102620  0.148E+00
175305.632       22002      104591  0.146E+00
175317.643       22128      105528  0.145E+00
175329.615       22257      106668  0.144E+00
175341.590       22404      107849  0.142E+00
175353.614       22609      109503  0.141E+00
175405.619       22698      110145  0.140E+00
175417.612       22793      110863  0.139E+00
175429.608       22892      111662  0.138E+00
175441.600       23062      112979  0.137E+00
175453.620       23148      113642  0.137E+00
175505.635       23237      114345  0.136E+00
175517.617       23329      115033  0.135E+00
175529.606       23444      115883  0.134E+00
175541.622       23653      117462  0.133E+00
175553.622       23868      119234  0.131E+00
175605.619       24020      120452  0.130E+00
175617.593       24151      121415  0.129E+00
175629.614       24353      122780  0.127E+00
175641.612       24526      124208  0.126E+00
175653.598       24691      125621  0.125E+00
175705.601       24880      127147  0.123E+00
175717.594       25033      128420  0.122E+00
175729.599       25256      130113  0.121E+00
175741.610       25368      130974  0.120E+00
175753.604       25533      132247  0.119E+00
175805.610       25729      133731  0.118E+00
175817.625       25910      135093  0.116E+00
175829.606       26132      136724  0.115E+00
175841.609       26270      137918  0.114E+00
175853.589       26466      139450  0.113E+00
175905.606       26540      140225  0.112E+00
175917.610       26770      142107  0.111E+00
175929.617       26946      143239  0.110E+00
175941.607       27048      144023  0.109E+00
175953.605       27236      145376  0.108E+00
180005.634       27396      146801  0.107E+00
180017.615       27534      148059  0.106E+00
180029.608       27742      149823  0.104E+00
180041.598       27949      151438  0.103E+00
180053.601       28190      153299  0.102E+00
180105.631       28321      154268  0.101E+00
180117.648       28447      155203  0.100E+00
180129.602       28594      156476  0.992E-01
180141.611       28721      157547  0.985E-01
180153.617       28864      158585  0.975E-01
180205.593       28950      159380  0.971E-01
180217.613       29173      161165  0.958E-01
180229.593       29411      163103  0.945E-01
180241.614       29626      164874  0.931E-01
180253.625       29820      166410  0.922E-01
180305.625       29995      167771  0.910E-01
180317.593       30197      169071  0.899E-01
180329.634       30290      169864  0.895E-01
180341.621       30394      170803  0.888E-01
180353.621       30509      171875  0.882E-01
180405.593       30594      172617  0.878E-01
180417.625       30720      173632  0.872E-01
180429.617       30913      175143  0.861E-01
180441.603       31030      176174  0.855E-01
180453.600       31194      177506  0.846E-01
180505.611       31359      178768  0.838E-01
180517.601       31518      180040  0.828E-01
180529.625       31630      181018  0.823E-01
180541.634       31733      181969  0.817E-01
180553.647       31830      182765  0.813E-01
180605.593       31993      184194  0.804E-01
180617.601       32893      191895  0.762E-01
180629.592       33680      198477  0.729E-01
180641.598       34649      206576  0.689E-01
180653.591       35931      217148  0.642E-01
180705.601       37133      227209  0.596E-01
180717.590       37916      233625  0.569E-01
180729.608       38768      241119  0.543E-01
180741.592       39591      248481  0.518E-01
180753.595       40552      257346  0.491E-01
180805.594       41431      265036  0.468E-01
180817.599       42793      277233  0.433E-01
180829.599       44056      288543  0.404E-01
180841.588       45287      300472  0.381E-01
180853.631       45754      304958  0.371E-01
180905.595       45868      306089  0.370E-01
180917.588       45999      307515  0.368E-01
180929.597       46097      308535  0.366E-01
180941.602       46255      310042  0.363E-01
180953.592       46418      311500  0.359E-01
181005.596       46527      312404  0.357E-01
181017.630       46629      313444  0.355E-01
181029.592       46728      314373  0.354E-01
181041.594       46867      315592  0.351E-01
181053.610       46996      316884  0.348E-01
181105.594       47090      317910  0.347E-01
181117.609       47242      319227  0.344E-01
181129.610       47299      319909  0.343E-01
181141.592       47459      321415  0.341E-01
181153.623       47580      322745  0.339E-01
181205.599       47760      324129  0.336E-01
181217.614       47925      325883  0.333E-01
181229.606       48102      327496  0.330E-01
181241.603       48302      329576  0.327E-01
181253.639       48433      330914  0.325E-01
181305.596       48599      332609  0.322E-01
181317.609       48744      334169  0.320E-01
181329.594       48877      335393  0.318E-01
181341.601       49092      337394  0.316E-01
181353.590       49264      339068  0.313E-01
181405.602       49433      340709  0.311E-01
181417.622       49607      342367  0.309E-01
181429.614       49762      344018  0.306E-01
181441.598       49928      345413  0.305E-01
181453.605       50050      346664  0.302E-01
181505.600       50176      347860  0.301E-01
181517.636       50260      348669  0.300E-01
181529.607       50387      350000  0.299E-01
181541.630       50452      350736  0.298E-01
181553.633       50505      351310  0.297E-01
181605.598       50603      352309  0.296E-01
181617.600       50672      353080  0.296E-01
181629.629       50762      353874  0.294E-01
181641.598       50925      355361  0.293E-01
181653.618       51111      357089  0.290E-01
181705.601       51265      358384  0.288E-01
181717.594       51430      359945  0.286E-01
181729.623       51563      361300  0.284E-01
181741.598       51674      362530  0.283E-01
181753.599       51808      363917  0.281E-01
181805.607       51937      365276  0.280E-01
181817.605       52070      366547  0.278E-01
181829.615       52174      367621  0.277E-01
181841.606       52274      368684  0.276E-01
181853.595       52392      369834  0.274E-01
181905.601       52473      370696  0.273E-01
181917.630       52528      371268  0.272E-01
181929.602       52616      372084  0.271E-01
181941.597       52731      373163  0.269E-01
181953.610       52819      374147  0.269E-01
182005.620       52919      375185  0.268E-01
182017.613       53035      376322  0.266E-01
182029.599       53172      377693  0.264E-01
182041.600       53296      378909  0.263E-01
182053.591       53407      379899  0.262E-01
182105.613       53530      381136  0.261E-01
182117.609       53633      382318  0.259E-01
182129.598       53720      383424  0.259E-01
182141.602       53895      385143  0.256E-01
182153.593       54018      386203  0.255E-01
182205.601       54170      387594  0.254E-01
182217.599       54324      389213  0.252E-01
182229.605       54463      390593  0.251E-01
182241.606       54609      392034  0.249E-01
182253.597       54765      393351  0.247E-01
182305.632       54875      394605  0.246E-01
182317.593       55016      396110  0.245E-01
182329.614       55135      397346  0.243E-01
182341.622       55287      398916  0.242E-01
182353.612       55415      400319  0.240E-01
182405.619       55513      401416  0.239E-01
182417.632       55602      402234  0.239E-01
182429.601       55702      403247  0.237E-01
182441.621       55788      404163  0.237E-01
182453.616       55899      405399  0.236E-01
182505.598       56030      406710  0.235E-01
182517.621       56197      408395  0.233E-01
182529.631       56322      409844  0.232E-01
182541.608       56456      411190  0.230E-01
182553.601       56596      412618  0.229E-01
182605.620       56772      414457  0.227E-01
182617.638       56967      416347  0.225E-01
182629.601       57125      417917  0.224E-01
182641.592       57262      419486  0.222E-01
182653.617       57404      420821  0.221E-01
182705.595       57470      421500  0.221E-01
182717.600       57614      422713  0.220E-01
182729.609       57769      424119  0.218E-01
182741.601       57876      425308  0.217E-01
182753.622       57984      426373  0.215E-01
182805.613       58049      427117  0.215E-01
182817.601       58183      428273  0.214E-01
182829.615       58309      429327  0.211E-01
182841.613       58462      430734  0.210E-01
182853.596       58600      432109  0.209E-01
182905.596       58731      433498  0.208E-01
182917.600       58876      434864  0.206E-01
182929.627       58997      436055  0.205E-01
182941.598       59152      437488  0.205E-01
182953.638       59292      438973  0.203E-01
183005.603       59431      440516  0.202E-01
183017.632       59561      441865  0.200E-01
183029.621       59710      443474  0.199E-01
183041.613       59825      444788  0.198E-01
183053.594       59954      446073  0.197E-01
183105.614       60114      447688  0.196E-01
183117.619       60229      448934  0.195E-01
183129.631       60365      450209  0.194E-01
183141.606       60567      452110  0.193E-01
183153.593       60721      453619  0.192E-01
183205.597       60882      455288  0.190E-01
183217.632       61055      456971  0.189E-01
183229.590       61220      458664  0.188E-01
183241.597       61379      460232  0.186E-01
183253.594       61523      461780  0.185E-01
183305.591       61676      463605  0.184E-01
183317.602       61788      464784  0.183E-01
183329.601       61937      466218  0.182E-01
183341.606       62070      467525  0.181E-01
183353.620       62215      468976  0.180E-01
183405.605       62303      469945  0.179E-01
183417.641       62410      471000  0.178E-01
183429.639       62483      471738  0.177E-01
183441.637       62562      472524  0.176E-01
183453.655       62652      473285  0.176E-01
183505.635       62710      473992  0.176E-01
183517.609       62774      474829  0.175E-01
183529.601       62887      475909  0.174E-01
183541.630       62978      476771  0.174E-01
183553.596       63099      477919  0.172E-01
183605.611       63252      479360  0.171E-01
183617.598       63328      480234  0.171E-01
183629.625       63386      480873  0.170E-01
183641.642       63421      481324  0.170E-01
183653.617       63515      482393  0.169E-01
183705.596       63614      483269  0.169E-01
183717.595       63706      484224  0.168E-01
183729.591       63819      485328  0.167E-01
183741.622       63909      486438  0.166E-01
183753.611       64023      487589  0.165E-01
183805.594       64148      488916  0.165E-01
183817.625       64202      489461  0.164E-01
183829.626       64314      490514  0.163E-01
183841.600       64430      491828  0.162E-01
183853.595       65036      498183  0.158E-01
183905.596       66021      507949  0.153E-01
183917.592       66910      516873  0.147E-01
183929.593       67748      525515  0.141E-01
183941.593       68374      531875  0.138E-01
183953.616       68972      538052  0.134E-01
184005.605       69498      543228  0.130E-01
184017.594       70197      550068  0.125E-01
184029.592       70654      554306  0.123E-01
184041.592       71148      559503  0.120E-01
184053.598       71710      564883  0.116E-01
184105.591       72196      569959  0.113E-01
184117.605       72602      574114  0.111E-01
184129.591       73045      578263  0.109E-01
184141.605       73545      583192  0.107E-01
184153.604       74042      587834  0.105E-01
184205.592       74701      593976  0.101E-01
184217.604       75238      599325  0.981E-02
184229.596       75790      604713  0.954E-02
184241.592       76441      610996  0.936E-02
184253.590       76971      616103  0.915E-02
184305.596       77405      620398  0.902E-02
184317.597       77940      625300  0.878E-02
184329.594       78518      631098  0.856E-02
184341.641       79023      635821  0.844E-02
184353.599       79459      640115  0.829E-02
184405.623       79982      644955  0.807E-02
184417.591       80399      649140  0.791E-02
184429.592       80855      653957  0.777E-02
184441.609       81282      658064  0.764E-02
184453.617       81909      663982  0.747E-02
184505.609       82412      668991  0.734E-02
184517.608       82963      674087  0.720E-02
184529.591       83419      678371  0.707E-02
184541.594       83984      683849  0.695E-02
184553.601       84553      689618  0.679E-02
184605.597       84962      693313  0.670E-02
184617.609       85254      696431  0.663E-02
184629.593       85821      701645  0.648E-02
184641.599       86282      706190  0.639E-02
184653.615       86738      710791  0.631E-02
184705.589       87353      717030  0.615E-02
184717.599       87930      722663  0.603E-02
184729.592       88460      727788  0.589E-02
184741.599       88920      732518  0.578E-02
184753.628       89315      736459  0.573E-02
184805.602       89701      740267  0.565E-02
184817.592       90144      744554  0.557E-02
184829.605       90648      749773  0.547E-02
184841.604       91202      754963  0.535E-02
