 Results from RMCProfile version 6.7.9.5

 (Version 6f format configuration file)                                          

 2 experiments   3 partials

 Partial g(r)'s are printed out below

   348  3 are NR and NPAR

   r (Ang)
   0.06545     0.00000     0.00000     0.00000
   0.13090     0.00000     0.00000     0.00000
   0.19635     0.00000     0.00000     0.00000
   0.26180     0.00000     0.00000     0.00000
   0.32725     0.00000     0.00000     0.00000
   0.39271     0.00000     0.00000     0.00000
   0.45816     0.00000     0.00000     0.00000
   0.52361     0.00000     0.00000     0.00000
   0.58906     0.00000     0.00000     0.00000
   0.65451     0.00000     0.00000     0.00000
   0.71996     0.00000     0.00000     0.00000
   0.78541     0.00000     0.00000     0.00000
   0.85086     0.00000     0.00000     0.00000
   0.91631     0.00000     0.00000     0.00000
   0.98176     0.00000     0.00000     0.00000
   1.04721     0.00000     0.00000     0.00000
   1.11267     0.00000     0.00000     0.00000
   1.17812     0.00000     0.00000     0.00000
   1.24357     0.00000     0.00000     0.00000
   1.30902     0.00000     0.53851     0.00000
   1.37447     0.00000     1.18625     0.18049
   1.43992     0.00000     1.32108     1.35857
   1.50537     0.00000     2.32694     1.47854
   1.57082     0.00000     3.13441     1.72443
   1.63627     0.00000     3.91178     1.71662
   1.70172     0.00000     4.30463     1.68952
   1.76718     0.00000     4.38572     1.44801
   1.83263     0.00000     4.14351     1.01093
   1.89808     0.00000     3.46830     0.76135
   1.96353     0.00000     2.68623     0.50762
   2.02898     0.00000     1.94640     0.21969
   2.09443     0.00000     1.23225     0.16562
   2.15988     0.00000     0.75991     0.07310
   2.22533     0.00000     0.46738     0.02395
   2.29078     0.00000     0.37406     0.00000
   2.35623     0.00000     0.40371     0.00267
   2.42168     0.00000     0.00000     0.00506
   2.48714     0.00000     0.00237     0.05992
   2.55259     0.00000     0.05621     0.48015
   2.61804     0.00000     0.17740     0.93236
   2.68349     0.00000     0.38042     1.28483
   2.74894     0.00000     0.58352     1.60111
   2.81439     0.00000     0.71575     1.86446
   2.87984     0.35602     0.84786     1.83252
   2.94529     1.98215     0.65861     1.47167
   3.01074     1.96717     0.73695     1.41656
   3.07619     1.87212     0.76321     1.36319
   3.14164     1.72454     0.75994     1.30849
   3.20710     1.76744     0.73351     1.14030
   3.27255     1.71908     0.64565     1.07438
   3.33800     1.87576     0.59296     0.88228
   3.40345     1.89927     0.50714     0.80644
   3.46890     2.05922     0.43827     0.69866
   3.53435     2.54910     0.34127     0.51397
   3.59980     2.63596     0.34932     0.40506
   3.66525     0.34046     0.82659     0.86201
   3.73070     0.43677     0.82626     0.86186
   3.79615     0.47407     0.84681     0.88487
   3.86161     0.56684     0.89890     0.87900
   3.92706     0.54435     0.97938     0.88359
   3.99251     0.57387     1.03393     0.94602
   4.05796     0.65395     1.09070     0.98058
   4.12341     0.73891     1.19765     0.95319
   4.18886     0.81829     1.22314     1.02673
   4.25431     0.87647     1.27969     1.06748
   4.31976     0.89355     1.32128     1.09974
   4.38521     1.00557     1.30880     1.11959
   4.45066     0.90607     1.38596     1.07268
   4.51611     1.05315     1.33099     1.03164
   4.58157     1.04810     1.26672     1.06383
   4.64702     0.98661     1.22993     1.05673
   4.71247     0.97243     1.18149     1.03559
   4.77792     0.93837     1.18079     0.99313
   4.84337     0.94773     1.12286     1.02841
   4.90882     0.97308     1.09737     1.04548
   4.97427     1.02720     1.10954     1.01155
   5.03972     0.91407     1.12532     1.08178
   5.10517     1.04628     1.11127     1.08266
   5.17062     1.02646     1.10194     1.14694
   5.23607     1.05164     1.09327     1.18172
   5.30153     1.09999     1.08990     1.18069
   5.36698     1.06931     1.09297     1.20766
   5.43243     1.21437     1.08020     1.14457
   5.49788     1.08029     1.06093     1.20676
   5.56333     1.08495     1.06168     1.17087
   5.62878     1.07448     1.04684     1.14661
   5.69423     1.12849     1.02111     1.09708
   5.75968     1.13615     0.98523     1.09642
   5.82513     1.02545     0.98782     1.09464
   5.89058     1.10457     0.97950     1.03071
   5.95604     1.09022     0.95892     1.03326
   6.02149     1.04908     0.97374     1.01133
   6.08694     1.02977     0.95252     1.02532
   6.15239     1.05386     0.96526     0.99500
   6.21784     1.05725     0.95641     0.99372
   6.28329     1.05000     0.96405     0.98703
   6.34874     0.98394     0.97481     1.00136
   6.41419     1.05261     0.95786     0.99148
   6.47964     0.95699     0.96513     1.01923
   6.54509     0.96363     0.98320     0.98649
   6.61054     0.98306     0.97790     0.97757
   6.67600     1.02104     0.96869     0.97380
   6.74145     0.99367     0.97930     0.96868
   6.80690     1.00339     0.97953     0.96199
   6.87235     0.94637     0.99818     0.96259
   6.93780     0.93942     1.00288     0.96238
   7.00325     0.97270     0.99288     0.96171
   7.06870     0.97447     0.99950     0.95021
   7.13415     0.94871     0.99995     0.96753
   7.19960     0.97287     1.00192     0.95888
   7.26505     0.96090     1.01171     0.95376
   7.33050     0.97291     1.00108     0.96854
   7.39596     1.04785     0.98612     0.96421
   7.46141     0.95571     1.00916     0.98386
   7.52686     0.98311     0.98884     1.01158
   7.59231     1.04658     0.99016     0.98830
   7.65776     1.02679     0.99405     0.99600
   7.72321     0.97258     1.01632     1.00008
   7.78866     1.00593     1.03505     0.96916
   7.85411     1.04649     1.00149     0.99106
   7.91956     0.95264     1.02097     1.00926
   7.98501     1.03062     1.00798     0.98976
   8.05046     0.99338     1.00816     1.00759
   8.11592     1.02313     0.98885     1.01819
   8.18137     0.98001     1.02124     0.99466
   8.24682     1.02751     0.99950     1.00619
   8.31227     0.99547     1.00184     1.01379
   8.37772     1.01463     1.00378     1.00499
   8.44317     0.98759     1.01273     1.00569
   8.50862     1.00524     1.00146     1.01178
   8.57407     0.99546     1.01035     1.01011
   8.63952     1.00138     1.01001     1.01533
   8.70497     0.98562     1.01383     1.01831
   8.77043     1.00333     1.00447     1.01994
   8.83588     0.99593     1.00334     1.03186
   8.90133     1.03687     1.00435     1.00888
   8.96678     1.03619     0.99594     1.02666
   9.03223     1.02407     1.01496     1.00239
   9.09768     0.98421     1.01687     1.02385
   9.16313     1.03915     1.00309     1.01139
   9.22858     0.99999     1.00852     1.02408
   9.29403     0.97590     1.01286     1.02516
   9.35948     1.02046     1.00543     1.01544
   9.42493     0.97571     0.99910     1.03861
   9.49039     1.03172     1.00017     1.00672
   9.55584     1.03095     0.99999     1.00597
   9.62129     0.98882     1.01571     0.99921
   9.68674     1.02549     1.00281     0.99840
   9.75219     0.99350     1.01158     1.00578
   9.81764     1.00373     0.99950     1.00949
   9.88309     0.98514     1.01001     1.00330
   9.94854     0.98158     0.99809     1.02205
  10.01399     0.99882     1.00014     1.00888
  10.07944     0.98475     0.99988     1.01684
  10.14489     0.96252     1.01307     1.00837
  10.21035     1.00020     1.01333     0.99463
  10.27580     1.02204     0.99034     1.00784
  10.34125     1.02918     0.98948     1.00746
  10.40670     1.00932     1.00494     0.98812
  10.47215     0.99516     1.00244     0.99879
  10.53760     1.00682     1.00441     0.98469
  10.60305     0.99804     0.99322     1.00449
  10.66850     0.98074     0.99870     0.99650
  10.73395     1.00399     0.98872     0.99751
  10.79940     1.03703     0.98444     0.98292
  10.86486     1.00447     0.99234     0.98794
  10.93031     0.97067     0.99729     0.99575
  10.99576     0.99602     0.99745     0.98381
  11.06121     1.00556     1.00676     0.96542
  11.12666     0.98815     0.98903     1.00272
  11.19211     1.00066     0.98334     0.99990
  11.25756     0.98358     1.00847     0.97579
  11.32301     1.02191     0.98096     0.99485
  11.38846     0.96244     1.01118     0.98527
  11.45391     0.97000     0.99731     1.00061
  11.51936     0.99261     0.99661     0.98848
  11.58482     0.98703     0.99247     0.99491
  11.65027     0.99474     0.99808     0.98333
  11.71572     0.99463     0.99635     0.99322
  11.78117     1.00780     0.99492     0.98756
  11.84662     0.96905     1.00285     0.99601
  11.91207     1.00005     0.99857     0.98813
  11.97752     1.01135     0.99228     0.99317
  12.04297     1.02035     0.98547     0.99508
  12.10842     0.99158     1.00132     0.98810
  12.17387     0.98954     1.00155     0.98661
  12.23932     1.01686     0.98256     1.00251
  12.30478     0.97586     1.00716     0.98668
  12.37023     0.99659     0.99423     0.99439
  12.43568     1.02019     0.98976     0.99114
  12.50113     1.00250     0.98646     1.00242
  12.56658     0.99135     0.99077     1.00206
  12.63203     0.98401     0.99412     1.00062
  12.69748     0.98789     0.99244     1.00431
  12.76293     1.01368     0.97977     1.00805
  12.82838     1.00900     0.99036     0.99770
  12.89383     1.00435     1.00545     0.97645
  12.95928     0.97734     1.00203     0.99416
  13.02474     0.98529     0.99993     0.99591
  13.09019     0.97782     0.99381     1.01081
  13.15564     1.01027     0.98843     0.99906
  13.22109     1.00394     0.99090     0.99853
  13.28654     1.00030     0.99154     1.00375
  13.35199     1.01487     0.98841     0.99734
  13.41744     0.99921     1.00223     0.98212
  13.48289     0.99272     1.00155     0.99063
  13.54834     1.02131     0.98878     0.99255
  13.61379     0.97778     1.00412     0.99359
  13.67925     0.96411     1.00949     0.99378
  13.74470     0.97426     1.00238     0.99713
  13.81015     1.00694     0.98952     0.99415
  13.87560     1.01671     0.98941     0.99388
  13.94105     0.99854     0.99416     0.99678
  14.00650     0.98333     0.99811     0.99943
  14.07195     1.00724     0.99410     0.99247
  14.13740     0.98201     1.00859     0.98375
  14.20285     0.98388     1.00179     0.99235
  14.26830     0.99479     0.99643     0.99455
  14.33375     1.00150     0.99299     0.99826
  14.39921     0.97511     1.00271     0.99815
  14.46466     0.99978     1.00107     0.98616
  14.53011     1.00314     0.99575     0.99345
  14.59556     1.00911     0.98691     1.00224
  14.66101     1.00712     0.99979     0.98193
  14.72646     0.99232     0.99518     0.99708
  14.79191     0.99414     0.99088     1.00441
  14.85736     1.02212     0.99398     0.98644
  14.92281     1.00563     0.99166     0.99539
  14.98826     0.99403     1.00539     0.98500
  15.05371     1.00432     0.99318     0.99385
  15.11917     1.00805     0.99767     0.98572
  15.18462     1.02122     0.98763     0.99255
  15.25007     0.99206     1.00544     0.98213
  15.31552     0.98730     0.99193     1.00347
  15.38097     0.98063     1.00035     0.99595
  15.44642     0.99612     0.99526     0.99318
  15.51187     1.01131     0.99157     0.99400
  15.57732     0.98613     0.98929     1.00937
  15.64277     0.99422     0.98750     1.00707
  15.70822     1.00754     0.98956     0.99875
  15.77368     0.98942     1.00315     0.99227
  15.83913     1.00296     1.00025     0.98468
  15.90458     1.01600     0.98722     0.99347
  15.97003     0.97796     0.98845     1.01197
  16.03548     0.99948     1.00023     0.99104
  16.10093     0.97976     0.99737     1.00062
  16.16638     0.96653     1.00102     1.00235
  16.23183     1.00182     0.99603     0.98848
  16.29728     0.98965     0.99924     0.99301
  16.36273     1.00575     0.99411     0.99339
  16.42818     1.00118     0.99559     0.99247
  16.49364     0.99112     1.00219     0.98875
  16.55909     0.98668     0.99584     1.00133
  16.62454     0.99087     0.99893     0.99475
  16.68999     1.00224     0.99195     0.99921
  16.75544     0.99091     1.00065     0.99268
  16.82089     0.99059     1.00412     0.98801
  16.88634     1.00282     0.99712     0.99316
  16.95179     0.99348     1.00391     0.98752
  17.01724     1.01804     0.99100     0.99878
  17.08269     0.99398     0.99521     1.00120
  17.14814     0.99527     1.00213     0.99176
  17.21360     1.00374     0.99309     0.99884
  17.27905     0.98393     0.99657     1.00267
  17.34450     1.00058     0.99574     1.00044
  17.40995     1.01924     0.98923     0.99973
  17.47540     1.01086     0.99363     0.99745
  17.54085     0.99938     1.00099     0.99272
  17.60630     1.00186     1.00051     0.99401
  17.67175     1.00558     0.99541     0.99715
  17.73720     1.00240     0.99455     1.00140
  17.80265     1.01240     0.99423     0.99859
  17.86811     1.00373     0.99954     0.99667
  17.93356     1.00253     0.99813     0.99693
  17.99901     0.98989     1.00242     0.99628
  18.06446     0.99941     1.00396     0.99058
  18.12991     0.98446     1.00956     0.99007
  18.19536     1.01289     0.98568     1.00687
  18.26081     0.99991     1.00081     0.99527
  18.32626     0.99382     0.99625     1.00362
  18.39171     0.99360     0.99900     1.00210
  18.45716     0.99388     1.00315     0.99431
  18.52261     1.01505     0.99364     1.00013
  18.58807     1.00473     0.99543     1.00044
  18.65352     1.00800     0.99882     0.99535
  18.71897     0.98180     1.01233     0.99086
  18.78442     0.98711     1.00126     1.00317
  18.84987     0.98141     1.00108     1.00573
  18.91532     1.00327     1.00354     0.99203
  18.98077     0.98929     1.00139     1.00207
  19.04622     0.99671     0.99908     1.00125
  19.11167     1.01779     1.00188     0.98957
  19.17712     0.98095     1.00282     1.00371
  19.24257     0.99711     1.00274     0.99677
  19.30803     0.98105     0.99831     1.01171
  19.37348     0.99757     0.99961     1.00223
  19.43893     0.98887     1.00914     0.99287
  19.50438     1.01268     0.99518     1.00118
  19.56983     0.99851     0.99618     1.00658
  19.63528     0.99832     0.99521     1.00838
  19.70073     1.00364     1.00352     0.99504
  19.76618     0.98544     0.99310     1.01818
  19.83163     0.99337     1.00484     0.99714
  19.89708     1.02443     0.99303     0.99782
  19.96253     1.00320     0.99862     1.00130
  20.02799     0.98106     1.00145     1.00789
  20.09344     1.01211     0.99596     1.00093
  20.15889     1.00256     0.99390     1.00754
  20.22434     1.02665     0.99475     0.99483
  20.28979     1.01245     1.00200     0.99404
  20.35524     1.00860     0.99401     1.00598
  20.42069     0.99229     1.00645     0.99879
  20.48614     1.01175     1.00069     0.99663
  20.55159     1.01629     1.00060     0.99527
  20.61704     1.00562     1.00215     0.99842
  20.68250     1.01619     1.00281     0.99180
  20.74795     1.00212     1.00384     0.99571
  20.81340     1.00358     1.00234     0.99949
  20.87885     0.99065     0.99889     1.01014
  20.94430     1.01430     1.00371     0.99177
  21.00975     1.00052     1.00158     0.99971
  21.07520     0.98310     1.00447     1.00319
  21.14065     0.98674     1.00043     1.00793
  21.20610     1.00911     1.00000     0.99697
  21.27155     0.99613     1.00308     1.00074
  21.33700     1.00490     0.99838     1.00181
  21.40246     0.98840     1.00249     1.00680
  21.46791     0.99080     1.00843     0.99903
  21.53336     1.00339     1.00459     0.99546
  21.59881     1.00216     1.00563     0.99713
  21.66426     1.00537     1.00260     0.99917
  21.72971     1.00079     1.00705     0.99601
  21.79516     1.01112     0.99919     1.00193
  21.86061     0.98957     1.00554     1.00420
  21.92606     1.00462     0.99976     1.00512
  21.99151     1.00189     0.99921     1.00647
  22.05696     0.98417     1.00404     1.00858
  22.12242     0.99598     1.00101     1.00687
  22.18787     0.98023     1.00014     1.01684
  22.25332     0.99961     0.99829     1.01066
  22.31877     1.01642     1.00062     0.99929
  22.38422     1.00182     1.00472     1.00003
  22.44967     1.00552     0.99410     1.01289
  22.51512     0.98986     1.00561     1.00627
  22.58057     0.99833     1.00689     0.99949
  22.64602     0.99652     1.00631     0.99982
  22.71147     1.00223     1.00449     1.00258
  22.77693     1.01779     0.99977     1.00054

 Partial S(Q)'s are printed out below

   494  3 are NQ and NPAR

      Q          S(Q)_1      S(Q)_2      S(Q)_3
  0.4682470    -2.8447508     0.0275864    -1.4630447
  0.4982822    -3.0219799    -0.2007463    -1.7369174
  0.5283174    -3.1053746    -0.2732132    -1.8134732
  0.5583526    -3.1059447    -0.2233470    -1.7399765
  0.5883878    -3.0494051    -0.1088512    -1.5920481
  0.6184230    -2.9676000     0.0095273    -1.4463391
  0.6484582    -2.8895046     0.0869672    -1.3570352
  0.6784934    -2.8342372     0.1055045    -1.3433680
  0.7085286    -2.8077347     0.0743808    -1.3907833
  0.7385638    -2.8035615     0.0211542    -1.4633981
  0.7685990    -2.8071134    -0.0220413    -1.5217216
  0.7986342    -2.8016002    -0.0315400    -1.5385092
  0.8286694    -2.7738581     0.0001118    -1.5072308
  0.8587046    -2.7182976     0.0638078    -1.4410952
  0.8887398    -2.6380140     0.1400246    -1.3643989
  0.9187750    -2.5430117     0.2082259    -1.3006782
  0.9488102    -2.4463548     0.2554522    -1.2628166
  0.9788454    -2.3596086     0.2808150    -1.2488344
  1.0088806    -2.2890487     0.2945963    -1.2443621
  1.0389158    -2.2337879     0.3129236    -1.2299586
  1.0689510    -2.1863245     0.3506479    -1.1896594
  1.0989862    -2.1352421     0.4154964    -1.1170299
  1.1290214    -2.0691310     0.5057415    -1.0164483
  1.1590566    -1.9804391     0.6119712    -0.8996153
  1.1890918    -1.8680019     0.7218015    -0.7793517
  1.2191270    -1.7374420     0.8252498    -0.6637490
  1.2491622    -1.5993297     0.9184073    -0.5533283
  1.2791974    -1.4657378     1.0039476    -0.4423193
  1.3092326    -1.3463737     1.0884660    -0.3232236
  1.3392678    -1.2456274     1.1780049    -0.1923611
  1.3693030    -1.1615701     1.2738384    -0.0537184
  1.3993382    -1.0872682     1.3703965     0.0807485
  1.4293734    -1.0139390     1.4562380     0.1945697
  1.4594086    -0.9347867     1.5176682     0.2724998
  1.4894438    -0.8480584     1.5435015     0.3060551
  1.5194790    -0.7580963     1.5290250     0.2964698
  1.5495142    -0.6738727     1.4775860     0.2538299
  1.5795494    -0.6054432     1.3992139     0.1928073
  1.6095846    -0.5595920     1.3068785     0.1268745
  1.6396198    -0.5363439     1.2118882     0.0634997
  1.6696550    -0.5277988     1.1202096     0.0023585
  1.6996902    -0.5199445     1.0310487    -0.0627447
  1.7297254    -0.4969968     0.9381027    -0.1391784
  1.7597606    -0.4468035     0.8328404    -0.2301519
  1.7897958    -0.3653356     0.7084344    -0.3311744
  1.8198311    -0.2584994     0.5628030    -0.4299618
  1.8498663    -0.1404049     0.3996617    -0.5099738
  1.8799015    -0.0285165     0.2273169    -0.5561996
  1.9099367     0.0626830     0.0558206    -0.5608305
  1.9399719     0.1272289    -0.1063169    -0.5264606
  1.9700071     0.1702959    -0.2545740    -0.4654498
  2.0000423     0.2067687    -0.3891586    -0.3956360
  2.0300775     0.2560786    -0.5138935    -0.3340602
  2.0601127     0.3350236    -0.6338185    -0.2911581
  2.0901479     0.4511098    -0.7525294    -0.2676575
  2.1201831     0.5988683    -0.8703034    -0.2553059
  2.1502183     0.7606043    -0.9836847    -0.2410092
  2.1802535     0.9114802    -1.0866096    -0.2126187
  2.2102887     1.0272701    -1.1725632    -0.1640069
  2.2403239     1.0921312    -1.2369111    -0.0974425
  2.2703591     1.1036843    -1.2785392    -0.0224372
  2.3003943     1.0736206    -1.3002401     0.0483069
  2.3304295     1.0236105    -1.3077684     0.1040685
  2.3604647     0.9779388    -1.3079551     0.1402264
  2.3904999     0.9554141    -1.3065666     0.1596707
  2.4205351     0.9633199    -1.3066269     0.1710219
  2.4505703     0.9954045    -1.3077145     0.1845059
  2.4806055     1.0344628    -1.3063898     0.2072768
  2.5106407     1.0584591    -1.2975435     0.2401569
  2.5406759     1.0479677    -1.2761937     0.2771239
  2.5707111     0.9923601    -1.2391697     0.3077118
  2.6007463     0.8927390    -1.1862045     0.3212873
  2.6307815     0.7608583    -1.1201673     0.3114192
  2.6608167     0.6147004    -1.0464256     0.2785608
  2.6908519     0.4724837    -0.9715612     0.2299897
  2.7208871     0.3472704    -0.9018110     0.1770834
  2.7509223     0.2439432    -0.8416547     0.1310727
  2.7809575     0.1593223    -0.7929053     0.0989899
  2.8109927     0.0850090    -0.7545187     0.0813901
  2.8410279     0.0116140    -0.7231442     0.0726649
  2.8710631    -0.0673244    -0.6942481     0.0637089
  2.9010983    -0.1531235    -0.6634874     0.0457860
  2.9311335    -0.2420475    -0.6279467     0.0140268
  2.9611687    -0.3273824    -0.5868868    -0.0307822
  2.9912039    -0.4024543    -0.5417993    -0.0827121
  3.0212391    -0.4633029    -0.4957656    -0.1331609
  3.0512743    -0.5099902    -0.4523402    -0.1741900
  3.0813095    -0.5461564    -0.4143304    -0.2013711
  3.1113447    -0.5771587    -0.3828780    -0.2150800
  3.1413799    -0.6076528    -0.3571500    -0.2198647
  3.1714151    -0.6396200    -0.3347314    -0.2223039
  3.2014503    -0.6715889    -0.3125684    -0.2283318
  3.2314855    -0.6992773    -0.2881130    -0.2411249
  3.2615207    -0.7173164    -0.2602481    -0.2603167
  3.2915559    -0.7213350    -0.2296588    -0.2826927
  3.3215911    -0.7096007    -0.1985214    -0.3039033
  3.3516263    -0.6836458    -0.1696401    -0.3203661
  3.3816615    -0.6477217    -0.1453657    -0.3305457
  3.4116967    -0.6073622    -0.1267094    -0.3351588
  3.4417319    -0.5676257    -0.1129776    -0.3363698
  3.4717671    -0.5316411    -0.1020504    -0.3364770
  3.5018023    -0.4999159    -0.0911716    -0.3367669
  3.5318375    -0.4705559    -0.0779291    -0.3370621
  3.5618727    -0.4402292    -0.0610407    -0.3361154
  3.5919079    -0.4054861    -0.0406566    -0.3325751
  3.6219431    -0.3639834    -0.0180927    -0.3259853
  3.6519783    -0.3152471     0.0048600    -0.3172828
  3.6820135    -0.2607941     0.0267403    -0.3085165
  3.7120487    -0.2036421     0.0469999    -0.3019035
  3.7420839    -0.1474042     0.0661354    -0.2986703
  3.7721191    -0.0952557     0.0853444    -0.2982449
  3.8021543    -0.0490664     0.1058790    -0.2982197
  3.8321895    -0.0089237     0.1283958    -0.2951549
  3.8622247     0.0268336     0.1525907    -0.2859085
  3.8922599     0.0610873     0.1772742    -0.2689244
  3.9222951     0.0970571     0.2008534    -0.2449144
  3.9523303     0.1373018     0.2220089    -0.2166247
  3.9823655     0.1828884     0.2402785    -0.1877703
  4.0124007     0.2329836     0.2563014    -0.1615821
  4.0424359     0.2850133     0.2716237    -0.1395805
  4.0724711     0.3353672     0.2881458    -0.1210846
  4.1025063     0.3804429     0.3074371    -0.1036468
  4.1325415     0.4176891     0.3301838    -0.0841988
  4.1625767     0.4462813     0.3559743    -0.0603932
  4.1926119     0.4671678     0.3834765    -0.0315499
  4.2226471     0.4824427     0.4109122     0.0011907
  4.2526823     0.4942582     0.4366218     0.0355449
  4.2827175     0.5036884     0.4595067     0.0692516
  4.3127527     0.5100101     0.4792058     0.1011649
  4.3427879     0.5107383     0.4959908     0.1317494
  4.3728231     0.5024759     0.5104747     0.1627292
  4.4028583     0.4823079     0.5232850     0.1960363
  4.4328935     0.4492272     0.5348364     0.2325453
  4.4629287     0.4050105     0.5452584     0.2711989
  4.4929639     0.3541405     0.5544506     0.3089864
  4.5229991     0.3027064     0.5621781     0.3418650
  4.5530343     0.2566186     0.5681237     0.3662946
  4.5830695     0.2197572     0.5718674     0.3807535
  4.6131047     0.1927407     0.5728303     0.3865688
  4.6431399     0.1727918     0.5702682     0.3876478
  4.6731751     0.1547831     0.5633880     0.3891390
  4.7032103     0.1330947     0.5515975     0.3955038
  4.7332455     0.1036072     0.5348078     0.4087484
  4.7632807     0.0650926     0.5136496     0.4275316
  4.7933159     0.0195017     0.4894599     0.4475347
  4.8233511    -0.0289292     0.4639771     0.4629846
  4.8533863    -0.0753673     0.4388046     0.4687557
  4.8834215    -0.1161825     0.4148261     0.4622400
  4.9134567    -0.1501414     0.3918115     0.4442565
  4.9434919    -0.1785439     0.3684070     0.4186502
  4.9735271    -0.2042904     0.3425695     0.3907475
  5.0035623    -0.2303089     0.3123240     0.3652853
  5.0335975    -0.2580282     0.2765759     0.3446357
  5.0636327    -0.2865571     0.2356630     0.3280179
  5.0936679    -0.3129200     0.1914111     0.3119902
  5.1237031    -0.3332502     0.1466384     0.2919999
  5.1537383    -0.3444319     0.1042739     0.2643544
  5.1837735    -0.3454844     0.0664134     0.2278196
  5.2138087    -0.3380875     0.0336752     0.1842183
  5.2438439    -0.3260029     0.0051083     0.1378137
  5.2738791    -0.3136113    -0.0213096     0.0937518
  5.3039143    -0.3041625    -0.0477783     0.0562030
  5.3339495    -0.2984628    -0.0757414     0.0269469
  5.3639847    -0.2945547    -0.1052821     0.0049433
  5.3940199    -0.2885326    -0.1350868    -0.0129810
  5.4240551    -0.2761741    -0.1629806    -0.0306470
  5.4540903    -0.2547228    -0.1868079    -0.0508721
  5.4841255    -0.2240943    -0.2052932    -0.0743235
  5.5141607    -0.1870106    -0.2185290    -0.0993222
  5.5441959    -0.1480077    -0.2278981    -0.1226385
  5.5742311    -0.1117232    -0.2354731    -0.1409148
  5.6042663    -0.0811630    -0.2431547    -0.1521081
  5.6343015    -0.0566546    -0.2519140    -0.1563545
  5.6643367    -0.0359063    -0.2614521    -0.1559164
  5.6943719    -0.0151366    -0.2704130    -0.1542578
  5.7244071     0.0091989    -0.2770448    -0.1546510
  5.7544423     0.0388014    -0.2800194    -0.1588977
  5.7844775     0.0727016    -0.2790548    -0.1666842
  5.8145127     0.1075469    -0.2750764    -0.1758136
  5.8445479     0.1388773    -0.2698530    -0.1831941
  5.8745831     0.1628591    -0.2652711    -0.1861548
  5.9046183     0.1777633    -0.2625633    -0.1835420
  5.9346535     0.1845846    -0.2618241    -0.1761554
  5.9646887     0.1865556    -0.2620165    -0.1663718
  5.9947239     0.1877633    -0.2614630    -0.1571413
  6.0247591     0.1914394    -0.2585977    -0.1507939
  6.0547943     0.1986240    -0.2526549    -0.1481568
  6.0848295     0.2077429    -0.2439909    -0.1483378
  6.1148647     0.2152641    -0.2339073    -0.1492390
  6.1448999     0.2171607    -0.2240587    -0.1485590
  6.1749351     0.2105861    -0.2157115    -0.1448421
  6.2049703     0.1950902    -0.2091881    -0.1381256
  6.2350055     0.1728953    -0.2037456    -0.1299134
  6.2650407     0.1481329    -0.1979492    -0.1224984
  6.2950759     0.1253515    -0.1903760    -0.1179272
  6.3251111     0.1078871    -0.1803392    -0.1170534
  6.3551463     0.0967240    -0.1683001    -0.1190856
  6.3851815     0.0902688    -0.1557708    -0.1218263
  6.4152167     0.0850924    -0.1447267    -0.1225119
  6.4452519     0.0773235    -0.1367630    -0.1189126
  6.4752871     0.0641423    -0.1323559    -0.1102445
  6.5053223     0.0448116    -0.1305493    -0.0975195
  6.5353575     0.0208886    -0.1292278    -0.0831889
  6.5653927    -0.0044083    -0.1258864    -0.0702188
  6.5954279    -0.0273847    -0.1186032    -0.0609607
  6.6254631    -0.0451308    -0.1068247    -0.0562607
  6.6554983    -0.0563908    -0.0916413    -0.0551529
  6.6855335    -0.0617646    -0.0754303    -0.0552466
  6.7155687    -0.0632457    -0.0609944    -0.0536495
  6.7456039    -0.0633456    -0.0505262    -0.0480641
  6.7756391    -0.0641838    -0.0447995    -0.0376354
  6.8056743    -0.0668845    -0.0428960    -0.0232423
  6.8357095    -0.0714525    -0.0425679    -0.0071416
  6.8657447    -0.0770851    -0.0410874     0.0078721
  6.8957799    -0.0827032    -0.0362490     0.0194533
  6.9258151    -0.0874307    -0.0271446     0.0264644
  6.9558503    -0.0908163    -0.0144287     0.0292390
  6.9858855    -0.0927491    -0.0000002     0.0292895
  7.0159207    -0.0931761     0.0137477     0.0286123
  7.0459559    -0.0918256     0.0248013     0.0288895
  7.0759911    -0.0881247     0.0321896     0.0309016
  7.1060263    -0.0813922     0.0362044     0.0343586
  7.1360615    -0.0712339     0.0381361     0.0381751
  7.1660967    -0.0579531     0.0396709     0.0410367
  7.1961319    -0.0427513     0.0422166     0.0420001
  7.2261671    -0.0275757     0.0464228     0.0408749
  7.2562023    -0.0146149     0.0520592     0.0382474
  7.2862375    -0.0056061     0.0582541     0.0351620
  7.3162727    -0.0012156     0.0639473     0.0326228
  7.3463079    -0.0007476     0.0683435     0.0311440
  7.3763431    -0.0023218     0.0711735     0.0305427
  7.4063783    -0.0034827     0.0726783     0.0300593
  7.4364135    -0.0020349     0.0733617     0.0287416
  7.4664487     0.0031966     0.0736578     0.0259181
  7.4964839     0.0119589     0.0736838     0.0215512
  7.5265191     0.0226645     0.0731967     0.0163138
  7.5565543     0.0329509     0.0717660     0.0113516
  7.5865895     0.0404975     0.0690693     0.0078292
  7.6166247     0.0438017     0.0651617     0.0064450
  7.6466599     0.0426400     0.0605810     0.0071170
  7.6766951     0.0380619     0.0562304     0.0089693
  7.7067303     0.0319428     0.0530819     0.0106305
  7.7367655     0.0262817     0.0518263     0.0107279
  7.7668008     0.0225120     0.0526188     0.0083894
  7.7968360     0.0210748     0.0550282     0.0035619
  7.8268712     0.0213897     0.0582087    -0.0029683
  7.8569064     0.0222030     0.0612170    -0.0098521
  7.8869416     0.0221507     0.0633411    -0.0156369
  7.9169768     0.0203056     0.0643088    -0.0192325
  7.9470120     0.0164964     0.0643010    -0.0202139
  7.9770472     0.0112922     0.0637849    -0.0188655
  8.0070824     0.0056812     0.0632576    -0.0159742
  8.0371176     0.0005935     0.0630222    -0.0124767
  8.0671528    -0.0035268     0.0630959    -0.0091095
  8.0971880    -0.0069214     0.0632768    -0.0061996
  8.1272232    -0.0104068     0.0633235    -0.0036605
  8.1572584    -0.0149985     0.0631465    -0.0011709
  8.1872936    -0.0214180     0.0629071     0.0015628
  8.2173288    -0.0296818     0.0629685     0.0045872
  8.2473640    -0.0389375     0.0637153     0.0076256
  8.2773992    -0.0476211     0.0653251     0.0101774
  8.3074344    -0.0538882     0.0676019     0.0117458
  8.3374696    -0.0561726     0.0699584     0.0120906
  8.3675048    -0.0536791     0.0715701     0.0113903
  8.3975400    -0.0466432     0.0716479     0.0102370
  8.4275752    -0.0362755     0.0697224     0.0094573
  8.4576104    -0.0244201     0.0658259     0.0098258
  8.4876456    -0.0130502     0.0604972     0.0117810
  8.5176808    -0.0037737     0.0546098     0.0152562
  8.5477160     0.0024994     0.0490911     0.0196905
  8.5777512     0.0056423     0.0446434     0.0242159
  8.6077864     0.0061612     0.0415692     0.0279481
  8.6378216     0.0048993     0.0397531     0.0302734
  8.6678568     0.0027268     0.0387877     0.0310254
  8.6978920     0.0003288     0.0381719     0.0304962
  8.7279272    -0.0018534     0.0374907     0.0292893
  8.7579624    -0.0035461     0.0365047     0.0280799
  8.7879976    -0.0045107     0.0351312     0.0273795
  8.8180328    -0.0044480     0.0333490     0.0273920
  8.8480680    -0.0030055     0.0310968     0.0280021
  8.8781032     0.0001091     0.0282288     0.0288850
  8.9081384     0.0049647     0.0245581     0.0296760
  8.9381736     0.0112851     0.0199652     0.0301225
  8.9682088     0.0184529     0.0145128     0.0301560
  8.9982440     0.0256640     0.0084985     0.0298640
  9.0282792     0.0321896     0.0024036     0.0293863
  9.0583144     0.0376404    -0.0032515     0.0287974
  9.0883496     0.0421112    -0.0080902     0.0280350
  9.1183848     0.0461237    -0.0120186     0.0269164
  9.1484200     0.0503660    -0.0152541     0.0252369
  9.1784552     0.0553189    -0.0182263     0.0229072
  9.2084904     0.0609229    -0.0213863     0.0200648
  9.2385256     0.0664397    -0.0250090     0.0171010
  9.2685608     0.0705988    -0.0290746     0.0145821
  9.2985960     0.0720059    -0.0332859     0.0130853
  9.3286312     0.0696769    -0.0372144     0.0130089
  9.3586664     0.0634932    -0.0405098     0.0144294
  9.3887016     0.0543825    -0.0430754     0.0170612
  9.4187368     0.0441211    -0.0451218     0.0203347
  9.4487720     0.0347960    -0.0470667     0.0235641
  9.4788072     0.0281005    -0.0493156     0.0261402
  9.5088424     0.0247190    -0.0520176     0.0276781
  9.5388776     0.0240384    -0.0549090     0.0280704
  9.5689128     0.0243144    -0.0573268     0.0274370
  9.5989480     0.0232560    -0.0584054     0.0260067
  9.6289832     0.0188325    -0.0573924     0.0239895
  9.6590184     0.0100181    -0.0539648     0.0215005
  9.6890536    -0.0027956    -0.0484186     0.0185661
  9.7190888    -0.0178726    -0.0416505     0.0152049
  9.7491240    -0.0326679    -0.0349267     0.0115341
  9.7791592    -0.0446345    -0.0295175     0.0078434
  9.8091944    -0.0520202    -0.0263245     0.0045846
  9.8392296    -0.0543770    -0.0256308     0.0022669
  9.8692648    -0.0526268    -0.0270551     0.0012905
  9.8993000    -0.0486863    -0.0297146     0.0017839
  9.9293352    -0.0448142    -0.0325242     0.0035169
  9.9593704    -0.0429267    -0.0345212     0.0059363
  9.9894056    -0.0441140    -0.0351039     0.0083208
 10.0194408    -0.0484909    -0.0341186     0.0100044
 10.0494760    -0.0553711    -0.0317942     0.0105840
 10.0795112    -0.0636377    -0.0285771     0.0100282
 10.1095464    -0.0721257    -0.0249492     0.0086408
 10.1395816    -0.0798666    -0.0212972     0.0068895
 10.1696168    -0.0861353    -0.0178661     0.0051671
 10.1996520    -0.0903515    -0.0147855     0.0035829
 10.2296872    -0.0919554    -0.0121258     0.0018757
 10.2597224    -0.0903809    -0.0099394    -0.0005049
 10.2897576    -0.0851843    -0.0082629    -0.0041706
 10.3197928    -0.0762875    -0.0070875    -0.0095002
 10.3498280    -0.0642094    -0.0063304    -0.0163964
 10.3798632    -0.0501440    -0.0058382    -0.0241968
 10.4098984    -0.0357897    -0.0054390    -0.0317902
 10.4399336    -0.0229455    -0.0050227    -0.0379155
 10.4699688    -0.0130009    -0.0046078    -0.0415481
 10.5000040    -0.0065117    -0.0043505    -0.0422428
 10.5300392    -0.0030352    -0.0044731    -0.0403097
 10.5600744    -0.0013068    -0.0051335    -0.0367560
 10.5901096     0.0003021    -0.0062927    -0.0330036
 10.6201448     0.0032173    -0.0076505    -0.0304726
 10.6501800     0.0082086    -0.0087016    -0.0301636
 10.6802152     0.0152243    -0.0089113    -0.0323734
 10.7102504     0.0235594    -0.0079519    -0.0366289
 10.7402856     0.0322652    -0.0059026    -0.0418540
 10.7703208     0.0405967    -0.0033113    -0.0467040
 10.8003560     0.0482895    -0.0010668    -0.0499557
 10.8303912     0.0555391    -0.0001038    -0.0508323
 10.8604264     0.0627031    -0.0010382    -0.0491719
 10.8904616     0.0698883    -0.0038751    -0.0454100
 10.9204968     0.0766496    -0.0079156    -0.0404067
 10.9505320     0.0819898    -0.0119227    -0.0351911
 10.9805672     0.0847079    -0.0145059    -0.0307098
 11.0106024     0.0839744    -0.0145944    -0.0276442
 11.0406376     0.0798764    -0.0118251    -0.0263273
 11.0706728     0.0736554    -0.0066946    -0.0267480
 11.1007080     0.0674642    -0.0004079    -0.0286099
 11.1307432     0.0636683     0.0055257    -0.0314075
 11.1607784     0.0639289     0.0098052    -0.0344982
 11.1908136     0.0684281     0.0117683    -0.0371691
 11.2208488     0.0755821     0.0115799    -0.0387138
 11.2508840     0.0824187     0.0101142    -0.0385315
 11.2809192     0.0855368     0.0085832    -0.0362455
 11.3109544     0.0823183     0.0080623    -0.0318150
 11.3409896     0.0719372     0.0090998    -0.0255969
 11.3710248     0.0557580     0.0115579    -0.0183185
 11.4010600     0.0369360     0.0147368    -0.0109402
 11.4310952     0.0193366     0.0177160    -0.0044323
 11.4611304     0.0061669     0.0197631     0.0004799
 11.4911656    -0.0011655     0.0206375     0.0035202
 11.5212008    -0.0035204     0.0206644     0.0049436
 11.5512360    -0.0036315     0.0205576     0.0054573
 11.5812712    -0.0049946     0.0210730     0.0059971
 11.6113064    -0.0104666     0.0226472     0.0074255
 11.6413416    -0.0211193     0.0251788     0.0102513
 11.6713768    -0.0357968     0.0280446     0.0144641
 11.7014120    -0.0515488     0.0303466     0.0195431
 11.7314472    -0.0647694     0.0312827     0.0246368
 11.7614824    -0.0725921     0.0304852     0.0288528
 11.7915176    -0.0739959     0.0281847     0.0315567
 11.8215528    -0.0701935     0.0251312     0.0325773
 11.8515880    -0.0641580     0.0223049     0.0322486
 11.8816232    -0.0594832     0.0205373     0.0312765
 11.9116584    -0.0590280     0.0201982     0.0304819
 11.9416936    -0.0638674     0.0210717     0.0305105
 11.9717288    -0.0729399     0.0224687     0.0316113
 12.0017640    -0.0834989     0.0235202     0.0335579
 12.0317992    -0.0921615     0.0235283     0.0357331
 12.0618344    -0.0961282     0.0222276     0.0373430
 12.0918696    -0.0941066     0.0198575     0.0376820
 12.1219048    -0.0866140     0.0170237     0.0363597
 12.1519400    -0.0755984     0.0144174     0.0334158
 12.1819752    -0.0635872     0.0125173     0.0292952
 12.2120104    -0.0527396     0.0114009     0.0246998
 12.2420456    -0.0441822     0.0107386     0.0203759
 12.2720808    -0.0378532     0.0099658     0.0169072
 12.3021160    -0.0328499     0.0085506     0.0145777
 12.3321512    -0.0280602     0.0062383     0.0133346
 12.3621864    -0.0227617     0.0031680     0.0128516
 12.3922216    -0.0169184    -0.0001865     0.0126553
 12.4222568    -0.0110677    -0.0032184     0.0122708
 12.4522920    -0.0058939    -0.0054445     0.0113405
 12.4823272    -0.0017264    -0.0067035     0.0096891
 12.5123624     0.0017679    -0.0072146     0.0073300
 12.5423976     0.0055330    -0.0074759     0.0044250
 12.5724328     0.0107248    -0.0080507     0.0012219
 12.6024680     0.0181471    -0.0093362    -0.0020110
 12.6325032     0.0277910    -0.0114120    -0.0050348
 12.6625384     0.0387070    -0.0140277    -0.0076717
 12.6925736     0.0492894    -0.0167264    -0.0098175
 12.7226088     0.0578658    -0.0190449    -0.0114412
 12.7526440     0.0633440    -0.0206993    -0.0125736
 12.7826792     0.0656326    -0.0216783    -0.0132905
 12.8127144     0.0656489    -0.0222096    -0.0136903
 12.8427496     0.0649052    -0.0226225    -0.0138714
 12.8727848     0.0648504    -0.0231750    -0.0139141
 12.9028200     0.0662507    -0.0239240    -0.0138724
 12.9328552     0.0688791    -0.0246982    -0.0137795
 12.9628904     0.0716466    -0.0251795    -0.0136633
 12.9929256     0.0731142    -0.0250542    -0.0135650
 13.0229608     0.0721578    -0.0241631    -0.0135478
 13.0529960     0.0684906    -0.0225814    -0.0136870
 13.0830312     0.0628092    -0.0205959    -0.0140395
 13.1130664     0.0564984    -0.0185916    -0.0145993
 13.1431016     0.0510235    -0.0169009    -0.0152584
 13.1731368     0.0472797    -0.0156841    -0.0157932
 13.2031720     0.0451872    -0.0148924    -0.0158914
 13.2332072     0.0437180    -0.0143251    -0.0152208
 13.2632424     0.0413464    -0.0137494    -0.0135258
 13.2932776     0.0367322    -0.0130226    -0.0107206
 13.3233128     0.0293382    -0.0121579    -0.0069483
 13.3533480     0.0197105    -0.0113009    -0.0025773
 13.3833832     0.0092920    -0.0106308     0.0018691
 13.4134184    -0.0001570    -0.0102331     0.0058366
 13.4434536    -0.0072878    -0.0100097     0.0088806
 13.4734888    -0.0117291    -0.0096739     0.0107812
 13.5035240    -0.0142476    -0.0088414     0.0115960
 13.5335592    -0.0164285    -0.0071831     0.0116326
 13.5635944    -0.0200064    -0.0045745     0.0113497
 13.5936296    -0.0261258    -0.0011757     0.0112151
 13.6236648    -0.0348385     0.0025984     0.0115673
 13.6537000    -0.0450450     0.0062119     0.0125193
 13.6837353    -0.0549030     0.0091941     0.0139337
 13.7137705    -0.0625290     0.0113045     0.0154730
 13.7438057    -0.0667049     0.0126096     0.0167076
 13.7738409    -0.0673032     0.0134381     0.0172481
 13.8038761    -0.0652671     0.0142333     0.0168629
 13.8339113    -0.0621715     0.0153602     0.0155510
 13.8639465    -0.0595581     0.0169447     0.0135506
 13.8939817    -0.0583242     0.0188082     0.0112839
 13.9240169    -0.0584073     0.0205217     0.0092532
 13.9540521    -0.0588773     0.0215577     0.0079133
 13.9840873    -0.0583738     0.0214805     0.0075528
 14.0141225    -0.0556886     0.0201032     0.0082097
 14.0441577    -0.0502529     0.0175580     0.0096465
 14.0741929    -0.0423405     0.0142589     0.0113932
 14.1042281    -0.0329368     0.0107794     0.0128537
 14.1342633    -0.0233612     0.0076939     0.0134557
 14.1642985    -0.0148229     0.0054389     0.0128092
 14.1943337    -0.0080943     0.0042322     0.0108303
 14.2243689    -0.0034098     0.0040643     0.0077916
 14.2544041    -0.0005805     0.0047434     0.0042761
 14.2844393     0.0007813     0.0059668     0.0010341
 14.3144745     0.0010693     0.0073859    -0.0012224
 14.3445097     0.0006221     0.0086536    -0.0020329
 14.3745449    -0.0001993     0.0094546    -0.0013421
 14.4045801    -0.0008777     0.0095338     0.0004597
 14.4346153    -0.0006775     0.0087322     0.0026328
 14.4646505     0.0012499     0.0070309     0.0042998
 14.4946857     0.0055868     0.0045853     0.0047123
 14.5247209     0.0125006     0.0017263     0.0034873
 14.5547561     0.0213924    -0.0010921     0.0007361
 14.5847913     0.0309009    -0.0033959    -0.0029636
 14.6148265     0.0392233    -0.0048226    -0.0067450
 14.6448617     0.0446752    -0.0052357    -0.0097231
 14.6748969     0.0462892    -0.0047782    -0.0112683
 14.7049321     0.0442066    -0.0038361    -0.0111896
 14.7349673     0.0396779    -0.0029172    -0.0097664
 14.7650025     0.0346357    -0.0024832    -0.0076217
 14.7950377     0.0309818    -0.0027925    -0.0054873
 14.8250729     0.0298604    -0.0038143    -0.0039504
 14.8551081     0.0312125    -0.0052446    -0.0032753
 14.8851433     0.0338074    -0.0066204    -0.0033629
 14.9151785     0.0357568    -0.0074898    -0.0038561
 14.9452137     0.0353169    -0.0075729    -0.0043407
 14.9752489     0.0316583    -0.0068554    -0.0045532
 15.0052841     0.0252817    -0.0055824    -0.0045062
 15.0353193     0.0178945    -0.0041592    -0.0044776
 15.0653545     0.0117790    -0.0030017    -0.0048657
 15.0953897     0.0088925    -0.0023953    -0.0059730
 15.1254249     0.0100579    -0.0024152    -0.0078122
 15.1554601     0.0145731    -0.0029300    -0.0100253
 15.1854953     0.0204077    -0.0036789    -0.0119610
 15.2155305     0.0249225    -0.0043821    -0.0128929
 15.2455657     0.0258362    -0.0048356    -0.0122996
 15.2756009     0.0220660    -0.0049554    -0.0100987

PDF 1 in D(r) format
  r, PDF (RMC), PDF (Expt)
 CURVES
         348 ,           2
      0.0654509       -0.0514017       -0.0518487
      0.1309019       -0.1028035       -0.1036974
      0.1963528       -0.1542052       -0.1555461
      0.2618037       -0.2056069       -0.2073949
      0.3272547       -0.2570087       -0.2592436
      0.3927056       -0.3084104       -0.3110923
      0.4581565       -0.3598121       -0.3629410
      0.5236075       -0.4112139       -0.4147897
      0.5890584       -0.4626156       -0.4666384
      0.6545093       -0.5140173       -0.5184872
      0.7199603       -0.5654191       -0.5703359
      0.7854112       -0.6168208       -0.6221846
      0.8508621       -0.6682225       -0.6740333
      0.9163131       -0.7196243       -0.7258820
      0.9817640       -0.7710260       -0.7777307
      1.0472149       -0.8224277       -0.8295794
      1.1126659       -0.8738295       -0.8814282
      1.1781168       -0.9252312       -0.9332769
      1.2435677       -0.9766329       -0.8534496
      1.3090187       -0.7594983       -0.6131118
      1.3744696       -0.3913207       -0.2675095
      1.4399206        0.1221324        0.1694371
      1.5053715        0.7532816        0.6565243
      1.5708224        1.3735311        1.1273298
      1.6362734        1.9118683        1.5020358
      1.7017243        2.2305579        1.7065797
      1.7671752        2.2556757        1.6929626
      1.8326262        1.9537953        1.4532894
      1.8980771        1.4074164        1.0222271
      1.9635280        0.7364181        0.4671657
      2.0289790        0.0313581       -0.1297703
      2.0944299       -0.5680143       -0.6909222
      2.1598808       -1.0283702       -1.1570597
      2.2253318       -1.3370495       -1.4928737
      2.2907827       -1.4726305       -1.6848480
      2.3562336       -1.4863998       -1.7351978
      2.4216846       -1.8985571       -1.6560100
      2.4871355       -1.9107713       -1.4660184
      2.5525864       -1.6190052       -1.1899441
      2.6180374       -1.2199179       -0.8585565
      2.6834883       -0.7874326       -0.5073901
      2.7489392       -0.3591434       -0.1732126
      2.8143902       -0.0257579        0.1110648
      2.8798411        0.2314655        0.3213035
      2.9452920        0.3807353        0.4451695
      3.0107430        0.4281773        0.4824624
      3.0761939        0.3846353        0.4430559
      3.1416448        0.2802126        0.3435209
      3.2070958        0.1265739        0.2036099
      3.2725467       -0.0599058        0.0433831
      3.3379976       -0.2310082       -0.1187926
      3.4034486       -0.4057737       -0.2675069
      3.4688995       -0.5310194       -0.3910444
      3.5343504       -0.6153507       -0.4817000
      3.5998014       -0.6795865       -0.5356468
      3.6652523       -0.7034576       -0.5523286
      3.7307032       -0.6683709       -0.5334799
      3.7961542       -0.6077656       -0.4820485
      3.8616051       -0.4996102       -0.4013945
      3.9270560       -0.3946718       -0.2950839
      3.9925070       -0.2351497       -0.1673695
      4.0579579       -0.0697137       -0.0241362
      4.1234088        0.1137236        0.1261923
      4.1888598        0.2840569        0.2723982
      4.2543107        0.4602066        0.4013251
      4.3197617        0.5832803        0.4999057
      4.3852126        0.6607619        0.5579204
      4.4506635        0.6855750        0.5706504
      4.5161145        0.6402682        0.5404934
      4.5815654        0.5740875        0.4768946
      4.6470163        0.4698764        0.3945010
      4.7124673        0.3536583        0.3100504
      4.7779182        0.2806272        0.2389058
      4.8433691        0.2298415        0.1921862
      4.9088201        0.2246268        0.1751535
      4.9742710        0.2412624        0.1870475
      5.0397219        0.2937270        0.2221259
      5.1051729        0.3621010        0.2714185
      5.1706238        0.4243645        0.3246760
      5.2360747        0.4793343        0.3721221
      5.3015257        0.5114655        0.4057974
      5.3669766        0.5410488        0.4204222
      5.4324275        0.5345124        0.4137823
      5.4978785        0.4939163        0.3866722
      5.5633294        0.4509280        0.3424457
      5.6287803        0.3796234        0.2862556
      5.6942313        0.2933586        0.2241078
      5.7596822        0.2229084        0.1618886
      5.8251331        0.1417786        0.1045309
      5.8905841        0.0856044        0.0554532
      5.9560350        0.0324761        0.0163396
      6.0214859       -0.0021040       -0.0127492
      6.0869369       -0.0441400       -0.0330101
      6.1523878       -0.0452192       -0.0463926
      6.2178387       -0.0659681       -0.0550755
      6.2832897       -0.0658624       -0.0610231
      6.3487406       -0.0723010       -0.0656874
      6.4141915       -0.0723858       -0.0698832
      6.4796425       -0.0898632       -0.0738326
      6.5450934       -0.0977614       -0.0773422
      6.6105443       -0.1107314       -0.0800461
      6.6759953       -0.1080140       -0.0816346
      6.7414462       -0.1159093       -0.0819946
      6.8068971       -0.1198641       -0.0812235
      6.8723481       -0.1237082       -0.0795316
      6.9377990       -0.1193525       -0.0770901
      7.0032500       -0.1171028       -0.0739047
      7.0687009       -0.1206358       -0.0697680
      7.1341518       -0.1118467       -0.0643088
      7.1996028       -0.1009172       -0.0571109
      7.2650537       -0.0964761       -0.0478599
      7.3305046       -0.0859339       -0.0364748
      7.3959556       -0.0630399       -0.0231996
      7.4614065       -0.0508804       -0.0086339
      7.5268574       -0.0255399        0.0063070
      7.5923084       -0.0049359        0.0205123
      7.6577593        0.0019255        0.0328600
      7.7232102        0.0197236        0.0424277
      7.7886612        0.0453373        0.0486684
      7.8541121        0.0345204        0.0514967
      7.9195630        0.0326938        0.0512661
      7.9850140        0.0350296        0.0486557
      8.0504649        0.0343656        0.0445208
      8.1159158        0.0306218        0.0397538
      8.1813668        0.0324328        0.0351810
      8.2468177        0.0426726        0.0314893
      8.3122686        0.0317419        0.0291696
      8.3777196        0.0398138        0.0284731
      8.4431705        0.0398569        0.0293933
      8.5086214        0.0378115        0.0316932
      8.5740724        0.0519798        0.0349786
      8.6395233        0.0703138        0.0387958
      8.7049742        0.0720866        0.0427171
      8.7704252        0.0660746        0.0463866
      8.8358761        0.0824294        0.0495222
      8.9013270        0.0801992        0.0518944
      8.9667780        0.0942963        0.0533069
      9.0322289        0.0864969        0.0535976
      9.0976798        0.0977499        0.0526551
      9.1631308        0.0871741        0.0504400
      9.2285817        0.0899769        0.0469993
      9.2940326        0.0785802        0.0424687
      9.3594836        0.0841157        0.0370656
      9.4249345        0.0642901        0.0310740
      9.4903854        0.0582676        0.0248209
      9.5558364        0.0550928        0.0186461
      9.6212873        0.0410949        0.0128694
      9.6867382        0.0393494        0.0077661
      9.7521892        0.0497221        0.0035531
      9.8176401        0.0282182        0.0003809
      9.8830911        0.0267502       -0.0016802
      9.9485420        0.0274051       -0.0026672
     10.0139929        0.0229470       -0.0027579
     10.0794439        0.0247209       -0.0022864
     10.1448948        0.0223590       -0.0017177
     10.2103457        0.0373227       -0.0015722
     10.2757967        0.0143524       -0.0023167
     10.3412476        0.0199470       -0.0042560
     10.4066985       -0.0007576       -0.0074601
     10.4721495       -0.0004853       -0.0117477
     10.5376004       -0.0162280       -0.0167238
     10.6030513       -0.0173430       -0.0218611
     10.6685023       -0.0429612       -0.0266021
     10.7339532       -0.0475769       -0.0304673
     10.7994041       -0.0601376       -0.0331461
     10.8648551       -0.0605566       -0.0345501
     10.9303060       -0.0668723       -0.0348108
     10.9957569       -0.0646257       -0.0342206
     11.0612079       -0.0665767       -0.0331368
     11.1266588       -0.0560294       -0.0318840
     11.1921097       -0.0703020       -0.0306890
     11.2575607       -0.0620968       -0.0296615
     11.3230116       -0.0645365       -0.0288136
     11.3884625       -0.0542750       -0.0280945
     11.4539135       -0.0560254       -0.0274248
     11.5193644       -0.0621547       -0.0267245
     11.5848153       -0.0693136       -0.0259412
     11.6502663       -0.0691906       -0.0250773
     11.7157172       -0.0461710       -0.0242068
     11.7811681       -0.0500398       -0.0234649
     11.8466191       -0.0491412       -0.0230042
     11.9120700       -0.0445938       -0.0229319
     11.9775209       -0.0390372       -0.0232586
     12.0429719       -0.0497524       -0.0238866
     12.1084228       -0.0465368       -0.0246458
     12.1738737       -0.0539388       -0.0253574
     12.2393247       -0.0453028       -0.0258934
     12.3047756       -0.0505892       -0.0262058
     12.3702265       -0.0515878       -0.0263212
     12.4356775       -0.0445116       -0.0263143
     12.5011284       -0.0521144       -0.0262769
     12.5665794       -0.0517949       -0.0262952
     12.6320303       -0.0533179       -0.0264328
     12.6974812       -0.0424396       -0.0267167
     12.7629322       -0.0471377       -0.0271299
     12.8283831       -0.0395565       -0.0276147
     12.8938340       -0.0477135       -0.0280922
     12.9592850       -0.0498518       -0.0284915
     13.0247359       -0.0404758       -0.0287729
     13.0901868       -0.0316757       -0.0289324
     13.1556378       -0.0431804       -0.0289854
     13.2210887       -0.0440975       -0.0289409
     13.2865396       -0.0288530       -0.0287861
     13.3519906       -0.0418407       -0.0284911
     13.4174415       -0.0548297       -0.0280304
     13.4828924       -0.0393502       -0.0274073
     13.5483434       -0.0463475       -0.0266666
     13.6137943       -0.0428311       -0.0258888
     13.6792452       -0.0395042       -0.0251708
     13.7446962       -0.0457419       -0.0246014
     13.8101471       -0.0640803       -0.0242406
     13.8755980       -0.0477437       -0.0241073
     13.9410490       -0.0458411       -0.0241769
     14.0064999       -0.0435970       -0.0243891
     14.0719508       -0.0465242       -0.0246652
     14.1374018       -0.0499258       -0.0249274
     14.2028527       -0.0504239       -0.0251127
     14.2683036       -0.0503711       -0.0251755
     14.3337546       -0.0421151       -0.0250812
     14.3992055       -0.0405092       -0.0247990
     14.4646564       -0.0485668       -0.0243048
     14.5301074       -0.0430868       -0.0235949
     14.5955583       -0.0460864       -0.0227000
     14.6610092       -0.0586817       -0.0216851
     14.7264602       -0.0538357       -0.0206269
     14.7919111       -0.0454299       -0.0195808
     14.8573620       -0.0443154       -0.0185555
     14.9228130       -0.0546918       -0.0175150
     14.9882639       -0.0419717       -0.0164078
     15.0537148       -0.0553951       -0.0152058
     15.1191658       -0.0553748       -0.0139287
     15.1846167       -0.0588433       -0.0126392
     15.2500676       -0.0582681       -0.0114166
     15.3155186       -0.0588802       -0.0103254
     15.3809695       -0.0548165       -0.0094004
     15.4464205       -0.0643615       -0.0086500
     15.5118714       -0.0513712       -0.0080674
     15.5773223       -0.0531195       -0.0076377
     15.6427733       -0.0567921       -0.0073324
     15.7082242       -0.0518751       -0.0071016
     15.7736751       -0.0364340       -0.0068728
     15.8391261       -0.0577737       -0.0065646
     15.9045770       -0.0712591       -0.0061094
     15.9700279       -0.0658988       -0.0054732
     16.0354789       -0.0385132       -0.0046632
     16.1009298       -0.0572290       -0.0037226
     16.1663807       -0.0561354       -0.0027187
     16.2318317       -0.0710931       -0.0017297
     16.2972826       -0.0581608       -0.0008328
     16.3627335       -0.0533194       -0.0000912
     16.4281845       -0.0584030        0.0004600
     16.4936354       -0.0560141        0.0008241
     16.5590863       -0.0499319        0.0010444
     16.6245373       -0.0507349        0.0011919
     16.6899882       -0.0497298        0.0013467
     16.7554391       -0.0493743        0.0015784
     16.8208901       -0.0493359        0.0019344
     16.8863410       -0.0433159        0.0024350
     16.9517919       -0.0467131        0.0030711
     17.0172429       -0.0227356        0.0038020
     17.0826938       -0.0393990        0.0045564
     17.1481447       -0.0351480        0.0052426
     17.2135957       -0.0420438        0.0057719
     17.2790466       -0.0474290        0.0060875
     17.3444975       -0.0247908        0.0061854
     17.4099485       -0.0277228        0.0061157
     17.4753994       -0.0289294        0.0059641
     17.5408503       -0.0293293        0.0058246
     17.6063013       -0.0206554        0.0057801
     17.6717522       -0.0312302        0.0058965
     17.7372031       -0.0243683        0.0062263
     17.8026541       -0.0162349        0.0068094
     17.8681050       -0.0102599        0.0076646
     17.9335559       -0.0215508        0.0087747
     17.9990069       -0.0259475        0.0100791
     18.0644578       -0.0201321        0.0114816
     18.1299088       -0.0204294        0.0128734
     18.1953597       -0.0340017        0.0141584
     18.2608106       -0.0179278        0.0152681
     18.3262616       -0.0234894        0.0161627
     18.3917125       -0.0123591        0.0168228
     18.4571634       -0.0213708        0.0172449
     18.5226144       -0.0067578        0.0174424
     18.5880653       -0.0183171        0.0174503
     18.6535162       -0.0117655        0.0173236
     18.7189672       -0.0040489        0.0171267
     18.7844181       -0.0074124        0.0169184
     18.8498690       -0.0101305        0.0167432
     18.9153200       -0.0068875        0.0166325
     18.9807709       -0.0066157        0.0166127
     19.0462218       -0.0086482        0.0167083
     19.1116728        0.0055250        0.0169358
     19.1771237       -0.0092609        0.0172895
     19.2425746       -0.0041676        0.0177315
     19.3080256       -0.0005727        0.0181984
     19.3734765        0.0025092        0.0186211
     19.4389274        0.0011595        0.0189493
     19.5043784        0.0036111        0.0191656
     19.5698293        0.0023737        0.0192807
     19.6352802        0.0041881        0.0193174
     19.7007312        0.0096505        0.0192950
     19.7661821        0.0064122        0.0192240
     19.8316330        0.0036297        0.0191119
     19.8970840        0.0007369        0.0189719
     19.9625349        0.0050790        0.0188266
     20.0279858        0.0028043        0.0187018
     20.0934368        0.0067678        0.0186164
     20.1588877        0.0010979        0.0185743
     20.2243386        0.0036799        0.0185619
     20.2897896        0.0167424        0.0185517
     20.3552405        0.0099750        0.0185082
     20.4206914        0.0223566        0.0183955
     20.4861424        0.0190776        0.0181864
     20.5515933        0.0234725        0.0178719
     20.6170442        0.0236897        0.0174688
     20.6824952        0.0212826        0.0170175
     20.7479461        0.0122460        0.0165699
     20.8133970        0.0256889        0.0161688
     20.8788480        0.0221190        0.0158310
     20.9442989        0.0232694        0.0155424
     21.0097499        0.0124461        0.0152688
     21.0752008        0.0062172        0.0149749
     21.1406517        0.0110792        0.0146413
     21.2061027        0.0085784        0.0142705
     21.2715536        0.0181560        0.0138819
     21.3370045        0.0113498        0.0135011
     21.4024555        0.0262305        0.0131519
     21.4679064        0.0367888        0.0128523
     21.5333573        0.0210121        0.0126140
     21.5988083        0.0358666        0.0124407
     21.6642592        0.0321591        0.0123251
     21.7297101        0.0372875        0.0122459
     21.7951611        0.0372403        0.0121690
     21.8606120        0.0402950        0.0120533
     21.9260629        0.0419382        0.0118593
     21.9915139        0.0374044        0.0115562
     22.0569648        0.0381746        0.0111269
     22.1224157        0.0376065        0.0105706
     22.1878667        0.0432038        0.0099036
     22.2533176        0.0484137        0.0091594
     22.3187685        0.0502502        0.0083832
     22.3842195        0.0458762        0.0076218
     22.4496704        0.0443461        0.0069106
     22.5151213        0.0556358        0.0062646
     22.5805723        0.0510682        0.0056780
     22.6460232        0.0426961        0.0051333
     22.7114741        0.0614413        0.0046140
     22.7769251        0.0557506        0.0041120

 Total S(Q)'s: Comparison with input data

   494  2 are NQ and NPAR

       Q      S(Q)_RMC  S(Q)_Expt
      0.4682470     -0.9470478     -0.7684382
      0.4982822     -1.1752432     -0.7628842
      0.5283174     -1.2487134     -0.7470510
      0.5583526     -1.2008289     -0.7464093
      0.5883878     -1.0882313     -0.7211633
      0.6184230     -0.9703553     -0.7299547
      0.6484582     -0.8911720     -0.7132949
      0.6784934     -0.8687211     -0.7143041
      0.7085286     -0.8947843     -0.6760943
      0.7385638     -0.9433580     -0.6980211
      0.7685990     -0.9837264     -0.6629847
      0.7986342     -0.9928808     -0.6554565
      0.8286694     -0.9629517     -0.6277490
      0.8587046     -0.9017024     -0.6400944
      0.8887398     -0.8269371     -0.5984697
      0.9187750     -0.7578294     -0.5923405
      0.9488102     -0.7069420     -0.5448935
      0.9788454     -0.6759516     -0.5704671
      1.0088806     -0.6562683     -0.5190771
      1.0389158     -0.6336716     -0.4977441
      1.0689510     -0.5946041     -0.4420522
      1.0989862     -0.5313893     -0.4430844
      1.1290214     -0.4444076     -0.3768309
      1.1590566     -0.3407372     -0.3392952
      1.1890918     -0.2302886     -0.2578217
      1.2191270     -0.1213907     -0.2484950
      1.2491622     -0.0178102     -0.1747084
      1.2791974      0.0816326     -0.1044271
      1.3092326      0.1809313     -0.0013299
      1.3392678      0.2834282      0.0149506
      1.3693030      0.3887132      0.1304705
      1.3993382      0.4913275      0.1894040
      1.4293734      0.5818513      0.2682794
      1.4594086      0.6498831      0.2505608
      1.4894438      0.6876210      0.3092279
      1.5194790      0.6925386      0.3090016
      1.5495142      0.6680866      0.3257222
      1.5795494      0.6222099      0.2827943
      1.6095846      0.5643791      0.2704375
      1.6396198      0.5024021      0.2296179
      1.6696550      0.4402889      0.2024705
      1.6996902      0.3779241      0.1256789
      1.7297254      0.3125031      0.1092917
      1.7597606      0.2409575      0.0761677
      1.7897958      0.1622416      0.0615808
      1.8198311      0.0784936     -0.0204427
      1.8498663     -0.0053623     -0.0563064
      1.8799015     -0.0833081     -0.0902064
      1.9099367     -0.1504124     -0.0887772
      1.9399719     -0.2045261     -0.1590072
      1.9700071     -0.2467861     -0.1606127
      2.0000423     -0.2807706     -0.1805085
      2.0300775     -0.3107386     -0.1820725
      2.0601127     -0.3397556     -0.2327953
      2.0901479     -0.3685107     -0.2173724
      2.1201831     -0.3952889     -0.2331339
      2.1502183     -0.4170324     -0.2118546
      2.1802535     -0.4309565     -0.2644296
      2.2102887     -0.4359716     -0.2458857
      2.2403239     -0.4332825     -0.2451247
      2.2703591     -0.4259326     -0.2157463
      2.3003943     -0.4175331     -0.2600223
      2.3304295     -0.4107724     -0.2319036
      2.3604647     -0.4063768     -0.2379720
      2.3904999     -0.4029747     -0.2002342
      2.4205351     -0.3979049     -0.2514126
      2.4505703     -0.3885953     -0.2153479
      2.4806055     -0.3738958     -0.1996572
      2.5106407     -0.3547842     -0.1654441
      2.5406759     -0.3341484     -0.2053694
      2.5707111     -0.3157512     -0.1523608
      2.6007463     -0.3028310     -0.1685811
      2.6307815     -0.2969327     -0.1262853
      2.6608167     -0.2974473     -0.1785042
      2.6908519     -0.3020209     -0.1521934
      2.7208871     -0.3076257     -0.1730457
      2.7509223     -0.3118131     -0.1462641
      2.7809575     -0.3136180     -0.2082551
      2.8109927     -0.3137573     -0.1835573
      2.8410279     -0.3140833     -0.1982461
      2.8710631     -0.3165721     -0.1772489
      2.9010983     -0.3223130     -0.2427098
      2.9311335     -0.3309387     -0.2246499
      2.9611687     -0.3407252     -0.2393421
      2.9912039     -0.3492891     -0.2103185
      3.0212391     -0.3545538     -0.2669967
      3.0512743     -0.3555540     -0.2498079
      3.0813095     -0.3527373     -0.2595595
      3.1113447     -0.3476553     -0.2378014
      3.1413799     -0.3422055     -0.2963911
      3.1714151     -0.3377749     -0.2434267
      3.2014503     -0.3346619     -0.2644440
      3.2314855     -0.3320167     -0.2342973
      3.2615207     -0.3283007     -0.2789879
      3.2915559     -0.3220388     -0.2467762
      3.3215911     -0.3125166     -0.2554170
      3.3516263     -0.3001126     -0.2219478
      3.3816615     -0.2861263     -0.2614970
      3.4116967     -0.2721907     -0.2326973
      3.4417319     -0.2595406     -0.2259976
      3.4717671     -0.2484645     -0.2049183
      3.5018023     -0.2381787     -0.2292371
      3.5318375     -0.2271751     -0.2028979
      3.5618727     -0.2138813     -0.1927432
      3.5919079     -0.1973448     -0.1596167
      3.6219431     -0.1776439     -0.1818447
      3.6519783     -0.1558552     -0.1570020
      3.6820135     -0.1336013     -0.1424144
      3.7120487     -0.1123804     -0.1024689
      3.7420839     -0.0929674     -0.1360791
      3.7721191     -0.0751350     -0.0818652
      3.8021543     -0.0578011     -0.0338359
      3.8321895     -0.0395239     -0.0702678
      3.8622247     -0.0191228     -0.0147775
      3.8922599      0.0038399     -0.0043598
      3.9222951      0.0289114      0.0535872
      3.9523303      0.0549793      0.0200440
      3.9823655      0.0807641      0.0794340
      4.0124007      0.1053505      0.0989508
      4.0424359      0.1285316      0.1565922
      4.0724711      0.1508299      0.1133875
      4.1025063      0.1732023      0.1777329
      4.1325415      0.1965721      0.1994082
      4.1625767      0.2213917      0.2341599
      4.1926119      0.2474187      0.2149043
      4.2226471      0.2737832      0.2754138
      4.2526823      0.2993000      0.3210592
      4.2827175      0.3228758      0.3831511
      4.3127527      0.3438388      0.3576268
      4.3427879      0.3620594      0.4153761
      4.3728231      0.3778373      0.4233100
      4.4028583      0.3916288      0.4668623
      4.4328935      0.4037535      0.4457156
      4.4629287      0.4142146      0.4858839
      4.4929639      0.4227042      0.4875028
      4.5229991      0.4287735      0.5350656
      4.5530343      0.4320732      0.4688274
      4.5830695      0.4325418      0.5212374
      4.6131047      0.4304521      0.5155645
      4.6431399      0.4262966      0.5578602
      4.6731751      0.4205689      0.4949530
      4.7032103      0.4135459      0.5331142
      4.7332455      0.4051716      0.5385178
      4.7632807      0.3950916      0.4854710
      4.7933159      0.3828181      0.5005978
      4.8233511      0.3679461      0.5035370
      4.8533863      0.3503223      0.5297220
      4.8834215      0.3300946      0.4341338
      4.9134567      0.3076327      0.4524485
      4.9434919      0.2833665      0.4245982
      4.9735271      0.2576303      0.4443921
      5.0035623      0.2305889      0.3495998
      5.0335975      0.2022816      0.3586877
      5.0636327      0.1727549      0.3047002
      5.0936679      0.1422133      0.2821084
      5.1237031      0.1111058      0.1951573
      5.1537383      0.0800957      0.1960586
      5.1837735      0.0499202      0.1523699
      5.2138087      0.0211996      0.1451152
      5.2438439     -0.0057157      0.0785064
      5.2738791     -0.0307875      0.0606323
      5.3039143     -0.0541989      0.0159117
      5.3339495     -0.0761692      0.0115305
      5.3639847     -0.0967599     -0.0608859
      5.3940199     -0.1157632     -0.0861101
      5.4240551     -0.1327300     -0.0846812
      5.4540903     -0.1471285     -0.1576168
      5.4841255     -0.1585669     -0.1395699
      5.5141607     -0.1669805     -0.1648172
      5.5441959     -0.1726951     -0.1479259
      5.5742311     -0.1763354     -0.2143328
      5.6042663     -0.1786130     -0.1825220
      5.6343015     -0.1800845     -0.2127533
      5.6643367     -0.1809836     -0.1810118
      5.6943719     -0.1812005     -0.2370873
      5.7244071     -0.1804143     -0.2020243
      5.7544423     -0.1783189     -0.2080346
      5.7844775     -0.1748377     -0.1849707
      5.8145127     -0.1702295     -0.2368716
      5.8445479     -0.1650355     -0.2033653
      5.8745831     -0.1598882     -0.2213585
      5.9046183     -0.1552698     -0.2096958
      5.9346535     -0.1513262     -0.2137500
      5.9646887     -0.1478262     -0.2133478
      5.9947239     -0.1442863     -0.1777819
      6.0247591     -0.1402109     -0.2215649
      6.0547943     -0.1353430     -0.1897954
      6.0848295     -0.1298139     -0.1940051
      6.1148647     -0.1241221     -0.1704032
      6.1448999     -0.1189467     -0.2053416
      6.1749351     -0.1148702     -0.1839232
      6.2049703     -0.1121315     -0.1948159
      6.2350055     -0.1105139     -0.1630727
      6.2650407     -0.1094218     -0.2116339
      6.2950759     -0.1081135     -0.1778272
      6.3251111     -0.1059973     -0.1669577
      6.3551463     -0.1028627     -0.2015125
      6.3851815     -0.0989528     -0.1693988
      6.4152167     -0.0948439     -0.1804403
      6.4452519     -0.0911853     -0.1487384
      6.4752871     -0.0884073     -0.1992367
      6.5053223     -0.0865199     -0.1737968
      6.5353575     -0.0850871     -0.1721686
      6.5653927     -0.0833857     -0.1495789
      6.5954279     -0.0806828     -0.1860606
      6.6254631     -0.0765175     -0.1507343
      6.6554983     -0.0708722     -0.1467745
      6.6855335     -0.0641676     -0.1285438
      6.7155687     -0.0570883     -0.1031194
      6.7456039     -0.0503163     -0.1129851
      6.7756391     -0.0442822     -0.0679922
      6.8056743     -0.0390335     -0.0998886
      6.8357095     -0.0342663     -0.0564366
      6.8657447     -0.0294961     -0.0694157
      6.8957799     -0.0242886     -0.0291273
      6.9258151     -0.0184505     -0.0618231
      6.9558503     -0.0121037     -0.0128307
      6.9858855     -0.0056187     -0.0070607
      7.0159207      0.0005531      0.0123264
      7.0459559      0.0060705      0.0310667
      7.0759911      0.0108320      0.0455494
      7.1060263      0.0149913      0.0782669
      7.1360615      0.0188586      0.0594563
      7.1660967      0.0227389      0.0990689
      7.1961319      0.0267803      0.0903621
      7.2261671      0.0309019      0.1277687
      7.2562023      0.0348280      0.0940613
      7.2862375      0.0382082      0.1350193
      7.3162727      0.0407684      0.1476920
      7.3463079      0.0424212      0.1344537
      7.3763431      0.0432911      0.1635489
      7.4063783      0.0436452      0.1559025
      7.4364135      0.0437674      0.1880740
      7.4664487      0.0438329      0.1425242
      7.4964839      0.0438423      0.1664276
      7.5265191      0.0436423      0.1665469
      7.5565543      0.0430206      0.1874534
      7.5865895      0.0418289      0.1626574
      7.6166247      0.0400769      0.1712778
      7.6466599      0.0379530      0.1801092
      7.6766951      0.0357643      0.1219639
      7.7067303      0.0338217      0.1538775
      7.7367655      0.0323241      0.1352380
      7.7668008      0.0312915      0.1608395
      7.7968360      0.0305764      0.1054932
      7.8268712      0.0299468      0.1349574
      7.8569064      0.0292009      0.1358304
      7.8869416      0.0282620      0.0958484
      7.9169768      0.0272118      0.1301681
      7.9470120      0.0262488      0.1293878
      7.9770472      0.0255923      0.1464916
      8.0070824      0.0253776      0.1002282
      8.0371176      0.0255894      0.1242124
      8.0671528      0.0260637      0.1176089
      8.0971880      0.0265562      0.1162030
      8.1272232      0.0268468      0.1203185
      8.1572584      0.0268322      0.1156848
      8.1872936      0.0265663      0.1386775
      8.2173288      0.0262329      0.0967349
      8.2473640      0.0260621      0.1181202
      8.2773992      0.0262300      0.1099038
      8.3074344      0.0267846      0.1084330
      8.3374696      0.0276294      0.1180903
      8.3675048      0.0285678      0.1112115
      8.3975400      0.0293871      0.1371635
      8.4275752      0.0299412      0.0960979
      8.4576104      0.0301978      0.1161430
      8.4876456      0.0302293      0.1129301
      8.5176808      0.0301576      0.1163965
      8.5477160      0.0300809      0.1202709
      8.5777512      0.0300192      0.1097026
      8.6077864      0.0299038      0.1390030
      8.6378216      0.0296156      0.0900165
      8.6678568      0.0290517      0.1051201
      8.6978920      0.0281876      0.1015324
      8.7279272      0.0271024      0.0718607
      8.7579624      0.0259542      0.0943416
      8.7879976      0.0249143      0.0870422
      8.8180328      0.0240903      0.1037736
      8.8480680      0.0234735      0.0517704
      8.8781032      0.0229354      0.0676901
      8.9081384      0.0222777      0.0802237
      8.9381736      0.0213143      0.0245383
      8.9682088      0.0199494      0.0568446
      8.9982440      0.0182185      0.0424659
      9.0282792      0.0162742      0.0610175
      9.0583144      0.0143214      0.0223718
      9.0883496      0.0125322      0.0189342
      9.1183848      0.0109764      0.0305273
      9.1484200      0.0095977     -0.0125434
      9.1784552      0.0082439      0.0028866
      9.2084904      0.0067387     -0.0080598
      9.2385256      0.0049609     -0.0219940
      9.2685608      0.0028978     -0.0236919
      9.2985960      0.0006505     -0.0364032
      9.3286312     -0.0016098     -0.0162364
      9.3586664     -0.0037125     -0.0669681
      9.3887016     -0.0055534     -0.0560301
      9.4187368     -0.0071268     -0.0463316
      9.4487720     -0.0085119     -0.0975031
      9.4788072     -0.0098217     -0.0743857
      9.5088424     -0.0111410     -0.0885315
      9.5388776     -0.0124835     -0.0851620
      9.5689128     -0.0137866     -0.0848185
      9.5989480     -0.0149468     -0.1003010
      9.6289832     -0.0158770     -0.0746290
      9.6590184     -0.0165571     -0.1247412
      9.6890536     -0.0170523     -0.1037065
      9.7190888     -0.0174906     -0.0762182
      9.7491240     -0.0180062     -0.1206942
      9.7791592     -0.0186778     -0.1031055
      9.8091944     -0.0194879     -0.1140484
      9.8392296     -0.0203256     -0.1064175
      9.8692648     -0.0210311     -0.1049535
      9.8993000     -0.0214641     -0.1082659
      9.9293352     -0.0215655     -0.0906915
      9.9593704     -0.0213849     -0.1128252
      9.9894056     -0.0210606     -0.1089304
     10.0194408     -0.0207617     -0.0779345
     10.0494760     -0.0206162     -0.1213781
     10.0795112     -0.0206595     -0.0981428
     10.1095464     -0.0208236     -0.0726010
     10.1395816     -0.0209739     -0.1102635
     10.1696168     -0.0209741     -0.0879011
     10.1996520     -0.0207526     -0.0914154
     10.2296872     -0.0203368     -0.0844717
     10.2597224     -0.0198409     -0.0726252
     10.2897576     -0.0194127     -0.0806273
     10.3197928     -0.0191613     -0.0660939
     10.3498280     -0.0191014     -0.0825517
     10.3798632     -0.0191381     -0.0825578
     10.4098984     -0.0191016     -0.0454536
     10.4399336     -0.0188178     -0.0902518
     10.4699688     -0.0181844     -0.0629192
     10.5000040     -0.0172184     -0.0377846
     10.5300392     -0.0160544     -0.0829478
     10.5600744     -0.0148930     -0.0494165
     10.5901096     -0.0139197     -0.0317244
     10.6201448     -0.0132306     -0.0659051
     10.6501800     -0.0127940     -0.0412148
     10.6802152     -0.0124657     -0.0287199
     10.7102504     -0.0120509     -0.0523769
     10.7402856     -0.0113852     -0.0232957
     10.7703208     -0.0104014     -0.0290733
     10.8003560     -0.0091536     -0.0240968
     10.8303912     -0.0077901     -0.0122124
     10.8604264     -0.0064872     -0.0219899
     10.8904616     -0.0053750      0.0005202
     10.9204968     -0.0044853      0.0093933
     10.9505320     -0.0037449      0.0043561
     10.9805672     -0.0030145      0.0173095
     11.0106024     -0.0021552      0.0310135
     11.0406376     -0.0010929      0.0260602
     11.0706728      0.0001486      0.0534413
     11.1007080      0.0014582      0.0297141
     11.1307432      0.0026870      0.0473220
     11.1607784      0.0037129      0.0818840
     11.1908136      0.0044921      0.0547436
     11.2208488      0.0050752      0.0667398
     11.2508840      0.0055807      0.0978815
     11.2809192      0.0061402      0.0747085
     11.3109544      0.0068390      0.0838011
     11.3409896      0.0076789      0.1098445
     11.3710248      0.0085790      0.0877523
     11.4010600      0.0094129      0.0997847
     11.4310952      0.0100654      0.1304349
     11.4611304      0.0104821      0.1066171
     11.4911656      0.0106911      0.1107365
     11.5212008      0.0107878      0.1394306
     11.5512360      0.0108905      0.1102839
     11.5812712      0.0110869      0.1273464
     11.6113064      0.0113962      0.1514743
     11.6413416      0.0117624      0.1306271
     11.6713768      0.0120808      0.1233445
     11.7014120      0.0122446      0.1556232
     11.7314472      0.0121906      0.1202030
     11.7614824      0.0119238      0.1208375
     11.7915176      0.0115104      0.1263200
     11.8215528      0.0110450      0.1310382
     11.8515880      0.0106069      0.1227544
     11.8816232      0.0102267      0.1170993
     11.9116584      0.0098776      0.1213511
     11.9416936      0.0094952      0.1244033
     11.9717288      0.0090144      0.0750175
     12.0017640      0.0084065      0.1065188
     12.0317992      0.0076986      0.1063814
     12.0618344      0.0069655      0.0729122
     12.0918696      0.0062988      0.0907325
     12.1219048      0.0057676      0.0928798
     12.1519400      0.0053869      0.0528884
     12.1819752      0.0051113      0.0673589
     12.2120104      0.0048529      0.0938317
     12.2420456      0.0045188      0.0427304
     12.2720808      0.0040483      0.0334045
     12.3021160      0.0034354      0.0648504
     12.3321512      0.0027276      0.0295180
     12.3621864      0.0020009      0.0213480
     12.3922216      0.0013266      0.0243475
     12.4222568      0.0007425      0.0182497
     12.4522920      0.0002433      0.0208281
     12.4823272     -0.0002085     -0.0126339
     12.5123624     -0.0006562      0.0034925
     12.5423976     -0.0011234      0.0149006
     12.5724328     -0.0016009     -0.0377994
     12.6024680     -0.0020527     -0.0187595
     12.6325032     -0.0024379     -0.0044669
     12.6625384     -0.0027370     -0.0329724
     12.6925736     -0.0029668     -0.0412195
     12.7226088     -0.0031763     -0.0386668
     12.7526440     -0.0034235     -0.0392476
     12.7826792     -0.0037436     -0.0413689
     12.8127144     -0.0041242     -0.0586229
     12.8427496     -0.0045023     -0.0562220
     12.8727848     -0.0047856     -0.0286849
     12.9028200     -0.0048918     -0.0572374
     12.9328552     -0.0047890     -0.0705713
     12.9628904     -0.0045175     -0.0696256
     12.9929256     -0.0041823     -0.0644550
     13.0229608     -0.0039159     -0.0656872
     13.0529960     -0.0038266     -0.0807359
     13.0830312     -0.0039526     -0.0756084
     13.1130664     -0.0042434     -0.0840814
     13.1431016     -0.0045761     -0.0781748
     13.1731368     -0.0048032     -0.0761152
     13.2031720     -0.0048106     -0.0951736
     13.2332072     -0.0045638     -0.0833815
     13.2632424     -0.0041209     -0.0584811
     13.2932776     -0.0036089     -0.0909119
     13.3233128     -0.0031705     -0.0774380
     13.3533480     -0.0029066     -0.1025462
     13.3833832     -0.0028368     -0.0898340
     13.4134184     -0.0028939     -0.0660386
     13.4434536     -0.0029565     -0.1013350
     13.4734888     -0.0029015     -0.0778871
     13.5035240     -0.0026559     -0.1047547
     13.5335592     -0.0022252     -0.0847902
     13.5635944     -0.0016859     -0.0677528
     13.5936296     -0.0011469     -0.0991927
     13.6236648     -0.0006992     -0.0701257
     13.6537000     -0.0003749     -0.1005071
     13.6837353     -0.0001356     -0.0730802
     13.7137705      0.0001055     -0.0749588
     13.7438057      0.0004386     -0.0779907
     13.7738409      0.0009094     -0.0585715
     13.8038761      0.0014929     -0.0734134
     13.8339113      0.0020991     -0.0663577
     13.8639465      0.0026110     -0.0618572
     13.8939817      0.0029364     -0.0580217
     13.9240169      0.0030515     -0.0264293
     13.9540521      0.0030140     -0.0649851
     13.9840873      0.0029410     -0.0394928
     14.0141225      0.0029576     -0.0466574
     14.0441577      0.0031412     -0.0431956
     14.0741929      0.0034844     -0.0452437
     14.1042281      0.0038946     -0.0332582
     14.1342633      0.0042325     -0.0319939
     14.1642985      0.0043725     -0.0292213
     14.1943337      0.0042610     -0.0167948
     14.2243689      0.0039456     -0.0384231
     14.2544041      0.0035619     -0.0173230
     14.2844393      0.0032821     -0.0356847
     14.3144745      0.0032449     -0.0199185
     14.3445097      0.0034967     -0.0080201
     14.3745449      0.0039678     -0.0135989
     14.4045801      0.0044935     -0.0137302
     14.4346153      0.0048744     -0.0155614
     14.4646505      0.0049498      0.0138135
     14.4946857      0.0046563     -0.0191893
     14.5247209      0.0040496      0.0010091
     14.5547561      0.0032811     -0.0199202
     14.5847913      0.0025407      0.0109627
     14.6148265      0.0019888     -0.0156905
     14.6448617      0.0017056      0.0104561
     14.6748969      0.0016732     -0.0122497
     14.7049321      0.0017972      0.0121035
     14.7349673      0.0019529     -0.0343800
     14.7650025      0.0020360      0.0031250
     14.7950377      0.0019962      0.0002757
     14.8250729      0.0018420     -0.0002287
     14.8551081      0.0016185      0.0004692
     14.8851433      0.0013725     -0.0001972
     14.9151785      0.0011224      0.0050821
     14.9452137      0.0008487      0.0018915
     14.9752489      0.0005083      0.0030570
     15.0052841      0.0000650      0.0118857
     15.0353193     -0.0004815      0.0024415
     15.0653545     -0.0010810      0.0105680
     15.0953897     -0.0016440     -0.0119931
     15.1254249     -0.0020735      0.0002560
     15.1554601     -0.0023048     -0.0190039
     15.1854953     -0.0023348     -0.0048798
     15.2155305     -0.0022274     -0.0177876
     15.2455657     -0.0020913     -0.0016333
     15.2756009     -0.0020390     -0.0091600
