 Results from RMCA version 3.14                
 TITLE
 Making Si network for SiO2                                                     
  
           0  experiments;           1  partials
 Partial g(r)'s
  r, g(r)
 PLOTS
         119 ,           1
   0.1000000       0.000000    
   0.2000000       0.000000    
   0.3000000       0.000000    
   0.4000000       0.000000    
   0.5000000       0.000000    
   0.6000000       0.000000    
   0.7000000       0.000000    
   0.8000000       0.000000    
   0.9000000       0.000000    
    1.000000       0.000000    
    1.100000       0.000000    
    1.200000       0.000000    
    1.300000       0.000000    
    1.400000       0.000000    
    1.500000       0.000000    
    1.600000       0.000000    
    1.700000       0.000000    
    1.800000       0.000000    
    1.900000       0.000000    
    2.000000       0.000000    
    2.100000       0.000000    
    2.200000       0.000000    
    2.300000       0.000000    
    2.400000       0.000000    
    2.500000       0.000000    
    2.600000       0.000000    
    2.700000       0.000000    
    2.800000       0.000000    
    2.900000       1.209665    
    3.000000       2.341484    
    3.100000       2.974238    
    3.200000       2.389136    
    3.300000       2.202058    
    3.400000       2.221117    
    3.500000       1.403936    
    3.600000      0.9719080    
    3.700000      0.7962279    
    3.800000      0.8051999    
    3.900000      0.7325876    
    4.000000      0.6509994    
    4.100000      0.5187618    
    4.200000      0.8925837    
    4.300000      0.7860488    
    4.400000      0.7882631    
    4.500000      0.8971666    
    4.600000      0.8585848    
    4.700000      0.8992004    
    4.800000      0.9252077    
    4.900000      0.8474748    
    5.000000      0.9980159    
    5.100000       1.043082    
    5.200000      0.7614714    
    5.300000       1.017588    
    5.400000      0.9719427    
    5.500000       1.081063    
    5.600000      0.9501064    
    5.700000       1.043811    
    5.800000       1.029732    
    5.900000       1.120382    
    6.000000       1.069890    
    6.100000       1.041610    
    6.200000       1.071299    
    6.300000       1.031457    
    6.400000       1.176898    
    6.500000      0.8714913    
    6.600000      0.9175770    
    6.700000       1.138622    
    6.800000      0.9429780    
    6.900000       1.053221    
    7.000000      0.9046953    
    7.100000       1.004332    
    7.200000       1.037375    
    7.300000       1.063697    
    7.400000      0.9909065    
    7.500000       1.024950    
    7.600000       1.144943    
    7.700000      0.9356268    
    7.800000      0.9874412    
    7.900000       1.032467    
    8.000000      0.8819115    
    8.100000       1.022725    
    8.200000      0.9474961    
    8.300000      0.9388680    
    8.400001      0.8823160    
    8.500000      0.9186761    
    8.600000       1.038275    
    8.700000      0.9825390    
    8.800000      0.9540794    
    8.900001       1.073439    
    9.000000       1.097568    
    9.100000       1.096980    
    9.200000       1.096159    
    9.300000      0.9634808    
    9.400001       1.014371    
    9.500000      0.9582344    
    9.600000      0.9778028    
    9.700000      0.9937903    
    9.800000      0.9963132    
    9.900001       1.005947    
    10.00000      0.9956184    
    10.10000       1.011621    
    10.20000       1.064062    
    10.30000       1.041218    
    10.40000      0.9406628    
    10.50000      0.9711697    
    10.60000      0.9421526    
    10.70000       1.011374    
    10.80000      0.9387340    
    10.90000      0.9705226    
    11.00000       1.021025    
    11.10000      0.9417623    
    11.20000       1.044752    
    11.30000      0.9827086    
    11.40000       1.028919    
    11.50000       1.034915    
    11.60000       1.006347    
    11.70000      0.9821399    
    11.80000       1.005579    
    11.90000       1.062307    
 ENDGROUP
 Partial S(Q)'s
  Q, S(Q)
 PLOTS
           0 ,           1
