 Results from MCGR
 TITLE
 SiO2                                                                           
  
           1  experimental data sets
  Q, S(Q) (MCGR), S(Q) (Expt), Background
 CURVES
         220           3
    0.200000      -0.213453      -0.232358       0.217553E-03
    0.400000      -0.201266      -0.211538       0.217553E-03
    0.600000      -0.187993      -0.190858       0.217553E-03
    0.800000      -0.179710      -0.171618       0.217553E-03
     1.00000      -0.132793      -0.137888       0.217553E-03
     1.20000      -0.746577E-01  -0.592076E-01   0.217553E-03
     1.40000       0.377861E-01   0.524724E-01   0.217553E-03
     1.60000       0.819750E-01   0.869625E-01   0.217553E-03
     1.80000      -0.165964E-01  -0.165276E-01   0.217553E-03
     2.00000      -0.931569E-01  -0.897575E-01   0.217553E-03
     2.20000      -0.146117      -0.122238       0.217553E-03
     2.40000      -0.130111      -0.131458       0.217553E-03
     2.60000      -0.993390E-01  -0.996476E-01   0.217553E-03
     2.80000      -0.692194E-02  -0.320755E-02   0.217553E-03
     3.00000       0.373528E-01   0.352324E-01   0.217553E-03
     3.20000       0.849552E-02  -0.250530E-04   0.217553E-03
     3.40000      -0.208912E-01  -0.250476E-01   0.217553E-03
     3.60000      -0.512692E-01  -0.458276E-01   0.217553E-03
     3.80000      -0.497484E-01  -0.530676E-01   0.217553E-03
     4.00000      -0.654807E-01  -0.509476E-01   0.217553E-03
     4.20000      -0.382536E-01  -0.431876E-01   0.217553E-03
     4.40000      -0.263333E-01  -0.302076E-01   0.217553E-03
     4.60000       0.566042E-02  -0.921755E-02   0.217553E-03
     4.80000       0.216964E-01   0.219324E-01   0.217553E-03
     5.00000       0.657648E-01   0.655724E-01   0.217553E-03
     5.20000       0.133431       0.130822       0.217553E-03
     5.40000       0.189529       0.161872       0.217553E-03
     5.60000       0.102139       0.974725E-01   0.217553E-03
     5.80000       0.849617E-02   0.163524E-01   0.217553E-03
     6.00000      -0.213519E-01  -0.308676E-01   0.217553E-03
     6.20000      -0.546619E-01  -0.579776E-01   0.217553E-03
     6.40000      -0.656771E-01  -0.690575E-01   0.217553E-03
     6.60000      -0.767135E-01  -0.736575E-01   0.217553E-03
     6.80000      -0.938177E-01  -0.756375E-01   0.217553E-03
     7.00000      -0.646912E-01  -0.722376E-01   0.217553E-03
     7.20000      -0.687152E-01  -0.584976E-01   0.217553E-03
     7.40000      -0.331557E-01  -0.327076E-01   0.217553E-03
     7.60000       0.136362E-01  -0.292755E-02   0.217553E-03
     7.80000       0.446616E-01   0.336324E-01   0.217553E-03
     8.00000       0.535256E-01   0.540524E-01   0.217553E-03
     8.20000       0.469398E-01   0.519724E-01   0.217553E-03
     8.40000       0.366899E-01   0.346524E-01   0.217553E-03
     8.60000       0.714066E-02   0.180024E-01   0.217553E-03
     8.80000       0.501811E-02   0.773245E-02   0.217553E-03
     9.00000      -0.254935E-02   0.224245E-02   0.217553E-03
     9.20000       0.172472E-01   0.438181E-03   0.217553E-03
     9.40000      -0.596030E-03   0.213245E-02   0.217553E-03
     9.60000       0.118022E-01   0.495245E-02   0.217553E-03
     9.80000       0.231241E-02   0.886245E-02   0.217553E-03
     10.0000       0.719572E-02   0.111424E-01   0.217553E-03
     10.2000       0.251921E-01   0.103924E-01   0.217553E-03
     10.4000      -0.285580E-02   0.516245E-02   0.217553E-03
     10.6000      -0.712692E-02  -0.456755E-02   0.217553E-03
     10.8000      -0.180424E-01  -0.169176E-01   0.217553E-03
     11.0000      -0.321221E-01  -0.283576E-01   0.217553E-03
     11.2000      -0.196634E-01  -0.356076E-01   0.217553E-03
     11.4000      -0.481868E-01  -0.369776E-01   0.217553E-03
     11.6000      -0.444413E-01  -0.325276E-01   0.217553E-03
     11.8000      -0.328569E-01  -0.223576E-01   0.217553E-03
     12.0000       0.120570E-01  -0.743755E-02   0.217553E-03
     12.2000       0.218493E-01   0.858245E-02   0.217553E-03
     12.4000       0.231602E-01   0.239824E-01   0.217553E-03
     12.6000       0.384665E-01   0.387024E-01   0.217553E-03
     12.8000       0.397273E-01   0.456124E-01   0.217553E-03
     13.0000       0.296231E-01   0.410424E-01   0.217553E-03
     13.2000       0.345287E-01   0.292324E-01   0.217553E-03
     13.4000       0.281674E-01   0.136824E-01   0.217553E-03
     13.6000      -0.509761E-02  -0.111505E-02   0.217553E-03
     13.8000      -0.377279E-01  -0.134776E-01   0.217553E-03
     14.0000      -0.181178E-01  -0.194976E-01   0.217553E-03
     14.2000      -0.290771E-01  -0.206076E-01   0.217553E-03
     14.4000       0.886447E-02  -0.195476E-01   0.217553E-03
     14.6000      -0.189507E-01  -0.159176E-01   0.217553E-03
     14.8000      -0.192300E-01  -0.105176E-01   0.217553E-03
     15.0000      -0.627602E-02  -0.605755E-02   0.217553E-03
     15.2000       0.862439E-02  -0.287755E-02   0.217553E-03
     15.4000      -0.134468E-01  -0.102969E-02   0.217553E-03
     15.6000       0.555013E-02  -0.711449E-03   0.217553E-03
     15.8000      -0.955235E-02  -0.177755E-02   0.217553E-03
     16.0000       0.604276E-02  -0.219755E-02   0.217553E-03
     16.2000      -0.198181E-01  -0.153755E-02   0.217553E-03
     16.4000       0.362191E-02   0.138245E-02   0.217553E-03
     16.6000       0.116366E-02   0.625245E-02   0.217553E-03
     16.8000       0.334422E-01   0.110124E-01   0.217553E-03
     17.0000       0.110521E-01   0.161624E-01   0.217553E-03
     17.2000       0.193771E-01   0.189724E-01   0.217553E-03
     17.4000       0.210192E-01   0.181924E-01   0.217553E-03
     17.6000       0.130499E-01   0.133324E-01   0.217553E-03
     17.8000      -0.280088E-02   0.696245E-02   0.217553E-03
     18.0000       0.162592E-03  -0.235053E-03   0.217553E-03
     18.2000      -0.168827E-01  -0.814755E-02   0.217553E-03
     18.4000       0.419409E-02  -0.142876E-01   0.217553E-03
     18.6000      -0.166356E-01  -0.176776E-01   0.217553E-03
     18.8000      -0.289481E-01  -0.177676E-01   0.217553E-03
     19.0000      -0.209489E-01  -0.157776E-01   0.217553E-03
     19.2000      -0.122919E-01  -0.112876E-01   0.217553E-03
     19.4000      -0.388349E-02  -0.576755E-02   0.217553E-03
     19.6000      -0.231951E-02  -0.715053E-03   0.217553E-03
     19.8000       0.275999E-03   0.399245E-02   0.217553E-03
     20.0000       0.102465E-01   0.874245E-02   0.217553E-03
     20.2000       0.625129E-02   0.120024E-01   0.217553E-03
     20.4000       0.427395E-02   0.124024E-01   0.217553E-03
     20.6000       0.348329E-01   0.111524E-01   0.217553E-03
     20.8000       0.232501E-02   0.884245E-02   0.217553E-03
     21.0000       0.948591E-02   0.586245E-02   0.217553E-03
     21.2000       0.733885E-02   0.338245E-02   0.217553E-03
     21.4000       0.427945E-02   0.172245E-02   0.217553E-03
     21.6000      -0.114985E-01   0.233798E-03   0.217553E-03
     21.8000       0.211708E-02  -0.132755E-02   0.217553E-03
     22.0000      -0.835690E-02  -0.290755E-02   0.217553E-03
     22.2000      -0.832537E-02  -0.420755E-02   0.217553E-03
     22.4000       0.145563E-02  -0.506755E-02   0.217553E-03
     22.6000       0.105468E-01  -0.598755E-02   0.217553E-03
     22.8000      -0.104772E-01  -0.659755E-02   0.217553E-03
     23.0000      -0.220814E-01  -0.652755E-02   0.217553E-03
     23.2000      -0.135992E-01  -0.582755E-02   0.217553E-03
     23.4000       0.139010E-01  -0.445755E-02   0.217553E-03
     23.6000      -0.505970E-02  -0.238755E-02   0.217553E-03
     23.8000      -0.238208E-01   0.439955E-03   0.217553E-03
     24.0000       0.961529E-02   0.335245E-02   0.217553E-03
     24.2000       0.716879E-02   0.591245E-02   0.217553E-03
     24.4000      -0.312273E-02   0.783245E-02   0.217553E-03
     24.6000       0.174980E-01   0.874245E-02   0.217553E-03
     24.8000       0.239287E-01   0.842245E-02   0.217553E-03
     25.0000       0.391185E-02   0.712245E-02   0.217553E-03
     25.2000       0.809120E-02   0.516245E-02   0.217553E-03
     25.4000       0.434324E-02   0.246245E-02   0.217553E-03
     25.6000       0.126439E-02  -0.764751E-03   0.217553E-03
     25.8000      -0.784134E-02  -0.336755E-02   0.217553E-03
     26.0000      -0.893716E-02  -0.491755E-02   0.217553E-03
     26.2000      -0.516362E-02  -0.593755E-02   0.217553E-03
     26.4000      -0.864010E-03  -0.648755E-02   0.217553E-03
     26.6000      -0.141060E-01  -0.609755E-02   0.217553E-03
     26.8000      -0.698593E-02  -0.488755E-02   0.217553E-03
     27.0000       0.753023E-02  -0.338755E-02   0.217553E-03
     27.2000      -0.102945E-01  -0.181755E-02   0.217553E-03
     27.4000      -0.125444E-01  -0.486640E-04   0.217553E-03
     27.6000       0.128508E-01   0.143245E-02   0.217553E-03
     27.8000       0.505636E-02   0.252245E-02   0.217553E-03
     28.0000      -0.279682E-02   0.339245E-02   0.217553E-03
     28.2000      -0.559530E-02   0.409245E-02   0.217553E-03
     28.4000       0.309904E-02   0.467245E-02   0.217553E-03
     28.6000       0.104215E-01   0.475245E-02   0.217553E-03
     28.8000       0.856691E-03   0.446245E-02   0.217553E-03
     29.0000       0.156798E-01   0.382245E-02   0.217553E-03
     29.2000       0.162902E-01   0.278245E-02   0.217553E-03
     29.4000      -0.109567E-01   0.147245E-02   0.217553E-03
     29.6000       0.365797E-02   0.254999E-03   0.217553E-03
     29.8000      -0.969252E-02  -0.114144E-02   0.217553E-03
     30.0000       0.651862E-02  -0.270755E-02   0.217553E-03
     30.2000      -0.647805E-02  -0.404755E-02   0.217553E-03
     30.4000      -0.136221E-01  -0.496755E-02   0.217553E-03
     30.6000       0.873659E-02  -0.521755E-02   0.217553E-03
     30.8000       0.125458E-02  -0.501755E-02   0.217553E-03
     31.0000      -0.219865E-01  -0.429755E-02   0.217553E-03
     31.2000      -0.123479E-01  -0.307755E-02   0.217553E-03
     31.4000      -0.719235E-02  -0.168755E-02   0.217553E-03
     31.6000       0.221642E-01  -0.158431E-03   0.217553E-03
     31.8000       0.998409E-02   0.152245E-02   0.217553E-03
     32.0000      -0.850723E-02   0.304245E-02   0.217553E-03
     32.2000       0.759746E-02   0.384245E-02   0.217553E-03
     32.4000      -0.929992E-02   0.411245E-02   0.217553E-03
     32.6000       0.130261E-01   0.393245E-02   0.217553E-03
     32.8000       0.114365E-01   0.332245E-02   0.217553E-03
     33.0000      -0.385161E-02   0.233245E-02   0.217553E-03
     33.2000       0.124878E-02   0.123245E-02   0.217553E-03
     33.4000      -0.392408E-02   0.325656E-03   0.217553E-03
     33.6000       0.828596E-02  -0.779841E-03   0.217553E-03
     33.8000      -0.219744E-02  -0.178755E-02   0.217553E-03
     34.0000      -0.723884E-02  -0.261755E-02   0.217553E-03
     34.2000       0.201216E-02  -0.304755E-02   0.217553E-03
     34.4000       0.724842E-02  -0.333755E-02   0.217553E-03
     34.6000      -0.132583E-01  -0.340755E-02   0.217553E-03
     34.8000      -0.132582E-01  -0.313755E-02   0.217553E-03
     35.0000       0.988933E-02  -0.266755E-02   0.217553E-03
     35.2000      -0.373828E-02  -0.210755E-02   0.217553E-03
     35.4000      -0.936299E-02  -0.126755E-02   0.217553E-03
     35.6000      -0.854301E-02  -0.140357E-03   0.217553E-03
     35.8000       0.135598E-01   0.972447E-03   0.217553E-03
     36.0000       0.386235E-02   0.171245E-02   0.217553E-03
     36.2000       0.746190E-03   0.227245E-02   0.217553E-03
     36.4000       0.974514E-02   0.255245E-02   0.217553E-03
     36.6000      -0.107840E-02   0.244245E-02   0.217553E-03
     36.8000      -0.480584E-02   0.207245E-02   0.217553E-03
     37.0000       0.621758E-02   0.150245E-02   0.217553E-03
     37.2000       0.276303E-02   0.802447E-03   0.217553E-03
     37.4000       0.921354E-02  -0.805320E-04   0.217553E-03
     37.6000       0.398307E-02  -0.882303E-03   0.217553E-03
     37.8000      -0.345319E-02  -0.141755E-02   0.217553E-03
     38.0000      -0.121184E-01  -0.176755E-02   0.217553E-03
     38.2000      -0.119454E-01  -0.198755E-02   0.217553E-03
     38.4000       0.195880E-02  -0.198755E-02   0.217553E-03
     38.6000      -0.585491E-02  -0.167755E-02   0.217553E-03
     38.8000       0.181849E-01  -0.133755E-02   0.217553E-03
     39.0000       0.724632E-03  -0.868207E-03   0.217553E-03
     39.2000      -0.178119E-01  -0.270588E-03   0.217553E-03
     39.4000      -0.628517E-02   0.483281E-03   0.217553E-03
     39.6000       0.664346E-03   0.962447E-03   0.217553E-03
     39.8000       0.123115E-01   0.132245E-02   0.217553E-03
     40.0000      -0.646282E-02   0.153245E-02   0.217553E-03
     40.2000       0.521954E-02   0.169245E-02   0.217553E-03
     40.4000       0.117058E-01   0.179245E-02   0.217553E-03
     40.6000      -0.599605E-02   0.174245E-02   0.217553E-03
     40.8000       0.591270E-02   0.156245E-02   0.217553E-03
     41.0000      -0.211120E-02   0.111245E-02   0.217553E-03
     41.2000      -0.441097E-02   0.479404E-03   0.217553E-03
     41.4000       0.151204E-01  -0.166017E-03   0.217553E-03
     41.6000      -0.835385E-02  -0.744799E-03   0.217553E-03
     41.8000      -0.776616E-02  -0.134755E-02   0.217553E-03
     42.0000       0.850701E-02  -0.158755E-02   0.217553E-03
     42.2000      -0.107011E-01  -0.155755E-02   0.217553E-03
     42.4000       0.952757E-02  -0.134755E-02   0.217553E-03
     42.6000      -0.942160E-02  -0.104715E-02   0.217553E-03
     42.8000       0.633764E-02  -0.675542E-03   0.217553E-03
     43.0000      -0.124614E-01  -0.228828E-03   0.217553E-03
     43.2000       0.843925E-03   0.236505E-03   0.217553E-03
     43.4000      -0.189952E-02   0.635412E-03   0.217553E-03
     43.6000      -0.119455E-02   0.101245E-02   0.217553E-03
     43.8000       0.131419E-01   0.149245E-02   0.217553E-03
     44.0000      -0.801418E-02   0.190245E-02   0.217553E-03
 ENDGROUP
           1  Basis functions
  r, Basis g(r)
 PLOTS
         701           1
    0.285599E-01  -0.275900    
    0.571199E-01  -0.275900    
    0.856798E-01  -0.275900    
    0.114240      -0.275900    
    0.142800      -0.275900    
    0.171360      -0.275900    
    0.199920      -0.275900    
    0.228479      -0.275900    
    0.257039      -0.275900    
    0.285599      -0.275900    
    0.314159      -0.275900    
    0.342719      -0.275900    
    0.371279      -0.275900    
    0.399839      -0.275900    
    0.428399      -0.275900    
    0.456959      -0.275900    
    0.485519      -0.275900    
    0.514079      -0.275900    
    0.542639      -0.275900    
    0.571199      -0.275900    
    0.599759      -0.275900    
    0.628318      -0.275900    
    0.656878      -0.275900    
    0.685438      -0.275900    
    0.713998      -0.275900    
    0.742558      -0.275900    
    0.771118      -0.275900    
    0.799678      -0.275900    
    0.828238      -0.275900    
    0.856798      -0.275900    
    0.885358      -0.275900    
    0.913918      -0.275900    
    0.942478      -0.275900    
    0.971038      -0.275900    
    0.999598      -0.275900    
     1.02816      -0.275900    
     1.05672      -0.275900    
     1.08528      -0.275900    
     1.11384      -0.275900    
     1.14240      -0.275900    
     1.17096      -0.275900    
     1.19952      -0.275900    
     1.22808      -0.275900    
     1.25664      -0.275900    
     1.28520      -0.275900    
     1.31376      -0.275900    
     1.34232      -0.275900    
     1.37088      -0.275900    
     1.39944      -0.275900    
     1.42800      -0.200415    
     1.45656      -0.190604    
     1.48512      -0.832343E-01
     1.51368       0.156567    
     1.54224        1.00939    
     1.57080        2.29033    
     1.59936        2.24614    
     1.62792        1.39904    
     1.65648      -0.584286E-01
     1.68504      -0.568689E-01
     1.71360      -0.239499    
     1.74216      -0.260772    
     1.77072      -0.234491    
     1.79928      -0.220531    
     1.82784      -0.205784    
     1.85640      -0.209900    
     1.88496      -0.220029    
     1.91352      -0.231197    
     1.94208      -0.214597    
     1.97064      -0.229046    
     1.99920      -0.268582    
     2.02776      -0.264694    
     2.05632      -0.262224    
     2.08488      -0.253685    
     2.11344      -0.255827    
     2.14199      -0.267868    
     2.17055      -0.268288    
     2.19911      -0.233662    
     2.22767      -0.196432    
     2.25623      -0.178462    
     2.28479      -0.202839    
     2.31335      -0.229348    
     2.34191      -0.222938    
     2.37047      -0.251057    
     2.39903      -0.225784    
     2.42759      -0.408523E-01
     2.45615       0.216717    
     2.48471       0.787582E-01
     2.51327       0.200945    
     2.54183       0.653372    
     2.57039       0.904798    
     2.59895       0.720459    
     2.62751       0.541748    
     2.65607       0.586059    
     2.68463       0.454708    
     2.71319      -0.109068    
     2.74175      -0.160146    
     2.77031      -0.954428E-01
     2.79887      -0.313481E-01
     2.82743      -0.370214E-01
     2.85599      -0.143818    
     2.88455      -0.227097    
     2.91311      -0.215397    
     2.94167      -0.225001    
     2.97023      -0.161067    
     2.99879      -0.169082    
     3.02735      -0.193545    
     3.05591      -0.140403E-01
     3.08447       0.416870E-01
     3.11303      -0.794104E-01
     3.14159      -0.130201    
     3.17015      -0.704711E-01
     3.19871      -0.151049    
     3.22727      -0.232021    
     3.25583      -0.248396    
     3.28439      -0.198317    
     3.31295      -0.140411    
     3.34151      -0.210888E-01
     3.37007      -0.273423E-02
     3.39863      -0.899233E-01
     3.42719      -0.833146E-01
     3.45575       0.257174E-01
     3.48431      -0.341679E-01
     3.51287      -0.102504    
     3.54143      -0.794135E-01
     3.56999      -0.606428E-01
     3.59855       0.922259E-01
     3.62711      -0.292628E-01
     3.65567      -0.676764E-01
     3.68423      -0.841381E-01
     3.71279      -0.107843    
     3.74135       0.335761E-01
     3.76991       0.218347    
     3.79847       0.110779E-01
     3.82703      -0.207514    
     3.85559      -0.542025E-01
     3.88415       0.773899E-01
     3.91271       0.620500E-01
     3.94127       0.261179E-01
     3.96983       0.120643E-01
     3.99839       0.173711E-01
     4.02695       0.220084E-02
     4.05551       0.388676E-01
     4.08407       0.667167E-01
     4.11263       0.315581E-01
     4.14119      -0.193487E-01
     4.16975       0.271596E-01
     4.19831       0.548009E-01
     4.22687       0.665226E-01
     4.25543      -0.214217E-01
     4.28399       0.908525E-01
     4.31255      -0.490136E-01
     4.34111      -0.180196    
     4.36967      -0.389134E-01
     4.39823       0.752474E-01
     4.42679       0.194917    
     4.45535      -0.319816E-01
     4.48391      -0.231842    
     4.51247      -0.237202    
     4.54103       0.443201E-01
     4.56959       0.209263    
     4.59815       0.134139    
     4.62671      -0.179782E-01
     4.65527      -0.536652E-01
     4.68383      -0.526123E-01
     4.71239      -0.774110E-01
     4.74095      -0.765514E-01
     4.76951       0.389184E-01
     4.79807       0.226213    
     4.82663       0.219025    
     4.85519       0.361547E-01
     4.88375       0.104030E-01
     4.91231       0.217573    
     4.94087       0.260521    
     4.96943       0.337223E-01
     4.99799      -0.152173    
     5.02655      -0.433544E-01
     5.05511       0.219971    
     5.08367       0.230560    
     5.11223      -0.102230    
     5.14079      -0.220726    
     5.16935      -0.129987    
     5.19791       0.205975    
     5.22647       0.277412    
     5.25503       0.156897E-01
     5.28359      -0.127300    
     5.31215      -0.870704E-01
     5.34071       0.956690E-02
     5.36927       0.425382E-01
     5.39783       0.243390E-01
     5.42639      -0.158629E-01
     5.45495      -0.103148E-01
     5.48351      -0.446011E-01
     5.51207      -0.160590    
     5.54063      -0.152583    
     5.56919      -0.112382    
     5.59775       0.943269E-01
     5.62631       0.785688E-01
     5.65487      -0.112091    
     5.68343      -0.121784    
     5.71199       0.363447E-01
     5.74055       0.111905    
     5.76911       0.231362E-01
     5.79767      -0.358643E-01
     5.82623       0.223594E-01
     5.85479       0.296071E-01
     5.88335      -0.560310E-02
     5.91191       0.188766E-01
     5.94047       0.572198E-01
     5.96903      -0.751864E-03
     5.99759      -0.302904E-01
     6.02615      -0.457662E-03
     6.05471      -0.257191E-01
     6.08327      -0.136329    
     6.11183      -0.139756    
     6.14039       0.185497E-01
     6.16895       0.144862    
     6.19751       0.115976    
     6.22607       0.583115E-01
     6.25463       0.714369E-01
     6.28319       0.351644E-01
     6.31175      -0.491278E-01
     6.34030      -0.793155E-01
     6.36887       0.151258E-01
     6.39742       0.103218    
     6.42598       0.588660E-01
     6.45454      -0.935914E-01
     6.48310      -0.121261    
     6.51166      -0.268209E-03
     6.54022       0.681974E-01
     6.56878      -0.552029E-02
     6.59734      -0.455522E-01
     6.62590      -0.364142E-01
     6.65446      -0.585208E-01
     6.68302      -0.558275E-01
     6.71158      -0.250353E-01
     6.74014      -0.436580E-01
     6.76870      -0.481964E-01
     6.79726       0.759989E-01
     6.82582       0.139184    
     6.85438       0.353453E-01
     6.88294      -0.102027    
     6.91150      -0.110330    
     6.94006      -0.468707E-01
     6.96862       0.205046E-01
     6.99718       0.421021E-01
     7.02574       0.617318E-01
     7.05430       0.474720E-01
     7.08286      -0.180513E-01
     7.11142      -0.937230E-01
     7.13998      -0.651643E-01
     7.16854       0.590179E-01
     7.19710       0.129710    
     7.22566       0.591369E-01
     7.25422      -0.547904E-01
     7.28278      -0.731332E-01
     7.31134      -0.731988E-02
     7.33990       0.806181E-01
     7.36846       0.819409E-01
     7.39702      -0.176910E-01
     7.42558      -0.833694E-01
     7.45414      -0.323203E-01
     7.48270      -0.532358E-02
     7.51126      -0.969521E-02
     7.53982       0.315034E-01
     7.56838       0.707286E-01
     7.59694       0.697299E-01
     7.62550       0.825736E-01
     7.65406       0.575857E-01
     7.68262      -0.837651E-01
     7.71118      -0.164686    
     7.73974      -0.622480E-01
     7.76830       0.612302E-01
     7.79686       0.533621E-02
     7.82542      -0.100671    
     7.85398      -0.967208E-01
     7.88254      -0.102335E-01
     7.91110       0.144198E-01
     7.93966       0.147657E-01
     7.96822       0.502813E-01
     7.99678       0.463456E-01
     8.02534      -0.401041E-01
     8.05390      -0.564520E-01
     8.08246       0.151264E-01
     8.11102       0.291648E-01
     8.13958      -0.673813E-02
     8.16814      -0.186389E-01
     8.19670      -0.223678E-01
     8.22526      -0.347326E-01
     8.25382       0.184176E-01
     8.28238       0.549145E-01
     8.31094      -0.304782E-02
     8.33950      -0.891020E-01
     8.36806      -0.661108E-01
     8.39662       0.437589E-01
     8.42518       0.152943    
     8.45374       0.149011    
     8.48230       0.406111E-01
     8.51086      -0.652552E-01
     8.53942      -0.995740E-01
     8.56798      -0.975515E-01
     8.59654      -0.316760E-01
     8.62510       0.969849E-01
     8.65366       0.150316    
     8.68222       0.767494E-01
     8.71078      -0.324421E-01
     8.73934      -0.595490E-01
     8.76790      -0.516146E-01
     8.79646      -0.690961E-01
     8.82502      -0.788167E-01
     8.85358       0.312314E-02
     8.88214       0.863192E-01
     8.91070       0.714821E-01
     8.93926      -0.591565E-02
     8.96782      -0.233250E-01
     8.99638       0.186800E-01
     9.02494       0.458920E-01
     9.05350      -0.171523E-01
     9.08206      -0.103037    
     9.11062      -0.759078E-01
     9.13918       0.289995E-01
     9.16774       0.842891E-01
     9.19630       0.537735E-01
     9.22486       0.225951E-01
     9.25342       0.329739E-02
     9.28198      -0.351872E-02
     9.31054      -0.245424E-01
     9.33910      -0.507244E-01
     9.36766      -0.469661E-01
     9.39622       0.200111E-01
     9.42478       0.565044E-01
     9.45334       0.113776E-01
     9.48190      -0.564993E-01
     9.51046      -0.188556E-01
     9.53902       0.798297E-01
     9.56758       0.102082    
     9.59614       0.323421E-01
     9.62470      -0.653218E-01
     9.65326      -0.995822E-01
     9.68182      -0.209088E-01
     9.71038       0.928041E-01
     9.73894       0.539450E-01
     9.76750      -0.608896E-01
     9.79606      -0.653749E-01
     9.82462       0.257424E-01
     9.85318       0.482394E-01
     9.88174       0.133717E-02
     9.91030      -0.387084E-01
     9.93886      -0.190028E-01
     9.96742       0.566065E-02
     9.99598       0.367867E-02
     10.0245       0.298941E-02
     10.0531       0.287180E-01
     10.0817       0.462927E-01
     10.1102       0.154348E-01
     10.1388      -0.361003E-01
     10.1673      -0.687707E-01
     10.1959      -0.255224E-01
     10.2245       0.631603E-01
     10.2530       0.905184E-01
     10.2816      -0.321561E-01
     10.3101      -0.133644    
     10.3387      -0.608562E-01
     10.3673       0.638680E-01
     10.3958       0.237978E-01
     10.4244      -0.766056E-01
     10.4529      -0.654575E-01
     10.4815       0.440663E-01
     10.5101       0.111758    
     10.5386       0.633441E-01
     10.5672      -0.513941E-01
     10.5957      -0.787831E-01
     10.6243       0.960870E-02
     10.6529       0.623370E-01
     10.6814       0.886740E-02
     10.7100      -0.632073E-01
     10.7385      -0.367854E-01
     10.7671       0.616872E-01
     10.7957       0.934877E-01
     10.8242      -0.680537E-02
     10.8528      -0.929195E-01
     10.8813      -0.499748E-01
     10.9099       0.360472E-01
     10.9385       0.413076E-01
     10.9670      -0.566923E-02
     10.9956       0.322878E-02
     11.0241       0.573553E-01
     11.0527       0.511765E-01
     11.0813      -0.191403E-01
     11.1098      -0.438924E-01
     11.1384      -0.265390E-01
     11.1669      -0.220208E-01
     11.1955      -0.458590E-01
     11.2241      -0.333430E-01
     11.2526       0.142541E-01
     11.2812       0.576823E-01
     11.3097       0.211319E-01
     11.3383      -0.161992E-01
     11.3669       0.484569E-01
     11.3954       0.185124    
     11.4240       0.251045    
     11.4525       0.202814    
     11.4811       0.101394    
     11.5097       0.532349E-01
     11.5382       0.733821E-01
     11.5668       0.481160E-01
     11.5953      -0.704446E-01
     11.6239      -0.164289    
     11.6525      -0.161663    
     11.6810      -0.952998E-01
     11.7096      -0.238751E-01
     11.7381       0.243007E-01
     11.7667       0.120066E-01
     11.7953      -0.124365    
     11.8238      -0.255637    
     11.8524      -0.262938    
     11.8809      -0.251679    
     11.9095       0.394205E-01
     11.9381       0.309901    
     11.9666       0.375854    
     11.9952       0.204440    
     12.0237      -0.126521    
     12.0523      -0.275738    
     12.0809      -0.275723    
     12.1094      -0.274117    
     12.1380      -0.197781    
     12.1665       0.338938E-01
     12.1951       0.883979E-01
     12.2237      -0.323892E-01
     12.2522      -0.212531    
     12.2808      -0.262056    
     12.3093      -0.216036    
     12.3379      -0.162156    
     12.3665      -0.622017E-01
     12.3950       0.290038E-01
     12.4236       0.106162E-01
     12.4521      -0.948138E-01
     12.4807      -0.149978    
     12.5093      -0.756857E-01
     12.5378       0.262246E-01
     12.5664      -0.152482E-01
     12.5949      -0.225286    
     12.6235      -0.252047    
     12.6521      -0.206080    
     12.6806      -0.174787    
     12.7092      -0.177766    
     12.7377      -0.892246E-01
     12.7663       0.105697E-01
     12.7948       0.319944E-01
     12.8234       0.720109E-01
     12.8520       0.109163    
     12.8805       0.320432E-01
     12.9091      -0.608189E-01
     12.9376      -0.264412E-01
     12.9662       0.516998E-01
     12.9948       0.356357E-01
     13.0233      -0.346850E-01
     13.0519      -0.776951E-01
     13.0804      -0.811356E-01
     13.1090      -0.799240E-01
     13.1376      -0.571544E-01
     13.1661      -0.827461E-02
     13.1947       0.243994E-01
     13.2232       0.772651E-01
     13.2518       0.119173    
     13.2804       0.729876E-01
     13.3089      -0.416515E-01
     13.3375      -0.725700E-01
     13.3660       0.632972E-01
     13.3946       0.194844    
     13.4232       0.180768    
     13.4517       0.920511E-01
     13.4803       0.105434E-01
     13.5088      -0.752376E-01
     13.5374      -0.170074    
     13.5660      -0.225220    
     13.5945      -0.244457    
     13.6231      -0.222619    
     13.6516      -0.128782E-01
     13.6802       0.126673    
     13.7088       0.923802E-01
     13.7373       0.847396E-02
     13.7659       0.867068E-02
     13.7944       0.153609E-01
     13.8230      -0.361395E-01
     13.8516      -0.118969    
     13.8801      -0.161325    
     13.9087      -0.145721    
     13.9372      -0.142054    
     13.9658      -0.255621    
     13.9944      -0.264906    
     14.0229      -0.258950    
     14.0515      -0.214597    
     14.0800       0.137357E-01
     14.1086       0.119824    
     14.1372       0.167380    
     14.1657       0.227746    
     14.1943       0.329028    
     14.2228       0.430486    
     14.2514       0.449155    
     14.2800       0.331830    
     14.3085       0.147514    
     14.3371      -0.119902E-01
     14.3656      -0.934238E-01
     14.3942      -0.105726    
     14.4228      -0.901774E-01
     14.4513      -0.607755E-01
     14.4799      -0.246389E-01
     14.5084      -0.324299E-01
     14.5370      -0.942323E-01
     14.5656      -0.929792E-01
     14.5941       0.164437E-01
     14.6227       0.147169    
     14.6512       0.211333    
     14.6798       0.224650    
     14.7084       0.174617    
     14.7369       0.481642E-01
     14.7655      -0.114939    
     14.7940      -0.213794    
     14.8226      -0.221669    
     14.8512      -0.189936    
     14.8797      -0.145157    
     14.9083      -0.657164E-01
     14.9368       0.236505E-01
     14.9654       0.854912E-01
     14.9940       0.153651    
     15.0225       0.254970    
     15.0511       0.392085    
     15.0796       0.500218    
     15.1082       0.485412    
     15.1368       0.343883    
     15.1653       0.243553    
     15.1939       0.244838    
     15.2224       0.274012    
     15.2510       0.303266    
     15.2796       0.362673    
     15.3081       0.366331    
     15.3367       0.279780    
     15.3652       0.207185    
     15.3938       0.206692    
     15.4224       0.217046    
     15.4509       0.226277    
     15.4795       0.249996    
     15.5080       0.203222    
     15.5366       0.611512E-01
     15.5652      -0.147156    
     15.5937      -0.232313    
     15.6223      -0.212546    
     15.6508      -0.173225    
     15.6794      -0.144526    
     15.7080      -0.138249    
     15.7365      -0.141471    
     15.7651      -0.143416    
     15.7936      -0.168856    
     15.8222      -0.208472    
     15.8508      -0.159118    
     15.8793       0.705838E-01
     15.9079       0.230387    
     15.9364       0.248163    
     15.9650       0.192638    
     15.9936       0.171238    
     16.0221       0.192008    
     16.0507       0.203777    
     16.0792       0.231372    
     16.1078       0.280937    
     16.1364       0.327754    
     16.1649       0.338648    
     16.1935       0.311046    
     16.2220       0.249495    
     16.2506       0.232890    
     16.2792       0.317337    
     16.3077       0.439350    
     16.3363       0.461554    
     16.3648       0.355065    
     16.3934       0.199370    
     16.4220       0.103501    
     16.4505       0.851333E-01
     16.4791       0.496191E-01
     16.5076      -0.444409E-01
     16.5362      -0.136835    
     16.5648      -0.162657    
     16.5933      -0.151315    
     16.6219      -0.153160    
     16.6504      -0.131692    
     16.6790      -0.538332E-02
     16.7076       0.159103    
     16.7361       0.230051    
     16.7647       0.183253    
     16.7932       0.958944E-01
     16.8218       0.186166E-01
     16.8504      -0.404075E-01
     16.8789      -0.757807E-01
     16.9075      -0.629253E-01
     16.9360      -0.253925E-01
     16.9646      -0.474341E-01
     16.9932      -0.885006E-01
     17.0217      -0.866970E-01
     17.0503      -0.583965E-01
     17.0788      -0.786432E-02
     17.1074       0.125837    
     17.1360       0.287198    
     17.1645       0.358648    
     17.1931       0.323080    
     17.2216       0.270897    
     17.2502       0.240539    
     17.2788       0.179997    
     17.3073       0.454033E-01
     17.3359      -0.816085E-01
     17.3644      -0.129992    
     17.3930      -0.155588    
     17.4216      -0.189283    
     17.4501      -0.200168    
     17.4787      -0.174142    
     17.5072      -0.132132    
     17.5358      -0.713523E-01
     17.5644      -0.542191E-01
     17.5929      -0.812932E-01
     17.6215      -0.669420E-01
     17.6500       0.288027E-01
     17.6786       0.970064E-01
     17.7072       0.689379E-01
     17.7357      -0.111187E-01
     17.7643      -0.606845E-01
     17.7928      -0.907612E-01
     17.8214      -0.137515    
     17.8500      -0.186378    
     17.8785      -0.185361    
     17.9071      -0.105246    
     17.9356       0.328846E-01
     17.9642       0.142777    
     17.9928       0.142346    
     18.0213       0.794107E-01
     18.0499       0.387073E-01
     18.0784       0.295403E-01
     18.1070       0.149628E-01
     18.1356       0.910104E-02
     18.1641       0.359148E-01
     18.1927       0.823200E-01
     18.2212       0.729505E-01
     18.2498      -0.126061E-01
     18.2784      -0.990981E-01
     18.3069      -0.113700    
     18.3355      -0.582237E-01
     18.3640       0.657492E-02
     18.3926       0.167284E-01
     18.4212      -0.264177E-01
     18.4497      -0.412089E-01
     18.4783      -0.168169E-01
     18.5068       0.257898E-01
     18.5354       0.605266E-01
     18.5640       0.640539E-01
     18.5925       0.366008E-01
     18.6211       0.212752E-01
     18.6496      -0.926084E-02
     18.6782      -0.595082E-01
     18.7068      -0.897789E-01
     18.7353      -0.110034    
     18.7639      -0.169060    
     18.7924      -0.197826    
     18.8210      -0.129285    
     18.8496      -0.264304E-01
     18.8781       0.393195E-02
     18.9067      -0.450967E-01
     18.9352      -0.814398E-01
     18.9638      -0.436159E-01
     18.9924       0.335990E-01
     19.0209       0.381724E-01
     19.0495      -0.561585E-01
     19.0780      -0.160083    
     19.1066      -0.194148    
     19.1352      -0.150069    
     19.1637      -0.488717E-01
     19.1923       0.274286E-01
     19.2208       0.167469E-01
     19.2494      -0.380778E-01
     19.2780      -0.896359E-01
     19.3065      -0.147516    
     19.3351      -0.185695    
     19.3636      -0.151978    
     19.3922      -0.451603E-01
     19.4208       0.101272    
     19.4493       0.196244    
     19.4779       0.168096    
     19.5064       0.161063E-01
     19.5350      -0.140763    
     19.5636      -0.185984    
     19.5921      -0.115172    
     19.6207      -0.448647E-01
     19.6492      -0.266609E-01
     19.6778      -0.299184E-01
     19.7064      -0.277132E-01
     19.7349      -0.472609E-01
     19.7635      -0.763263E-01
     19.7920      -0.712742E-01
     19.8206      -0.291283E-01
     19.8492       0.198049E-02
     19.8777       0.134910E-01
     19.9063       0.524003E-01
     19.9348       0.107138    
     19.9634       0.127492    
     19.9920       0.121382    
     20.0205       0.126461    
 ENDGROUP
