 Results from RMCProfile version 6.7.9.5

 (Version 6f format configuration file)                                          

 2 experiments   3 partials

 Partial g(r)'s are printed out below

   128  3 are NR and NPAR

   r (Ang)
   0.06545     0.00000     0.00000     0.00000
   0.13090     0.00000     0.00000     0.00000
   0.19635     0.00000     0.00000     0.00000
   0.26180     0.00000     0.00000     0.00000
   0.32725     0.00000     0.00000     0.00000
   0.39271     0.00000     0.00000     3.41998
   0.45816     0.00000     0.00000     0.00000
   0.52361     0.00000     0.00000     0.00000
   0.58906     0.00000     0.00000     0.00000
   0.65451     0.00000     0.00000     1.23301
   0.71996     0.00000     0.00000     1.01917
   0.78541     0.00000     0.00000     0.85648
   0.85086     0.00000     0.00000     0.72984
   0.91631     0.00000     0.00000     0.62935
   0.98176     0.00000     0.00000     0.00000
   1.04721     0.00000     0.00000     0.00000
   1.11267     0.00000     0.00000     0.00000
   1.17812     0.00000     0.00000     0.38078
   1.24357     0.00000     0.75871     0.34176
   1.30902     0.00000     0.22825     0.92534
   1.37447     0.00000     1.03517     0.55955
   1.43992     0.00000     1.69779     1.01969
   1.50537     0.51089     2.93418     1.63269
   1.57082     0.00000     3.17034     2.14212
   1.63627     0.00000     3.50619     3.15873
   1.70172     0.39981     5.13269     4.38067
   1.76718     1.11224     2.12928     1.86185
   1.83263     0.34474     3.14458     1.25909
   1.89808     0.00000     4.45150     1.76065
   1.96353     0.00000     2.53641     0.95972
   2.02898     0.00000     3.13556     1.15561
   2.09443     0.00000     0.44586     0.12050
   2.15988     0.00000     0.08385     0.22662
   2.22533     0.00000     0.15798     0.00000
   2.29078     0.00000     0.37271     0.00000
   2.35623     0.00000     2.46602     0.00000
   2.42168     0.00000     0.06670     0.00000
   2.48714     0.00000     0.18971     0.08546
   2.55259     0.00000     0.00000     0.40565
   2.61804     0.16893     0.28536     0.84836
   2.68349     1.12554     0.54322     2.20223
   2.74894     1.53227     0.93178     2.37843
   2.81439     1.16946     0.69141     1.60171
   2.87984     1.67537     0.70750     1.52974
   2.94529     1.33478     0.31566     1.21876
   3.01074     1.14964     2.45982     1.51625
   3.07619     0.97888     1.65352     1.22897
   3.14164     1.75973     1.54571     1.12474
   3.20710     1.46349     0.91278     1.74744
   3.27255     0.64871     0.65748     1.23400
   3.33800     1.45488     0.87770     1.13864
   3.40345     1.09958     0.81050     1.14091
   3.46890     1.63583     1.00776     1.23005
   3.53435     1.01964     0.87684     0.97332
   3.59980     1.25096     0.63393     1.14222
   3.66525     0.94811     0.72797     0.59025
   3.73070     1.66388     0.78697     0.83559
   3.79615     0.96420     0.89580     0.95375
   3.86161     1.08709     0.68206     1.13440
   3.92706     1.35149     0.93854     1.06262
   3.99251     1.16226     1.15343     1.09440
   4.05796     1.12507     0.87896     1.09148
   4.12341     1.22585     0.92030     0.96383
   4.18886     1.45180     1.27077     1.35573
   4.25431     1.02362     1.25359     1.46038
   4.31976     1.30310     1.23685     1.50145
   4.38521     1.44513     1.48500     1.29202
   4.45066     0.70147     1.26391     1.04080
   4.51611     1.41934     1.49607     1.06269
   4.58157     1.26875     1.47226     1.10810
   4.64702     1.12603     1.10501     1.19951
   4.71247     0.99068     1.56776     1.07120
   4.77792     1.06517     0.97675     1.36625
   4.84337     1.13530     1.18400     1.14929
   4.90882     0.62469     1.12016     1.29435
   4.97427     1.07634     1.04345     1.32461
   5.03972     1.23092     1.03193     1.33206
   5.10517     0.48871     1.35086     1.19670
   5.17062     1.08276     1.33151     1.16660
   5.23607     0.63352     1.14147     1.25331
   5.30153     1.19475     1.33616     1.20374
   5.36698     1.16578     1.12721     1.26633
   5.43243     1.37328     1.12673     1.32556
   5.49788     1.11093     1.00947     1.20674
   5.56333     1.01012     1.18808     1.19560
   5.62878     1.16950     1.23470     1.28475
   5.69423     1.14277     1.12202     1.22278
   5.75968     0.83771     0.84903     1.14734
   5.82513     0.98962     1.16439     1.29307
   5.89058     0.93438     1.04847     1.20356
   5.95604     1.17508     1.03658     0.90902
   6.02149     1.02194     0.96022     1.10806
   6.08694     1.18759     1.16141     1.22704
   6.15239     1.22364     0.97147     1.14521
   6.21784     0.89851     1.01184     0.83408
   6.28329     0.99721     0.90169     1.16494
   6.34874     1.26403     1.08701     1.21974
   6.41419     0.92878     1.04592     1.07933
   6.47964     0.96527     1.09012     1.04504
   6.54509     1.35151     0.92232     1.17233
   6.61054     1.08640     0.89519     1.08875
   6.67600     0.85736     1.18493     0.86586
   6.74145     0.94271     1.14482     1.24462
   6.80690     1.04962     0.96249     0.95838
   6.87235     0.93165     1.06849     1.13050
   6.93780     1.15473     1.20284     1.10927
   7.00325     0.68467     0.98106     1.03474
   7.06870     0.95014     1.08824     1.03682
   7.13415     0.97829     1.07605     1.09059
   7.19960     0.87122     1.16224     1.16264
   7.26505     0.94335     1.05245     1.05165
   7.33050     0.92658     1.14294     1.21003
   7.39596     1.16428     0.87249     1.03408
   7.46141     1.01915     1.13832     1.11097
   7.52686     0.89931     1.08408     1.05441
   7.59231     1.10483     1.11977     1.08216
   7.65776     1.42171     1.09403     1.24404
   7.72321     0.99005     1.14115     1.01034
   7.78866     1.12618     1.03178     1.08058
   7.85411     1.03241     1.12246     1.13120
   7.91956     1.10772     1.07903     1.15472
   7.98501     1.28941     1.17799     1.20220
   8.05046     1.26853     1.26756     1.09300
   8.11592     1.17783     1.03933     1.01124
   8.18137     1.17636     1.16303     1.19257
   8.24682     1.14074     1.14465     1.08044
   8.31227     1.20664     0.96250     1.30068
   8.37772     1.30334     1.31538     1.47626

 Partial S(Q)'s are printed out below

   494  3 are NQ and NPAR

      Q          S(Q)_1      S(Q)_2      S(Q)_3
  0.4682470    -1.5760849     1.7402231     1.9963395
  0.4982822    -2.0044973     1.1220926     1.0721829
  0.5283174    -2.3373891     0.6068440     0.2883643
  0.5583526    -2.5763216     0.1959990    -0.3520729
  0.5883878    -2.7261975    -0.1124552    -0.8508785
  0.6184230    -2.7948412    -0.3237513    -1.2141858
  0.6484582    -2.7924712    -0.4459159    -1.4519515
  0.6784934    -2.7310927    -0.4892542    -1.5772767
  0.7085286    -2.6238412    -0.4657718    -1.6056432
  0.7385638    -2.4843105    -0.3885617    -1.5541035
  0.7685990    -2.3258959    -0.2711844    -1.4404605
  0.7986342    -2.1611836    -0.1270694    -1.2824748
  0.8286694    -2.0014136     0.0310371    -1.0971333
  0.8587046    -1.8560386     0.1915553    -0.9000073
  0.8887398    -1.7323953     0.3444686    -0.7047249
  0.9187750    -1.6355004     0.4816188    -0.5225745
  0.9488102    -1.5679742     0.5968948    -0.3622489
  0.9788454    -1.5300913     0.6863087    -0.2297342
  1.0088806    -1.5199486     0.7479651    -0.1283379
  1.0389158    -1.5337376     0.7819305    -0.0588460
  1.0689510    -1.5661014     0.7900141    -0.0197930
  1.0989862    -1.6105554     0.7754788    -0.0078224
  1.1290214    -1.6599453     0.7426975    -0.0181142
  1.1590566    -1.7069178     0.6967796    -0.0448522
  1.1890918    -1.7443780     0.6431844    -0.0817047
  1.2191270    -1.7659105     0.5873451    -0.1222911
  1.2491622    -1.7661419     0.5343218    -0.1606110
  1.2791974    -1.7410292     0.4884992    -0.1914162
  1.3092326    -1.6880606     0.4533431    -0.2105063
  1.3392678    -1.6063614     0.4312268    -0.2149396
  1.3693030    -1.4967033     0.4233307    -0.2031504
  1.3993382    -1.3614205     0.4296187    -0.1749733
  1.4293734    -1.2042405     0.4488878    -0.1315784
  1.4594086    -1.0300416     0.4788851    -0.0753263
  1.4894438    -0.8445545     0.5164819    -0.0095562
  1.5194790    -0.6540254     0.5578932     0.0616775
  1.5495142    -0.4648611     0.5989282     0.1339006
  1.5795494    -0.2832761     0.6352562     0.2025285
  1.6095846    -0.1149627     0.6626732     0.2631705
  1.6396198     0.0352010     0.6773528     0.3119104
  1.6696551     0.1633871     0.6760696     0.3455481
  1.6996903     0.2669885     0.6563834     0.3617895
  1.7297255     0.3447159     0.6167736     0.3593755
  1.7597607     0.3966181     0.5567207     0.3381442
  1.7897959     0.4240269     0.4767302     0.2990255
  1.8198311     0.4294319     0.3782998     0.2439709
  1.8498663     0.4162947     0.2638350     0.1758240
  1.8799015     0.3888143     0.1365165     0.0981421
  1.9099367     0.3516582     0.0001312     0.0149801
  1.9399719     0.3096765    -0.1411246    -0.0693485
  1.9700071     0.2676140    -0.2828591    -0.1505203
  2.0000423     0.2298385    -0.4207011    -0.2244447
  2.0300775     0.2000983    -0.5505102    -0.2874872
  2.0601127     0.1813235    -0.6685676    -0.3366608
  2.0901479     0.1754803    -0.7717388    -0.3697765
  2.1201831     0.1834855    -0.8576015    -0.3855440
  2.1502183     0.2051841    -0.9245321    -0.3836193
  2.1802535     0.2393906    -0.9717477    -0.3645993
  2.2102887     0.2839892    -0.9993054    -0.3299625
  2.2403239     0.3360853    -1.0080570    -0.2819636
  2.2703591     0.3922008    -0.9995675    -0.2234887
  2.3003943     0.4484972    -0.9759999    -0.1578795
  2.3304295     0.5010176    -0.9399760    -0.0887392
  2.3604647     0.5459290    -0.8944209    -0.0197298
  2.3904999     0.5797547    -0.8424011     0.0456254
  2.4205351     0.5995815    -0.7869631     0.1041249
  2.4505703     0.6032312    -0.7309847     0.1530476
  2.4806055     0.5893875    -0.6770422     0.1902774
  2.5106407     0.5576718    -0.6273037     0.2143908
  2.5406759     0.5086643    -0.5834502     0.2247008
  2.5707111     0.4438707    -0.5466286     0.2212594
  2.6007463     0.3656372    -0.5174372     0.2048180
  2.6307815     0.2770191    -0.4959427     0.1767508
  2.6608167     0.1816122    -0.4817252     0.1389467
  2.6908519     0.0833557    -0.4739486     0.0936779
  2.7208871    -0.0136805    -0.4714493     0.0434527
  2.7509223    -0.1055130    -0.4728375    -0.0091374
  2.7809575    -0.1884540    -0.4766051    -0.0615677
  2.8109927    -0.2593015    -0.4812322    -0.1115181
  2.8410279    -0.3154990    -0.4852877    -0.1569925
  2.8710631    -0.3552590    -0.4875162    -0.1964121
  2.9010983    -0.3776414    -0.4869084    -0.2286798
  2.9311335    -0.3825859    -0.4827512    -0.2532111
  2.9611687    -0.3708959    -0.4746547    -0.2699344
  2.9912039    -0.3441774    -0.4625570    -0.2792581
  3.0212391    -0.3047347    -0.4467071    -0.2820123
  3.0512743    -0.2554334    -0.4276272    -0.2793655
  3.0813095    -0.1995345    -0.4060594    -0.2727265
  3.1113447    -0.1405134    -0.3829002    -0.2636350
  3.1413799    -0.0818708    -0.3591267    -0.2536504
  3.1714151    -0.0269482    -0.3357217    -0.2442441
  3.2014503     0.0212437    -0.3136001    -0.2367033
  3.2314855     0.0601736    -0.2935435    -0.2320511
  3.2615207     0.0879084    -0.2761455    -0.2309864
  3.2915559     0.1031963    -0.2617714    -0.2338491
  3.3215911     0.1055113    -0.2505347    -0.2406090
  3.3516263     0.0950564    -0.2422910    -0.2508799
  3.3816615     0.0727288    -0.2366492    -0.2639567
  3.4116967     0.0400476    -0.2329994    -0.2788724
  3.4417319    -0.0009483    -0.2305545    -0.2944699
  3.4717671    -0.0478284    -0.2284026    -0.3094852
  3.5018023    -0.0979139    -0.2255678    -0.3226340
  3.5318375    -0.1484311    -0.2210733    -0.3326984
  3.5618727    -0.1966630    -0.2140045    -0.3386064
  3.5919079    -0.2400934    -0.2035677    -0.3395001
  3.6219431    -0.2765346    -0.1891396    -0.3347886
  3.6519783    -0.3042318    -0.1703071    -0.3241820
  3.6820135    -0.3219414    -0.1468920    -0.3077059
  3.7120487    -0.3289767    -0.1189625    -0.2856948
  3.7420839    -0.3252229    -0.0868290    -0.2587661
  3.7721191    -0.3111190    -0.0510247    -0.2277771
  3.8021543    -0.2876107    -0.0122742    -0.1937673
  3.8321895    -0.2560776     0.0285494    -0.1578906
  3.8622247    -0.2182383     0.0704754    -0.1213421
  3.8922599    -0.1760423     0.1124914    -0.0852841
  3.9222951    -0.1315527     0.1535998    -0.0507759
  3.9523303    -0.0868277     0.1928728    -0.0187122
  3.9823655    -0.0438086     0.2295012     0.0102267
  4.0124007    -0.0042177     0.2628356     0.0356092
  4.0424359     0.0305250     0.2924160     0.0572699
  4.0724711     0.0593660     0.3179891     0.0753101
  4.1025063     0.0816571     0.3395136     0.0900797
  4.1325415     0.0971703     0.3571505     0.1021441
  4.1625767     0.1060878     0.3712426     0.1122378
  4.1926119     0.1089680     0.3822825     0.1212067
  4.2226471     0.1066922     0.3908716     0.1299458
  4.2526823     0.1003940     0.3976745     0.1393326
  4.2827175     0.0913779     0.4033688     0.1501646
  4.3127527     0.0810306     0.4085966     0.1631011
  4.3427879     0.0707320     0.4139182     0.1786158
  4.3728231     0.0617698     0.4197721     0.1969616
  4.4028583     0.0552638     0.4264441     0.2181499
  4.4328935     0.0521023     0.4340458     0.2419453
  4.4629287     0.0528963     0.4425054     0.2678772
  4.4929639     0.0579501     0.4515697     0.2952653
  4.5229991     0.0672532     0.4608185     0.3232588
  4.5530343     0.0804901     0.4696896     0.3508858
  4.5830695     0.0970678     0.4775124     0.3771109
  4.6131047     0.1161600     0.4835497     0.4008950
  4.6431399     0.1367619     0.4870425     0.4212569
  4.6731751     0.1577553     0.4872582     0.4373294
  4.7032103     0.1779769     0.4835362     0.4484092
  4.7332455     0.1962874     0.4753309     0.4539965
  4.7632807     0.2116374     0.4622474     0.4538215
  4.7933159     0.2231246     0.4440699     0.4478579
  4.8233511     0.2300419     0.4207793     0.4363212
  4.8533863     0.2319117     0.3925603     0.4196537
  4.8834215     0.2285064     0.3597977     0.3984956
  4.9134567     0.2198535     0.3230611     0.3736462
  4.9434919     0.2062266     0.2830802     0.3460156
  4.9735271     0.1881227     0.2407120     0.3165726
  5.0035623     0.1662278     0.1969009     0.2862891
  5.0335975     0.1413742     0.1526353     0.2560873
  5.0636327     0.1144904     0.1089024     0.2267908
  5.0936679     0.0865497     0.0666438     0.1990838
  5.1237031     0.0585177     0.0267142     0.1734799
  5.1537383     0.0313039    -0.0101535     0.1503025
  5.1837735     0.0057187    -0.0433771     0.1296779
  5.2138087    -0.0175611    -0.0725442     0.1115412
  5.2438439    -0.0380169    -0.0974227     0.0956537
  5.2738791    -0.0553030    -0.1179611     0.0816307
  5.3039143    -0.0692495    -0.1342792     0.0689790
  5.3339495    -0.0798556    -0.1466510     0.0571386
  5.3639847    -0.0872731    -0.1554794     0.0455287
  5.3940199    -0.0917820    -0.1612657     0.0335931
  5.4240551    -0.0937615    -0.1645758     0.0208433
  5.4540903    -0.0936561    -0.1660036     0.0068949
  5.4841255    -0.0919413    -0.1661365    -0.0085024
  5.5141607    -0.0890909    -0.1655224    -0.0254465
  5.5441959    -0.0855469    -0.1646407    -0.0438731
  5.5742311    -0.0816944    -0.1638806    -0.0635595
  5.6042663    -0.0778436    -0.1635245    -0.0841373
  5.6343015    -0.0742185    -0.1637401    -0.1051160
  5.6643367    -0.0709529    -0.1645798    -0.1259150
  5.6943719    -0.0680940    -0.1659870    -0.1459008
  5.7244071    -0.0656125    -0.1678102    -0.1644287
  5.7544423    -0.0634182    -0.1698211    -0.1808847
  5.7844775    -0.0613786    -0.1717383    -0.1947258
  5.8145127    -0.0593414    -0.1732522    -0.2055160
  5.8445479    -0.0571556    -0.1740519    -0.2129552
  5.8745831    -0.0546923    -0.1738501    -0.2168999
  5.9046183    -0.0518624    -0.1724067    -0.2173736
  5.9346535    -0.0486300    -0.1695474    -0.2145672
  5.9646887    -0.0450202    -0.1651782    -0.2088291
  5.9947239    -0.0411215    -0.1592938    -0.2006446
  6.0247591    -0.0370821    -0.1519799    -0.1906079
  6.0547943    -0.0331006    -0.1434095    -0.1793874
  6.0848295    -0.0294114    -0.1338337    -0.1676857
  6.1148647    -0.0262673    -0.1235666    -0.1561990
  6.1448999    -0.0239180    -0.1129678    -0.1455760
  6.1749351    -0.0225894    -0.1024204    -0.1363805
  6.2049703    -0.0224626    -0.0923089    -0.1290598
  6.2350055    -0.0236551    -0.0829966    -0.1239197
  6.2650407    -0.0262066    -0.0748045    -0.1211089
  6.2950759    -0.0300685    -0.0679929    -0.1206132
  6.3251111    -0.0350999    -0.0627469    -0.1222591
  6.3551463    -0.0410699    -0.0591663    -0.1257279
  6.3851815    -0.0476652    -0.0572605    -0.1305776
  6.4152167    -0.0545048    -0.0569492    -0.1362730
  6.4452519    -0.0611589    -0.0580679    -0.1422202
  6.4752871    -0.0671719    -0.0603776    -0.1478053
  6.5053223    -0.0720884    -0.0635802    -0.1524325
  6.5353575    -0.0754796    -0.0673347    -0.1555617
  6.5653927    -0.0769699    -0.0712776    -0.1567418
  6.5954279    -0.0762598    -0.0750425    -0.1556378
  6.6254631    -0.0731468    -0.0782803    -0.1520506
  6.6554983    -0.0675393    -0.0806776    -0.1459283
  6.6855335    -0.0594659    -0.0819722    -0.1373677
  6.7155687    -0.0490773    -0.0819660    -0.1266075
  6.7456039    -0.0366414    -0.0805335    -0.1140115
  6.7756391    -0.0225317    -0.0776257    -0.1000460
  6.8056743    -0.0072097    -0.0732700    -0.0852492
  6.8357095     0.0087975    -0.0675661    -0.0701982
  6.8657447     0.0249239    -0.0606775    -0.0554734
  6.8957799     0.0405933    -0.0528200    -0.0416227
  6.9258151     0.0552482    -0.0442481    -0.0291289
  6.9558503     0.0683781    -0.0352397    -0.0183816
  6.9858855     0.0795448    -0.0260806    -0.0096542
  7.0159207     0.0884038    -0.0170486    -0.0030900
  7.0459559     0.0947197    -0.0084003     0.0013052
  7.0759911     0.0983762    -0.0003584     0.0036601
  7.1060263     0.0993788     0.0068969     0.0042283
  7.1360615     0.0978510     0.0132344     0.0033700
  7.1660967     0.0940239     0.0185746     0.0015273
  7.1961319     0.0882204     0.0228893    -0.0008042
  7.2261671     0.0808342     0.0261985    -0.0031079
  7.2562023     0.0723057     0.0285639    -0.0048793
  7.2862375     0.0630963     0.0300811    -0.0056572
  7.3162727     0.0536615     0.0308698    -0.0050531
  7.3463079     0.0444266     0.0310638    -0.0027746
  7.3763431     0.0357635     0.0308008     0.0013568
  7.4063783     0.0279730     0.0302127     0.0073949
  7.4364135     0.0212714     0.0294175     0.0152664
  7.4664487     0.0157825     0.0285133     0.0247759
  7.4964839     0.0115364     0.0275738     0.0356179
  7.5265191     0.0084736     0.0266463     0.0473962
  7.5565543     0.0064552     0.0257528     0.0596477
  7.5865896     0.0052771     0.0248922     0.0718699
  7.6166248     0.0046887     0.0240450     0.0835510
  7.6466600     0.0044137     0.0231795     0.0941990
  7.6766952     0.0041718     0.0222584     0.1033698
  7.7067304     0.0037005     0.0212461     0.1106918
  7.7367656     0.0027747     0.0201157     0.1158850
  7.7668008     0.0012234     0.0188554     0.1187748
  7.7968360    -0.0010575     0.0174729     0.1192990
  7.8268712    -0.0040978     0.0159987     0.1175076
  7.8569064    -0.0078501     0.0144875     0.1135563
  7.8869416    -0.0121931     0.0130171     0.1076934
  7.9169768    -0.0169396     0.0116855     0.1002420
  7.9470120    -0.0218493     0.0106058     0.0915776
  7.9770472    -0.0266453     0.0099003     0.0821046
  8.0070824    -0.0310336     0.0096927     0.0722302
  8.0371176    -0.0347232     0.0100998     0.0623408
  8.0671528    -0.0374473     0.0112234     0.0527800
  8.0971880    -0.0389822     0.0131422     0.0438304
  8.1272232    -0.0391645     0.0159054     0.0357000
  8.1572584    -0.0379040     0.0195268     0.0285149
  8.1872936    -0.0351927     0.0239819     0.0223170
  8.2173288    -0.0311079     0.0292058     0.0170684
  8.2473640    -0.0258107     0.0350946     0.0126605
  8.2773992    -0.0195389     0.0415083     0.0089283
  8.3074344    -0.0125948     0.0482757     0.0056681
  8.3374696    -0.0053291     0.0552019     0.0026573
  8.3675048     0.0018785     0.0620763    -0.0003244
  8.3975400     0.0086410     0.0686818    -0.0034749
  8.4275752     0.0145864     0.0748051    -0.0069519
  8.4576104     0.0193796     0.0802457    -0.0108573
  8.4876456     0.0227421     0.0848251    -0.0152273
  8.5176808     0.0244694     0.0883946    -0.0200264
  8.5477160     0.0244436     0.0908410    -0.0251479
  8.5777512     0.0226412     0.0920914    -0.0304187
  8.6077864     0.0191365     0.0921147    -0.0356101
  8.6378216     0.0140983     0.0909218    -0.0404526
  8.6678568     0.0077821     0.0885632    -0.0446541
  8.6978920     0.0005170     0.0851248    -0.0479206
  8.7279272    -0.0073115     0.0807221    -0.0499769
  8.7579624    -0.0152817     0.0754931    -0.0505876
  8.7879976    -0.0229581     0.0695903    -0.0495754
  8.8180328    -0.0299143     0.0631725    -0.0468363
  8.8480680    -0.0357558     0.0563968    -0.0423505
  8.8781032    -0.0401407     0.0494112    -0.0361882
  8.9081384    -0.0427976     0.0423483    -0.0285095
  8.9381736    -0.0435391     0.0353204    -0.0195588
  8.9682088    -0.0422719     0.0284162    -0.0096541
  8.9982440    -0.0390003     0.0216993     0.0008291
  9.0282792    -0.0338258     0.0152085     0.0114772
  9.0583144    -0.0269409     0.0089598     0.0218608
  9.0883496    -0.0186180     0.0029497     0.0315581
  9.1183848    -0.0091951    -0.0028401     0.0401787
  9.1484200     0.0009422    -0.0084374     0.0473849
  9.1784552     0.0113808    -0.0138740     0.0529108
  9.2084904     0.0217007    -0.0191794     0.0565773
  9.2385256     0.0314959    -0.0243762     0.0583011
  9.2685608     0.0403936    -0.0294752     0.0580993
  9.2985960     0.0480711    -0.0344724     0.0560875
  9.3286312     0.0542697    -0.0393466     0.0524718
  9.3586664     0.0588044    -0.0440594     0.0475364
  9.3887016     0.0615698    -0.0485559     0.0416259
  9.4187368     0.0625410    -0.0527670     0.0351241
  9.4487720     0.0617710    -0.0566134     0.0284315
  9.4788072     0.0593831    -0.0600101     0.0219411
  9.5088424     0.0555611    -0.0628716     0.0160155
  9.5388776     0.0505357    -0.0651178     0.0109657
  9.5689128     0.0445701    -0.0666795     0.0070339
  9.5989480     0.0379442    -0.0675035     0.0043800
  9.6289832     0.0309388    -0.0675569     0.0030735
  9.6590184     0.0238214    -0.0668306     0.0030917
  9.6890536     0.0168329    -0.0653408     0.0043228
  9.7190888     0.0101779    -0.0631298     0.0065747
  9.7491240     0.0040168    -0.0602649     0.0095891
  9.7791592    -0.0015383    -0.0568358     0.0130587
  9.8091944    -0.0064240    -0.0529509     0.0166483
  9.8392296    -0.0106241    -0.0487324     0.0200167
  9.8692648    -0.0141639    -0.0443107     0.0228387
  9.8993000    -0.0171030    -0.0398178     0.0248261
  9.9293352    -0.0195261    -0.0353814     0.0257459
  9.9593704    -0.0215331    -0.0311188     0.0254352
  9.9894056    -0.0232285    -0.0271314     0.0238110
 10.0194408    -0.0247113    -0.0235001     0.0208750
 10.0494760    -0.0260668    -0.0202822     0.0167129
 10.0795112    -0.0273589    -0.0175091     0.0114885
 10.1095464    -0.0286255    -0.0151859     0.0054328
 10.1395816    -0.0298759    -0.0132921    -0.0011714
 10.1696168    -0.0310905    -0.0117841    -0.0080077
 10.1996520    -0.0322238    -0.0105984    -0.0147465
 10.2296872    -0.0332084    -0.0096560    -0.0210665
 10.2597224    -0.0339616    -0.0088678    -0.0266747
 10.2897576    -0.0343935    -0.0081399    -0.0313253
 10.3197928    -0.0344150    -0.0073791    -0.0348351
 10.3498280    -0.0339465    -0.0064986    -0.0370948
 10.3798632    -0.0329262    -0.0054224    -0.0380755
 10.4098984    -0.0313169    -0.0040898    -0.0378304
 10.4399336    -0.0291113    -0.0024575    -0.0364904
 10.4699688    -0.0263354    -0.0005024    -0.0342558
 10.5000040    -0.0230499     0.0017782    -0.0313827
 10.5300392    -0.0193486     0.0043674    -0.0281658
 10.5600744    -0.0153550     0.0072298    -0.0249199
 10.5901096    -0.0112165     0.0103144    -0.0219586
 10.6201448    -0.0070972     0.0135578    -0.0195738
 10.6501800    -0.0031689     0.0168881    -0.0180170
 10.6802152     0.0003982     0.0202289    -0.0174824
 10.7102504     0.0034459     0.0235035    -0.0180936
 10.7402856     0.0058365     0.0266383    -0.0198958
 10.7703208     0.0074618     0.0295668    -0.0228515
 10.8003560     0.0082500     0.0322315    -0.0268424
 10.8303912     0.0081704     0.0345865    -0.0316763
 10.8604264     0.0072361     0.0365980    -0.0370979
 10.8904616     0.0055048     0.0382446    -0.0428045
 10.9204968     0.0030764     0.0395169    -0.0484641
 10.9505320     0.0000885     0.0404158    -0.0537353
 10.9805672    -0.0032900     0.0409510    -0.0582884
 11.0106024    -0.0068673     0.0411383    -0.0618246
 11.0406376    -0.0104378     0.0409974    -0.0640949
 11.0706728    -0.0137928     0.0405494    -0.0649140
 11.1007080    -0.0167306     0.0398145    -0.0641723
 11.1307432    -0.0190668     0.0388100    -0.0618411
 11.1607784    -0.0206430     0.0375491    -0.0579750
 11.1908136    -0.0213349     0.0360402    -0.0527070
 11.2208488    -0.0210577     0.0342863    -0.0462410
 11.2508840    -0.0197706     0.0322860    -0.0388382
 11.2809192    -0.0174778     0.0300343    -0.0308013
 11.3109544    -0.0142279     0.0275241    -0.0224558
 11.3409896    -0.0101117     0.0247484    -0.0141303
 11.3710248    -0.0052566     0.0217022    -0.0061365
 11.4010600     0.0001792     0.0183848     0.0012488
 11.4310952     0.0060148     0.0148016     0.0077999
 11.4611304     0.0120548     0.0109661     0.0133546
 11.4911656     0.0180982     0.0069010     0.0178228
 11.5212008     0.0239476     0.0026391     0.0211897
 11.5512360     0.0294167    -0.0017766     0.0235148
 11.5812712     0.0343382    -0.0062937     0.0249257
 11.6113064     0.0385697    -0.0108509     0.0256075
 11.6413416     0.0419981    -0.0153803     0.0257886
 11.6713768     0.0445429    -0.0198094     0.0257242
 11.7014120     0.0461575    -0.0240634     0.0256769
 11.7314472     0.0468286    -0.0280683     0.0258985
 11.7614824     0.0465750    -0.0317533     0.0266110
 11.7915176     0.0454443    -0.0350539     0.0279907
 11.8215528     0.0435090    -0.0379138     0.0301545
 11.8515880     0.0408621    -0.0402874     0.0331509
 11.8816232     0.0376116    -0.0421410     0.0369546
 11.9116584     0.0338753    -0.0434539     0.0414666
 11.9416936     0.0297764    -0.0442186     0.0465189
 11.9717288     0.0254382    -0.0444409     0.0518837
 12.0017640     0.0209801    -0.0441386     0.0572871
 12.0317992     0.0165145    -0.0433409     0.0624252
 12.0618344     0.0121441    -0.0420860     0.0669831
 12.0918696     0.0079599    -0.0404200     0.0706547
 12.1219048     0.0040404    -0.0383943     0.0731620
 12.1519400     0.0004507    -0.0360636     0.0742736
 12.1819752    -0.0027572    -0.0334842     0.0738198
 12.2120104    -0.0055438    -0.0307122     0.0717050
 12.2420456    -0.0078821    -0.0278018     0.0679150
 12.2720808    -0.0097559    -0.0248045     0.0625203
 12.3021160    -0.0111601    -0.0217681     0.0556736
 12.3321512    -0.0120989    -0.0187363     0.0476029
 12.3621864    -0.0125864    -0.0157484     0.0386001
 12.3922216    -0.0126454    -0.0128397     0.0290054
 12.4222568    -0.0123072    -0.0100415     0.0191889
 12.4522920    -0.0116121    -0.0073816     0.0095310
 12.4823272    -0.0106080    -0.0048844     0.0004010
 12.5123624    -0.0093514    -0.0025715    -0.0078626
 12.5423976    -0.0079055    -0.0004615    -0.0149706
 12.5724328    -0.0063403     0.0014300    -0.0206985
 12.6024680    -0.0047311     0.0030905    -0.0248980
 12.6325032    -0.0031566     0.0045112    -0.0275045
 12.6625384    -0.0016969     0.0056876    -0.0285390
 12.6925736    -0.0004313     0.0066202    -0.0281056
 12.7226088     0.0005652     0.0073150    -0.0263838
 12.7526440     0.0012241     0.0077846    -0.0236170
 12.7826792     0.0014872     0.0080480    -0.0200969
 12.8127144     0.0013093     0.0081316    -0.0161453
 12.8427496     0.0006607     0.0080680    -0.0120951
 12.8727848    -0.0004699     0.0078965    -0.0082700
 12.9028200    -0.0020745     0.0076614    -0.0049658
 12.9328552    -0.0041247     0.0074106    -0.0024332
 12.9628904    -0.0065718     0.0071941    -0.0008641
 12.9929256    -0.0093479     0.0070613    -0.0003809
 13.0229608    -0.0123681     0.0070590    -0.0010313
 13.0529960    -0.0155334     0.0072287    -0.0027867
 13.0830312    -0.0187343     0.0076040    -0.0055459
 13.1130664    -0.0218554     0.0082085    -0.0091431
 13.1431016    -0.0247806     0.0090536    -0.0133592
 13.1731368    -0.0273974     0.0101377    -0.0179374
 13.2031720    -0.0296029     0.0114448    -0.0225995
 13.2332072    -0.0313075     0.0129449    -0.0270640
 13.2632424    -0.0324397     0.0145948    -0.0310644
 13.2932776    -0.0329490     0.0163395    -0.0343657
 13.3233128    -0.0328085     0.0181147    -0.0367786
 13.3533480    -0.0320154     0.0198497    -0.0381713
 13.3833832    -0.0305915     0.0214711    -0.0384772
 13.4134184    -0.0285818     0.0229065    -0.0376979
 13.4434536    -0.0260518     0.0240887    -0.0359029
 13.4734888    -0.0230844     0.0249592    -0.0332238
 13.5035240    -0.0197756     0.0254721    -0.0298458
 13.5335593    -0.0162294     0.0255969    -0.0259950
 13.5635945    -0.0125534     0.0253204    -0.0219239
 13.5936297    -0.0088533     0.0246487    -0.0178948
 13.6236649    -0.0052281     0.0236066    -0.0141636
 13.6537001    -0.0017661     0.0222372    -0.0109631
 13.6837353     0.0014585     0.0205999    -0.0084885
 13.7137705     0.0043882     0.0187673    -0.0068859
 13.7438057     0.0069837     0.0168218    -0.0062428
 13.7738409     0.0092238     0.0148508    -0.0065836
 13.8038761     0.0111052     0.0129421    -0.0078682
 13.8339113     0.0126399     0.0111790    -0.0099953
 13.8639465     0.0138534     0.0096355    -0.0128094
 13.8939817     0.0147809     0.0083720    -0.0161107
 13.9240169     0.0154639     0.0074319    -0.0196685
 13.9540521     0.0159463     0.0068389    -0.0232357
 13.9840873     0.0162709     0.0065958    -0.0265646
 14.0141225     0.0164761     0.0066841    -0.0294228
 14.0441577     0.0165932     0.0070652    -0.0316070
 14.0741929     0.0166448     0.0076830    -0.0329562
 14.1042281     0.0166433     0.0084671    -0.0333612
 14.1342633     0.0165917     0.0093373    -0.0327708
 14.1642985     0.0164837     0.0102091    -0.0311948
 14.1943337     0.0163056     0.0109987    -0.0287024
 14.2243689     0.0160389     0.0116285    -0.0254176
 14.2544041     0.0156628     0.0120326    -0.0215107
 14.2844393     0.0151574     0.0121611    -0.0171868
 14.3144745     0.0145065     0.0119835    -0.0126732
 14.3445097     0.0137006     0.0114913    -0.0082040
 14.3745449     0.0127389     0.0106987    -0.0040060
 14.4045801     0.0116309     0.0096421    -0.0002843
 14.4346153     0.0103973     0.0083780     0.0027905
 14.4646505     0.0090691     0.0069795     0.0050921
 14.4946857     0.0076873     0.0055315     0.0065459
 14.5247209     0.0062999     0.0041253     0.0071332
 14.5547561     0.0049598     0.0028519     0.0068906
 14.5847913     0.0037208     0.0017953     0.0059069
 14.6148265     0.0026345     0.0010267     0.0043164
 14.6448617     0.0017457     0.0005980     0.0022887
 14.6748969     0.0010897     0.0005371     0.0000169
 14.7049321     0.0006885     0.0008443    -0.0022959
 14.7349673     0.0005489     0.0014904    -0.0044510
 14.7650025     0.0006610     0.0024161    -0.0062671
 14.7950377     0.0009979     0.0035342    -0.0075936
 14.8250729     0.0015169     0.0047325    -0.0083202
 14.8551081     0.0021614     0.0058791    -0.0083851
 14.8851433     0.0028640     0.0068295    -0.0077789
 14.9151785     0.0035510     0.0074339    -0.0065459
 14.9452137     0.0041468     0.0075458    -0.0047807
 14.9752489     0.0045794     0.0070312    -0.0026225
 15.0052841     0.0047851     0.0057766    -0.0002457
 15.0353193     0.0047140     0.0036971     0.0021520
 15.0653545     0.0043336     0.0007429     0.0043628
 15.0953897     0.0036322    -0.0030954     0.0061829
 15.1254249     0.0026211    -0.0077845     0.0074270
 15.1554601     0.0013345    -0.0132468     0.0079409
 15.1854953    -0.0001710    -0.0193626     0.0076131
 15.2155305    -0.0018193    -0.0259733     0.0063834
 15.2455657    -0.0035189    -0.0328879     0.0042480
 15.2756009    -0.0051682    -0.0398905     0.0012617

PDF 1 in T(r) format
  r, PDF (RMC), PDF (Expt)
 CURVES
         128 ,           2
      0.0000000        0.0000000        0.0000000
      0.0654509        0.0000000        0.0000000
      0.1309019        0.0000000        0.0000000
      0.1963528        0.0000000        0.0000000
      0.2618037        0.0000000        0.0000000
      0.3272547        0.0000000        0.0000000
      0.3927056        0.3022642        0.0000000
      0.4581565        0.0000000        0.0000000
      0.5236075        0.0000000        0.0000000
      0.5890584        0.0000000        0.0000000
      0.6545093        0.1816270        0.0000000
      0.7199603        0.1651393        0.0000000
      0.7854112        0.1513943        0.0000000
      0.8508621        0.1397606        0.0000000
      0.9163131        0.1297865        0.0000000
      0.9817640        0.0000000        0.0000000
      1.0472149        0.0000000        0.0000000
      1.1126659        0.0000000        0.0000000
      1.1781168        0.0490625        0.0000000
      1.2435677        0.1604210        0.1316760
      1.3090187        0.3996756        0.4238625
      1.3744696        0.7831946        0.8213135
      1.4399206        1.2952925        1.3101088
      1.5053715        1.8861011        1.8490447
      1.5708224        2.4774673        2.3716990
      1.6362734        2.9752262        2.7982537
      1.7017243        3.2870734        3.0546463
      1.7671752        3.3451832        3.0928779
      1.8326262        3.1292239        2.9050534
      1.8980771        2.6803063        2.5258398
      1.9635280        2.0952285        2.0226272
      2.0289790        1.4975265        1.4775399
      2.0944299        0.9951864        0.9682367
      2.1598808        0.6455772        0.5539479
      2.2253318        0.4468561        0.2699826
      2.2907827        0.3601531        0.1298570
      2.3562336        0.3473033        0.1313560
      2.4216846        0.3987717        0.2623924
      2.4871355        0.5338509        0.5042328
      2.5525864        0.7754425        0.8321558
      2.6180374        1.1199518        1.2153921
      2.6834883        1.5254302        1.6184072
      2.7489392        1.9264515        2.0044334
      2.8143902        2.2639966        2.3405596
      2.8798411        2.5085515        2.6026470
      2.9452920        2.6618376        2.7783616
      3.0107430        2.7402479        2.8675033
      3.0761939        2.7564060        2.8799456
      3.1416448        2.7139630        2.8322592
      3.2070958        2.6171757        2.7441969
      3.2725467        2.4833328        2.6358189
      3.3379976        2.3442214        2.5254918
      3.4034486        2.2334264        2.4286263
      3.4688995        2.1694393        2.3569375
      3.5343504        2.1486277        2.3181306
      3.5998014        2.1538283        2.3160325
      3.6652523        2.1712840        2.3511994
      3.7307032        2.2022454        2.4218968
      3.7961542        2.2608952        2.5251770
      3.8616051        2.3620349        2.6576797
      3.9270560        2.5096723        2.8158390
      3.9925070        2.6950806        2.9954021
      4.0579579        2.9033802        3.1904842
      4.1234088        3.1204817        3.3926614
      4.1888598        3.3337233        3.5907160
      4.2543107        3.5275479        3.7714916
      4.3197617        3.6817198        3.9219209
      4.3852126        3.7775204        4.0317843
      4.4506635        3.8089095        4.0963630
      4.5161145        3.7891016        4.1180547
      4.5815654        3.7452888        4.1063047
      4.6470163        3.7040009        4.0757598
      4.7124673        3.6781361        4.0431579
      4.7779182        3.6658647        4.0238620
      4.8433691        3.6615298        4.0289911
      4.9088201        3.6680752        4.0638072
      4.9742710        3.6990595        4.1275499
      5.0397219        3.7676879        4.2144770
      5.1051729        3.8723770        4.3156183
      5.1706238        3.9922803        4.4207245
      5.2360747        4.0980549        4.5200193
      5.3015257        4.1698718        4.6055433
      5.3669766        4.2080075        4.6720168
      5.4324275        4.2274719        4.7172256
      5.4978785        4.2418805        4.7419643
      5.5633294        4.2510930        4.7495865
      5.6287803        4.2436302        4.7452451
      5.6942313        4.2114871        4.7349460
      5.7596822        4.1634736        4.7245755
      5.8251331        4.1240044        4.7190665
      5.8905841        4.1169249        4.7218376
      5.9560350        4.1475245        4.7345727
      6.0214859        4.1983065        4.7573326
      6.0869369        4.2428652        4.7889204
      6.1523878        4.2668294        4.8273866
      6.2178387        4.2785551        4.8705524
      6.2832897        4.3006758        4.9164535
      6.3487406        4.3497124        4.9636379
      6.4141915        4.4210135        5.0112909
      6.4796425        4.4917669        5.0591902
      6.5450934        4.5395600        5.1075293
      6.6105443        4.5609128        5.1566741
      6.6759953        4.5743180        5.2069343
      6.7414462        4.6053358        5.2584231
      6.8068971        4.6661226        5.3110428
      6.8723481        4.7460937        5.3645835
      6.9377990        4.8209322        5.4188737
      7.0032500        4.8721130        5.4739079
      7.0687009        4.9009919        5.5298932
      7.1341518        4.9266340        5.5872011
      7.1996028        4.9700988        5.6462477
      7.2650537        5.0384913        5.7073475
      7.3305046        5.1213721        5.7705812
      7.3959556        5.2013985        5.8357052
      7.4614065        5.2695599        5.9021196
      7.5268574        5.3323129        5.9689092
      7.5923084        5.4051645        6.0349632
      7.6577593        5.4984338        6.0991596
      7.7232102        5.6070447        6.1605761
      7.7886612        5.7128409        6.2186654
      7.8541121        5.7980905        6.2733426
      7.9195630        5.8601319        6.3249606
      7.9850140        5.9157420        6.3741990
      8.0504649        5.9905408        6.4219127
      8.1159158        6.0989631        6.4689945
      8.1813668        6.2274581        6.5162703
      8.2468177        6.3331114        6.5644273
      8.3122686        6.3617088        6.6139564
      8.3777196        6.2775682        6.6651086

 Total S(Q)'s: Comparison with input data

   495  2 are NQ and NPAR

       Q      S(Q)_RMC  S(Q)_Expt
      0.0000000      0.0000000      0.0000000
      0.4682470      1.1650774     -0.6764598
      0.4982822      0.5267398     -0.6378529
      0.5283174     -0.0058083     -0.6102010
      0.5583526     -0.4311647     -0.5930975
      0.5883878     -0.7515623     -0.5857134
      0.6184230     -0.9725311     -0.5868450
      0.6484582     -1.1024467     -0.5949759
      0.6784934     -1.1519867     -0.6083498
      0.7085286     -1.1335264     -0.6250510
      0.7385638     -1.0604994     -0.6430890
      0.7685990     -0.9467559     -0.6604826
      0.7986342     -0.8059463     -0.6753420
      0.8286694     -0.6509561     -0.6859427
      0.8587046     -0.4934159     -0.6907911
      0.8887398     -0.3433038     -0.6886772
      0.9187750     -0.2086553     -0.6787143
      0.9488102     -0.0953850     -0.6603634
      0.9788454     -0.0072255     -0.6334425
      1.0088806      0.0542240     -0.5981210
      1.0389158      0.0893452     -0.5549003
      1.0689510      0.1002611     -0.5045812
      1.0989862      0.0905252     -0.4482218
      1.1290214      0.0647592     -0.3870863
      1.1590566      0.0282628     -0.3225891
      1.1890918     -0.0133844     -0.2562351
      1.2191270     -0.0547065     -0.1895608
      1.2491622     -0.0906803     -0.1240766
      1.2791974     -0.1170344     -0.0612147
      1.3092326     -0.1304841     -0.0022829
      1.3392678     -0.1288929      0.0515738
      1.3693030     -0.1113564      0.0994019
      1.3993382     -0.0782071      0.1404598
      1.4293734     -0.0309448      0.1742272
      1.4594086      0.0278997      0.2004066
      1.4894438      0.0949580      0.2189157
      1.5194790      0.1662583      0.2298724
      1.5495142      0.2374886      0.2335745
      1.5795494      0.3042695      0.2304745
      1.6095846      0.3624224      0.2211510
      1.6396198      0.4082172      0.2062799
      1.6696551      0.4385870      0.1866049
      1.6996903      0.4512972      0.1629091
      1.7297255      0.4450625      0.1359898
      1.7597607      0.4196065      0.1066357
      1.7897959      0.3756616      0.0756086
      1.8198311      0.3149126      0.0436277
      1.8498663      0.2398877      0.0113595
      1.8799015      0.1538064     -0.0205899
      1.9099367      0.0603916     -0.0516791
      1.9399719     -0.0363392     -0.0814324
      1.9700071     -0.1322942     -0.1094396
      2.0000423     -0.2235248     -0.1353539
      2.0300775     -0.3064282     -0.1588895
      2.0601127     -0.3779259     -0.1798184
      2.0901479     -0.4356068     -0.1979687
      2.1201831     -0.4778306     -0.2132218
      2.1502183     -0.5037850     -0.2255118
      2.1802535     -0.5134959     -0.2348250
      2.2102887     -0.5077931     -0.2411998
      2.2403239     -0.4882323     -0.2447269
      2.2703591     -0.4569812     -0.2455500
      2.3003943     -0.4166776     -0.2438648
      2.3304295     -0.3702666     -0.2399181
      2.3604647     -0.3208283     -0.2340053
      2.3904999     -0.2714056     -0.2264652
      2.4205351     -0.2248416     -0.2176747
      2.4505703     -0.1836346     -0.2080396
      2.4806055     -0.1498195     -0.1979848
      2.5106407     -0.1248801     -0.1879424
      2.5406759     -0.1096963     -0.1783380
      2.5707111     -0.1045276     -0.1695769
      2.6007463     -0.1090326     -0.1620300
      2.6307815     -0.1223218     -0.1560195
      2.6608167     -0.1430386     -0.1518066
      2.6908519     -0.1694639     -0.1495809
      2.7208871     -0.1996361     -0.1494522
      2.7509223     -0.2314795     -0.1514453
      2.7809575     -0.2629332     -0.1554985
      2.8109927     -0.2920731     -0.1614661
      2.8410279     -0.3172196     -0.1691237
      2.8710631     -0.3370259     -0.1781778
      2.9010983     -0.3505426     -0.1882785
      2.9311335     -0.3572550     -0.1990343
      2.9611687     -0.3570924     -0.2100293
      2.9912039     -0.3504107     -0.2208413
      3.0212391     -0.3379494     -0.2310600
      3.0512743     -0.3207666     -0.2403046
      3.0813095     -0.3001579     -0.2482394
      3.1113447     -0.2775633     -0.2545874
      3.1413799     -0.2544695     -0.2591404
      3.1714151     -0.2323125     -0.2617657
      3.2014503     -0.2123871     -0.2624086
      3.2314855     -0.1957684     -0.2610910
      3.2615207     -0.1832503     -0.2579056
      3.2915559     -0.1753021     -0.2530072
      3.3215911     -0.1720482     -0.2466004
      3.3516263     -0.1732692     -0.2389250
      3.3816615     -0.1784241     -0.2302395
      3.4116967     -0.1866921     -0.2208051
      3.4417319     -0.1970307     -0.2108686
      3.4717671     -0.2082455     -0.2006474
      3.5018023     -0.2190678     -0.1903167
      3.5318375     -0.2282345     -0.1799986
      3.5618727     -0.2345659     -0.1697558
      3.5919079     -0.2370360     -0.1595880
      3.6219431     -0.2348321     -0.1494326
      3.6519783     -0.2273994     -0.1391698
      3.6820135     -0.2144699     -0.1286298
      3.7120487     -0.1960719     -0.1176046
      3.7420839     -0.1725223     -0.1058607
      3.7721191     -0.1444021     -0.0931549
      3.8021543     -0.1125155     -0.0792495
      3.8321895     -0.0778386     -0.0639280
      3.8622247     -0.0414576     -0.0470095
      3.8922599     -0.0045036     -0.0283613
      3.9222951      0.0319138     -0.0079091
      3.9523303      0.0667691      0.0143565
      3.9823655      0.0991769      0.0383764
      4.0124007      0.1284367      0.0640228
      4.0424359      0.1540656      0.0911037
      4.0724711      0.1758157      0.1193690
      4.1025063      0.1936771      0.1485208
      4.1325415      0.2078657      0.1782254
      4.1625767      0.2187973      0.2081264
      4.1926119      0.2270495      0.2378592
      4.2226471      0.2333156      0.2670646
      4.2526823      0.2383514      0.2954020
      4.2827175      0.2429199      0.3225610
      4.3127527      0.2477377      0.3482698
      4.3427879      0.2534243      0.3723024
      4.3728231      0.2604602      0.3944812
      4.4028583      0.2691539      0.4146776
      4.4328935      0.2796212      0.4328096
      4.4629287      0.2917769      0.4488358
      4.4929639      0.3053393      0.4627483
      4.5229991      0.3198484      0.4745634
      4.5530343      0.3346933      0.4843116
      4.5830695      0.3491511      0.4920274
      4.6131047      0.3624305      0.4977396
      4.6431399      0.3737209      0.5014632
      4.6731751      0.3822417      0.5031929
      4.7032103      0.3872896      0.5028993
      4.7332455      0.3882812      0.5005274
      4.7632807      0.3847880      0.4959988
      4.7933159      0.3765624      0.4892160
      4.8233511      0.3635524      0.4800695
      4.8533863      0.3459061      0.4684473
      4.8834215      0.3239632      0.4542461
      4.9134567      0.2982371      0.4373831
      4.9434919      0.2693876      0.4178081
      4.9735271      0.2381847      0.3955152
      5.0035623      0.2054692      0.3705531
      5.0335975      0.1721083      0.3430325
      5.0636327      0.1389529      0.3131323
      5.0936679      0.1067962      0.2811009
      5.1237031      0.0763371      0.2472551
      5.1537383      0.0481503      0.2119752
      5.1837735      0.0226651      0.1756966
      5.2138087      0.0001526      0.1388976
      5.2438439     -0.0192771      0.1020858
      5.2738791     -0.0356684      0.0657815
      5.3039143     -0.0492051      0.0305000
      5.3339495     -0.0601875     -0.0032659
      5.3639847     -0.0690048     -0.0350639
      5.3940199     -0.0761026     -0.0644975
      5.4240551     -0.0819496     -0.0912402
      5.4540903     -0.0870045     -0.1150464
      5.4841255     -0.0916851     -0.1357586
      5.5141607     -0.0963428     -0.1533111
      5.5441959     -0.1012420     -0.1677298
      5.5742311     -0.1065473     -0.1791275
      5.6042663     -0.1123170     -0.1876963
      5.6343015     -0.1185060     -0.1936960
      5.6643367     -0.1249744     -0.1974406
      5.6943719     -0.1315031     -0.1992818
      5.7244071     -0.1378146     -0.1995930
      5.7544423     -0.1435974     -0.1987513
      5.7844775     -0.1485318     -0.1971216
      5.8145127     -0.1523166     -0.1950414
      5.8445479     -0.1546930     -0.1928081
      5.8745831     -0.1554666     -0.1906684
      5.9046183     -0.1545231     -0.1888121
      5.9346535     -0.1518392     -0.1873676
      5.9646887     -0.1474876     -0.1864025
      5.9947239     -0.1416340     -0.1859264
      6.0247591     -0.1345291     -0.1858963
      6.0547943     -0.1264942     -0.1862261
      6.0848295     -0.1179019     -0.1867957
      6.1148647     -0.1091544     -0.1874627
      6.1448999     -0.1006581     -0.1880746
      6.1749351     -0.0927998     -0.1884792
      6.2049703     -0.0859224     -0.1885356
      6.2350055     -0.0803045     -0.1881228
      6.2650407     -0.0761434     -0.1871460
      6.2950759     -0.0735436     -0.1855414
      6.3251111     -0.0725107     -0.1832776
      6.3551463     -0.0729515     -0.1803545
      6.3851815     -0.0746805     -0.1768006
      6.4152167     -0.0774315     -0.1726675
      6.4452519     -0.0808739     -0.1680231
      6.4752871     -0.0846337     -0.1629437
      6.5053223     -0.0883160     -0.1575061
      6.5353575     -0.0915287     -0.1517789
      6.5653927     -0.0939062     -0.1458158
      6.5954279     -0.0951305     -0.1396498
      6.6254631     -0.0949498     -0.1332883
      6.6554983     -0.0931928     -0.1267120
      6.6855335     -0.0897773     -0.1198749
      6.7155687     -0.0847141     -0.1127068
      6.7456039     -0.0781049     -0.1051181
      6.7756391     -0.0701349     -0.0970066
      6.8056743     -0.0610603     -0.0882658
      6.8357095     -0.0511926     -0.0787937
      6.8657447     -0.0408786     -0.0685022
      6.8957799     -0.0304804     -0.0573267
      6.9258151     -0.0203535     -0.0452341
      6.9558503     -0.0108269     -0.0322297
      6.9858855     -0.0021847     -0.0183620
      7.0159207      0.0053486     -0.0037253
      7.0459559      0.0116189      0.0115405
      7.0759911      0.0165489      0.0272524
      7.1060263      0.0201393      0.0431899
      7.1360615      0.0224653      0.0591025
      7.1660967      0.0236683      0.0747196
      7.1961319      0.0239440      0.0897615
      7.2261671      0.0235278      0.1039519
      7.2562023      0.0226773      0.1170298
      7.2862375      0.0216547      0.1287617
      7.3162727      0.0207091      0.1389520
      7.3463079      0.0200605      0.1474529
      7.3763431      0.0198862      0.1541702
      7.4063783      0.0203099      0.1590685
      7.4364135      0.0213954      0.1621722
      7.4664487      0.0231441      0.1635638
      7.4964839      0.0254967      0.1633799
      7.5265191      0.0283392      0.1618039
      7.5565543      0.0315123      0.1590572
      7.5865896      0.0348236      0.1553877
      7.6166248      0.0380623      0.1510583
      7.6466600      0.0410140      0.1463342
      7.6766952      0.0434767      0.1414708
      7.7067304      0.0452748      0.1367021
      7.7367656      0.0462719      0.1322310
      7.7668008      0.0463801      0.1282218
      7.7968360      0.0455666      0.1247941
      7.8268712      0.0438563      0.1220204
      7.8569064      0.0413307      0.1199256
      7.8869416      0.0381227      0.1184901
      7.9169768      0.0344083      0.1176539
      7.9470120      0.0303958      0.1173241
      7.9770472      0.0263120      0.1173829
      8.0070824      0.0223882      0.1176976
      8.0371176      0.0188455      0.1181302
      8.0671528      0.0158810      0.1185469
      8.0971880      0.0136549      0.1188272
      8.1272232      0.0122812      0.1188715
      8.1572584      0.0118205      0.1186064
      8.1872936      0.0122764      0.1179888
      8.2173288      0.0135954      0.1170071
      8.2473640      0.0156712      0.1156801
      8.2773992      0.0183508      0.1140545
      8.3074344      0.0214452      0.1121992
      8.3374696      0.0247408      0.1101991
      8.3675048      0.0280133      0.1081474
      8.3975400      0.0310412      0.1061375
      8.4275752      0.0336203      0.1042547
      8.4576104      0.0355751      0.1025682
      8.4876456      0.0367704      0.1011254
      8.5176808      0.0371182      0.0999461
      8.5477160      0.0365833      0.0990196
      8.5777512      0.0351842      0.0983038
      8.6077864      0.0329914      0.0977262
      8.6378216      0.0301221      0.0971871
      8.6678568      0.0267320      0.0965646
      8.6978920      0.0230052      0.0957220
      8.7279272      0.0191416      0.0945151
      8.7579624      0.0153447      0.0928013
      8.7879976      0.0118078      0.0904481
      8.8180328      0.0087026      0.0873420
      8.8480680      0.0061681      0.0833955
      8.8781032      0.0043025      0.0785537
      8.9081384      0.0031570      0.0727979
      8.9381736      0.0027341      0.0661486
      8.9682088      0.0029871      0.0586647
      8.9982440      0.0038246      0.0504418
      9.0282792      0.0051166      0.0416076
      9.0583144      0.0067033      0.0323156
      9.0883496      0.0084062      0.0227374
      9.1183848      0.0100395      0.0130542
      9.1484200      0.0114226      0.0034469
      9.1784552      0.0123916     -0.0059121
      9.2084904      0.0128097     -0.0148683
      9.2385256      0.0125764     -0.0232921
      9.2685608      0.0116333     -0.0310848
      9.2985960      0.0099679     -0.0381822
      9.3286312      0.0076144     -0.0445568
      9.3586664      0.0046509     -0.0502171
      9.3887016      0.0011949     -0.0552049
      9.4187368     -0.0026045     -0.0595905
      9.4487720     -0.0065763     -0.0634669
      9.4788072     -0.0105380     -0.0669415
      9.5088424     -0.0143070     -0.0701280
      9.5388776     -0.0177122     -0.0731379
      9.5689128     -0.0206040     -0.0760718
      9.5989480     -0.0228636     -0.0790123
      9.6289832     -0.0244098     -0.0820177
      9.6590184     -0.0252033     -0.0851175
      9.6890536     -0.0252489     -0.0883103
      9.7190888     -0.0245942     -0.0915634
      9.7491240     -0.0233263     -0.0948148
      9.7791592     -0.0215651     -0.0979774
      9.8091944     -0.0194557     -0.1009448
      9.8392296     -0.0171587     -0.1035984
      9.8692648     -0.0148399     -0.1058160
      9.8993000     -0.0126595     -0.1074804
      9.9293352     -0.0107620     -0.1084876
      9.9593704     -0.0092676     -0.1087552
      9.9894056     -0.0082646     -0.1082285
     10.0194408     -0.0078044     -0.1068859
     10.0494760     -0.0078989     -0.1047414
     10.0795112     -0.0085202     -0.1018457
     10.1095464     -0.0096032     -0.0982840
     10.1395816     -0.0110504     -0.0941728
     10.1696168     -0.0127385     -0.0896533
     10.1996520     -0.0145273     -0.0848842
     10.2296872     -0.0162685     -0.0800325
     10.2597224     -0.0178161     -0.0752640
     10.2897576     -0.0190357     -0.0707332
     10.3197928     -0.0198133     -0.0665746
     10.3498280     -0.0200626     -0.0628939
     10.3798632     -0.0197307     -0.0597616
     10.4098984     -0.0188012     -0.0572082
     10.4399336     -0.0172955     -0.0552221
     10.4699688     -0.0152707     -0.0537495
     10.5000040     -0.0128165     -0.0526974
     10.5300392     -0.0100492     -0.0519383
     10.5600744     -0.0071040     -0.0513180
     10.5901096     -0.0041268     -0.0506639
     10.6201448     -0.0012646     -0.0497954
     10.6501800      0.0013433     -0.0485349
     10.6802152      0.0035741     -0.0467176
     10.7102504      0.0053290     -0.0442023
     10.7402856      0.0065391     -0.0408796
     10.7703208      0.0071693     -0.0366788
     10.8003560      0.0072200     -0.0315724
     10.8303912      0.0067270     -0.0255783
     10.8604264      0.0057583     -0.0187593
     10.8904616      0.0044095     -0.0112193
     10.9204968      0.0027978     -0.0030984
     10.9505320      0.0010537      0.0054357
     10.9805672     -0.0006869      0.0141966
     11.0106024     -0.0022919      0.0229899
     11.0406376     -0.0036405      0.0316239
     11.0706728     -0.0046318      0.0399207
     11.1007080     -0.0051897      0.0477258
     11.1307432     -0.0052684      0.0549159
     11.1607784     -0.0048542      0.0614060
     11.1908136     -0.0039661      0.0671525
     11.2208488     -0.0026539      0.0721546
     11.2508840     -0.0009950      0.0764531
     11.2809192      0.0009117      0.0801255
     11.3109544      0.0029518      0.0832801
     11.3409896      0.0050036      0.0860470
     11.3710248      0.0069455      0.0885684
     11.4010600      0.0086642      0.0909876
     11.4310952      0.0100620      0.0934381
     11.4611304      0.0110625      0.0960335
     11.4911656      0.0116154      0.0988584
     11.5212008      0.0116995      0.1019606
     11.5512360      0.0113236      0.1053471
     11.5812712      0.0105253      0.1089811
     11.6113064      0.0093683      0.1127831
     11.6413416      0.0079378      0.1166343
     11.6713768      0.0063346      0.1203828
     11.7014120      0.0046683      0.1238520
     11.7314472      0.0030500      0.1268513
     11.7614824      0.0015849      0.1291875
     11.7915176      0.0003654      0.1306768
     11.8215528     -0.0005346      0.1311571
     11.8515880     -0.0010647      0.1304983
     11.8816232     -0.0012005      0.1286124
     11.9116584     -0.0009458      0.1254593
     11.9416936     -0.0003311      0.1210522
     11.9717288      0.0005882      0.1154577
     12.0017640      0.0017359      0.1087944
     12.0317992      0.0030201      0.1012272
     12.0618344      0.0043400      0.0929599
     12.0918696      0.0055919      0.0842241
     12.1219048      0.0066769      0.0752672
     12.1519400      0.0075073      0.0663392
     12.1819752      0.0080121      0.0576788
     12.2120104      0.0081421      0.0495002
     12.2420456      0.0078727      0.0419814
     12.2720808      0.0072058      0.0352545
     12.3021160      0.0061694      0.0293984
     12.3321512      0.0048156      0.0244351
     12.3621864      0.0032172      0.0203288
     12.3922216      0.0014630      0.0169892
     12.4222568     -0.0003484      0.0142778
     12.4522920     -0.0021150      0.0120170
     12.4823272     -0.0037380      0.0100019
     12.5123624     -0.0051283      0.0080142
     12.5423976     -0.0062125      0.0058361
     12.5724328     -0.0069374      0.0032655
     12.6024680     -0.0072732      0.0001293
     12.6325032     -0.0072158     -0.0037045
     12.6625384     -0.0067866     -0.0083167
     12.6925736     -0.0060309     -0.0137313
     12.7226088     -0.0050150     -0.0199117
     12.7526440     -0.0038214     -0.0267619
     12.7826792     -0.0025433     -0.0341312
     12.8127144     -0.0012786     -0.0418222
     12.8427496     -0.0001227     -0.0496021
     12.8727848      0.0008370     -0.0572166
     12.9028200      0.0015279     -0.0644049
     12.9328552      0.0018961     -0.0709164
     12.9628904      0.0019109     -0.0765262
     12.9929256      0.0015662     -0.0810496
     13.0229608      0.0008813     -0.0843547
     13.0529960     -0.0001006     -0.0863718
     13.0830312     -0.0013149     -0.0870990
     13.1130664     -0.0026802     -0.0866036
     13.1431016     -0.0041032     -0.0850199
     13.1731368     -0.0054855     -0.0825420
     13.2031720     -0.0067295     -0.0794132
     13.2332072     -0.0077450     -0.0759114
     13.2632424     -0.0084555     -0.0723334
     13.2932776     -0.0088030     -0.0689758
     13.3233128     -0.0087519     -0.0661169
     13.3533480     -0.0082915     -0.0639986
     13.3833832     -0.0074370     -0.0628102
     13.4134184     -0.0062286     -0.0626751
     13.4434536     -0.0047286     -0.0636413
     13.4734888     -0.0030184     -0.0656761
     13.5035240     -0.0011924     -0.0686658
     13.5335593      0.0006474     -0.0724207
     13.5635945      0.0023979     -0.0766846
     13.5936297      0.0039617     -0.0811487
     13.6236649      0.0052531     -0.0854698
     13.6537001      0.0062033     -0.0892905
     13.6837353      0.0067654     -0.0922614
     13.7137705      0.0069163     -0.0940639
     13.7438057      0.0066589     -0.0944308
     13.7738409      0.0060213     -0.0931660
     13.8038761      0.0050551     -0.0901593
     13.8339113      0.0038317     -0.0853975
     13.8639465      0.0024377     -0.0789691
     13.8939817      0.0009691     -0.0710640
     13.9240169     -0.0004746     -0.0619664
     13.9540521     -0.0017975     -0.0520417
     13.9840873     -0.0029128     -0.0417186
     14.0141225     -0.0037489     -0.0314663
     14.0441577     -0.0042535     -0.0217681
     14.0741929     -0.0043972     -0.0130932
     14.1042281     -0.0041747     -0.0058690
     14.1342633     -0.0036053     -0.0004533
     14.1642985     -0.0027309      0.0028897
     14.1943337     -0.0016133      0.0040091
     14.2243689     -0.0003296      0.0028813
     14.2544041      0.0010333     -0.0003831
     14.2844393      0.0023848     -0.0055391
     14.3144745      0.0036364     -0.0122163
     14.3445097      0.0047084     -0.0199340
     14.3745449      0.0055350     -0.0281250
     14.4045801      0.0060688     -0.0361643
     14.4346153      0.0062843     -0.0434035
     14.4646505      0.0061789     -0.0492078
     14.4946857      0.0057735     -0.0529947
     14.5247209      0.0051107     -0.0542716
     14.5547561      0.0042511     -0.0526710
     14.5847913      0.0032693     -0.0479804
     14.6148265      0.0022478     -0.0401664
     14.6448617      0.0012710     -0.0293899
     14.6748969      0.0004183     -0.0160125
     14.7049321     -0.0002423     -0.0005936
     14.7349673     -0.0006595      0.0161240
     14.7650025     -0.0008039      0.0332367
     14.7950377     -0.0006711      0.0497127
     14.8250729     -0.0002829      0.0644321
     14.8551081      0.0003122      0.0762327
     14.8851433      0.0010417      0.0839598
     14.9151785      0.0018129      0.0865179
     14.9452137      0.0025181      0.0829215
     14.9752489      0.0030415      0.0723424
     15.0052841      0.0032669      0.0541523
     15.0353193      0.0030855      0.0279567
     15.0653545      0.0024039     -0.0063796
     15.0953897      0.0011512     -0.0487181
     15.1254249     -0.0007147     -0.0986440
     15.1554601     -0.0032027     -0.1554746
     15.1854953     -0.0062855     -0.2182801
     15.2155305     -0.0098993     -0.2859151
     15.2455657     -0.0139452     -0.3570585
     15.2756009     -0.0182928     -0.4302626
