Time       moves_acc moves_gen
h/m/s/.th    WEIGHT PARAMETERS 
011351.666     1766627     2057745
011403.672     3299196     3855392
011415.667     4845690     5673620
011427.668     6356532     7448904
011439.666     7857777     9216884
011451.666     9365557    10992198
011503.672    10876641    12764313
011515.672    12396914    14551563
011527.672    13918339    16338824
011539.672    15437481    18126564
011551.672    16954351    19912101
011603.666    18472910    21698940
011615.672    19989278    23481282
011627.668    21513181    25271357
011639.666    23029190    27053649
011651.668    24547507    28838846
011703.672    26066530    30625006
011715.666    27581115    32405000
011727.672    29100191    34188854
011739.672    30623232    35979315
011751.668    32144343    37768379
011803.668    33804658    39720400
011815.666    35506029    41720145
011827.666    37210571    43726436
011839.668    38921031    45739096
011851.672    40633921    47754896
011903.672    42347672    49771837
011915.672    44048748    51770125
011927.668    45746501    53763748
011939.668    47484101    55804990
011951.672    49216524    57844080
012003.672    50943183    59875762
012015.668    52669948    61906952
012027.672    54400967    63943409
012039.668    56134470    65982679
012051.666    57872985    68026032
012103.672    59613234    70073199
012115.666    61341581    72103988
012127.672    63071815    74137703
012139.668    64806090    76177418
012151.666    66494198    78162220
012203.666    68056694    79999688
012215.668    69613372    81830000
012227.672    71134754    83618501
012239.672    72660078    85411692
012251.666    74186802    87206021
012303.668    75711123    88998767
012315.666    77233005    90788002
012327.672    78750291    92573662
012339.668    80279776    94371025
012351.672    81809481    96170300
012403.672    83335444    97964221
012415.672    84860426    99758629
012427.666    86380749   101548016
012439.668    87904538   103338398
012451.672    89428918   105131736
012503.672    90948646   106919608
012515.672    92477637   108714702
012527.668    93997993   110504635
012539.668    95525562   112300503
012551.672    97048030   114091907
012603.668    98568096   115878444
012615.672   100089744   117668095
012627.672   101604933   119452275
012639.668   103129616   121245726
012651.672   104650729   123035424
012703.672   106169260   124823860
012715.666   107694318   126615984
012727.672   109210736   128400622
012739.668   110738329   130198177
012751.668   112258982   131987756
012803.672   113785525   133781523
012815.672   115309747   135572217
012827.668   116828077   137357151
012839.672   118355726   139152135
012851.668   119876919   140943684
012903.668   121398531   142730544
012915.672   122923316   144522955
012927.672   124440918   146307042
012939.668   125969375   148102834
012951.668   127490970   149893588
013003.672   129017801   151685874
013015.672   130540869   153477214
013027.666   132061181   155263732
013039.668   133588298   157059397
013051.672   135110594   158850882
013103.672   136638197   160645300
013115.672   138160083   162434985
013127.668   139681261   164221762
013139.668   141198621   166008442
013151.668   142718870   167795923
013203.672   144239172   169583185
013215.666   145755002   171367244
013227.666   147273912   173151616
013239.668   148797228   174942193
013251.672   150321027   176732564
013303.668   151846747   178528007
013315.668   153374940   180325758
013327.672   154893956   182111554
013339.668   156416451   183902385
013351.668   157934040   185686923
013403.666   159460085   187480515
013415.666   160979390   189268000
013427.666   162505487   191059534
013439.668   164026163   192848988
013451.672   165547054   194634725
013503.672   167071998   196428211
013515.672   168594894   198219258
013527.672   170121483   200012035
013539.668   171642721   201802300
013551.672   173170677   203597196
013603.672   174694093   205388720
013615.672   176222827   207183571
013627.672   177738746   208966629
013639.668   179257921   210755107
013651.672   180781770   212545366
013703.668   182305058   214336124
013715.672   183826981   216123052
013727.672   185337612   217901985
013739.668   186859905   219694015
013751.668   188383898   221486983
013803.666   189909391   223282319
013815.668   191433693   225076003
013827.672   192954193   226863620
013839.666   194480036   228656031
013851.668   196006577   230448313
013903.672   197528315   232238600
013915.672   199052213   234033700
013927.668   200572414   235822457
013939.668   202099284   237617975
013951.672   203622684   239410973
014003.668   205143026   241198700
014015.672   206665269   242987379
014027.672   208186403   244776838
014039.668   209708884   246564923
014051.672   211228757   248355400
014103.672   212753696   250147427
014115.668   214278511   251938144
014127.672   215799324   253728262
014139.668   217319927   255515603
014151.672   218844260   257308318
014203.666   220367640   259101017
014215.666   221886970   260889400
014227.666   223404421   262674958
014239.668   224925246   264461579
014251.666   226450673   266256579
014303.666   227970556   268040748
014315.672   229496107   269832565
014327.672   231016358   271620751
014339.666   232536483   273408183
014351.672   234058590   275200341
014403.668   235585192   276995332
014415.668   237110062   278786169
014427.672   238634294   280575827
014439.668   240156487   282366555
014451.666   241674417   284153390
014503.672   243200551   285947998
014515.668   244724165   287738519
014527.672   246250085   289529129
014539.668   247769262   291315826
014551.668   249294210   293105300
014603.672   250815006   294893300
014615.672   252342186   296688707
014627.666   253866261   298481627
014639.666   255382118   300266255
014651.672   256898795   302050002
014703.668   258422787   303842505
014715.668   259945763   305633741
014727.668   261472353   307427800
014739.668   262990726   309215207
014751.668   264502919   310992022
014803.672   266022886   312780205
014815.668   267548274   314574356
014827.672   269074078   316368513
014839.668   270594240   318158283
014851.668   272120342   319950722
014903.672   273644735   321743066
014915.668   275163789   323528518
014927.668   276685770   325316640
014939.668   278208078   327106684
014951.668   279728235   328892819
015003.672   281257270   330689851
015015.666   282780529   332477535
015027.668   284304546   334269837
015039.668   285829847   336061740
015051.672   287350207   337846955
015103.666   288871595   339637043
015115.668   290394666   341425244
015127.666   291921396   343218540
015139.668   293442416   345009403
015151.672   294965330   346798383
015203.668   296489918   348590791
015215.666   298013473   350380300
015227.666   299533619   352166948
015239.668   301055509   353955311
015251.666   302578500   355745486
015303.666   304099431   357535773
015315.668   305622516   359327174
015327.668   307151067   361125430
015339.672   308676945   362918813
015351.672   310196994   364707717
015403.672   311716908   366493364
015415.668   313242442   368285566
015427.668   314759848   370072919
015439.672   316284900   371865844
015451.672   317806847   373655602
015503.666   319328291   375442682
015515.668   320853964   377234913
015527.668   322378215   379027356
015539.672   323905142   380820013
015551.672   325430921   382612729
015603.672   326951510   384400305
015615.668   328474436   386191836
015627.668   329995577   387982037
015639.672   331516868   389769432
015651.672   333040052   391560758
015703.672   334562106   393348142
015715.678   336082060   395136205
015727.668   337599110   396920200
015739.668   339119685   398707988
015751.668   340645575   400500832
015803.668   342167040   402288155
015815.668   343688305   404076295
015827.668   345210315   405864448
015839.672   346732659   407654864
015851.672   348253666   409444012
015903.668   349775121   411229817
015915.668   351295545   413018700
015927.672   352820504   414809875
015939.668   354341163   416596994
015951.672   355847856   418370832
020003.668   357370570   420159994
020015.668   358889317   421947295
020027.668   360412333   423737159
020039.668   361931658   425526696
020051.672   363448753   427310835
020103.666   364967797   429093861
020115.668   366486829   430882158
020127.668   368008869   432670060
020139.668   369527297   434457767
020151.672   371047080   436245481
020203.668   372559513   438025889
020215.668   374282832   440052894
020227.668   376010118   442083637
020239.668   377747564   444125734
020251.666   379474141   446155420
020303.666   381191465   448175889
020315.668   382918323   450207366
020327.666   384640776   452232547
020339.672   386362843   454258726
020351.672   388093654   456292317
020403.672   389629698   458101878
020415.668   391181654   459927592
020427.668   392723373   461741610
020439.672   394265830   463555215
020451.668   395808897   465369518
020503.668   397326703   467155734
020515.668   398848494   468946196
020527.672   400335861   470696246
020539.666   401821734   472441747
020551.672   403302425   474181558
020603.668   404789379   475928573
020615.668   406289254   477689493
020627.668   407770948   479432556
020639.666   409247012   481172716
020651.672   410724054   482908547
020703.672   412199380   484640846
020715.668   413683307   486388680
020727.672   415176692   488143507
020739.672   416656195   489884051
020751.668   418130797   491618232
020803.666   419609711   493359044
020815.668   421087037   495096317
020827.666   422567776   496837886
020839.672   424064553   498596614
020851.668   425545807   500336226
020903.668   427032571   502085858
020915.668   428508854   503822100
020927.672   430006504   505581929
020939.666   431482523   507318028
020951.672   432959916   509053634
021003.668   434436286   510789242
021015.666   435919225   512532712
021027.672   437400908   514273308
021039.672   438881473   516012365
021051.672   440376047   517768557
021103.668   441892521   519553914
021115.668   443412520   521341172
021127.672   444933081   523130307
021139.672   446450203   524915399
021151.668   447973231   526705401
021203.666   449489012   528487610
021215.668   451010247   530276016
021227.666   452533414   532068263
021239.672   454055078   533856580
021251.672   455575233   535643125
021303.668   457094293   537428500
021315.668   458615037   539215878
021327.672   460134576   541003465
021339.672   461658587   542794255
021351.668   463181185   544583547
021403.668   464700041   546368201
021415.666   466221385   548155485
021427.666   467742339   549943782
021439.668   469261653   551728341
021451.668   470783092   553516743
021503.668   472300002   555298784
021515.668   473823575   557088400
021527.672   475341872   558874402
021539.677   476865101   560665294
021551.672   478588936   562695098
021603.668   480271309   564673922
021615.668   481957209   566659797
021627.668   483456807   568420904
021639.668   484950398   570177544
021651.672   486450186   571942169
021703.668   487946230   573701300
021715.668   489433507   575448696
021727.672   490913938   577190823
021739.672   492411185   578949615
021751.668   493894445   580695017
021803.668   495387192   582450297
021815.668   496869375   584192758
021827.672   498350172   585932992
021839.672   499842452   587687485
021851.672   501326698   589432200
021903.668   502802062   591166802
021915.668   504276479   592901220
021927.672   505758179   594642429
021939.672   507237745   596381214
021951.672   508740841   598149795
022003.666   510253373   599928446
022015.668   511765744   601707681
022027.672   513281312   603490325
022039.672   514796026   605271422
022051.668   516311002   607056000
022103.668   517819855   608829368
022115.668   519330283   610607021
022127.672   520843991   612387185
022139.668   522359765   614169427
022151.672   524084886   616197134
022203.668   525799330   618214219
022215.668   527523029   620241104
022227.672   529255077   622278145
022239.672   530993891   624321402
022251.672   532537142   626137149
022303.668   534072361   627944840
022315.668   535588579   629729432
022327.668   537104348   631509018
022339.672   538615224   633286646
022351.672   540133309   635066903
022403.668   541831327   637060821
022415.666   543557920   639093489
022427.668   545287661   641127220
022439.672   547024251   643166263
022451.672   548746398   645192907
022503.668   550281380   646997866
022515.666   551835482   648823475
022527.672   553358463   650614237
022539.668   554874492   652395673
022551.666   556386450   654174048
022603.668   557903051   655956886
022615.668   559416092   657733851
022627.668   560928458   659513193
022639.668   562444671   661292613
022651.672   563958415   663070879
022703.667   565474969   664852934
022715.667   566985422   666627102
022727.668   568501110   668409975
022739.672   570016776   670190621
022751.668   571536916   671977072
022803.672   573052653   673756900
022815.672   574530524   675495409
022827.672   576014663   677241401
022839.672   577494016   678978861
022851.672   578973874   680717626
022903.666   580451376   682454521
022915.672   581924681   684186611
022927.668   583404282   685926100
022939.672   584880542   687661622
022951.672   586359273   689402319
023003.672   587838555   691142421
023015.673   589314677   692879559
023027.672   590806030   694633075
023039.672   592284479   696367078
023051.672   593770763   698111832
023103.672   595246517   699845346
023115.672   596738262   701597956
023127.672   598470374   703634565
023139.668   600200454   705669060
023151.666   601920090   707692186
023203.672   603649958   709725461
023215.672   605375716   711753148
023227.672   607105363   713785050
023239.672   608842704   715824246
023251.672   610583235   717870591
023303.668   612134630   719694925
023315.668   613656396   721485130
023327.668   615167453   723259879
023339.668   616679151   725039097
023351.672   618188380   726811714
023403.668   619700728   728590376
023415.672   621204879   730359902
023427.672   622716853   732138200
023439.668   624227284   733913681
023451.668   625739040   735690402
023503.672   627251157   737469550
023515.668   628759045   739244941
023527.672   630271167   741021446
023539.668   631780599   742796824
023551.672   633291698   744572096
023603.672   634935159   746505523
023615.672   636648544   748517990
023627.668   638371605   750543079
023639.668   640101694   752579544
023651.672   641826323   754608147
023703.672   643554185   756637444
023715.672   645272400   758657401
023727.672   646997603   760685056
023739.668   648717324   762705914
023751.668   650440903   764732091
023803.672   652177271   766775015
023815.666   653894397   768793651
023827.672   655625027   770829322
023839.666   657358664   772868758
023851.666   659089061   774905521
023903.668   660644914   776736437
023915.668   662201888   778566605
023927.666   663748419   780384822
023939.672   665255854   782160344
023951.672   666769958   783940107
024003.668   668386615   785844991
024015.672   670106341   787866581
024027.666   671659697   789692634
024039.668   673200812   791505277
024051.672   674725164   793298634
024103.668   676276359   795120312
024115.672   677787284   796899675
024127.672   679297985   798674220
024139.668   680809759   800450356
024151.666   682326575   802233105
024203.672   683839657   804011147
024215.668   685350424   805786566
024227.672   686862016   807563009
024239.668   688375003   809340815
024251.672   689890970   811120827
024303.672   691406958   812901994
024315.672   693127549   814926063
024327.672   694860316   816961475
024339.668   696585118   818991601
024351.672   698318707   821026952
024403.668   699862222   822839914
024415.672   701372830   824614944
024427.672   702891572   826398287
024439.668   704408236   828182292
024451.672   705926611   829965745
024503.666   707439031   831743015
024515.668   708953746   833525265
024527.672   710462457   835296671
024539.668   711973094   837072855
024551.668   713485323   838852153
024603.672   714999295   840631663
024615.668   716513912   842412864
024627.668   718021709   844187639
024639.668   719533111   845964227
024651.668   721044075   847741526
024703.672   722553383   849516130
024715.672   724065226   851295489
024727.668   725577072   853073946
024739.672   727088561   854850683
024751.668   728601036   856628820
024803.668   730117818   858412500
024815.672   731635412   860196003
024827.672   733145079   861968842
024839.668   734657713   863747032
024851.672   736173342   865530584
024903.672   737689775   867311671
024915.668   739206826   869095813
024927.672   740715697   870870939
024939.668   742228118   872650717
024951.668   743741901   874429881
025003.668   745256825   876210900
025015.672   746766560   877986279
025027.668   748275715   879762123
025039.672   749787863   881539828
025051.672   751299520   883319096
025103.668   752813790   885099031
025115.672   754324369   886877026
025127.666   755837371   888657795
025139.668   757347040   890432896
025151.672   758859379   892212100
025203.668   760371325   893990618
025215.668   761884922   895770282
025227.672   763392214   897544801
025239.668   764899773   899317158
025251.668   766415493   901099960
025303.672   767936145   902886298
025315.668   769453847   904669858
025327.672   770966283   906451751
025339.668   772476759   908227701
025351.668   773993039   910012151
025403.672   775505853   911791531
025415.672   777015122   913565829
025427.668   778533777   915352655
025439.668   780050315   917133615
025451.672   781558388   918908966
025503.668   783072157   920687650
025515.672   784585010   922465811
025527.668   786099900   924245342
025539.668   787615326   926024730
025551.672   789128263   927804376
025603.668   790644451   929585956
025615.668   792159457   931364973
025627.672   793667694   933139128
025639.668   795184280   934922354
025651.668   796700683   936705935
025703.672   798216518   938489339
025715.672   799735492   940277663
025727.668   801249481   942057432
025739.668   802761954   943834337
025751.666   804279155   945617641
025803.668   805791508   947394744
025815.672   807305775   949173555
025827.668   808813008   950947316
025839.668   810323164   952721697
025851.672   811835974   954501489
025903.668   813349952   956283091
025915.668   814864263   958062777
025927.672   816375787   959840628
025939.668   817885403   961615879
025951.672   819402207   963398300
030003.668   820917209   965179876
030015.668   822434060   966961649
030027.672   823945277   968737938
030039.668   825456544   970513809
030051.668   826969057   972291875
030103.672   828476388   974065676
030115.672   829985913   975839602
030127.668   831496419   977616200
030139.672   833002515   979389298
030151.674   834518798   981171313
030203.668   836035039   982954795
030215.672   837553411   984738450
030227.668   839065245   986515814
030239.668   840572333   988286860
030251.668   842086114   990065476
030303.672   843602134   991847223
030315.668   845116815   993628485
030327.668   846627299   995404863
030339.668   848133386   997177676
030351.668   849649983   998959303
030403.672   851163810  1000738043
030415.666   852677508  1002516731
030427.668   854189039  1004294529
030439.668   855698673  1006070942
030451.668   857208601  1007847924
030503.668   858724677  1009630642
030515.668   860389909  1011588900
030527.668   862029632  1013516757
030539.668   863541057  1015293458
030551.672   865055999  1017075694
030603.668   866568526  1018851288
030615.668   868077843  1020627762
030627.668   869593645  1022409100
030639.668   871102325  1024183870
030651.672   872611252  1025959747
030703.672   874128629  1027742100
030715.668   875620432  1029498316
030727.668   877126343  1031268536
030739.668   878627548  1033031675
030751.668   880121201  1034789561
030803.668   881619507  1036552111
030815.668   883105538  1038299988
030827.668   884592969  1040050059
030839.672   886072221  1041790429
030851.672   887561009  1043538691
030903.668   889057923  1045298900
030915.668   890549488  1047054086
030927.668   892035680  1048801391
030939.668   893524170  1050552740
030951.672   895009161  1052298683
031003.668   896490226  1054040860
031015.668   897987963  1055801966
031027.668   899487220  1057565704
031039.666   900960570  1059299571
031051.668   902442336  1061041400
031103.668   903924676  1062783121
031115.668   905420157  1064541213
031127.668   907035460  1066440580
031139.668   908736035  1068442151
031151.668   910432473  1070434402
031203.668   912137354  1072435811
031215.672   913839019  1074435822
031227.668   915533421  1076430656
031239.672   917232739  1078430935
031251.672   918929788  1080425831
031303.668   920444503  1082207885
031315.675   921956966  1083986125
031327.672   923465232  1085760897
031339.668   924999618  1087563896
