 Results from RMCProfile version 6.7.9.5

 (Version 6f format configuration file)                                          

 2 experiments   3 partials

 Partial g(r)'s are printed out below

   245  3 are NR and NPAR

   r (Ang)
   0.06545     0.00000     0.00000     0.00000
   0.13090     0.00000     2.35912     0.00000
   0.19635     0.00000     1.06052     0.00000
   0.26180     0.00000     1.19790     0.00000
   0.32725     0.00000     0.76809     0.00000
   0.39271     0.00000     0.53394     0.00000
   0.45816     0.00000     0.39252     0.00000
   0.52361     0.00000     0.15032     0.00000
   0.58906     0.00000     0.00000     0.00000
   0.65451     0.00000     0.00000     0.00000
   0.71996     0.00000     0.00000     0.00000
   0.78541     0.00000     0.00000     0.00000
   0.85086     0.00000     0.00000     0.00000
   0.91631     0.00000     0.00000     0.00000
   0.98176     0.00000     0.00000     0.00000
   1.04721     0.00000     0.00000     0.00000
   1.11267     0.00000     0.03332     0.00000
   1.17812     0.00000     0.00000     0.00000
   1.24357     0.00000     0.00000     0.00000
   1.30902     0.00000     0.28893     0.38442
   1.37447     0.00000     0.98278     0.50124
   1.43992     0.00000     1.71137     0.71486
   1.50537     0.00000     2.27589     1.18093
   1.57082     0.00000     2.95974     1.31819
   1.63627     0.24710     2.17294     1.32250
   1.70172     0.57116     5.61386     2.24643
   1.76718     0.26482     3.85808     1.55575
   1.83263     0.24624     2.08859     1.22595
   1.89808     0.22955     2.23337     1.31430
   1.96353     0.17161     2.24751     1.27087
   2.02898     0.16071     1.56361     1.01017
   2.09443     0.03771     0.54558     0.36607
   2.15988     0.00000     0.16806     0.15005
   2.22533     0.00000     0.00833     0.02494
   2.29078     0.00000     0.01573     0.02354
   2.35623     0.00000     0.00743     0.02967
   2.42168     0.00000     0.02814     0.08425
   2.48714     0.02674     0.14009     0.19969
   2.55259     0.10155     0.24699     0.49292
   2.61804     0.38613     0.36122     0.74493
   2.68349     0.62020     0.77359     0.93204
   2.74894     0.56913     0.76996     1.14974
   2.81439     0.79356     0.82313     1.22165
   2.87984     1.11691     1.10457     1.35542
   2.94529     1.23944     1.26533     1.32908
   3.01074     1.38687     1.03338     1.28555
   3.07619     1.53825     1.00296     1.25754
   3.14164     1.30723     0.93234     1.03464
   3.20710     1.38308     1.03509     1.17300
   3.27255     1.20475     0.95942     1.04196
   3.33800     1.20250     0.89625     0.97933
   3.40345     1.12814     0.79442     0.79272
   3.46890     0.96225     0.76130     0.86575
   3.53435     0.67534     0.70363     0.80761
   3.59980     1.11055     0.73241     0.82300
   3.66525     0.71416     0.82629     0.78774
   3.73070     0.89137     0.80941     0.81951
   3.79615     0.74611     0.79606     0.82579
   3.86161     0.69885     0.88553     0.82841
   3.92706     0.93317     0.85626     0.90249
   3.99251     0.93396     0.92420     0.94805
   4.05796     1.13512     0.96229     0.97273
   4.12341     1.17720     0.98538     1.03897
   4.18886     1.23497     1.23704     1.03022
   4.25431     1.05104     1.12631     1.05565
   4.31976     1.11694     1.10349     1.10555
   4.38521     1.25589     1.26179     1.04710
   4.45066     1.31108     1.26036     1.20986
   4.51611     1.13548     1.28075     1.05390
   4.58157     1.10327     1.22476     1.00243
   4.64702     1.21029     1.15993     1.07355
   4.71247     1.10241     1.12979     0.95308
   4.77792     1.05068     1.07555     1.15262
   4.84337     1.02953     1.05371     1.01635
   4.90882     1.11209     1.11657     1.08513
   4.97427     1.01617     1.10906     1.01848
   5.03972     1.16579     1.06744     1.01976
   5.10517     1.01550     1.05291     1.06962
   5.17062     1.18176     1.07119     1.04733
   5.23607     1.10413     1.10930     1.19103
   5.30153     1.17120     1.20100     1.08855
   5.36698     0.99924     1.05441     1.11935
   5.43243     1.25557     1.09907     1.16370
   5.49788     0.97412     1.08808     1.12662
   5.56333     1.10098     1.08263     1.09495
   5.62878     1.07030     1.05499     1.12682
   5.69423     0.98972     1.09197     1.08582
   5.75968     1.09700     1.04241     1.01163
   5.82513     1.00424     1.04466     1.05456
   5.89058     0.84380     0.99184     1.06686
   5.95604     0.96991     1.01204     1.06908
   6.02149     0.88963     0.99016     0.97101
   6.08694     0.92418     0.96007     1.04026
   6.15239     1.00950     1.03896     1.05632
   6.21784     1.07393     0.94782     0.95858
   6.28329     0.98045     0.99926     1.00338
   6.34874     0.94803     0.92757     0.98178
   6.41419     0.96094     0.93582     0.97485
   6.47964     1.05982     0.98777     1.01999
   6.54509     1.02715     0.98642     1.03237
   6.61054     0.87064     1.00665     0.98094
   6.67600     0.93901     0.93515     0.96549
   6.74145     0.97183     0.96067     0.99395
   6.80690     0.96037     0.98503     0.96249
   6.87235     0.91414     1.01005     0.99219
   6.93780     0.95196     1.01251     1.00949
   7.00325     0.89378     0.95413     1.01338
   7.06870     1.01966     0.94645     1.00624
   7.13415     0.95554     1.02971     0.92637
   7.19960     0.98292     0.92748     0.97793
   7.26505     1.02170     0.98433     0.96351
   7.33050     1.08973     1.00984     1.00078
   7.39596     1.07053     0.98299     0.98164
   7.46141     0.93001     0.96286     1.01701
   7.52686     0.94310     0.98552     0.97396
   7.59231     0.94413     1.02301     0.99082
   7.65776     0.99012     1.03304     0.97887
   7.72321     1.03719     1.02875     1.02724
   7.78866     1.08528     0.97616     0.96864
   7.85411     1.00827     0.98538     1.01999
   7.91956     0.98904     0.99416     1.03799
   7.98501     0.93657     1.03747     0.98553
   8.05046     0.96735     1.00603     1.00832
   8.11592     1.12509     1.00866     0.94524
   8.18137     1.07256     1.04006     0.98185
   8.24682     1.04101     1.01330     0.97783
   8.31227     1.03905     0.97531     1.01137
   8.37772     0.96631     1.00129     0.98800
   8.44317     1.02796     0.98351     1.01664
   8.50862     1.03049     1.03341     0.99765
   8.57407     0.99681     1.03285     1.04633
   8.63952     1.01501     1.01395     0.97537
   8.70497     0.99544     0.97915     1.03357
   8.77043     1.02580     0.98873     1.00857
   8.83588     1.03396     1.00480     1.00792
   8.90133     0.95201     1.05257     1.03369
   8.96678     1.04514     0.98851     1.04017
   9.03223     1.07466     1.01824     0.97417
   9.09768     1.00329     0.99068     1.05125
   9.16313     0.97522     1.02720     1.03775
   9.22858     0.98669     1.00154     0.99117
   9.29403     0.97667     0.98605     1.04305
   9.35948     1.05370     1.04673     1.01347
   9.42493     0.97207     1.05547     1.02355
   9.49039     0.94953     1.00752     0.98479
   9.55584     0.97099     1.00416     1.02050
   9.62129     1.02572     1.01774     0.97819
   9.68674     1.00662     1.00491     0.99618
   9.75219     1.03838     1.04180     1.05169
   9.81764     0.99197     0.96459     1.00995
   9.88309     1.01444     1.02537     0.98481
   9.94854     1.10476     1.00442     0.96566
  10.01399     1.00294     0.98927     0.98962
  10.07944     1.02741     1.02765     1.01410
  10.14489     1.00615     0.96551     1.02626
  10.21035     1.04249     1.02561     1.01749
  10.27580     0.96345     1.00243     1.02524
  10.34125     0.94820     1.00791     1.01808
  10.40670     0.97450     0.99108     1.01178
  10.47215     0.95029     1.01900     1.00818
  10.53760     1.03684     0.99411     1.01683
  10.60305     0.95934     0.99693     1.01531
  10.66850     0.99556     0.98800     1.03581
  10.73395     1.04089     1.00643     1.00785
  10.79940     0.99143     1.00877     0.96107
  10.86486     0.95850     0.96275     0.98336
  10.93031     1.02321     1.01757     0.99437
  10.99576     1.06990     1.00856     1.01083
  11.06121     0.98021     0.99160     1.00463
  11.12666     1.01147     1.00864     0.98819
  11.19211     0.95873     0.98007     0.99409
  11.25756     0.96198     1.01593     0.97964
  11.32301     1.02572     1.01033     0.96064
  11.38846     1.00376     1.01434     1.01503
  11.45391     1.06672     1.00310     1.00127
  11.51936     0.94493     0.98613     0.98558
  11.58482     0.95277     0.98824     1.00730
  11.65027     1.00912     1.00636     0.99510
  11.71572     1.01355     0.99334     1.01342
  11.78117     1.00708     0.98709     0.98943
  11.84662     1.06671     1.00503     1.00053
  11.91207     1.04453     0.98762     0.97941
  11.97752     0.98587     0.99181     0.98740
  12.04297     0.95465     0.99387     1.02979
  12.10842     1.00190     0.97358     1.03301
  12.17387     1.00120     0.99934     0.98414
  12.23932     0.99715     1.00521     1.01818
  12.30478     1.03573     0.99400     0.98970
  12.37023     0.99777     0.98458     1.00481
  12.43568     1.00441     1.01107     1.00252
  12.50113     0.92089     0.98044     0.99258
  12.56658     0.94589     1.01024     1.01512
  12.63203     1.00971     1.02540     1.00385
  12.69748     0.97368     1.00718     1.00477
  12.76293     0.97083     1.00498     0.99879
  12.82838     1.00920     0.98472     0.98287
  12.89383     0.95122     0.98964     0.99496
  12.95928     1.07263     0.99810     0.99597
  13.02474     0.94292     1.01388     1.01802
  13.09019     0.96344     1.00690     1.00378
  13.15564     1.04181     0.99690     1.00334
  13.22109     1.09398     0.96888     0.96586
  13.28654     0.97828     0.97642     0.97993
  13.35199     1.02531     1.02798     0.97682
  13.41744     1.04658     0.98864     1.00848
  13.48289     0.98912     0.99722     1.00755
  13.54834     0.99401     1.00357     0.98886
  13.61379     0.99429     1.00641     0.98538
  13.67925     0.96005     1.00342     0.99666
  13.74470     0.97457     0.99018     0.99721
  13.81015     0.96708     1.01002     0.99858
  13.87560     0.96572     1.01531     1.01805
  13.94105     0.99327     1.02427     0.99496
  14.00650     1.01689     0.97096     0.99009
  14.07195     1.01163     0.98654     0.97757
  14.13740     1.01387     0.97578     0.98647
  14.20285     1.03653     1.02204     0.96617
  14.26830     1.05467     1.00437     1.00283
  14.33375     1.03057     0.99964     0.98287
  14.39921     0.98532     0.98321     1.00037
  14.46466     0.95033     0.98577     1.00256
  14.53011     0.99663     0.98258     1.00115
  14.59556     1.01489     1.00265     1.00341
  14.66101     0.98507     1.01426     1.01152
  14.72646     0.97710     1.00584     1.00520
  14.79191     0.99115     0.99299     0.98052
  14.85736     1.02965     0.96239     0.99820
  14.92281     0.97904     1.01197     0.99871
  14.98826     1.02279     0.97945     0.99037
  15.05371     0.95479     1.00428     1.01358
  15.11917     0.99285     1.01636     1.00518
  15.18462     1.00942     1.00225     1.00422
  15.25007     0.98228     0.98409     0.97950
  15.31552     0.99154     0.98379     0.97326
  15.38097     0.98941     0.99898     1.02434
  15.44642     0.97549     1.00420     1.00688
  15.51187     1.00784     1.00174     1.00028
  15.57732     1.00075     1.00984     1.00530
  15.64277     0.96603     0.97813     1.00196
  15.70822     0.99085     0.98338     0.98361
  15.77368     0.97134     0.97573     0.99946
  15.83913     0.98311     1.00650     0.99795
  15.90458     1.06986     1.03918     1.01466
  15.97003     1.04878     1.01952     1.00555
  16.03548     0.82666     0.91893     0.93987

 Partial S(Q)'s are printed out below

   494  3 are NQ and NPAR

      Q          S(Q)_1      S(Q)_2      S(Q)_3
  0.4682470    -3.1533793    -0.0875174    -1.4504379
  0.4982822    -3.2772508    -0.2506583    -1.6175911
  0.5283174    -3.2992597    -0.3409723    -1.7091622
  0.5583526    -3.2370803    -0.3657440    -1.7298347
  0.5883878    -3.1194078    -0.3403677    -1.6925843
  0.6184230    -2.9795139    -0.2848445    -1.6158271
  0.6484582    -2.8486757    -0.2199205    -1.5200521
  0.6784934    -2.7506872    -0.1635579    -1.4245166
  0.7085286    -2.6983649    -0.1283089    -1.3445211
  0.7385638    -2.6925102    -0.1199535    -1.2896291
  0.7685990    -2.7232913    -0.1374996    -1.2630108
  0.7986342    -2.7735428    -0.1743906    -1.2618769
  0.8286694    -2.8231538    -0.2205576    -1.2787978
  0.8587046    -2.8535666    -0.2648363    -1.3035745
  0.8887398    -2.8514689    -0.2972492    -1.3252801
  0.9187750    -2.8109997    -0.3107311    -1.3341089
  0.9488102    -2.7341408    -0.3020314    -1.3227550
  0.9788454    -2.6293712    -0.2717140    -1.2871634
  1.0088806    -2.5090122    -0.2233696    -1.2266295
  1.0389158    -2.3859388    -0.1622989    -1.1433438
  1.0689510    -2.2704211    -0.0940149    -1.0415629
  1.0989862    -2.1677846    -0.0229131    -0.9266250
  1.1290214    -2.0773613     0.0486060    -0.8040212
  1.1590566    -1.9928999     0.1204020    -0.6786805
  1.1890918    -1.9042812     0.1942323    -0.5545583
  1.2191270    -1.8001073     0.2728869    -0.4345360
  1.2491622    -1.6705632     0.3590524    -0.3205749
  1.2791974    -1.5099147     0.4541803    -0.2140200
  1.3092326    -1.3181058     0.5576262    -0.1159412
  1.3392678    -1.1011312     0.6662549    -0.0274084
  1.3693030    -0.8701290     0.7745980     0.0503629
  1.3993382    -0.6394146     0.8755309     0.1160175
  1.4293734    -0.4238897     0.9613264     0.1681941
  1.4594086    -0.2363801     1.0248668     0.2057335
  1.4894438    -0.0854518     1.0607728     0.2278967
  1.5194790     0.0258658     1.0662287     0.2345320
  1.5495142     0.1002199     1.0413553     0.2261534
  1.5795494     0.1449579     0.9890774     0.2039207
  1.6095846     0.1702811     0.9145317     0.1695375
  1.6396198     0.1869493     0.8241524     0.1251047
  1.6696550     0.2040307     0.7246217     0.0729712
  1.6996902     0.2271639     0.6218915     0.0156167
  1.7297254     0.2576697     0.5204480    -0.0444167
  1.7597606     0.2926606     0.4229371    -0.1045505
  1.7897958     0.3260800     0.3301825    -0.1621774
  1.8198311     0.3504079     0.2415505    -0.2146879
  1.8498663     0.3586442     0.1555520    -0.2595503
  1.8799015     0.3461301     0.0705294    -0.2944626
  1.9099367     0.3118264    -0.0147200    -0.3175730
  1.9399719     0.2587860    -0.1005113    -0.3277381
  1.9700071     0.1937440    -0.1861011    -0.3247658
  2.0000423     0.1259294    -0.2697904    -0.3095792
  2.0300775     0.0653654    -0.3492502    -0.2842430
  2.0601127     0.0210183    -0.4219798    -0.2518139
  2.0901479    -0.0008232    -0.4857848    -0.2160117
  2.1201831     0.0023810    -0.5391682    -0.1807455
  2.1502183     0.0290950    -0.5815571    -0.1495642
  2.1802535     0.0741612    -0.6133305    -0.1251287
  2.2102887     0.1299123    -0.6356609    -0.1088035
  2.2403239     0.1876917    -0.6502208    -0.1004543
  2.2703591     0.2394632    -0.6588314    -0.0985015
  2.3003943     0.2791892    -0.6631377    -0.1002332
  2.3304295     0.3037235    -0.6643751    -0.1023304
  2.3604647     0.3130737    -0.6632717    -0.1015121
  2.3904999     0.3100288    -0.6600883    -0.0951842
  2.4205351     0.2992714    -0.6547697    -0.0819674
  2.4505703     0.2861945    -0.6471554    -0.0620027
  2.4806055     0.2756833    -0.6371872    -0.0369728
  2.5106407     0.2711143    -0.6250599    -0.0098321
  2.5406759     0.2737572    -0.6112788     0.0157068
  2.5707111     0.2826701    -0.5966139     0.0358324
  2.6007463     0.2950677    -0.5819709     0.0473169
  2.6307815     0.3070467    -0.5682154     0.0480912
  2.6608167     0.3144856    -0.5560031     0.0376070
  2.6908519     0.3139159    -0.5456586     0.0169193
  2.7208871     0.3031849    -0.5371381    -0.0115202
  2.7509223     0.2817892    -0.5300809    -0.0443147
  2.7809575     0.2508407    -0.5239385    -0.0777268
  2.8109927     0.2127081    -0.5181440    -0.1083187
  2.8410279     0.1704437    -0.5122765    -0.1335071
  2.8710631     0.1271431    -0.5061775    -0.1519324
  2.9010983     0.0853843    -0.4999871    -0.1635830
  2.9311335     0.0468606    -0.4940879    -0.1696633
  2.9611687     0.0122675    -0.4889713    -0.1722473
  2.9912039    -0.0185636    -0.4850579    -0.1737973
  3.0212391    -0.0463477    -0.4825190    -0.1766489
  3.0512743    -0.0719480    -0.4811457    -0.1825657
  3.0813095    -0.0960096    -0.4803034    -0.1924445
  3.1113447    -0.1187219    -0.4789889    -0.2062165
  3.1413799    -0.1397649    -0.4759845    -0.2229470
  3.1714151    -0.1584442    -0.4700773    -0.2410956
  3.2014503    -0.1739686    -0.4602998    -0.2588675
  3.2314855    -0.1857855    -0.4461360    -0.2745743
  3.2615207    -0.1938779    -0.4276486    -0.2869273
  3.2915559    -0.1989329    -0.4054951    -0.2952072
  3.3215911    -0.2023268    -0.3808269    -0.2992872
  3.3516263    -0.2059149    -0.3550900    -0.2995223
  3.3816615    -0.2116666    -0.3297674    -0.2965447
  3.4116967    -0.2212224    -0.3061160    -0.2910292
  3.4417319    -0.2354730    -0.2849522    -0.2834895
  3.4717671    -0.2542595    -0.2665278    -0.2741593
  3.5018023    -0.2762686    -0.2505207    -0.2629845
  3.5318375    -0.2991566    -0.2361360    -0.2497244
  3.5618727    -0.3198869    -0.2222936    -0.2341297
  3.5919079    -0.3352196    -0.2078572    -0.2161472
  3.6219431    -0.3422622    -0.1918534    -0.1960901
  3.6519783    -0.3389734    -0.1736360    -0.1747228
  3.6820135    -0.3245260    -0.1529600    -0.1532282
  3.7120487    -0.2994619    -0.1299582    -0.1330535
  3.7420839    -0.2656134    -0.1050300    -0.1156603
  3.7721191    -0.2258122    -0.0786778    -0.1022287
  3.8021543    -0.1834444    -0.0513343    -0.0933814
  3.8321895    -0.1419384    -0.0232263    -0.0889883
  3.8622247    -0.1042756     0.0056895    -0.0881018
  3.8922599    -0.0726078     0.0357006    -0.0890442
  3.9222951    -0.0480333     0.0672297    -0.0896385
  3.9523303    -0.0305555     0.1006680    -0.0875437
  3.9823655    -0.0192087     0.1361945    -0.0806338
  4.0124007    -0.0123092     0.1736270    -0.0673493
  4.0424359    -0.0077754     0.2123470    -0.0469556
  4.0724711    -0.0034543     0.2513245    -0.0196620
  4.1025063     0.0025943     0.2892442     0.0134203
  4.1325415     0.0118892     0.3247133     0.0504685
  4.1625767     0.0254074     0.3565094     0.0892474
  4.1926119     0.0435429     0.3838162     0.1274601
  4.2226471     0.0661283     0.4063945     0.1630824
  4.2526823     0.0924954     0.4246481     0.1946237
  4.2827175     0.1215578     0.4395645     0.2212720
  4.3127527     0.1519049     0.4525367     0.2429077
  4.3427879     0.1819081     0.4650965     0.2599969
  4.3728231     0.2098432     0.4786108     0.2733976
  4.4028583     0.2340364     0.4939991     0.2841269
  4.4328935     0.2530321     0.5115299     0.2931403
  4.4629287     0.2657701     0.5307359     0.3011644
  4.4929639     0.2717496     0.5504672     0.3086125
  4.5229991     0.2711459     0.5690740     0.3155850
  4.5530343     0.2648446     0.5846824     0.3219435
  4.5830695     0.2543688     0.5955142     0.3274271
  4.6131047     0.2416880     0.6001865     0.3317753
  4.6431399     0.2289240     0.5979380     0.3348231
  4.6731751     0.2179950     0.5887406     0.3365456
  4.7032103     0.2102565     0.5732780     0.3370432
  4.7332455     0.2062122     0.5527997     0.3364763
  4.7632807     0.2053591     0.5288830     0.3349712
  4.7933159     0.2062146     0.5031500     0.3325269
  4.8233511     0.2065397     0.4769944     0.3289511
  4.8533863     0.2037329     0.4513690     0.3238461
  4.8834215     0.1953323     0.4266697     0.3166533
  4.9134567     0.1795346     0.4027317     0.3067470
  4.9434919     0.1556285     0.3789324     0.2935598
  4.9735271     0.1242483     0.3543745     0.2767089
  5.0035623     0.0873839     0.3281089     0.2560959
  5.0335975     0.0481264     0.2993555     0.2319554
  5.0636327     0.0101817     0.2676784     0.2048430
  5.0936679    -0.0227688     0.2330886     0.1755632
  5.1237031    -0.0477439     0.1960611     0.1450564
  5.1537383    -0.0630469     0.1574699     0.1142681
  5.1837735    -0.0686389     0.1184597     0.0840314
  5.2138087    -0.0662201     0.0802843     0.0549856
  5.2438439    -0.0589890     0.0441401     0.0275463
  5.2738791    -0.0511095     0.0110256     0.0019293
  5.3039143    -0.0469770    -0.0183564    -0.0217856
  5.3339495    -0.0504095    -0.0436431    -0.0435709
  5.3639847    -0.0639148    -0.0648059    -0.0633750
  5.3940199    -0.0881690    -0.0821048    -0.0810762
  5.4240551    -0.1218081    -0.0960177    -0.0964818
  5.4540903    -0.1615767    -0.1071617    -0.1093732
  5.4841255    -0.2028146    -0.1162174    -0.1195859
  5.5141607    -0.2401978    -0.1238647    -0.1271006
  5.5441959    -0.2686054    -0.1307325    -0.1321175
  5.5742311    -0.2839605    -0.1373596    -0.1350884
  5.6042663    -0.2838993    -0.1441636    -0.1366888
  5.6343015    -0.2681523    -0.1514156    -0.1377290
  5.6643367    -0.2385768    -0.1592185    -0.1390160
  5.6943719    -0.1988416    -0.1674953    -0.1411946
  5.7244071    -0.1538238    -0.1759892    -0.1446034
  5.7544423    -0.1088289    -0.1842857    -0.1491805
  5.7844775    -0.0687706    -0.1918582    -0.1544468
  5.8145127    -0.0374485    -0.1981379    -0.1595781
  5.8445479    -0.0170393    -0.2026022    -0.1635586
  5.8745831    -0.0078746    -0.2048690    -0.1653879
  5.9046183    -0.0085264    -0.2047801    -0.1643027
  5.9346535    -0.0161654    -0.2024569    -0.1599641
  5.9646887    -0.0271188    -0.1983137    -0.1525696
  5.9947239    -0.0375188    -0.1930201    -0.1428601
  6.0247591    -0.0439328    -0.1874143    -0.1320151
  6.0547943    -0.0438741    -0.1823792    -0.1214513
  6.0848295    -0.0361223    -0.1787002    -0.1125619
  6.1148647    -0.0208191    -0.1769312    -0.1064476
  6.1448999     0.0006540    -0.1772944    -0.1036949
  6.1749351     0.0259742    -0.1796328    -0.1042483
  6.2049703     0.0522903    -0.1834294    -0.1074056
  6.2350055     0.0766731    -0.1878885    -0.1119410
  6.2650407     0.0965317    -0.1920684    -0.1163339
  6.2950759     0.1099410    -0.1950401    -0.1190595
  6.3251111     0.1158405    -0.1960420    -0.1188829
  6.3551463     0.1140961    -0.1946036    -0.1150983
  6.3851815     0.1054312    -0.1906136    -0.1076625
  6.4152167     0.0912541    -0.1843200    -0.0971979
  6.4452519     0.0734184    -0.1762654    -0.0848616
  6.4752871     0.0539533    -0.1671694    -0.0721080
  6.5053223     0.0348030    -0.1577845    -0.0603942
  6.5353575     0.0176035    -0.1487528    -0.0508882
  6.5653927     0.0035218    -0.1404940    -0.0442403
  6.5954279    -0.0068319    -0.1331441    -0.0404640
  6.6254631    -0.0134115    -0.1265557    -0.0389520
  6.6554983    -0.0166671    -0.1203583    -0.0386215
  6.6855335    -0.0174113    -0.1140613    -0.0381587
  6.7155687    -0.0166408    -0.1071789    -0.0363109
  6.7456039    -0.0153354    -0.0993472    -0.0321635
  6.7756391    -0.0142659    -0.0904111    -0.0253447
  6.8056743    -0.0138405    -0.0804609    -0.0161139
  6.8357095    -0.0140179    -0.0698154    -0.0053152
  6.8657447    -0.0143078    -0.0589537     0.0057939
  6.8957799    -0.0138651    -0.0484141     0.0158045
  6.9258151    -0.0116697    -0.0386807     0.0234527
  6.9558503    -0.0067669    -0.0300841     0.0278903
  6.9858855     0.0014750    -0.0227350     0.0288733
  7.0159207     0.0131363    -0.0165041     0.0268275
  7.0459559     0.0275995    -0.0110529     0.0227795
  7.0759911     0.0435240    -0.0059046     0.0181646
  7.1060263     0.0589627    -0.0005426     0.0145502
  7.1360615     0.0716180     0.0054871     0.0133320
  7.1660967     0.0792016     0.0124878     0.0154601
  7.1961319     0.0798430     0.0205564     0.0212516
  7.2261671     0.0724728     0.0295679     0.0303241
  7.2562023     0.0571044     0.0392010     0.0416626
  7.2862375     0.0349517     0.0489976     0.0538046
  7.3162727     0.0083444     0.0584398     0.0651051
  7.3463079    -0.0195606     0.0670314     0.0740313
  7.3763431    -0.0452340     0.0743659     0.0794279
  7.4063783    -0.0653251     0.0801714     0.0807061
  7.4364135    -0.0772127     0.0843281     0.0779225
  7.4664487    -0.0794565     0.0868582     0.0717378
  7.4964839    -0.0720632     0.0878979     0.0632697
  7.5265191    -0.0565094     0.0876587     0.0538718
  7.5565543    -0.0355102     0.0863898     0.0448845
  7.5865895    -0.0125676     0.0843485     0.0374060
  7.6166247     0.0086250     0.0817824     0.0321256
  7.6466599     0.0248146     0.0789230     0.0292444
  7.6766951     0.0337427     0.0759857     0.0284933
  7.7067303     0.0345188     0.0731714     0.0292361
  7.7367655     0.0277433     0.0706636     0.0306315
  7.7668008     0.0153578     0.0686170     0.0318166
  7.7968360     0.0002511     0.0671404     0.0320776
  7.8268712    -0.0143040     0.0662754     0.0309724
  7.8569064    -0.0252741     0.0659799     0.0283902
  7.8869416    -0.0304309     0.0661216     0.0245402
  7.9169768    -0.0287520     0.0664888     0.0198804
  7.9470120    -0.0205820     0.0668192     0.0150069
  7.9770472    -0.0075278     0.0668439     0.0105294
  8.0070824     0.0078868     0.0663402     0.0069580
  8.0371176     0.0227357     0.0651808     0.0046230
  8.0671528     0.0342705     0.0633684     0.0036365
  8.0971880     0.0404492     0.0610475     0.0038992
  8.1272232     0.0403142     0.0584856     0.0051423
  8.1572584     0.0341458     0.0560289     0.0069916
  8.1872936     0.0233688     0.0540361     0.0090378
  8.2173288     0.0102357     0.0528065     0.0108982
  8.2473640    -0.0026433     0.0525161     0.0122614
  8.2773992    -0.0128264     0.0531763     0.0129097
  8.3074344    -0.0185158     0.0546244     0.0127242
  8.3374696    -0.0188892     0.0565520     0.0116762
  8.3675048    -0.0142263     0.0585622     0.0098134
  8.3975400    -0.0058093     0.0602480     0.0072469
  8.4275752     0.0043722     0.0612726     0.0041421
  8.4576104     0.0140498     0.0614352     0.0007122
  8.4876456     0.0211440     0.0607067    -0.0027889
  8.5176808     0.0241794     0.0592277    -0.0060790
  8.5477160     0.0225628     0.0572683    -0.0088700
  8.5777512     0.0166751     0.0551577    -0.0109009
  8.6077864     0.0077648     0.0532009    -0.0119779
  8.6378216    -0.0023280     0.0516005    -0.0120146
  8.6678568    -0.0115550     0.0504017    -0.0110624
  8.6978920    -0.0180699     0.0494755    -0.0093214
  8.7279272    -0.0205826     0.0485434    -0.0071234
  8.7579624    -0.0185891     0.0472406    -0.0048878
  8.7879976    -0.0124395     0.0452023    -0.0030515
  8.8180328    -0.0032356     0.0421567    -0.0019876
  8.8480680     0.0074085     0.0379999    -0.0019272
  8.8781032     0.0176919     0.0328375    -0.0029015
  8.9081384     0.0259668     0.0269801    -0.0047193
  8.9381736     0.0310272     0.0208927    -0.0069894
  8.9682088     0.0322931     0.0151078    -0.0091850
  8.9982440     0.0298635     0.0101191    -0.0107432
  9.0282792     0.0244364     0.0062803    -0.0111787
  9.0583144     0.0171262     0.0037304    -0.0101908
  9.0883496     0.0092202     0.0023629    -0.0077394
  9.1183848     0.0019297     0.0018471    -0.0040732
  9.1484200    -0.0038156     0.0016967     0.0003002
  9.1784552    -0.0074948     0.0013742     0.0046983
  9.2084904    -0.0090288     0.0004054     0.0083875
  9.2385256    -0.0087253    -0.0015179     0.0107244
  9.2685608    -0.0071575    -0.0044712     0.0112844
  9.2985960    -0.0050124    -0.0082810     0.0099538
  9.3286312    -0.0029430    -0.0125633     0.0069622
  9.3586664    -0.0014548    -0.0168086     0.0028493
  9.3887016    -0.0008442    -0.0204951    -0.0016298
  9.4187368    -0.0011915    -0.0232057    -0.0056440
  9.4487720    -0.0023994    -0.0247220    -0.0084416
  9.4788072    -0.0042571    -0.0250760    -0.0094925
  9.5088424    -0.0065089    -0.0245453    -0.0085878
  9.5388776    -0.0089085    -0.0235943    -0.0058766
  9.5689128    -0.0112494    -0.0227727    -0.0018342
  9.5989480    -0.0133686    -0.0225935     0.0028340
  9.6289832    -0.0151332    -0.0234169     0.0073304
  9.6590184    -0.0164217    -0.0253664     0.0109188
  9.6890536    -0.0171137    -0.0282941     0.0130608
  9.7190888    -0.0170975    -0.0318048     0.0135089
  9.7491240    -0.0162961    -0.0353334     0.0123375
  9.7791592    -0.0147060    -0.0382592     0.0099071
  9.8091944    -0.0124350    -0.0400326     0.0067719
  9.8392296    -0.0097230    -0.0402883     0.0035503
  9.8692648    -0.0069324    -0.0389191     0.0007888
  9.8993000    -0.0045030    -0.0360973    -0.0011520
  9.9293352    -0.0028734    -0.0322381    -0.0021661
  9.9593704    -0.0023853    -0.0279144    -0.0024091
  9.9894056    -0.0031917    -0.0237423    -0.0022451
 10.0194408    -0.0051938    -0.0202613    -0.0021459
 10.0494760    -0.0080276    -0.0178364    -0.0025644
 10.0795112    -0.0111105    -0.0165998    -0.0038135
 10.1095464    -0.0137458    -0.0164460    -0.0059753
 10.1395816    -0.0152659    -0.0170772    -0.0088631
 10.1696168    -0.0151870    -0.0180870    -0.0120454
 10.1996520    -0.0133377    -0.0190630    -0.0149270
 10.2296872    -0.0099300    -0.0196827    -0.0168711
 10.2597224    -0.0055504    -0.0197826    -0.0173366
 10.2897576    -0.0010640    -0.0193836    -0.0160017
 10.3197928     0.0025531    -0.0186701    -0.0128460
 10.3498280     0.0044221    -0.0179281    -0.0081754
 10.3798632     0.0039676    -0.0174595    -0.0025814
 10.4098984     0.0010737    -0.0174930     0.0031572
 10.4399336    -0.0038476    -0.0181154     0.0082102
 10.4699688    -0.0098975    -0.0192386     0.0118442
 10.5000040    -0.0158405    -0.0206123     0.0135533
 10.5300392    -0.0203388    -0.0218785     0.0131471
 10.5600744    -0.0222242    -0.0226555     0.0107796
 10.5901096    -0.0207542    -0.0226311     0.0069146
 10.6201448    -0.0157943    -0.0216427     0.0022354
 10.6501800    -0.0078856    -0.0197238    -0.0024823
 10.6802152     0.0018224    -0.0171054    -0.0065089
 10.7102504     0.0117674    -0.0141705    -0.0092853
 10.7402856     0.0202610    -0.0113708    -0.0105084
 10.7703208     0.0258127    -0.0091252    -0.0101664
 10.8003560     0.0274250    -0.0077223    -0.0085175
 10.8303912     0.0247989    -0.0072510    -0.0060214
 10.8604264     0.0184060    -0.0075752    -0.0032388
 10.8904616     0.0094098    -0.0083602    -0.0007210
 10.9204968    -0.0005492    -0.0091466     0.0010892
 10.9505320    -0.0096629    -0.0094539     0.0019270
 10.9805672    -0.0162975    -0.0088940     0.0017345
 11.0106024    -0.0192979    -0.0072651     0.0006473
 11.0406376    -0.0181946    -0.0046076    -0.0010540
 11.0706728    -0.0132718    -0.0012052    -0.0030158
 11.1007080    -0.0054844     0.0024682    -0.0048881
 11.1307432     0.0037550     0.0058464    -0.0063916
 11.1607784     0.0128722     0.0083929    -0.0073627
 11.1908136     0.0204480     0.0097192    -0.0077680
 11.2208488     0.0254869     0.0096750    -0.0076913
 11.2508840     0.0275833     0.0083881    -0.0072972
 11.2809192     0.0269543     0.0062450    -0.0067827
 11.3109544     0.0243351     0.0038152    -0.0063286
 11.3409896     0.0207670     0.0017360    -0.0060607
 11.3710248     0.0173279     0.0005797    -0.0060284
 11.4010600     0.0148693     0.0007342    -0.0062030
 11.4310952     0.0138191     0.0023217    -0.0064936
 11.4611304     0.0140942     0.0051719    -0.0067746
 11.4911656     0.0151414     0.0088581    -0.0069172
 11.5212008     0.0160947     0.0127854    -0.0068172
 11.5512360     0.0160095     0.0163142    -0.0064139
 11.5812712     0.0141177     0.0188915    -0.0056956
 11.6113064     0.0100425     0.0201612    -0.0046946
 11.6413416     0.0039203     0.0200320    -0.0034723
 11.6713768    -0.0036004     0.0186872    -0.0021018
 11.7014120    -0.0114841     0.0165360    -0.0006509
 11.7314472    -0.0185317     0.0141192     0.0008287
 11.7614824    -0.0236490     0.0119878     0.0023060
 11.7915176    -0.0260992     0.0105853     0.0037666
 11.8215528    -0.0256803     0.0101550     0.0052043
 11.8515880    -0.0227814     0.0106963     0.0066106
 11.8816232    -0.0183044     0.0119740     0.0079648
 11.9116584    -0.0134626     0.0135808     0.0092289
 11.9416936    -0.0095022     0.0150354     0.0103463
 11.9717288    -0.0074059     0.0158940     0.0112458
 12.0017640    -0.0076485     0.0158506     0.0118483
 12.0317992    -0.0100611     0.0148030     0.0120755
 12.0618344    -0.0138397     0.0128713     0.0118574
 12.0918696    -0.0177005     0.0103655     0.0111394
 12.1219048    -0.0201545     0.0077117     0.0098876
 12.1519400    -0.0198420     0.0053536     0.0080942
 12.1819752    -0.0158579     0.0036536     0.0057837
 12.2120104    -0.0079940     0.0028156     0.0030194
 12.2420456     0.0031562     0.0028459    -0.0000888
 12.2720808     0.0162587     0.0035615    -0.0033792
 12.3021160     0.0294577     0.0046415    -0.0066380
 12.3321512     0.0407120     0.0057084    -0.0096074
 12.3621864     0.0481816     0.0064205    -0.0120050
 12.3922216     0.0505866     0.0065521    -0.0135549
 12.4222568     0.0474645     0.0060436    -0.0140288
 12.4522920     0.0392728     0.0050105    -0.0132898
 12.4823272     0.0273150     0.0037090    -0.0113329
 12.5123624     0.0135040     0.0024678    -0.0083105
 12.5423976     0.0000103     0.0016029    -0.0045357
 12.5724328    -0.0111342     0.0013363    -0.0004570
 12.6024680    -0.0184000     0.0017377     0.0033952
 12.6325032    -0.0210176     0.0027029     0.0064869
 12.6625384    -0.0190842     0.0039755     0.0083694
 12.6925736    -0.0135004     0.0052044     0.0087652
 12.7226088    -0.0057562     0.0060248     0.0076336
 12.7526440     0.0023855     0.0061432     0.0051990
 12.7826792     0.0092414     0.0054055     0.0019342
 12.8127144     0.0135247     0.0038335    -0.0015050
 12.8427496     0.0145647     0.0016200    -0.0043849
 12.8727848     0.0123912    -0.0009153    -0.0060241
 12.9028200     0.0076748    -0.0033973    -0.0059236
 12.9328552     0.0015438    -0.0054789    -0.0038751
 12.9628904    -0.0046753    -0.0069147    -0.0000227
 12.9929256    -0.0097369    -0.0076082     0.0051365
 13.0229608    -0.0127151    -0.0076208     0.0108166
 13.0529960    -0.0131566    -0.0071424     0.0160643
 13.0830312    -0.0111245    -0.0064301     0.0199189
 13.1130664    -0.0071325    -0.0057321     0.0215822
 13.1431016    -0.0019966    -0.0052163     0.0205680
 13.1731368     0.0033566    -0.0049219     0.0168024
 13.2031720     0.0080764    -0.0047474     0.0106558
 13.2332072     0.0115300    -0.0044798     0.0028970
 13.2632424     0.0133723    -0.0038575    -0.0054218
 13.2932776     0.0135385    -0.0026525    -0.0131321
 13.3233128     0.0121733    -0.0007513    -0.0191373
 13.3533480     0.0095247     0.0017872    -0.0225887
 13.3833832     0.0058411     0.0047138    -0.0230188
 13.4134184     0.0013006     0.0076167    -0.0204086
 13.4434536    -0.0040036     0.0099941    -0.0151772
 13.4734888    -0.0100208     0.0113551    -0.0081000
 13.5035240    -0.0166580     0.0113286    -0.0001698
 13.5335592    -0.0236821     0.0097539     0.0075699
 13.5635944    -0.0306451     0.0067318     0.0141887
 13.5936296    -0.0368647     0.0026228     0.0190018
 13.6236648    -0.0414788    -0.0020101     0.0216487
 13.6537000    -0.0435743    -0.0065039     0.0221078
 13.6837353    -0.0423698    -0.0102211     0.0206511
 13.7137705    -0.0374137    -0.0126720     0.0177526
 13.7438057    -0.0287510    -0.0136071     0.0139736
 13.7738409    -0.0170129    -0.0130585     0.0098510
 13.8038761    -0.0033990    -0.0113204     0.0058093
 13.8339113     0.0104602    -0.0088749     0.0021148
 13.8639465     0.0227422    -0.0062775    -0.0011268
 13.8939817     0.0317355    -0.0040310    -0.0039322
 13.9240169     0.0361472    -0.0024749    -0.0063784
 13.9540521     0.0353544    -0.0017184    -0.0085350
 13.9840873     0.0295446    -0.0016309    -0.0104104
 14.0141225     0.0197119    -0.0018936    -0.0119275
 14.0441577     0.0075024    -0.0020995    -0.0129324
 14.0741929    -0.0050656    -0.0018770    -0.0132363
 14.1042281    -0.0159555    -0.0010074    -0.0126759
 14.1342633    -0.0234724     0.0004955    -0.0111768
 14.1642985    -0.0265593     0.0023634    -0.0088002
 14.1943337    -0.0249721     0.0041205    -0.0057604
 14.2243689    -0.0192982     0.0051888    -0.0024034
 14.2544041    -0.0108183     0.0050316     0.0008486
 14.2844393    -0.0012389     0.0033001     0.0035770
 14.3144745     0.0076478    -0.0000516     0.0054521
 14.3445097     0.0143073    -0.0047139     0.0063037
 14.3745449     0.0177423    -0.0100490     0.0061585
 14.4045801     0.0176519    -0.0151980     0.0052353
 14.4346153     0.0144456    -0.0192489     0.0038960
 14.4646505     0.0091132    -0.0214298     0.0025613
 14.4946857     0.0029848    -0.0212876     0.0016126
 14.5247209    -0.0025638    -0.0188077     0.0012996
 14.5547561    -0.0063961    -0.0144462     0.0016775
 14.5847913    -0.0078311    -0.0090607     0.0025903
 14.6148265    -0.0067471    -0.0037494     0.0037047
 14.6448617    -0.0035583     0.0003716     0.0045895
 14.6748969     0.0009223     0.0024067     0.0048236
 14.7049321     0.0056976     0.0018839     0.0041074
 14.7349673     0.0098229    -0.0011233     0.0023507
 14.7650025     0.0126098    -0.0059871    -0.0002844
 14.7950377     0.0137509    -0.0116355    -0.0034003
 14.8250729     0.0133404    -0.0167652    -0.0064381
 14.8551081     0.0117915    -0.0201135    -0.0087983
 14.8851433     0.0096769    -0.0207364    -0.0099795
 14.9151785     0.0075367    -0.0182301    -0.0097073
 14.9452137     0.0057071    -0.0128483    -0.0080201
 14.9752489     0.0042140    -0.0054842    -0.0052908
 15.0052841     0.0027635     0.0024853    -0.0021736
 15.0353193     0.0008324     0.0094652     0.0005167
 15.0653545    -0.0021608     0.0139675     0.0019720
 15.0953897    -0.0066474     0.0149300     0.0015703
 15.1254249    -0.0127169     0.0119612    -0.0009705
 15.1554601    -0.0199929     0.0054589    -0.0054983
 15.1854953    -0.0276171    -0.0034275    -0.0114178
 15.2155305    -0.0343541    -0.0129892    -0.0177724
 15.2455657    -0.0388043    -0.0212695    -0.0234059
 15.2756009    -0.0396829    -0.0264365    -0.0271749

PDF 1 in D(r) format
  r, PDF (RMC), PDF (Expt)
 CURVES
         245 ,           2
      0.0654509       -0.0518903       -0.0518487
      0.1309019        0.0149782       -0.1036974
      0.1963528       -0.0755904       -0.1555461
      0.2618037       -0.0869564       -0.2073949
      0.3272547       -0.1627873       -0.2592436
      0.3927056       -0.2307065       -0.3110923
      0.4581565       -0.2940737       -0.3629410
      0.5236075       -0.3848535       -0.4147897
      0.5890584       -0.4670127       -0.4666384
      0.6545093       -0.5189029       -0.5184872
      0.7199603       -0.5707932       -0.5703359
      0.7854112       -0.6226835       -0.6221846
      0.8508621       -0.6745738       -0.6740333
      0.9163131       -0.7264641       -0.7258820
      0.9817640       -0.7783544       -0.7777307
      1.0472149       -0.8302447       -0.8295794
      1.1126659       -0.8678764       -0.8814282
      1.1781168       -0.9340253       -0.9332769
      1.2435677       -0.9859156       -0.8534496
      1.3090187       -0.7551620       -0.6131118
      1.3744696       -0.3823950       -0.2675095
      1.4399206        0.0867070        0.1694371
      1.5053715        0.6087446        0.6565243
      1.5708224        1.1070948        1.1273298
      1.6362734        1.7301783        1.5020358
      1.7017243        1.9663191        1.7065797
      1.7671752        1.9136050        1.6929626
      1.8326262        1.6010187        1.4532894
      1.8980771        1.0949880        1.0222271
      1.9635280        0.4740966        0.4671657
      2.0289790       -0.1828639       -0.1297703
      2.0944299       -0.8005454       -0.6909222
      2.1598808       -1.3131156       -1.1570597
      2.2253318       -1.6757823       -1.4928737
      2.2907827       -1.8739162       -1.6848480
      2.3562336       -1.9201074       -1.7351978
      2.4216846       -1.8390355       -1.6560100
      2.4871355       -1.6514899       -1.4660184
      2.5525864       -1.3705251       -1.1899441
      2.6180374       -1.0121248       -0.8585565
      2.6834883       -0.6092173       -0.5073901
      2.7489392       -0.2139768       -0.1732126
      2.8143902        0.1169533        0.1110648
      2.8798411        0.3447139        0.3213035
      2.9452920        0.4614071        0.4451695
      3.0107430        0.4848354        0.4824624
      3.0761939        0.4404083        0.4430559
      3.1416448        0.3454523        0.3435209
      3.2070958        0.2074010        0.2036099
      3.2725467        0.0341666        0.0433831
      3.3379976       -0.1555809       -0.1187926
      3.4034486       -0.3333188       -0.2675069
      3.4688995       -0.4726964       -0.3910444
      3.5343504       -0.5620616       -0.4817000
      3.5998014       -0.6064600       -0.5356468
      3.6652523       -0.6177321       -0.5523286
      3.7307032       -0.6018739       -0.5334799
      3.7961542       -0.5546677       -0.4820485
      3.8616051       -0.4684729       -0.4013945
      3.9270560       -0.3428530       -0.2950839
      3.9925070       -0.1888324       -0.1673695
      4.0579579       -0.0232857       -0.0241362
      4.1234088        0.1404583        0.1261923
      4.1888598        0.2964195        0.2723982
      4.2543107        0.4407530        0.4013251
      4.3197617        0.5634314        0.4999057
      4.3852126        0.6463858        0.5579204
      4.4506635        0.6719771        0.5706504
      4.5161145        0.6358022        0.5404934
      4.5815654        0.5530081        0.4768946
      4.6470163        0.4521298        0.3945010
      4.7124673        0.3607840        0.3100504
      4.7779182        0.2941109        0.2389058
      4.8433691        0.2539109        0.1921862
      4.9088201        0.2368332        0.1751535
      4.9742710        0.2425244        0.1870475
      5.0397219        0.2738899        0.2221259
      5.1051729        0.3299929        0.2714185
      5.1706238        0.3995940        0.3246760
      5.2360747        0.4629251        0.3721221
      5.3015257        0.5015205        0.4057974
      5.3669766        0.5081696        0.4204222
      5.4324275        0.4885976        0.4137823
      5.4978785        0.4537688        0.3866722
      5.5633294        0.4099819        0.3424457
      5.6287803        0.3555692        0.2862556
      5.6942313        0.2866034        0.2241078
      5.7596822        0.2055582        0.1618886
      5.8251331        0.1241894        0.1045309
      5.8905841        0.0573867        0.0554532
      5.9560350        0.0132127        0.0163396
      6.0214859       -0.0120516       -0.0127492
      6.0869369       -0.0295531       -0.0330101
      6.1523878       -0.0482733       -0.0463926
      6.2178387       -0.0687338       -0.0550755
      6.2832897       -0.0851225       -0.0610231
      6.3487406       -0.0930257       -0.0656874
      6.4141915       -0.0949523       -0.0698832
      6.4796425       -0.0983481       -0.0738326
      6.5450934       -0.1082487       -0.0773422
      6.6105443       -0.1219601       -0.0800461
      6.6759953       -0.1312174       -0.0816346
      6.7414462       -0.1300236       -0.0819946
      6.8068971       -0.1207524       -0.0812235
      6.8723481       -0.1125134       -0.0795316
      6.9377990       -0.1129905       -0.0770901
      7.0032500       -0.1212092       -0.0739047
      7.0687009       -0.1280298       -0.0697680
      7.1341518       -0.1240954       -0.0643088
      7.1996028       -0.1080324       -0.0571109
      7.2650537       -0.0873874       -0.0478599
      7.3305046       -0.0714714       -0.0364748
      7.3959556       -0.0627788       -0.0231996
      7.4614065       -0.0549901       -0.0086339
      7.5268574       -0.0394408        0.0063070
      7.5923084       -0.0140281        0.0205123
      7.6577593        0.0138189        0.0328600
      7.7232102        0.0330197        0.0424277
      7.7886612        0.0382685        0.0486684
      7.8541121        0.0343639        0.0514967
      7.9195630        0.0314826        0.0512661
      7.9850140        0.0358257        0.0486557
      8.0504649        0.0443507        0.0445208
      8.1159158        0.0484661        0.0397538
      8.1813668        0.0431385        0.0351810
      8.2468177        0.0327083        0.0314893
      8.3122686        0.0276949        0.0291696
      8.3777196        0.0353183        0.0284731
      8.4431705        0.0525101        0.0293933
      8.5086214        0.0681348        0.0316932
      8.5740724        0.0727323        0.0349786
      8.6395233        0.0670472        0.0387958
      8.7049742        0.0614931        0.0427171
      8.7704252        0.0668435        0.0463866
      8.8358761        0.0844443        0.0495222
      8.9013270        0.1047601        0.0518944
      8.9667780        0.1155654        0.0533069
      9.0322289        0.1123890        0.0535976
      9.0976798        0.1018600        0.0526551
      9.1631308        0.0951401        0.0504400
      9.2285817        0.0976504        0.0469993
      9.2940326        0.1045268        0.0424687
      9.3594836        0.1057767        0.0370656
      9.4249345        0.0960858        0.0310740
      9.4903854        0.0800069        0.0248209
      9.5558364        0.0677194        0.0186461
      9.6212873        0.0654685        0.0128694
      9.6867382        0.0698049        0.0077661
      9.7521892        0.0711479        0.0035531
      9.8176401        0.0633404        0.0003809
      9.8830911        0.0500762       -0.0016802
      9.9485420        0.0418652       -0.0026672
     10.0139929        0.0460802       -0.0027579
     10.0794439        0.0593219       -0.0022864
     10.1448948        0.0694885       -0.0017177
     10.2103457        0.0660746       -0.0015722
     10.2757967        0.0494767       -0.0023167
     10.3412476        0.0307220       -0.0042560
     10.4066985        0.0216506       -0.0074601
     10.4721495        0.0243477       -0.0117477
     10.5376004        0.0294530       -0.0167238
     10.6030513        0.0249624       -0.0218611
     10.6685023        0.0075512       -0.0266021
     10.7339532       -0.0139312       -0.0304673
     10.7994041       -0.0260652       -0.0331461
     10.8648551       -0.0227185       -0.0345501
     10.9303060       -0.0104191       -0.0348108
     10.9957569       -0.0024093       -0.0342206
     11.0612079       -0.0068475       -0.0331368
     11.1266588       -0.0198936       -0.0318840
     11.1921097       -0.0298294       -0.0306890
     11.2575607       -0.0281945       -0.0296615
     11.3230116       -0.0175497       -0.0288136
     11.3884625       -0.0087536       -0.0280945
     11.4539135       -0.0104752       -0.0274248
     11.5193644       -0.0208937       -0.0267245
     11.5848153       -0.0294328       -0.0259412
     11.6502663       -0.0269114       -0.0250773
     11.7157172       -0.0145200       -0.0242068
     11.7811681       -0.0030461       -0.0234649
     11.8466191       -0.0029022       -0.0230042
     11.9120700       -0.0142323       -0.0229319
     11.9775209       -0.0264849       -0.0232586
     12.0429719       -0.0280817       -0.0238866
     12.1084228       -0.0173014       -0.0246458
     12.1738737       -0.0041501       -0.0253574
     12.2393247       -0.0012481       -0.0258934
     12.3047756       -0.0120376       -0.0262058
     12.3702265       -0.0273202       -0.0263212
     12.4356775       -0.0335604       -0.0263143
     12.5011284       -0.0254402       -0.0262769
     12.5665794       -0.0109974       -0.0262952
     12.6320303       -0.0043647       -0.0264328
     12.6974812       -0.0126170       -0.0267167
     12.7629322       -0.0289001       -0.0271299
     12.8283831       -0.0384272       -0.0276147
     12.8938340       -0.0320724       -0.0280922
     12.9592850       -0.0150841       -0.0284915
     13.0247359       -0.0026961       -0.0287729
     13.0901868       -0.0064023       -0.0289324
     13.1556378       -0.0233877       -0.0289854
     13.2210887       -0.0389083       -0.0289409
     13.2865396       -0.0395941       -0.0287861
     13.3519906       -0.0255467       -0.0284911
     13.4174415       -0.0101026       -0.0280304
     13.4828924       -0.0074637       -0.0274073
     13.5483434       -0.0196438       -0.0266666
     13.6137943       -0.0348771       -0.0258888
     13.6792452       -0.0389884       -0.0251708
     13.7446962       -0.0290560       -0.0246014
     13.8101471       -0.0164033       -0.0242406
     13.8755980       -0.0158602       -0.0241073
     13.9410490       -0.0312492       -0.0241769
     14.0064999       -0.0509320       -0.0243891
     14.0719508       -0.0580813       -0.0246652
     14.1374018       -0.0464491       -0.0249274
     14.2028527       -0.0267961       -0.0251127
     14.2683036       -0.0174538       -0.0251755
     14.3337546       -0.0273170       -0.0250812
     14.3992055       -0.0471107       -0.0247990
     14.4646564       -0.0575938       -0.0243048
     14.5301074       -0.0476552       -0.0235949
     14.5955583       -0.0255363       -0.0227000
     14.6610092       -0.0121413       -0.0216851
     14.7264602       -0.0218517       -0.0206269
     14.7919111       -0.0483810       -0.0195808
     14.8573620       -0.0693409       -0.0185555
     14.9228130       -0.0662168       -0.0175150
     14.9882639       -0.0417399       -0.0164078
     15.0537148       -0.0181796       -0.0152058
     15.1191658       -0.0172412       -0.0139287
     15.1846167       -0.0396622       -0.0126392
     15.2500676       -0.0638450       -0.0114166
     15.3155186       -0.0658543       -0.0103254
     15.3809695       -0.0428594       -0.0094004
     15.4464205       -0.0175816       -0.0086500
     15.5118714       -0.0178791       -0.0080674
     15.5773223       -0.0490822       -0.0076377
     15.6427733       -0.0853900       -0.0073324
     15.7082242       -0.0910659       -0.0071016
     15.7736751       -0.0548388       -0.0068728
     15.8391261       -0.0063190       -0.0065646
     15.9045770        0.0038304       -0.0061094
     15.9700279       -0.0529789       -0.0054732
     16.0354789       -0.1525784       -0.0046632

 Total S(Q)'s: Comparison with input data

   494  2 are NQ and NPAR

       Q      S(Q)_RMC  S(Q)_Expt
      0.4682470     -1.0506759     -0.8484157
      0.4982822     -1.2041065     -0.8123326
      0.5283174     -1.2809783     -0.7788095
      0.5583526     -1.2892321     -0.7498224
      0.5883878     -1.2452391     -0.7266274
      0.6184230     -1.1701232     -0.7095890
      0.6484582     -1.0857210     -0.6981526
      0.6784934     -1.0108998     -0.6909678
      0.7085286     -0.9588268     -0.6861411
      0.7385638     -0.9355591     -0.6815721
      0.7685990     -0.9400533     -0.6753101
      0.7986342     -0.9654301     -0.6658646
      0.8286694     -1.0011118     -0.6524110
      0.8587046     -1.0353368     -0.6348536
      0.8887398     -1.0575320     -0.6137356
      0.9187750     -1.0601119     -0.5900171
      0.9488102     -1.0394303     -0.5647685
      0.9788454     -0.9958076     -0.5388428
      1.0088806     -0.9327505     -0.5125984
      1.0389158     -0.8556328     -0.4857306
      1.0689510     -0.7701858     -0.4572526
      1.0989862     -0.6811529     -0.4256355
      1.1290214     -0.5913913     -0.3890857
      1.1590566     -0.5015755     -0.3459106
      1.1890918     -0.4105162     -0.2949056
      1.2191270     -0.3159656     -0.2356897
      1.2491622     -0.2156800     -0.1689247
      1.2791974     -0.1084709     -0.0963745
      1.3092326      0.0050093     -0.0207910
      1.3392678      0.1219275      0.0543601
      1.3693030      0.2374456      0.1252862
      1.3993382      0.3453699      0.1883068
      1.4293734      0.4391223      0.2402732
      1.4594086      0.5128255      0.2789041
      1.4894438      0.5622708      0.3029901
      1.5194790      0.5855756      0.3124437
      1.5495142      0.5834091      0.3082009
      1.5795494      0.5587604      0.2920012
      1.6095846      0.5163183      0.2660956
      1.6396198      0.4616091      0.2329357
      1.6696550      0.4000779      0.1948955
      1.6996902      0.3362985      0.1540648
      1.7297254      0.2734564      0.1121352
      1.7597606      0.2131813      0.0703785
      1.7897958      0.1557262      0.0296992
      1.8198311      0.1004142     -0.0092673
      1.8498663      0.0462251     -0.0460467
      1.8799015     -0.0076278     -0.0802365
      1.9099367     -0.0612654     -0.1114578
      1.9399719     -0.1139463     -0.1393520
      1.9700071     -0.1641356     -0.1636180
      2.0000423     -0.2098057     -0.1840703
      2.0300775     -0.2488817     -0.2006944
      2.0601127     -0.2797150     -0.2136804
      2.0901479     -0.3014685     -0.2234162
      2.1201831     -0.3143209     -0.2304383
      2.1502183     -0.3194439     -0.2353475
      2.1802535     -0.3187638     -0.2387056
      2.2102887     -0.3145650     -0.2409377
      2.2403239     -0.3090308     -0.2422621
      2.2703591     -0.3038288     -0.2426660
      2.3003943     -0.2998319     -0.2419346
      2.3304295     -0.2970364     -0.2397295
      2.3604647     -0.2946874     -0.2357003
      2.3904999     -0.2915767     -0.2296078
      2.4205351     -0.2864382     -0.2214306
      2.4505703     -0.2783466     -0.2114324
      2.4806055     -0.2670246     -0.2001751
      2.5106407     -0.2529903     -0.1884722
      2.5406759     -0.2375122     -0.1772903
      2.5707111     -0.2223845     -0.1676182
      2.6007463     -0.2095768     -0.1603268
      2.6307815     -0.2008383     -0.1560471
      2.6608167     -0.1973469     -0.1550882
      2.6908519     -0.1994801     -0.1574089
      2.7208871     -0.2067553     -0.1626467
      2.7509223     -0.2179503     -0.1701942
      2.7809575     -0.2313721     -0.1793082
      2.8109927     -0.2452097     -0.1892270
      2.8410279     -0.2578933     -0.1992756
      2.8710631     -0.2683788     -0.2089389
      2.9010983     -0.2762996     -0.2178942
      2.9311335     -0.2819573     -0.2260007
      2.9611687     -0.2861613     -0.2332555
      2.9912039     -0.2899614     -0.2397286
      3.0212391     -0.2943382     -0.2454965
      3.0512743     -0.2999264     -0.2505877
      3.0813095     -0.3068339     -0.2549547
      3.1113447     -0.3145960     -0.2584743
      3.1413799     -0.3222726     -0.2609746
      3.1714151     -0.3286614     -0.2622801
      3.2014503     -0.3325741     -0.2622604
      3.2314855     -0.3331111     -0.2608704
      3.2615207     -0.3298682     -0.2581709
      3.2915559     -0.3230293     -0.2543237
      3.3215911     -0.3133238     -0.2495625
      3.3516263     -0.3018611     -0.2441452
      3.3816615     -0.2898794     -0.2382986
      3.4116967     -0.2784699     -0.2321686
      3.4417319     -0.2683377     -0.2257851
      3.4717671     -0.2596531     -0.2190506
      3.5018023     -0.2520277     -0.2117534
      3.5318375     -0.2446165     -0.2036042
      3.5618727     -0.2363216     -0.1942853
      3.5919079     -0.2260505     -0.1835061
      3.6219431     -0.2129678     -0.1710505
      3.6519783     -0.1966847     -0.1568106
      3.6820135     -0.1773439     -0.1408002
      3.7120487     -0.1555818     -0.1231470
      3.7420839     -0.1323802     -0.1040683
      3.7721191     -0.1088417     -0.0838345
      3.8021543     -0.0859416     -0.0627289
      3.8321895     -0.0643136     -0.0410103
      3.8622247     -0.0441162     -0.0188841
      3.8922599     -0.0250107      0.0035161
      3.9222951     -0.0062527      0.0261349
      3.9523303      0.0131247      0.0489926
      3.9823655      0.0340772      0.0721745
      4.0124007      0.0573204      0.0958147
      4.0424359      0.0831544      0.1200772
      4.0724711      0.1113815      0.1451325
      4.1025063      0.1413324      0.1711319
      4.1325415      0.1719936      0.1981776
      4.1625767      0.2022035      0.2262914
      4.1926119      0.2308748      0.2553844
      4.2226471      0.2571899      0.2852315
      4.2526823      0.2807299      0.3154583
      4.2827175      0.3015082      0.3455447
      4.3127527      0.3199072      0.3748506
      4.3427879      0.3365344      0.4026645
      4.3728231      0.3520345      0.4282713
      4.4028583      0.3669029      0.4510320
      4.4328935      0.3813437      0.4704634
      4.4629287      0.3952030      0.4863021
      4.4929639      0.4079935      0.4985426
      4.5229991      0.4189997      0.5074365
      4.5530343      0.4274391      0.5134508
      4.5830695      0.4326389      0.5171879
      4.6131047      0.4341873      0.5192786
      4.6431399      0.4320231      0.5202665
      4.6731751      0.4264438      0.5205017
      4.7032103      0.4180306      0.5200663
      4.7332455      0.4075105      0.5187451
      4.7632807      0.3955858      0.5160497
      4.7933159      0.3827745      0.5112925
      4.8233511      0.3692974      0.5037004
      4.8533863      0.3550383      0.4925462
      4.8834215      0.3395875      0.4772766
      4.9134567      0.3223583      0.4576110
      4.9434919      0.3027490      0.4335952
      4.9735271      0.2803139      0.4056000
      5.0035623      0.2549035      0.3742649
      5.0335975      0.2267423      0.3404018
      5.0636327      0.1964269      0.3048748
      5.0936679      0.1648437      0.2684829
      5.1237031      0.1330270      0.2318670
      5.1537383      0.1019872      0.1954589
      5.1837735      0.0725494      0.1594802
      5.2138087      0.0452356      0.1239894
      5.2438439      0.0202173      0.0889626
      5.2738791     -0.0026550      0.0543903
      5.3039143     -0.0237542      0.0203651
      5.3339495     -0.0435348     -0.0128589
      5.3639847     -0.0623834     -0.0448501
      5.3940199     -0.0804941     -0.0750315
      5.4240551     -0.0978012     -0.1027540
      5.4540903     -0.1139812     -0.1273977
      5.4841255     -0.1285250     -0.1484780
      5.5141607     -0.1408614     -0.1657340
      5.5441959     -0.1505023     -0.1791823
      5.5742311     -0.1571748     -0.1891211
      5.6042663     -0.1609087     -0.1960857
      5.6343015     -0.1620578     -0.2007630
      5.6643367     -0.1612494     -0.2038811
      5.6943719     -0.1592730     -0.2060985
      5.7244071     -0.1569318     -0.2079112
      5.7544423     -0.1548919     -0.2095975
      5.7844775     -0.1535620     -0.2112095
      5.8145127     -0.1530302     -0.2126088
      5.8445479     -0.1530723     -0.2135388
      5.8745831     -0.1532289     -0.2137155
      5.9046183     -0.1529325     -0.2129159
      5.9346535     -0.1516566     -0.2110470
      5.9646887     -0.1490519     -0.2081800
      5.9947239     -0.1450385     -0.2045457
      6.0247591     -0.1398353     -0.2004930
      6.0547943     -0.1339188     -0.1964227
      6.0848295     -0.1279222     -0.1927120
      6.1148647     -0.1224985     -0.1896471
      6.1448999     -0.1181782     -0.1873779
      6.1749351     -0.1152551     -0.1859042
      6.2049703     -0.1137247     -0.1850925
      6.2350055     -0.1132890     -0.1847191
      6.2650407     -0.1134265     -0.1845255
      6.2950759     -0.1135093     -0.1842731
      6.3251111     -0.1129416     -0.1837828
      6.3551463     -0.1112879     -0.1829521
      6.3851815     -0.1083610     -0.1817455
      6.4152167     -0.1042517     -0.1801646
      6.4452519     -0.0992945     -0.1782061
      6.4752871     -0.0939776     -0.1758223
      6.5053223     -0.0888197     -0.1728951
      6.5353575     -0.0842422     -0.1692334
      6.5653927     -0.0804664     -0.1645956
      6.5954279     -0.0774593     -0.1587335
      6.6254631     -0.0749408     -0.1514475
      6.6554983     -0.0724488     -0.1426391
      6.6855335     -0.0694481     -0.1323464
      6.7155687     -0.0654562     -0.1207531
      6.7456039     -0.0601588     -0.1081653
      6.7756391     -0.0534865     -0.0949603
      6.8056743     -0.0456367     -0.0815169
      6.8357095     -0.0370349     -0.0681433
      6.8657447     -0.0282461     -0.0550176
      6.8957799     -0.0198546     -0.0421581
      6.9258151     -0.0123419     -0.0294290
      6.9558503     -0.0059884     -0.0165834
      6.9858855     -0.0008230     -0.0033347
      7.0159207      0.0033709      0.0105587
      7.0459559      0.0069938      0.0252148
      7.0759911      0.0105271      0.0405734
      7.1060263      0.0144151      0.0563790
      7.1360615      0.0189562      0.0722071
      7.1660967      0.0242307      0.0875295
      7.1961319      0.0300791      0.1018050
      7.2261671      0.0361368      0.1145761
      7.2562023      0.0419152      0.1255505
      7.2862375      0.0469110      0.1346489
      7.3162727      0.0507176      0.1420069
      7.3463079      0.0531132      0.1479306
      7.3763431      0.0541070      0.1528147
      7.4063783      0.0539311      0.1570408
      7.4364135      0.0529837      0.1608796
      7.4664487      0.0517359      0.1644195
      7.4964839      0.0506244      0.1675389
      7.5265191      0.0499561      0.1699311
      7.5565543      0.0498451      0.1711770
      7.5865895      0.0501974      0.1708529
      7.6166247      0.0507462      0.1686472
      7.6466599      0.0511268      0.1644633
      7.6766951      0.0509751      0.1584817
      7.7067303      0.0500253      0.1511670
      7.7367655      0.0481823      0.1432140
      7.7668008      0.0455535      0.1354421
      7.7968360      0.0424320      0.1286575
      7.8268712      0.0392339      0.1235115
      7.8569064      0.0364067      0.1203819
      7.8869416      0.0343286      0.1193061
      7.9169768      0.0332230      0.1199771
      7.9470120      0.0331080      0.1218068
      7.9770472      0.0337936      0.1240435
      8.0070824      0.0349256      0.1259206
      8.0371176      0.0360676      0.1268065
      8.0671528      0.0368013      0.1263249
      8.0971880      0.0368221      0.1244216
      8.1272232      0.0360071      0.1213655
      8.1572584      0.0344409      0.1176823
      8.1872936      0.0323929      0.1140382
      8.2173288      0.0302509      0.1110956
      8.2473640      0.0284278      0.1093740
      8.2773992      0.0272624      0.1091424
      8.3074344      0.0269372      0.1103663
      8.3374696      0.0274337      0.1127185
      8.3675048      0.0285344      0.1156500
      8.3975400      0.0298712      0.1185038
      8.4275752      0.0310096      0.1206475
      8.4576104      0.0315489      0.1215941
      8.4876456      0.0312145      0.1210883
      8.5176808      0.0299218      0.1191383
      8.5477160      0.0277956      0.1159913
      8.5777512      0.0251420      0.1120584
      8.6077864      0.0223772      0.1078076
      8.6378216      0.0199316      0.1036522
      8.6678568      0.0181500      0.0998569
      8.6978920      0.0172118      0.0964846
      8.7279272      0.0170893      0.0933933
      8.7579624      0.0175538      0.0902831
      8.7879976      0.0182293      0.0867791
      8.8180328      0.0186793      0.0825316
      8.8480680      0.0185093      0.0773075
      8.8781032      0.0174591      0.0710525
      8.9081384      0.0154650      0.0639079
      8.9381736      0.0126766      0.0561798
      8.9682088      0.0094247      0.0482673
      8.9982440      0.0061469      0.0405671
      9.0282792      0.0032882      0.0333774
      9.0583144      0.0012002      0.0268242
      9.0883496      0.0000601      0.0208286
      9.1183848     -0.0001699      0.0151230
      9.1484200      0.0002660      0.0093130
      9.1784552      0.0009726      0.0029729
      9.2084904      0.0014941     -0.0042482
      9.2385256      0.0014188     -0.0125338
      9.2685608      0.0004740     -0.0218420
      9.2985960     -0.0014110     -0.0318967
      9.3286312     -0.0040867     -0.0422307
      9.3586664     -0.0072166     -0.0522718
      9.3887016     -0.0103513     -0.0614540
      9.4187368     -0.0130296     -0.0693284
      9.4487720     -0.0148810     -0.0756501
      9.4788072     -0.0157083     -0.0804213
      9.5088424     -0.0155300     -0.0838813
      9.5388776     -0.0145741     -0.0864460
      9.5689128     -0.0132243     -0.0886098
      9.5989480     -0.0119313     -0.0908326
      9.6289832     -0.0111098     -0.0934376
      9.6590184     -0.0110437     -0.0965411
      9.6890536     -0.0118233     -0.1000318
      9.7190888     -0.0133265     -0.1036024
      9.7491240     -0.0152491     -0.1068269
      9.7791592     -0.0171771     -0.1092639
      9.8091944     -0.0186841     -0.1105642
      9.8392296     -0.0194308     -0.1105561
      9.8692648     -0.0192443     -0.1092894
      9.8993000     -0.0181584     -0.1070283
      9.9293352     -0.0164063     -0.1041947
      9.9593704     -0.0143672     -0.1012744
      9.9894056     -0.0124788     -0.0987091
     10.0194408     -0.0111369     -0.0967983
     10.0494760     -0.0106045     -0.0956341
     10.0795112     -0.0109517     -0.0950845
     10.1095464     -0.0120402     -0.0948285
     10.1395816     -0.0135563     -0.0944354
     10.1696168     -0.0150834     -0.0934708
     10.1996520     -0.0161996     -0.0916030
     10.2296872     -0.0165752     -0.0886867
     10.2597224     -0.0160496     -0.0848029
     10.2897576     -0.0146689     -0.0802467
     10.3197928     -0.0126757     -0.0754637
     10.3498280     -0.0104534     -0.0709502
     10.3798632     -0.0084375     -0.0671395
     10.4098984     -0.0070159     -0.0643008
     10.4399336     -0.0064384     -0.0624733
     10.4699688     -0.0067592     -0.0614526
     10.5000040     -0.0078240     -0.0608309
     10.5300392     -0.0093051     -0.0600853
     10.5600744     -0.0107767     -0.0586912
     10.5901096     -0.0118130     -0.0562373
     10.6201448     -0.0120865     -0.0525150
     10.6501800     -0.0114436     -0.0475615
     10.6802152     -0.0099405     -0.0416463
     10.7102504     -0.0078307     -0.0352046
     10.7402856     -0.0055067     -0.0287316
     10.7703208     -0.0034099     -0.0226629
     10.8003560     -0.0019289     -0.0172692
     10.8303912     -0.0013087     -0.0125893
     10.8604264     -0.0015944     -0.0084175
     10.8904616     -0.0026190     -0.0043513
     10.9204968     -0.0040409      0.0001132
     10.9505320     -0.0054214      0.0054581
     10.9805672     -0.0063251      0.0120212
     11.0106024     -0.0064194      0.0199033
     11.0406376     -0.0055514      0.0289271
     11.0706728     -0.0037840      0.0386592
     11.1007080     -0.0013824      0.0484920
     11.1307432      0.0012447      0.0577672
     11.1607784      0.0036373      0.0659155
     11.1908136      0.0053872      0.0725801
     11.2208488      0.0062300      0.0776953
     11.2508840      0.0061035      0.0815030
     11.2809192      0.0051602      0.0844997
     11.3109544      0.0037305      0.0873270
     11.3409896      0.0022460      0.0906264
     11.3710248      0.0011395      0.0948920
     11.4010600      0.0007452      0.1003536
     11.4310952      0.0012220      0.1069154
     11.4611304      0.0025181      0.1141664
     11.4911656      0.0043830      0.1214601
     11.5212008      0.0064272      0.1280463
     11.5512360      0.0082122      0.1332274
     11.5812712      0.0093532      0.1365036
     11.6113064      0.0096090      0.1376759
     11.6413416      0.0089385      0.1368831
     11.6713768      0.0075118      0.1345650
     11.7014120      0.0056712      0.1313603
     11.7314472      0.0038540      0.1279611
     11.7614824      0.0024917      0.1249583
     11.7915176      0.0019111      0.1227116
     11.8215528      0.0022586      0.1212739
     11.8515880      0.0034661      0.1203878
     11.8816232      0.0052661      0.1195540
     11.9116584      0.0072518      0.1181568
     11.9416936      0.0089701      0.1156173
     11.9717288      0.0100244      0.1115388
     12.0017640      0.0101650      0.1058111
     12.0317992      0.0093457      0.0986479
     12.0618344      0.0077333      0.0905487
     12.0918696      0.0056694      0.0821926
     12.1219048      0.0035911      0.0742877
     12.1519400      0.0019313      0.0674104
     12.1819752      0.0010196      0.0618723
     12.2120104      0.0010080      0.0576451
     12.2420456      0.0018374      0.0543634
     12.2720808      0.0032538      0.0514056
     12.3021160      0.0048687      0.0480363
     12.3321512      0.0062507      0.0435782
     12.3621864      0.0070272      0.0375754
     12.3922216      0.0069709      0.0299100
     12.4222568      0.0060534      0.0208439
     12.4522920      0.0044510      0.0109755
     12.4823272      0.0025028      0.0011187
     12.5123624      0.0006310     -0.0078704
     12.5423976     -0.0007589     -0.0152798
     12.5724328     -0.0013743     -0.0206998
     12.6024680     -0.0011054     -0.0241164
     12.6325032     -0.0000517     -0.0259180
     12.6625384      0.0014994     -0.0268126
     12.6925736      0.0031400     -0.0276715
     12.7226088      0.0044365     -0.0293357
     12.7526440      0.0050323     -0.0324268
     12.7826792      0.0047330     -0.0372051
     12.8127144      0.0035541     -0.0435088
     12.8427496      0.0017201     -0.0507875
     12.8727848     -0.0003851     -0.0582253
     12.9028200     -0.0023064     -0.0649244
     12.9328552     -0.0036229     -0.0701102
     12.9628904     -0.0040463     -0.0733096
     12.9929256     -0.0034901     -0.0744623
     13.0229608     -0.0020922     -0.0739380
     13.0529960     -0.0001854     -0.0724549
     13.0830312      0.0017773     -0.0709167
     13.1130664      0.0033266     -0.0702036
     13.1431016      0.0040849     -0.0709668
     13.1731368      0.0038550     -0.0734726
     13.2031720      0.0026670     -0.0775340
     13.2332072      0.0007734     -0.0825473
     13.2632424     -0.0014081     -0.0876272
     13.2932776     -0.0033902     -0.0918111
     13.3233128     -0.0047285     -0.0942863
     13.3533480     -0.0051257     -0.0945878
     13.3833832     -0.0045019     -0.0927183
     13.4134184     -0.0030152     -0.0891613
     13.4434536     -0.0010270     -0.0847806
     13.4734888      0.0009805     -0.0806256
     13.5035240      0.0025157     -0.0776850
     13.5335592      0.0031926     -0.0766460
     13.5635944      0.0028224     -0.0777144
     13.5936296      0.0014594     -0.0805404
     13.6236648     -0.0006079     -0.0842727
     13.6537000     -0.0029223     -0.0877328
     13.6837353     -0.0049621     -0.0896742
     13.7137705     -0.0062630     -0.0890716
     13.7438057     -0.0065268     -0.0853724
     13.7738409     -0.0056943     -0.0786534
     13.8038761     -0.0039618     -0.0696402
     13.8339113     -0.0017389     -0.0595809
     13.8639465      0.0004449     -0.0499945
     13.8939817      0.0020620     -0.0423468
     13.9240169      0.0027117     -0.0377237
     13.9540521      0.0022156     -0.0365760
     13.9840873      0.0006636     -0.0385963
     14.0141225     -0.0016028     -0.0427610
     14.0441577     -0.0040665     -0.0475360
     14.0741929     -0.0061533     -0.0512051
     14.1042281     -0.0073669     -0.0522531
     14.1342633     -0.0074071     -0.0497189
     14.1642985     -0.0062449     -0.0434378
     14.1943337     -0.0041358     -0.0341131
     14.2243689     -0.0015659     -0.0231928
     14.2544041      0.0008575     -0.0125724
     14.2844393      0.0025463     -0.0041808
     14.3144745      0.0030705      0.0004609
     14.3445097      0.0022639      0.0006082
     14.3745449      0.0002705     -0.0034959
     14.4045801     -0.0024816     -0.0106262
     14.4346153     -0.0053731     -0.0188064
     14.4646505     -0.0077348     -0.0257260
     14.4946857     -0.0090041     -0.0292597
     14.5247209     -0.0088620     -0.0279774
     14.5547561     -0.0073160     -0.0215278
     14.5847913     -0.0047095     -0.0108004
     14.6148265     -0.0016517      0.0021864
     14.6448617      0.0011180      0.0146659
     14.6748969      0.0029012      0.0237081
     14.7049321      0.0032094      0.0268931
     14.7349673      0.0018899      0.0229310
     14.7650025     -0.0008216      0.0120848
     14.7950377     -0.0043376     -0.0037139
     14.8250729     -0.0078408     -0.0211117
     14.8551081     -0.0104667     -0.0359248
     14.8851433     -0.0115071     -0.0439850
     14.9151785     -0.0105900     -0.0420888
     14.9452137     -0.0077920     -0.0288676
     14.9752489     -0.0036547     -0.0053959
     15.0052841      0.0009049      0.0246053
     15.0353193      0.0047752      0.0550456
     15.0653545      0.0068874      0.0782114
     15.0953897      0.0064608      0.0858810
     15.1254249      0.0032017      0.0706320
     15.1554601     -0.0025888      0.0271225
     15.1854953     -0.0100271     -0.0468800
     15.2155305     -0.0177817     -0.1499125
     15.2455657     -0.0243106     -0.2767915
     15.2756009     -0.0281538     -0.4191710
