Time       moves_acc moves_gen     G(r)_1     S(Q)_1
h/m/s/.th    WEIGHT PARAMETERS   0.100E+01  0.100E+01
120217.768        5695       13975  0.512E+00  0.135E+01
120229.769        9435       29536  0.437E+00  0.124E+01
120241.771       12975       44872  0.381E+00  0.114E+01
120253.789       14814       52754  0.353E+00  0.109E+01
120305.803       15084       53897  0.349E+00  0.109E+01
120317.771       15635       56201  0.342E+00  0.107E+01
120329.800       16856       61522  0.325E+00  0.105E+01
120341.771       17970       66386  0.311E+00  0.102E+01
120353.771       19139       71969  0.296E+00  0.991E+00
120405.771       20260       77297  0.282E+00  0.968E+00
120417.774       21210       81636  0.272E+00  0.946E+00
120429.774       22603       88356  0.255E+00  0.917E+00
120441.771       24082       95405  0.237E+00  0.888E+00
120453.777       25544      102695  0.222E+00  0.862E+00
120505.770       26822      108913  0.209E+00  0.839E+00
120517.783       27833      114033  0.200E+00  0.820E+00
120529.783       29189      120645  0.189E+00  0.796E+00
120541.770       30718      127976  0.175E+00  0.771E+00
120553.770       32073      134690  0.164E+00  0.750E+00
120605.773       33446      141839  0.153E+00  0.728E+00
120617.773       34664      148377  0.144E+00  0.711E+00
120629.771       36307      157112  0.134E+00  0.688E+00
120641.773       37922      165709  0.123E+00  0.665E+00
120653.773       39089      171886  0.115E+00  0.650E+00
120705.771       40350      178468  0.108E+00  0.634E+00
120717.774       41574      185295  0.101E+00  0.619E+00
120729.785       42821      192423  0.950E-01  0.604E+00
120741.807       44181      200440  0.877E-01  0.589E+00
120753.773       45450      207905  0.818E-01  0.576E+00
120805.771       46519      214402  0.769E-01  0.566E+00
120817.773       48050      223800  0.707E-01  0.550E+00
120829.775       49385      231874  0.648E-01  0.538E+00
120841.774       50503      238933  0.612E-01  0.526E+00
120853.772       51510      245182  0.590E-01  0.516E+00
120905.773       52612      252645  0.547E-01  0.509E+00
120917.775       53742      260043  0.515E-01  0.500E+00
120929.774       54843      267456  0.479E-01  0.492E+00
120941.773       55723      273566  0.466E-01  0.485E+00
120953.789       56762      281278  0.439E-01  0.477E+00
121005.772       57616      287326  0.414E-01  0.472E+00
121017.770       58756      295414  0.392E-01  0.464E+00
121029.776       59856      303294  0.378E-01  0.456E+00
121041.771       60915      310976  0.366E-01  0.448E+00
121053.807       61946      318493  0.342E-01  0.443E+00
121105.778       62881      325427  0.325E-01  0.437E+00
121117.774       63811      332993  0.305E-01  0.433E+00
121129.772       64623      339409  0.302E-01  0.427E+00
121141.770       65593      347008  0.282E-01  0.422E+00
121153.771       66464      354332  0.269E-01  0.418E+00
121205.773       67424      362323  0.261E-01  0.412E+00
121217.771       68440      370612  0.247E-01  0.407E+00
121229.772       69389      378119  0.233E-01  0.404E+00
121241.776       70210      385310  0.227E-01  0.400E+00
121253.771       71078      392672  0.223E-01  0.396E+00
121305.771       71851      399359  0.210E-01  0.393E+00
121317.771       72734      407129  0.212E-01  0.389E+00
121329.770       73719      415990  0.206E-01  0.385E+00
121341.772       74578      423916  0.196E-01  0.382E+00
121353.772       75347      430654  0.180E-01  0.381E+00
121405.797       76038      437273  0.173E-01  0.379E+00
121417.772       76770      444099  0.166E-01  0.377E+00
121429.773       77489      450452  0.184E-01  0.373E+00
121441.773       78426      459115  0.172E-01  0.371E+00
121453.801       79273      467202  0.161E-01  0.369E+00
121505.772       80128      475134  0.170E-01  0.365E+00
121517.774       80933      483256  0.152E-01  0.365E+00
121529.770       81617      489984  0.160E-01  0.362E+00
121541.772       82515      498140  0.190E-01  0.356E+00
121553.772       83234      504702  0.196E-01  0.354E+00
121605.771       83989      511841  0.187E-01  0.352E+00
121617.772       84778      519311  0.182E-01  0.351E+00
121629.770       85504      526684  0.183E-01  0.349E+00
121641.774       86153      533210  0.177E-01  0.348E+00
121653.776       86550      537434  0.165E-01  0.348E+00
121705.828       86612      538088  0.163E-01  0.348E+00
121717.774       86851      540486  0.154E-01  0.349E+00
121729.809       87276      544422  0.147E-01  0.349E+00
121741.781       87696      548496  0.158E-01  0.346E+00
121753.781       87783      549454  0.156E-01  0.346E+00
121805.809       87977      551329  0.165E-01  0.345E+00
121817.773       88618      557782  0.197E-01  0.341E+00
121829.769       89035      562072  0.186E-01  0.341E+00
121841.771       89317      564910  0.177E-01  0.341E+00
121853.785       89343      565290  0.175E-01  0.341E+00
121905.772       89733      569266  0.190E-01  0.339E+00
121917.794       90166      573689  0.174E-01  0.340E+00
121929.789       90543      577612  0.176E-01  0.339E+00
121941.839       90601      578175  0.178E-01  0.339E+00
121953.770       90843      580663  0.178E-01  0.338E+00
122005.779       91413      586858  0.182E-01  0.337E+00
122017.771       91886      591823  0.203E-01  0.334E+00
122029.806       92191      595003  0.203E-01  0.334E+00
122041.828       92225      595377  0.209E-01  0.334E+00
122053.772       92517      598389  0.204E-01  0.333E+00
122105.770       93049      604080  0.203E-01  0.332E+00
122117.787       93447      608322  0.188E-01  0.333E+00
122129.774       93599      609789  0.182E-01  0.333E+00
122141.795       93663      610398  0.184E-01  0.333E+00
122153.770       94234      616099  0.177E-01  0.333E+00
122205.770       94665      620576  0.172E-01  0.333E+00
122217.824       94957      623942  0.172E-01  0.332E+00
122229.815       95070      624859  0.171E-01  0.332E+00
122241.772       95269      626598  0.165E-01  0.333E+00
122253.771       95772      632369  0.158E-01  0.332E+00
122305.770       96201      637011  0.156E-01  0.332E+00
122317.825       96381      638733  0.152E-01  0.332E+00
122329.805       96428      639241  0.152E-01  0.332E+00
122341.770       96866      644311  0.151E-01  0.332E+00
122353.790       97290      649010  0.150E-01  0.331E+00
122405.801       97587      652334  0.156E-01  0.330E+00
122417.803       97637      652815  0.152E-01  0.331E+00
122429.786       97913      655795  0.148E-01  0.331E+00
122441.772       98344      660627  0.158E-01  0.329E+00
122453.791       98537      663017  0.155E-01  0.329E+00
122505.831       98621      663835  0.154E-01  0.329E+00
122517.779       98850      666463  0.158E-01  0.329E+00
122529.775       99424      672740  0.171E-01  0.327E+00
122541.771      100021      679430  0.166E-01  0.326E+00
122553.774      100733      687764  0.149E-01  0.327E+00
122605.802      101328      694414  0.155E-01  0.326E+00
122617.788      101896      700806  0.155E-01  0.325E+00
122629.771      102431      706866  0.155E-01  0.325E+00
122641.771      103005      713220  0.167E-01  0.323E+00
122653.781      103597      719910  0.166E-01  0.323E+00
122705.771      104102      725542  0.162E-01  0.323E+00
122717.772      104611      731268  0.149E-01  0.324E+00
122729.769      105159      737098  0.137E-01  0.324E+00
122741.772      105782      744356  0.151E-01  0.323E+00
122753.771      106385      750778  0.156E-01  0.322E+00
122805.771      107007      757767  0.145E-01  0.322E+00
122817.796      107551      764107  0.131E-01  0.324E+00
122829.773      108061      769845  0.140E-01  0.322E+00
122841.772      108644      776448  0.128E-01  0.323E+00
122853.773      109180      782213  0.134E-01  0.322E+00
122905.771      109517      786096  0.142E-01  0.321E+00
122917.773      110176      793723  0.148E-01  0.320E+00
122929.771      110885      801395  0.174E-01  0.317E+00
122941.774      111360      807048  0.180E-01  0.316E+00
122953.776      111968      814331  0.196E-01  0.314E+00
123005.775      112762      822537  0.163E-01  0.317E+00
123017.774      113429      829734  0.149E-01  0.318E+00
123029.778      114001      836203  0.169E-01  0.315E+00
123041.771      114457      841361  0.205E-01  0.312E+00
123053.771      115021      847732  0.230E-01  0.310E+00
123105.772      115577      853942  0.205E-01  0.312E+00
123117.771      116135      860414  0.217E-01  0.311E+00
123129.771      116823      868128  0.217E-01  0.310E+00
123141.778      117470      875528  0.244E-01  0.308E+00
123153.780      118116      882675  0.229E-01  0.309E+00
123205.771      118862      890577  0.226E-01  0.309E+00
123217.770      119556      898619  0.228E-01  0.308E+00
123229.772      120302      906703  0.240E-01  0.307E+00
123241.770      120898      913767  0.256E-01  0.306E+00
123253.770      121567      921453  0.236E-01  0.307E+00
123305.771      122257      929017  0.229E-01  0.307E+00
123317.772      122821      935540  0.220E-01  0.307E+00
123329.782      123480      943282  0.252E-01  0.305E+00
123341.772      124162      950860  0.251E-01  0.305E+00
123353.792      124811      958238  0.241E-01  0.305E+00
123405.772      125413      965085  0.234E-01  0.305E+00
123417.780      125930      971032  0.247E-01  0.304E+00
123429.774      126426      977118  0.255E-01  0.303E+00
123441.771      127020      984031  0.263E-01  0.303E+00
123453.801      127606      990976  0.265E-01  0.302E+00
123505.772      128252      997903  0.253E-01  0.303E+00
123517.770      128911     1005299  0.268E-01  0.302E+00
123529.771      129579     1012552  0.250E-01  0.303E+00
123541.774      130353     1021354  0.248E-01  0.303E+00
123553.772      130930     1028671  0.255E-01  0.302E+00
123605.772      131664     1036939  0.256E-01  0.302E+00
123617.796      132291     1044140  0.248E-01  0.302E+00
123629.770      132902     1051884  0.256E-01  0.302E+00
123641.772      133542     1059241  0.250E-01  0.302E+00
123653.778      133567     1059503  0.252E-01  0.302E+00
123705.771      133647     1060428  0.253E-01  0.302E+00
123717.772      134393     1068837  0.263E-01  0.301E+00
123729.770      135161     1077860  0.275E-01  0.300E+00
123741.788      135848     1085371  0.296E-01  0.298E+00
123753.786      136607     1094124  0.264E-01  0.300E+00
123805.771      137310     1101954  0.241E-01  0.301E+00
123817.777      137796     1108026  0.246E-01  0.301E+00
123829.771      138383     1115212  0.265E-01  0.300E+00
123841.776      139002     1122039  0.257E-01  0.300E+00
123853.770      139575     1128280  0.252E-01  0.300E+00
123905.771      140151     1135031  0.248E-01  0.301E+00
123917.775      141080     1142059  0.236E-01  0.303E+00
123929.772      141644     1148321  0.255E-01  0.301E+00
123941.771      142118     1153261  0.258E-01  0.300E+00
123953.771      142372     1156301  0.254E-01  0.300E+00
124005.775      142715     1160253  0.298E-01  0.297E+00
124017.791      143031     1164120  0.305E-01  0.297E+00
124029.773      143403     1168081  0.285E-01  0.298E+00
124041.771      143693     1171622  0.310E-01  0.296E+00
124053.775      144097     1176164  0.292E-01  0.297E+00
124105.780      144544     1181552  0.322E-01  0.295E+00
124117.771      144993     1187185  0.331E-01  0.295E+00
124129.793      145499     1192555  0.334E-01  0.294E+00
124141.774      145983     1198230  0.314E-01  0.295E+00
124153.772      146339     1202691  0.326E-01  0.294E+00
124205.770      146865     1208850  0.311E-01  0.295E+00
124217.771      147466     1216399  0.305E-01  0.295E+00
124229.780      148056     1223171  0.290E-01  0.296E+00
124241.770      148656     1229530  0.275E-01  0.297E+00
124253.771      149185     1235760  0.284E-01  0.296E+00
124305.770      149757     1242629  0.299E-01  0.295E+00
124317.775      150319     1249616  0.302E-01  0.295E+00
124329.770      151001     1257160  0.303E-01  0.295E+00
124341.780      151734     1265313  0.269E-01  0.297E+00
124353.771      152376     1272530  0.259E-01  0.298E+00
124405.770      153032     1280477  0.255E-01  0.298E+00
124417.770      153721     1288521  0.252E-01  0.298E+00
124429.770      154434     1296814  0.269E-01  0.297E+00
124441.783      155060     1304303  0.278E-01  0.296E+00
124453.810      155668     1310958  0.268E-01  0.297E+00
124505.795      156319     1318601  0.365E-01  0.422E+00
124517.771      157048     1326881  0.239E-01  0.299E+00
124529.770      157734     1334451  0.239E-01  0.299E+00
124541.770      158335     1341438  0.247E-01  0.298E+00
124553.771      158960     1349242  0.246E-01  0.298E+00
124605.773      159575     1356655  0.240E-01  0.298E+00
124617.771      160229     1364710  0.248E-01  0.298E+00
124629.771      160811     1371901  0.257E-01  0.297E+00
124641.798      161410     1379192  0.255E-01  0.297E+00
124653.770      162050     1386938  0.254E-01  0.297E+00
124705.774      162712     1394625  0.238E-01  0.298E+00
124717.771      163301     1401653  0.246E-01  0.297E+00
124729.770      163882     1408695  0.283E-01  0.295E+00
124741.770      164509     1416191  0.298E-01  0.294E+00
124753.774      165276     1425047  0.273E-01  0.296E+00
124805.769      165923     1432510  0.289E-01  0.294E+00
124817.772      166557     1440121  0.281E-01  0.295E+00
124829.771      167177     1447979  0.303E-01  0.293E+00
124841.797      167726     1453664  0.280E-01  0.295E+00
124853.770      168291     1460868  0.303E-01  0.293E+00
124905.773      168889     1468422  0.303E-01  0.293E+00
124917.772      169447     1475431  0.300E-01  0.293E+00
124929.773      170006     1481755  0.286E-01  0.294E+00
124941.774      170454     1487654  0.304E-01  0.293E+00
124953.770      171006     1494653  0.328E-01  0.292E+00
125005.782      171686     1502675  0.351E-01  0.282E+00
125017.774      172390     1510918  0.336E-01  0.291E+00
125029.774      172978     1517921  0.311E-01  0.292E+00
125041.778      173688     1525757  0.317E-01  0.292E+00
125053.774      174342     1533566  0.316E-01  0.292E+00
125105.770      174874     1540544  0.335E-01  0.291E+00
125117.771      175667     1549159  0.305E-01  0.293E+00
125129.771      176239     1556194  0.308E-01  0.292E+00
125141.770      176931     1564211  0.280E-01  0.294E+00
125153.770      177519     1571233  0.271E-01  0.295E+00
125205.770      178100     1578534  0.295E-01  0.293E+00
125217.774      178764     1586543  0.334E-01  0.291E+00
125229.771      179456     1594246  0.312E-01  0.292E+00
125241.770      180033     1601043  0.315E-01  0.292E+00
125253.774      180765     1609419  0.345E-01  0.290E+00
125305.771      181406     1616907  0.350E-01  0.290E+00
125317.770      182037     1625163  0.391E-01  0.287E+00
125329.774      182721     1632864  0.375E-01  0.288E+00
125341.769      183444     1641206  0.354E-01  0.289E+00
125353.771      184103     1648745  0.318E-01  0.291E+00
125405.771      184830     1656675  0.280E-01  0.294E+00
125417.770      185568     1664674  0.291E-01  0.293E+00
125429.772      186180     1671443  0.266E-01  0.294E+00
125441.800      186755     1677735  0.250E-01  0.296E+00
125453.772      187345     1684942  0.258E-01  0.295E+00
125505.770      187953     1692155  0.272E-01  0.294E+00
125517.771      188643     1700221  0.281E-01  0.293E+00
125529.770      189238     1706934  0.259E-01  0.295E+00
125541.770      189863     1714045  0.255E-01  0.295E+00
125553.773      190434     1720675  0.262E-01  0.294E+00
125605.772      191110     1728396  0.279E-01  0.293E+00
125617.771      191798     1736228  0.274E-01  0.294E+00
125629.770      192462     1743502  0.270E-01  0.294E+00
125641.774      193167     1751005  0.245E-01  0.296E+00
125653.770      193879     1758758  0.226E-01  0.297E+00
125705.770      194560     1766743  0.218E-01  0.298E+00
125717.783      195210     1774805  0.217E-01  0.277E+00
125729.771      195862     1782388  0.233E-01  0.296E+00
125741.772      196441     1789815  0.251E-01  0.295E+00
125753.771      197104     1797738  0.266E-01  0.294E+00
125805.771      197718     1804862  0.252E-01  0.295E+00
125817.770      198452     1812956  0.239E-01  0.296E+00
125829.773      199098     1820406  0.225E-01  0.297E+00
125841.770      199738     1827567  0.213E-01  0.298E+00
125853.771      200528     1836229  0.217E-01  0.297E+00
125905.771      201269     1844974  0.233E-01  0.296E+00
125917.770      201958     1852957  0.232E-01  0.296E+00
125929.770      202647     1860567  0.218E-01  0.297E+00
125941.770      203293     1868373  0.233E-01  0.296E+00
125953.770      203901     1875913  0.240E-01  0.295E+00
130005.770      204502     1883279  0.246E-01  0.295E+00
130017.771      205202     1891828  0.274E-01  0.293E+00
130029.772      205843     1898874  0.251E-01  0.294E+00
130041.770      206546     1906925  0.252E-01  0.294E+00
130053.771      207102     1913758  0.250E-01  0.294E+00
130105.784      207819     1921783  0.268E-01  0.293E+00
130117.771      208524     1929846  0.271E-01  0.293E+00
130129.772      209258     1938153  0.282E-01  0.292E+00
130141.769      209925     1945629  0.260E-01  0.293E+00
130153.771      210587     1952738  0.237E-01  0.295E+00
130205.772      211243     1960630  0.228E-01  0.296E+00
130217.771      211876     1968012  0.218E-01  0.296E+00
130229.770      212579     1975974  0.208E-01  0.297E+00
130241.770      213326     1984348  0.211E-01  0.297E+00
130253.772      214050     1993166  0.243E-01  0.294E+00
130305.770      214654     2000251  0.236E-01  0.295E+00
130317.779      215361     2008734  0.256E-01  0.293E+00
130329.770      216024     2016565  0.236E-01  0.295E+00
130341.770      216658     2025128  0.297E-01  0.291E+00
130353.771      217287     2033123  0.346E-01  0.288E+00
130405.771      217908     2040020  0.355E-01  0.288E+00
130417.771      218699     2048677  0.328E-01  0.289E+00
130429.770      219292     2055820  0.287E-01  0.291E+00
130441.771      219947     2063429  0.305E-01  0.290E+00
130453.773      220687     2071621  0.312E-01  0.290E+00
130505.773      221296     2079300  0.366E-01  0.286E+00
130517.772      221915     2086481  0.344E-01  0.287E+00
130529.770      222514     2093476  0.348E-01  0.287E+00
130541.800      223156     2101250  0.352E-01  0.287E+00
130553.770      223792     2108521  0.366E-01  0.286E+00
130605.779      224320     2115139  0.357E-01  0.287E+00
130617.771      224981     2123329  0.382E-01  0.285E+00
130629.770      225653     2130875  0.363E-01  0.286E+00
130641.770      226193     2137323  0.361E-01  0.286E+00
130653.802      226859     2144601  0.351E-01  0.287E+00
130705.770      227444     2151907  0.366E-01  0.286E+00
130717.772      228134     2160611  0.410E-01  0.284E+00
130729.771      228851     2168864  0.394E-01  0.284E+00
130741.770      229509     2176635  0.399E-01  0.284E+00
130753.830      230213     2185012  0.485E-01  0.328E+00
130805.770      230883     2193013  0.396E-01  0.284E+00
130817.859      231583     2201015  0.371E-01  0.279E+00
130829.770      232248     2208323  0.361E-01  0.286E+00
130841.772      232903     2216517  0.363E-01  0.286E+00
130853.772      233469     2222885  0.362E-01  0.286E+00
130905.774      234232     2231456  0.356E-01  0.286E+00
130917.771      234908     2239032  0.333E-01  0.287E+00
130929.777      235586     2247369  0.340E-01  0.287E+00
130941.770      236322     2255018  0.322E-01  0.288E+00
130953.770      236931     2262155  0.340E-01  0.287E+00
131005.801      237542     2269603  0.330E-01  0.288E+00
131017.770      238242     2277276  0.298E-01  0.290E+00
131029.772      238827     2284513  0.318E-01  0.288E+00
131041.772      239510     2292439  0.347E-01  0.287E+00
131053.773      240269     2301312  0.380E-01  0.285E+00
131105.770      240887     2308874  0.387E-01  0.284E+00
131117.771      241521     2316663  0.428E-01  0.282E+00
131129.770      242249     2325000  0.410E-01  0.283E+00
131141.771      242956     2333280  0.468E-01  0.280E+00
131153.770      243666     2341210  0.499E-01  0.279E+00
131205.770      244394     2349356  0.495E-01  0.279E+00
131217.770      245161     2358253  0.490E-01  0.279E+00
131229.770      245842     2365988  0.448E-01  0.281E+00
131241.770      246545     2373891  0.431E-01  0.282E+00
131253.770      247151     2381333  0.450E-01  0.281E+00
131305.882      247834     2389122  0.439E-01  0.272E+00
131317.769      248499     2397273  0.502E-01  0.279E+00
131329.772      249164     2405142  0.533E-01  0.277E+00
131341.770      249759     2411758  0.494E-01  0.279E+00
131353.769      250397     2419322  0.504E-01  0.278E+00
131405.770      251152     2427732  0.510E-01  0.278E+00
131417.771      251809     2435354  0.466E-01  0.280E+00
131429.771      252508     2443592  0.450E-01  0.280E+00
131441.771      253269     2451491  0.407E-01  0.283E+00
131453.771      253933     2459293  0.398E-01  0.283E+00
131505.771      254618     2466757  0.371E-01  0.284E+00
131517.770      255260     2475059  0.390E-01  0.283E+00
131529.770      255965     2482993  0.381E-01  0.284E+00
131541.773      256584     2491146  0.385E-01  0.284E+00
131553.771      257309     2499604  0.376E-01  0.284E+00
131605.771      258009     2507983  0.392E-01  0.283E+00
131617.771      258694     2516437  0.400E-01  0.283E+00
131629.771      259432     2525102  0.414E-01  0.282E+00
131641.773      260180     2533373  0.432E-01  0.281E+00
131653.789      260835     2540916  0.405E-01  0.283E+00
131705.770      261553     2549407  0.390E-01  0.283E+00
131717.772      262304     2557616  0.359E-01  0.285E+00
131729.770      263039     2565580  0.345E-01  0.286E+00
131741.773      263753     2573471  0.339E-01  0.286E+00
131753.771      264482     2581115  0.310E-01  0.288E+00
131805.772      265144     2589299  0.324E-01  0.287E+00
131817.772      265886     2597769  0.304E-01  0.288E+00
131829.771      266613     2605866  0.301E-01  0.289E+00
131841.771      267365     2613758  0.294E-01  0.289E+00
131853.770      268102     2622554  0.350E-01  0.286E+00
131905.807      268821     2631140  0.320E-01  0.287E+00
131917.772      269537     2639702  0.310E-01  0.288E+00
131929.770      270305     2648533  0.291E-01  0.289E+00
131941.772      271111     2657076  0.263E-01  0.291E+00
131953.770      271831     2665385  0.271E-01  0.291E+00
132005.770      272630     2673798  0.245E-01  0.293E+00
132017.770      273343     2681885  0.243E-01  0.293E+00
132029.771      274018     2690119  0.243E-01  0.293E+00
132041.771      274759     2699275  0.243E-01  0.293E+00
132053.769      275457     2707505  0.239E-01  0.293E+00
132105.773      276185     2715892  0.254E-01  0.292E+00
132117.773      276849     2724485  0.271E-01  0.291E+00
132129.770      277584     2733427  0.265E-01  0.291E+00
132141.770      278257     2741427  0.258E-01  0.291E+00
132153.770      278928     2749230  0.252E-01  0.292E+00
132205.770      279617     2757704  0.273E-01  0.290E+00
132217.772      280340     2765985  0.274E-01  0.290E+00
132229.772      281102     2774908  0.261E-01  0.291E+00
132241.771      281781     2783267  0.260E-01  0.304E+00
132253.771      282447     2791301  0.259E-01  0.291E+00
132305.773      283186     2799772  0.240E-01  0.293E+00
132317.771      283991     2809155  0.223E-01  0.294E+00
132329.780      284810     2818312  0.243E-01  0.293E+00
132341.771      285617     2827043  0.254E-01  0.292E+00
132353.771      286412     2836463  0.254E-01  0.292E+00
132405.771      287217     2845769  0.286E-01  0.290E+00
132417.771      287912     2854268  0.293E-01  0.289E+00
132429.771      288761     2863712  0.279E-01  0.290E+00
132441.782      289468     2872348  0.289E-01  0.289E+00
132453.773      290232     2881184  0.323E-01  0.287E+00
132505.770      291001     2889764  0.307E-01  0.288E+00
132517.774      291697     2897806  0.308E-01  0.288E+00
132529.773      292430     2905595  0.304E-01  0.288E+00
132541.771      293185     2914166  0.273E-01  0.290E+00
132553.771      293945     2922535  0.280E-01  0.290E+00
132605.771      294731     2931355  0.262E-01  0.291E+00
132617.771      295508     2940633  0.265E-01  0.291E+00
132629.770      296268     2949386  0.278E-01  0.290E+00
132641.771      297155     2958968  0.281E-01  0.290E+00
132653.770      297844     2966721  0.289E-01  0.289E+00
132705.772      298614     2975475  0.277E-01  0.290E+00
132717.769      299345     2983570  0.262E-01  0.291E+00
132729.770      300105     2991719  0.252E-01  0.292E+00
132741.772      300837     2999625  0.236E-01  0.293E+00
132753.774      301591     3008566  0.228E-01  0.294E+00
132805.770      302465     3018373  0.218E-01  0.295E+00
132817.773      303195     3027069  0.206E-01  0.296E+00
132829.770      303928     3035957  0.214E-01  0.295E+00
132841.773      304735     3045302  0.214E-01  0.295E+00
132853.771      305416     3053838  0.214E-01  0.295E+00
132905.770      306213     3063753  0.213E-01  0.295E+00
132917.772      306918     3071880  0.205E-01  0.296E+00
132929.772      307625     3080235  0.201E-01  0.296E+00
132941.770      308395     3088939  0.195E-01  0.297E+00
132953.771      309108     3097932  0.195E-01  0.297E+00
133005.771      309834     3106106  0.191E-01  0.297E+00
133017.770      310607     3115401  0.190E-01  0.297E+00
133029.770      311358     3124053  0.218E-01  0.295E+00
133041.771      312071     3132261  0.204E-01  0.296E+00
133053.770      312724     3140444  0.202E-01  0.296E+00
133105.770      313480     3149071  0.208E-01  0.295E+00
133117.770      314241     3157756  0.200E-01  0.296E+00
133129.770      315011     3166692  0.232E-01  0.294E+00
133141.770      315626     3174011  0.231E-01  0.293E+00
133153.771      316261     3181324  0.259E-01  0.291E+00
133205.774      316899     3189186  0.274E-01  0.290E+00
133217.771      317537     3195862  0.259E-01  0.291E+00
133229.795      318325     3205640  0.328E-01  0.287E+00
133241.772      318983     3213245  0.366E-01  0.285E+00
133253.770      319537     3219860  0.352E-01  0.285E+00
133305.801      320224     3227409  0.357E-01  0.285E+00
133317.771      320902     3235567  0.384E-01  0.283E+00
133329.806      321600     3243395  0.322E-01  0.271E+00
133341.776      322276     3251399  0.383E-01  0.283E+00
133353.802      322832     3257195  0.355E-01  0.285E+00
133405.770      323476     3264216  0.332E-01  0.286E+00
133417.770      324080     3271407  0.332E-01  0.286E+00
133429.773      324786     3279736  0.317E-01  0.287E+00
133441.796      325406     3286890  0.303E-01  0.288E+00
133453.773      325914     3292849  0.294E-01  0.288E+00
133505.771      326626     3300633  0.266E-01  0.290E+00
133517.770      327197     3307861  0.271E-01  0.290E+00
133529.770      327890     3315507  0.258E-01  0.291E+00
133541.770      328608     3324117  0.245E-01  0.292E+00
133553.770      329319     3332134  0.227E-01  0.294E+00
133605.770      330150     3340734  0.230E-01  0.293E+00
133617.770      330847     3349422  0.235E-01  0.293E+00
133629.802      331518     3357533  0.228E-01  0.293E+00
133641.772      332326     3367406  0.233E-01  0.293E+00
133653.770      333074     3375781  0.226E-01  0.294E+00
133705.770      333621     3382428  0.227E-01  0.293E+00
133717.770      334230     3389655  0.219E-01  0.294E+00
133729.771      334845     3396805  0.219E-01  0.294E+00
133741.779      335407     3403779  0.223E-01  0.294E+00
133753.770      336069     3411396  0.246E-01  0.292E+00
133805.771      336645     3417713  0.236E-01  0.293E+00
133817.773      337318     3425679  0.242E-01  0.292E+00
133829.780      338020     3433090  0.273E-01  0.290E+00
133841.780      338679     3440988  0.324E-01  0.287E+00
133853.771      339272     3448044  0.353E-01  0.285E+00
133905.772      339978     3455999  0.341E-01  0.286E+00
133917.771      340515     3462499  0.367E-01  0.284E+00
133929.778      341199     3469744  0.351E-01  0.285E+00
133941.801      341843     3477263  0.332E-01  0.286E+00
133953.771      342554     3484986  0.351E-01  0.285E+00
134005.806      343045     3490750  0.347E-01  0.285E+00
134017.771      343528     3496627  0.340E-01  0.286E+00
134029.770      344097     3502637  0.322E-01  0.287E+00
134041.770      344530     3507393  0.301E-01  0.288E+00
134053.770      344920     3511528  0.288E-01  0.289E+00
134105.770      345653     3520223  0.285E-01  0.289E+00
134117.774      346232     3527060  0.306E-01  0.288E+00
134129.774      346732     3532290  0.286E-01  0.289E+00
134141.771      347381     3540461  0.287E-01  0.289E+00
134153.771      348020     3547465  0.303E-01  0.288E+00
134205.770      348577     3553923  0.308E-01  0.288E+00
134217.771      349196     3561130  0.311E-01  0.288E+00
134229.772      349846     3568493  0.327E-01  0.286E+00
134241.778      350484     3575692  0.329E-01  0.286E+00
134253.775      350989     3581955  0.334E-01  0.286E+00
134305.781      351518     3587583  0.325E-01  0.287E+00
134317.784      351964     3592654  0.357E-01  0.285E+00
134329.771      352518     3598999  0.381E-01  0.283E+00
134341.801      353117     3606129  0.379E-01  0.283E+00
134353.771      353767     3613364  0.383E-01  0.283E+00
134405.771      354205     3618647  0.413E-01  0.282E+00
134417.771      354728     3624829  0.411E-01  0.282E+00
134429.792      355361     3631994  0.407E-01  0.282E+00
134441.770      356112     3640376  0.395E-01  0.282E+00
134453.772      356822     3648504  0.387E-01  0.283E+00
134505.771      357528     3656786  0.382E-01  0.283E+00
134517.771      358155     3663930  0.380E-01  0.283E+00
134529.770      358732     3670134  0.371E-01  0.284E+00
134541.771      359333     3676921  0.349E-01  0.285E+00
134553.774      360000     3684237  0.329E-01  0.286E+00
134605.799      360701     3692095  0.312E-01  0.287E+00
134617.771      361302     3698956  0.297E-01  0.288E+00
134629.772      361961     3706360  0.275E-01  0.290E+00
134641.771      362432     3712057  0.282E-01  0.289E+00
134653.817      362925     3717493  0.286E-01  0.300E+00
134705.771      363504     3724308  0.268E-01  0.290E+00
134717.770      364007     3730362  0.279E-01  0.289E+00
134729.770      364657     3737951  0.258E-01  0.291E+00
134741.770      365198     3744535  0.277E-01  0.289E+00
134753.798      365853     3751639  0.273E-01  0.290E+00
134805.772      366343     3757441  0.305E-01  0.288E+00
134817.781      366900     3763835  0.299E-01  0.288E+00
134829.771      367517     3770634  0.283E-01  0.289E+00
134841.771      368086     3777054  0.280E-01  0.289E+00
134853.776      368681     3783744  0.264E-01  0.290E+00
134905.770      369267     3790284  0.254E-01  0.291E+00
134917.771      369889     3797388  0.263E-01  0.290E+00
134929.770      370515     3804433  0.268E-01  0.290E+00
134941.779      371143     3811534  0.263E-01  0.281E+00
134953.770      371753     3818597  0.271E-01  0.290E+00
135005.783      372272     3825035  0.278E-01  0.289E+00
135017.790      372927     3832231  0.276E-01  0.289E+00
135029.771      373545     3839399  0.288E-01  0.289E+00
135041.770      374147     3846337  0.300E-01  0.288E+00
135053.771      374710     3852735  0.276E-01  0.290E+00
135105.772      375331     3859227  0.263E-01  0.290E+00
135117.783      375735     3863998  0.260E-01  0.291E+00
135129.772      376251     3870520  0.274E-01  0.290E+00
135141.772      376763     3876735  0.295E-01  0.288E+00
135153.771      377445     3884975  0.289E-01  0.288E+00
135205.771      378167     3893203  0.275E-01  0.289E+00
135217.770      378848     3901980  0.319E-01  0.287E+00
135229.779      379466     3910190  0.378E-01  0.283E+00
135241.781      380032     3916888  0.388E-01  0.283E+00
135253.780      380419     3921239  0.365E-01  0.284E+00
135305.817      380560     3923012  0.372E-01  0.283E+00
135317.772      381206     3930396  0.360E-01  0.284E+00
135329.785      381745     3937215  0.405E-01  0.282E+00
135341.771      382407     3945139  0.401E-01  0.282E+00
135353.780      383052     3952434  0.369E-01  0.284E+00
135405.773      383751     3959943  0.368E-01  0.284E+00
135417.776      384259     3965677  0.381E-01  0.283E+00
135429.806      384603     3969589  0.370E-01  0.283E+00
135441.773      385012     3974366  0.360E-01  0.284E+00
135453.774      385534     3980568  0.363E-01  0.284E+00
135505.777      385932     3985345  0.368E-01  0.283E+00
135517.796      386355     3990094  0.366E-01  0.284E+00
135529.772      386666     3993616  0.361E-01  0.284E+00
135541.770      387256     4000097  0.330E-01  0.286E+00
135553.770      387764     4005500  0.317E-01  0.286E+00
135605.770      388282     4011773  0.334E-01  0.285E+00
135617.778      388683     4016714  0.339E-01  0.285E+00
135629.833      388800     4017750  0.335E-01  0.285E+00
135641.770      389363     4024279  0.322E-01  0.286E+00
135653.787      389682     4028064  0.306E-01  0.287E+00
135705.771      390243     4034384  0.292E-01  0.288E+00
135717.780      390812     4040416  0.265E-01  0.290E+00
135729.770      391226     4045168  0.262E-01  0.290E+00
135741.782      391330     4046267  0.262E-01  0.290E+00
135753.801      391919     4053012  0.268E-01  0.290E+00
135805.771      392404     4059429  0.272E-01  0.289E+00
135817.772      393059     4066612  0.263E-01  0.290E+00
135829.772      393640     4073330  0.278E-01  0.289E+00
135841.780      394049     4078666  0.299E-01  0.288E+00
135853.773      394208     4080454  0.294E-01  0.288E+00
135905.773      394763     4086920  0.287E-01  0.288E+00
135917.771      395333     4093907  0.297E-01  0.288E+00
135929.778      395895     4100734  0.307E-01  0.287E+00
135941.772      396336     4105996  0.301E-01  0.288E+00
135953.785      396567     4108041  0.293E-01  0.288E+00
140005.770      397157     4114652  0.278E-01  0.289E+00
140017.780      397822     4121450  0.264E-01  0.290E+00
140029.771      398625     4129937  0.254E-01  0.291E+00
140041.770      399481     4139248  0.231E-01  0.293E+00
140053.773      400354     4149122  0.239E-01  0.292E+00
140105.770      401020     4156963  0.228E-01  0.293E+00
140117.770      401725     4164587  0.213E-01  0.294E+00
140129.797      402487     4172939  0.227E-01  0.293E+00
140141.774      403170     4180907  0.223E-01  0.293E+00
140153.771      403749     4187714  0.217E-01  0.294E+00
140205.772      404277     4193789  0.214E-01  0.293E+00
