Time       moves_acc moves_gen     G(r)_1     S(Q)_1
h/m/s/.th    WEIGHT PARAMETERS   0.100E+01  0.100E+01
213521.895        7326       66386  0.328E+00  0.961E+00
213533.894       10511      124277  0.373E+00  0.960E+00
213545.900       12894      175870  0.380E+00  0.960E+00
213557.893       15101      230741  0.381E+00  0.960E+00
213609.894       17549      295357  0.392E+00  0.959E+00
213621.893       19872      356511  0.406E+00  0.959E+00
213633.898       22126      419620  0.396E+00  0.959E+00
213645.898       24027      479831  0.433E+00  0.958E+00
213657.893       25930      536750  0.427E+00  0.958E+00
213709.945       27792      596000  0.285E+00  0.604E+00
213721.894       29522      645703  0.460E+00  0.957E+00
213733.894       31561      703355  0.448E+00  0.957E+00
213745.894       33732      762478  0.469E+00  0.956E+00
213757.893       35690      816251  0.457E+00  0.956E+00
213809.897       37740      873673  0.423E+00  0.957E+00
213821.894       39649      931102  0.458E+00  0.956E+00
213833.893       41667      990692  0.477E+00  0.956E+00
213845.894       43559     1044327  0.436E+00  0.956E+00
213857.894       45565     1100293  0.437E+00  0.956E+00
213909.893       47596     1162697  0.448E+00  0.956E+00
213921.918       49710     1226000  0.379E+00  0.799E+00
213933.893       51909     1289770  0.431E+00  0.956E+00
213945.893       54032     1354154  0.486E+00  0.955E+00
213957.900       55861     1407391  0.500E+00  0.954E+00
214009.894       57907     1465655  0.517E+00  0.954E+00
214021.978       59443     1508000  0.517E+00  0.977E+00
214033.979       60912     1552000  0.518E+00  0.886E+00
214045.897       62765     1608559  0.571E+00  0.952E+00
214057.925       64802     1666000  0.402E+00  0.663E+00
214109.894       66873     1726928  0.542E+00  0.952E+00
214121.894       68681     1780428  0.589E+00  0.952E+00
214133.893       70666     1840044  0.618E+00  0.951E+00
214145.894       72728     1899877  0.598E+00  0.951E+00
214157.898       74822     1960000  0.115E+01  0.185E+01
214209.894       76893     2021059  0.626E+00  0.951E+00
214221.894       78968     2079043  0.670E+00  0.950E+00
214233.894       80894     2134308  0.700E+00  0.950E+00
214245.894       82588     2189053  0.793E+00  0.949E+00
214257.898       84214     2244919  0.827E+00  0.948E+00
214309.894       85759     2298115  0.832E+00  0.948E+00
214321.904       87118     2347808  0.811E+00  0.948E+00
214333.894       88620     2404699  0.865E+00  0.948E+00
214345.900       90275     2464647  0.839E+00  0.948E+00
214357.894       91898     2521404  0.827E+00  0.948E+00
214409.897       93401     2576835  0.810E+00  0.948E+00
214421.894       95040     2629442  0.856E+00  0.947E+00
214433.900       96377     2675822  0.911E+00  0.947E+00
214445.899       97905     2729161  0.885E+00  0.947E+00
214457.894       99345     2779537  0.908E+00  0.947E+00
214509.897      100888     2833145  0.879E+00  0.947E+00
214521.912      102581     2890000  0.744E+00  0.755E+00
214533.895      103980     2942490  0.933E+00  0.946E+00
214545.893      105666     2996625  0.918E+00  0.946E+00
214557.903      107389     3053702  0.932E+00  0.946E+00
214609.894      108832     3105878  0.946E+00  0.946E+00
214621.893      110403     3162181  0.971E+00  0.945E+00
214633.894      111966     3217759  0.964E+00  0.945E+00
214645.895      113508     3273701  0.971E+00  0.945E+00
214657.894      115023     3326091  0.952E+00  0.945E+00
214709.894      116619     3381554  0.958E+00  0.945E+00
214721.893      118286     3440523  0.987E+00  0.944E+00
214733.893      120103     3506891  0.979E+00  0.944E+00
214745.904      121858     3571984  0.103E+01  0.944E+00
214757.898      123499     3632325  0.104E+01  0.944E+00
214809.895      124925     3685956  0.101E+01  0.944E+00
214821.893      126430     3740633  0.104E+01  0.943E+00
214833.895      127953     3799648  0.108E+01  0.943E+00
214845.893      129532     3858936  0.102E+01  0.943E+00
214857.893      131124     3917340  0.105E+01  0.943E+00
214909.893      132706     3974313  0.110E+01  0.943E+00
214921.893      134470     4041246  0.109E+01  0.943E+00
214933.893      136300     4108351  0.106E+01  0.943E+00
214945.893      138262     4178341  0.107E+01  0.943E+00
214957.893      140008     4246631  0.109E+01  0.942E+00
215009.943      141723     4312000  0.115E+01  0.945E+00
215021.892      143456     4380221  0.114E+01  0.942E+00
215033.893      145089     4442975  0.115E+01  0.942E+00
215045.894      146597     4504419  0.104E+01  0.942E+00
215057.899      147945     4556357  0.115E+01  0.942E+00
215109.895      149511     4614613  0.109E+01  0.942E+00
215121.907      150876     4667837  0.114E+01  0.941E+00
215133.895      152092     4714050  0.107E+01  0.942E+00
215145.899      153546     4767894  0.105E+01  0.942E+00
215157.899      154791     4812680  0.110E+01  0.942E+00
215209.899      156112     4862289  0.118E+01  0.941E+00
215221.894      157363     4911357  0.115E+01  0.941E+00
215233.900      158610     4959187  0.114E+01  0.941E+00
215245.901      159793     5008400  0.116E+01  0.941E+00
215257.900      160824     5051208  0.121E+01  0.941E+00
215309.899      161984     5098446  0.122E+01  0.941E+00
215321.894      163440     5152951  0.121E+01  0.941E+00
215333.893      165121     5218105  0.116E+01  0.941E+00
215345.893      166814     5287605  0.121E+01  0.940E+00
215357.897      168394     5351817  0.124E+01  0.940E+00
215409.893      170184     5416381  0.117E+01  0.941E+00
215421.894      171822     5482594  0.124E+01  0.940E+00
215433.904      173343     5544533  0.124E+01  0.940E+00
215445.894      174794     5599563  0.126E+01  0.940E+00
215457.900      176146     5653817  0.121E+01  0.940E+00
215509.940      177527     5708000  0.155E+01  0.132E+01
215521.895      178796     5759804  0.118E+01  0.940E+00
215533.898      179927     5807750  0.122E+01  0.940E+00
215545.900      181156     5856858  0.122E+01  0.940E+00
215557.894      182446     5907198  0.124E+01  0.940E+00
215609.898      183586     5956078  0.128E+01  0.939E+00
215621.895      184788     6005233  0.124E+01  0.940E+00
215633.894      186218     6060054  0.123E+01  0.940E+00
215645.910      187207     6100221  0.118E+01  0.940E+00
215657.908      188188     6139094  0.122E+01  0.940E+00
215709.893      189322     6182862  0.124E+01  0.939E+00
215721.910      191041     6250000  0.157E+01  0.128E+01
215733.893      192404     6304428  0.124E+01  0.939E+00
215745.894      194192     6370067  0.133E+01  0.939E+00
215757.898      195301     6413513  0.132E+01  0.939E+00
215809.893      196713     6464778  0.127E+01  0.939E+00
215821.893      198394     6524426  0.137E+01  0.938E+00
215833.894      200272     6593525  0.135E+01  0.938E+00
215845.904      201944     6656000  0.134E+01  0.962E+00
215857.894      203493     6714589  0.139E+01  0.938E+00
215909.904      204852     6762925  0.138E+01  0.938E+00
215921.893      206478     6825364  0.130E+01  0.938E+00
215933.899      207947     6878440  0.132E+01  0.938E+00
215945.896      209397     6931823  0.139E+01  0.937E+00
215957.895      210935     6988455  0.129E+01  0.938E+00
220010.037      212423     7042000  0.129E+01  0.791E+00
220021.893      214020     7098166  0.138E+01  0.937E+00
220033.893      215576     7153156  0.137E+01  0.937E+00
220045.894      217183     7211482  0.139E+01  0.937E+00
220057.893      218788     7270038  0.134E+01  0.937E+00
220109.902      220054     7318618  0.140E+01  0.937E+00
220121.922      221377     7370000  0.134E+01  0.936E+00
220133.897      222761     7421087  0.140E+01  0.937E+00
220145.893      224233     7474741  0.145E+01  0.936E+00
220157.893      225981     7538171  0.137E+01  0.937E+00
220209.893      227823     7604671  0.142E+01  0.936E+00
220221.893      229677     7670791  0.144E+01  0.936E+00
220233.894      231591     7739566  0.154E+01  0.935E+00
220245.898      233132     7793813  0.148E+01  0.936E+00
220257.898      234297     7838318  0.153E+01  0.935E+00
220309.893      236030     7900725  0.144E+01  0.936E+00
220321.893      237569     7960811  0.147E+01  0.936E+00
220333.893      239298     8024703  0.146E+01  0.936E+00
220345.893      240917     8088434  0.153E+01  0.935E+00
220357.893      242600     8152256  0.154E+01  0.935E+00
220409.893      244230     8212648  0.149E+01  0.935E+00
220421.892      245949     8275880  0.159E+01  0.934E+00
220433.892      247880     8346980  0.152E+01  0.935E+00
220445.893      249543     8407122  0.154E+01  0.935E+00
220457.893      251394     8471016  0.151E+01  0.935E+00
220509.893      253339     8537019  0.151E+01  0.935E+00
