 Results from RMCProfile version 6.7.9.5

 (Version 6f format configuration file)                                          

 2 experiments   3 partials

 Partial g(r)'s are printed out below

   276  3 are NR and NPAR

   r (Ang)
   0.06545     0.00000     0.00000     0.00000
   0.13090     0.00000     0.00000     0.00000
   0.19635     0.00000     0.00000     0.00000
   0.26180     0.00000     0.00000     0.00000
   0.32725     0.00000     0.00000     0.00000
   0.39271     0.00000     0.00000     0.00000
   0.45816     0.00000     0.00000     0.00000
   0.52361     0.00000     0.00000     0.00000
   0.58906     0.00000     0.00000     0.00000
   0.65451     0.00000     0.00000     0.00000
   0.71996     0.00000     0.00000     0.00000
   0.78541     0.00000     0.00000     0.00000
   0.85086     0.00000     0.00000     0.00000
   0.91631     0.00000     0.00000     0.00000
   0.98176     0.00000     0.00000     0.00000
   1.04721     0.00000     0.00000     0.00000
   1.11267     0.00000     0.00000     0.00000
   1.17812     0.00000     5.16482     0.00000
   1.24357     0.00000     1.16429     0.00000
   1.30902     0.00000     0.46702     0.00000
   1.37447     0.00000     0.01765     0.00000
   1.43992     0.00000     0.82021     0.05558
   1.50537     0.00000     7.88705     0.45771
   1.57082     0.00000     8.63553     0.88745
   1.63627     0.00000     2.54077     0.84658
   1.70172     0.00000     1.24365     0.86232
   1.76718     0.00000     3.55583     1.20560
   1.83263     0.00000     7.68515     1.50996
   1.89808     0.00000     3.85060     1.86618
   1.96353     0.00000     0.77845     1.78371
   2.02898     0.00000     0.15391     2.13712
   2.09443     0.00000     0.06842     1.61152
   2.15988     0.00000     0.03574     1.21063
   2.22533     0.00000     0.00673     1.14822
   2.29078     0.00000     0.00635     1.01034
   2.35623     0.00000     0.00601     1.93075
   2.42168     0.00000     0.00569     0.38652
   2.48714     0.00000     0.00000     0.49688
   2.55259     0.00000     0.01535     0.79604
   2.61804     0.00000     0.07785     1.08185
   2.68349     0.00000     0.44922     1.80336
   2.74894     0.00000     0.82527     2.31338
   2.81439     0.00000     0.81260     1.47459
   2.87984     2.51305     0.56296     0.94043
   2.94529     1.96213     0.53437     0.85924
   3.01074     2.08213     0.67327     0.91977
   3.07619     3.09572     0.94801     1.10436
   3.14164     2.88596     1.02381     1.10943
   3.20710     1.95882     0.91760     0.81807
   3.27255     1.69746     0.65705     0.63859
   3.33800     0.96646     0.61358     0.55172
   3.40345     1.34948     0.65643     0.58378
   3.46890     1.52998     0.60695     0.68329
   3.53435     1.79827     0.76889     0.79047
   3.59980     2.35896     0.65369     1.48247
   3.66525     0.12929     0.58587     0.37752
   3.73070     0.18303     0.58466     0.44721
   3.79615     0.41782     0.83544     0.54923
   3.86161     0.63673     1.14506     0.60549
   3.92706     0.92352     1.31265     0.79475
   3.99251     0.71189     1.22812     0.83158
   4.05796     0.54144     1.01668     0.83064
   4.12341     0.38818     0.93366     0.73894
   4.18886     0.59392     1.05107     0.78391
   4.25431     0.84449     1.43172     1.02534
   4.31976     1.18520     1.64424     1.14687
   4.38521     1.13804     1.59032     1.16883
   4.45066     0.75408     1.17518     1.02415
   4.51611     0.80051     1.08904     1.00221
   4.58157     0.81090     1.05973     1.03602
   4.64702     0.91691     1.15364     1.15471
   4.71247     1.12104     1.23145     1.17996
   4.77792     1.03981     1.13804     1.07885
   4.84337     0.91318     0.95964     1.04333
   4.90882     0.66314     0.85810     0.96786
   4.97427     0.78151     0.85049     1.00312
   5.03972     0.98018     0.93622     1.00749
   5.10517     1.49279     1.05568     1.15578
   5.17062     1.39027     1.13391     1.23449
   5.23607     1.30927     0.95490     1.10011
   5.30153     1.04643     0.93859     1.07449
   5.36698     1.02911     0.89731     1.02977
   5.43243     1.09863     1.01030     1.11056
   5.49788     1.55147     1.08789     1.11987
   5.56333     1.33561     1.14542     1.11974
   5.62878     1.18412     1.01052     1.09264
   5.69423     1.01064     0.90719     1.09018
   5.75968     0.90054     0.87563     0.94625
   5.82513     0.93160     0.96025     0.97153
   5.89058     1.10790     0.94960     1.04529
   5.95604     1.09674     1.02944     1.13075
   6.02149     1.18800     0.98143     1.08405
   6.08694     1.02195     0.98654     0.93539
   6.15239     0.82596     0.86081     0.90747
   6.21784     0.80866     0.94889     0.93816
   6.28329     1.00894     0.97062     0.99852
   6.34874     1.03708     1.03841     1.01616
   6.41419     1.05543     1.03759     1.08145
   6.47964     0.95424     1.00721     0.93983
   6.54509     0.81361     0.90931     0.93279
   6.61054     0.75783     0.95016     0.92936
   6.67600     0.81060     0.99448     1.00347
   6.74145     0.93761     1.06772     0.98323
   6.80690     1.03963     1.10703     1.01085
   6.87235     0.95617     1.01826     1.01691
   6.93780     0.80109     0.95548     0.96269
   7.00325     0.81216     0.89351     0.97377
   7.06870     0.85049     0.95580     0.97504
   7.13415     0.99421     1.02025     1.02819
   7.19960     1.12812     1.04425     1.03775
   7.26505     0.93896     1.03563     1.07155
   7.33050     0.89857     0.92785     0.98458
   7.39596     0.88485     0.88223     0.93843
   7.46141     0.82988     0.94410     0.97518
   7.52686     0.95653     1.02371     1.04307
   7.59231     1.06265     1.05184     1.06382
   7.65776     0.99322     1.02029     1.05161
   7.72321     0.96093     0.98629     1.02484
   7.78866     0.92194     0.92086     0.96969
   7.85411     0.96295     0.97423     0.96294
   7.91956     0.96003     0.99276     1.02734
   7.98501     1.18226     1.04664     1.05094
   8.05046     1.17383     1.01683     1.02681
   8.11592     1.09169     1.00252     0.99048
   8.18137     0.92379     0.95416     0.97010
   8.24682     0.99431     0.93564     0.94855
   8.31227     1.00218     0.92965     0.99151
   8.37772     1.10702     1.03920     1.03301
   8.44317     1.15977     1.04888     1.03322
   8.50862     1.08601     1.04202     1.00306
   8.57407     1.02067     0.95359     0.98206
   8.63952     0.94010     0.92892     1.00790
   8.70497     0.97798     0.95197     0.99381
   8.77043     1.00257     1.04621     1.02749
   8.83588     1.03079     1.09186     1.04776
   8.90133     1.03322     1.07754     1.01349
   8.96678     0.96635     1.01251     1.01548
   9.03223     0.96517     0.95782     0.97632
   9.09768     0.93874     0.96263     0.99204
   9.16313     1.07570     1.02479     1.04884
   9.22858     1.10808     1.05847     1.01191
   9.29403     1.09387     1.02895     1.08667
   9.35948     1.00857     1.01194     1.04039
   9.42493     0.92943     0.95664     0.97408
   9.49039     0.90637     0.91942     0.96155
   9.55584     0.98910     1.01680     1.03005
   9.62129     1.03448     1.05814     1.02521
   9.68674     1.05634     1.07552     1.01427
   9.75219     0.98255     1.02536     1.00757
   9.81764     0.97309     0.97679     0.95870
   9.88309     0.88675     0.96458     0.96493
   9.94854     0.99913     0.98057     0.97402
  10.01399     1.07733     1.04828     1.02569
  10.07944     1.02008     1.04652     1.04494
  10.14489     1.02383     1.04052     1.02105
  10.21035     0.93744     0.98947     0.99289
  10.27580     0.87948     0.94564     0.96536
  10.34125     0.99182     1.00699     0.97366
  10.40670     1.13869     1.00145     1.02709
  10.47215     1.02631     1.04341     1.03356
  10.53760     1.04697     1.02328     1.00692
  10.60305     0.98156     0.99170     0.99623
  10.66850     0.96243     0.94645     0.98607
  10.73395     0.92460     0.94537     0.98209
  10.79940     0.99087     0.98627     1.02095
  10.86486     1.08392     1.02217     1.00804
  10.93031     1.03706     1.01946     1.03781
  10.99576     0.98261     0.96543     1.01691
  11.06121     0.86786     0.93796     1.02501
  11.12666     0.93250     0.96198     0.98506
  11.19211     0.96230     0.98244     1.01682
  11.25756     1.00414     1.03500     1.01898
  11.32301     1.07656     1.03009     0.99734
  11.38846     1.00797     1.00208     0.98739
  11.45391     0.95765     0.98304     0.98170
  11.51936     0.91364     0.95581     0.99259
  11.58482     1.00688     0.99052     0.96766
  11.65027     1.07238     1.01186     0.99617
  11.71572     1.05959     1.05987     1.01474
  11.78117     1.04117     1.00920     1.01568
  11.84662     0.99422     0.97669     1.00941
  11.91207     0.92865     0.97210     0.97452
  11.97752     0.98956     0.99521     0.98024
  12.04297     0.98522     1.01386     1.00352
  12.10842     1.05278     1.02795     1.03175
  12.17387     1.00555     1.04213     1.00954
  12.23932     1.00797     0.98782     0.99287
  12.30478     0.97127     0.97029     0.98411
  12.37023     0.96102     0.94698     0.95916
  12.43568     1.03105     1.01251     1.03531
  12.50113     1.03139     1.03032     1.02228
  12.56658     1.06101     1.03989     1.00436
  12.63203     1.02174     0.98463     1.02047
  12.69748     0.95665     0.99146     0.98019
  12.76293     0.93620     0.98030     1.00129
  12.82838     1.03503     0.97072     1.02776
  12.89383     1.07330     1.02609     1.01065
  12.95928     1.06456     1.01972     1.00413
  13.02474     0.98904     1.01697     1.01059
  13.09019     0.97107     0.99457     0.99625
  13.15564     0.93801     0.99587     1.00501
  13.22109     0.96783     0.99252     0.99904
  13.28654     1.01342     1.02244     1.00925
  13.35199     1.01585     1.02760     1.00434
  13.41744     1.02526     1.01593     1.02978
  13.48289     1.01788     1.02058     0.97605
  13.54834     0.97526     0.99021     0.98171
  13.61379     0.95154     1.00969     0.99407
  13.67925     0.97587     1.00557     1.02154
  13.74470     1.01808     1.01579     1.00837
  13.81015     1.07706     1.00514     1.00287
  13.87560     1.01581     1.00364     1.00879
  13.94105     0.97173     0.97348     1.01615
  14.00650     0.98156     0.95862     0.99962
  14.07195     1.00695     0.99284     1.01460
  14.13740     1.02778     1.00503     1.03176
  14.20285     1.03899     1.03299     1.02513
  14.26830     1.03289     1.02173     1.00555
  14.33375     0.99023     0.99797     0.96703
  14.39921     0.97008     0.96930     0.99514
  14.46466     0.97073     0.97409     0.98762
  14.53011     1.01740     1.01699     1.02151
  14.59556     1.02895     1.03607     1.00984
  14.66101     1.02571     1.02188     1.01926
  14.72646     0.98938     1.00374     0.98471
  14.79191     0.96688     0.96104     0.98883
  14.85736     0.96311     0.99595     0.98936
  14.92281     1.00771     0.99772     0.99313
  14.98826     1.05615     1.03460     1.01235
  15.05371     1.02552     1.02400     1.01628
  15.11917     0.99691     1.00947     0.99876
  15.18462     0.93309     0.97967     1.00483
  15.25007     0.96941     0.96353     0.98830
  15.31552     1.00606     0.97351     1.02147
  15.38097     1.04793     1.02586     1.01264
  15.44642     1.03325     1.03270     1.02823
  15.51187     0.94755     0.99421     1.01255
  15.57732     0.97730     0.99783     0.99123
  15.64277     0.97719     0.96837     0.97918
  15.70822     0.97375     0.99357     1.00078
  15.77368     0.97406     1.01282     1.02338
  15.83913     1.06296     1.01988     1.01065
  15.90458     1.00754     1.02285     0.99582
  15.97003     0.97795     0.98545     0.98933
  16.03548     0.98080     0.97042     0.98112
  16.10093     0.97730     0.99483     1.00132
  16.16638     0.99422     1.01117     0.99779
  16.23183     1.06357     1.01341     0.99690
  16.29728     1.01624     1.03379     1.02146
  16.36273     0.99256     0.98543     0.97513
  16.42818     0.96836     0.97759     0.97307
  16.49364     0.97686     0.98149     0.98824
  16.55909     1.00505     0.99394     1.02697
  16.62454     1.04534     1.02438     1.01042
  16.68999     1.00598     1.01397     1.02444
  16.75544     0.99112     0.99466     1.01481
  16.82089     0.98997     0.99129     0.99579
  16.88634     0.96688     0.98257     1.00534
  16.95179     1.01342     0.97999     1.00307
  17.01724     1.03603     1.01312     1.00306
  17.08269     1.05628     1.02331     1.00303
  17.14814     1.01358     1.00474     1.00310
  17.21360     1.00472     0.98305     0.97136
  17.27905     0.98936     0.99002     0.97895
  17.34450     0.98537     0.99498     1.00491
  17.40995     0.96957     1.01524     1.00992
  17.47540     1.06508     0.99946     1.01671
  17.54085     1.01763     1.02183     1.00776
  17.60630     1.00186     0.99832     1.00574
  17.67175     0.96887     0.97631     1.00187
  17.73720     0.94222     0.97685     0.98533
  17.80265     0.99413     0.99925     0.97616
  17.86811     1.03437     1.03237     1.00681
  17.93356     1.01928     1.02568     1.01811
  17.99901     1.01795     1.01741     1.01060
  18.06446     0.99178     0.98338     0.96714

 Partial S(Q)'s are printed out below

   494  3 are NQ and NPAR

      Q          S(Q)_1      S(Q)_2      S(Q)_3
  0.4682470    -2.0510826     0.5527959    -0.7082859
  0.4982822    -2.0133926     0.6181856    -0.6392055
  0.5283174    -2.0032467     0.6632657    -0.5865876
  0.5583526    -2.0084742     0.6910971    -0.5586982
  0.5883878    -2.0171272     0.7059380    -0.5560319
  0.6184230    -2.0204299     0.7120699    -0.5724600
  0.6484582    -2.0144829     0.7130366    -0.5974303
  0.6784934    -2.0004461     0.7113792    -0.6187435
  0.7085286    -1.9833219     0.7087954    -0.6253485
  0.7385638    -1.9697994     0.7065378    -0.6096277
  0.7685990    -1.9658216     0.7058236    -0.5687754
  0.7986342    -1.9745559     0.7080613    -0.5050723
  0.8286694    -1.9952974     0.7147922    -0.4250963
  0.8587046    -2.0235533     0.7273660    -0.3381170
  0.8887398    -2.0522265     0.7464747    -0.2540732
  0.9187750    -2.0735265     0.7717362    -0.1815835
  0.9488102    -2.0810488     0.8015155    -0.1264014
  0.9788454    -2.0714400     0.8331058    -0.0905934
  1.0088806    -2.0451868     0.8632839    -0.0725466
  1.0389158    -2.0063139     0.8891311    -0.0677215
  1.0689510    -1.9610721     0.9089155    -0.0699169
  1.0989862    -1.9159694     0.9227874    -0.0727265
  1.1290214    -1.8756755     0.9330691    -0.0708591
  1.1590566    -1.8413687     0.9440076    -0.0610611
  1.1890918    -1.8099863     0.9609980    -0.0425002
  1.2191270    -1.7746128     0.9894187    -0.0166042
  1.2491622    -1.7259530     1.0333339     0.0135246
  1.2791974    -1.6545638     1.0943634     0.0439243
  1.3092326    -1.5533203     1.1709964     0.0705964
  1.3392678    -1.4195264     1.2585270     0.0901519
  1.3693030    -1.2561521     1.3496480     0.1001745
  1.3993382    -1.0718826     1.4355858     0.0992809
  1.4293734    -0.8799343     1.5075367     0.0869486
  1.4594086    -0.6958775     1.5580942     0.0632281
  1.4894438    -0.5349310     1.5823693     0.0284694
  1.5194790    -0.4093065     1.5785825    -0.0168396
  1.5495142    -0.3261629     1.5480360    -0.0720795
  1.5795494    -0.2865839     1.4945186    -0.1363741
  1.6095846    -0.2857535     1.4233230    -0.2084092
  1.6396198    -0.3142402     1.3401265    -0.2862900
  1.6696551    -0.3600575     1.2499972    -0.3675268
  1.6996903    -0.4110172     1.1567298    -0.4491909
  1.7297255    -0.4568545     1.0626118    -0.5282308
  1.7597607    -0.4906843     0.9686014    -0.6018784
  1.7897959    -0.5095285     0.8747930    -0.6680444
  1.8198311    -0.5138848     0.7809842    -0.7255903
  1.8498663    -0.5065267     0.6871527    -0.7743984
  1.8799015    -0.4908981     0.5936998    -0.8152077
  1.9099367    -0.4695355     0.5014030    -0.8492528
  1.9399719    -0.4429202     0.4111214    -0.8777943
  1.9700071    -0.4090373     0.3233743    -0.9016631
  2.0000423    -0.3637314     0.2379564    -0.9209387
  2.0300775    -0.3017496     0.1537443    -0.9348477
  2.0601127    -0.2181963     0.0687885    -0.9419116
  2.0901479    -0.1100299    -0.0192996    -0.9403032
  2.1201831     0.0227720    -0.1127468    -0.9283203
  2.1502183     0.1766675    -0.2129572    -0.9048506
  2.1802535     0.3447625    -0.3199673    -0.8697069
  2.2102887     0.5177401    -0.4321758    -0.8237490
  2.2403239     0.6853023    -0.5464362    -0.7687633
  2.2703591     0.8378058    -0.6585090    -0.7071391
  2.3003943     0.9677385    -0.7637749    -0.6414317
  2.3304295     1.0707246    -0.8580451    -0.5739279
  2.3604647     1.1458621    -0.9382753    -0.5063282
  2.3904999     1.1953500    -1.0030167    -0.4396178
  2.4205351     1.2235172    -1.0525059    -0.3741485
  2.4505703     1.2354982    -1.0883860    -0.3098891
  2.4806055     1.2358629    -1.1131460    -0.2467572
  2.5106407     1.2275107    -1.1294335    -0.1849252
  2.5406759     1.2110630    -1.1394200    -0.1250037
  2.5707111     1.1848732    -1.1443778    -0.0680435
  2.6007463     1.1456256    -1.1445650    -0.0153555
  2.6307815     1.0893685    -1.1394259     0.0317980
  2.6608167     1.0127337    -1.1280309     0.0725448
  2.6908519     0.9140599    -1.1096176     0.1066694
  2.7208871     0.7941683    -1.0840705     0.1347153
  2.7509223     0.6566217    -1.0521999     0.1578784
  2.7809575     0.5074131    -1.0157414     0.1777076
  2.8109927     0.3541564    -0.9770750     0.1956845
  2.8410279     0.2049525    -0.9387434     0.2127944
  2.8710631     0.0671668    -0.9029020     0.2292082
  2.9010983    -0.0536344    -0.8708521     0.2441712
  2.9311335    -0.1543888    -0.8427834     0.2561426
  2.9611687    -0.2347639    -0.8177951     0.2631642
  2.9912039    -0.2968886    -0.7941880     0.2633756
  3.0212391    -0.3446775    -0.7699481     0.2555491
  3.0512743    -0.3829086    -0.7432947     0.2395103
  3.0813095    -0.4162553    -0.7131491     0.2163324
  3.1113447    -0.4484627    -0.6794086     0.1882498
  3.1413799    -0.4818145    -0.6429623     0.1583001
  3.1714151    -0.5169581    -0.6054574     0.1297777
  3.2014503    -0.5530773    -0.5688889     0.1056219
  3.2314855    -0.5883265    -0.5351285     0.0878844
  3.2615207    -0.6203966    -0.5055174     0.0773970
  3.2915559    -0.6470699    -0.4806247     0.0737116
  3.3215911    -0.6666424    -0.4602199     0.0753176
  3.3516263    -0.6781434    -0.4434465     0.0800735
  3.3816615    -0.6813359    -0.4291292     0.0857391
  3.4116967    -0.6765448    -0.4161124     0.0904747
  3.4417319    -0.6643924    -0.4035275     0.0931865
  3.4717671    -0.6455373    -0.3909125     0.0936421
  3.5018023    -0.6204980    -0.3781591     0.0923404
  3.5318375    -0.5896064    -0.3653188     0.0901881
  3.5618727    -0.5530924    -0.3523423     0.0880797
  3.5919079    -0.5112560    -0.3388521     0.0865067
  3.6219431    -0.4646573    -0.3240370     0.0853070
  3.6519783    -0.4142493    -0.3067212     0.0836287
  3.6820135    -0.3613949    -0.2856074     0.0801255
  3.7120487    -0.3077467    -0.2596350     0.0733352
  3.7420839    -0.2550098    -0.2283556     0.0621448
  3.7721191    -0.2046477    -0.1922123     0.0462199
  3.8021543    -0.1576098    -0.1526257     0.0262805
  3.8321895    -0.1141634    -0.1118390     0.0041403
  3.8622247    -0.0738816    -0.0725332    -0.0175177
  3.8922599    -0.0358058    -0.0372886    -0.0355908
  3.9222951     0.0012548    -0.0080135    -0.0471421
  3.9523303     0.0383556     0.0145235    -0.0499942
  3.9823655     0.0760781     0.0309396    -0.0432012
  4.0124007     0.1143122     0.0431920    -0.0272908
  4.0424359     0.1522200     0.0542396    -0.0042211
  4.0724711     0.1884006     0.0674781     0.0229464
  4.1025063     0.2212175     0.0860696     0.0505911
  4.1325415     0.2492081     0.1123119     0.0751873
  4.1625767     0.2714698     0.1471824     0.0939347
  4.1926119     0.2879183     0.1901504     0.1052401
  4.2226471     0.2993459     0.2392915     0.1089576
  4.2526823     0.3072565     0.2916674     0.1063441
  4.2827175     0.3135125     0.3438806     0.0997466
  4.3127527     0.3198801     0.3926790     0.0920875
  4.3427879     0.3275853     0.4354850     0.0862575
  4.3728231     0.3369972     0.4707474     0.0845344
  4.4028583     0.3475219     0.4980643     0.0881440
  4.4328935     0.3577372     0.5180761     0.0970418
  4.4629287     0.3657411     0.5321808     0.1099544
  4.4929639     0.3696250     0.5421524     0.1246637
  4.5229991     0.3679562     0.5497524     0.1384724
  4.5530343     0.3601454     0.5564159     0.1487558
  4.5830695     0.3466055     0.5630575     0.1534877
  4.6131047     0.3286618     0.5700136     0.1516386
  4.6431399     0.3082336     0.5771002     0.1433688
  4.6731751     0.2873690     0.5837464     0.1299800
  4.7032103     0.2677480     0.5891565     0.1136383
  4.7332455     0.2502807     0.5924609     0.0969253
  4.7632807     0.2348964     0.5928330     0.0823076
  4.7933159     0.2205753     0.5895654     0.0716331
  4.8233511     0.2056073     0.5821170     0.0657560
  4.8533863     0.1880098     0.5701431     0.0643674
  4.8834215     0.1659950     0.5535220     0.0660687
  4.9134567     0.1383719     0.5323790     0.0686734
  4.9434919     0.1047889     0.5070997     0.0696765
  4.9735271     0.0657708     0.4783168     0.0667966
  5.0035623     0.0225593     0.4468562     0.0584746
  5.0335975    -0.0231796     0.4136363     0.0442257
  5.0636327    -0.0696881     0.3795326     0.0247660
  5.0936679    -0.1153920     0.3452313     0.0018854
  5.1237031    -0.1590455     0.3111104    -0.0219098
  5.1537383    -0.1997205     0.2771853    -0.0439089
  5.1837735    -0.2366670     0.2431449    -0.0617533
  5.2138087    -0.2691168     0.2084830    -0.0739187
  5.2438439    -0.2961223     0.1727028    -0.0800142
  5.2738791    -0.3165160     0.1355494    -0.0808346
  5.3039143    -0.3290359     0.0972101    -0.0781533
  5.3339495    -0.3326113     0.0584255    -0.0743025
  5.3639847    -0.3267400     0.0204697    -0.0716360
  5.3940199    -0.3118508    -0.0150107    -0.0719968
  5.4240551    -0.2895277    -0.0462722    -0.0763094
  5.4540903    -0.2624961    -0.0718088    -0.0843892
  5.4841255    -0.2343249    -0.0906684    -0.0950108
  5.5141607    -0.2088713    -0.1026748    -0.1062148
  5.5441959    -0.1895695    -0.1084987    -0.1157803
  5.5742311    -0.1787169    -0.1095543    -0.1217482
  5.6042663    -0.1769286    -0.1077414    -0.1228745
  5.6343015    -0.1829067    -0.1050882    -0.1189064
  5.6643367    -0.1936021    -0.1033765    -0.1106214
  5.6943719    -0.2047610    -0.1038340    -0.0996262
  5.7244071    -0.2117521    -0.1069609    -0.0879693
  5.7544423    -0.2104996    -0.1125262    -0.0776661
  5.7844775    -0.1983185    -0.1197239    -0.0702540
  5.8145127    -0.1744586    -0.1274456    -0.0664824
  5.8445479    -0.1402370    -0.1345936    -0.0662089
  5.8745831    -0.0987262    -0.1403575    -0.0685174
  5.9046183    -0.0540733    -0.1443875    -0.0720162
  5.9346535    -0.0106120    -0.1468297    -0.0752348
  5.9646887     0.0280236    -0.1482259    -0.0770098
  5.9947239     0.0595789    -0.1493170    -0.0767603
  6.0247591     0.0834991    -0.1508104    -0.0745868
  6.0547943     0.1008281    -0.1531798    -0.0711728
  6.0848295     0.1137315    -0.1565499    -0.0675264
  6.1148647     0.1247762    -0.1606928    -0.0646393
  6.1448999     0.1361607    -0.1651285    -0.0631627
  6.1749351     0.1490936    -0.1692909    -0.0631938
  6.2049703     0.1634764    -0.1727063    -0.0642340
  6.2350055     0.1779617    -0.1751264    -0.0653318
  6.2650407     0.1903621    -0.1765785    -0.0653710
  6.2950759     0.1982884    -0.1773181    -0.0634218
  6.3251111     0.1998449    -0.1777051    -0.0590559
  6.3551463     0.1941898    -0.1780440    -0.0525289
  6.3851815     0.1818148    -0.1784443    -0.0447752
  6.4152167     0.1644698    -0.1787482    -0.0372031
  6.4452519     0.1447547    -0.1785537    -0.0313402
  6.4752871     0.1254904    -0.1773301    -0.0284159
  6.5053223     0.1090361    -0.1745960    -0.0289935
  6.5353575     0.0967351    -0.1701029    -0.0327517
  6.5653927     0.0886333    -0.1639704    -0.0384826
  6.5954279     0.0835449    -0.1567219    -0.0443164
  6.6254631     0.0794429    -0.1492043    -0.0481253
  6.6554983     0.0740705    -0.1424024    -0.0480127
  6.6855335     0.0656092    -0.1371941    -0.0427673
  6.7155687     0.0532256    -0.1341098    -0.0321685
  6.7456039     0.0373540    -0.1331634    -0.0170664
  6.7756391     0.0196383    -0.1338042     0.0007880
  6.8056743     0.0025503    -0.1350092     0.0191233
  6.8357095    -0.0112170    -0.1354982     0.0356473
  6.8657447    -0.0194241    -0.1340206     0.0485458
  6.8957799    -0.0208541    -0.1296416     0.0568598
  6.9258151    -0.0156316    -0.1219569     0.0606543
  6.9558503    -0.0052139    -0.1111808     0.0609399
  6.9858855     0.0079391    -0.0980858     0.0593754
  7.0159207     0.0209287    -0.0838114     0.0578289
  7.0459559     0.0310690    -0.0695933     0.0579115
  7.0759911     0.0364623    -0.0564826     0.0606002
  7.1060263     0.0363605    -0.0451282     0.0660405
  7.1360615     0.0312312    -0.0356750     0.0735724
  7.1660967     0.0225286    -0.0277988     0.0819634
  7.1961319     0.0122414    -0.0208621     0.0897794
  7.2261671     0.0023472    -0.0141413     0.0957908
  7.2562023    -0.0056820    -0.0070607     0.0993040
  7.2862375    -0.0111976     0.0006344     0.1003313
  7.3162727    -0.0144444     0.0088101     0.0995556
  7.3463079    -0.0163798     0.0169976     0.0981041
  7.3763431    -0.0183087     0.0245480     0.0971952
  7.4063783    -0.0214464     0.0308394     0.0977547
  7.4364135    -0.0265357     0.0354748     0.1001099
  7.4664487    -0.0336251     0.0384110     0.1038433
  7.4964839    -0.0420646     0.0399828     0.1078504
  7.5265191    -0.0507126     0.0408166     0.1105892
  7.5565543    -0.0582885     0.0416585     0.1104582
  7.5865896    -0.0637643     0.0431711     0.1062072
  7.6166248    -0.0666818     0.0457569     0.0972752
  7.6466600    -0.0673034     0.0494609     0.0839670
  7.6766952    -0.0665531     0.0539813     0.0674240
  7.7067304    -0.0657641     0.0587810     0.0493940
  7.7367656    -0.0663033     0.0632687     0.0318567
  7.7668008    -0.0691773     0.0669902     0.0165999
  7.7968360    -0.0747269     0.0697733     0.0048474
  7.8268712    -0.0824964     0.0717789    -0.0029688
  7.8569064    -0.0913108     0.0734429    -0.0072426
  7.8869416    -0.0995414     0.0753214    -0.0090302
  7.9169768    -0.1054884     0.0778888    -0.0097384
  7.9470120    -0.1077796     0.0813486    -0.0107480
  7.9770472    -0.1056806     0.0855187    -0.0130702
  8.0070824    -0.0992413     0.0898323    -0.0171235
  8.0371176    -0.0892449     0.0934638    -0.0226817
  8.0671528    -0.0769815     0.0955492    -0.0290022
  8.0971880    -0.0639133     0.0954459    -0.0350900
  8.1272232    -0.0513246     0.0929552    -0.0400224
  8.1572584    -0.0400481     0.0884437    -0.0432425
  8.1872936    -0.0303378     0.0828191    -0.0447391
  8.2173288    -0.0219108     0.0773561    -0.0450635
  8.2473640    -0.0141366     0.0734111    -0.0451778
  8.2773992    -0.0063102     0.0720916    -0.0461748
  8.3074344     0.0020736     0.0739673    -0.0489462
  8.3374696     0.0111267     0.0788968    -0.0538889
  8.3675048     0.0205081     0.0860207    -0.0607344
  8.3975400     0.0295133     0.0939267    -0.0685496
  8.4275752     0.0372827     0.1009509    -0.0759189
  8.4576104     0.0430678     0.1055424    -0.0812652
  8.4876456     0.0464742     0.1066022    -0.0832335
  8.5176808     0.0476132     0.1037145    -0.0810405
  8.5477160     0.0471147     0.0972148    -0.0747007
  8.5777512     0.0459997     0.0880809    -0.0650680
  8.6077864     0.0454428     0.0776794    -0.0536773
  8.6378216     0.0464919     0.0674339    -0.0424184
  8.6678568     0.0498181     0.0584995    -0.0331184
  8.6978920     0.0555607     0.0515249    -0.0271293
  8.7279272     0.0633051     0.0465563    -0.0250214
  8.7579624     0.0721952     0.0430995    -0.0264546
  8.7879976     0.0811434     0.0403136    -0.0302606
  8.8180328     0.0890805     0.0372788    -0.0347172
  8.8480680     0.0951767     0.0332617    -0.0379508
  8.8781032     0.0989800     0.0279069    -0.0383724
  8.9081384     0.1004405     0.0213104    -0.0350467
  8.9381736     0.0998283     0.0139593    -0.0279063
  8.9682088     0.0975760     0.0065665    -0.0177655
  8.9982440     0.0941015    -0.0001486    -0.0061306
  9.0282792     0.0896669    -0.0056667     0.0051462
  9.0583144     0.0843136    -0.0098040     0.0142862
  9.0883496     0.0778906    -0.0127413     0.0199797
  9.1183848     0.0701617    -0.0149448     0.0216678
  9.1484200     0.0609530    -0.0170062     0.0196472
  9.1784552     0.0502897    -0.0194559     0.0149798
  9.2084904     0.0384758    -0.0226057     0.0092338
  9.2385256     0.0260881    -0.0264682     0.0041193
  9.2685608     0.0138817    -0.0307747     0.0011082
  9.2985960     0.0026332    -0.0350829     0.0011231
  9.3286312    -0.0070334    -0.0389372     0.0043649
  9.3586664    -0.0147864    -0.0420295     0.0103120
  9.3887016    -0.0206499    -0.0443080     0.0178820
  9.4187368    -0.0249720    -0.0459971     0.0257109
  9.4487720    -0.0283044    -0.0475219     0.0324779
  9.4788072    -0.0312300    -0.0493581     0.0371976
  9.5088424    -0.0341882    -0.0518548     0.0394138
  9.5388776    -0.0373501    -0.0550869     0.0392546
  9.5689128    -0.0405818    -0.0587860     0.0373457
  9.5989480    -0.0435082    -0.0623789     0.0346120
  9.6289832    -0.0456596    -0.0651270     0.0320229
  9.6590184    -0.0466596    -0.0663324     0.0303479
  9.6890536    -0.0463967    -0.0655508     0.0299816
  9.7190888    -0.0451285    -0.0627497     0.0308763
  9.7491240    -0.0434814    -0.0583581     0.0325928
  9.7791592    -0.0423400    -0.0531887     0.0344464
  9.8091944    -0.0426498    -0.0482458     0.0357063
  9.8392296    -0.0451812    -0.0444671     0.0357930
  9.8692648    -0.0503166    -0.0424684     0.0344212
  9.8993000    -0.0579159    -0.0423656     0.0316571
  9.9293352    -0.0672968    -0.0437243     0.0278780
  9.9593704    -0.0773366    -0.0456598     0.0236523
  9.9894056    -0.0866725    -0.0470653     0.0195767
 10.0194408    -0.0939523    -0.0469099     0.0161172
 10.0494760    -0.0980767    -0.0445293     0.0134958
 10.0795112    -0.0983790    -0.0398273     0.0116536
 10.1095464    -0.0947076    -0.0333317     0.0102945
 10.1395816    -0.0874010    -0.0260827     0.0089939
 10.1696168    -0.0771738    -0.0193804     0.0073388
 10.1996520    -0.0649522    -0.0144535     0.0050570
 10.2296872    -0.0517041    -0.0121359     0.0020989
 10.2597224    -0.0383045    -0.0126382    -0.0013513
 10.2897576    -0.0254593    -0.0154757    -0.0049352
 10.3197928    -0.0136912    -0.0195764    -0.0082336
 10.3498280    -0.0033689    -0.0235429    -0.0108975
 10.3798632     0.0052489    -0.0260032    -0.0127565
 10.4098984     0.0119843    -0.0259593    -0.0138734
 10.4399336     0.0167431    -0.0230448    -0.0145247
 10.4699688     0.0195539    -0.0176237    -0.0151132
 10.5000040     0.0206233    -0.0107050    -0.0160350
 10.5300392     0.0203804    -0.0036970    -0.0175410
 10.5600744     0.0194786     0.0019364    -0.0196329
 10.5901096     0.0187347     0.0050280    -0.0220284
 10.6201448     0.0190034     0.0049783    -0.0242104
 10.6501800     0.0210095     0.0018797    -0.0255503
 10.6802152     0.0251765    -0.0035350    -0.0254781
 10.7102504     0.0315011    -0.0100988    -0.0236525
 10.7402856     0.0395142    -0.0165132    -0.0200854
 10.7703208     0.0483518    -0.0216646    -0.0151835
 10.8003560     0.0569274    -0.0248717    -0.0096904
 10.8303912     0.0641717    -0.0260020    -0.0045389
 10.8604264     0.0692799    -0.0254351    -0.0006466
 10.8904616     0.0719041    -0.0238901     0.0012951
 10.9204968     0.0722345    -0.0221743     0.0009870
 10.9505320     0.0709448    -0.0209275    -0.0014023
 10.9805672     0.0690091    -0.0204347    -0.0052700
 11.0106024     0.0674353    -0.0205593    -0.0097168
 11.0406376     0.0669842    -0.0208108    -0.0137561
 11.0706728     0.0679488    -0.0205223    -0.0165429
 11.1007080     0.0700568    -0.0190821    -0.0175666
 11.1307432     0.0725254    -0.0161487    -0.0167597
 11.1607784     0.0742571    -0.0117831    -0.0144968
 11.1908136     0.0741276    -0.0064591    -0.0114848
 11.2208488     0.0712877    -0.0009473    -0.0085738
 11.2508840     0.0653978     0.0038954    -0.0065379
 11.2809192     0.0567304     0.0073683    -0.0058811
 11.3109544     0.0461095     0.0091324    -0.0067179
 11.3409896     0.0347034     0.0093175    -0.0087571
 11.3710248     0.0237259     0.0084976    -0.0113896
 11.4010600     0.0141298     0.0075394    -0.0138564
 11.4310952     0.0063770     0.0073651    -0.0154495
 11.4611304     0.0003512     0.0086920    -0.0156944
 11.4911656    -0.0045613     0.0118252    -0.0144656
 11.5212008    -0.0092473     0.0165576    -0.0120080
 11.5512360    -0.0145612     0.0222088    -0.0088600
 11.5812712    -0.0210303     0.0277928    -0.0057022
 11.6113064    -0.0286581     0.0322693    -0.0031738
 11.6413416    -0.0368894     0.0348119    -0.0017055
 11.6713768    -0.0447526     0.0350200    -0.0014133
 11.7014120    -0.0511445     0.0330202    -0.0020788
 11.7314472    -0.0551794     0.0294284    -0.0032191
 11.7614824    -0.0564996     0.0251873    -0.0042242
 11.7915176    -0.0554511     0.0213226    -0.0045225
 11.8215528    -0.0530642     0.0186852    -0.0037305
 11.8515880    -0.0508276     0.0177473    -0.0017460
 11.8816232    -0.0503063     0.0185040     0.0012364
 11.9116584    -0.0527011     0.0205028     0.0047889
 11.9416936    -0.0584677     0.0229875     0.0083707
 11.9717288    -0.0671066     0.0251110     0.0114710
 12.0017640    -0.0771926     0.0261583     0.0137321
 12.0317992    -0.0866525     0.0257168     0.0150225
 12.0618344    -0.0932323     0.0237522     0.0154416
 12.0918696    -0.0950426     0.0205750     0.0152604
 12.1219048    -0.0910429     0.0167156     0.0148212
 12.1519400    -0.0813397     0.0127508     0.0144282
 12.1819752    -0.0672125     0.0091361     0.0142643
 12.2120104    -0.0508540     0.0060944     0.0143583
 12.2420456    -0.0348800     0.0035907     0.0146088
 12.2720808    -0.0217281     0.0013953     0.0148560
 12.3021160    -0.0130928    -0.0007901     0.0149719
 12.3321512    -0.0095371    -0.0031895     0.0149373
 12.3621864    -0.0103788    -0.0058410     0.0148765
 12.3922216    -0.0138779    -0.0085586     0.0150329
 12.4222568    -0.0176776    -0.0109789     0.0156893
 12.4522920    -0.0193860    -0.0126835     0.0170571
 12.4823272    -0.0171521    -0.0133548     0.0191662
 12.5123624    -0.0100922    -0.0129165     0.0217972
 12.5423976     0.0015323    -0.0116070     0.0244808
 12.5724328     0.0164245    -0.0099550     0.0265761
 12.6024680     0.0326070    -0.0086559     0.0274137
 12.6325032     0.0479221    -0.0083773     0.0264681
 12.6625384     0.0605408    -0.0095478     0.0235144
 12.6925736     0.0693500    -0.0121912     0.0187231
 12.7226088     0.0741228    -0.0158602     0.0126598
 12.7526440     0.0754421    -0.0196981     0.0061839
 12.7826792     0.0744160    -0.0226222     0.0002637
 12.8127144     0.0722790    -0.0235861    -0.0042469
 12.8427496     0.0700015    -0.0218549    -0.0068144
 12.8727848     0.0680227    -0.0172184    -0.0073599
 12.9028200     0.0661806    -0.0100823    -0.0062828
 12.9328552     0.0638526    -0.0014061    -0.0043651
 12.9628904     0.0602540     0.0075022    -0.0025773
 12.9929256     0.0547978     0.0152855    -0.0018339
 13.0229608     0.0473954     0.0208562    -0.0027613
 13.0529960     0.0385993     0.0236526    -0.0055398
 13.0830312     0.0295341     0.0237652    -0.0098605
 13.1130664     0.0216258     0.0219014    -0.0150095
 13.1431016     0.0162053     0.0191961    -0.0200591
 13.1731368     0.0140988     0.0169202    -0.0241131
 13.2031720     0.0153317     0.0161625    -0.0265424
 13.2332072     0.0190427     0.0175679    -0.0271480
 13.2632424     0.0236462     0.0212005    -0.0262047
 13.2932776     0.0272129     0.0265618    -0.0243770
 13.3233128     0.0279710     0.0327548    -0.0225281
 13.3533480     0.0247934     0.0387437    -0.0214738
 13.3833832     0.0175316     0.0436355    -0.0217503
 13.4134184     0.0070962     0.0469034    -0.0234588
 13.4434536    -0.0047480     0.0484934    -0.0262294
 13.4734888    -0.0158285     0.0487881    -0.0293159
 13.5035240    -0.0241374     0.0484442    -0.0317948
 13.5335593    -0.0283742     0.0481568    -0.0328143
 13.5635945    -0.0283098     0.0484232    -0.0318242
 13.5936297    -0.0248647     0.0493787    -0.0287249
 13.6236649    -0.0198705     0.0507531    -0.0238919
 13.6537001    -0.0155728     0.0519621    -0.0180729
 13.6837353    -0.0140046     0.0523040    -0.0121834
 13.7137705    -0.0164023     0.0512015    -0.0070616
 13.7438057    -0.0228254     0.0484133    -0.0032495
 13.7738409    -0.0320945     0.0441481    -0.0008639
 13.8038761    -0.0420727     0.0390416     0.0004083
 13.8339113    -0.0502256     0.0339986     0.0011882
 13.8639465    -0.0543128     0.0299434     0.0021950
 13.8939817    -0.0530258     0.0275504     0.0040074
 13.9240169    -0.0463950     0.0270377     0.0068706
 13.9540521    -0.0358479     0.0280870     0.0106061
 13.9840873    -0.0238904     0.0299219     0.0146550
 14.0141225    -0.0134882     0.0315262     0.0182456
 14.0441577    -0.0073058     0.0319449     0.0206388
 14.0741929    -0.0070049     0.0305793     0.0213801
 14.1042281    -0.0127928     0.0273885     0.0204801
 14.1342633    -0.0233451     0.0229317     0.0184660
 14.1642985    -0.0361316     0.0182290     0.0162780
 14.1943337    -0.0480633     0.0144737     0.0150307
 14.2243689    -0.0562902     0.0126729     0.0157005
 14.2544041    -0.0589354     0.0133193     0.0188220
 14.2844393    -0.0555675     0.0161942     0.0242841
 14.3144745    -0.0472776     0.0203685     0.0312886
 14.3445097    -0.0363371     0.0244162     0.0384964
 14.3745449    -0.0255279     0.0267905     0.0443329
 14.4045801    -0.0173257     0.0262660     0.0473817
 14.4346153    -0.0131677     0.0223225     0.0467631
 14.4646505    -0.0130115     0.0153546     0.0423970
 14.4946857    -0.0153219     0.0066356     0.0350722
 14.5247209    -0.0175011    -0.0019726     0.0262940
 14.5547561    -0.0166578    -0.0085004     0.0179394
 14.5847913    -0.0105059    -0.0114183     0.0118009
 14.6148265     0.0018579    -0.0101018     0.0091346
 14.6448617     0.0195285    -0.0050778     0.0103307
 14.6748969     0.0398647     0.0020355     0.0147969
 14.7049321     0.0590717     0.0089025     0.0210940
 14.7349673     0.0731684     0.0130773     0.0272967
 14.7650025     0.0790990     0.0126986     0.0314934
 14.7950377     0.0756956     0.0070867     0.0322998
 14.8250729     0.0642160    -0.0029277     0.0292506
 14.8551081     0.0482809    -0.0150539     0.0229638
 14.8851433     0.0331746    -0.0259928     0.0150226
 14.9151785     0.0246427    -0.0322064     0.0075951
 14.9452137     0.0274523    -0.0308325     0.0028777
 14.9752489     0.0440591    -0.0205271     0.0024949
 15.0052841     0.0737194    -0.0020145     0.0070093
 15.0353193     0.1122917     0.0218105     0.0156666
 15.0653545     0.1528198     0.0462882     0.0264532
 15.0953897     0.1868060     0.0658449     0.0364638
 15.1254249     0.2059143     0.0751169     0.0425056
 15.1554601     0.2037375     0.0701051     0.0418030
 15.1854953     0.1772334     0.0490994     0.0326428
 15.2155305     0.1275055     0.0131575     0.0148092
 15.2455657     0.0597439    -0.0339800    -0.0102936
 15.2756009    -0.0176674    -0.0865314    -0.0398628

PDF 1 in G'(r) format
  r, PDF (RMC), PDF (Expt)
 CURVES
         276 ,           2
      0.0654509        0.0000000        0.0000000
      0.1309019        0.0000000        0.0000000
      0.1963528        0.0000000        0.0000000
      0.2618037        0.0000000        0.0000000
      0.3272547        0.0000000        0.0000000
      0.3927056        0.0000000        0.0000000
      0.4581565        0.0000000        0.0000000
      0.5236075        0.0000000        0.0000000
      0.5890584        0.0000000        0.0000000
      0.6545093        0.0000000        0.0000000
      0.7199603        0.0000000        0.0000000
      0.7854112        0.0000000        0.0000000
      0.8508621        0.0000000        0.0000000
      0.9163131        0.0000000        0.0000000
      0.9817640        0.0000000        0.0000000
      1.0472149        0.0000000        0.0000000
      1.1126659        0.0000000        0.0000000
      1.1781168        0.2657342        0.0000000
      1.2435677        0.4376224        0.1336642
      1.3090187        0.8348186        0.4087493
      1.3744696        1.3065286        0.7543131
      1.4399206        1.7241786        1.1485415
      1.5053715        2.0576678        1.5505350
      1.5708224        2.3441911        1.9059448
      1.6362734        2.6003095        2.1587834
      1.7017243        2.7690357        2.2659462
      1.7671752        2.7509801        2.2093322
      1.8326262        2.4884306        2.0010507
      1.8980771        2.0256974        1.6798473
      1.9635280        1.4932406        1.3003390
      2.0289790        1.0299318        0.9192625
      2.0944299        0.7071497        0.5835708
      2.1598808        0.5107898        0.3237554
      2.2253318        0.3848275        0.1531507
      2.2907827        0.2911529        0.0715582
      2.3562336        0.2351191        0.0703735
      2.4216846        0.2435887        0.1367765
      2.4871355        0.3251829        0.2559231
      2.5525864        0.4533638        0.4115305
      2.6180374        0.5862493        0.5860281
      2.6834883        0.7006797        0.7613177
      2.7489392        0.8059758        0.9204588
      2.8143902        0.9242465        1.0498161
      2.8798411        1.0570795        1.1408396
      2.9452920        1.1717382        1.1907984
      3.0107430        1.2218092        1.2022868
      3.0761939        1.1850685        1.1818121
      3.1416448        1.0848879        1.1380301
      3.2070958        0.9755478        1.0801428
      3.2725467        0.9033420        1.0167345
      3.3379976        0.8760660        0.9550757
      3.4034486        0.8654196        0.9007813
      3.4688995        0.8379442        0.8576976
      3.5343504        0.7862775        0.8279539
      3.5998014        0.7341887        0.8121644
      3.6652523        0.7133391        0.8097733
      3.7307032        0.7344778        0.8194883
      3.7961542        0.7791701        0.8397032
      3.8616051        0.8183154        0.8687856
      3.9270560        0.8393549        0.9051459
      3.9925070        0.8570065        0.9470814
      4.0579579        0.8981207        0.9924918
      4.1234088        0.9748602        1.0386326
      4.1888598        1.0705421        1.0820893
      4.2543107        1.1506103        1.1190817
      4.3197617        1.1886828        1.1460852
      4.3852126        1.1848028        1.1606051
      4.4506635        1.1608946        1.1618539
      4.5161145        1.1391402        1.1510787
      4.5815654        1.1236316        1.1313973
      4.6470163        1.1014279        1.1071647
      4.7124673        1.0606252        1.0830542
      4.7779182        1.0074364        1.0631198
      4.8433691        0.9656052        1.0500902
      4.9088201        0.9580821        1.0450422
      4.9742710        0.9873899        1.0474679
      5.0397219        1.0325191        1.0556379
      5.1051729        1.0654487        1.0671130
      5.1706238        1.0729472        1.0792657
      5.2360747        1.0648207        1.0897134
      5.3015257        1.0620404        1.0966243
      5.3669766        1.0759947        1.0988858
      5.4324275        1.0975608        1.0961514
      5.4978785        1.1054292        1.0887822
      5.5633294        1.0857549        1.0777025
      5.6287803        1.0453319        1.0641974
      5.6942313        1.0066322        1.0496821
      5.7596822        0.9893437        1.0354810
      5.8251331        0.9947942        1.0226525
      5.8905841        1.0066130        1.0118836
      5.9560350        1.0063045        1.0034631
      6.0214859        0.9894439        0.9973273
      6.0869369        0.9683281        0.9931542
      6.1523878        0.9595453        0.9904812
      6.2178387        0.9683791        0.9888186
      6.2832897        0.9842450        0.9877401
      6.3487406        0.9908466        0.9869391
      6.4141915        0.9812963        0.9862467
      6.4796425        0.9642509        0.9856162
      6.5450934        0.9556613        0.9850831
      6.6105443        0.9639562        0.9847145
      6.6759953        0.9823009        0.9845639
      6.7414462        0.9948877        0.9846464
      6.8068971        0.9913415        0.9849370
      6.8723481        0.9760326        0.9853913
      6.9377990        0.9638935        0.9859733
      7.0032500        0.9666893        0.9866786
      7.0687009        0.9823035        0.9875407
      7.1341518        0.9967334        0.9886210
      7.1996028        0.9968842        0.9899864
      7.2650537        0.9825069        0.9916841
      7.3305046        0.9665106        0.9937189
      7.3959556        0.9634640        0.9960403
      7.4614065        0.9767292        0.9985393
      7.5268574        0.9957715        1.0010578
      7.5923084        1.0058863        1.0034105
      7.6577593        1.0013961        1.0054168
      7.7232102        0.9903778        1.0069347
      7.7886612        0.9867810        1.0078879
      7.8541121        0.9972444        1.0082768
      7.9195630        1.0146534        1.0081716
      7.9850140        1.0243175        1.0076919
      8.0504649        1.0172187        1.0069810
      8.1159158        0.9984111        1.0061833
      8.1813668        0.9830098        1.0054282
      8.2468177        0.9832996        1.0048201
      8.3122686        0.9983585        1.0044299
      8.3777196        1.0152452        1.0042903
      8.4431705        1.0204843        1.0043946
      8.5086214        1.0115652        1.0047020
      8.5740724        0.9984368        1.0051498
      8.6395233        0.9940732        1.0056686
      8.7049742        1.0028562        1.0061946
      8.7704252        1.0171438        1.0066765
      8.8358761        1.0247533        1.0070750
      8.9013270        1.0202290        1.0073594
      8.9667780        1.0095752        1.0075046
      9.0322289        1.0043172        1.0074908
      9.0976798        1.0105321        1.0073061
      9.1631308        1.0229890        1.0069488
      9.2285817        1.0297660        1.0064289
      9.2940326        1.0231268        1.0057682
      9.3594836        1.0067632        1.0049992
      9.4249345        0.9928252        1.0041619
      9.4903854        0.9913879        1.0033015
      9.5558364        1.0017808        1.0024632
      9.6212873        1.0134607        1.0016885
      9.6867382        1.0155152        1.0010121
      9.7521892        1.0062201        1.0004599
      9.8176401        0.9941889        1.0000490
      9.8830911        0.9903102        0.9997854
      9.9485420        0.9979022        0.9996616
     10.0139929        1.0099287        0.9996523
     10.0794439        1.0155981        0.9997136
     10.1448948        1.0101870        0.9997863
     10.2103457        0.9991579        0.9998056
     10.2757967        0.9929518        0.9997154
     10.3412476        0.9973226        0.9994805
     10.4066985        1.0080385        0.9990951
     10.4721495        1.0147087        0.9985839
     10.5376004        1.0101933        0.9979966
     10.6030513        0.9970549        0.9973973
     10.6685023        0.9852781        0.9968523
     10.7339532        0.9834118        0.9964170
     10.7994041        0.9911656        0.9961255
     10.8648551        1.0000493        0.9959858
     10.9303060        1.0012999        0.9959797
     10.9957569        0.9937961        0.9960714
     11.0612079        0.9848164        0.9962183
     11.1266588        0.9831064        0.9963827
     11.1921097        0.9907115        0.9965386
     11.2575607        1.0010703        0.9966740
     11.3230116        1.0050707        0.9967877
     11.3884625        0.9994816        0.9968859
     11.4539135        0.9900214        0.9969775
     11.5193644        0.9862322        0.9970714
     11.5848153        0.9927999        0.9971733
     11.6502663        1.0051964        0.9972828
     11.7157172        1.0136065        0.9973918
     11.7811681        1.0116081        0.9974858
     11.8466191        1.0017918        0.9975487
     11.9120700        0.9932981        0.9975699
     11.9775209        0.9935512        0.9975487
     12.0429719        1.0016743        0.9974962
     12.1084228        1.0094967        0.9974306
     12.1738737        1.0091694        0.9973706
     12.2393247        1.0004490        0.9973294
     12.3047756        0.9910458        0.9973116
     12.3702265        0.9897248        0.9973140
     12.4356775        0.9983855        0.9973288
     12.5011284        1.0102500        0.9973466
     12.5665794        1.0157778        0.9973586
     12.6320303        1.0110013        0.9973585
     12.6974812        1.0008599        0.9973439
     12.7629322        0.9946479        0.9973167
     12.8283831        0.9977450        0.9972826
     12.8938340        1.0070317        0.9972497
     12.9592850        1.0139611        0.9972247
     13.0247359        1.0123589        0.9972114
     13.0901868        1.0038746        0.9972099
     13.1556378        0.9962844        0.9972187
     13.2210887        0.9963650        0.9972367
     13.2865396        1.0038795        0.9972651
     13.3519906        1.0120388        0.9973063
     13.4174415        1.0138136        0.9973628
     13.4828924        1.0082066        0.9974340
     13.5483434        1.0007955        0.9975154
     13.6137943        0.9982497        0.9975994
     13.6792452        1.0020682        0.9976772
     13.7446962        1.0073965        0.9977406
     13.8101471        1.0079555        0.9977842
     13.8755980        1.0023556        0.9978068
     13.9410490        0.9957409        0.9978108
     14.0064999        0.9950595        0.9978019
     14.0719508        1.0022758        0.9977874
     14.1374018        1.0119328        0.9977742
     14.2028527        1.0156115        0.9977680
     14.2683036        1.0094720        0.9977727
     14.3337546        0.9980429        0.9977911
     14.3992055        0.9906145        0.9978259
     14.4646564        0.9932222        0.9978789
     14.5301074        1.0032966        0.9979501
     14.5955583        1.0118314        0.9980367
     14.6610092        1.0112663        0.9981329
     14.7264602        1.0021422        0.9982319
     14.7919111        0.9926004        0.9983290
     14.8573620        0.9911364        0.9984234
     14.9228130        0.9990361        0.9985184
     14.9882639        1.0092298        0.9986181
     15.0537148        1.0125916        0.9987249
     15.1191658        1.0060668        0.9988371
     15.1846167        0.9953804        0.9989493
     15.2500676        0.9899193        0.9990550
     15.3155186        0.9943705        0.9991490
     15.3809695        1.0045785        0.9992285
     15.4464205        1.0112973        0.9992931
     15.5118714        1.0084473        0.9993435
     15.5773223        0.9984848        0.9993811
     15.6427733        0.9901188        0.9994083
     15.7082242        0.9904844        0.9994293
     15.7736751        0.9988256        0.9994500
     15.8391261        1.0073276        0.9994768
     15.9045770        1.0082725        0.9995151
     15.9700279        1.0010052        0.9995674
     16.0354789        0.9924127        0.9996329
     16.1009298        0.9905238        0.9997081
     16.1663807        0.9970831        0.9997877
     16.2318317        1.0058928        0.9998655
     16.2972826        1.0084821        0.9999355
     16.3627335        1.0019847        0.9999930
     16.4281845        0.9920249        1.0000353
     16.4936354        0.9878662        1.0000631
     16.5590863        0.9940730        1.0000796
     16.6245373        1.0061851        1.0000905
     16.6899882        1.0144014        1.0001019
     16.7554391        1.0121138        1.0001189
     16.8208901        1.0017229        1.0001452
     16.8863410        0.9925068        1.0001820
     16.9517919        0.9923810        1.0002287
     17.0172429        1.0008790        1.0002820
     17.0826938        1.0096561        1.0003367
     17.1481447        1.0101203        1.0003859
     17.2135957        1.0013716        1.0004233
     17.2790466        0.9912496        1.0004447
     17.3444975        0.9893803        1.0004502
     17.4099485        0.9983113        1.0004434
     17.4753994        1.0107154        1.0004308
     17.5408503        1.0154239        1.0004192
     17.6063013        1.0072451        1.0004144
     17.6717522        0.9919930        1.0004212
     17.7372031        0.9821108        1.0004431
     17.8026541        0.9863591        1.0004828
     17.8681050        1.0022715        1.0005415
     17.9335559        1.0178583        1.0006177
     17.9990069        1.0212433        1.0007069
     18.0644578        1.0102083        1.0008023

 Total S(Q)'s: Comparison with input data

   494  2 are NQ and NPAR

       Q      S(Q)_RMC  S(Q)_Expt
      0.4682470      0.7272223      0.1620110
      0.4982822      0.7891431      0.1824839
      0.5283174      0.8308399      0.1966254
      0.5583526      0.8530365      0.2076533
      0.5883878      0.8596721      0.2185886
      0.6184230      0.8564322      0.2314697
      0.6484582      0.8493313      0.2469633
      0.6784934      0.8435990      0.2644221
      0.7085286      0.8430035      0.2823220
      0.7385638      0.8496276      0.2989137
      0.7685990      0.8640101      0.3128855
      0.7986342      0.8855081      0.3238450
      0.8286694      0.9127280      0.3324944
      0.8587046      0.9439050      0.3404681
      0.8887398      0.9771709      0.3498964
      0.9187750      1.0107092      0.3628392
      0.9488102      1.0428438      0.3807596
      0.9788454      1.0721246      0.4041931
      1.0088806      1.0974595      0.4327053
      1.0389158      1.1183055      0.4651470
      1.0689510      1.1348858      0.5001256
      1.0989862      1.1483632      0.5365517
      1.1290214      1.1608849      0.5740932
      1.1590566      1.1754283      0.6133951
      1.1890918      1.1954206      0.6559855
      1.2191270      1.2241623      0.7038734
      1.2491622      1.2641481      0.7589328
      1.2791974      1.3164165      0.8222264
      1.3092326      1.3800782      0.8934464
      1.3392678      1.4521464      0.9706263
      1.3693030      1.5277376      1.0502136
      1.3993382      1.6006348      1.1275037
      1.4293734      1.6641273      1.1973519
      1.4594086      1.7119766      1.2550062
      1.4894438      1.7393283      1.2968805
      1.5194790      1.7433984      1.3210991
      1.5495142      1.7238068      1.3277018
      1.5795494      1.6825073      1.3184791
      1.6095846      1.6233431      1.2964935
      1.6396198      1.5513327      1.2654130
      1.6696551      1.4718409      1.2288167
      1.6996903      1.3898004      1.1896312
      1.7297255      1.3091260      1.1498086
      1.7597607      1.2324119      1.1102938
      1.7897959      1.1609320      1.0712489
      1.8198311      1.0948943      1.0324433
      1.8498663      1.0338542      0.9936819
      1.8799015      0.9771631      0.9551443
      1.9099367      0.9243397      0.9175440
      1.9399719      0.8752849      0.8820729
      1.9700071      0.8303094      0.8501575
      2.0000423      0.7899972      0.8231098
      2.0300775      0.7549678      0.8017798
      2.0601127      0.7256215      0.7863139
      2.0901479      0.7019481      0.7760933
      2.1201831      0.6834566      0.7698708
      2.1502183      0.6692429      0.7660715
      2.1802535      0.6581742      0.7631769
      2.2102887      0.6491380      0.7600877
      2.2403239      0.6412847      0.7563712
      2.2703591      0.6341997      0.7523268
      2.3003943      0.6279599      0.7488561
      2.3304295      0.6230622      0.7471751
      2.3604647      0.6202444      0.7484450
      2.3904999      0.6202464      0.7534214
      2.4205351      0.6235730      0.7622114
      2.4505703      0.6303162      0.7741979
      2.4806055      0.6400786      0.7881463
      2.5106407      0.6520127      0.8024592
      2.5406759      0.6649615      0.8155081
      2.5707111      0.6776647      0.8259559
      2.6007463      0.6889793      0.8329886
      2.6307815      0.6980648      0.8364043
      2.6608167      0.7044961      0.8365488
      2.6908519      0.7082845      0.8341278
      2.7208871      0.7098137      0.8299570
      2.7509223      0.7097112      0.8247257
      2.7809575      0.7086929      0.8188381
      2.8109927      0.7074161      0.8123721
      2.8410279      0.7063719      0.8051580
      2.8710631      0.7058336      0.7969432
      2.9010983      0.7058624      0.7875863
      2.9311335      0.7063603      0.7772139
      2.9611687      0.7071477      0.7662906
      2.9912039      0.7080450      0.7555752
      3.0212391      0.7089372      0.7459751
      3.0512743      0.7098108      0.7383387
      3.0813095      0.7107589      0.7332473
      3.1113447      0.7119588      0.7308676
      3.1413799      0.7136335      0.7309099
      3.1714151      0.7160060      0.7327073
      3.2014503      0.7192590      0.7353962
      3.2314855      0.7235059      0.7381498
      3.2615207      0.7287771      0.7404009
      3.2915559      0.7350218      0.7419921
      3.3215911      0.7421239      0.7432125
      3.3516263      0.7499283      0.7447102
      3.3816615      0.7582754      0.7473059
      3.4116967      0.7670373      0.7517601
      3.4417319      0.7761530      0.7585577
      3.4717671      0.7856540      0.7677728
      3.5018023      0.7956755      0.7790486
      3.5318375      0.8064477      0.7917004
      3.5618727      0.8182628      0.8049116
      3.5919079      0.8314216      0.8179673
      3.6219431      0.8461660      0.8304616
      3.6519783      0.8626103      0.8424182
      3.6820135      0.8806879      0.8542911
      3.7120487      0.9001276      0.8668440
      3.7420839      0.9204724      0.8809406
      3.7721191      0.9411423      0.8973042
      3.8021543      0.9615333      0.9163124
      3.8321895      0.9811352      0.9378838
      3.8622247      0.9996432      0.9614902
      3.8922599      1.0170369      0.9862904
      3.9222951      1.0336040      1.0113515
      3.9523303      1.0499012      1.0358980
      3.9823655      1.0666525      1.0595213
      4.0124007      1.0846070      1.0822929
      4.0424359      1.1043833      1.1047499
      4.0724711      1.1263360      1.1277543
      4.1025063      1.1504740      1.1522634
      4.1325415      1.1764493      1.1790685
      4.1625767      1.2036185      1.2085687
      4.1926119      1.2311620      1.2406366
      4.2226471      1.2582316      1.2746066
      4.2526823      1.2840917      1.3093881
      4.2827175      1.3082197      1.3436690
      4.3127527      1.3303453      1.3761598
      4.3427879      1.3504220      1.4058160
      4.3728231      1.3685440      1.4319878
      4.4028583      1.3848359      1.4544680
      4.4328935      1.3993500      1.4734371
      4.4629287      1.4120013      1.4893300
      4.4929639      1.4225608      1.5026682
      4.5229991      1.4307105      1.5139071
      4.5530343      1.4361430      1.5233342
      4.5830695      1.4386758      1.5310419
      4.6131047      1.4383448      1.5369670
      4.6431399      1.4354442      1.5409747
      4.6731751      1.4304949      1.5429488
      4.7032103      1.4241433      1.5428532
      4.7332455      1.4170110      1.5407405
      4.7632807      1.4095331      1.5367037
      4.7933159      1.4018277      1.5307887
      4.8233511      1.3936334      1.5228986
      4.8533863      1.3843378      1.5127309
      4.8834215      1.3730949      1.4997743
      4.9134567      1.3590100      1.4833818
      4.9434919      1.3413486      1.4629078
      4.9735271      1.3197226      1.4378798
      5.0035623      1.2942091      1.4081588
      5.0335975      1.2653717      1.3740433
      5.0636327      1.2341821      1.3362846
      5.0936679      1.2018578      1.2959999
      5.1237031      1.1696571      1.2545029
      5.1537383      1.1386787      1.2130869
      5.1837735      1.1097108      1.1728160
      5.2138087      1.0831636      1.1343749
      5.2438439      1.0590924      1.0980150
      5.2738791      1.0373002      1.0636081
      5.3039143      1.0174837      1.0307928
      5.3339495      0.9993834      0.9991707
      5.3639847      0.9828937      0.9684994
      5.3940199      0.9681062      0.9388281
      5.4240551      0.9552777      0.9105389
      5.4540903      0.9447360      0.8842829
      5.4841255      0.9367539      0.8608282
      5.5141607      0.9314310      0.8408628
      5.5441959      0.9286181      0.8248063
      5.5742311      0.9279101      0.8126836
      5.6042663      0.9287081      0.8040955
      5.6343015      0.9303371      0.7982956
      5.6643367      0.9321870      0.7943525
      5.6943719      0.9338375      0.7913561
      5.7244071      0.9351336      0.7886108
      5.7544423      0.9361914      0.7857668
      5.7844775      0.9373326      0.7828551
      5.8145127      0.9389653      0.7802200
      5.8445479      0.9414457      0.7783704
      5.8745831      0.9449564      0.7777941
      5.9046183      0.9494362      0.7787853
      5.9346535      0.9545788      0.7813366
      5.9646887      0.9598997      0.7851208
      5.9947239      0.9648538      0.7895671
      6.0247591      0.9689684      0.7940081
      6.0547943      0.9719573      0.7978523
      6.0848295      0.9737836      0.8007336
      6.1148647      0.9746560      0.8025934
      6.1448999      0.9749596      0.8036735
      6.1749351      0.9751420      0.8044225
      6.2049703      0.9755878      0.8053436
      6.2350055      0.9765141      0.8068307
      6.2650407      0.9779173      0.8090400
      6.2950759      0.9795846      0.8118381
      6.3251111      0.9811646      0.8148424
      6.3551463      0.9822774      0.8175440
      6.3851815      0.9826329      0.8194793
      6.4152167      0.9821225      0.8204007
      6.4452519      0.9808608      0.8203959
      6.4752871      0.9791648      0.8199193
      6.5053223      0.9774779      0.8197210
      6.5353575      0.9762609      0.8206901
      6.5653927      0.9758790      0.8236510
      6.5954279      0.9765184      0.8291654
      6.6254631      0.9781534      0.8373947
      6.6554983      0.9805725      0.8480586
      6.6855335      0.9834555      0.8605040
      6.7155687      0.9864781      0.8738652
      6.7456039      0.9894157      0.8872763
      6.7756391      0.9922145      0.9000789
      6.8056743      0.9950124      0.9119717
      6.8357095      0.9981027      0.9230641
      6.8657447      1.0018512      0.9338211
      6.8957799      1.0065898      0.9449158
      6.9258151      1.0125156      0.9570302
      6.9558503      1.0196228      0.9706577
      6.9858855      1.0276865      0.9859587
      7.0159207      1.0363006      1.0027067
      7.0459559      1.0449602      1.0203364
      7.0759911      1.0531668      1.0380765
      7.1060263      1.0605278      1.0551322
      7.1360615      1.0668260      1.0708640
      7.1660967      1.0720434      1.0849183
      7.1961319      1.0763364      1.0972749
      7.2261671      1.0799712      1.1082045
      7.2562023      1.0832405      1.1181499
      7.2862375      1.0863830      1.1275683
      7.3162727      1.0895266      1.1367786
      7.3463079      1.0926679      1.1458569
      7.3763431      1.0956878      1.1546061
      7.4063783      1.0983953      1.1626052
      7.4364135      1.1005831      1.1693224
      7.4664487      1.1020785      1.1742572
      7.4964839      1.1027754      1.1770716
      7.5265191      1.1026424      1.1776761
      7.5565543      1.1017099      1.1762486
      7.5865896      1.1000452      1.1731856
      7.6166248      1.0977287      1.1690041
      7.6466600      1.0948426      1.1642252
      7.6766952      1.0914747      1.1592730
      7.7067304      1.0877375      1.1544159
      7.7367656      1.0837913      1.1497641
      7.7668008      1.0798583      1.1453159
      7.7968360      1.0762174      1.1410337
      7.8268712      1.0731734      1.1369204
      7.8569064      1.0710032      1.1330675
      7.8869416      1.0698918      1.1296583
      7.9169768      1.0698764      1.1269233
      7.9470120      1.0708155      1.1250622
      7.9770472      1.0723987      1.1241599
      8.0070824      1.0741987      1.1241254
      8.0371176      1.0757586      1.1246784
      8.0671528      1.0766943      1.1253941
      8.0971880      1.0767860      1.1257983
      8.1272232      1.0760349      1.1254888
      8.1572584      1.0746681      1.1242494
      8.1872936      1.0730861      1.1221217
      8.2173288      1.0717661      1.1194123
      8.2473640      1.0711429      1.1166270
      8.2773992      1.0714987      1.1143472
      8.3074344      1.0728896      1.1130787
      8.3374696      1.0751295      1.1131133
      8.3675048      1.0778356      1.1144407
      8.3975400      1.0805233      1.1167353
      8.4275752      1.0827253      1.1194239
      8.4576104      1.0841035      1.1218166
      8.4876456      1.0845233      1.1232682
      8.5176808      1.0840716      1.1233249
      8.5477160      1.0830137      1.1218215
      8.5777512      1.0817050      1.1188998
      8.6077864      1.0804815      1.1149487
      8.6378216      1.0795630      1.1104818
      8.6678568      1.0789963      1.1059881
      8.6978920      1.0786550      1.1017982
      8.7279272      1.0782945      1.0980025
      8.7579624      1.0776455      1.0944424
      8.7879976      1.0765160      1.0907755
      8.8180328      1.0748690      1.0865931
      8.8480680      1.0728512      1.0815554
      8.8781032      1.0707593      1.0755021
      8.9081384      1.0689531      1.0685082
      8.9381736      1.0677381      1.0608664
      8.9682088      1.0672542      1.0530026
      8.9982440      1.0674037      1.0453501
      9.0282792      1.0678465      1.0382186
      9.0583144      1.0680671      1.0316988
      9.0883496      1.0675015      1.0256311
      9.1183848      1.0656912      1.0196486
      9.1484200      1.0624213      1.0132844
      9.1784552      1.0578040      1.0061112
      9.2084904      1.0522794      0.9978757
      9.2385256      1.0465282      0.9885859
      9.2685608      1.0413158      0.9785276
      9.2985960      1.0373072      0.9682038
      9.3286312      1.0348989      0.9582125
      9.3586664      1.0341179      0.9490983
      9.3887016      1.0346130      0.9412184
      9.4187368      1.0357466      0.9346625
      9.4487720      1.0367641      0.9292475
      9.4788072      1.0369961      0.9245885
      9.5088424      1.0360411      0.9202262
      9.5388776      1.0338778      0.9157714
      9.5689128      1.0308742      0.9110255
      9.5989480      1.0276908      0.9060417
      9.6289832      1.0250994      0.9011085
      9.6590184      1.0237677      0.8966604
      9.6890536      1.0240658      0.8931422
      9.7190888      1.0259491      0.8908685
      9.7491240      1.0289514      0.8899179
      9.7791592      1.0322915      0.8900981
      9.8091944      1.0350694      0.8909912
      9.8392296      1.0364992      0.8920678
      9.8692648      1.0361185      0.8928392
      9.8993000      1.0339180      0.8930016
      9.9293352      1.0303547      0.8925290
      9.9593704      1.0262454      0.8916880
      9.9894056      1.0225652      0.8909640
     10.0194408      1.0202057      0.8909216
     10.0494760      1.0197535      0.8920349
     10.0795112      1.0213491      0.8945380
     10.1095464      1.0246605      0.8983393
     10.1395816      1.0289792      0.9030266
     10.1696168      1.0334104      0.9079642
     10.1996520      1.0371061      0.9124579
     10.2296872      1.0394791      0.9159413
     10.2597224      1.0403410      0.9181334
     10.2897576      1.0399294      0.9191202
     10.3197928      1.0388189      0.9193366
     10.3498280      1.0377444      0.9194521
     10.3798632      1.0373858      0.9201889
     10.4098984      1.0381751      0.9221241
     10.4399336      1.0401788      0.9255296
     10.4699688      1.0430869      0.9302959
     10.5000040      1.0463088      0.9359620
     10.5300392      1.0491486      0.9418438
     10.5600744      1.0510076      0.9472266
     10.5901096      1.0515562      0.9515676
     10.6201448      1.0508277      0.9546525
     10.6501800      1.0492071      0.9566610
     10.6802152      1.0473182      0.9581229
     10.7102504      1.0458439      0.9597758
     10.7402856      1.0453298      0.9623641
     10.7703208      1.0460284      0.9664350
     10.8003560      1.0478287      0.9721898
     10.8303912      1.0502910      0.9794301
     10.8604264      1.0527783      0.9876173
     10.8904616      1.0546443      0.9960250
     10.9204968      1.0554271      1.0039440
     10.9505320      1.0549897      1.0108799
     10.9805672      1.0535676      1.0166872
     11.0106024      1.0517087      1.0216016
     11.0406376      1.0501205      1.0261617
     11.0706728      1.0494671      1.0310413
     11.1007080      1.0501742      1.0368413
     11.1307432      1.0522968      1.0439014
     11.1607784      1.0554889      1.0521857
     11.1908136      1.0590850      1.0612779
     11.2208488      1.0622738      1.0704869
     11.2508840      1.0643155      1.0790356
     11.2809192      1.0647434      1.0862782
     11.3109544      1.0634946      1.0918837
     11.3409896      1.0609321      1.0959325
     11.3710248      1.0577514      1.0988958
     11.4010600      1.0547970      1.1015018
     11.4310952      1.0528384      1.1045251
     11.4611304      1.0523672      1.1085572
     11.4911656      1.0534692      1.1138247
     11.5212008      1.0558083      1.1201059
     11.5512360      1.0587231      1.1267726
     11.5812712      1.0614111      1.1329473
     11.6113064      1.0631473      1.1377326
     11.6413416      1.0634775      1.1404498
     11.6713768      1.0623340      1.1408213
     11.7014120      1.0600418      1.1390434
     11.7314472      1.0572172      1.1357304
     11.7614824      1.0545885      1.1317438
     11.7915176      1.0527907      1.1279555
     11.8215528      1.0521920      1.1250092
     11.8515880      1.0528021      1.1231494
     11.8816232      1.0542839      1.1221631
     11.9116584      1.0560655      1.1214530
     11.9416936      1.0575161      1.1202183
     11.9717288      1.0581346      1.1176934
     12.0017640      1.0576949      1.1133754
     12.0317992      1.0563064      1.1071749
     12.0618344      1.0543721      1.0994484
     12.0918696      1.0524590      1.0909020
     12.1219048      1.0511201      1.0823954
     12.1519400      1.0507215      1.0747022
     12.1819752      1.0513282      1.0682955
     12.2120104      1.0526832      1.0632225
     12.2420456      1.0542873      1.0591019
     12.2720808      1.0555570      1.0552474
     12.3021160      1.0560138      1.0508788
     12.3321512      1.0554463      1.0453618
     12.3621864      1.0539953      1.0384027
     12.3922216      1.0521323      1.0301443
     12.4222568      1.0505341      1.0211303
     12.4522920      1.0498854      1.0121517
     12.4823272      1.0506672      1.0040161
     12.5123624      1.0529922      0.9973114
     12.5423976      1.0565385      0.9922311
     12.5724328      1.0606078      0.9885166
     12.6024680      1.0642940      0.9855343
     12.6325032      1.0667236      0.9824671
     12.6625384      1.0672985      0.9785645
     12.6925736      1.0658754      0.9733781
     12.7226088      1.0628270      0.9669103
     12.7526440      1.0589641      0.9596298
     12.7826792      1.0553343      0.9523452
     12.8127144      1.0529501      0.9459703
     12.8427496      1.0525173      0.9412486
     12.8727848      1.0542403      0.9385182
     12.9028200      1.0577570      0.9375892
     12.9328552      1.0622268      0.9377753
     12.9628904      1.0665471      0.9380750
     12.9929256      1.0696449      0.9374562
     13.0229608      1.0707620      0.9351628
     13.0529960      1.0696583      0.9309539
     13.0830312      1.0666765      0.9252009
     13.1130664      1.0626491      0.9188094
     13.1431016      1.0586732      0.9129800
     13.1731368      1.0558148      0.9088702
     13.2031720      1.0548227      0.9072541
     13.2332072      1.0559309      0.9082767
     13.2632424      1.0588048      0.9113804
     13.2932776      1.0626440      0.9154309
     13.3233128      1.0664134      0.9190162
     13.3533480      1.0691375      0.9208399
     13.3833832      1.0701731      0.9200986
     13.4134184      1.0693857      0.9167357
     13.4434536      1.0671783      0.9114931
     13.4734888      1.0643645      0.9057378
     13.5035240      1.0619240      0.9011036
     13.5335593      1.0607093      0.8990433
     13.5635945      1.0611900      0.9004141
     13.5936297      1.0633086      0.9052164
     13.6236649      1.0664915      0.9125643
     13.6537001      1.0698142      0.9209060
     13.6837353      1.0722736      0.9284385
     13.7137705      1.0730900      0.9336066
     13.7438057      1.0719498      0.9355475
     13.7738409      1.0691158      0.9343511
     13.8038761      1.0653695      0.9310575
     13.8339113      1.0617970      0.9273821
     13.8639465      1.0594771      0.9252378
     13.8939817      1.0591597      0.9261843
     13.9240169      1.0610299      0.9309585
     13.9540521      1.0646275      0.9392252
     13.9840873      1.0689552      0.9496266
     14.0141225      1.0727474      0.9601296
     14.0441577      1.0748311      0.9685820
     14.0741929      1.0744750      0.9733273
     14.1042281      1.0716278      0.9737031
     14.1342633      1.0669684      0.9702752
     14.1642985      1.0617477      0.9647273
     14.1943337      1.0574563      0.9594222
     14.2243689      1.0554059      0.9567459
     14.2544041      1.0563405      0.9584104
     14.2844393      1.0601894      0.9649163
     14.3144745      1.0660409      0.9753369
     14.3445097      1.0723543      0.9875034
     14.3745449      1.0773620      0.9985616
     14.4045801      1.0795591      1.0057601
     14.4346153      1.0781447      1.0072595
     14.4646505      1.0732901      1.0027298
     14.4946857      1.0661468      0.9935529
     14.5247209      1.0585798      0.9825448
     14.5547561      1.0526845      0.9732449
     14.5847913      1.0502105      0.9689445
     14.6148265      1.0520471      0.9717112
     14.6448617      1.0579178      0.9816879
     14.6748969      1.0663827      0.9968846
     14.7049321      1.0751644      1.0135636
     14.7349673      1.0817337      1.0271586
     14.7650025      1.0840077      1.0335167
     14.7950377      1.0809806      1.0301463
     14.8250729      1.0731109      1.0171234
     14.8551081      1.0623413      0.9973738
     14.8851433      1.0517204      0.9761879
     14.9151785      1.0446928      0.9600176
     14.9452137      1.0442175      0.9547961
     14.9752489      1.0519253      0.9641647
     15.0052841      1.0675309      0.9880494
     15.0353193      1.0886624      1.0219767
     15.0653545      1.1111774      1.0573716
     15.0953897      1.1299194      1.0828554
     15.1254249      1.1397631      1.0863303
     15.1554601      1.1367181      1.0574339
     15.1854953      1.1188455      0.9898415
     15.2155305      1.0867727      0.8828990
     15.2455657      1.0436849      0.7422009
     15.2756009      0.9947845      0.5789454
