 Results from RMCProfile version 6.7.9.5

 (Version 6f format configuration file)                                          

 2 experiments   3 partials

 Partial g(r)'s are printed out below

   128  3 are NR and NPAR

   r (Ang)
   0.06545     0.00000     0.00000     0.00000
   0.13090     0.00000     0.00000     0.00000
   0.19635     0.00000     0.00000     0.00000
   0.26180     0.00000     7.12140     9.05263
   0.32725     0.00000     0.00000     0.00000
   0.39271     0.00000     1.58710     2.69000
   0.45816     0.00000     9.33399     6.92139
   0.52361     4.21802     3.57459     3.02931
   0.58906     0.00000     4.23771     4.78837
   0.65451     0.00000     2.86101     2.90950
   0.71996     0.00000    14.66185     8.81795
   0.78541     0.00000    46.90074    29.30454
   0.85086     1.59865    57.57839    35.01776
   0.91631     2.75704     7.00942     8.91028
   0.98176     2.40182     5.08860     5.39046
   1.04721     0.00000     7.37979    10.80247
   1.11267     0.93504     3.96204     9.90509
   1.17812     1.66812     6.36147     7.78711
   1.24357     0.74859     4.75801     8.60205
   1.30902     1.35124     6.15502     7.88483
   1.37447     0.00000     5.97240     8.47226
   1.43992     3.90869     6.62490     8.12072
   1.50537     8.68517     4.97903     8.07213
   1.57082    16.42238     6.26277     7.58205
   1.63627    15.56747     4.85567     6.91005
   1.70172    19.99048     6.26820     6.02988
   1.76718     6.67342     4.08449     4.45992
   1.83263     2.75792     5.69697     4.58035
   1.89808     3.85652     4.76618     5.36628
   1.96353     1.80186     5.21726     4.47533
   2.02898     4.21875     5.06488     5.45371
   2.09443     4.48711     5.31251     4.83386
   2.15988     4.71570     5.57386     5.25836
   2.22533     2.57192     5.74619     4.82768
   2.29078     6.17797     6.21724     4.63500
   2.35623     3.33688     4.94876     5.65423
   2.42168     3.94869     5.14501     4.28928
   2.48714     3.74361     4.99677     5.37721
   2.55259     5.50886     4.17909     4.21163
   2.61804     3.71649     4.36645     4.70131
   2.68349     4.50217     4.19013     4.41704
   2.74894     4.90325     4.09037     4.48433
   2.81439     4.97022     4.30497     4.77688
   2.87984     3.76958     5.32427     4.16115
   2.94529     5.20565     4.49641     4.84103
   3.01074     4.85405     4.54661     4.60991
   3.07619     4.77206     4.22559     4.34993
   3.14164     4.69262     4.52360     4.12845
   3.20710     3.82759     4.88943     4.36592
   3.27255     4.32473     4.35222     4.29010
   3.33800     6.02736     4.00708     4.14217
   3.40345     4.09843     4.02388     4.07413
   3.46890     3.56033     4.19966     4.00823
   3.53435     4.26394     4.26159     4.02759
   3.59980     3.75289     3.91872     4.10707
   3.66525     5.17151     3.92611     4.14741
   3.73070     3.32776     3.77194     3.86873
   3.79615     3.61576     3.48978     3.95288
   3.86161     2.32949     3.40539     4.07097
   3.92706     3.52889     3.97685     3.84204
   3.99251     3.63207     3.40122     3.53451
   4.05796     2.95332     3.59034     3.69917
   4.12341     3.40513     3.70812     3.76608
   4.18886     3.29955     3.50927     3.51898
   4.25431     2.81495     3.23947     3.38857
   4.31976     3.72313     3.39184     3.26438
   4.38521     2.64941     3.15102     3.43794
   4.45066     3.44889     3.34387     3.56847
   4.51611     2.66837     3.12737     3.07844
   4.58157     3.14431     3.06203     3.11987
   4.64702     2.78826     3.18087     3.14813
   4.71247     3.64989     2.70648     3.18300
   4.77792     3.04335     2.70807     3.10550
   4.84337     3.01102     3.12689     2.97782
   4.90882     2.69099     2.60629     2.62285
   4.97427     2.80783     2.65713     2.81476
   5.03972     2.50743     2.90730     2.68482
   5.10517     2.44355     2.60733     2.64035
   5.17062     2.59863     2.60597     2.56616
   5.23607     2.23843     2.54123     2.54790
   5.30153     2.22470     2.50506     2.50018
   5.36698     2.25117     2.35065     2.41070
   5.43243     2.31496     2.29435     2.34591
   5.49788     1.64724     2.25628     2.09781
   5.56333     2.58143     2.21143     2.12934
   5.62878     1.93699     2.11384     2.19823
   5.69423     2.07128     1.98987     2.23775
   5.75968     2.44333     1.89313     2.08064
   5.82513     1.80861     2.16894     2.04028
   5.89058     1.70190     1.71095     2.05511
   5.95604     2.21960     1.97092     1.75818
   6.02149     1.82032     1.75916     1.72017
   6.08694     1.78139     1.75464     1.69460
   6.15239     1.59073     1.49714     1.66423
   6.21784     1.76707     1.73864     1.71541
   6.28329     1.55447     1.57212     1.61140
   6.34874     1.37895     1.55813     1.65572
   6.41419     1.26651     1.34761     1.67264
   6.47964     1.18590     1.41985     1.51522
   6.54509     1.45963     1.44887     1.47536
   6.61054     1.24539     1.27997     1.51290
   6.67600     1.42893     1.32655     1.32945
   6.74145     1.35037     1.26313     1.43184
   6.80690     1.22456     1.35015     1.21150
   6.87235     1.29941     1.23625     1.28978
   6.93780     0.98633     1.20794     1.23964
   7.00325     1.03881     1.16046     1.19962
   7.06870     0.99649     1.24708     1.10262
   7.13415     1.00104     1.06524     1.16009
   7.19960     0.78187     1.15955     1.01877
   7.26505     1.16273     0.94818     0.85475
   7.33050     0.96968     1.01350     1.02913
   7.39596     0.88908     0.94631     0.92738
   7.46141     0.91515     0.91216     0.86264
   7.52686     0.91975     0.84873     0.81100
   7.59231     0.90396     0.81714     0.77905
   7.65776     0.82933     0.81159     0.75161
   7.72321     0.83475     0.70330     0.76332
   7.78866     0.68716     0.71579     0.67515
   7.85411     0.71330     0.70391     0.67742
   7.91956     0.79387     0.53587     0.53368
   7.98501     0.61746     0.58868     0.50540
   8.05046     0.73253     0.54130     0.49401
   8.11592     0.50981     0.52888     0.52711
   8.18137     0.44978     0.47647     0.47212
   8.24682     0.39160     0.44729     0.41269
   8.31227     0.40221     0.37991     0.39418
   8.37772     0.59393     0.41595     0.34065

 Partial S(Q)'s are printed out below

   494  3 are NQ and NPAR

      Q          S(Q)_1      S(Q)_2      S(Q)_3
  0.4682470    70.5176114    76.7900199    78.4357213
  0.4982822    63.8327419    69.8779826    71.2865417
  0.5283174    57.0926158    62.8997902    64.0649945
  0.5583526    50.3756015    55.9382088    56.8577832
  0.5883878    43.7616953    49.0780765    49.7539858
  0.6184230    37.3304736    42.4040663    42.8426781
  0.6484582    31.1589390    35.9983244    36.2104175
  0.6784934    25.3193464    29.9380818    29.9386950
  0.7085286    19.8771042    24.2933452    24.1014660
  0.7385638    14.8888418    19.1247672    18.7628697
  0.7685990    10.4007300    14.4817938    13.9752394
  0.7986342     6.4471296    10.4011723     9.7774973
  0.8286694     3.0496315     6.9058913     6.1940049
  0.8587046     0.2165326     4.0045998     3.2339281
  0.8887398    -2.0572247     1.6915386     0.8911449
  0.9187750    -3.7896452    -0.0530128    -0.8552938
  0.9488102    -5.0108197    -1.2617899    -2.0401696
  0.9788454    -5.7616451    -1.9791361    -2.7106092
  1.0088806    -6.0921804    -2.2591960    -2.9241663
  1.0389158    -6.0597067    -2.1637856    -2.7465577
  1.0689510    -5.7265737    -1.7600312    -2.2491486
  1.0989862    -5.1579236    -1.1178777    -1.5062959
  1.1290214    -4.4193860    -0.3075715    -0.5926620
  1.1590566    -3.5748406     0.6027764     0.4193895
  1.1890918    -2.6843351     1.5494487     1.4622075
  1.2191270    -1.8022423     2.4751107     2.4749821
  1.2491622    -0.9757231     3.3304541     3.4055056
  1.2791974    -0.2435514     4.0754385     4.2115027
  1.3092326     0.3646647     4.6800902     4.8614890
  1.3392678     0.8288472     5.1248420     5.3351366
  1.3693030     1.1383996     5.4004177     5.6231519
  1.3993382     1.2917669     5.5072858     5.7266907
  1.4293734     1.2956400     5.4547257     5.6563566
  1.4594086     1.1638592     5.2595673     5.4308477
  1.4894438     0.9160788     4.9446776     5.0753285
  1.5194790     0.5762675     4.5372748     4.6196161
  1.5495142     0.1711217     4.0671594     4.0962743
  1.5795494    -0.2715317     3.5649483     3.5387082
  1.6095846    -0.7242643     3.0603966     2.9793523
  1.6396198    -1.1614425     2.5808827     2.4480309
  1.6696551    -1.5604282     2.1501211     1.9705640
  1.6996903    -1.9025406     1.7871547     1.5676712
  1.7297255    -2.1737437     1.5056587     1.2542123
  1.7597607    -2.3650443     1.3135754     1.0387848
  1.7897959    -2.4725970     1.2130786     0.9236773
  1.8198311    -2.4975293     1.2008503     0.9051620
  1.8498663    -2.4455136     1.2686379     0.9740932
  1.8799015    -2.3261232     1.4040468     1.1167622
  1.9099367    -2.1520205     1.5915126     1.3159508
  1.9399719    -1.9380296     1.8133907     1.5521167
  1.9700071    -1.7001507     2.0510995     1.8046397
  2.0000423    -1.4545729     2.2862494     2.0530600
  2.0300775    -1.2167394     2.5016997     2.2782399
  2.0601127    -1.0005128     2.6824861     2.4633919
  2.0901479    -0.8174816     2.8165755     2.5949217
  2.1201831    -0.6764380     2.8954141     2.6630503
  2.1502183    -0.5830467     2.9142486     2.6621905
  2.1802535    -0.5397125     2.8722130     2.5910699
  2.2102887    -0.5456441     2.7721871     2.4526041
  2.2403239    -0.5970990     2.6204454     2.2535393
  2.2703591    -0.6877865     2.4261261     2.0038952
  2.3003943    -0.8093976     2.2005577     1.7162472
  2.3304295    -0.9522236     1.9564886     1.4048959
  2.3604647    -1.1058249     1.7072673     1.0849758
  2.3904999    -1.2597066     1.4660228     0.7715550
  2.4205351    -1.4039630     1.2448920     0.4787774
  2.4505703    -1.5298532     1.0543365     0.2190947
  2.4806055    -1.6302780     0.9025852     0.0026265
  2.5106407    -1.7001346     0.7952289    -0.1633191
  2.5406759    -1.7365332     0.7349862    -0.2745459
  2.5707111    -1.7388692     0.7216456    -0.3300785
  2.6007463    -1.7087527     0.7521824    -0.3320840
  2.6307815    -1.6498062     0.8210364    -0.2856172
  2.6608167    -1.5673473     0.9205279    -0.1982105
  2.6908519    -1.4679808     1.0413846    -0.0793395
  2.7208871    -1.3591283     1.1733435     0.0602012
  2.7509223    -1.2485255     1.3057898     0.2089733
  2.7809575    -1.1437202     1.4283967     0.3555782
  2.8109927    -1.0515988     1.5317255     0.4893118
  2.8410279    -0.9779720     1.6077562     0.6007522
  2.8710631    -0.9272396     1.6503163     0.6822498
  2.9010983    -0.9021540     1.6553887     0.7282956
  2.9311335    -0.9036930     1.6212842     0.7357505
  2.9611687    -0.9310448     1.5486718     0.7039282
  2.9912039    -0.9817038     1.4404709     0.6345325
  3.0212391    -1.0516668     1.3016154     0.5314580
  3.0512743    -1.1357155     1.1387071     0.4004708
  3.0813095    -1.2277646     0.9595830     0.2487935
  3.1113447    -1.3212528     0.7728237     0.0846206
  3.1413799    -1.4095517     0.5872326    -0.0834039
  3.1714151    -1.4863675     0.4113190    -0.2467144
  3.2014503    -1.5461110     0.2528131    -0.3973267
  3.2314855    -1.5842145     0.1182415    -0.5282873
  3.2615207    -1.5973786     0.0125853    -0.6340445
  3.2915559    -1.5837351    -0.0609621    -0.7107227
  3.3215911    -1.5429188    -0.1011249    -0.7562865
  3.3516263    -1.4760468    -0.1085603    -0.7705905
  3.3816615    -1.3856085    -0.0857612    -0.7553141
  3.4116967    -1.2752766    -0.0368545    -0.7137912
  3.4417319    -1.1496505     0.0326883    -0.6507469
  3.4717671    -1.0139525     0.1164105    -0.5719620
  3.5018023    -0.8736943     0.2072751    -0.4838862
  3.5318375    -0.7343352     0.2980908    -0.3932259
  3.5618727    -0.6009542     0.3819336    -0.3065314
  3.5919079    -0.4779544     0.4525395    -0.2298091
  3.6219431    -0.3688174     0.5046459    -0.1681794
  3.6519783    -0.2759215     0.5342643    -0.1256009
  3.6820135    -0.2004328     0.5388687    -0.1046745
  3.7120487    -0.1422748     0.5174937    -0.1065356
  3.7420839    -0.1001758     0.4707370    -0.1308391
  3.7721191    -0.0717902     0.4006711    -0.1758349
  3.8021543    -0.0538832     0.3106712    -0.2385248
  3.8321895    -0.0425682     0.2051716    -0.3148908
  3.8622247    -0.0335789     0.0893689    -0.4001767
  3.8922599    -0.0225610    -0.0311105    -0.4892058
  3.9222951    -0.0053637    -0.1505575    -0.5767132
  3.9523303     0.0216868    -0.2635198    -0.6576721
  3.9823655     0.0615473    -0.3651159    -0.7275956
  4.0124007     0.1162653    -0.4513048    -0.7827949
  4.0424359     0.1868469    -0.5190963    -0.8205810
  4.0724711     0.2731891    -0.5666924    -0.8393978
  4.1025063     0.3740819    -0.5935531    -0.8388826
  4.1325415     0.4872783    -0.6003852    -0.8198505
  4.1625767     0.6096258    -0.5890561    -0.7842073
  4.1926119     0.7372522    -0.5624427    -0.7347984
  4.2226471     0.8657922    -0.5242234    -0.6752035
  4.2526823     0.9906416    -0.4786297    -0.6094933
  4.2827175     1.1072232    -0.4301721    -0.5419622
  4.3127527     1.2112475    -0.3833588    -0.4768564
  4.3427879     1.2989549    -0.3424228    -0.4181113
  4.3728231     1.3673225    -0.3110753    -0.3691172
  4.4028583     1.4142271    -0.2922971    -0.3325247
  4.4328935     1.4385525    -0.2881826    -0.3101017
  4.4629287     1.4402382    -0.2998401    -0.3026491
  4.4929639     1.4202666    -0.3273571    -0.3099789
  4.5229991     1.3805908    -0.3698266    -0.3309544
  4.5530343     1.3240087    -0.4254343    -0.3635881
  4.5830695     1.2539917    -0.4915971    -0.4051902
  4.6131047     1.1744790    -0.5651446    -0.4525570
  4.6431399     1.0896507    -0.6425304    -0.5021862
  4.6731751     1.0036934    -0.7200595    -0.5505052
  4.7032103     0.9205708    -0.7941182    -0.5940989
  4.7332455     0.8438158    -0.8613915    -0.6299212
  4.7632807     0.7763520    -0.9190556    -0.6554788
  4.7933159     0.7203572    -0.9649345    -0.6689760
  4.8233511     0.6771744    -0.9976117    -0.6694126
  4.8533863     0.6472743    -1.0164930    -0.6566300
  4.8834215     0.6302707    -1.0218149    -0.6313034
  4.9134567     0.6249858    -1.0146036    -0.5948823
  4.9434919     0.6295596    -0.9965852    -0.5494840
  4.9735271     0.6415972    -0.9700555    -0.4977478
  5.0035623     0.6583416    -0.9377192    -0.4426595
  5.0335975     0.6768625    -0.9025075    -0.3873579
  5.0636327     0.6942491    -0.8673872    -0.3349360
  5.0936679     0.7077933    -0.8351735    -0.2882493
  5.1237031     0.7151549    -0.8083568    -0.2497418
  5.1537383     0.7144968    -0.7889552    -0.2213022
  5.1837735     0.7045839    -0.7783999    -0.2041567
  5.2138087     0.6848408    -0.7774611    -0.1988055
  5.2438439     0.6553650    -0.7862164    -0.2050056
  5.2738791     0.6168962    -0.8040639    -0.2217997
  5.3039143     0.5707458    -0.8297775    -0.2475899
  5.3339495     0.5186902    -0.8615993    -0.2802484
  5.3639847     0.4628377    -0.8973637    -0.3172608
  5.3940199     0.4054763    -0.9346437    -0.3558891
  5.4240551     0.3489135    -0.9709103    -0.3933469
  5.4540903     0.2953183    -1.0036939    -0.4269738
  5.4841255     0.2465754    -1.0307389    -0.4543993
  5.5141607     0.2041610    -1.0501411    -0.4736853
  5.5441959     0.1690470    -1.0604602    -0.4834404
  5.5742311     0.1416409    -1.0608001    -0.4828973
  5.6042663     0.1217627    -1.0508543    -0.4719510
  5.6343015     0.1086613    -1.0309134    -0.4511551
  5.6643367     0.1010688    -1.0018342    -0.4216780
  5.6943719     0.0972876    -0.9649760    -0.3852207
  5.7244071     0.0953061    -0.9221056    -0.3439048
  5.7544423     0.0929339    -0.8752799    -0.3001347
  5.7844775     0.0879489    -0.8267129    -0.2564455
  5.8145127     0.0782464    -0.7786365    -0.2153453
  5.8445479     0.0619804    -0.7331628    -0.1791609
  5.8745831     0.0376892    -0.6921583    -0.1498978
  5.9046183     0.0043974    -0.6571353    -0.1291216
  5.9346535    -0.0383134    -0.6291692    -0.1178681
  5.9646887    -0.0902673    -0.6088449    -0.1165872
  5.9947239    -0.1506937    -0.5962353    -0.1251234
  6.0247591    -0.2182637    -0.5909134    -0.1427334
  6.0547943    -0.2911600    -0.5919947    -0.1681392
  6.0848295    -0.3671772    -0.5982089    -0.1996125
  6.1148647    -0.4438449    -0.6079935    -0.2350848
  6.1448999    -0.5185674    -0.6196050    -0.2722773
  6.1749351    -0.5887706    -0.6312380    -0.3088397
  6.2049703    -0.6520479    -0.6411471    -0.3424922
  6.2350055    -0.7062954    -0.6477613    -0.3711599
  6.2650407    -0.7498298    -0.6497858    -0.3930928
  6.2950759    -0.7814814    -0.6462830    -0.4069637
  6.3251111    -0.8006568    -0.6367299    -0.4119392
  6.3551463    -0.8073680    -0.6210470    -0.4077192
  6.3851815    -0.8022264    -0.5995981    -0.3945435
  6.4152167    -0.7864034    -0.5731615    -0.3731664
  6.4452519    -0.7615580    -0.5428743    -0.3448003
  6.4752871    -0.7297386    -0.5101544    -0.3110332
  6.5053223    -0.6932629    -0.4766048    -0.2737251
  6.5353575    -0.6545848    -0.4439072    -0.2348914
  6.5653927    -0.6161551    -0.4137110    -0.1965780
  6.5954279    -0.5802845    -0.3875256    -0.1607393
  6.6254631    -0.5490171    -0.3666222    -0.1291232
  6.6554983    -0.5240213    -0.3519515    -0.1031723
  6.6855335    -0.5065038    -0.3440818    -0.0839458
  6.7155687    -0.4971524    -0.3431623    -0.0720667
  6.7456039    -0.4961089    -0.3489121    -0.0676969
  6.7756391    -0.5029743    -0.3606370    -0.0705412
  6.8056743    -0.5168448    -0.3772713    -0.0798791
  6.8357095    -0.5363757    -0.3974429    -0.0946216
  6.8657447    -0.5598699    -0.4195565    -0.1133896
  6.8957799    -0.5853837    -0.4418902    -0.1346078
  6.9258151    -0.6108451    -0.4626998    -0.1566082
  6.9558503    -0.6341764    -0.4803222    -0.1777365
  6.9858855    -0.6534133    -0.4932749    -0.1964551
  7.0159207    -0.6668159    -0.5003422    -0.2114355
  7.0459559    -0.6729623    -0.5006454    -0.2216359
  7.0759911    -0.6708221    -0.4936910    -0.2263577
  7.1060263    -0.6598053    -0.4793964    -0.2252796
  7.1360615    -0.6397838    -0.4580894    -0.2184671
  7.1660967    -0.6110861    -0.4304832    -0.2063562
  7.1961319    -0.5744646    -0.3976294    -0.1897151
  7.2261671    -0.5310408    -0.3608504    -0.1695847
  7.2562023    -0.4822294    -0.3216565    -0.1472036
  7.2862375    -0.4296487    -0.2816538    -0.1239215
  7.3162727    -0.3750213    -0.2424469    -0.1011080
  7.3463079    -0.3200733    -0.2055436    -0.0800618
  7.3763431    -0.2664359    -0.1722673    -0.0619257
  7.4063783    -0.2155569    -0.1436818    -0.0476143
  7.4364135    -0.1686262    -0.1205331    -0.0377568
  7.4664487    -0.1265202    -0.1032115    -0.0326602
  7.4964839    -0.0897666    -0.0917362    -0.0322930
  7.5265191    -0.0585326    -0.0857622    -0.0362915
  7.5565543    -0.0326349    -0.0846097    -0.0439879
  7.5865896    -0.0115714    -0.0873132    -0.0544569
  7.6166248     0.0054285    -0.0926865    -0.0665784
  7.6466600     0.0193393    -0.0994006    -0.0791129
  7.6766952     0.0312641    -0.1060683    -0.0907823
  7.7067304     0.0423541    -0.1113312    -0.1003536
  7.7367656     0.0537285    -0.1139420    -0.1067180
  7.7668008     0.0663994    -0.1128399    -0.1089615
  7.7968360     0.0812058    -0.1072117    -0.1064225
  7.8268712     0.0987625    -0.0965372    -0.0987330
  7.8569064     0.1194240    -0.0806152    -0.0858403
  7.8869416     0.1432682    -0.0595697    -0.0680088
  7.9169768     0.1700978    -0.0338352    -0.0458024
  7.9470120     0.1994605    -0.0041239    -0.0200469
  7.9770472     0.2306856     0.0286240     0.0082223
  8.0070824     0.2629339     0.0633032     0.0378261
  8.0371176     0.2952579     0.0987150     0.0675158
  8.0671528     0.3266674     0.1336434     0.0960500
  8.0971880     0.3561971     0.1669305     0.1222717
  8.1272232     0.3829703     0.1975470     0.1451782
  8.1572584     0.4062558     0.2246534     0.1639813
  8.1872936     0.4255137     0.2476470     0.1781532
  8.2173288     0.4404281     0.2661949     0.1874558
  8.2473640     0.4509232     0.2802473     0.1919518
  8.2773992     0.4571644     0.2900345     0.1919974
  8.3074344     0.4595419     0.2960453     0.1882157
  8.3374696     0.4586410     0.2989895     0.1814550
  8.3675048     0.4551984     0.2997475     0.1727334
  8.3975400     0.4500506     0.2993097     0.1631727
  8.4275752     0.4440752     0.2987102     0.1539276
  8.4576104     0.4381308     0.2989582     0.1461130
  8.4876456     0.4329994     0.3009733     0.1407347
  8.5176808     0.4293342     0.3055261     0.1386276
  8.5477160     0.4276170     0.3131903     0.1404051
  8.5777512     0.4281275     0.3243072     0.1464227
  8.6077864     0.4309267     0.3389660     0.1567577
  8.6378216     0.4358556     0.3570002     0.1712059
  8.6678568     0.4425479     0.3779997     0.1892966
  8.6978920     0.4504576     0.4013394     0.2103226
  8.7279272     0.4588979     0.4262194     0.2333845
  8.7579624     0.4670894     0.4517173     0.2574470
  8.7879976     0.4742151     0.4768462     0.2814017
  8.8180328     0.4794766     0.5006171     0.3041341
  8.8480680     0.4821498     0.5220999     0.3245903
  8.8781032     0.4816349     0.5404804     0.3418388
  8.9081384     0.4774984     0.5551096     0.3551241
  8.9381736     0.4695034     0.5655408     0.3639094
  8.9682088     0.4576275     0.5715553     0.3679051
  8.9982440     0.4420650     0.5731725     0.3670819
  9.0282792     0.4232162     0.5706451     0.3616689
  9.0583144     0.4016616     0.5644404     0.3521356
  9.0883496     0.3781240     0.5552080     0.3391596
  9.1183848     0.3534221     0.5437371     0.3235840
  9.1484200     0.3284158     0.5309053     0.3063639
  9.1784552     0.3039491     0.5176233     0.2885088
  9.2084904     0.2807941     0.5047783     0.2710221
  9.2385256     0.2595984     0.4931791     0.2548432
  9.2685608     0.2408405     0.4835082     0.2407943
  9.2985960     0.2247962     0.4762818     0.2295355
  9.3286312     0.2115173     0.4718213     0.2215317
  9.3586664     0.2008255     0.4702372     0.2170306
  9.3887016     0.1923207     0.4714271     0.2160562
  9.4187368     0.1854037     0.4750865     0.2184148
  9.4487720     0.1793133     0.4807328     0.2237147
  9.4788072     0.1731728     0.4877395     0.2313970
  9.5088424     0.1660464     0.4953800     0.2407761
  9.5388776     0.1569991     0.5028758     0.2510862
  9.5689128     0.1451586     0.5094484     0.2615318
  9.5989480     0.1297740     0.5143695     0.2713379
  9.6289832     0.1102685     0.5170077     0.2797978
  9.6590184     0.0862817     0.5168687     0.2863141
  9.6890536     0.0577007     0.5136254     0.2904323
  9.7190888     0.0246752     0.5071375     0.2918639
  9.7491240    -0.0123811     0.4974589     0.2904977
  9.7791592    -0.0528065     0.4848326     0.2863995
  9.8091944    -0.0957207     0.4696736     0.2798008
  9.8392296    -0.1400684     0.4525411     0.2710765
  9.8692648    -0.1846735     0.4341020     0.2607140
  9.8993000    -0.2283003     0.4150882     0.2492760
  9.9293352    -0.2697193     0.3962496     0.2373597
  9.9593704    -0.3077732     0.3783077     0.2255549
  9.9894056    -0.3414388     0.3619107     0.2144031
 10.0194408    -0.3698817     0.3475943     0.2043625
 10.0494760    -0.3925011     0.3357500     0.1957784
 10.0795112    -0.4089604     0.3266029     0.1888631
 10.1095464    -0.4192041     0.3202009     0.1836846
 10.1395816    -0.4234579     0.3164144     0.1801667
 10.1696168    -0.4222137     0.3149483     0.1780983
 10.1996520    -0.4161994     0.3153634     0.1771520
 10.2296872    -0.4063359     0.3171080     0.1769117
 10.2597224    -0.3936835     0.3195545     0.1769047
 10.2897576    -0.3793813     0.3220423     0.1766382
 10.3197928    -0.3645821     0.3239209     0.1756367
 10.3498280    -0.3503885     0.3245920     0.1734784
 10.3798632    -0.3377918     0.3235485     0.1698264
 10.4098984    -0.3276188     0.3204065     0.1644556
 10.4399336    -0.3204881     0.3149285     0.1572699
 10.4699688    -0.3167803     0.3070386     0.1483120
 10.5000040    -0.3166209     0.2968249     0.1377620
 10.5300392    -0.3198796     0.2845331     0.1259278
 10.5600744    -0.3261840     0.2705490     0.1132255
 10.5901096    -0.3349466     0.2553721     0.1001527
 10.6201448    -0.3454049     0.2395824     0.0872554
 10.6501800    -0.3566706     0.2238020     0.0750922
 10.6802152    -0.3677853     0.2086540     0.0641956
 10.7102504    -0.3777793     0.1947219     0.0550362
 10.7402856    -0.3857307     0.1825116     0.0479890
 10.7703208    -0.3908197     0.1724183     0.0433067
 10.8003560    -0.3923767     0.1647008     0.0410994
 10.8303912    -0.3899209     0.1594646     0.0413246
 10.8604264    -0.3831858     0.1566546     0.0437857
 10.8904616    -0.3721336     0.1560583     0.0481411
 10.9204968    -0.3569540     0.1573187     0.0539221
 10.9505320    -0.3380503     0.1599560     0.0605593
 10.9805672    -0.3160138     0.1633977     0.0674161
 11.0106024    -0.2915861     0.1670135     0.0738256
 11.0406376    -0.2656143     0.1701543     0.0791309
 11.0706728    -0.2390005     0.1721919     0.0827250
 11.1007080    -0.2126484     0.1725573     0.0840874
 11.1307432    -0.1874120     0.1707748     0.0828164
 11.1607784    -0.1640465     0.1664909     0.0786541
 11.1908136    -0.1431678     0.1594944     0.0715033
 11.2208488    -0.1252198     0.1497283     0.0614342
 11.2508840    -0.1104528     0.1372920     0.0486818
 11.2809192    -0.0989139     0.1224338     0.0336332
 11.3109544    -0.0904500     0.1055339     0.0168059
 11.3409896    -0.0847218     0.0870802    -0.0011816
 11.3710248    -0.0812288     0.0676373    -0.0196449
 11.4010600    -0.0793441     0.0478111    -0.0378729
 11.4310952    -0.0783544     0.0282117    -0.0551677
 11.4611304    -0.0775054     0.0094160    -0.0708844
 11.4911656    -0.0760483    -0.0080668    -0.0844664
 11.5212008    -0.0732843    -0.0238246    -0.0954763
 11.5512360    -0.0686056    -0.0375662    -0.1036188
 11.5812712    -0.0615295    -0.0491363    -0.1087549
 11.6113064    -0.0517247    -0.0585221    -0.1109073
 11.6413416    -0.0390271    -0.0658511    -0.1102559
 11.6713768    -0.0234455    -0.0713793    -0.1071240
 11.7014120    -0.0051572    -0.0754720    -0.1019569
 11.7314472     0.0155070    -0.0785778    -0.0952930
 11.7614824     0.0380863    -0.0811973    -0.0877302
 11.7915176     0.0620204    -0.0838492    -0.0798900
 11.8215528     0.0866851    -0.0870357    -0.0723803
 11.8515880     0.1114306    -0.0912089    -0.0657603
 11.8816232     0.1356197    -0.0967413    -0.0605091
 11.9116584     0.1586639    -0.1039011    -0.0570000
 11.9416936     0.1800557    -0.1128352    -0.0554819
 11.9717288     0.1993931    -0.1235595    -0.0560686
 12.0017640     0.2163985    -0.1359583    -0.0587372
 12.0317992     0.2309267    -0.1497914    -0.0633345
 12.0618344     0.2429659    -0.1647098    -0.0695915
 12.0918696     0.2526285    -0.1802785    -0.0771452
 12.1219048     0.2601353    -0.1960037    -0.0855647
 12.1519400     0.2657919    -0.2113649    -0.0943820
 12.1819752     0.2699613    -0.2258475    -0.1031235
 12.2120104     0.2730328    -0.2389759    -0.1113412
 12.2420456     0.2753908    -0.2503429    -0.1186419
 12.2720808     0.2773844    -0.2596359    -0.1247107
 12.3021160     0.2793009    -0.2666560    -0.1293306
 12.3321512     0.2813441    -0.2713305    -0.1323932
 12.3621864     0.2836201    -0.2737174    -0.1339035
 12.3922216     0.2861290    -0.2740012    -0.1339757
 12.4222568     0.2887661    -0.2724815    -0.1328228
 12.4522920     0.2913305    -0.2695543    -0.1307388
 12.4823272     0.2935403    -0.2656867    -0.1280764
 12.5123624     0.2950547    -0.2613886    -0.1252205
 12.5423976     0.2955004    -0.2571809    -0.1225600
 12.5724328     0.2945009    -0.2535637    -0.1204600
 12.6024680     0.2917063    -0.2509861    -0.1192350
 12.6325032     0.2868220    -0.2498189    -0.1191271
 12.6625384     0.2796349    -0.2503333    -0.1202880
 12.6925736     0.2700331    -0.2526850    -0.1227681
 12.7226088     0.2580210    -0.2569065    -0.1265121
 12.7526440     0.2437254    -0.2629063    -0.1313622
 12.7826792     0.2273949    -0.2704765    -0.1370680
 12.8127144     0.2093906    -0.2793072    -0.1433031
 12.8427496     0.1901694    -0.2890073    -0.1496863
 12.8727848     0.1702611    -0.2991296    -0.1558076
 12.9028200     0.1502399    -0.3092002    -0.1612551
 12.9328552     0.1306928    -0.3187477    -0.1656434
 12.9628904     0.1121865    -0.3273332    -0.1686398
 12.9929256     0.0952347    -0.3345770    -0.1699874
 13.0229608     0.0802683    -0.3401815    -0.1695240
 13.0529960     0.0676099    -0.3439488    -0.1671939
 13.0830312     0.0574544    -0.3457913    -0.1630544
 13.1130664     0.0498570    -0.3457353    -0.1572738
 13.1431016     0.0447292    -0.3439176    -0.1501233
 13.1731368     0.0418433    -0.3405743    -0.1419616
 13.2031720     0.0408454    -0.3360238    -0.1332145
 13.2332072     0.0412753    -0.3306452    -0.1243495
 13.2632424     0.0425929    -0.3248515    -0.1158481
 13.2932776     0.0442096    -0.3190624    -0.1081773
 13.3233128     0.0455225    -0.3136761    -0.1017606
 13.3533480     0.0459493    -0.3090427    -0.0969535
 13.3833832     0.0449619    -0.3054410    -0.0940212
 13.4134184     0.0421171    -0.3030605    -0.0931231
 13.4434536     0.0370827    -0.3019884    -0.0943030
 13.4734888     0.0296557    -0.3022045    -0.0974866
 13.5035240     0.0197746    -0.3035818    -0.1024864
 13.5335593     0.0075223    -0.3058955    -0.1090127
 13.5635945    -0.0068791    -0.3088370    -0.1166914
 13.5936297    -0.0230810    -0.3120342    -0.1250865
 13.6236649    -0.0406292    -0.3150761    -0.1337264
 13.6537001    -0.0589898    -0.3175392    -0.1421319
 13.6837353    -0.0775802    -0.3190154    -0.1498445
 13.7137705    -0.0958022    -0.3191391    -0.1564530
 13.7438057    -0.1130754    -0.3176114    -0.1616174
 13.7738409    -0.1288698    -0.3142201    -0.1650877
 13.8038761    -0.1427346    -0.3088551    -0.1667171
 13.8339113    -0.1543221    -0.3015166    -0.1664689
 13.8639465    -0.1634049    -0.2923169    -0.1644162
 13.8939817    -0.1698864    -0.2814752    -0.1607353
 13.9240169    -0.1738029    -0.2693056    -0.1556923
 13.9540521    -0.1753181    -0.2561997    -0.1496249
 13.9840873    -0.1747103    -0.2426038    -0.1429194
 14.0141225    -0.1723525    -0.2289932    -0.1359859
 14.0441577    -0.1686880    -0.2158445    -0.1292313
 14.0741929    -0.1642017    -0.2036076    -0.1230344
 14.1042281    -0.1593898    -0.1926800    -0.1177215
 14.1342633    -0.1547291    -0.1833834    -0.1135474
 14.1642985    -0.1506487    -0.1759458    -0.1106801
 14.1943337    -0.1475044    -0.1704885    -0.1091917
 14.2243689    -0.1455583    -0.1670201    -0.1090559
 14.2544041    -0.1449652    -0.1654371    -0.1101514
 14.2844393    -0.1457650    -0.1655308    -0.1122718
 14.3144745    -0.1478826    -0.1670011    -0.1151406
 14.3445097    -0.1511350    -0.1694751    -0.1184307
 14.3745449    -0.1552451    -0.1725298    -0.1217873
 14.4045801    -0.1598608    -0.1757179    -0.1248517
 14.4346153    -0.1645787    -0.1785946    -0.1272852
 14.4646505    -0.1689705    -0.1807432    -0.1287922
 14.4946857    -0.1726110    -0.1818000    -0.1291394
 14.5247209    -0.1751047    -0.1814738    -0.1281709
 14.5547561    -0.1761111    -0.1795625    -0.1258181
 14.5847913    -0.1753658    -0.1759624    -0.1221040
 14.6148265    -0.1726967    -0.1706728    -0.1171412
 14.6448617    -0.1680342    -0.1637927    -0.1111234
 14.6748969    -0.1614149    -0.1555126    -0.1043125
 14.7049321    -0.1529792    -0.1461003    -0.0970207
 14.7349673    -0.1429614    -0.1358823    -0.0895888
 14.7650025    -0.1316751    -0.1252214    -0.0823637
 14.7950377    -0.1194935    -0.1144935    -0.0756747
 14.8250729    -0.1068261    -0.1040628    -0.0698106
 14.8551081    -0.0940932    -0.0942593    -0.0650009
 14.8851433    -0.0817006    -0.0853575    -0.0613989
 14.9151785    -0.0700151    -0.0775608    -0.0590715
 14.9452137    -0.0593424    -0.0709889    -0.0579938
 14.9752489    -0.0499094    -0.0656717    -0.0580496
 15.0052841    -0.0418518    -0.0615495    -0.0590385
 15.0353193    -0.0352062    -0.0584773    -0.0606881
 15.0653545    -0.0299105    -0.0562364    -0.0626710
 15.0953897    -0.0258081    -0.0545495    -0.0646260
 15.1254249    -0.0226598    -0.0530997    -0.0661812
 15.1554601    -0.0201596    -0.0515516    -0.0669779
 15.1854953    -0.0179552    -0.0495740    -0.0666945
 15.2155305    -0.0156705    -0.0468613    -0.0650677
 15.2455657    -0.0129303    -0.0431535    -0.0619101
 15.2756009    -0.0093842    -0.0382534    -0.0571238

PDF 1 in T(r) format
  r, PDF (RMC), PDF (Expt)
 CURVES
         128 ,           2
      0.0000000        0.0000000        0.0000000
      0.0654509        0.0000000        0.0000000
      0.1309019        0.0000000        0.0000000
      0.1963528        0.0000000        0.0000000
      0.2618037        1.5245383        0.0000000
      0.3272547        0.0000000        0.0000000
      0.3927056        0.5901739        0.0000000
      0.4581565        2.8062031        0.0000000
      0.5236075        1.6236281        0.0000000
      0.5890584        1.9336970        0.0000000
      0.6545093        1.3860387        0.0000000
      0.7199603        6.4758866        0.0000000
      0.7854112       22.8612727        0.0000000
      0.8508621       30.3624683        0.0000000
      0.9163131        5.6351364        0.0000000
      0.9817640        4.1199937        0.0000000
      1.0472149        6.7732844        0.0000000
      1.1126659        5.4143674        0.0000000
      1.1781168        4.6958495        0.0000000
      1.2435677        6.3517953        0.1316760
      1.3090187        7.5223427        0.4238625
      1.3744696        8.0115665        0.8213135
      1.4399206        8.4072355        1.3101088
      1.5053715        9.2610385        1.8490447
      1.5708224       10.4554497        2.3716990
      1.6362734       11.2739485        2.7982537
      1.7017243       11.0455910        3.0546463
      1.7671752        9.7670973        3.0928779
      1.8326262        8.1724804        2.9050534
      1.8980771        7.2129838        2.5258398
      1.9635280        7.3891822        2.0226272
      2.0289790        8.4586403        1.4775399
      2.0944299        9.7011282        0.9682367
      2.1598808       10.4755400        0.5539479
      2.2253318       10.6158013        0.2699826
      2.2907827       10.4038791        0.1298570
      2.3562336       10.2263087        0.1313560
      2.4216846       10.2480750        0.2623924
      2.4871355       10.3608632        0.5042328
      2.5525864       10.3882815        0.8321558
      2.6180374       10.3144212        1.2153921
      2.6834883       10.3180259        1.6184072
      2.7489392       10.5984691        2.0044334
      2.8143902       11.1722250        2.3405596
      2.8798411       11.8324198        2.6026470
      2.9452920       12.3048695        2.7783616
      3.0107430       12.4575487        2.8675033
      3.0761939       12.3830480        2.8799456
      3.1416448       12.2960514        2.8322592
      3.2070958       12.3497081        2.7441969
      3.2725467       12.5319285        2.6358189
      3.3379976       12.7154970        2.5254918
      3.4034486       12.7946665        2.4286263
      3.4688995       12.7748626        2.3569375
      3.5343504       12.7420728        2.3181306
      3.5998014       12.7582623        2.3160325
      3.6652523       12.7943500        2.3511994
      3.7307032       12.7670553        2.4218968
      3.7961542       12.6396850        2.5251770
      3.8616051       12.4828608        2.6576797
      3.9270560       12.4287787        2.8158390
      3.9925070       12.5547048        2.9954021
      4.0579579       12.8016800        3.1904842
      4.1234088       13.0071687        3.3926614
      4.1888598       13.0300363        3.5907160
      4.2543107       12.8633503        3.7714916
      4.3197617       12.6391491        3.9219209
      4.3852126       12.5213221        4.0317843
      4.4506635       12.5767895        4.0963630
      4.5161145       12.7302816        4.1180547
      4.5815654       12.8341215        4.1063047
      4.6470163       12.7882623        4.0757598
      4.7124673       12.6098357        4.0431579
      4.7779182       12.4019642        4.0238620
      4.8433691       12.2594577        4.0289911
      4.9088201       12.1968170        4.0638072
      4.9742710       12.1546171        4.1275499
      5.0397219       12.0663447        4.2144770
      5.1051729       11.9177112        4.3156183
      5.1706238       11.7461996        4.4207245
      5.2360747       11.5901161        4.5200193
      5.3015257       11.4438675        4.6055433
      5.3669766       11.2663595        4.6720168
      5.4324275       11.0341771        4.7172256
      5.4978785       10.7844140        4.7419643
      5.5633294       10.5986448        4.7495865
      5.6287803       10.5343168        4.7452451
      5.6942313       10.5624286        4.7349460
      5.7596822       10.5713832        4.7245755
      5.8251331       10.4428447        4.7190665
      5.8905841       10.1423510        4.7218376
      5.9560350        9.7506257        4.7345727
      6.0214859        9.4071356        4.7573326
      6.0869369        9.2082198        4.7889204
      6.1523878        9.1392554        4.8273866
      6.2178387        9.0931201        4.8705524
      6.2832897        8.9583635        4.9164535
      6.3487406        8.7062759        4.9636379
      6.4141915        8.4094220        5.0112909
      6.4796425        8.1804797        5.0591902
      6.5450934        8.0827413        5.1075293
      6.6105443        8.0829582        5.1566741
      6.6759953        8.0804866        5.2069343
      6.7414462        7.9857145        5.2584231
      6.8068971        7.7843597        5.3110428
      6.8723481        7.5391851        5.3645835
      6.9377990        7.3322595        5.4188737
      7.0032500        7.1970077        5.4739079
      7.0687009        7.0945323        5.5298932
      7.1341518        6.9510763        5.5872011
      7.1996028        6.7240796        5.6462477
      7.2650537        6.4419028        5.7073475
      7.3305046        6.1837864        5.7705812
      7.3959556        6.0148125        5.8357052
      7.4614065        5.9279473        5.9021196
      7.5268574        5.8421088        5.9689092
      7.5923084        5.6625365        6.0349632
      7.6577593        5.3590408        6.0991596
      7.7232102        4.9986195        6.1605761
      7.7886612        4.6994568        6.2186654
      7.8541121        4.5342974        6.2733426
      7.9195630        4.4574915        6.3249606
      7.9850140        4.3226632        6.3741990
      8.0504649        3.9952661        6.4219127
      8.1159158        3.4878843        6.4689945
      8.1813668        3.0141999        6.5162703
      8.2468177        2.9015961        6.5644273
      8.3122686        3.3992083        6.6139564
      8.3777196        4.5010530        6.6651086

 Total S(Q)'s: Comparison with input data

   495  2 are NQ and NPAR

       Q      S(Q)_RMC  S(Q)_Expt
      0.0000000     -0.0000000      0.0000000
      0.4682470     76.1668593     -0.7310646
      0.4982822     69.2227230     -0.6893413
      0.5283174     62.2122607     -0.6594573
      0.5583526     55.2187131     -0.6409732
      0.5883878     48.3274181     -0.6329931
      0.6184230     41.6235609     -0.6342160
      0.6484582     35.1897989     -0.6430033
      0.6784934     29.1038582     -0.6574567
      0.7085286     23.4362093     -0.6755061
      0.7385638     18.2479226     -0.6950001
      0.7685990     13.5888007     -0.7137978
      0.7986342      9.4958742     -0.7298566
      0.8286694      5.9923293     -0.7413131
      0.8587046      3.0869192     -0.7465528
      0.8887398      0.7738888     -0.7442682
      0.9187750     -0.9665813     -0.7335011
      0.9488102     -2.1674276     -0.7136689
      0.9788454     -2.8732929     -0.6845749
      1.0088806     -3.1387123     -0.6464022
      1.0389158     -3.0259723     -0.5996927
      1.0689510     -2.6027367     -0.5453118
      1.0989862     -1.9395386     -0.4844029
      1.1290214     -1.1072451     -0.4183325
      1.1590566     -0.1746011     -0.3486290
      1.1890918      0.7940493     -0.2769188
      1.2191270      1.7407714     -0.2048624
      1.2491622      2.6157030     -0.1340922
      1.2791974      3.3783138     -0.0661560
      1.3092326      3.9982194     -0.0024672
      1.3392678      4.4555340      0.0557369
      1.3693030      4.7407641      0.1074258
      1.3993382      4.8542678      0.1517979
      1.4293734      4.8053230      0.1882911
      1.4594086      4.6108648      0.2165837
      1.4894438      4.2939656      0.2365869
      1.5194790      3.8821396      0.2484280
      1.5495142      3.4055604      0.2524290
      1.5795494      2.8952793      0.2490787
      1.6095846      2.3815286      0.2390026
      1.6396198      1.8921869      0.2229311
      1.6696551      1.4514716      0.2016679
      1.6996903      1.0789105      0.1760593
      1.7297255      0.7886263      0.1469671
      1.7597607      0.5889538      0.1152435
      1.7897959      0.4823882      0.0817118
      1.8198311      0.4658501      0.0471494
      1.8498663      0.5312335      0.0122765
      1.8799015      0.6661932     -0.0222519
      1.9099367      0.8551163     -0.0558507
      1.9399719      1.0802152     -0.0880057
      1.9700071      1.3226776     -0.1182737
      2.0000423      1.5638068     -0.1462799
      2.0300775      1.7860926     -0.1717153
      2.0601127      1.9741554     -0.1943337
      2.0901479      2.1155203     -0.2139490
      2.1201831      2.2011853     -0.2304334
      2.1502183      2.2259623     -0.2437155
      2.1802535      2.1885843     -0.2537805
      2.2102887      2.0915822     -0.2606698
      2.2403239      1.9409505     -0.2644817
      2.2703591      1.7456299     -0.2653711
      2.3003943      1.5168440     -0.2635499
      2.3304295      1.2673357     -0.2592847
      2.3604647      1.0105496     -0.2528945
      2.3904999      0.7598105     -0.2447459
      2.4205351      0.5275450     -0.2352457
      2.4505703      0.3245882     -0.2248329
      2.4806055      0.1596126     -0.2139665
      2.5106407      0.0387070     -0.2031134
      2.5406759     -0.0348777     -0.1927337
      2.5707111     -0.0608056     -0.1832654
      2.6007463     -0.0415609     -0.1751093
      2.6307815      0.0178091     -0.1686136
      2.6608167      0.1100906     -0.1640607
      2.6908519      0.2264111     -0.1616553
      2.7208871      0.3568260     -0.1615162
      2.7509223      0.4909456     -0.1636701
      2.7809575      0.6185654     -0.1680506
      2.8109927      0.7302626     -0.1744999
      2.8410279      0.8179253     -0.1827756
      2.8710631      0.8751860     -0.1925606
      2.9010983      0.8977375     -0.2034766
      2.9311335      0.8835167     -0.2151006
      2.9611687      0.8327507     -0.2269831
      2.9912039      0.7478665     -0.2386679
      3.0212391      0.6332744     -0.2497116
      3.0512743      0.4950431     -0.2597024
      3.0813095      0.3404876     -0.2682777
      3.1113447      0.1776978     -0.2751381
      3.1413799      0.0150376     -0.2800586
      3.1714151     -0.1393558     -0.2828958
      3.2014503     -0.2780424     -0.2835907
      3.2314855     -0.3946934     -0.2821666
      3.2615207     -0.4844267     -0.2787241
      3.2915559     -0.5440458     -0.2734303
      3.3215911     -0.5721716     -0.2665064
      3.3516263     -0.5692632     -0.2582113
      3.3816615     -0.5375298     -0.2488248
      3.4116967     -0.4807422     -0.2386288
      3.4417319     -0.4039583     -0.2278902
      3.4717671     -0.3131820     -0.2168440
      3.5018023     -0.2149775     -0.2056794
      3.5318375     -0.1160628     -0.1945284
      3.5618727     -0.0229080     -0.1834588
      3.5919079      0.0586388     -0.1724701
      3.6219431      0.1236760     -0.1614951
      3.6519783      0.1685063     -0.1504038
      3.6820135      0.1908144     -0.1390130
      3.7120487      0.1897556     -0.1270978
      3.7420839      0.1659553     -0.1144059
      3.7721191      0.1214188     -0.1006745
      3.8021543      0.0593625     -0.0856466
      3.8321895     -0.0160223     -0.0690883
      3.8622247     -0.0998572     -0.0508041
      3.8922599     -0.1868959     -0.0306507
      3.9222951     -0.2718567     -0.0085475
      3.9523303     -0.3497455      0.0155154
      3.9823655     -0.4161524      0.0414742
      4.0124007     -0.4675040      0.0691909
      4.0424359     -0.5012569      0.0984577
      4.0724711     -0.5160236      0.1290046
      4.1025063     -0.5116246      0.1605096
      4.1325415     -0.4890659      0.1926120
      4.1625767     -0.4504448      0.2249267
      4.1926119     -0.3987929      0.2570596
      4.2226471     -0.3378665      0.2886224
      4.2526823     -0.2718989      0.3192473
      4.2827175     -0.2053312      0.3485986
      4.3127527     -0.1425372      0.3763827
      4.3427879     -0.0875606      0.4023552
      4.3728231     -0.0438790      0.4263243
      4.4028583     -0.0142090      0.4481510
      4.4328935     -0.0003625      0.4677467
      4.4629287     -0.0031617      0.4850665
      4.4929639     -0.0224165      0.5001020
      4.5229991     -0.0569639      0.5128708
      4.5530343     -0.1047649      0.5234059
      4.5830695     -0.1630520      0.5317446
      4.6131047     -0.2285168      0.5379179
      4.6431399     -0.2975251      0.5419421
      4.6731751     -0.3663459      0.5438114
      4.7032103     -0.4313793      0.5434941
      4.7332455     -0.4893704      0.5409308
      4.7632807     -0.5375961      0.5360366
      4.7933159     -0.5740141      0.5287063
      4.8233511     -0.5973656      0.5188214
      4.8533863     -0.6072278      0.5062611
      4.8834215     -0.6040131      0.4909135
      4.9134567     -0.5889175      0.4726893
      4.9434919     -0.5638214      0.4515342
      4.9735271     -0.5311523      0.4274418
      5.0035623     -0.4937160      0.4004647
      5.0335975     -0.4545104      0.3707226
      5.0636327     -0.4165316      0.3384088
      5.0936679     -0.3825860      0.3037917
      5.1237031     -0.3551187      0.2672139
      5.1537383     -0.3360693      0.2290862
      5.1837735     -0.3267630      0.1898790
      5.2138087     -0.3278428      0.1501096
      5.2438439     -0.3392462      0.1103263
      5.2738791     -0.3602268      0.0710915
      5.3039143     -0.3894179      0.0329620
      5.3339495     -0.4249342     -0.0035296
      5.3639847     -0.4645034     -0.0378943
      5.3940199     -0.5056193     -0.0697038
      5.4240551     -0.5457060     -0.0986053
      5.4540903     -0.5822836     -0.1243331
      5.4841255     -0.6131238     -0.1467172
      5.5141607     -0.6363869     -0.1656866
      5.5441959     -0.6507313     -0.1812692
      5.5742311     -0.6553901     -0.1935869
      5.6042663     -0.6502095     -0.2028474
      5.6343015     -0.6356487     -0.2093315
      5.6643367     -0.6127402     -0.2133783
      5.6943719     -0.5830166     -0.2153682
      5.7244071     -0.5484055     -0.2157044
      5.7544423     -0.5111027     -0.2147948
      5.7844775     -0.4734307     -0.2130335
      5.8145127     -0.4376909     -0.2107855
      5.8445479     -0.4060206     -0.2083718
      5.8745831     -0.3802619     -0.2060595
      5.9046183     -0.3618515     -0.2040533
      5.9346535     -0.3517373     -0.2024922
      5.9646887     -0.3503270     -0.2014492
      5.9947239     -0.3574711     -0.2009346
      6.0247591     -0.3724804     -0.2009022
      6.0547943     -0.3941774     -0.2012586
      6.0848295     -0.4209767     -0.2018741
      6.1148647     -0.4509895     -0.2025950
      6.1448999     -0.4821455     -0.2032563
      6.1749351     -0.5123238     -0.2036935
      6.2049703     -0.5394851     -0.2037545
      6.2350055     -0.5617969     -0.2033083
      6.2650407     -0.5777435     -0.2022527
      6.2950759     -0.5862155     -0.2005186
      6.3251111     -0.5865721     -0.1980720
      6.3551463     -0.5786736     -0.1949130
      6.3851815     -0.5628832     -0.1910722
      6.4152167     -0.5400369     -0.1866055
      6.4452519     -0.5113849     -0.1815861
      6.4752871     -0.4785090     -0.1760968
      6.5053223     -0.4432202     -0.1702202
      6.5353575     -0.4074441     -0.1640307
      6.5653927     -0.3731006     -0.1575863
      6.5954279     -0.3419864     -0.1509225
      6.6254631     -0.3156664     -0.1440475
      6.6554983     -0.2953814     -0.1369404
      6.6855335     -0.2819765     -0.1295514
      6.7155687     -0.2758552     -0.1218047
      6.7456039     -0.2769613     -0.1136034
      6.7756391     -0.2847891     -0.1048372
      6.8056743     -0.2984207     -0.0953908
      6.8357095     -0.3165880     -0.0851540
      6.8657447     -0.3377550     -0.0740318
      6.8957799     -0.3602148     -0.0619542
      6.9258151     -0.3821960     -0.0488855
      6.9558503     -0.4019704     -0.0348314
      6.9858855     -0.4179564     -0.0198442
      7.0159207     -0.4288121     -0.0040260
      7.0459559     -0.4335110      0.0124721
      7.0759911     -0.4313986      0.0294523
      7.1060263     -0.4222237      0.0466763
      7.1360615     -0.4061455      0.0638733
      7.1660967     -0.3837155      0.0807510
      7.1961319     -0.3558351      0.0970072
      7.2261671     -0.3236938      0.1123431
      7.2562023     -0.2886899      0.1264767
      7.2862375     -0.2523412      0.1391555
      7.3162727     -0.2161893      0.1501685
      7.3463079     -0.1817051      0.1593555
      7.3763431     -0.1502006      0.1666151
      7.4063783     -0.1227524      0.1719088
      7.4364135     -0.1001410      0.1752630
      7.4664487     -0.0828105      0.1767669
      7.4964839     -0.0708495      0.1765681
      7.5265191     -0.0639946      0.1748650
      7.5565543     -0.0616561      0.1718965
      7.5865896     -0.0629627      0.1679308
      7.6166248     -0.0668238      0.1632520
      7.6466600     -0.0720036      0.1581466
      7.6766952     -0.0772032      0.1528905
      7.7067304     -0.0811446      0.1477369
      7.7367656     -0.0826517      0.1429049
      7.7668008     -0.0807242      0.1385721
      7.7968360     -0.0745978      0.1348677
      7.8268712     -0.0637891      0.1318700
      7.8569064     -0.0481220      0.1296062
      7.8869416     -0.0277342      0.1280548
      7.9169768     -0.0030632      0.1271511
      7.9470120      0.0251850      0.1267946
      7.9770472      0.0560851      0.1268582
      8.0070824      0.0885536      0.1271983
      8.0371176      0.1214193      0.1276658
      8.0671528      0.1534980      0.1281161
      8.0971880      0.1836667      0.1284191
      8.1272232      0.2109329      0.1284670
      8.1572584      0.2344943      0.1281805
      8.1872936      0.2537859      0.1275130
      8.2173288      0.2685104      0.1264520
      8.2473640      0.2786526      0.1250180
      8.2773992      0.2844743      0.1232612
      8.3074344      0.2864931      0.1212560
      8.3374696      0.2854438      0.1190945
      8.3675048      0.2822283      0.1168772
      8.3975400      0.2778543      0.1147051
      8.4275752      0.2733689      0.1126703
      8.4576104      0.2697906      0.1108477
      8.4876456      0.2680434      0.1092884
      8.5176808      0.2688990      0.1080139
      8.5477160      0.2729280      0.1070126
      8.5777512      0.2804656      0.1062391
      8.6077864      0.2915919      0.1056148
      8.6378216      0.3061291      0.1050321
      8.6678568      0.3236544      0.1043595
      8.6978920      0.3435288      0.1034488
      8.7279272      0.3649389      0.1021445
      8.7579624      0.3869494      0.1002923
      8.7879976      0.4085621      0.0977492
      8.8180328      0.4287789      0.0943924
      8.8480680      0.4466640      0.0901274
      8.8781032      0.4614008      0.0848947
      8.9081384      0.4723412      0.0786743
      8.9381736      0.4790444      0.0714882
      8.9682088      0.4813011      0.0634002
      8.9982440      0.4791438      0.0545135
      9.0282792      0.4728419      0.0449662
      9.0583144      0.4628821      0.0349242
      9.0883496      0.4499353      0.0245728
      9.1183848      0.4348127      0.0141079
      9.1484200      0.4184144      0.0037252
      9.1784552      0.4016722     -0.0063893
      9.2084904      0.3854921     -0.0160685
      9.2385256      0.3706991     -0.0251723
      9.2685608      0.3579877     -0.0335940
      9.2985960      0.3478818     -0.0412643
      9.3286312      0.3407053     -0.0481535
      9.3586664      0.3365666     -0.0542707
      9.3887016      0.3353558     -0.0596611
      9.4187368      0.3367566     -0.0644008
      9.4487720      0.3402708     -0.0685900
      9.4788072      0.3452535     -0.0723451
      9.5088424      0.3509573     -0.0757888
      9.5388776      0.3565826     -0.0790417
      9.5689128      0.3613303     -0.0822124
      9.5989480      0.3644532     -0.0853903
      9.6289832      0.3653045     -0.0886383
      9.6590184      0.3633779     -0.0919883
      9.6890536      0.3583398     -0.0954389
      9.7190888      0.3500487     -0.0989545
      9.7491240      0.3385632     -0.1024684
      9.7791592      0.3241366     -0.1058863
      9.8091944      0.3071997     -0.1090932
      9.8392296      0.2883323     -0.1119610
      9.8692648      0.2682257     -0.1143577
      9.8993000      0.2476384     -0.1161564
      9.9293352      0.2273489     -0.1172449
      9.9593704      0.2081067     -0.1175341
      9.9894056      0.1905864     -0.1169649
     10.0194408      0.1753473     -0.1155139
     10.0494760      0.1628002     -0.1131963
     10.0795112      0.1531845     -0.1100668
     10.1095464      0.1465563     -0.1062176
     10.1395816      0.1427880     -0.1017745
     10.1696168      0.1415801     -0.0968903
     10.1996520      0.1424835     -0.0917362
     10.2296872      0.1449305     -0.0864929
     10.2597224      0.1482739     -0.0813394
     10.2897576      0.1518299     -0.0764429
     10.3197928      0.1549234     -0.0719486
     10.3498280      0.1569315     -0.0679708
     10.3798632      0.1573235     -0.0645856
     10.4098984      0.1556951     -0.0618261
     10.4399336      0.1517925     -0.0596797
     10.4699688      0.1455286     -0.0580883
     10.5000040      0.1369866     -0.0569512
     10.5300392      0.1264135     -0.0561309
     10.5600744      0.1142024     -0.0554605
     10.5901096      0.1008665     -0.0547535
     10.6201448      0.0870046     -0.0538150
     10.6501800      0.0732613     -0.0524527
     10.6802152      0.0602850     -0.0504887
     10.7102504      0.0486855     -0.0477704
     10.7402856      0.0389940     -0.0441795
     10.7703208      0.0316287     -0.0396395
     10.8003560      0.0268670     -0.0341209
     10.8303912      0.0248278     -0.0276431
     10.8604264      0.0254622     -0.0202736
     10.8904616      0.0285565     -0.0121250
     10.9204968      0.0337444     -0.0033485
     10.9505320      0.0405292      0.0058745
     10.9805672      0.0483141      0.0153426
     11.0106024      0.0564380      0.0248456
     11.0406376      0.0642166      0.0341766
     11.0706728      0.0709829      0.0431432
     11.1007080      0.0761283      0.0515783
     11.1307432      0.0791387      0.0593488
     11.1607784      0.0796253      0.0663628
     11.1908136      0.0773472      0.0725731
     11.2208488      0.0722252      0.0779791
     11.2508840      0.0643454      0.0826245
     11.2809192      0.0539527      0.0865934
     11.3109544      0.0414353      0.0900026
     11.3409896      0.0272998      0.0929929
     11.3710248      0.0121401      0.0957178
     11.4010600     -0.0033991      0.0983322
     11.4310952     -0.0186610      0.1009805
     11.4611304     -0.0330158      0.1037855
     11.4911656     -0.0458978      0.1068384
     11.5212008     -0.0568380      0.1101910
     11.5512360     -0.0654902      0.1138509
     11.5812712     -0.0716489      0.1177782
     11.6113064     -0.0752592      0.1218871
     11.6413416     -0.0764165      0.1260492
     11.6713768     -0.0753574      0.1301003
     11.7014120     -0.0724420      0.1338495
     11.7314472     -0.0681288      0.1370910
     11.7614824     -0.0629444      0.1396157
     11.7915176     -0.0574491      0.1412252
     11.8215528     -0.0522014      0.1417442
     11.8515880     -0.0477233      0.1410324
     11.8816232     -0.0444684      0.1389941
     11.9116584     -0.0427955      0.1355866
     11.9416936     -0.0429478      0.1308237
     11.9717288     -0.0450407      0.1247777
     12.0017640     -0.0490577      0.1175764
     12.0317992     -0.0548546      0.1093985
     12.0618344     -0.0621723      0.1004638
     12.0918696     -0.0706559      0.0910228
     12.1219048     -0.0798809      0.0813429
     12.1519400     -0.0893822      0.0716942
     12.1819752     -0.0986859      0.0623347
     12.2120104     -0.1073414      0.0534959
     12.2420456     -0.1149508      0.0453702
     12.2720808     -0.1211949      0.0381003
     12.3021160     -0.1258539      0.0317715
     12.3321512     -0.1288205      0.0264075
     12.3621864     -0.1301064      0.0219697
     12.3922216     -0.1298402      0.0183606
     12.4222568     -0.1282579      0.0154303
     12.4522920     -0.1256866      0.0129870
     12.4823272     -0.1225219      0.0108093
     12.5123624     -0.1192009      0.0086611
     12.5423976     -0.1161734      0.0063072
     12.5724328     -0.1138711      0.0035291
     12.6024680     -0.1126794      0.0001397
     12.6325032     -0.1129113     -0.0040035
     12.6625384     -0.1147865     -0.0089881
     12.6925736     -0.1184170     -0.0148397
     12.7226088     -0.1237986     -0.0215190
     12.7526440     -0.1308113     -0.0289221
     12.7826792     -0.1392260     -0.0368863
     12.8127144     -0.1487187     -0.0451982
     12.8427496     -0.1588913     -0.0536061
     12.8727848     -0.1692957     -0.0618352
     12.9028200     -0.1794630     -0.0696038
     12.9328552     -0.1889323     -0.0766409
     12.9628904     -0.1972800     -0.0827035
     12.9929256     -0.2041463     -0.0875920
     13.0229608     -0.2092576     -0.0911640
     13.0529960     -0.2124441     -0.0933439
     13.0830312     -0.2136495     -0.0941297
     13.1130664     -0.2129352     -0.0935943
     13.1431016     -0.2104753     -0.0918828
     13.1731368     -0.2065465     -0.0892049
     13.2031720     -0.2015096     -0.0858235
     13.2332072     -0.1957873     -0.0820391
     13.2632424     -0.1898372     -0.0781723
     13.2932776     -0.1841234     -0.0745436
     13.3233128     -0.1790872     -0.0714539
     13.3533480     -0.1751196     -0.0691646
     13.3833832     -0.1725370     -0.0678803
     13.4134184     -0.1715615     -0.0677343
     13.4434536     -0.1723073     -0.0687785
     13.4734888     -0.1747735     -0.0709775
     13.5035240     -0.1788450     -0.0742086
     13.5335593     -0.1842990     -0.0782666
     13.5635945     -0.1908198     -0.0828747
     13.5936297     -0.1980179     -0.0876992
     13.6236649     -0.2054549     -0.0923690
     13.6537001     -0.2126697     -0.0964981
     13.6837353     -0.2192080     -0.0997089
     13.7137705     -0.2246491     -0.1016569
     13.7438057     -0.2286325     -0.1020534
     13.7738409     -0.2308791     -0.1006865
     13.8038761     -0.2312082     -0.0974371
     13.8339113     -0.2295477     -0.0922909
     13.8639465     -0.2259385     -0.0853436
     13.8939817     -0.2205307     -0.0768004
     13.9240169     -0.2135740     -0.0669684
     13.9540521     -0.2054019     -0.0562425
     13.9840873     -0.1964108     -0.0450862
     14.0141225     -0.1870355     -0.0340064
     14.0441577     -0.1777221     -0.0235252
     14.0741929     -0.1689015     -0.0141501
     14.1042281     -0.1609629     -0.0063428
     14.1342633     -0.1542311     -0.0004899
     14.1642985     -0.1489475      0.0031230
     14.1943337     -0.1452563      0.0043327
     14.2243689     -0.1431975      0.0031138
     14.2544041     -0.1427057     -0.0004140
     14.2844393     -0.1436157     -0.0059863
     14.3144745     -0.1456745     -0.0132024
     14.3445097     -0.1485579     -0.0215431
     14.3745449     -0.1518918     -0.0303952
     14.4045801     -0.1552764     -0.0390835
     14.4346153     -0.1583110     -0.0469070
     14.4646505     -0.1606192     -0.0531799
     14.4946857     -0.1618720     -0.0572725
     14.5247209     -0.1618073     -0.0586525
     14.5547561     -0.1602456     -0.0569226
     14.5847913     -0.1570995     -0.0518535
     14.6148265     -0.1523777     -0.0434087
     14.6448617     -0.1461829     -0.0317623
     14.6748969     -0.1387036     -0.0173051
     14.7049321     -0.1302005     -0.0006415
     14.7349673     -0.1209888      0.0174255
     14.7650025     -0.1114171      0.0359196
     14.7950377     -0.1018441      0.0537256
     14.8250729     -0.0926153      0.0696332
     14.8551081     -0.0840411      0.0823864
     14.8851433     -0.0763764      0.0907372
     14.9151785     -0.0698054      0.0935018
     14.9452137     -0.0644296      0.0896151
     14.9752489     -0.0602625      0.0781820
     15.0052841     -0.0572294      0.0585236
     15.0353193     -0.0551729      0.0302134
     15.0653545     -0.0538640     -0.0068946
     15.0953897     -0.0530176     -0.0526507
     15.1254249     -0.0523117     -0.1066067
     15.1554601     -0.0514085     -0.1680247
     15.1854953     -0.0499769     -0.2359000
     15.2155305     -0.0477142     -0.3089946
     15.2455657     -0.0443663     -0.3858808
     15.2756009     -0.0397440     -0.4649941
