 Results from RMCProfile version 6.7.9.5

 (Version 6f format configuration file)                                          

 1 experiments   3 partials

 Partial g(r)'s are printed out below

   186  3 are NR and NPAR

   r (Ang)
   0.06545     0.00000     0.00000     0.00000
   0.13090     0.00000     0.00000     0.00000
   0.19635     0.00000     0.00000     0.00000
   0.26180     0.00000     0.00000     0.00000
   0.32725     0.00000     0.00000     0.00000
   0.39271     0.00000     0.00000     0.00000
   0.45816     0.00000     0.00000     0.00000
   0.52361     0.00000     0.00000     0.00000
   0.58906     0.00000     0.00000     0.00000
   0.65451     0.00000     0.00000     0.00000
   0.71996     0.00000     0.00000     0.00000
   0.78541     0.00000     0.00000     0.00000
   0.85086     0.00000     0.00000     0.00000
   0.91631     0.00000     0.00000     0.00000
   0.98176     0.00000     0.00000     0.00000
   1.04721     0.00000     0.00000     0.00000
   1.11267     0.00000     0.00000     0.00000
   1.17812     0.00000     0.00000     0.00000
   1.24357     0.00000     0.00000     0.00000
   1.30902     0.00000     0.02605     0.00000
   1.37447     0.00000     2.83535     0.00000
   1.43992     0.00000     1.18410     0.00000
   1.50537     0.00000     1.10309     0.00000
   1.57082     0.00000     3.11164     0.00000
   1.63627     0.00000     7.60280     0.00000
   1.70172     0.00000     5.37987     0.00000
   1.76718     0.00000     1.25792     0.00000
   1.83263     0.00000     1.31589     0.00000
   1.89808     0.00000     4.67142     0.00000
   1.96353     0.00000     6.03256     0.00000
   2.02898     0.00000     0.00000     0.00000
   2.09443     0.00000     0.00000     0.00000
   2.15988     0.00000     0.00000     0.00000
   2.22533     0.00000     0.00000     0.00000
   2.29078     0.00000     0.00000     0.00000
   2.35623     0.00000     0.00000     3.33704
   2.42168     0.00000     0.00000     0.00000
   2.48714     0.00000     0.00000     0.00000
   2.55259     0.00000     0.01370     0.02055
   2.61804     0.00000     0.04559     0.65133
   2.68349     0.00000     0.42777     3.42833
   2.74894     0.00000     0.71485     3.85781
   2.81439     0.00000     0.38890     1.78669
   2.87984     0.19379     0.20994     1.16811
   2.94529     1.99680     0.38598     1.39467
   3.01074     2.69895     0.63041     1.77796
   3.07619     3.07597     0.95770     2.03335
   3.14164     1.99022     0.70562     1.52433
   3.20710     1.35423     0.55124     1.20232
   3.27255     1.21724     0.57944     0.99630
   3.33800     1.05778     0.67313     0.98967
   3.40345     1.20249     0.73999     0.99822
   3.46890     1.61759     1.00914     1.14270
   3.53435     1.28662     0.90778     0.85417
   3.59980     0.60635     0.72348     0.75793
   3.66525     0.57159     0.70120     0.60150
   3.73070     0.65436     0.73455     0.68964
   3.79615     0.81787     0.99445     0.78069
   3.86161     1.05384     1.25144     0.77242
   3.92706     0.75267     1.20138     0.71215
   3.99251     0.67218     1.22954     0.66658
   4.05796     0.53139     1.12242     0.65881
   4.12341     0.68270     1.17897     0.69058
   4.18886     0.90579     1.38922     0.77348
   4.25431     0.78933     1.64280     0.86827
   4.31976     1.25367     1.59101     0.83259
   4.38521     0.97508     1.33260     0.84042
   4.45066     0.92858     1.23284     0.80236
   4.51611     0.99817     1.25647     0.86683
   4.58157     1.20807     1.38460     0.82098
   4.64702     1.33967     1.32520     0.86210
   4.71247     1.31076     1.18611     0.99111
   4.77792     1.15775     1.12646     0.84485
   4.84337     1.14951     0.97442     0.84881
   4.90882     1.12647     0.93379     1.03013
   4.97427     1.14033     1.03929     1.02305
   5.03972     1.27262     0.99313     1.10211
   5.10517     1.32242     0.97982     1.12885
   5.17062     1.13552     0.96686     1.16725
   5.23607     1.24410     0.93633     1.26038
   5.30153     1.00389     0.84982     1.15162
   5.36698     1.10355     0.88656     1.30195
   5.43243     1.22840     1.03023     1.30707
   5.49788     1.16979     0.94824     1.25693
   5.56333     1.15974     0.90875     1.29100
   5.62878     1.09347     0.82433     1.26961
   5.69423     0.95282     0.85368     1.19791
   5.75968     1.15199     0.88418     1.19910
   5.82513     1.07889     0.81574     1.17757
   5.89058     1.26091     0.90451     1.11552
   5.95604     1.22328     0.90487     1.11127
   6.02149     1.08355     0.87423     1.04907
   6.08694     0.99290     0.87842     0.95193
   6.15239     0.96245     0.95419     1.00845
   6.21784     0.96539     0.96770     1.01389
   6.28329     1.00418     0.99627     0.97817
   6.34874     0.96143     1.09657     0.91491
   6.41419     0.86378     1.06779     0.86270
   6.47964     0.66778     1.10481     0.88364
   6.54509     0.85459     1.03697     0.88585
   6.61054     0.78054     1.07068     0.86840
   6.67600     0.82140     1.21808     0.87049
   6.74145     0.70730     1.12971     0.89787
   6.80690     0.74772     1.12736     0.86142
   6.87235     0.68061     1.15420     0.86683
   6.93780     0.80881     1.09078     0.86168
   7.00325     0.76100     1.09052     0.83928
   7.06870     0.87563     1.09365     0.91852
   7.13415     0.82104     1.11665     0.95438
   7.19960     0.85442     1.10333     0.94313
   7.26505     0.87969     1.02772     0.91860
   7.33050     0.77100     0.98618     0.97289
   7.39596     1.05451     1.00880     0.94269
   7.46141     1.08420     0.96792     0.98236
   7.52686     1.03391     1.00948     1.07410
   7.59231     1.10290     0.95575     1.04946
   7.65776     1.02018     0.88010     1.01561
   7.72321     1.15565     0.95581     1.04413
   7.78866     1.12159     0.85886     1.09289
   7.85411     1.14351     0.91263     1.06534
   7.91956     1.12184     0.93320     1.07984
   7.98501     1.16234     0.89276     1.14273
   8.05046     1.12147     0.89484     1.14352
   8.11592     1.11972     0.84657     1.04178
   8.18137     1.10455     0.88244     1.06586
   8.24682     1.24463     0.89868     1.05951
   8.31227     1.21736     0.93434     1.05646
   8.37772     1.21113     0.93443     1.06483
   8.44317     1.12479     0.92250     0.99578
   8.50862     1.19389     0.89541     1.02615
   8.57407     1.05670     0.92977     1.00265
   8.63952     1.16516     1.00546     0.96718
   8.70497     1.14770     1.01337     1.00748
   8.77043     1.05635     0.99366     0.96928
   8.83588     0.99729     1.02188     0.98471
   8.90133     0.95564     1.03227     0.97367
   8.96678     0.95951     1.07222     0.91619
   9.03223     0.94784     1.05784     0.92102
   9.09768     1.02919     1.12088     0.91375
   9.16313     0.87203     1.11663     0.92840
   9.22858     0.79261     1.12286     0.94568
   9.29403     0.87658     1.10245     0.90966
   9.35948     0.77059     1.10085     0.90412
   9.42493     0.86648     1.10823     0.97454
   9.49039     0.93189     1.09696     0.96213
   9.55584     0.86050     1.05020     0.94802
   9.62129     0.80446     1.10011     0.99352
   9.68674     0.90782     1.04485     0.97443
   9.75219     0.84122     1.04495     0.97642
   9.81764     0.87451     1.01949     1.05191
   9.88309     0.83920     1.01609     1.05951
   9.94854     0.89134     1.01629     1.03389
  10.01399     0.93850     0.98613     1.02798
  10.07944     0.99139     1.01687     1.05423
  10.14489     1.02895     0.95044     1.01117
  10.21035     0.93016     0.92587     1.08732
  10.27580     0.98261     0.96020     1.08197
  10.34125     1.05705     0.93431     1.04661
  10.40670     1.09326     0.97041     1.09285
  10.47215     1.10081     0.87934     1.06743
  10.53760     1.06305     0.92434     1.04335
  10.60305     1.08809     0.89668     1.07459
  10.66850     1.11087     0.90690     1.01908
  10.73395     1.13921     0.97221     1.07566
  10.79940     1.13616     0.94017     0.98802
  10.86486     1.03023     0.95232     1.01095
  10.93031     1.11509     0.94880     1.00560
  10.99576     1.12401     0.96006     0.95489
  11.06121     1.08156     0.97683     0.97866
  11.12666     1.02848     0.99314     1.01730
  11.19211     1.09490     1.01292     0.94734
  11.25756     1.00752     1.00964     0.95574
  11.32301     1.05162     0.98999     0.95134
  11.38846     1.01616     1.03819     0.94353
  11.45391     1.02092     1.02670     0.93244
  11.51936     0.99185     1.04636     0.93096
  11.58482     1.01128     1.04355     0.94242
  11.65027     1.00127     1.06080     0.94173
  11.71572     0.92636     1.04053     0.94360
  11.78117     0.93668     1.03189     0.95051
  11.84662     0.92636     1.03420     0.96135
  11.91207     0.94390     1.05905     0.97851
  11.97752     0.93610     1.06276     0.97126
  12.04297     0.88409     1.03000     0.99213
  12.10842     0.94642     0.99971     0.96773
  12.17387     0.91096     1.03116     1.01128

PDF 1 in D(r) format
  r, PDF (RMC), PDF (Expt)
 CURVES
         186 ,           2
      0.0654509       -0.0518487       -0.0518487
      0.1309019       -0.1036974       -0.1036974
      0.1963528       -0.1555461       -0.1555461
      0.2618037       -0.2073949       -0.2073949
      0.3272547       -0.2592436       -0.2592436
      0.3927056       -0.3110923       -0.3110923
      0.4581565       -0.3629410       -0.3629410
      0.5236075       -0.4147897       -0.4147897
      0.5890584       -0.4666384       -0.4666384
      0.6545093       -0.5184872       -0.5184872
      0.7199603       -0.5703359       -0.5703359
      0.7854112       -0.6221846       -0.6221846
      0.8508621       -0.6740333       -0.6740333
      0.9163131       -0.7258820       -0.7258820
      0.9817640       -0.7777307       -0.7777307
      1.0472149       -0.8295794       -0.8295794
      1.1126659       -0.8814282       -0.8814282
      1.1781168       -1.0185289       -0.9332769
      1.2435677       -0.9954317       -0.8534496
      1.3090187       -0.8018619       -0.6131118
      1.3744696       -0.4502700       -0.2675095
      1.4399206        0.0023482        0.1694371
      1.5053715        0.4839006        0.6565243
      1.5708224        0.9278081        1.1273298
      1.6362734        1.2755936        1.5020358
      1.7017243        1.4714939        1.7065797
      1.7671752        1.4658236        1.6929626
      1.8326262        1.2331100        1.4532894
      1.8980771        0.7936939        1.0222271
      1.9635280        0.2197178        0.4671657
      2.0289790       -0.3844516       -0.1297703
      2.0944299       -0.9187360       -0.6909222
      2.1598808       -1.3194803       -1.1570597
      2.2253318       -1.5692692       -1.4928737
      2.2907827       -1.6827245       -1.6848480
      2.3562336       -1.6825081       -1.7351978
      2.4216846       -1.5834741       -1.6560100
      2.4871355       -1.3931673       -1.4660184
      2.5525864       -1.1229420       -1.1899441
      2.6180374       -0.7971441       -0.8585565
      2.6834883       -0.4520754       -0.5073901
      2.7489392       -0.1263930       -0.1732126
      2.8143902        0.1489024        0.1110648
      2.8798411        0.3543446        0.3213035
      2.9452920        0.4799260        0.4451695
      3.0107430        0.5221756        0.4824624
      3.0761939        0.4844524        0.4430559
      3.1416448        0.3794591        0.3435209
      3.2070958        0.2294591        0.2036099
      3.2725467        0.0612747        0.0433831
      3.3379976       -0.1018357       -0.1187926
      3.4034486       -0.2459034       -0.2675069
      3.4688995       -0.3656764       -0.3910444
      3.5343504       -0.4590819       -0.4817000
      3.5998014       -0.5220827       -0.5356468
      3.6652523       -0.5484259       -0.5523286
      3.7307032       -0.5339378       -0.5334799
      3.7961542       -0.4807409       -0.4820485
      3.8616051       -0.3969725       -0.4013945
      3.9270560       -0.2919894       -0.2950839
      3.9925070       -0.1714659       -0.1673695
      4.0579579       -0.0370951       -0.0241362
      4.1234088        0.1085566        0.1261923
      4.1888598        0.2563378        0.2723982
      4.2543107        0.3893866        0.4013251
      4.3197617        0.4884155        0.4999057
      4.3852126        0.5399902        0.5579204
      4.4506635        0.5420314        0.5706504
      4.5161145        0.5031587        0.5404934
      4.5815654        0.4373462        0.4768946
      4.6470163        0.3584489        0.3945010
      4.7124673        0.2781155        0.3100504
      4.7779182        0.2068169        0.2389058
      4.8433691        0.1548645        0.1921862
      4.9088201        0.1308478        0.1751535
      4.9742710        0.1380604        0.1870475
      5.0397219        0.1720227        0.2221259
      5.1051729        0.2217104        0.2714185
      5.1706238        0.2740596        0.3246760
      5.2360747        0.3186218        0.3721221
      5.3015257        0.3493438        0.4057974
      5.3669766        0.3631659        0.4204222
      5.4324275        0.3578501        0.4137823
      5.4978785        0.3316917        0.3866722
      5.5633294        0.2854409        0.3424457
      5.6287803        0.2242092        0.2862556
      5.6942313        0.1568448        0.2241078
      5.7596822        0.0925211        0.1618886
      5.8251331        0.0369400        0.1045309
      5.8905841       -0.0089316        0.0554532
      5.9560350       -0.0468252        0.0163396
      6.0214859       -0.0779122       -0.0127492
      6.0869369       -0.1013224       -0.0330101
      6.1523878       -0.1155946       -0.0463926
      6.2178387       -0.1213701       -0.0550755
      6.2832897       -0.1224310       -0.0610231
      6.3487406       -0.1237596       -0.0656874
      6.4141915       -0.1281541       -0.0698832
      6.4796425       -0.1344157       -0.0738326
      6.5450934       -0.1388078       -0.0773422
      6.6105443       -0.1385659       -0.0800461
      6.6759953       -0.1343834       -0.0816346
      6.7414462       -0.1297200       -0.0819946
      6.8068971       -0.1276373       -0.0812235
      6.8723481       -0.1280643       -0.0795316
      6.9377990       -0.1279424       -0.0770901
      7.0032500       -0.1240390       -0.0739047
      7.0687009       -0.1158041       -0.0697680
      7.1341518       -0.1056544       -0.0643088
      7.1996028       -0.0964800       -0.0571109
      7.2650537       -0.0887302       -0.0478599
      7.3305046       -0.0798183       -0.0364748
      7.3959556       -0.0664546       -0.0231996
      7.4614065       -0.0478343       -0.0086339
      7.5268574       -0.0268235        0.0063070
      7.5923084       -0.0080794        0.0205123
      7.6577593        0.0052364        0.0328600
      7.7232102        0.0133142        0.0424277
      7.7886612        0.0186584        0.0486684
      7.8541121        0.0233169        0.0514967
      7.9195630        0.0270073        0.0512661
      7.9850140        0.0277936        0.0486557
      8.0504649        0.0245258        0.0445208
      8.1159158        0.0186251        0.0397538
      8.1813668        0.0134520        0.0351810
      8.2468177        0.0117865        0.0314893
      8.3122686        0.0137155        0.0291696
      8.3777196        0.0168529        0.0284731
      8.4431705        0.0186787        0.0293933
      8.5086214        0.0188593        0.0316932
      8.5740724        0.0194645        0.0349786
      8.6395233        0.0229380        0.0387958
      8.7049742        0.0297025        0.0427171
      8.7704252        0.0375578        0.0463866
      8.8358761        0.0433598        0.0495222
      8.9013270        0.0454279        0.0518944
      8.9667780        0.0445661        0.0533069
      9.0322289        0.0429402        0.0535976
      9.0976798        0.0419952        0.0526551
      9.1631308        0.0413392        0.0504400
      9.2285817        0.0394649        0.0469993
      9.2940326        0.0354098        0.0424687
      9.3594836        0.0296814        0.0370656
      9.4249345        0.0236399        0.0310740
      9.4903854        0.0181229        0.0248209
      9.5558364        0.0128092        0.0186461
      9.6212873        0.0069878        0.0128694
      9.6867382        0.0008834        0.0077661
      9.7521892       -0.0039608        0.0035531
      9.8176401       -0.0058308        0.0003809
      9.8830911       -0.0045225       -0.0016802
      9.9485420       -0.0018783       -0.0026672
     10.0139929       -0.0004862       -0.0027579
     10.0794439       -0.0016124       -0.0022864
     10.1448948       -0.0042764       -0.0017177
     10.2103457       -0.0063952       -0.0015722
     10.2757967       -0.0069756       -0.0023167
     10.3412476       -0.0072652       -0.0042560
     10.4066985       -0.0096720       -0.0074601
     10.4721495       -0.0153717       -0.0117477
     10.5376004       -0.0228628       -0.0167238
     10.6030513       -0.0289592       -0.0218611
     10.6685023       -0.0314560       -0.0266021
     10.7339532       -0.0310463       -0.0304673
     10.7994041       -0.0306384       -0.0331461
     10.8648551       -0.0325922       -0.0345501
     10.9303060       -0.0364013       -0.0348108
     10.9957569       -0.0390486       -0.0342206
     11.0612079       -0.0378284       -0.0331368
     11.1266588       -0.0330563       -0.0318840
     11.1921097       -0.0280519       -0.0306890
     11.2575607       -0.0262426       -0.0296615
     11.3230116       -0.0279845       -0.0288136
     11.3884625       -0.0301325       -0.0280945
     11.4539135       -0.0289523       -0.0274248
     11.5193644       -0.0238039       -0.0267245
     11.5848153       -0.0181068       -0.0259412
     11.6502663       -0.0164481       -0.0250773
     11.7157172       -0.0203035       -0.0242068
     11.7811681       -0.0263625       -0.0234649
     11.8466191       -0.0292834       -0.0230042
     11.9120700       -0.0266185       -0.0229319
     11.9775209       -0.0213691       -0.0232586
     12.0429719       -0.0194559       -0.0238866
     12.1084228       -0.0239649       -0.0246458
     12.1738737       -0.0313085       -0.0253574
